ARM GAS  /tmp/cct82FtJ.s 			page 1


   1              		.cpu cortex-m3
   2              		.eabi_attribute 20, 1
   3              		.eabi_attribute 21, 1
   4              		.eabi_attribute 23, 3
   5              		.eabi_attribute 24, 1
   6              		.eabi_attribute 25, 1
   7              		.eabi_attribute 26, 1
   8              		.eabi_attribute 30, 2
   9              		.eabi_attribute 34, 1
  10              		.eabi_attribute 18, 4
  11              		.file	"board.c"
  12              		.section	.gnu.lto_.profile.e6a1817aeaa33715,"",%progbits
  13 0000 789C6363 		.ascii	"x\234cc```\001bF\006>f\000\000\227\000\035"
  13      60606001 
  13      6246063E 
  13      66000097 
  13      001D
  14              		.text
  15              		.section	.gnu.lto_.icf.e6a1817aeaa33715,"",%progbits
  16 0000 789C6363 		.ascii	"x\234cc``\020a@\000f\206\245\2177nfb\3747\363\365}F"
  16      60601061 
  16      40006686 
  16      A58F376E 
  16      6662FC37 
  17 0018 A609F77E 		.ascii	"\246\011\367~\036\344d\000\000e\240\011\242"
  17      1EE46400 
  17      0065A009 
  17      A2
  18              		.text
  19              		.section	.gnu.lto_.jmpfuncs.e6a1817aeaa33715,"",%progbits
  20 0000 789C6363 		.ascii	"x\234cc``\340d@\000&\020\301\010\304\000\001\202\000"
  20      6060E064 
  20      40002610 
  20      C108C400 
  20      018200
  21 0013 13       		.ascii	"\023"
  22              		.text
  23              		.section	.gnu.lto_.inline.e6a1817aeaa33715,"",%progbits
  24 0000 789C6363 		.ascii	"x\234cc``\320f@\000&\006\006\026\036F\020\305\300\266"
  24      6060D066 
  24      40002606 
  24      06161E46 
  24      10C5C0B6 
  25 0014 401E4431 		.ascii	"@\036D10r\201\010\006f&Ta\006\000-\266\001\351"
  25      30728108 
  25      06662654 
  25      6106002D 
  25      B601E9
  26              		.text
  27              		.section	.gnu.lto_.pureconst.e6a1817aeaa33715,"",%progbits
  28 0000 789C6363 		.ascii	"x\234cc```\005b&\006\011F\006\000\000\334\000'"
  28      60606005 
  28      62260609 
  28      46060000 
  28      DC0027
  29              		.text
  30              		.section	.gnu.lto___early_init.e6a1817aeaa33715,"",%progbits
ARM GAS  /tmp/cct82FtJ.s 			page 2


  31 0000 789C6363 		.ascii	"x\234cc``X\001\304\341@,\015\304\214\314\014\214L\023"
  31      60605801 
  31      C4E1402C 
  31      0DC48CCC 
  31      0C8C4C13 
  32 0014 CE313034 		.ascii	"\316104r012\202\030\015\034\214\014\365L\214\365\214"
  32      72303132 
  32      82180D1C 
  32      8C0CF54C 
  32      8CF58C
  33 0027 3DCC5398 		.ascii	"=\314S\230\031\017\265?\333\311\244\271\274\001\010"
  33      190FB53F 
  33      DBC9A4B9 
  33      BC0108
  34 0036 0E4CDF20 		.ascii	"\016L\337 \331\260\342\000\343\034f\006\206i@\014\002"
  34      D9B0E200 
  34      E31C6606 
  34      8669400C 
  34      02
  35 0047 8C9B1935 		.ascii	"\214\233\0315\031\200\312\036m\3747\225\227\215\005"
  35      1980CA1E 
  35      6DFC3795 
  35      978D05
  36 0056 22CEB885 		.ascii	"\"\316\270\205\221\215\201\021\310X\177\211\365@\303"
  36      918D8111 
  36      C8587F89 
  36      F540C3
  37 0065 BFFFED0D 		.ascii	"\277\377\355\015\007\316,f\334\316\012\224\353\000b"
  37      07CE2C66 
  37      DCCE0A94 
  37      EB0062
  38 0074 A0250D07 		.ascii	"\240%\015\007\030:\231\231@\254\346\003\014o\030\233"
  38      183A9999 
  38      40ACE603 
  38      0C6F189B 
  39 0084 17BC9602 		.ascii	"\027\274\226\002k\002\232\264s\347\233\333\354\365\177"
  39      6B029AB4 
  39      73E79BDB 
  39      ECF57F
  40 0093 1B38E630 		.ascii	"\0338\34603Nc\006\232\302\270\225\261\236a\016P\365"
  40      334E6306 
  40      9AC2B895 
  40      B19E610E 
  40      50F5
  41 00a5 3BC6A605 		.ascii	";\306\246\005\357\271\300\352@\240\003(\0114\200\211"
  41      EFB9C0EA 
  41      40A00328 
  41      09348089 
  42 00b5 8121543F 		.ascii	"\201!T?#?7U\277\2628C\337%\2658\273$\277@?9#3)3\277"
  42      233F3755 
  42      BFB23843 
  42      DF25B538 
  42      BB24BF40 
  43 00d0 58DF1944 		.ascii	"X\337\031D\373\007\307\033\031\352\031\002\221>P(#1"
  43      FB07C71B 
  43      19EA1902 
  43      913E5028 
ARM GAS  /tmp/cct82FtJ.s 			page 3


  43      2331
  44 00e2 473F293F 		.ascii	"G?)?\261(\245X\337\3271\300\307\325\327\323\3173>8\304"
  44      B128A558 
  44      DFD731C0 
  44      C7D5D7D3 
  44      CF333E38 
  45 00f7 D7D828DE 		.ascii	"\327\330(\336\315\320\300\030\"\247\227\314\000\000"
  45      CDD0C018 
  45      22A797CC 
  45      0000
  46 0105 F1875575 		.ascii	"\361\207Uu"
  47              		.text
  48              		.section	.gnu.lto_boardInit.e6a1817aeaa33715,"",%progbits
  49 0000 789C6363 		.ascii	"x\234cc``\250\003\342p \226\006bFf\006F\246\011\347"
  49      6060A803 
  49      E2702096 
  49      06624666 
  49      0646A609 
  50 0015 18181A39 		.ascii	"\030\030\0329\230\030\031A\214\006\016F\206z&\306z\306"
  50      98181941 
  50      8C060E46 
  50      867A26C6 
  50      7AC6
  51 0027 1EE629CC 		.ascii	"\036\346)\314\214\207\332\237\355d\322\\\336\000\004"
  51      8C87DA9F 
  51      ED64D25C 
  51      DE0004
  52 0036 07A65F90 		.ascii	"\007\246_\220lXq\200q\0163\003\3034 \006\001\306\315"
  52      6C587180 
  52      710E3303 
  52      C3342006 
  52      01C6CD
  53 0049 8C9A0C40 		.ascii	"\214\232\014@e\2176\376\233\312\313\306\002\021g\334"
  53      658F36FE 
  53      9BCACBC6 
  53      021167DC 
  54 0059 C2C8C6C0 		.ascii	"\302\310\306\300\010d\254\277\304z\240\341\337\377\366"
  54      0864ACBF 
  54      C47AA0E1 
  54      DFFFF6
  55 0068 86035F16 		.ascii	"\206\003_\0261^feb`\350\000\312\003-i8\300\320\311\314"
  55      315E6665 
  55      6260E800 
  55      CA032D69 
  55      38C0D0C9 
  56 007d 0462351F 		.ascii	"\004b5\037`x\307\330\244\000\326\002\002\035\314\214"
  56      6078C7D8 
  56      A400D602 
  56      021DCC8C 
  57 008d 2061A0D2 		.ascii	" a\240\322P\375\214\374\334T\375\312\342\014}\227\324"
  57      50FD8CFC 
  57      DC54FDCA 
  57      E20C7D97 
  57      D4
  58 009e E2EC92FC 		.ascii	"\342\354\222\374\002\375\344\214\314\244\314\374b}g"
  58      02FDE48C 
  58      CCA4CCFC 
ARM GAS  /tmp/cct82FtJ.s 			page 4


  58      627D67
  59 00ad 10ED1F1C 		.ascii	"\020\355\037\034od\250g\010D\372@\241\214\304\034\375"
  59      6F64A867 
  59      0844FA40 
  59      A18CC41C 
  59      FD
  60 00be A4FCC4A2 		.ascii	"\244\374\304\242\224b}_\307\000\037W_O?\317\370\340"
  60      94627D5F 
  60      C7001F57 
  60      5F4F3FCF 
  60      F8E0
  61 00d0 105F63A3 		.ascii	"\020_c\243x7C\003c\210\234^2\003\0008\313Gv"
  61      78374303 
  61      63889C5E 
  61      32030038 
  61      CB4776
  62              		.text
  63              		.section	.gnu.lto_pal_default_config.e6a1817aeaa33715,"",%progbits
  64 0000 789C6363 		.ascii	"x\234cc``(fd`\000\"0\230\302\314xp\323\204U\314\335"
  64      60602866 
  64      64600022 
  64      3098C2CC 
  64      7870D384 
  65 0017 CC739819 		.ascii	"\314s\230\031\030;&.:\302\001\024\272{b\345j\250\320"
  65      183B262E 
  65      3AC20114 
  65      BA7B62E5 
  65      6AA8D0
  66 002a 7F20E007 		.ascii	"\177 \340\007\012}\271\177\355\006\267\305\266\206\216"
  66      0A7DB97F 
  66      ED06B7C5 
  66      B6868E
  67 0039 050D0673 		.ascii	"\005\015\006s\230\031\247\002\245\2660\312Lefd\334\014"
  67      9819A702 
  67      A5B630CA 
  67      4C656664 
  67      DC0C
  68 004b A2984014 		.ascii	"\242\230@\024\310\264?S^o\342\200h=2\001b\332\306\315"
  68      C8B43F53 
  68      5E6FE280 
  68      683D3201 
  68      62DAC6CD 
  69 005f B3FF3362 		.ascii	"\263\3773b\325\272\015E+\261V\354\377p\345\033\023\304"
  69      D5BA0D45 
  69      2BB156EC 
  69      FF70E51B 
  69      13C4
  70 0071 8A1D502B 		.ascii	"\212\035P+f\317Z\326\310\211U\353N\210\326\235\020\255"
  70      66CF5AD6 
  70      C88955EB 
  70      4E88D69D 
  70      10AD
  71 0083 3F9E35BB 		.ascii	"?\2365\273AuvBt\036\372\361\352\003/\324\367\323\027"
  71      41757642 
  71      741EFAF1 
  71      EA032FD4 
  71      F7D317
ARM GAS  /tmp/cct82FtJ.s 			page 5


  72 0096 82858E7E 		.ascii	"\202\205\216~\272\375\024\273{\367@\014\333\0151l\325"
  72      BAFD14BB 
  72      7BF7400C 
  72      DB0D316C 
  72      D5
  73 00a7 C6D9ED50 		.ascii	"\306\331\355PK\003\34603Meff\334\313h1\225\231\205q"
  73      4B03E630 
  73      334D6566 
  73      66DCCB68 
  73      31959985 
  74 00bc 17886265 		.ascii	"\027\210be\334\001\242\330\030\267\203(v\306\255\214"
  74      DC01A2D8 
  74      18B78328 
  74      76C6AD8C 
  75 00cc 160C8CFB 		.ascii	"\026\014\214\373\200\004\000\345Oz\271"
  75      800400E5 
  75      4F7AB9
  76              		.text
  77              		.section	.gnu.lto_.symbol_nodes.e6a1817aeaa33715,"",%progbits
  78 0000 789C6363 		.ascii	"x\234cc``\360\000b\006\246mL\365\014\014\023\31610\000"
  78      6060F000 
  78      6206A66D 
  78      4CF50C0C 
  78      13CE3130 
  79 0015 A95D0D8E 		.ascii	"\251]\015\216@\221\355L\365\214(\"\254[\231\030\032"
  79      4091ED4C 
  79      F58C2822 
  79      AC5B9918 
  79      1A
  80 0026 95808A19 		.ascii	"\225\200\212\031w0\3253\201\245\030\030\032\032\034"
  80      7730D533 
  80      81A51818 
  80      1A1A1C
  81 0035 18189881 		.ascii	"\030\030\230\201p\311\203\177\214\014\000\204\306\021"
  81      70C9837F 
  81      8C0C0084 
  81      C611
  82 0043 35       		.ascii	"5"
  83              		.text
  84              		.section	.gnu.lto_.refs.e6a1817aeaa33715,"",%progbits
  85 0000 789C6363 		.ascii	"x\234cc```\004b\006\000\000D\000\010"
  85      60606004 
  85      62060000 
  85      440008
  86              		.text
  87              		.section	.gnu.lto_.decls.e6a1817aeaa33715,"",%progbits
  88 0000 789CB555 		.ascii	"x\234\265UmLSW\030\276\357=PK\333Y\002\313\342\017\227"
  88      6D4C5357 
  88      18BEEF3D 
  88      504BDB59 
  88      02CBE20F 
  89 0015 115243FF 		.ascii	"\021RC\377\214k\365\357\262\304\201:\026T\026u?\366"
  89      8C6BF5EF 
  89      B2C4813A 
  89      16541675 
  89      3FF6
  90 0027 63A5962A 		.ascii	"c\245\226*\215\265mh\231\022\223\355*\030\0153C\205"
ARM GAS  /tmp/cct82FtJ.s 			page 6


  90      8DB56D68 
  90      991293ED 
  90      2A180D33 
  90      4385
  91 0039 98E9641A 		.ascii	"\230\351d\032\361c(\231,\310T\312G\221\361\241\003?"
  91      F1632899 
  91      2CC854CA 
  91      4791F1A1 
  91      033F
  92 004b 5051948F 		.ascii	"PQ\224\217\372AE'\340\230\323\370\021\331{\317\271\355"
  92      FA414527 
  92      E098D3F8 
  92      11D97BCF 
  92      B9ED
  93 005d AD151697 		.ascii	"\255\025\026\227e'\274\367\334\367\234\347}\236\367"
  93      6527BCF7 
  93      DCF79CE7 
  93      7D9EF7
  94 006c BCEFE945 		.ascii	"\274\357\351E\305q\\\212\232\343>\3419\256\017\337'"
  94      C5715C8A 
  94      9AE33EE1 
  94      39AE0FDF 
  94      27
  95 007d 70C4E0DC 		.ascii	"p\304\340\334\314)\203\240\371\320\032\320\232\320\000"
  95      CC2983A0 
  95      F9D01AD0 
  95      9AD000
  96 008c 6D947B75 		.ascii	"m\224{u\254\005\206\313F\033C\253\223\327y9\266\211"
  96      AC0586CB 
  96      461B43AB 
  96      93D77939 
  96      B689
  97 009e 7B7DAC07 		.ascii	"{}\254\007\306\225-\373 kD\217~\231;\205c9\216\240a"
  97      C6952DFB 
  97      206B448F 
  97      7E993B85 
  97      63398EA0 
  98 00b3 CA5C0FDA 		.ascii	"\312\\\017\332U\264khw\321\356\241\335F\273\20364\011"
  98      55B46B68 
  98      77D1EEA1 
  98      DD46BB83 
  98      363409
  99 00c6 8F34CA08 		.ascii	"\2174\312\010\324574i\007\241\03707\210g\312\300\236"
  99      D4353734 
  99      6907A11F 
  99      30378867 
  99      CAC09E
 100 00d9 384B46FD 		.ascii	"8KF\375\211\320\000\266\216\253<\233d\250\344\204B "
 100      89D000B6 
 100      8EAB3C9B 
 100      64A8E484 
 100      4220
 101 00eb BCC2CB1C 		.ascii	"\274\302\313\034|\210\227\376\311\004\020\311\312\366"
 101      7C8897FE 
 101      C90410C9 
 101      CAF6
 102 00f9 995C68B0 		.ascii	"\231\\h\260*\260\227\2108\266\304+b\021!\257\345\312"
ARM GAS  /tmp/cct82FtJ.s 			page 7


 102      2AB09788 
 102      38B6C42B 
 102      621121AF 
 102      E5CA
 103 010b 85B7C349 		.ascii	"\205\267\303I)\207\004\271\010\207\367\354\212\015\300"
 103      298704B9 
 103      0887F7EC 
 103      8A0DC0
 104 011a 006E7ECE 		.ascii	"\000n~\316q\333\324N\220\026\377\030)9\247'<}\377\261"
 104      71DBD44E 
 104      9016FF18 
 104      2939A727 
 104      3C7DFFB1 
 105 012e B0A22A96 		.ascii	"\260\242*\226\350\351{\217x\243Q\235Z%\262\241\356$"
 105      E8E97B8F 
 105      78A3519D 
 105      5A25B2A1 
 105      EE24
 106 0140 1CFC0224 		.ascii	"\034\374\002$T\317\326\211'~\3757\004\0224\300\243\333"
 106      54CFD689 
 106      277EFD37 
 106      041234C0 
 106      A3DB
 107 0152 FDB0B35C 		.ascii	"\375\260\263\\\213\356\333\032\210G\267j\353DY\354\214"
 107      8BEEDB1A 
 107      8847B76A 
 107      EB4459EC 
 107      8C
 108 0163 9D52E0B6 		.ascii	"\235R\340\266B1\236\207\354w\340\024\314\204\2230\023"
 108      42319E87 
 108      EC77E014 
 108      CC849330 
 108      13
 109 0174 B3A98319 		.ascii	"\263\251\203\031\370t\3060\246\322\201\277.\351\222"
 109      F874C630 
 109      A6D281BF 
 109      2EE992
 110 0183 F789FB02 		.ascii	"\367\211\373\002\242\177\254<i\350\270(n\302\270\030"
 110      A27FAC3C 
 110      69E8B828 
 110      6EC2B818 
 111 0193 0906B540 		.ascii	"\011\006\265@\340\004\244Jg\250\225\304\3418\004\000"
 111      E004A44A 
 111      67A895C4 
 111      E1380400 
 112 01a3 6A6010CF 		.ascii	"j`\020\317\340\203d\014\357\014\366\257'-@Sn\270\271"
 112      E083640C 
 112      EF0CF6AF 
 112      272D4053 
 112      6EB8B9
 113 01b6 F38A16A9 		.ascii	"\363\212\026\251\252\221\352\364!\"\226!O<\345\251W"
 113      AA91EAF4 
 113      21229621 
 113      4F3CE5A9 
 113      57
 114 01c7 78EAA379 		.ascii	"x\352\243y\032(\2178\354\353\323\223.FTr\244\2701\016"
 114      1A288F38 
ARM GAS  /tmp/cct82FtJ.s 			page 8


 114      ECEBD393 
 114      2E465472 
 114      A4B8310E 
 115 01db 8902A2E8 		.ascii	"\211\002\242\350\177\342K\252\257\036\026\267hh\342"
 115      7FE24BAA 
 115      AF1E16B7 
 115      6868E2
 116 01ea D0A83035 		.ascii	"\320\25005\312\345\200&\312\320\321\362\323c-\251f\225"
 116      CAE58026 
 116      CAD0D1F2 
 116      D3632DA9 
 116      6695
 117 01fc 2C291CF8 		.ascii	",)\034\370\212\225\347\003\364\266~wx\233\212\225'@"
 117      8A95E703 
 117      F4B67E77 
 117      789B8A95 
 117      2740
 118 020e D0F79DA8 		.ascii	"\320\367\235\250o\213e\333\263\321}>\\\326\013\314\325"
 118      6F8B65DB 
 118      B3D17D3E 
 118      5CD60BCC 
 118      D5
 119 021f A1BBD1D7 		.ascii	"\241\273\321\327\273]/\243i\207\272v\337\236\316\374"
 119      BB5D2FA3 
 119      6987BA76 
 119      DF9ECEFC 
 120 022f A4083781 		.ascii	"\244\0107\201\271\337\226\324\374\254!-Lv\267\357\321"
 120      B9DF96D4 
 120      FCAC212D 
 120      4C76B7EF 
 120      D1
 121 0240 5999588D 		.ascii	"Y\231X\215\356\305\242\352=\204\2711\350V\264\326=\323"
 121      EEC5A2EA 
 121      3D84B931 
 121      E856B4D6 
 121      3DD3
 122 0252 92B30CDA 		.ascii	"\222\263\014\332\337QyT\332K\321\200t\211\364\270t\354"
 122      DF517954 
 122      DA4BD180 
 122      7489F4B8 
 122      74EC
 123 0264 C1A9A76F 		.ascii	"\301\251\247o\261%\011\321]2~`\0329G\341\374`\357\363"
 123      B12509D1 
 123      5D327E60 
 123      1A3947E1 
 123      FC60EFF3 
 124 0278 BEE9A031 		.ascii	"\276\351\2401n\021\305\215\342\276B1\356c\016\332\260"
 124      6E11C58D 
 124      E2BE4231 
 124      EE630EDA 
 124      B0
 125 0289 A567B1A5 		.ascii	"\245g\261\245p\001\214R\220T\027\350\302\305N\\<$u\337"
 125      70018C52 
 125      905417E8 
 125      C2C54E5C 
 125      3C2475DF 
 126 029d 7FFEC687 		.ascii	"\177\376\306\207\273\306E1\011\316\203\006\316)\265"
ARM GAS  /tmp/cct82FtJ.s 			page 9


 126      BBC64531 
 126      09CE8306 
 126      CE29B5
 127 02ac 4BD1B0EE 		.ascii	"K\321\260\356W\036\330\276_E6\023\252\341\373~\250\225"
 127      571ED8BE 
 127      5F453613 
 127      AAE1FB7E 
 127      A895
 128 02be 9F4AE3D2 		.ascii	"\237J\343\322\224\032\355\367\223\333\360\312\360\320"
 128      941AEDF7 
 128      93DBF0CA 
 128      F0D0
 129 02cc 8D1A1715 		.ascii	"\215\032\027\025\015\224d\"\267\352\3726\360\244\206"
 129      0D946422 
 129      B7EAFA36 
 129      F0A486
 130 02db 8AC0CBE2 		.ascii	"\212\300\313\342\372\207\204\234\240Nl\307\243\307\205"
 130      FA87849C 
 130      A04E6CC7 
 130      A3C785
 131 02ea 3A30180C 		.ascii	":0\030\014\211\306\375\222\250\177p\314X\336=,\212;"
 131      89C6FD92 
 131      A87F70CC 
 131      58DE3D2C 
 131      8A3B
 132 02fc 7494ED32 		.ascii	"t\224\3552\262\365B\242\222\205 ]`\023>8\206\277\365"
 132      B2F542A2 
 132      9285205D 
 132      60133E38 
 132      86BFF5
 133 030f EE6ED15F 		.ascii	"\356n\321_D(\370\267I\301m\240\240\307#\320W\242\321"
 133      4428F8B7 
 133      49C16DA0 
 133      A0C723D0 
 133      57A2D1
 134 0322 6720CCBD 		.ascii	"g \314\275\235\376r\320 \206\203V\004\374J\367$8\236"
 134      9DFE72D0 
 134      20868356 
 134      04FC4AF7 
 134      24389E
 135 0335 0DAE6329 		.ascii	"\015\256c)z\300\000W\321\256\201\201^BV\212\266\362"
 135      7AC00057 
 135      D1AE8181 
 135      5E42568A 
 135      B6F2
 136 0347 840D1825 		.ascii	"\204\015\030%!9\271\014\362\017\266\351e\321\005\025"
 136      2139B90C 
 136      F20FB6E9 
 136      65D10515 
 137 0357 D911430B 		.ascii	"\331\021C\013\335^y\004oz\242qR\035\374H\032\337@\352"
 137      DD5E7904 
 137      6F7AA271 
 137      521DFC48 
 137      1ADF40EA 
 138 036b 65B90A3F 		.ascii	"e\271\012?\013\320\207\300\033J\315%a\2527Z4\024\320"
 138      0BD087C0 
 138      1B4ACD25 
ARM GAS  /tmp/cct82FtJ.s 			page 10


 138      61AA375A 
 138      3414D0
 139 037e B2AB3703 		.ascii	"\262\2537\003\335\332\256\223\003\261\344 \225\207\276"
 139      DDDAAE93 
 139      03B1E420 
 139      9587BE
 140 038d F19ECD5A 		.ascii	"\361\236\315ZR\305\234c/\312\016\253H\015s\212kK+\364"
 140      52C59C63 
 140      2FCA0EAB 
 140      480D738A 
 140      6B4B2BF4 
 141 03a1 A48E3AD3 		.ascii	"\244\216:\3236\375\320^>\2156\307`4\354\247\242\217"
 141      36FDD05E 
 141      3E8D36C7 
 141      6034ECA7 
 141      A28F
 142 03b3 F726948A 		.ascii	"\367&\224\212b\307l*;\210\262A\234\303\211\017@dw\020"
 142      62C76C2A 
 142      3B88B241 
 142      9CC3890F 
 142      40647710 
 143 03c7 7EDAB881 		.ascii	"~\332\270\201\326[BwD\243\333\341\225\366 \374z\004"
 143      D65B4277 
 143      44A3DBE1 
 143      95F620FC 
 143      7A04
 144 03d9 FC5634BC 		.ascii	"\374V4\274e\212\366\234F@3\335\013\3125\033\306\232"
 144      658AF69C 
 144      464033DD 
 144      0BCA351B 
 144      C69A
 145 03eb DDC57ADD 		.ascii	"\335\305z\335C\273\215v\007mH\256\035\023\352~O\021"
 145      43BB8D76 
 145      076D48AE 
 145      1D13EA7E 
 145      4F11
 146 03fd BA192DA4 		.ascii	"\272\031-\244\\1\271\247{YO\203\257\366\2241\005#\013"
 146      5C31B9A7 
 146      7B594F83 
 146      AFF69431 
 146      05230B
 147 0410 1288A63A 		.ascii	"\022\210\246:\023qD\254n\363\323\007\233\364\244\231"
 147      137144AC 
 147      6EF3D307 
 147      9BF4A499 
 148 0420 DD816323 		.ascii	"\335\201c#\017\277\006c\"\323\030\255\244\315|\200\301"
 148      0FBF0663 
 148      22D318AD 
 148      A4CD7C80 
 148      C1
 149 0431 F7956606 		.ascii	"\367\225f\006i3'=-\374\216\207|\223\003\243\354\345"
 149      6933273D 
 149      2DFC8E87 
 149      7C9303A3 
 149      ECE5
 150 0443 677F5ED1 		.ascii	"g\177^\321'\3124[\246\244\341\376\211#x\365\331A~V\205"
 150      27CA345B 
ARM GAS  /tmp/cct82FtJ.s 			page 11


 150      A6A4E1FE 
 150      892378F5 
 150      D9417E56 
 151 0458 58ED97FE 		.ascii	"X\355\227\376K\030J\017\"\027\300\010F\372Y\276\021"
 151      4B184A0F 
 151      2217C008 
 151      46FA59BE 
 151      11
 152 0469 7D9056BE 		.ascii	"}\220V\276\3409\030\205Y\030\271\367\305\363]\323u\305"
 152      E0391885 
 152      5918B9F7 
 152      C5F35DD3 
 152      75C5
 153 047b E14F0AFD 		.ascii	"\341O\012\375\212\207~t\034\214\201\216~\303\245Yg6"
 153      8A877E74 
 153      1C8C818E 
 153      7EC3A559 
 153      6736
 154 048d DB2C798E 		.ascii	"\333,y\216\002\263\335i\367.\023r]klB\201'WH\267yV{"
 154      02B3DD69 
 154      F72E1372 
 154      5D6B6C42 
 154      81275748 
 155 04a5 5D6EC19A 		.ascii	"]n\301\232k_awy\2044i^\262\324<\307\224j\302?\001\227"
 155      6B5F6177 
 155      79843469 
 155      5EB2D43C 
 155      C7946AC2 
 156 04bc 722D0E61 		.ascii	"r-\016a\205\313\222\227\343\021\026\315\313\312\234"
 156      85CB9297 
 156      E31116CD 
 156      CBCA9C
 157 04cb BF286371 		.ascii	"\277(cq\206y\351\262Es\347\230\027\230f\317e{\251V\365"
 157      8679E9B2 
 157      4573E798 
 157      179866CF 
 157      657BA956 
 158 04e0 C2C5CB93 		.ascii	"\302\305\313\223\322L&n\371\377\301\316\305\321\227"
 158      D24C266E 
 158      F9FFC1CE 
 158      C5D197
 159 04ef 0CCC3EDE 		.ascii	"\014\314>\336\343]\203\273V\207\313\272\232\036\347"
 159      E35D83BB 
 159      5687CBBA 
 159      9A1EE7
 160 04fe D37F2DE8 		.ascii	"\323\177-\350v\345y=\002Ua\317\005\246u\353\244\035"
 160      76E5793D 
 160      025561CF 
 160      05A675EB 
 160      A41D
 161 0510 B3C39193 		.ascii	"\263\303\221\223\232\313%\270\3615\307\266\322\222\357"
 161      9ACB25B8 
 161      F135C7B6 
 161      D292EF
 162 051f F09AAD2E 		.ascii	"\360\232\255.\347J\373*UVz\272\305k!\326<\207\306l\316"
 162      E74AFB2A 
 162      55567ABA 
ARM GAS  /tmp/cct82FtJ.s 			page 12


 162      C56B21D6 
 162      3C87C66C 
 163 0534 B73BBD98 		.ascii	"\267;\275\230\203\367}!\337\223'\330\235VG~\216Mp\332"
 163      83F77D21 
 163      DF9327D8 
 163      9D56477E 
 163      8E4D70DA 
 164 0548 D63AEC2B 		.ascii	"\326:\354+\2045\026\224w\332\2040\203\267\300m\363 "
 164      84351694 
 164      77DA8430 
 164      83B7C06D 
 164      F320
 165 055a AD3A1496 		.ascii	"\255:\024\226<Y\230\247\300#\230=\336\034\304 \226\270"
 165      3C5998A7 
 165      C023983D 
 165      DE1CC420 
 165      96B8
 166 056c 72F2502C 		.ascii	"r\362P,\367\263\377t\270\314\314taaV\306\222/M\364t"
 166      F7B3FF74 
 166      B8CCCC74 
 166      616156C6 
 166      922F4DF4 
 167 0581 6EE584AC 		.ascii	"n\345\204\254\210\253\334v\227\331c\363\346\273\315"
 167      88ABDC76 
 167      97D963F3 
 167      E6BBCD
 168 0590 5E55569A 		.ascii	"^UV\232tBU\326Gl\232\307\246\371\322\024\2275/3\215"
 168      744255D6 
 168      476C9AC7 
 168      A6F9D214 
 168      97352F33 
 169 05a5 D6E16FF8 		.ascii	"\326\341o\370\336\025]"
 169      DE155D
 170              		.text
 171              		.section	.gnu.lto_.symtab.e6a1817aeaa33715,"",%progbits
 172 0000 5F5F6561 		.ascii	"__early_init\000"
 172      726C795F 
 172      696E6974 
 172      00
 173 000d 00       		.ascii	"\000"
 174 000e 00       		.ascii	"\000"
 175 000f 00       		.ascii	"\000"
 176 0010 00000000 		.ascii	"\000\000\000\000\000\000\000\000"
 176      00000000 
 177 0018 BB000000 		.ascii	"\273\000\000\000"
 178 001c 626F6172 		.ascii	"boardInit\000"
 178      64496E69 
 178      7400
 179 0026 00       		.ascii	"\000"
 180 0027 00       		.ascii	"\000"
 181 0028 00       		.ascii	"\000"
 182 0029 00000000 		.ascii	"\000\000\000\000\000\000\000\000"
 182      00000000 
 183 0031 BD000000 		.ascii	"\275\000\000\000"
 184 0035 70616C5F 		.ascii	"pal_default_config\000"
 184      64656661 
 184      756C745F 
ARM GAS  /tmp/cct82FtJ.s 			page 13


 184      636F6E66 
 184      696700
 185 0048 00       		.ascii	"\000"
 186 0049 00       		.ascii	"\000"
 187 004a 00       		.ascii	"\000"
 188 004b 00000000 		.ascii	"\000\000\000\000\000\000\000\000"
 188      00000000 
 189 0053 EE000000 		.ascii	"\356\000\000\000"
 190 0057 73746D33 		.ascii	"stm32_clock_init\000"
 190      325F636C 
 190      6F636B5F 
 190      696E6974 
 190      00
 191 0068 00       		.ascii	"\000"
 192 0069 02       		.ascii	"\002"
 193 006a 00       		.ascii	"\000"
 194 006b 00000000 		.ascii	"\000\000\000\000\000\000\000\000"
 194      00000000 
 195 0073 BF000000 		.ascii	"\277\000\000\000"
 196              		.text
 197              		.section	.gnu.lto_.opts,"",%progbits
 198 0000 272D666D 		.ascii	"'-fmath-errno' '-fsigned-zeros' '-ftrapping-math' '"
 198      6174682D 
 198      6572726E 
 198      6F272027 
 198      2D667369 
 199 0033 2D666E6F 		.ascii	"-fno-trapv' '-fno-openmp' '-fno-openacc' '-mcpu=cor"
 199      2D747261 
 199      70762720 
 199      272D666E 
 199      6F2D6F70 
 200 0066 7465782D 		.ascii	"tex-m3' '-mthumb' '-O2' '-fomit-frame-pointer' '-fa"
 200      6D332720 
 200      272D6D74 
 200      68756D62 
 200      2720272D 
 201 0099 6C69676E 		.ascii	"lign-functions=16' '-ffunction-sections' '-fdata-se"
 201      2D66756E 
 201      6374696F 
 201      6E733D31 
 201      36272027 
 202 00cc 6374696F 		.ascii	"ctions' '-fno-common' '-flto'\000"
 202      6E732720 
 202      272D666E 
 202      6F2D636F 
 202      6D6D6F6E 
 203              		.text
 204              		.comm	__gnu_lto_v1,1,1
 205              		.comm	__gnu_lto_slim,1,1
 206              		.ident	"GCC: (15:7-2018-q2-6) 7.3.1 20180622 (release) [ARM/embedded-7-branch revision 261907]"
ARM GAS  /tmp/cct82FtJ.s 			page 14


DEFINED SYMBOLS
                            *ABS*:0000000000000000 board.c
                            *COM*:0000000000000001 __gnu_lto_v1
                            *COM*:0000000000000001 __gnu_lto_slim

NO UNDEFINED SYMBOLS
