ARM GAS  /tmp/ccsAInkz.s 			page 1


   1              		.cpu cortex-m3
   2              		.eabi_attribute 20, 1
   3              		.eabi_attribute 21, 1
   4              		.eabi_attribute 23, 3
   5              		.eabi_attribute 24, 1
   6              		.eabi_attribute 25, 1
   7              		.eabi_attribute 26, 1
   8              		.eabi_attribute 30, 2
   9              		.eabi_attribute 34, 1
  10              		.eabi_attribute 18, 4
  11              		.file	"bufstreams.c"
  12              		.section	.gnu.lto_.profile.ac1b3bd50d23d8a0,"",%progbits
  13 0000 789C6363 		.ascii	"x\234cc```\005bF\206\031\214\001\000\002\247\000\366"
  13      60606005 
  13      62468619 
  13      8C010002 
  13      A700F6
  14              		.text
  15              		.section	.gnu.lto_.icf.ac1b3bd50d23d8a0,"",%progbits
  16 0000 789C6363 		.ascii	"x\234cc``\320b@\000v\206\256]\375M\214\214\353~n\351"
  16      6060D062 
  16      40007686 
  16      AE5DFD4D 
  16      8C8CEB7E 
  17 0016 6565BAFD 		.ascii	"ee\272\375\345D\"\363\357\3113\346\260\263\314\334\320"
  17      E54422F3 
  17      EFC933E6 
  17      B0B3CCDC 
  17      D0
  18 0027 9AC87A62 		.ascii	"\232\310zb\342\271\253,l\373\256O?\317\301\000\000\241"
  18      E2B9AB2C 
  18      6CFBAE4F 
  18      3FCFC100 
  18      00A1
  19 0039 461383   		.ascii	"F\023\203"
  20              		.text
  21              		.section	.gnu.lto_.jmpfuncs.ac1b3bd50d23d8a0,"",%progbits
  22 0000 789C858F 		.ascii	"x\234\205\217=\016\3020\014\205\375\3426E,\\ C\257\311"
  22      3D0EC230 
  22      0C85FDE2 
  22      36452C5C 
  22      2043AFC9 
  23 0014 D24C8801 		.ascii	"\322L\210\001\261!\246\034\202\277\302\322J\210\031"
  23      B121A61C 
  23      82BFC2D2 
  23      4A8819
  24 0023 89953B70 		.ascii	"\211\225;p\000Fp\232RUi%,Y\212\237\237?;\232\210jP\027"
  24      0046709A 
  24      52556925 
  24      2C598A9F 
  24      9F3F3B9A 
  25 003b 9A184066 		.ascii	"\232\030@f\035\023\234<\035+M\204k\002\222\374H\314"
  25      1D139C3C 
  25      1D2B4D84 
  25      6B0292FC 
  25      48CC
  26 004d 48CD8181 		.ascii	"H\315\201\201\244b\227\315\241\000nI\234\214Pz\022\304"
ARM GAS  /tmp/ccsAInkz.s 			page 2


  26      A46297CD 
  26      A1006E49 
  26      9C8C507A 
  26      12C4
  27 005f 2F7678FB 		.ascii	"/vx\373\010\212\177(\353Q\335\211\222\211\365'\216\234"
  27      088A7F28 
  27      EB51DD89 
  27      9289F527 
  27      8E9C
  28 0071 1443E27A 		.ascii	"\024C\342z\360\255?5\260al\027\267G\266bY)\353\2160"
  28      F0AD3F35 
  28      B0616C17 
  28      B747B662 
  28      5929EB8E 
  29 0086 22BDAADD 		.ascii	"\"\275\252\3353\015R\360\235`l\236\266\007\247\222:"
  29      330D52F0 
  29      9D606C9E 
  29      B607A792 
  29      3A
  30 0097 5E05D547 		.ascii	"^\005\325Ge\202*a\232\024\275:\254\337\360\372\004\005"
  30      65822A61 
  30      9A14BD3A 
  30      ACDFF0FA 
  30      0405
  31 00a9 CE30CD68 		.ascii	"\3160\315h\341\307\311\267\313\345}?\015\353\200K\333"
  31      E1C7C9B7 
  31      CBE57D3F 
  31      0DEB804B 
  31      DB
  32 00ba 6EE8445F 		.ascii	"n\350D_\035^|\255"
  32      1D5E7CAD 
  33              		.text
  34              		.section	.gnu.lto_.inline.ac1b3bd50d23d8a0,"",%progbits
  35 0000 789C8591 		.ascii	"x\234\205\221\277J\003A\030\304g\366\317\335z\346\360"
  35      BF4A0341 
  35      18C467F6 
  35      CFDD7AE6 
  35      F0
  36 0011 9288B188 		.ascii	"\222\210\261\210d+mcc}O\220gHm^\"\215(\004$H\260J\221"
  36      642B6D63 
  36      637D4F90 
  36      67486D5E 
  36      228D2804 
  37 002a 57100DA4 		.ascii	"W\020\015\244\266\026\304F\224`g\341S\210\373\335\346"
  37      B616C446 
  37      946067E1 
  37      5388FBDD 
  37      E6
  38 003b A29D77F0 		.ascii	"\242\235w\360\315w\307\354\360c6\001\260&\266O\002\344"
  38      CD77C7EC 
  38      F0633601 
  38      B026B64F 
  38      02E4
  39 004d 87243CA1 		.ascii	"\207$<\241\2751\213\036\222EO\201_\251\211SLi\033\320"
  39      BD318B1E 
  39      92454F81 
  39      5FA98953 
ARM GAS  /tmp/ccsAInkz.s 			page 3


  39      4C691BD0 
  40 0061 D381BC44 		.ascii	"\323\201\274D\243\363\237=i\001J\314\012\315}Z\370\363"
  40      A3F39F3D 
  40      69014ACC 
  40      0ACD7D5A 
  40      F8F3
  41 0073 99E6F2F2 		.ascii	"\231\346\362\362\351.\233\350\271V$\357\331\325C\370"
  41      E92E9BE8 
  41      B95624EF 
  41      D9D543F8 
  42 0083 51BD84B4 		.ascii	"Q\275\204\264!\\\230eLnH\312&\270P\260W'\005\324\334"
  42      215C9865 
  42      4C6E48CA 
  42      26B850B0 
  42      572705D4 
  43 0098 140EBC56 		.ascii	"\024\016\274VNUSF?\356\375\360\361nKA\020\201\371<\020"
  43      4E555346 
  43      3FEEFDF0 
  43      F16E4B41 
  43      1081F93C 
  44 00ad 9002B609 		.ascii	"\220\002\266\011\003N\007\032\273\031\023:\001YO^g\271"
  44      034E071A 
  44      BB19133A 
  44      01594F5E 
  44      67B9
  45 00bf 80687E93 		.ascii	"\200h~\223\017\354\202nTi\004\275\275x|N#(\270\254A"
  45      0FEC826E 
  45      546904BD 
  45      BD787C4E 
  45      2328B8AC 
  46 00d4 AB854E9A 		.ascii	"\253\205N\232\253h]M\030:(\301\217t\314\300b_\216\203"
  46      AB685D4D 
  46      183A28C1 
  46      8F74CCC0 
  46      625F8E83 
  47 00e8 42DDEC8D 		.ascii	"B\335\354\215\351+\365\341o%\301?f\2409:\245\216\021"
  47      E92BF5E1 
  47      6F25C13F 
  47      66A0393A 
  47      A58E11
  48 00fb CA6FD260 		.ascii	"\312o\322`\333\253\031\261\363vV7\251W\035#\311\322"
  48      DBAB19B1 
  48      F3765637 
  48      A9571D23 
  48      C9D2
  49 010d 034CBE6D 		.ascii	"\003L\276m\377\317EXd\255x\021P\301\036O\377\272\303"
  49      FFCF4558 
  49      64AD7811 
  49      50C11E4F 
  49      FFBAC3
  50 0120 F603EDBA 		.ascii	"\366\003\355\272H\267"
  50      48B7
  51              		.text
  52              		.section	.gnu.lto_.pureconst.ac1b3bd50d23d8a0,"",%progbits
  53 0000 789C6363 		.ascii	"x\234cc``\340\005b6\006IFI&)f)\026)V)\000\005\230\000"
  53      6060E005 
  53      62360649 
ARM GAS  /tmp/ccsAInkz.s 			page 4


  53      46492629 
  53      66291629 
  54 001a C3       		.ascii	"\303"
  55              		.text
  56              		.section	.gnu.lto__writes.ac1b3bd50d23d8a0,"",%progbits
  57 0000 789C6D91 		.ascii	"x\234m\221\317k\023A\024\307\347;\263\335M\372\313?"
  57      CF6B1341 
  57      14C7E73B 
  57      B3DD4DFA 
  57      CB3F
  58 0012 C01E72B0 		.ascii	"\300\036r\260\204\202t\2517AOz\020A\024\212\007O\222"
  58      848274A9 
  58      37414F7A 
  58      1041148A 
  58      074F92
  59 0025 9448A2AD 		.ascii	"\224H\242\255\015n=x\3524Mm%\036\242\266\021B\220H\260"
  59      0D6E3D78 
  59      EA344D6D 
  59      251EA2B6 
  59      11429048 
  60 003a 39894AEB 		.ascii	"9\211J\353\257\266\352ZkE$\376\252-=H\017*\221\326X"
  60      AFB6EA5A 
  60      6B4524FE 
  60      AA2D3D48 
  60      0F2A91D6 
  61 004f E8A10751 		.ascii	"\350\241\007Q\253o&\021b\351\262;\373\336\314\373~\336"
  61      AB6F2611 
  61      62E9B23B 
  61      FBDECCFB 
  61      7EDE
  62 0061 8F311963 		.ascii	"\2171\031c?8c\307\350\277\235>\010\006\236|\315X\237"
  62      3F3863C7 
  62      E8BF9D3E 
  62      08069E7C 
  62      CD589F
  63 0074 8703CA90 		.ascii	"\207\003\312\220\036\260^\216^\\\024\303\002\357\342"
  63      1EB05E8E 
  63      5E5C14C3 
  63      02EFE2
  64 0083 B7332221 		.ascii	"\2673\"!2\024f\220\273VH\177nT.\340#\267\264:;^\337"
  64      32146690 
  64      BB56487F 
  64      6E542EE0 
  64      23B7B43A 
  65 009a 92973226 		.ascii	"\222\2272&\335\253\013{\257\367\017\034\310\010\316"
  65      DDAB0B7B 
  65      AFF70F1C 
  65      C808CE
  66 00a9 52143D8E 		.ascii	"R\024=\216&\214\241I\245\270\213\026\212\235+\314'-"
  66      268CA149 
  66      A5B88B16 
  66      8A9D2BCC 
  66      272D
  67 00bb 71088CEC 		.ascii	"q\010\214\354+\353\337\\\356\277\241u\245\234\220;2"
  67      2BEBDF5C 
  67      EEBFA175 
  67      A59C903B 
ARM GAS  /tmp/ccsAInkz.s 			page 5


  67      32
  68 00cc 42E01E44 		.ascii	"B\340\036D\265\220\266\030\356\303O\341?\023\363)\257"
  68      B590B618 
  68      EEC34FE1 
  68      3F13F329 
  68      AF
  69 00dd 38A2A597 		.ascii	"8\242\245\227\276\3467P\221\316\214j\251\201\007\233"
  69      BEE63750 
  69      91CE8C6A 
  69      A981079B 
  70 00ed A506C343 		.ascii	"\245\006\303C-\375-\207S\215\242]K\277\274\312%\255"
  70      2DFD2D87 
  70      538DA25D 
  70      4BBFBCCA 
  70      25AD
  71 00ff 8AF4635E 		.ascii	"\212\364c^K9&6K9\303$\374*\376\327\344zv\2338\252\265"
  71      4B392636 
  71      4B39C324 
  71      FC2AFED7 
  71      E47A769B 
  72 0116 F1B7CB2B 		.ascii	"\361\267\313+FsNk\213\243VZ\272q_F\324`\352\177\271"
  72      46734E6B 
  72      8BA3565A 
  72      BA715F46 
  72      D460EA7F 
  73 012b 7A28FAD3 		.ascii	"z(\372\323\235\215\221\006\323\300#4\253a\320\014\036"
  73      9D8D9106 
  73      D3C02334 
  73      AB61D00C 
  73      1E
  74 013c C36420E3 		.ascii	"\303d \343\326\373\032Wn\374\031\224\356R\021\371\311"
  74      D6FB1A57 
  74      6EFC1994 
  74      EE5211F9 
  74      C9
  75 014d BA5A504A 		.ascii	"\272ZPJ\223\323b\011Z<\006T\317&T\371\026T%^]\023\033"
  75      93D36209 
  75      5A3C0654 
  75      CF2654F9 
  75      1654255E 
  76 0164 220C5D8F 		.ascii	"\"\014]\217t\331\005r\311\352wY\021\261\354\330\234"
  76      74D90572 
  76      C9EA7759 
  76      11B1ECD8 
  76      9C
  77 0175 5070952A 		.ascii	"Pp\225*Mm\257 6\261\374}\217\332J\013P)\251\201\351"
  77      4D6DAF20 
  77      36B1FC7D 
  77      8FDA4A0B 
  77      5029A981 
  78 018a 3796BAB1 		.ascii	"7\226\272\261\032\335\307\324ta\326\314\342Z\237\224"
  78      1ADDC7D4 
  78      7461D6CC 
  78      E25A9F94 
  79 019a 921AF092 		.ascii	"\222\032\360\222\006OT\341t\366apq\251\316\276)\313"
  79      064F54E1 
  79      74F66170 
ARM GAS  /tmp/ccsAInkz.s 			page 6


  79      71A9CEBE 
  79      29CB
  80 01ac 47265C64 		.ascii	"G&\\d1\242\252gx\012[\243_\356,\223y5\331\334\212\\"
  80      31A2AA67 
  80      780A5BA3 
  80      5FEE2C93 
  80      7935D9DC 
  81 01c2 4BE931BD 		.ascii	"K\3511\275%\331\3023MV\363\300\314?\362\3562YT\223\255"
  81      25D9C233 
  81      4D56F3C0 
  81      CC3FF2EE 
  81      32595493 
  82 01d7 ADC87594 		.ascii	"\255\310u\224\036\317+\344\265\304\345E\0209\251\217"
  82      1ECF2BE4 
  82      B5C4E545 
  82      1039A98F 
  83 01e7 EA31ABC9 		.ascii	"\3521\253\311\\\221_\020\271\204\363\331\223e0\265*"
  83      5C915F10 
  83      B984F3D9 
  83      936530B5 
  83      2A
  84 01f8 18159516 		.ascii	"\030\025\225\026\344X\031\321\300V\021\363U\316T\223"
  84      E45819D1 
  84      C05611F3 
  84      55CE5493 
  85 0208 435410CD 		.ascii	"CT\020\315\225\264\007\355pwW\310>\347\204\355\375!"
  85      95B407ED 
  85      707757C8 
  85      3EE784ED 
  85      FD21
  86 021a E7544F77 		.ascii	"\347TOw\324\356\010G\202\221n\307\336\247\376\207\333"
  86      D4EE0847 
  86      82916EC7 
  86      DEA7FE87 
  86      DB
  87 022b 8FEF6A6B 		.ascii	"\217\357jkm\243\327\246\255p\240\323\356\214\004m\247"
  87      6DA3D7A6 
  87      AD70A0D3 
  87      EE8C046D 
  87      A7
  88 023c E74C28D0 		.ascii	"\347L(\320\345\330\301\263'*fk\007\343\221(\017Fq\332"
  88      E5D8C1B3 
  88      272A666B 
  88      07E39128 
  88      0F4671DA 
  89 0250 083A81E8 		.ascii	"\010:\201\350_\035[\013\241"
  89      5F1D5B0B 
  89      A1
  90              		.text
  91              		.section	.gnu.lto__put.ac1b3bd50d23d8a0,"",%progbits
  92 0000 789C6D90 		.ascii	"x\234m\220Mh\023A\024\307\347\277o\263\233\330V\021"
  92      4D681341 
  92      14C7E7BF 
  92      6FB39BD8 
  92      5611
  93 0012 BC8839E4 		.ascii	"\274\2109\344`\011\005\351Z=\351UO\202(\012^%)\221D"
  93      600905E9 
ARM GAS  /tmp/ccsAInkz.s 			page 7


  93      5A3DE955 
  93      4F82280A 
  93      5E252991 
  94 0027 5B124C3D 		.ascii	"[\022L=x\3524Im\245=\004\265\025\303R\002\241\010\202"
  94      78EA3449 
  94      6DA53D04 
  94      B515C352 
  94      02A10882 
  95 003b 58B1566D 		.ascii	"X\261VmS]\323Z*\232Z\277 '\017\212Jk\021\012\326\223"
  95      535DD35A 
  95      2A9A5ABF 
  95      20270F8A 
  95      4A6B110A 
  96 0051 54DF6C52 		.ascii	"T\337lR\210\220aw\346\315\274\367\377\275\017C\0101"
  96      88906177 
  96      E6CDBCF7 
  96      FFBD0F43 
  96      0831
  97 0063 A5097186 		.ascii	"\245\011q\206\317=\374\203\004\264\354\222\020}^\015"
  97      CF3DFC83 
  97      04B4EC92 
  97      107D5E0D 
  98 0073 5086F442 		.ascii	"P\206\364B\364j\350\3050\335 \274\315L\3304D6\207\351"
  98      F46AE8C5 
  98      30DD20BC 
  98      CD4CD834 
  98      443687E9 
  99 0087 7C5D2FE7 		.ascii	"|]/\347\276lWW \300\327\361\331t\021m\267%/\347\346"
  99      BE6C5757 
  99      20C0D7F1 
  99      D974116D 
  99      B7252FE7 
 100 009c 843136B9 		.ascii	"\20416\271,}6ib\224\303'\341\307\003\370U\216\207h\343"
 100      2C7D3669 
 100      6294C327 
 100      E1C703F8 
 100      558E8768 
 101 00b1 E0F7E58F 		.ascii	"\340\367\345\217Y\223\216C\260}}\343\207\243\005\307"
 101      59938E43 
 101      B07D7DE3 
 101      87A305C7 
 102 00c1 A54C49E7 		.ascii	"\245LI\347u\201\344^\233\010S\240z!?\011<B\220\303\355"
 102      7581E45E 
 102      9B0853A0 
 102      7A213F09 
 102      3C4290C3 
 103 00d6 2B77BE12 		.ascii	"+w\276\022\235t\245\257~/\316oI\3272$\233m\322\361\270"
 103      9D74A5AF 
 103      7E2FCE6F 
 103      49D73224 
 103      9B6DD2F1 
 104 00eb 2A3DE8C7 		.ascii	"*=\350\307~%\324\005\236 \250\242\377\314l\344w\320"
 104      7E25D405 
 104      9E20A8A2 
 104      FFCC6CE4 
 104      77D0
 105 00fd 29579959 		.ascii	")W\231Y^Y\325[\013\256r\351\326\256BZ.J\335&\017\246"
ARM GAS  /tmp/ccsAInkz.s 			page 8


 105      5E59D55B 
 105      0BAE72E9 
 105      D6AE425A 
 105      2E4ADD26 
 106 0113 FF4FAC16 		.ascii	"\377O\254\026\207\177\276\2779\322b\350\230A\253j\210"
 106      877FBEBF 
 106      39D262E8 
 106      9841AB6A 
 106      88
 107 0124 FB28C210 		.ascii	"\373(\302\020`\343\336;\217#7\377\016Hgaw\345Wy\247"
 107      60E3DE3B 
 107      8F2337FF 
 107      0E486761 
 107      77E55779 
 108 0139 0F9CD3D0 		.ascii	"\017\234\323\320x3\2117\257\016U\267\001U\204W\250\201"
 108      78338937 
 108      AF0E55B7 
 108      01558457 
 108      A881
 109 014b 884106F0 		.ascii	"\210A\006\360t\245#\256\362\225\255\264#\276!\225\377"
 109      74A523AE 
 109      F295ADB4 
 109      23BE2195 
 109      FF
 110 015c 3E7C5861 		.ascii	">|XaU\222\034\227\275\212\324\364Jn\316To9\002W1\332"
 110      55921C97 
 110      BD8AD4F4 
 110      4A6ECE54 
 110      6F390257 
 111 0172 5F7A63AA 		.ascii	"_zc\252\211{\334\036\212\245\362\202\221\307X\037\217"
 111      897BDC1E 
 111      8AA5F282 
 111      91C7581F 
 111      8F
 112 0183 3C60938F 		.ascii	"<`\223\217E\230U5\263\357\303@\345S\223uWV]\006\236"
 112      45985535 
 112      B3EFC340 
 112      E5539375 
 112      57565D06 
 113 0198 228F1155 		.ascii	"\"\217\021U\270\3003X.\373\345\276*Y\253'\033\215\310"
 113      B8C03358 
 113      2EFBE5BE 
 113      2A59AB27 
 113      1B8DC8
 114 01ab DB383D9C 		.ascii	"\3338=\234\206d\023\317]\262\032\005J[\344CU2\325\223"
 114      866413CF 
 114      5DB21A05 
 114      4A5BE443 
 114      5532D593 
 115 01bf CD46E426 		.ascii	"\315F\344&N\217\271\032y}\350Z\005L\316\272\256f\314"
 115      4E8FB91A 
 115      797DE85A 
 115      054CCEBA 
 115      AE66CC
 116 01d2 BB644D91 		.ascii	"\273dM\221_0y\015\375\371\363U\260\227\331\202\213\312"
 116      5F30790D 
 116      FDF9F355 
ARM GAS  /tmp/ccsAInkz.s 			page 9


 116      B097D982 
 116      8BCA
 117 01e4 9161538B 		.ascii	"\221aS\213\370\211T\240\346P\035\016r5<U\026\036\263"
 117      F88954A0 
 117      E6501D0E 
 117      72353C55 
 117      161EB3
 118 01f7 A2F1EE88 		.ascii	"\242\361\356\210u9\031\265\216F\222\027z\342\011\253"
 118      753919B5 
 118      8E469217 
 118      7AE209AB 
 119 0207 331A0BC7 		.ascii	"3\032\013\307\342I\353\210:O\234>{\240\243\275\203?"
 119      E249EB88 
 119      3A4F9C3E 
 119      7BA0A3BD 
 119      833F
 120 0219 8B9FA2A1 		.ascii	"\213\237\242\241.\253+\026\266\222=\027#\241\356\244"
 120      2EAB2B16 
 120      B6923D17 
 120      23A1EEA4 
 121 0229 15BE74AE 		.ascii	"\025\276t\256f\266w\012-\226@X\017'C\211\177#\311\366"
 121      66B6770A 
 121      2D964058 
 121      0F274389 
 121      7F23C9F6 
 122 023d 12       		.ascii	"\022"
 123              		.text
 124              		.section	.gnu.lto__get.ac1b3bd50d23d8a0,"",%progbits
 125 0000 789C9552 		.ascii	"x\234\225RMHTQ\024\276\337\273\367\275qF\035\023r\021"
 125      4D485451 
 125      14BEDFBB 
 125      F7BD7146 
 125      1D137211 
 126 0014 B8709188 		.ascii	"\270p\221\210\033\037\023-\244\240M\255\202(\250}8b"
 126      1B1F132D 
 126      A4A04DAD 
 126      8228A87D 
 126      3862
 127 0026 CC90A238 		.ascii	"\314\220\2428\266\250\215Ogj2]\210\245\321\360\220\001"
 127      B6A88D4F 
 127      676A325D 
 127      88A5D1F0 
 127      9001
 128 0038 916A1126 		.ascii	"\221j\021&i?\343O/-\323t\312\312BZD%\005jXF\272)\246"
 128      693FE34F 
 128      2F2DD374 
 128      CACA425A 
 128      4425056A 
 129 0051 CE7D6F44 		.ascii	"\316}oD+\021z\274w\336\271\347\236\373}\347|\347j\214"
 129      2B117ABC 
 129      77DEB9E7 
 129      9EFB7DE7 
 129      7CE76A8C 
 130 0065 B15CC1D8 		.ascii	"\261\\\301\3301\372\357\243\017\032\203\322\372\224"
 130      31FAEFA3 
 130      0F1A83D2 
 130      FA94
ARM GAS  /tmp/ccsAInkz.s 			page 10


 131 0073 B1860C45 		.ascii	"\261\206\014E\341\251RfxD[\0363\2628T',\326\034\025"
 131      E1A95266 
 131      78445B1E 
 131      33B23854 
 131      272CD61C 
 132 0088 908E9101 		.ascii	"\220\216\221\001V\257p\241\242\036-\374\022\307\363"
 132      56AF70A1 
 132      A21E2DFC 
 132      12C7F3
 133 0097 C84D9337 		.ascii	"\310M\2237s\2233\010Z.'cs^\271\004\012h\331=\024\036"
 133      73933308 
 133      5A2E2763 
 133      735EB904 
 133      0A68D93D 
 134 00ad 44F15583 		.ascii	"D\361U\203\036\353rB\353\354\2336\334&WX\007\245\367"
 134      1EEB7242 
 134      EBEC9B36 
 134      DC265758 
 134      07A5F7
 135 00c0 211FB790 		.ascii	"!\037\267\220/\313\350G1%\277L\276ju\361C`\344_\\Y\264"
 135      2FCBE847 
 135      3125BF4C 
 135      BE6A75F1 
 135      4360E45F 
 136 00d7 94A26EC3 		.ascii	"\224\242n\303h4\254\251.n\35449\307m\360\215\007)\304"
 136      6834ACA9 
 136      2E6EEC34 
 136      39C76DF0 
 136      8D0729C4 
 137 00eb 70074532 		.ascii	"p\007E2\377\347\300J<\207\037\261\317F\246\347\027D"
 137      FFE7C04A 
 137      3C871FB1 
 137      CF46A6E7 
 137      1744
 138 00fd 61977D76 		.ascii	"a\227}v\365\312\366\256\2601n\010\223\013\334\375\363"
 138      F5CAF6AE 
 138      B0316E08 
 138      930BDCFD 
 138      F3
 139 010e BC7C28FD 		.ascii	"\274|(\375Co\252=[\023\270\207BY\027\225\223\220\272"
 139      436FAA3D 
 139      5B13B887 
 139      42591795 
 139      9390BA
 140 0121 90D3F342 		.ascii	"\220\323\363B\265\214\324\257\250a-\355\030\372\376"
 140      B58CD4AF 
 140      A8612DED 
 140      18FAFE
 141 0130 3A3707C4 		.ascii	":7\007\304\251*d4N\306%\310d\2502\246\221q\273\310("
 141      A92A6434 
 141      4EC625C8 
 141      64A832A6 
 141      9171BBC8 
 142 0145 6EC892B2 		.ascii	"n\310\222\262\244\353\225\206\261\363\204I\322\031\026"
 142      A4EB9586 
 142      B1F38449 
 142      D21916
ARM GAS  /tmp/ccsAInkz.s 			page 11


 143 0154 6BA22579 		.ascii	"k\242%ya\213}Bc\374G\313\036\311$yc\334\315\026\320"
 143      618B7D42 
 143      63FC47CB 
 143      1EC92479 
 143      63DCCD16 
 144 0169 9898BF36 		.ascii	"\230\230\2776\247\311X\214\203\012\3538;\362\314%\265"
 144      A7C9588C 
 144      830AEB38 
 144      3BF2CC25 
 144      B5
 145 017a 14765B83 		.ascii	"\024v[\203#\3111-\216\316\006\022\263\300\344\036:\204"
 145      23C9312D 
 145      8ECE0612 
 145      B3C0E41E 
 145      3A84
 146 018c 01D906ED 		.ascii	"\001\331\006\355\315Dg\337f\3527\014g+\023\203\210\243"
 146      CD4467DF 
 146      66EA370C 
 146      672B1383 
 146      88A3
 147 019e 5DF6C230 		.ascii	"]\366\3020\004\235}D\344\315\350\356u\344\376\350T\257"
 147      049D7D44 
 147      E4CDE8EE 
 147      75E4FEE8 
 147      54AF
 148 01b0 47226702 		.ascii	"G\"g\002\030NK\321Dr\246J\2518\273\222\353a\217\223"
 148      184E4BD1 
 148      4472A64A 
 148      A938BB92 
 148      EB618F93 
 149 01c4 AFFC17B5 		.ascii	"\257\374\027\265\206\3736\265\224\017\026QK\260\211"
 149      86FB36B5 
 149      940F1651 
 149      4BB089
 150 01d3 12078A6F 		.ascii	"\022\007\212olJ\333\254\251,\342\303\203M\221]\030\261"
 150      6C4ADBAC 
 150      A92CE2C3 
 150      834D915D 
 150      18B1
 151 01e5 9115893C 		.ascii	"\221\025\211<\272\206\274\327A\026\033\221]\233!g\023"
 151      BA86BCD7 
 151      41161B91 
 151      5D9B2167 
 151      13
 152 01f6 3D1EA691 		.ascii	"=\036\246\221\227\233\333fA\310\255\366\226\027\217"
 152      979BDB66 
 152      41C8ADF6 
 152      96178F
 153 0205 6C647BF6 		.ascii	"ld{\366c\204\374\031\221x\255\003\354%lFE\231<\307\226"
 153      6384FC19 
 153      9178AD03 
 153      EC256C46 
 153      45993CC7 
 154 021a 48B0B63C 		.ascii	"H\260\266<[\242p\307\271d\177\\q\262T\222\325\326\221"
 154      5BA270C7 
 154      B9647F5C 
 154      71B25492 
ARM GAS  /tmp/ccsAInkz.s 			page 12


 154      D5D691
 155 022d 6A9AB900 		.ascii	"j\232\271\000\031\374\253\202\370\222\274;[\316\354"
 155      19FCAB82 
 155      F892BC3B 
 155      5BCEEC
 156 023c F1FACCC6 		.ascii	"\361\372\314\306\241\023\250D\033^\323\356\037\3003"
 156      A113A844 
 156      1B5ED3EE 
 156      1FC033
 157 024b 5BE36DC3 		.ascii	"[\343m\303\204\215'\234K>\366\345\375\244\360\365\310"
 157      848D279C 
 157      4B3EF6E5 
 157      FDA4F0F5 
 157      C8
 158 025c CD780226 		.ascii	"\315x\002&\317\305\023\311\001\233n\022>\311\365-\012"
 158      CFC513C9 
 158      019B6E12 
 158      3EC9F52D 
 158      0A
 159 026d 878BA6A0 		.ascii	"\207\213\246\240\331\335\252\351\353\272\004\205DpQ"
 159      D9DDAAE9 
 159      EBBA0485 
 159      447051
 160 027c 6C152E12 		.ascii	"l\025.\022\205'\026\336\201\362Dl\361\253B\027\0342"
 160      852716DE 
 160      81F2446C 
 160      F1AB4217 
 160      1C32
 161 028e 8F067350 		.ascii	"\217\006sP\017TWU\350\247C\001\375@E\350d]u\215^\036"
 161      0F545755 
 161      E8A74301 
 161      FD4045E8 
 161      645D758D 
 162 02a4 08FA83D5 		.ascii	"\010\372\203\325!}\277\374\037>z|\227\257\304G\257N"
 162      217DBFFC 
 162      1F3E7A7C 
 162      97AFC447 
 162      AF4E
 163 02b6 A14059A5 		.ascii	"\241@Y\245^\031\364\353\241\272\332\212\262\252\220"
 163      5E19F4EB 
 163      A1BADA8A 
 163      B2AA90
 164 02c5 EE3F7522 		.ascii	"\356?u\"\355\226\2243%X#\374\241\262\232\337\257-h\224"
 164      ED969433 
 164      255823FC 
 164      A1B29ADF 
 164      AF2D6894 
 165              		.text
 166              		.section	.gnu.lto__unget.ac1b3bd50d23d8a0,"",%progbits
 167 0000 789C7D53 		.ascii	"x\234}S]H\024Q\024\276\337\334\231]\177\223\240\247"
 167      5D481451 
 167      14BEDFDC 
 167      995D7F93 
 167      A0A7
 168 0012 58C28744 		.ascii	"X\302\207D|q\332z\353\245\207\352%\210\242 z\013W\214"
 168      7C71DA7A 
 168      EBA587EA 
ARM GAS  /tmp/ccsAInkz.s 			page 13


 168      2588A220 
 168      7A0B578C 
 169 0026 5D5294D6 		.ascii	"]R\224\326\036z\321\321\33543AH\015\326A\026D\212 4"
 169      1E7AD1D1 
 169      DD343341 
 169      480DD641 
 169      16448A20 
 170 003b B24C5D6D 		.ascii	"\262L]mR\333V\314\2622\021\013)M)%#I\241\220\265sv\354"
 170      52DB56CC 
 170      B232110B 
 170      294D2925 
 170      2349A190 
 171 0053 17F1B23B 		.ascii	"\027\361\262;\367\236s\317\367\235\357\2343\343\020"
 171      F79E73CF 
 171      F79DEF9C 
 171      33E310
 172 0062 42F8A510 		.ascii	"B\370\245\020\247h?L\1778\004\224\372gBT$)\212\366Q"
 172      A7683F4C 
 172      7F380494 
 172      FA674254 
 172      24298AF6 
 173 0077 082345DE 		.ascii	"\010#E\336\034\245-M*Z\014d\252\261\247l\252\320\354"
 173      1CA52D4D 
 173      2A5A0C64 
 173      AAB1A76C 
 173      AAD0EC
 174 008a 300DE083 		.ascii	"0\015\340\203\221\004Q\256HUC9\256\312\006\211\027\301"
 174      910451AE 
 174      48554339 
 174      AECA0689 
 174      17C1
 175 009c 0E53D64A 		.ascii	"\016S\326JS\012\250d~\035\015\315nc\023\310$\263\255"
 175      530AA864 
 175      7E1D0DCD 
 175      6E6313C8 
 175      24B3AD
 176 00af 2F1041CE 		.ascii	"/\020A\316\015\203\226u}\332\321\3229f$\233R\021M\024"
 176      0D839675 
 176      7DDAD1D2 
 176      3966249B 
 176      52114D14 
 177 00c3 DE0917EE 		.ascii	"\336\011\027\356\302\305j\356!\207\202_\215\276\256"
 177      C2C56AEE 
 177      2187825F 
 177      8DBEAE
 178 00d2 77CAA310 		.ascii	"w\312\243\020t\276\266\262h)\331m\206QiXo[\245\261\333"
 178      74BEB6B2 
 178      6829D96D 
 178      86516958 
 178      6F5BA5B1 
 179 00e7 9412F721 		.ascii	"\224\022\367!\377\006\222K\240\013\331\024nV\335\232"
 179      FF06924B 
 179      A00BD914 
 179      6E56DD9A 
 180 00f7 93F27802 		.ascii	"\223\362x\002:\262\032\033\372\005]\013J#\315\224*\036"
 180      3AB21A1B 
 180      FA055D0B 
ARM GAS  /tmp/ccsAInkz.s 			page 14


 180      4A23CD94 
 180      2A1E
 181 0109 D8D07D2E 		.ascii	"\330\320}.\354a\240*\320\215l\216^\353]\011g\310\023"
 181      EC61A02A 
 181      D08D6C8E 
 181      5EEB5D09 
 181      67C813
 182 011c 096470EC 		.ascii	"\011dp\354\323\202\232\325\232@F\233w\264\006\214\230"
 182      D3829AD5 
 182      9A40469B 
 182      77B4068C 
 182      98
 183 012d A19A5243 		.ascii	"\241\232RC\317\277\211yQ\370\314\235xc\272CE/\262\270"
 183      CFBF8979 
 183      51F8CC9D 
 183      7863BA43 
 183      452FB2B8 
 184 0141 20AA23C2 		.ascii	" \252#\302}\245C\373K\3152\342\353\325\206\025\3379"
 184      7DA543FB 
 184      4BCD32E2 
 184      EBD58615 
 184      DF39
 185 0153 F5EDC3F6 		.ascii	"\365\355\303\366TPN\207\302\017I\017\205\232I\272\035"
 185      54504E87 
 185      C20F490F 
 185      859A49BA 
 185      1D
 186 0164 601129EC 		.ascii	"`\021)\354\020\3422\021P\203\015K\324\220I\247\200%"
 186      10E23211 
 186      50830D4B 
 186      D49049A7 
 186      8025
 187 0176 E651199E 		.ascii	"\346Q\031\236\255\333\317\264\234$$51\207\340\324\340"
 187      ADDBCFB4 
 187      9C242435 
 187      3187E0D4 
 187      E0
 188 0187 44731AFB 		.ascii	"Ds\032\373B\322A*\336\324N4\244s\307U\304\201\276\015"
 188      42D2412A 
 188      DED44E34 
 188      A473C755 
 188      C481BE0D 
 189 019b 7935D41B 		.ascii	"y5\324\033\032(\221,\240\262g\370\264\035\017\212o\272"
 189      1A28912C 
 189      A0B267F8 
 189      B41D0F8A 
 189      6FBA
 190 01ad 34F0DCC9 		.ascii	"4\360\334\311\361Z\242\346\310\300h\324\021FK\005\215"
 190      F15AA2E6 
 190      C8C068D4 
 190      11464B05 
 190      8D
 191 01be 28D3944E 		.ascii	"(\323\224NJ\202~&\241\273\361\352\311\351T\375\266a"
 191      4A827E26 
 191      A1BBF1EA 
 191      C9E954FD 
 191      B661
ARM GAS  /tmp/ccsAInkz.s 			page 15


 192 01d0 5F25E121 		.ascii	"_%\341!\302h\344B\005,\350\266\226!u\023jzI\360\350"
 192      C268E442 
 192      052CE8B6 
 192      96217513 
 192      6A7A49F0 
 193 01e5 B71255CC 		.ascii	"\267\022U\314\214\330J\002MU\237\273\302\260\021\212"
 193      8CD84A02 
 193      4D559FBB 
 193      C2B0118A 
 194 01f5 0D5A8C74 		.ascii	"\015Z\214tLj6h\235V\006\006\010H\242\307\257|wr\340"
 194      4C6A3668 
 194      9D560606 
 194      0848A2C7 
 194      AF7C7772 
 195 020a 7F1AC3FD 		.ascii	"\177\032\303\375\334\313-e\016\376\2219\004\235\022"
 195      DCCB2D65 
 195      0EFE9139 
 195      049D12
 196 0219 315D68F8 		.ascii	"1]h\370\300fl\273\266\344J\306\343\004\027\354\201G"
 196      C0666CBB 
 196      B6E44AC6 
 196      E30417EC 
 196      8147
 197 022b BFBC1F51 		.ascii	"\277\274\037Q\335\355|\031.\343\206Gmz\316\364\004n"
 197      DDED7C19 
 197      2EE38647 
 197      6D7ACEF4 
 197      046E
 198 023d 9A07675A 		.ascii	"\232\007gZ\256\256\353\366\332%\246\260\213[\240mLt"
 198      AEAEEBF6 
 198      DA25A6B0 
 198      8B5BA06D 
 198      4C74
 199 024f 098A0849 		.ascii	"\011\212\010I\326\266\012\376z\346\315\316h\006\027"
 199      D6B60AFE 
 199      7AE6CDCE 
 199      680617
 200 025e AFA00C31 		.ascii	"\257\240\0141\270\344\217\245w \234\032Z\036\003;\024"
 200      B8E48FA5 
 200      77209C1A 
 200      5A1E033B 
 200      14
 201 026f 76D0CB01 		.ascii	"v\320\313\001&\240LGtoqQ\201~\321\357\325\017\025\370"
 201      26A04C47 
 201      746F7151 
 201      817ED1EF 
 201      D50F15F8 
 202 0283 CF951697 		.ascii	"\317\225\026\227\350\371^\237\307W\354\327\017\362~"
 202      E8F95E9F 
 202      C757ECD7 
 202      0FF27E
 203 0292 ECE499BD 		.ascii	"\354\344\231\275\356\\7\375try\363\012\365B\237G\367"
 203      EE5C37FD 
 203      747279F3 
 203      0AF5429F 
 203      47F7
 204 02a4 979E2FC8 		.ascii	"\227\236/\310+\362\353\236\013g7\216\271\371B\361\225"
ARM GAS  /tmp/ccsAInkz.s 			page 16


 204      2BF2EB9E 
 204      0B67378E 
 204      B9F942F1 
 204      95
 205 02b5 C0A37AFC 		.ascii	"\300\243z\374y%?\001\312\211Cw"
 205      79253F01 
 205      CA894377 
 206              		.text
 207              		.section	.gnu.lto__reads.ac1b3bd50d23d8a0,"",%progbits
 208 0000 789C9553 		.ascii	"x\234\225S]h\034U\024\276\337\334\231\235\375\235\230"
 208      5D681C55 
 208      14BEDFDC 
 208      999DFD9D 
 208      98
 209 0011 08F12560 		.ascii	"\010\361%`@Ch\301\016\221\276\370P|\320\007\021E\241"
 209      404368C1 
 209      0E91BEF8 
 209      507CD007 
 209      1145A1
 210 0024 F8AA64EB 		.ascii	"\370\252d\353\226\004[\023\272\365A_r\273I7\266\251"
 210      96045B13 
 210      BAF5415F 
 210      72BB4937 
 210      B6A9
 211 0036 10B55DC3 		.ascii	"\020\265]\3032\350\312\222\006\225\322\026[k\222\252"
 211      32E8CA92 
 211      0695D216 
 211      5B6B92AA 
 212 0046 6B6A5363 		.ascii	"kjSc\263\351OR\211\010E\264?4\015\305\"\365\267M=\347"
 212      B3E94F52 
 212      890845B4 
 212      3F340DC5 
 212      22F5B74D 
 213 005c DE898D21 		.ascii	"\336\211\215!H]v\317\3349\367|\3379\347;g#B\210\037"
 213      485D76CF 
 213      DC39F77C 
 213      DF39E73B 
 213      67234288 
 214 0071 1C21D2F4 		.ascii	"\034!\322\364\\K?8\002V\377\224\020\333\242\226e\377"
 214      5C4B3F38 
 214      0256FF94 
 214      10DBA296 
 214      65FF
 215 0083 FE805071 		.ascii	"\376\200Pq9\260Z\250\244\204m\3346\300\007\025\205\350"
 215      39B05AA8 
 215      A4846DDC 
 215      36C00715 
 215      85E8
 216 0095 B2A48D2E 		.ascii	"\262\244\215.\354\222\273%\316\364\034\010d\237\014"
 216      EC92BB25 
 216      CEF41C08 
 216      649F0C
 217 00a4 A4804DAF 		.ascii	"\244\200M\257\327\253\305\237<~\005\032\351u\376\332"
 217      D7ABC59F 
 217      3C7E051A 
 217      E975FEDA 
 218 00b4 F8A1E4AA 		.ascii	"\370\241\344\252!\245r\252\362\316\317\353\336\357\336"
ARM GAS  /tmp/ccsAInkz.s 			page 17


 218      21A572AA 
 218      F2CECFEB 
 218      DEEFDE
 219 00c3 FE44202D 		.ascii	"\376D -Q\240\350Ch\300\307h\340\334\207\261\212b\247"
 219      51A0E843 
 219      68C0C768 
 219      E0DC87B1 
 219      8A62A7
 220 00d6 ABE7FA5D 		.ascii	"\253\347\372]\3714\004\235\337\276q\265b5\017j\334\205"
 220      F934049D 
 220      DFBE71B5 
 220      62350F6A 
 220      DC85
 221 00e8 B2540F06 		.ascii	"\262T\017\006R\342\023\310\245@r\011\034A3\205\377\325"
 221      52E213C8 
 221      A5407209 
 221      1C413385 
 221      FFD5
 222 00fa 77AE1093 		.ascii	"w\256\020\223\317j\350\233\227\207\026\020B'\0075\324"
 222      CF6AE89B 
 222      97871610 
 222      42270735 
 222      D4
 223 010b C6A7CBA1 		.ascii	"\306\247\313\241\266\300\260\206\336R\273\013\236\\"
 223      B6C0B086 
 223      DE52BB0B 
 223      9E5C
 224 0119 AFA1174E 		.ascii	"\257\241\027N\226\373\335\305\254{5\324\302\310r\250"
 224      96FBDDC5 
 224      AC7B35D4 
 224      C2C872A8 
 225 0129 25308A66 		.ascii	"%0\212f\216/\237P;c\3629\215=\376\307\276\375\211\246"
 225      8E2F9F50 
 225      3B63F239 
 225      8D3DFEC7 
 225      BEFD89A6 
 226 013d B2C67E7B 		.ascii	"\262\306~{\304)\252JO#\303\217\376\033\316\037\212\276"
 226      C429AA4A 
 226      4F23C38F 
 226      FE1BCE1F 
 226      8ABE
 227 014f 397AA354 		.ascii	"9z\243T#\237\327\310\236\323W\346\354\02095\344\206"
 227      239FD7C8 
 227      9ED357E6 
 227      EC103935 
 227      E486
 228 0161 48079FAF 		.ascii	"H\007\237\257\210\374\361\340\302\236T\304\306\027h"
 228      88FCF1E0 
 228      C29E54C4 
 228      C61768
 229 0170 C2676862 		.ascii	"\302ghb)I\301\012\"\002\364d\327\376\263NE-\334\356"
 229      2949C10A 
 229      2202F464 
 229      D7FEB34E 
 229      452DDCEE 
 230 0184 5595F1DF 		.ascii	"U\225\361\337\260wt\027\356\003U\035\261\330H2\256\315"
 230      B0777417 
ARM GAS  /tmp/ccsAInkz.s 			page 18


 230      EE03551D 
 230      B1D84832 
 230      AECD
 231 0196 27874C34 		.ascii	"'\207L4\302'\227M\224L,F&\036'\223H\260DI\276H\261\361"
 231      C227974D 
 231      944C2C46 
 231      261E2793 
 231      48B04449 
 232 01ae 0413D780 		.ascii	"\004\023\327\200\345\256\005\267_\007\326\257^\313!"
 232      E5AE05B7 
 232      5F07D6AF 
 232      5ECB21
 233 01bd 5EA71A68 		.ascii	"^\247\032h7TE\354\240W:uW\304%\344J\227\247%W\306\265"
 233      375445EC 
 233      A0573A75 
 233      57C425E4 
 233      4A97A725 
 234 01d4 16658D98 		.ascii	"\026e\215\230Cn\344\312\315\003`_Q\202\232)l\037;\345"
 234      436EE4CA 
 234      CD03605F 
 234      51829A29 
 234      6C1F3BE5 
 235 01e8 F2B6385A 		.ascii	"\362\2668Z\211\243c\325\361H\011\357nSJ\221\004I\002"
 235      89A363D5 
 235      F14809EF 
 235      6E534A91 
 235      044902
 236 01fb E14B6E9D 		.ascii	"\341Kn\235\356fzg\317'\374}\312\\Y\030C\011{\270w\201"
 236      EE667A67 
 236      CF27FC7D 
 236      CA5C5918 
 236      43097BB8 
 237 0211 63F089BB 		.ascii	"c\360\211\273{ \377A\314P[\024\177\270w\362`\234\251"
 237      7B20FF41 
 237      CC505B14 
 237      7FB877F2 
 237      609CA9
 238 0224 2D005FA1 		.ascii	"-\000_\241\201\022\212\213\350\231=\2666\214)\312Z\255"
 238      81128A8B 
 238      E8993DB6 
 238      368C29CA 
 238      5AAD
 239 0236 E90E5AA3 		.ascii	"\351\016Z\243\201\325a\305\267\177\321\325q\267E\356"
 239      81D561C5 
 239      B77FD1D5 
 239      71B745EE 
 240 0246 8C6EED7F 		.ascii	"\214n\355\177\032\262\204\361{\334\311\237\275\203-"
 240      1AB284F1 
 240      7BDCC99F 
 240      BD832D
 241 0255 86492EAB 		.ascii	"\206I.\253\274\364!\353\375\037\305\247p\\\027\0173"
 241      BCF421EB 
 241      FD1FC5A7 
 241      705C170F 
 241      33
 242 0266 D18FAA73 		.ascii	"\321\217\252s\347#]\267\370\262\364\032\215\007\343"
 242      E7235DB7 
ARM GAS  /tmp/ccsAInkz.s 			page 19


 242      F8B2F41A 
 242      8D07E3
 243 0275 D48FC009 		.ascii	"\324\217\300\011t\231\256&R&\217m\332\340\354\335A\376"
 243      7499AE26 
 243      52268F6D 
 243      DAE0ECDD 
 243      41FE
 244 0287 11E37428 		.ascii	"\021\343t(?]\211y\344\033\365\026\020\341\360\360\374"
 244      3F5D8979 
 244      E41BF516 
 244      10E1F0F0 
 244      FC
 245 0298 F72E1146 		.ascii	"\367.\021F\003\351\0258\013\276&\256\242\254\323\341"
 245      03E91538 
 245      0BBE26AE 
 245      A2ACD3E1 
 246 02a8 5EB0388A 		.ascii	"^\2608\212\276\262kH\"w\245\375C\254\345\304\035\331"
 246      BEB26B48 
 246      2277A5FD 
 246      43ACE5C4 
 246      1DD9
 247 02ba BF31B217 		.ascii	"\2771\262\027\362\341@]\"\012\305\231\331\251}wO{\362"
 247      F2E1405D 
 247      220AC599 
 247      D9A97D77 
 247      4F7BF2
 248 02cd 0EED247C 		.ascii	"\016\355$|\3422\025\276Q\366\014w\364\177mG\014U\315"
 248      E23215BE 
 248      51F60C77 
 248      F47F6D47 
 248      0C55CD
 249 02e0 C703C494 		.ascii	"\307\003\304\224.372\361\250\241\212-\335\273\330J{"
 249      2E333732 
 249      F1A8A18A 
 249      2DDDBBD8 
 249      4A7B
 250 02f2 770FE5C3 		.ascii	"w\017\345\303\251\025\231\3438\255\231\365\237\356\314"
 250      A91599E3 
 250      38AD99F5 
 250      9FEECC
 251 0301 22F35386 		.ascii	"\"\363S\2069\276\2249\276\022s-\245\307\331\220\371"
 251      39BE9439 
 251      BE12732D 
 251      A5C7D990 
 251      F9
 252 0312 7ADF5BB3 		.ascii	"z\337[\263 \346~}U\207i\315l3\363\214\2216\310\177\347"
 252      20E67E7D 
 252      558769CD 
 252      6C33F38C 
 252      9136C87F 
 253 0327 18EA849E 		.ascii	"\030\352\204\236\236g\026\"\324\233\004\250e\337\342"
 253      9E671622 
 253      D49B04A8 
 253      65DFE2
 254 0336 E88B3245 		.ascii	"\350\2132E5\320\234\243:>\031\310{\315|\206C\222z\035"
 254      35D09CA3 
 254      3A3E19C8 
ARM GAS  /tmp/ccsAInkz.s 			page 20


 254      7BCD7C86 
 254      43927A1D 
 255 034a E1896BC8 		.ascii	"\341\211k\310\205\200zJ\366+<\"\262F\336\253\241\215"
 255      85807A4A 
 255      F62B3C22 
 255      B246DEAB 
 255      A18D
 256 035c 9773F7D3 		.ascii	"\227s\367\323\277\031\274\362$\336\223~[\307\346\214"
 256      BF19BCF2 
 256      24DE937E 
 256      5BC7E68C 
 257 036c FF6AB6CD 		.ascii	"\377j\266\315\177<\223}ikG\247\277\241\255=\335\336"
 257      7F3C937D 
 257      696B47A7 
 257      BFA1AD3D 
 257      DDDE
 258 037e 91F51FE3 		.ascii	"\221\365\037\343\3473\353_x\270eM\013}}r\265\265n\362"
 258      E733EB5F 
 258      78B8654D 
 258      0B7D7D72 
 258      B5B56EF2 
 259 0392 37B5A7FD 		.ascii	"7\265\247\375\354\326-\231\326\315Y?\375\312\306\360"
 259      ECD62D99 
 259      D6CD593F 
 259      FDCAC6F0 
 260 03a2 B86683B0 		.ascii	"\270f\203\260\332;\255t'^\216\222wcfK\346E;\235m\355"
 260      DA3BAD74 
 260      275E8E92 
 260      7763664B 
 260      E6453B9D 
 261 03b8 FC1BBE9E 		.ascii	"\374\033\276\236\356~"
 261      EE7E
 262              		.text
 263              		.section	.gnu.lto_bsaObjectInit.ac1b3bd50d23d8a0,"",%progbits
 264 0000 789C9D53 		.ascii	"x\234\235S\317k\023A\030\235\267\263\311\246I[=V\214"
 264      CF6B1341 
 264      189DB7B3 
 264      C9A6495B 
 264      3D568C
 265 0013 D283507A 		.ascii	"\322\203Pz\351\320\376\013z\022DP\360*I\251$\332\322"
 265      E9D0FE0B 
 265      7A124450 
 265      F02A49A9 
 265      24DAD2
 266 0026 E0D6831E 		.ascii	"\340\326\203\036\3146\261MEE\0176\312\262\312\202VE"
 266      CC36B14D 
 266      45450F36 
 266      CAB2CA82 
 266      5645
 267 0038 11ADB56A 		.ascii	"\021\255\265j\332\306\256Q\253Uki\021\025\324\036\024"
 267      DAC6AE51 
 267      AB556B69 
 267      1115D41E 
 267      14
 268 0049 FC516241 		.ascii	"\374QbA[QK\023\375f\223\203\364 \350\260?\276\371\366"
 268      5B514B13 
 268      FD669383 
ARM GAS  /tmp/ccsAInkz.s 			page 21


 268      F420E8B0 
 268      3FBEF9F6 
 269 005d 7BEF7BF3 		.ascii	"{\357{\363f\326\313\030k\342\214m\243\367j\272\301\031"
 269      66D6CB18 
 269      6BE28C6D 
 269      A3F76ABA 
 269      C119
 270 006f 94634F19 		.ascii	"\224cO\031\353\364)\200\014\014\037X\\A\034\207\371"
 270      EBF42980 
 270      0C0C1F58 
 270      5C411C87 
 270      F9
 271 0080 718E5CEA 		.ascii	"q\216\\\352}F\251?o\320pN<\327\272\215\256\032\213\340"
 271      7D46A93F 
 271      6FD0704E 
 271      3CD7BA8D 
 271      AE1A8BE0 
 272 0094 69BAE5C0 		.ascii	"i\272\345\300\000\352\251j\352\300U\213\037\342\026"
 272      00EAA96A 
 272      EAC0558B 
 272      1FE216
 273 00a3 07549A7E 		.ascii	"\007T\232~\2310\337U\313\251\202Z\232.\015\177\263W"
 273      9930DF55 
 273      CBA9825A 
 273      9A2E0D7F 
 273      B357
 274 00b5 F04D6014 		.ascii	"\360M`\024\027.\234\233\257\250\3533\214\204\341\274"
 274      172E9C9B 
 274      AFA8EB33 
 274      8C84E1BC 
 275 00c5 EEE3C63A 		.ascii	"\356\343\306:\213s\334\000'B\014\"\210\353\0102J1\334"
 275      8B73DC00 
 275      27420C22 
 275      88EB0832 
 275      4A31DC
 276 00d8 441D952F 		.ascii	"D\035\225/\234y\361U\345[\\\350\364\251\3615e\344R\215"
 276      9C79F155 
 276      E55B5CE8 
 276      F4A9F135 
 276      65E4528D 
 277 00ec 6938AAC5 		.ascii	"i8\252\305U\334Z\016U\0312\250\223\365o\373\213\275"
 277      55DC5A0E 
 277      551932A8 
 277      93F56FFB 
 277      8BBD
 278 00fe 555EB5A4 		.ascii	"U^\265\244\025C\3602Ppe\332\343\030\305_)\303\311\257"
 278      1543F032 
 278      507065DA 
 278      E318C55F 
 278      29C3C9AF 
 279 0112 1A2AFA2A 		.ascii	"\032*\372*@\030\017\351\246~\036\270P\326C\000r\302"
 279      40180FE9 
 279      A67E1EB8 
 279      50D64300 
 279      72C2
 280 0124 70D841AE 		.ascii	"p\330A\256\310(\351\260Y$\026So\2626$\021\221\247\273"
 280      C828E9B0 
ARM GAS  /tmp/ccsAInkz.s 			page 22


 280      59241653 
 280      6FB23624 
 280      1191A7BB 
 281 0138 72939A5C 		.ascii	"r\223\232\\\"w\265\215\344&\306\2746Nw\222O\366Z\213"
 281      2277B58D 
 281      E426C6BC 
 281      364E7792 
 281      4FF65A8B 
 282 014c 7B4DFA30 		.ascii	"{M\3720L\202\344\307g\251\2273\001qYzXkq\015#\260\321"
 282      4C82E4C7 
 282      67A99733 
 282      0171597A 
 282      586B710D 
 283 0163 EB1A882C 		.ascii	"\353\032\210,\304\237d\232K\226\\\034\235\257\216\027"
 283      C49F649A 
 283      4B965C1C 
 283      9DAF8E17 
 284 0173 0C725AB3 		.ascii	"\014rZ\263e\035\345~N}\356\011\310\006+-\356\303(m\317"
 284      651DE57E 
 284      4E7DEE09 
 284      C8062B2D 
 284      EEC3286D 
 285 0188 ED327BF2 		.ascii	"\3552{\362\354@\027\250\372$u\276\010\311\341\020?q"
 285      EC4017A8 
 285      FA2475BE 
 285      08C9E110 
 285      3F71
 286 019a DF415CCA 		.ascii	"\337A\\\3126?\315%\375e\325\377 SE\316\225)=\303]\010"
 286      363FCD25 
 286      FD65D5FF 
 286      205345CE 
 286      95293DC3 
 287 01b0 937B4A26 		.ascii	"\223{J&\024\262\021\311fr,'\334\307\376\312X\201{.\243"
 287      14B211C9 
 287      66722C27 
 287      DCC7FECA 
 287      58817B2E 
 288 01c5 525AD1A5 		.ascii	"RZ\321\245\211\331\031/\351\226\310\235\264\007\270"
 288      89D9192F 
 288      E996C89D 
 288      B407B8
 289 01d4 0F41ADC6 		.ascii	"\017A\255\306Hu\036\335v\265\273cT\227\311\344_iT\347"
 289      48751EDD 
 289      76B5BB63 
 289      5497C9E4 
 289      5F6954E7 
 290 01e8 B3B83F2D 		.ascii	"\263\270?-\345\340\001\225\224\333_;\362\035\322\270"
 290      E5E00195 
 290      94DB5F3B 
 290      F21DD2B8 
 291 01f8 00F6E321 		.ascii	"\000\366\343!\202\224\032L=\351\367\313T%\200q\004-"
 291      82941A4C 
 291      3DE9F7CB 
 291      54258071 
 291      042D
 292 020a 5E25752F 		.ascii	"^%u/|\374\361?.T\342\221\253\331=B\217!$#\233C\302\376"
 292      7CFCF13F 
ARM GAS  /tmp/ccsAInkz.s 			page 23


 292      2E54E291 
 292      ABD93D42 
 292      8F212423 
 293 0222 70D43D09 		.ascii	"p\324=\011\356O\320C\252\350\224\320\2726\212H{[\213"
 293      EE4FD043 
 293      AAE894D0 
 293      BA368A48 
 293      7B5B8B
 294 0235 D8AB47C4 		.ascii	"\330\253G\304\206\026}WG{L4G\242\341h\273.\326\313\367"
 294      86167D57 
 294      477B4C34 
 294      47A2E168 
 294      BB2ED6CB 
 295 024a E6ADDB9B 		.ascii	"\346\255\333\233\032\033\032\351\022\224\212\204ZEk"
 295      1A1B1AE9 
 295      12948A84 
 295      5A456B
 296 0259 342CF48E 		.ascii	"4,\364\216\335-\2416]\204\367\354(\207\015\315L\015"
 296      DD2DA136 
 296      5D84F7EC 
 296      28870DCD 
 296      4C0D
 297 026b EBA1183D 		.ascii	"\353\241\030=\364\330oAm,\223"
 297      F4D86F41 
 297      6D2C93
 298              		.text
 299              		.section	.gnu.lto_vmt.ac1b3bd50d23d8a0,"",%progbits
 300 0000 789C6363 		.ascii	"x\234cc``8\007\304>\014\0200\205\231q\347\3167\267\331"
 300      60603807 
 300      C43E0C10 
 300      30859971 
 300      E7CE37B7 
 301 0015 EBFF3674 		.ascii	"\353\3776t44<\350>\303\034=\207\231a\0323\206\324\202"
 301      34343CE8 
 301      3EC31C3D 
 301      8799611A 
 301      3386D482 
 302 0029 6D4C7398 		.ascii	"mLs\230\031\24713bH\374c\004\353`\302\220\330\007\224"
 302      19A73133 
 302      6248FC63 
 302      04EB60C2 
 302      90D80794 
 303 003d 609AC6CC 		.ascii	"`\232\306\314\214!Q5\207\231y\0323\013X|\375\233\235"
 303      8C215135 
 303      8799791A 
 303      330B587C 
 303      FD9B9D
 304 0050 3F79BB99 		.ascii	"?y\273\231\3470\2630\202\270/vv]\343\260\330\326\320"
 304      E730B330 
 304      82B82F76 
 304      765DE3B0 
 304      D8D6D0
 305 0063 B1A02161 		.ascii	"\261\240!a\0163\353Tf\006\306\035\2142S\231\031\031"
 305      0E33EB54 
 305      6606C61D 
 305      8C325399 
 305      1919
ARM GAS  /tmp/ccsAInkz.s 			page 24


 306 0075 B733D64F 		.ascii	"\2673\326Oefb\334\006\242\230\031\267\202(\026\306-"
 306      656662DC 
 306      06A29819 
 306      B7822816 
 306      C62D
 307 0087 208A9571 		.ascii	" \212\225q3c=\003\343NF\013\006/\375\214\374\334T\375"
 307      33633D03 
 307      E34E460B 
 307      062FFD8C 
 307      FCDC54FD 
 308 009b CAE20C7D 		.ascii	"\312\342\014}\227\324\342\354\222\374\002\375\344\214"
 308      97D4E2EC 
 308      92FC02FD 
 308      E48C
 309 00a9 CCA4CCFC 		.ascii	"\314\244\314\374b}g\020\355\037\034od\250g\010D\372"
 309      627D6710 
 309      ED1F1C6F 
 309      64A86708 
 309      44FA
 310 00bb 40A18CC4 		.ascii	"@\241\214\304\034\375\234\314$\375\342\222\242\324\304"
 310      1CFD9CCC 
 310      24FDE292 
 310      A2D4C4
 311 00ca DC62FDA4 		.ascii	"\334b\375\244\3224(S/\231\001\000\364df\223"
 311      D2342853 
 311      2F990100 
 311      F4646693 
 312              		.text
 313              		.section	.gnu.lto_.symbol_nodes.ac1b3bd50d23d8a0,"",%progbits
 314 0000 789C5DCA 		.ascii	"x\234]\312=\016\001Q\024\305\361\377\275\357c\354b\022"
 314      3D0E0151 
 314      14C5F1FF 
 314      BDEF63EC 
 314      6212
 315 0012 2B6165F7 		.ascii	"+ae\367\025\242\321h\36461\214Aa\003\323\250\025\022"
 315      15A2D168 
 315      F436318C 
 315      416103D3 
 315      A81512
 316 0025 BA69B5E2 		.ascii	"\272i\265\342\021\022y\305\311I~\347D\340\234\2036j"
 316      111279C5 
 316      C9497EE7 
 316      44E09C83 
 316      366A
 317 0037 B0EC2157 		.ascii	"\260\354!W\273>\245\230m\253&\245\265jZ\332N\315\225"
 317      BB3EA598 
 317      6DAB26A5 
 317      B56A5ADA 
 317      4ECD95
 318 004a B651F3A5 		.ascii	"\266Q\363\245\355\325\302\317\2724\205\320)i\014N\216"
 318      EDD5C2CF 
 318      BA3485D0 
 318      29690C4E 
 318      8E
 319 005b 6AF13341 		.ascii	"j\3613AJ\023\220\203Z\365\017\036\232\353S\360\362m"
 319      4A139083 
 319      5AF50F1E 
ARM GAS  /tmp/ccsAInkz.s 			page 25


 319      9AEB53F0 
 319      F26D
 320 006d E571BF08 		.ascii	"\345q\277\010\316W\334\346C\355=\253\305P\343\302\210"
 320      CE57DCE6 
 320      43ED3DAB 
 320      C550E3C2 
 320      88
 321 007e D9FBF002 		.ascii	"\331\373\360\002\202;:T"
 321      823B3A54 
 322              		.text
 323              		.section	.gnu.lto_.refs.ac1b3bd50d23d8a0,"",%progbits
 324 0000 789C6363 		.ascii	"x\234cc``\020\002bFV&6FV6&\006&\026&F&&&f\006\000\004"
 324      60601002 
 324      62465626 
 324      36465636 
 324      26062616 
 325 001d 340047   		.ascii	"4\000G"
 326              		.text
 327              		.section	.gnu.lto_.decls.ac1b3bd50d23d8a0,"",%progbits
 328 0000 789CAD58 		.ascii	"x\234\255XiP\034\307\025\236\236^\226e\271\024\300\266"
 328      69501CC7 
 328      159E9E5E 
 328      9665B914 
 328      C0B6
 329 0012 E2E0944C 		.ascii	"\342\340\224L\326.\312Uf\215\224J\362#UN\354\244l9\261"
 329      D62ECA55 
 329      668D944A 
 329      F223554E 
 329      ECA46C39 
 330 0027 5D2959AE 		.ascii	"])Y\256\222S\225\365\002\213\300\201\205\260Kl\345\327"
 330      925395F5 
 330      028BC081 
 330      85B04B6C 
 330      E5D7
 331 0039 88CB5832 		.ascii	"\210\313X2\002Y\207Y@' \304e\300\240\003qh\005\010\035"
 331      02598759 
 331      402720C4 
 331      65C0A003 
 331      71680508 
 332 004e 8843605D 		.ascii	"\210C`]\2268\214\320-\003\002\011\031\201 \257\273g"
 332      96388CD0 
 332      2D030209 
 332      198120AF 
 332      BB67
 333 0060 76675783 		.ascii	"vgW\203dWy\212\267\275\335\363\372}_\177\357\365l\017"
 333      6457798A 
 333      B7BDDDF3 
 333      FA7D5F7F 
 333      EFF56C0F 
 334 0074 6A8EE3FE 		.ascii	"j\216\343\376\366\024\307\375\021s\234\025l\036.\015"
 334      F614C7FD 
 334      11739C15 
 334      6C1E2E0D 
 335 0084 8C1D01F3 		.ascii	"\214\035\001\363\0023\200\331\301\332\300\232\301\332"
 335      023380D9 
 335      C1DAC09A 
 335      C1DA
ARM GAS  /tmp/ccsAInkz.s 			page 26


 336 0092 C19E431C 		.ascii	"\301\236C\034\207\301~\015\366\001\307.2'\004\372:\260"
 336      87C17E0D 
 336      F601C72E 
 336      322704FA 
 336      3AB0
 337 00a4 17C142C1 		.ascii	"\027\301B\301^\002\323\203\275\012\266\034\014\376\270"
 337      5E02D383 
 337      BD0AB61C 
 337      0CFEB8
 338 00b3 B710E772 		.ascii	"\267\020\347r\375\225\3478?h\003\300\202D\034\011S\302"
 338      FD95E738 
 338      3F6803C0 
 338      82441C09 
 338      53C2
 339 00c5 9985EFB7 		.ascii	"\231\205\357\267\300~Eb\200\315\020\316\320\336\204"
 339      C07E4562 
 339      80CD10CE 
 339      D0DE84
 340 00d4 1628734F 		.ascii	"\026(sO\303\367\207\320\336\343\030F\210\033\006\271"
 340      C3F787D0 
 340      DEE31846 
 340      881B06B9 
 341 00e4 96BBE1F4 		.ascii	"\226\273\341\364\2138\315n8\203n8\177\207v\300\015\347"
 341      8B38CD6E 
 341      38836E38 
 341      7F8776C0 
 341      0DE7
 342 00f6 AE88A353 		.ascii	"\256\210\243S\300y\233g\030\3568\004c\025\347\304\231"
 342      C0799B67 
 342      18EE3804 
 342      6315E7C4 
 342      99
 343 0107 040B16B1 		.ascii	"\004\013\026\261\310\232%\274\267\241\235\200\366\244"
 343      C89A25BC 
 343      B7A19D80 
 343      F6A4
 344 0115 C8CD03EC 		.ascii	"\310\315\003\354)\344\304\376\201\304\025\265|Q\001"
 344      29E4C4FE 
 344      81C415B5 
 344      7C5101
 345 0124 FF1F80AF 		.ascii	"\377\037\200\257}\314:W\3110\011\006/\306\227b\206*"
 345      7DCC3A57 
 345      C9300906 
 345      2FC69762 
 345      862A
 346 0136 C45CC9B3 		.ascii	"\304\\\311\263X\3569j\227\305$\265`\224\255\357\212"
 346      58EE396A 
 346      97C524B5 
 346      6094ADEF 
 346      8A
 347 0147 884330DE 		.ascii	"\210C0\336\201\366=\231\246+\241\035\221\255-H\266\276"
 347      81F63D99 
 347      A62BA11D 
 347      91AD2D48 
 347      B6BE
 348 0159 0722A797 		.ascii	"\007\"\247\227\304\272q\277\014b\036?\224\361\221\327"
 348      C4BA71BF 
ARM GAS  /tmp/ccsAInkz.s 			page 27


 348      0C621E3F 
 348      94F191D7 
 349 0169 23C1FC05 		.ascii	"#\301\374\005\330\"\021\373}\261F\011\3477\341\273\012"
 349      D82211FB 
 349      7DB14609 
 349      E737E1BB 
 349      0A
 350 017a DA67443C 		.ascii	"\332gD<\202K\360\011\236\37615\272\005\034\324\034\253"
 350      824BF009 
 350      9EFE3135 
 350      BA051CD4 
 350      1CAB
 351 018c 8D49716D 		.ascii	"\215Iqm\244\036\311\272\011\016\271\347\015\255\027"
 351      A41EC9BA 
 351      090EB9E7 
 351      0DAD17
 352 019b 981F9806 		.ascii	"\230\037\230\006\314\007L\213\330\032C\305=\241\023"
 352      CC074C8B 
 352      D81A43C5 
 352      3DA113
 353 01aa F784527D 		.ascii	"\367\204R}n\306\350tZu\001^\217Q\200\026\251\240{\247"
 353      6EC6E874 
 353      5A75015E 
 353      8F518016 
 353      A9A07BA7 
 354 01be 33EFB21F 		.ascii	"3\357\262\037t\203\264h\011t\253\322GJ5\320\015\326"
 354      7483B468 
 354      0974ABD2 
 354      474A35D0 
 354      0DD6
 355 01d0 A27944FA 		.ascii	"\242yD\372\267\353\247}Y\237Ln\252K\237\327`\236~\237"
 355      B7EBA77D 
 355      599F4C6E 
 355      AA4B9FD7 
 355      609E7E9F 
 356 01e4 9A3EF8DB 		.ascii	"\232>\370\333\260\012\201]\232\002\314\241\003\010K"
 356      B00A815D 
 356      9A02CCA1 
 356      03084B
 357 01f3 2875F6C9 		.ascii	"(u\366\311J\025^I\034\371\232\312\221\217P\250v\017"
 357      4A155E49 
 357      1CF99ACA 
 357      918F50A8 
 357      760F
 358 0205 F1B3CFE7 		.ascii	"\361\263\317\347\207\245\177*\010<j@ZT\2170:\210\302"
 358      87A57F2A 
 358      083C6A40 
 358      5A548F30 
 358      3A88C2
 359 0218 600A00C0 		.ascii	"`\012\000\300g\246 \244\010B\241\200\027shY0z%\230C"
 359      67A620A4 
 359      0842A180 
 359      17736859 
 359      307A2598 
 360 022d 87502801 		.ascii	"\207P(\001'^h?\012F\373P0\211_\272co\233/\316B\024`"
 360      275E683F 
 360      0A46FB50 
ARM GAS  /tmp/ccsAInkz.s 			page 28


 360      30895FBA 
 360      636F9B2F 
 361 0245 A072AC0B 		.ascii	"\240r\254\013;\020\306\312Bj\323\011B3 4:\021\000P\031"
 361      3B10C6CA 
 361      426AD309 
 361      42332034 
 361      3A110050 
 362 025a A2491962 		.ascii	"\242I\031b\372Z\213\240\322\212\376\231O\366\357\351"
 362      FA5A8BA0 
 362      D28AFE99 
 362      4FF6EFE9 
 363 026a AE1CE37D 		.ascii	"\256\034\343}\326\021\377\235\251\202\327\233\3500\340"
 363      D611FF9D 
 363      A982D79B 
 363      E830E0
 364 0279 D7C1FD5A 		.ascii	"\327\301\375Z\270\317!;\362!\332\220\026\234\373\217"
 364      B8CF213B 
 364      F221DA90 
 364      169CFB8F 
 365 0289 9796932C 		.ascii	"\227\226\223,\254\002\235\341\362\227I\275\212I]4=v"
 365      AC029DE1 
 365      F29749BD 
 365      8A495D34 
 365      3D76
 366 029b C0071F64 		.ascii	"\300\007\037d+\354\354\271\177H\203\264\241\231\216"
 366      2BECECB9 
 366      7F4883B4 
 366      A1998E
 367 02aa E89C2334 		.ascii	"\350\234#4:\012|V\211|Z`\360\010\014\212bW\2054\014"
 367      3A0A7C56 
 367      897C5A60 
 367      F0080C8A 
 367      62578534 
 368 02bf 08C212D4 		.ascii	"\010\302\022\324\006TZ\235R\254\"J\220A\300)\253\253"
 368      06545A9D 
 368      52AC224A 
 368      9041C029 
 368      ABAB
 369 02d1 D8E32FA7 		.ascii	"\330\343/\247\335\354B\273]\244\335Ni\3475\334=\351"
 369      DDEC42BB 
 369      5DA4DD4E 
 369      69E735DC 
 369      3DE9
 370 02e3 C18A4703 		.ascii	"\301\212G\003\335\222\264\206\013^x\202rD\033\307'6"
 370      DD92B486 
 370      0B5E7882 
 370      72441BC7 
 370      2736
 371 02f5 A9895E82 		.ascii	"\251\211^\202\030(@\036\347\004Q\037\351\203\341\217"
 371      1828401E 
 371      E704511F 
 371      E983E18F 
 372 0305 380F5FDC 		.ascii	"8\017_\334\371j@\016-\235T\341O\210\2022y9t\022\005"
 372      F96A400E 
 372      2D9D54E1 
 372      4F888232 
 372      79397412 
ARM GAS  /tmp/ccsAInkz.s 			page 29


 373 031a 481388EB 		.ascii	"H\023\210\353\335\302s\023*<-\202\314\027}\343\205\347"
 373      DDC27313 
 373      2A3C2D82 
 373      CC177DE3 
 373      85E7
 374 032c 58A777FC 		.ascii	"X\247w\374\3246o\306f\021t\347\307&\007|p\012\253\316"
 374      D4366FC6 
 374      661174E7 
 374      C726077C 
 374      700AABCE 
 375 0340 BAC1DE12 		.ascii	"\272\301\336\022o\025l)\032\332\254\"cm\353\326\257"
 375      6F156C29 
 375      1ADAAC22 
 375      636DEBD6 
 375      AF
 376 0351 A043061F 		.ascii	"\240C\006\037\324\215\350\320\321\371\373v\177\026\202"
 376      D48DE8D0 
 376      D1F9FB76 
 376      7F1682
 377 0360 97450C62 		.ascii	"\227E\014b\021\323\263*\277\324BW\315\262\344\011C#"
 377      11D3B32A 
 377      BFD44257 
 377      CDB2E409 
 377      4323
 378 0372 E30FF6AB 		.ascii	"\343\017\366\253\330\020!\377\011\014m\263]\252\361"
 378      D81021FF 
 378      090C6DB3 
 378      5DAAF1
 379 0381 C3191497 		.ascii	"\303\031\024\227o\356;\230\346+\253\366\337\331\306"
 379      6FEE3B98 
 379      E62BABF6 
 379      DFD9C6
 380 0390 4902CE01 		.ascii	"I\002\316\001\2113\316\004\250\305R\024\036I\346YH\246"
 380      8933CE04 
 380      A8C55214 
 380      1E49E659 
 380      48A6
 381 03a2 5A4CE637 		.ascii	"ZL\34670\330\307\212kbz\274N\205s\030F\355\246\331\\"
 381      30D8C78A 
 381      6B627ABC 
 381      4E857318 
 381      46EDA6D9 
 382 03b7 3F59BD2F 		.ascii	"?Y\275/\335G\353\375[\3008\357\3048\207\026\004\271"
 382      DD47EBFD 
 382      5BC038EF 
 382      C4388716 
 382      04B9
 383 03c9 A00C72EE 		.ascii	"\240\014r\356\363\276\213j\234\313@\016t\\\232qn\252"
 383      F3BE8B6A 
 383      9CCB400E 
 383      745C9A71 
 383      6EAA
 384 03db FB1D4BF2 		.ascii	"\373\035K\362'\310B\372\001\344\242\023\344\333\205"
 384      27C842FA 
 384      01E4A213 
 384      E4DB85
 385 03ea 412E2983 		.ascii	"A.)\203<8{#E\263x+\231\221\223*,\342i\304^\270\177\232"
ARM GAS  /tmp/ccsAInkz.s 			page 30


 385      3C387B23 
 385      45B3782B 
 385      9991932A 
 385      2CE269C4 
 386 0402 D6C9005A 		.ascii	"\326\311\000Z\014\237=H\305\222\177\377|S\217\313\246"
 386      0C9F3D48 
 386      C5927FFF 
 386      7C538FCB 
 386      A6
 387 0413 82FBB2AA 		.ascii	"\202\373\262\252\032d\325\011\216\243\031\207\372\375"
 387      1A64D509 
 387      8EA31987 
 387      FAFD
 388 0421 F0772CF9 		.ascii	"\360w,\371\005#Y\033<h\246\333\034\311o\354\255\271"
 388      0523591B 
 388      3C68A6DB 
 388      1CC96FEC 
 388      ADB9
 389 0433 C2C6A094 		.ascii	"\302\306\240\224\321w,\375\017\233\217T`\251$\206\331"
 389      D1772CFD 
 389      0F9B8F54 
 389      60A92486 
 389      D9
 390 0444 D8685DCA 		.ascii	"\330h]\312g\274\234`\233\013\301\021J\360\262D\260y"
 390      67BC9C60 
 390      9B0BC111 
 390      4AF0B244 
 390      B079
 391 0456 5F299090 		.ascii	"_)\220\220\021\034q!x\305A\360\314\265\372)o|ua\202"
 391      111C7121 
 391      78C541F0 
 391      CCB5FA29 
 391      6F7C7561 
 392 046b 97360D37 		.ascii	"\2276\0157\260\212\205G\004\272\306\310d\335\025\272"
 392      B08A8547 
 392      04BAC6C8 
 392      64DD15BA 
 393 047b FD2582D7 		.ascii	"\375%\202\327\331Xi\177\366\006\377\205\011\336\244"
 393      D958697F 
 393      F606FF85 
 393      09DEA4
 394 048a 046F4804 		.ascii	"\004oH\004\367\026?\254\364\222\023\274\351B\360\226"
 394      F7163FAC 
 394      F49213BC 
 394      E942F096 
 395 049a 83E057BD 		.ascii	"\203\340W\275\327\357\361\3706#8\223}\251\003\343Y\326"
 395      D7EFF1F8 
 395      36233893 
 395      7DA903E3 
 395      59D6
 396 04ac B933BBED 		.ascii	"\2713\273\355\200\027\333$AD\264\301\234\034O\266Iv"
 396      8017DB24 
 396      4144B4C1 
 396      9C1C4FB6 
 396      4976
 397 04be D2DF88FE 		.ascii	"\322\337\210\376\335\231\276\030\276\320(\0253\325Z"
 397      DD99BE18 
ARM GAS  /tmp/ccsAInkz.s 			page 31


 397      BED02815 
 397      33D55A
 398 04cd 89305BD8 		.ascii	"\2110[\330\025a\270\322o\341\214OP\276w$\276\345\331"
 398      1561B8D2 
 398      6FE18C4F 
 398      50BE7724 
 398      BEE5D9
 399 04e0 E5CFC8E9 		.ascii	"\345\317\310\351N\270\320\235\224\350z6\336,\265k\221"
 399      4EB8D09D 
 399      94E87A36 
 399      DE2CB56B 
 399      91
 400 04f1 4EA70BD4 		.ascii	"N\247\013\324\205\352v\023\177\373\261[:[{\206\220c"
 400      85EA7613 
 400      7FFBB15B 
 400      3A5B7B86 
 400      9063
 401 0503 247581BA 		.ascii	"$u\201\272\240J\357\243@gA\036\243\021\352\310'\307"
 401      A04AEFA3 
 401      4067411E 
 401      A311EAC8 
 401      27C7
 402 0515 26F4A0E3 		.ascii	"&\364\240\343\257\020\005\320Uw_\275\242+\021\372\266"
 402      AF1005D0 
 402      55775FBD 
 402      A22B11FA 
 402      B6
 403 0526 A26B38F1 		.ascii	"\242k8\361\334H\227\010\006kAcp\177\224\334\377^\234"
 403      DC489708 
 403      066B4163 
 403      707F94DC 
 403      FF5E9C
 404 0539 001B014D 		.ascii	"\000\033\001M\303\236\230B:t\017\354\001\330]\260\037"
 404      C39E9842 
 404      3A740FEC 
 404      01D85DB0 
 404      1F
 405 054a 908EFE6A 		.ascii	"\220\216\376j\312p`\225h\334\035\247\0239\200\330\236"
 405      CA706095 
 405      68DC1DA7 
 405      133980D8 
 405      9E
 406 055b 6CB72D5A 		.ascii	"l\267-Z\013X\304\213\023\367\2433N\227M\235'\330\323"
 406      0B58C48B 
 406      13F7A333 
 406      4E974D9D 
 406      27D8D3
 407 056e 30A94034 		.ascii	"0\251@4\244,\005\215\005\222oi\2723\255\016\024\331"
 407      A42C058D 
 407      05926F69 
 407      BA33AD0E 
 407      14D9
 408 0580 672EC89E 		.ascii	"g.\310\236[\220:\304\330\236\321\020-O\333\214\014\216"
 408      5B903AC4 
 408      D89ED110 
 408      2D4FDB8C 
 408      0C8E
ARM GAS  /tmp/ccsAInkz.s 			page 32


 409 0592 43B352DA 		.ascii	"C\263R\332psVV\221/\322\005\2062\232\243y\001\305\251"
 409      70735656 
 409      912FD205 
 409      86329AA3 
 409      7901C5A9 
 410 05a6 022C193C 		.ascii	"\002,\031<\320)\300\232{\214\264\020\231\222s\306\235"
 410      D029C09A 
 410      7B8CB410 
 410      999273C6 
 410      9D
 411 05b7 13759D07 		.ascii	"\023u\235\007]\037\212d\2308\003y\001T\2349Wq\200\251"
 411      5D1F8A64 
 411      98380379 
 411      01549C39 
 411      577180A9 
 412 05cb ADAABED6 		.ascii	"\255\252\276\326\027\017\321r\3457\217\256\205Gi`\250"
 412      170FD172 
 412      E5378FAE 
 412      85476960 
 412      A8
 413 05dc 627C94C2 		.ascii	"b|\224\302\207>\006b.O\015\007\037\264\226\017D\002"
 413      873E0662 
 413      2E4F0D07 
 413      1FB4960F 
 413      4402
 414 05ee EF782212 		.ascii	"\357x\"\022@\212\263\353\320p\272\257\\\022\342\350"
 414      408AB3EB 
 414      D070BAAF 
 414      5C12E2E8 
 415 05fe A49ECA4B 		.ascii	"\244\236\312K\033\357\372\247\027n{\340{l\377\214\246"
 415      1BEFFAA7 
 415      176E7BE0 
 415      7B6CFF8C 
 415      A6
 416 060f 5D19127F 		.ascii	"]\031\022\177\323\026C\267\2721\355{\361xf'{-\265\246"
 416      D31643B7 
 416      BA31ED7B 
 416      F1786627 
 416      7B2DB5A6 
 417 0623 A6578537 		.ascii	"\246W\2057\250\210\257\246y\337\366\365\376d\013\350"
 417      A888AFA6 
 417      79DFF6F5 
 417      FE640BE8 
 418 0633 600B0432 		.ascii	"`\013\0042A/\257\303\331\255.{ \233\377\361{\300\305"
 418      412FAFC3 
 418      D9AD2E7B 
 418      209BFFF1 
 418      7BC0C5
 419 0646 57790F90 		.ascii	"Wy\017\220\260\237\362n\256\235\312a\245\375\362h\330"
 419      B09FF26E 
 419      AE9DCA61 
 419      A5FDF268 
 419      D8
 420 0657 F060E58A 		.ascii	"\360`\345\212W\210*\253\370\251\\V\361\340\365h\305"
 420      57882AAB 
 420      F8A95C56 
 420      F1E0F568 
ARM GAS  /tmp/ccsAInkz.s 			page 33


 420      C5
 421 0668 CFE5BA55 		.ascii	"\317\345\272U\274\302\302\037\335\246\031|0J\347\301"
 421      BCC2C21F 
 421      DDA6197C 
 421      304AE7C1 
 422 0678 214D5C13 		.ascii	"!M\\\023\311u\026\344}=\257C\237\201m\000\313\004\373"
 422      C97516E4 
 422      7D3DAF43 
 422      9F816D00 
 422      CB04FB
 423 068b 1C6C1DEF 		.ascii	"\034l\035\357\250\367\276\372{;\260\353\236Q\012\305"
 423      A8F7BEFA 
 423      7B3BB0EB 
 423      9E510AC5 
 424 069b 3D29CEAE 		.ascii	"=)\316\256\013\331\325.\307\257\034\227*\331\350\250"
 424      0BD9D52E 
 424      C7AF1C97 
 424      2AD9E8A8 
 425 06ab 92FD574F 		.ascii	"\222\375WO\264kY%\010\244\022v\214W\214k\361 \255\004"
 425      B46B5925 
 425      08A41276 
 425      8C578C6B 
 425      F120AD04 
 426 06bf 75CE0F2D 		.ascii	"u\316\017-\205\210VB(\251\003\220\252\367\331\\\301"
 426      85885642 
 426      28A90390 
 426      AAF7D95C 
 426      C1
 427 06d0 BE1693C3 		.ascii	"\276\026\223\303\024:\016b\330 \254x~\225I\341\226\253"
 427      143A0E62 
 427      D820AC78 
 427      7E9549E1 
 427      96AB
 428 06e2 4D3C737C 		.ascii	"M<s|R\271@\355\242\016\344\346\373H\271t\345\005\261"
 428      52B940ED 
 428      A20EE4E6 
 428      FB48B974 
 428      E505B1
 429 06f5 BD0D8BA0 		.ascii	"\275\015\213\240{\373QwYn\347ll\303\332\\s\353\222\254"
 429      7BFB5177 
 429      596EE76C 
 429      6CC3DA5C 
 429      73EB92AC 
 430 0709 2F406156 		.ascii	"/@aV\02461S\271\220\251/A\321\255`\233\301\2668\225"
 430      14363153 
 430      B990A92F 
 430      41D1AD60 
 430      9BC1B638 
 431 071e 2DDE733E 		.ascii	"-\336s>W\213/S\201\370B!\277[#\355s\367p\250\000\242"
 431      578B2F53 
 431      81F84221 
 431      BF5B23ED 
 431      73F770A8 
 432 0734 3C29A2F4 		.ascii	"<)\242\364X\241{>\037\234\363\234{\236p\246\230\205"
 432      58A17B3E 
 432      1F9CF39C 
 432      7B9E70A6 
ARM GAS  /tmp/ccsAInkz.s 			page 34


 432      9885
 433 0746 F333D92E 		.ascii	"\3633\331.?\266\371.\331\334\306\262IZp\236,\234n\365"
 433      3FB6F92E 
 433      D9DCC6B2 
 433      495A709E 
 433      2C9C6EF5 
 434 075a 913B935C 		.ascii	"\221;\223\\9\235\267\213\316\333\251\363\241#M\207\275"
 434      399DB78B 
 434      CEDBA9F3 
 434      A1234D87 
 434      BD
 435 076b 07E1A793 		.ascii	"\007\341\247\223\374\264.\242\214\020b\237\320\022\243"
 435      FCB42EA2 
 435      8C10629F 
 435      D012A3
 436 077a FD79E942 		.ascii	"\375y\351Bl\034Fy\326\210\256\244#MA\216\021^\214\301"
 436      6C1C4679 
 436      D688AEA4 
 436      234D418E 
 436      115E8CC1 
 437 078e 4B71E99F 		.ascii	"Kq\351\237\030\000\311\243\262\373\014N\2728\346\317"
 437      1800C9A3 
 437      B2FB0C4E 
 437      BA38E6CF 
 438 079e F838E7B1 		.ascii	"\3708\347\261!\336\011&\233\362\010W\316q\333A\312\271"
 438      21DE0926 
 438      9BF20857 
 438      CE71DB41 
 438      CAB9
 439 07b0 4824A6B4 		.ascii	"H$\246\264\244\300\3461\004G@\016\301\313v\216\306L"
 439      A4C0E631 
 439      0447400E 
 439      C1CB768E 
 439      C64C
 440 07c2 9F987D65 		.ascii	"\237\230}e\2151x\232\246\031\335\256\330R"
 440      8D31789A 
 440      A619DDAE 
 440      D852
 441 07d0 A40DD929 		.ascii	"\244\015\331)\330\207\004{\367^|\253\371\272 hU\364"
 441      D887047B 
 441      F75E7CAB 
 441      F9BA2068 
 441      55F4
 442 07e2 C8B3CB99 		.ascii	"\310\263\313\231.\370\012\237;\371!\204v\360\203\020"
 442      2EF80A9F 
 442      3BF92184 
 442      76F08310 
 443 07f2 6D371F02 		.ascii	"m7\037\002\223\2175\025\264\371\343S\0364\322\351\257"
 443      938F3515 
 443      B4F9E353 
 443      1E34D2E9 
 443      AF
 444 0803 FA72FCC4 		.ascii	"\372r\374\304H\355\266\340]\251\302^\201\234\177\311"
 444      48EDB6E0 
 444      5DA9C25E 
 444      819C7FC9 
 445 0813 F9B3D019 		.ascii	"\371\263\320\031\252\320=T\021\015\2256\\\236\256\301"
ARM GAS  /tmp/ccsAInkz.s 			page 35


 445      AAD03D54 
 445      110D9536 
 445      5C9EAEC1 
 446 0823 A759A8F5 		.ascii	"\247Y\250\3657N,\023#\335\374%<\242\340}\022N\353\344"
 446      374E2C13 
 446      23DDFC25 
 446      3CA2E07D 
 446      124EEBE4 
 447 0837 5C53EC0C 		.ascii	"\\S\354\014T\354\036h\017\015\264\253\345V\223?>\313"
 447      54EC1E68 
 447      0F0DB4AB 
 447      E556933F 
 447      3ECB
 448 0849 021D9F9F 		.ascii	"\002\035\237\237*\363\026#=x\326\021\211P*qF*q\217\264"
 448      2AF31623 
 448      3D78D611 
 448      89502A71 
 448      462A718F 
 449 085e 97466ABF 		.ascii	"\227Fj\277xmZ\215\373Y\244\213i\305}*iu\367\261#\024"
 449      786D5A8D 
 449      FB59A48B 
 449      69C57D2A 
 449      6975F7B1 
 450 0874 39BC963A 		.ascii	"9\274\226:C\225\272\207*\243\241\276m\231\275\345\213"
 450      4395BA87 
 450      2AA3A1BE 
 450      6D99BDE5 
 450      8B
 451 0885 4758A881 		.ascii	"GX\250\201\222\231\177\322\363\036y(\210'\331\222\375"
 451      92997FD2 
 451      F31E7928 
 451      8827D992 
 451      FD
 452 0896 73ECD00A 		.ascii	"s\354\320\012\205\216*x:\370\305T\366\274\267\374\024"
 452      858E2A78 
 452      3AF8C554 
 452      F6BCB7FC 
 452      14
 453 08a7 F8E1D3B2 		.ascii	"\370\341\323\262C\340W<9\004V\362\342!\260\247\243s"
 453      43E0573C 
 453      390456F2 
 453      E221B0A7 
 453      A373
 454 08b9 9D1AF8ED 		.ascii	"\235\032\370\355\004~\003\333}\034\374\300\015\225;"
 454      047E03DB 
 454      7D1CFCC0 
 454      0D953B
 455 08c8 F995BBF3 		.ascii	"\371\225\273\363\253\242\374\362\313\032j\325x\202\361"
 455      ABA2FCF2 
 455      CB1A6AD5 
 455      7882F1
 456 08d7 EBACBAB1 		.ascii	"\353\254\272\261^\215\247Y\247:\377\352IO`\206j\310"
 456      5E8DA759 
 456      A73AFFEA 
 456      494F6086 
 456      6AC8
 457 08e9 4C3AB2D6 		.ascii	"L:\262\326^\342\213\347\330\355\335\305\333{\275\310"
ARM GAS  /tmp/ccsAInkz.s 			page 36


 457      5EE28BE7 
 457      D8EDDDC5 
 457      DB7BBDC8 
 458 08f9 ED5AB88D 		.ascii	"\355Z\270\215\276f\304\225\316\352\255\2253v\366\336"
 458      BE66C495 
 458      CEEAAD95 
 458      3376F6DE 
 459 0909 60F441FB 		.ascii	"`\364A\373\230\337\266\372\221m^\322\311w?\033;\233"
 459      98DFB6FA 
 459      916D5ED2 
 459      C9773F1B 
 459      3B9B
 460 091b FAF994DF 		.ascii	"\372\371\224\337\363\031\352\035\202\206\2425\331n\324"
 460      F319EA1D 
 460      8286A235 
 460      D96ED4
 461 092a AAA8CF41 		.ascii	"\252\250\317A\376y:25\234\265\311\023g\252\331A{\307"
 461      FE793A32 
 461      359CB5C9 
 461      1367AAD9 
 461      417BC7
 462 093d E41E35C1 		.ascii	"\344\0365\301?\004k\254'b\220\367\337K\266F\017\234"
 462      3F046BAC 
 462      276290F7 
 462      DF4BB646 
 462      0F9C
 463 094f C33CCABF 		.ascii	"\303<\312\277,\352\241\013h$\014\033\030J\306\334\326"
 463      2CEAA10B 
 463      68240C1B 
 463      184AC6DC 
 463      D6
 464 0960 5A2C9716 		.ascii	"Z,\227\026\010\210\322\242&pA\315T\335\003\222\272]"
 464      0888D2A2 
 464      267041CD 
 464      54DD0392 
 464      BA5D
 465 0972 65FB8E7A 		.ascii	"e\373\216z\202\272CP\000\307:~s\370\353\353B\346:\341"
 465      82BA4350 
 465      00C73A7E 
 465      73F8EBEB 
 465      42E63AE1 
 466 0986 15211D13 		.ascii	"\025!\035\023OT-\011\214\352x\025\351\261\215x\230j"
 466      4F542D09 
 466      8CEA7815 
 466      E9B18D78 
 466      986A
 467 0998 5B75A031 		.ascii	"[u\2401\313\003\357W/ \247\253\202G~\214\202\037hQ\253"
 467      CB03EF57 
 467      2F20A7AB 
 467      82477E8C 
 467      821F6851 
 468 09ad 82826D6C 		.ascii	"\202\202mlLQ\022W\025\332\237\254\3021\242\302q\252"
 468      4C511257 
 468      15DA9FAC 
 468      C231A2C2 
 468      71AA
 469 09bf C2514985 		.ascii	"\302QI\205c5[\347U\242\012'\213p\316fa\010\216\200>"
ARM GAS  /tmp/ccsAInkz.s 			page 37


 469      63355BE7 
 469      55A20A27 
 469      8B70CE66 
 469      61088E80 
 470 09d4 C40DD91D 		.ascii	"\304\015\331\035\022\264\200\004vI\202\023T\202\201"
 470      12B48004 
 470      76498213 
 470      548281
 471 09e3 AFCB0BBC 		.ascii	"\257\313\013\274^(\024z\354\364!\323\321z\016\346\361"
 471      5E28147A 
 471      ECF421D3 
 471      D17A0EE6 
 471      F1
 472 09f4 F487FB14 		.ascii	"\364\207\373\024{3v\034\0058:\362/`z\222\177\001\246"
 472      7B33761C 
 472      05383AF2 
 472      2F607A92 
 472      7F01A6
 473 0a07 5E9E6DB9 		.ascii	"^\236m\271\340!=\3623\027z\031C\035\364\221\177f\260"
 473      E0213DF2 
 473      33177A19 
 473      431DF491 
 473      7F66B0
 474 0a1a AB4A2377 		.ascii	"\253J#wV|\367E\247\250s\365\221\224\007H\356\254\370"
 474      567CF745 
 474      A7A873F5 
 474      91940748 
 474      EEACF8
 475 0a2d DE843AA9 		.ascii	"\336\204:\251\363gcc\255Z\227\377\371\360r\347.\361"
 475      F3676363 
 475      AD5A97FF 
 475      F9F072E7 
 475      2EF1
 476 0a3f 97A78B3A 		.ascii	"\227\247\213:+eo\252{4@\232\237\002\363#\236\226M7J"
 476      2B656FAA 
 476      7B34409A 
 476      9F02F323 
 476      9E964D37 
 477 0a54 4796D2E6 		.ascii	"G\226\322\346\2462\366\034\200wx\324\315+N\375P>\025"
 477      A632F61C 
 477      807778D4 
 477      CD2B4EFD 
 477      503E15
 478 0a67 52C6B636 		.ascii	"R\306\26668\236\2379x\217\315\356\205\331\247\331\354"
 478      389E9F39 
 478      788FCDEE 
 478      85D9A7D9 
 478      EC
 479 0a78 FC8D9B82 		.ascii	"\374\215\233\202\037W\351\337\320\034\367\321\034\223"
 479      1F57E9DF 
 479      D01CF7D1 
 479      1C93
 480 0a86 0E79D61D 		.ascii	"\016y\326\035=\321\355#WF\361\015\035\235QV\346\270"
 480      3DD1ED23 
 480      5746F10D 
 480      1D9D5156 
 480      E6B8
ARM GAS  /tmp/ccsAInkz.s 			page 38


 481 0a98 8B326745 		.ascii	"\2132gEeH\273\\\037\223\020o\322\257\261\304\350\377"
 481      6548BB5C 
 481      1F93106F 
 481      D2AFB1C4 
 481      E8FF
 482 0aaa 62B2FCDB 		.ascii	"b\262\374\333\232\220\250\217\214\211\215\210M\260\350"
 482      9A90A88F 
 482      8C898D88 
 482      4DB0E8
 483 0ab9 5F27EDBB 		.ascii	"_'\355\273+\014K\303\303\302\341O\017C1\3068}\\l\204"
 483      2B0C4BC3 
 483      C3C2E14F 
 483      0F4331C6 
 483      387D5C6C 
 484 0ace DE624D32 		.ascii	"\336bM2\031\343-\372\210\344h\361kX\244\346\215wV.y"
 484      19E32DFA 
 484      88E468F1 
 484      6B58A4E6 
 484      8D77562E 
 485 0ae3 3D3C9CF3 		.ascii	"=<\234\3632\030\222c\315\326?\030\254/\353\223-I\372"
 485      32189263 
 485      CDD63F18 
 485      AC2FEB93 
 485      2D49FA
 486 0af6 5873645C 		.ascii	"Xsd\\r\224Io6}L\346\306\033\001\300l\322\033\242L\321"
 486      7294496F 
 486      367D4CE6 
 486      C61B01C0 
 486      6CD21BA2 
 487 0b0c C6E438AB 		.ascii	"\306\3448\253\301\272&\321d\011\213\341<\305Y!J\263"
 487      C1BA26D1 
 487      64098BE1 
 487      3CC55921 
 487      4AB3
 488 0b1e 2C6B2C7A 		.ascii	",k,z\203\305\032\005.\340\252\266\304\376\317d\260."
 488      83C51A05 
 488      2EE0AAB6 
 488      C4FECF64 
 488      B02E
 489 0b30 A59EE4F6 		.ascii	"\245\236\344\366\352\310H\2751)\376es\202\331\364\262"
 489      EAC848BD 
 489      3129FE65 
 489      7382D9F4 
 489      B2
 490 0b41 C91811AB 		.ascii	"\311\030\021\253\377}\3302\340,E\201\231\000Gf\002\345"
 490      FF7DD832 
 490      E02C4581 
 490      99004766 
 490      02E5
 491 0b53 6853922A 		.ascii	"hS\222*\302bI\304\377\215\267\342\304d+\020\206\260"
 491      C26249C4 
 491      FF8DB7E2 
 491      C4642B10 
 491      86B0
 492 0b65 CB961AAC 		.ascii	"\313\226\032\254\236b\353\021oYm\260\276\366\223\264"
 492      9E62EB11 
 492      6F596DB0 
ARM GAS  /tmp/ccsAInkz.s 			page 39


 492      BEF693B4 
 493 0b75 49B23AD0 		.ascii	"I\262:\320\"cL\306\244\2705\000\247\002q\242<>N\212"
 493      22634CC6 
 493      A4B83500 
 493      A70271A2 
 493      3C3E4E8A 
 494 0b89 B59AFC63 		.ascii	"\265\232\374c\315\026\253\321\034i2$DG[L\326g^3ZL+L"
 494      CD16ABD1 
 494      1C693224 
 494      44475B4C 
 494      D6675E33 
 495 0ba1 FF493699 		.ascii	"\377I6\231\255\261\306\270\025T\307\367\337~\017\257"
 495      ADB1C6B8 
 495      1554C7F7 
 495      DF7E0FAF 
 496 0bb1 3659DFF8 		.ascii	"6Y\337\370\311Y\221\240\341\273AJI\014\027\244\204\261"
 496      C95991A0 
 496      E1BB414A 
 496      490C17A4 
 496      84B1
 497 0bc3 F8352A81 		.ascii	"\3705*\201)\212u\377\034eL\264\232\222\000\331#\331"
 497      298A75FF 
 497      1C654CB4 
 497      9A9200D9 
 497      23D9
 498 0bd5 0CD86FFD 		.ascii	"\014\330o\375\\\025\021\303as\324'O)\242y\032\250&\226"
 498      5C1511C3 
 498      6173D427 
 498      4F29A279 
 498      1AA82696 
 499 0be9 9F0D2C92 		.ascii	"\237\015,\222S\031 \225*\003\254@m\240\013Q\033\210"
 499      53192095 
 499      2A03AC40 
 499      6DA00B51 
 499      1B88
 500 0bfb F816DF08 		.ascii	"\370\026\337\010\213\361\335\210\217L\221\326\345\346"
 500      8BF1DD88 
 500      8F4C91D6 
 500      E5E6
 501 0c09 58AB3ADE 		.ascii	"X\253:\336\024\037\231\270F\025g2F{\232\023\2541I\011"
 501      141F99B8 
 501      46156732 
 501      467B9A13 
 501      AC314909 
 502 0c1d 1FA370CF 		.ascii	"\037\243p\317h\363\022K\242)\022F\314\346\344\270\270"
 502      68F3124B 
 502      A2291246 
 502      CCE6E4B8 
 502      B8
 503 0c2e E7144BD0 		.ascii	"\347\024K\320\232\024k^Mj\010b@\002\377\017\216\312"
 503      9A146B5E 
 503      4D6A0862 
 503      4002FF0F 
 503      8ECA
 504 0c40 2F8F     		.ascii	"/\217"
 505              		.text
 506              		.section	.gnu.lto_.symtab.ac1b3bd50d23d8a0,"",%progbits
ARM GAS  /tmp/ccsAInkz.s 			page 40


 507 0000 6273614F 		.ascii	"bsaObjectInit\000"
 507      626A6563 
 507      74496E69 
 507      7400
 508 000e 00       		.ascii	"\000"
 509 000f 00       		.ascii	"\000"
 510 0010 00       		.ascii	"\000"
 511 0011 00000000 		.ascii	"\000\000\000\000\000\000\000\000"
 511      00000000 
 512 0019 2F010000 		.ascii	"/\001\000\000"
 513              		.text
 514              		.section	.gnu.lto_.opts,"",%progbits
 515 0000 272D666D 		.ascii	"'-fmath-errno' '-fsigned-zeros' '-ftrapping-math' '"
 515      6174682D 
 515      6572726E 
 515      6F272027 
 515      2D667369 
 516 0033 2D666E6F 		.ascii	"-fno-trapv' '-fno-openmp' '-fno-openacc' '-mcpu=cor"
 516      2D747261 
 516      70762720 
 516      272D666E 
 516      6F2D6F70 
 517 0066 7465782D 		.ascii	"tex-m3' '-mthumb' '-O2' '-fomit-frame-pointer' '-fa"
 517      6D332720 
 517      272D6D74 
 517      68756D62 
 517      2720272D 
 518 0099 6C69676E 		.ascii	"lign-functions=16' '-ffunction-sections' '-fdata-se"
 518      2D66756E 
 518      6374696F 
 518      6E733D31 
 518      36272027 
 519 00cc 6374696F 		.ascii	"ctions' '-fno-common' '-flto'\000"
 519      6E732720 
 519      272D666E 
 519      6F2D636F 
 519      6D6D6F6E 
 520              		.text
 521              		.comm	__gnu_lto_v1,1,1
 522              		.comm	__gnu_lto_slim,1,1
 523              		.ident	"GCC: (15:7-2018-q2-6) 7.3.1 20180622 (release) [ARM/embedded-7-branch revision 261907]"
ARM GAS  /tmp/ccsAInkz.s 			page 41


DEFINED SYMBOLS
                            *ABS*:0000000000000000 bufstreams.c
                            *COM*:0000000000000001 __gnu_lto_v1
                            *COM*:0000000000000001 __gnu_lto_slim

NO UNDEFINED SYMBOLS
