ARM GAS  /tmp/ccaGhYEw.s 			page 1


   1              		.cpu cortex-m3
   2              		.eabi_attribute 20, 1
   3              		.eabi_attribute 21, 1
   4              		.eabi_attribute 23, 3
   5              		.eabi_attribute 24, 1
   6              		.eabi_attribute 25, 1
   7              		.eabi_attribute 26, 1
   8              		.eabi_attribute 30, 2
   9              		.eabi_attribute 34, 1
  10              		.eabi_attribute 18, 4
  11              		.file	"chmemcore.c"
  12              		.section	.gnu.lto_.profile.fcdb8e1b79643af6,"",%progbits
  13 0000 789C6363 		.ascii	"x\234cc```\001bF\006Og\000\001M\000\230"
  13      60606001 
  13      6246064F 
  13      6700014D 
  13      0098
  14              		.text
  15              		.section	.gnu.lto_.icf.fcdb8e1b79643af6,"",%progbits
  16 0000 789C6363 		.ascii	"x\234cc``\320a@\000v\206\035w\277_ca\354\377\373\376"
  16      6060D061 
  16      40007686 
  16      1D77BF5F 
  16      6361ECFF 
  17 0016 392FCBF9 		.ascii	"9/\313\371%?\227\362\260.\275\372`\001\023\333\217k"
  17      253F97F2 
  17      B02EBDFA 
  17      600113DB 
  17      8F6B
  18 0028 071F70B3 		.ascii	"\007\037p\263o\376w\3659\027\307\302\027\033\027\261"
  18      6FFE77F5 
  18      3917C7C2 
  18      171B17B1 
  19 0038 33000014 		.ascii	"3\000\000\024I\027\033"
  19      49171B
  20              		.text
  21              		.section	.gnu.lto_.jmpfuncs.fcdb8e1b79643af6,"",%progbits
  22 0000 789C6363 		.ascii	"x\234cc``\010`@\0006 fafddd\257\237\303\314\000\304"
  22      60600860 
  22      40003620 
  22      66616664 
  22      6464AF9F 
  23 0018 8C209A15 		.ascii	"\214 \232\025C\204\015C\204\035C\204\003h\026\0002b"
  23      43840D43 
  23      841D4384 
  23      03681600 
  23      3262
  24 002a 0E1B     		.ascii	"\016\033"
  25              		.text
  26              		.section	.gnu.lto_.inline.fcdb8e1b79643af6,"",%progbits
  27 0000 789C6363 		.ascii	"x\234cc``8\301\200\000l\014\014\254,\214\014L,\013\344"
  27      606038C1 
  27      80006C0C 
  27      0CAC2C8C 
  27      0C4C2C0B 
  28 0015 19D816C8 		.ascii	"\031\330\026\3103\201\304X\030\004\370\031\031\031\025"
  28      3381C458 
ARM GAS  /tmp/ccaGhYEw.s 			page 2


  28      1804F819 
  28      191915
  29 0024 18191898 		.ascii	"\030\031\030\230%\032\2661B$\230.\360\263\200dYA\262"
  29      251AB631 
  29      4224982E 
  29      F0B38064 
  29      5941B2
  30 0037 CC0C2059 		.ascii	"\314\014 Y\260\022&\020\301*\362`\032\262: \301\001"
  30      B0122610 
  30      C12AF260 
  30      1AB23A20 
  30      C101
  31 0049 22042076 		.ascii	"\"\004 v\010\011\302\314\223Yp\025\315<v\220,\206yh"
  31      0809C2CC 
  31      93597015 
  31      CD3C7690 
  31      2C867968 
  32 005d F6A298C7 		.ascii	"\366\242\230\307\301\300\306\012t2\333\007=\270\223"
  32      C1C0C60A 
  32      7432DB07 
  32      3DB893
  33 006c 1900B110 		.ascii	"\031\000\261\020\026Q"
  33      1651
  34              		.text
  35              		.section	.gnu.lto_.pureconst.fcdb8e1b79643af6,"",%progbits
  36 0000 789C6363 		.ascii	"x\234cc``\340\007b6\006\011\026\011V\011\266]\214\354"
  36      6060E007 
  36      62360609 
  36      16095609 
  36      B65D8CEC 
  37 0014 BB183958 		.ascii	"\273\0309X\000\016\000\001\374"
  37      000E0001 
  37      FC
  38              		.text
  39              		.section	.gnu.lto___core_init.fcdb8e1b79643af6,"",%progbits
  40 0000 789C8591 		.ascii	"x\234\205\221Mk\324P\024\206\317\233;\223\316\302\251"
  40      4D6BD450 
  40      1486CF9B 
  40      3B93CEC2 
  40      A9
  41 0011 145C94EA 		.ascii	"\024\\\224\352\302\315,\272i\250\177\241\322\255\213"
  41      C2CD2CBA 
  41      69A87FA1 
  41      D2AD8B
  42 0020 FE80D899 		.ascii	"\376\200\330\231\0062\350\230\322\210\340j\356\264\324"
  42      0632E898 
  42      D288E06A 
  42      EEB4D4
  43 002f 193F9162 		.ascii	"\031?\221b\253\224 \201.\\\251\014N\247\023?\332\030"
  43      AB942081 
  43      2E5CA90C 
  43      4EA7133F 
  43      DA18
  44 0041 BFC0450B 		.ascii	"\277\300E\013\335\010*\"\265v!\"\024q\243\264zn&T\255"
  44      DD082A22 
  44      B5762122 
  44      1471A3B4 
ARM GAS  /tmp/ccaGhYEw.s 			page 3


  44      7A6E2654 
  45 0056 502FB9DC 		.ascii	"P/\271\334\223\223\363\276y\316\271:\021\331\032\321"
  45      9393F3BE 
  45      79CEB93A 
  45      11D91AD1 
  46 0066 713E0FF2 		.ascii	"q>\017\362\206 hW\227\211*\031\015P\201\314\200\312"
  46      86206857 
  46      97892A19 
  46      0D5081CC 
  46      80CA
  47 0078 1ACAB824 		.ascii	"\032\312\270$\256\011D\325\215@\353\275%y\205\327W\365"
  47      AE0944D5 
  47      8D40EBBD 
  47      257985D7 
  47      57F5
  48 008a 7372B2DB 		.ascii	"sr\262\333\023D3\274\325\302=\364\022\227}\273\360\365"
  48      134433BC 
  48      D5C23DF4 
  48      12977DBB 
  48      F0F5
  49 009c 63560C42 		.ascii	"cV\014B\305\376R\264\262?7'\337\263dc\366\300\224\364"
  49      C5FE52B4 
  49      B23F3727 
  49      DFB36463 
  49      F6C094F4 
  50 00b0 6FC89427 		.ascii	"o\310\224'\200\006D\242S!\251\332W\353\215:\304P\254"
  50      800644A2 
  50      5321A9DA 
  50      57EB8D3A 
  50      C450AC
  51 00c3 7B17DCA9 		.ascii	"{\027\334\251\353\211\356uOEF\225\303J\325\374\255j"
  51      EB89EE75 
  51      4F454695 
  51      C34AD5FC 
  51      AD6A
  52 00d5 26AAB5FA 		.ascii	"&\252\265\372\366tVOa\0019\314#\327\246A\013:\201\203"
  52      F674564F 
  52      610139CC 
  52      23D7A641 
  52      0B3A8183 
  53 00e9 BBABE950 		.ascii	"\273\253\351Pn\377\254\312p\271\247\325X\357J\021\325"
  53      6EFFACCA 
  53      70B9A7D5 
  53      58EF4A11 
  53      D5
  54 00fa B8807B93 		.ascii	"\270\200{\223!\235\027\232\212&B\372\204\361\357\325"
  54      219D179A 
  54      8A2642FA 
  54      84F1EFD5 
  55 010a ADF91694 		.ascii	"\255\371\026\224\220Mg&\243\225\216\213\302\023ZL\023"
  55      904D6726 
  55      A3958E8B 
  55      C2135A4C 
  55      13
  56 011b 049FDF74 		.ascii	"\004\237\337t\224\267d\206\023\276\362\347\\cbs\252"
  56      94B76486 
  56      13BEF2E7 
ARM GAS  /tmp/ccaGhYEw.s 			page 4


  56      5C636273 
  56      AA
  57 012c D3C74D78 		.ascii	"\323\307MxB\340>\217(\300\241\370C\363\305\333\037\031"
  57      42E03E8F 
  57      28C0A1F8 
  57      43F3C5DB 
  57      1F19
  58 013e E3B69A92 		.ascii	"\343\266\232\222\177\306\023)<\200\217\351\230\032\017"
  58      7FC61329 
  58      3C808FE9 
  58      981A0F
  59 014d 61FCE99E 		.ascii	"a\374\351\236\336\355\236\366\005v\273\003\213\354\376"
  59      DEED9EF6 
  59      0576BB03 
  59      8BECFE
  60 015c 28715FDC 		.ascii	"(q_\334|\371\241\223\213k\354\276\006e\261\304\366l"
  60      7CF9A193 
  60      8B6BECBE 
  60      0665B1C4 
  60      F66C
  61 016e 1DA2DC6E 		.ascii	"\035\242\334n\343\362\302N\033\377\345~\274\027w\024"
  61      E3F2C24E 
  61      1BFFE57E 
  61      BC177714 
  62 017e 73AB29E2 		.ascii	"s\253)\342I\314\3757\250\366/\350\323=A\237\265A\237"
  62      49CCFD37 
  62      A8F62FE8 
  62      D33D419F 
  62      B5419F
  63 0191 33E8178C 		.ascii	"3\350\027\214\373sWb\314\3706k\374\033\276\011\266\034"
  63      FB735762 
  63      CCF8366B 
  63      FC1BBE09 
  63      B61C
  64 01a3 306CA764 		.ascii	"0l\247d\031g]\3338j\271'N;\243F\301.\346\213\216k\014"
  64      19675DDB 
  64      386AB927 
  64      4E3BA346 
  64      C12EE68B 
  65 01ba A8F3D890 		.ascii	"\250\363\330\220y\244\277\257\237\037\203S\216{\262"
  65      79A4BFAF 
  65      9F1F8353 
  65      8E7BB2
  66 01c9 9837DCB1 		.ascii	"\2307\334\261\002\027\225\254R\301\031\263\372\012\264"
  66      021795AC 
  66      52C119B3 
  66      FA0AB4
  67 01d8 CF346D6B 		.ascii	"\3174mkx\324\264N\215\230f6y\311\017\273\226i\376\002"
  67      78D4B44E 
  67      8D986636 
  67      79C90FBB 
  67      9669FE02 
  68 01ec 9D4AF376 		.ascii	"\235J\363v"
  69              		.text
  70              		.section	.gnu.lto_chCoreAllocFromBaseI.fcdb8e1b79643af6,"",%progbits
  71 0000 789C8D53 		.ascii	"x\234\215S\337KTA\024\236sg\356\356\272\352*=\365 \341"
  71      DF4B5441 
ARM GAS  /tmp/ccaGhYEw.s 			page 5


  71      149E7367 
  71      EEEEBAEA 
  71      2A3DF520 
  72 0015 4322BE78 		.ascii	"C\"\276x1\352/\260\"\350!\242\227z\350\227\262\346\222"
  72      31EA2FB0 
  72      22E821A2 
  72      977AE897 
  72      B2E692
  73 0028 BAE24A54 		.ascii	"\272\342JT/\216\256?\313@*\327X\026\331\3242\011\321"
  73      2F8EAE3F 
  73      CB402AD7 
  73      5816D9D4 
  73      3209D1
  74 003b C82C4DF3 		.ascii	"\310,M\363\346\226Z\226eXX\031Ie`\204`E\220\346\332"
  74      E6965A96 
  74      65585819 
  74      49656084 
  74      604590E6 
  75 0050 39F7AE9A 		.ascii	"9\367\256\232!\341ew\356\2343\337\267\347\233\357\234"
  75      21E16577 
  75      EE9C33DF 
  75      B7E79BEF 
  75      9C
  76 0061 B530C64A 		.ascii	"\2650\306J\004c\207\360\275\003\277`a\240\324\2140V"
  76      046387F0 
  76      BD03BF60 
  76      61A0D48C 
  76      3056
  77 0073 6C5314B5 		.ascii	"lS\024\265\324\312\244\235W\0172&cx$\024f(@5a*\000m"
  77      D4CAA49D 
  77      570F3226 
  77      63782414 
  77      66284035 
  78 008b A40D5891 		.ascii	"\244\015X\221\302\205\012EP\315/r\030-m\017\360\263"
  78      C2850A45 
  78      50CD2F72 
  78      182D6D0F 
  78      F0B3
  79 009d 3CC01908 		.ascii	"<\300\031\010\014g\237\372?:(\004H\304\260\245\342\373"
  79      0C679FFA 
  79      3F3A2804 
  79      48C4B0A5 
  79      E2FB
  80 00af A825A559 		.ascii	"\250%\245Y\312\022\251\327=\2676{\313v\005\270\302|"
  80      CA12A9D7 
  80      3DB7367B 
  80      CB7605B8 
  80      C27C
  81 00c1 88EE8004 		.ascii	"\210\356\200\004\270\011\011$\346\026\244 \266\241\370"
  81      B8090924 
  81      E616A420 
  81      B6A1F8
  82 00d0 E5702CDF 		.ascii	"\345p,\337\011\014\367\223U\255\347D\362\025\2037\321"
  82      090CF793 
  82      55ADE744 
  82      F2158337 
  82      D1
ARM GAS  /tmp/ccaGhYEw.s 			page 6


  83 00e1 C4E5E600 		.ascii	"\304\345\346\000\347\320\011\374o\"\246\030\334\206"
  83      E7D009FC 
  83      6F22A618 
  83      DC86
  84 00ef 6484D7CC 		.ascii	"d\204\327\314/LZ\371n\203\3322X[i\217P\307\256\032T"
  84      2F4C5AF9 
  84      6E83DA32 
  84      585B698F 
  84      50C7AE1A 
  85 0104 0177FEA5 		.ascii	"\001w\376\245\012\006]\006\365\307\2057\357\035|\257"
  85      0A065D06 
  85      F5C78537 
  85      EF1D7CAF 
  86 0114 411D7B55 		.ascii	"A\035{U\276-\302|\260\321/uAU\273\327\250z\027\222\011"
  86      BE2DC27C 
  86      B0D12F75 
  86      4155BBD7 
  86      A87A1792 
  87 0129 5F33F1AB 		.ascii	"_3\361\253'\232\3577\270gd_;$5\032\344\221\372\370\006"
  87      279AEF37 
  87      B867645F 
  87      3B24351A 
  87      E491FAF8 
  88 013e AF1C92C8 		.ascii	"\257\034\222\310W\241g5\237\036\204?\321\253\332\354"
  88      57A16735 
  88      9F1E843F 
  88      D1ABDAEC 
  89 014e FCA0419D 		.ascii	"\374\240A\235\257\353\232\022\021\352\247\313\\6I\205"
  89      AFEB9A12 
  89      11EAA7CB 
  89      5C364985 
  90 015e 88F7D624 		.ascii	"\210\367\326$~\270\021\256\215\265\010\350\203$\350"
  90      7EB811AE 
  90      8DB508E8 
  90      8324E8
  91 016d 85A42067 		.ascii	"\205\244 g\344&\232\250SO\031S\226N\332^\250\272\014"
  91      E4269AA8 
  91      534F1953 
  91      964EDA5E 
  91      A8BA0C
  92 0180 2F56487D 		.ascii	"/VH}`\323\245\320\3105e\003\240xE\000\251\307n\342\365"
  92      60D3A5D0 
  92      C8356503 
  92      A0784500 
  92      A9C76EE2 
  93 0195 9180602B 		.ascii	"\221\200`+\220\2136F\244(\204\250vZ\242\311\244\030"
  93      908B3646 
  93      A42884A8 
  93      765AA2C9 
  93      A418
  94 01a7 5A626971 		.ascii	"Zbiq\320\022GK<\2352V\211Eq \244\316\252\260\241\270"
  94      D012474B 
  94      3C9D3256 
  94      89457120 
  94      A4CEAAB0 
  95 01bd F3EAEC0B 		.ascii	"\363\352\354\013\224tO\317\204\354\244\305\317\243P"
  95      94744FCF 
ARM GAS  /tmp/ccaGhYEw.s 			page 7


  95      84ECA4C5 
  95      CFA350
  96 01cc ADAFACFF 		.ascii	"\255\257\254\377\231\225\306\301b\334\264\253\353\353"
  96      9995C6C1 
  96      62DCB4AB 
  96      EBEB
  97 01da 5B6BD182 		.ascii	"[k\321\202\264a\"\310\301\270P\207w\366\274#\010\365"
  97      B46122C8 
  97      C1B85087 
  97      77F6BC23 
  97      08F5
  98 01ec 10E056E8 		.ascii	"\020\340V\350\307\261\272O\227\305\203\316\301\211y"
  98      C7B1BA4F 
  98      97C583CE 
  98      C18979
  99 01fb 9BD62AF1 		.ascii	"\233\326*\361I$?B\020\204Z\272*\203\007\240a1o\240\034"
  99      49243F42 
  99      10845ABA 
  99      2A8307A0 
  99      61316FA0 
 100 0210 CC5276AC 		.ascii	"\314Rv\254\346\307\236\242\200o\025\221\\4\246\011\344"
 100      E6C79EA2 
 100      806F1591 
 100      5C34A609 
 100      E4
 101 0221 5B02C5F8 		.ascii	"[\002\305\370\271\212\351U\271XLc\251wC-\327\215!\026"
 101      B98AE955 
 101      B9584C63 
 101      A977432D 
 101      D78D2116 
 102 0235 B0884F1C 		.ascii	"\260\210O\034<D\015\370c\343K8\007r\211\370{)\021gp"
 102      3C440DF8 
 102      63E34B38 
 102      077289F8 
 102      7B291167 
 103 024a 1D66C503 		.ascii	"\035f\305\003f\216\322\3543\224$RH\316b\312\224\271"
 103      668ED2EC 
 103      33942452 
 103      48CE62CA 
 103      94B9
 104 025c D07BC484 		.ascii	"\320{\304\204\330\014\224u\005\325K(\233\351\334\\\243"
 104      D80C9475 
 104      05D54B28 
 104      9BE9DC5C 
 104      A3
 105 026d C344C5AF 		.ascii	"\303D\305\257\307\252\201\377X5hX\005d\325\020Z5\005"
 105      C7AA81FF 
 105      58356858 
 105      0564D510 
 105      5A3505
 106 0280 A5E3A1AD 		.ascii	"\245\343\241\255\313\012\342\215Y\252\302A\306\3778"
 106      CB0AE28D 
 106      59AAC241 
 106      C6FF38
 107 028f B60D8F47 		.ascii	"\266\015\217GBcb\371<*r.\330k=\322V\337t8\024M\200\365"
 107      426362F9 
 107      3C2A722E 
ARM GAS  /tmp/ccaGhYEw.s 			page 8


 107      D86B3DD2 
 107      56DF7438 
 108 02a7 287BB4B6 		.ascii	"({\264\266\262\340\011\222\366x\245\213\303\240\321"
 108      B2E00992 
 108      F678A58B 
 108      C3A0D1
 109 02b6 DDA9941A 		.ascii	"\335\251\224\032\231\240\031P\230\337\020\376\023\000"
 109      99A01950 
 109      98DF10FE 
 109      1300
 110 02c4 5213F85C 		.ascii	"R\023\370\\x\022\3203\341o\030\245X\241\030g\017\010"
 110      7812D033 
 110      E16F18A5 
 110      58A11867 
 110      0F08
 111 02d6 AF3096AE 		.ascii	"\2570\226\256e\273s\235\332)O\266\266\335\3519^\350"
 111      65BB739D 
 111      DA294FB6 
 111      B6DDE939 
 111      5EE8
 112 02e8 CED732B3 		.ascii	"\316\3272\263]\031.\267GK\247\367\236}\207\267\244\245"
 112      5D192EB7 
 112      474BA7F7 
 112      9E7D87B7 
 112      A4A5
 113 02fa A6E147C3 		.ascii	"\246\341G\303\224\333\223\343\312\320<\005\231\010\312"
 113      94DB93E3 
 113      CAD03C05 
 113      9908CA
 114 0309 75E666BA 		.ascii	"u\346f\272\013\234\251\231Lx\\\247\235\352\321\034\327"
 114      0B9CA999 
 114      4C785CA7 
 114      9DEAD11C 
 114      D7
 115 031a B13C8B3B 		.ascii	"\261<\213;+\313\343,\024y\316\223\205\220\377\007dT"
 115      2BCBE32C 
 115      1479CE93 
 115      8590FF07 
 115      6454
 116 032c 8975     		.ascii	"\211u"
 117              		.text
 118              		.section	.gnu.lto_chCoreAllocFromTopI.fcdb8e1b79643af6,"",%progbits
 119 0000 789C8D53 		.ascii	"x\234\215S]KTa\020\2369\357{v\327\325]\227\256\275\360"
 119      5D4B5461 
 119      109E39EF 
 119      7B76D7D5 
 119      5D97AEBD 
 120 0015 2211833C 		.ascii	"\"\021\203<\024\365\013\254\010\272\210\350\246.*r\331"
 120      14F50BAC 
 120      08BA88E8 
 120      A62E2A72 
 120      D9
 121 0026 74495B71 		.ascii	"tI[q%\250\033\217\256\245KJR\251\260-\261\231&F\262"
 121      25A81B8F 
 121      AEA54B4A 
 121      52A9B02D 
 121      B1992646 
ARM GAS  /tmp/ccaGhYEw.s 			page 9


 122 003b 7D5A6AE5 		.ascii	"}Zj\345\246\331\366a\206R\366\011ie\240D`E7~\324\314"
 122      A6D9F661 
 122      8652F609 
 122      6965A044 
 122      6045377E 
 123 0051 39C7AC90 		.ascii	"9\307\254\220\360\260\373\236wf\236gg\346\231Y\033\000"
 123      F0B0FB9E 
 123      77669E67 
 123      67E69959 
 123      1B00
 124 0063 144880DD 		.ascii	"\024H\200\335\364\336H_\264\001*\365C\000\025\016EQ"
 124      F4DE485F 
 124      B4012AF5 
 124      4300150E 
 124      4551
 125 0075 ABECA03B 		.ascii	"\253\354\240;Em\022@O\023\226)MS\242j\302TD\276\350"
 125      456D1240 
 125      4F139629 
 125      4D53A26A 
 125      C25444BE 
 126 008a 0E847245 		.ascii	"\016\204rEH\025\313\261V\234\0228\\u)*\216\211\250\000"
 126      4815CBB1 
 126      569C1238 
 126      5C75292A 
 126      8E89A800 
 127 009e 94644E3F 		.ascii	"\224dN?\211|p\263\211\230If{\365\267a[N\233\256W\352"
 127      897C70B3 
 127      89984966 
 127      7BF5B761 
 127      5B4E9BAE 
 128 00b4 89A61167 		.ascii	"\211\246\021g[\350\310\346\250P\240\221\320\3270\003"
 128      5BE8C8E6 
 128      A850A091 
 128      D0D73003 
 129 00c4 AF620617 		.ascii	"\257b\006\027s\035s\010\333\\\361\374\261KlB\240\373"
 129      731D7308 
 129      DB5CF1FC 
 129      B14B6C42 
 129      A0FB
 130 00d6 58B8A34E 		.ascii	"X\270\243Nf\267\032\274g-B_\031\025\002;Q\374I$\027"
 130      66B71ABC 
 130      672D425F 
 130      1915023B 
 130      51FC4924 
 131 00eb E00DCC26 		.ascii	"\340\015\314&x\375\314\334\230]l1\250\355\311\206\032"
 131      78FDCCDC 
 131      985D6C31 
 131      A8EDC986 
 131      1A
 132 00fc A7451D3C 		.ascii	"\247E\035<oP%\336\374\227*\001\273\014\352\367\223\257"
 132      6F5025DE 
 132      FC972A01 
 132      BB0CEAF7 
 132      93AF
 133 010e DFB9C536 		.ascii	"\337\271\3056\203\372l\364\350z\2139\333f%\355^\"i\017"
 133      83FA6CF4 
 133      E87A8B39 
ARM GAS  /tmp/ccaGhYEw.s 			page 10


 133      DB6625ED 
 133      5E22690F 
 134 0122 66333CD6 		.ascii	"f3<\3267\276Z\3540\230\247{\006\352\034Y\347\014\352"
 134      37BE5AEC 
 134      3098A77B 
 134      06EA1C59 
 134      E70CEA
 135 0135 E8054F73 		.ascii	"\350\005OsH\177\240\313\250P\361\326\337t~\010>\230"
 135      487FA0CB 
 135      A850F1D6 
 135      DF747E08 
 135      3E98
 136 0147 08C79D62 		.ascii	"\010\307\235b\227A\235i\352\232\220\026\365\343Y\241"
 136      97419D69 
 136      EA9A9016 
 136      F5E359A1 
 137 0157 B7E80A13 		.ascii	"\267\350\012\023\357,I|\177y\276\301e\223\330\213Yx"
 137      EF2C497C 
 137      7F79BEC1 
 137      6593D88B 
 137      5978
 138 0169 1BB36202 		.ascii	"\033\263b\002XK\2220\301\023\005P\026\"\361\0215\241"
 138      584B9230 
 138      C1130550 
 138      1622F111 
 138      35A1
 139 017b CFFFACD6 		.ascii	"\317\377\254\326\023C\253\216\367\217^TV \325\256Hd"
 139      1343AB8E 
 139      F78F5E54 
 139      5620D5AE 
 139      4864
 140 018d C56896D4 		.ascii	"\305h\226\324<\021\010lGn\307\001LJ!\210\352\244\003"
 140      3C11086C 
 140      476EC701 
 140      4C4A2188 
 140      EAA403
 141 01a0 52F996C6 		.ascii	"R\371\226\306:\271\370p\363\221\316\001\017\007\000"
 141      3AB9F870 
 141      F391CE01 
 141      0F0700
 142 01af 6A2829AD 		.ascii	"j()\255\203\236\2000\215\223n\241\004Lae\367d|\300\311"
 142      839E8030 
 142      8D936EA1 
 142      044C6165 
 142      F7647CC0 
 143 01c4 B544440A 		.ascii	"\265DD\012U\333x\244\357\251\235\227\301ft\332\325\365"
 143      55DB78A4 
 143      EFA99D97 
 143      C16674DA 
 143      D5F5
 144 01d6 F98DBD7C 		.ascii	"\371\215\275|Nw\220#&\320h\350Zh\372\204;\206g0*\354"
 144      4E779023 
 144      26D068E8 
 144      5A68FA84 
 144      3B866730 
 145 01ec D8474B75 		.ascii	"\330GKu\227\233\245@g\362\355\214C\353\320\351\311d"
 145      979BA540 
ARM GAS  /tmp/ccaGhYEw.s 			page 11


 145      67F2ED8C 
 145      43EBD0E9 
 145      C964
 146 01fe 3DFA3186 		.ascii	"=\3721\206\015\334*\340=\3248\331\313\243h\246rFh\234"
 146      0DDC2AE0 
 146      3DD438D9 
 146      CBA368A6 
 146      7246689C 
 147 0212 53188A2E 		.ascii	"S\030\212.8R)=\271\031\364\265\332\362\245\221\373/"
 147      3852293D 
 147      B919F4B5 
 147      DAF2A591 
 147      FB2F
 148 0224 962B428D 		.ascii	"\226+B\215\020kv\301\3416@.\223\265\323\364\261\033"
 148      106B76C1 
 148      E136402E 
 148      93B5D3F4 
 148      B11B
 149 0236 3E616526 		.ascii	">ae&\233,\027\271\314_\251{QbB\322#\302nf\017\013\323"
 149      9B2C17B9 
 149      CC5FA97B 
 149      516242D2 
 149      23C26E66 
 150 024d E33078E9 		.ascii	"\3430x\351\213\274\333\314s\230\002\365\264\272M\224"
 150      8BBCDBCC 
 150      739802F5 
 150      B4BA4D94 
 151 025d 67398A0C 		.ascii	"g9\212\014\374G\221\373\206\"\310\212$I\221\011\254"
 151      FC4791FB 
 151      8622C88A 
 151      24499109 
 151      AC
 152 026e 1AEA5FF7 		.ascii	"\032\352_\367\273\002\217\2612aZW\372#\323t(\374\262"
 152      BB028FB1 
 152      32615A57 
 152      FA23D374 
 152      28FCB2
 153 0281 FFADFC1D 		.ascii	"\377\255\374\035O\261\342\022^%\254\3515N\366\266\246"
 153      4FB1E212 
 153      5E25ACE9 
 153      354EF6B6 
 153      A6
 154 0292 32603995 		.ascii	"2`9\225=X\272\262\330A.\355\341\342\260\036\241\306"
 154      3D58BAB2 
 154      D8412EED 
 154      E1E2B01E 
 154      A1C6
 155 02a4 BD732AD5 		.ascii	"\275s*\325Z\224/\250@\304(\374\007\"\346f\210H|\034"
 155      5A942FA8 
 155      40C428FC 
 155      0722E666 
 155      88487C1C 
 156 02b8 4933D97D 		.ascii	"I3\331}e\230m\205mZ1d\274\002\220\247\025\006\212}\332"
 156      65986D85 
 156      6D5A3164 
 156      BC0290A7 
 156      15068A7D 
ARM GAS  /tmp/ccaGhYEw.s 			page 12


 157 02cd A160A1B6 		.ascii	"\241`\241\266\301\027\334_\026(\321\274\205\376|\177"
 157      C117DC5F 
 157      1628D1BC 
 157      85FE7C7F 
 158 02dd 20A8E5F1 		.ascii	" \250\345\361{\353\366=k\327\344\256\241\217F\256@\260"
 158      7BEBF63D 
 158      6BD7E4AE 
 158      A18F46AE 
 158      40B0
 159 02ef C89FAF05 		.ascii	"\310\237\257\005K\275\004*\366\025{\003\245\276\\/\310"
 159      4BBD042A 
 159      F6157B03 
 159      A5BE5C2F 
 159      C8
 160 0300 A0FFB04F 		.ascii	"\240\377\260O\335[\344/8`\013\354\333\027\364\225\311"
 160      DD5BE42F 
 160      38600BEC 
 160      DB17F495 
 160      C9
 161 0311 9252DF41 		.ascii	"\222R\337A,\371\005\232\034|\352"
 161      2CF9059A 
 161      1C7CEA
 162              		.text
 163              		.section	.gnu.lto_chCoreAllocFromBase.fcdb8e1b79643af6,"",%progbits
 164 0000 789C9D55 		.ascii	"x\234\235UkL\024W\024\276g\356\314\356\272\013\213i"
 164      6B4C1457 
 164      14BE67EE 
 164      CCEEBA0B 
 164      8B69
 165 0012 FAD31F6B 		.ascii	"\372\323\037k\"\2616-\243M\233\372\323\206\266\2511"
 165      22B1362D 
 165      A34D9BFA 
 165      D386B6A9 
 165      31
 166 0023 A4ADFC69 		.ascii	"\244\255\374i\323\037V\267\253l\024\226\354PR\372\207"
 166      D31F56B7 
 166      AB6C1496 
 166      EC5052FA 
 166      87
 167 0034 710175EB 		.ascii	"q\001u\3533Z\027\203\233\262\210V\211\202/\252\005\024"
 167      335A1783 
 167      9BB28856 
 167      89822FAA 
 167      0514
 168 0046 B66E15AA 		.ascii	"\266n\025\252\210\362,>A\001S\373\260\3216\306\027\330"
 168      88F22C3E 
 168      410153FB 
 168      B0D136C6 
 168      17D8
 169 0058 73EE0C96 		.ascii	"s\356\014\226]\266F;!w\3579\367;\217\373\235s\017\026"
 169      5DB6463B 
 169      2177EF39 
 169      F73B8FFB 
 169      9D730F16 
 170 006c C658998D 		.ascii	"\306X\231\215\261\345\300\330;\270\007\013\003iS\007"
 170      B1E5C0D8 
 170      3BB8070B 
ARM GAS  /tmp/ccaGhYEw.s 			page 13


 170      03695307 
 171 007c 632B6D92 		.ascii	"c+m\222\244\224Z\231n\347\353Z\031\323S\270)\312\206"
 171      A4945A99 
 171      6EE7EB5A 
 171      19D353B8 
 171      29CA86
 172 008f 288362C0 		.ascii	"(\203b\300\024\000\332\3506`\305\022\227\025(\206u\374"
 172      1400DAE8 
 172      3660C512 
 172      97152886 
 172      75FC
 173 00a1 6B0E9DA5 		.ascii	"k\016\235\245\007\302|-\017s\0062\212\267\317V\0149"
 173      07C27C2D 
 173      0F730632 
 173      8AB7CF56 
 173      0C39
 174 00b3 490470A1 		.ascii	"I\004p\241X\263\372\257N\313\254\335\272\036\320\243"
 174      58B3FAAF 
 174      4ECBACDD 
 174      BA1ED0A3 
 175 00c3 E53D8EDD 		.ascii	"\345=\216\335%e\357\205\271\304B\210\256\207ip\030\246"
 175      2565EF85 
 175      B9C44288 
 175      AE876970 
 175      18A6
 176 00d5 5132DFC1 		.ascii	"Q2\337\301,\304\356X\331{&\225\277\013\014\367\203\301"
 176      2CC4EE58 
 176      D97B2695 
 176      BF0B0CF7 
 176      83C1
 177 00e7 DAF5F2CC 		.ascii	"\332\365\362\314]\302\256g'\327g\2049\207#\300'\032"
 177      5DC2AE67 
 177      27D76784 
 177      398723C0 
 177      271A
 178 00f9 A28AC151 		.ascii	"\242\212\301Q\230\211\360M\017G\007\255|\2010\255i\335"
 178      9889F04D 
 178      0F4707AD 
 178      7C8130AD 
 178      69DD
 179 010b BAC66E9A 		.ascii	"\272\306n\232\266\177+Le\370>\321Tf\320 L\377\336rq"
 179      B67F2B4C 
 179      65F83ED1 
 179      5466D020 
 179      4CFFDE72 
 180 0120 C0C93F14 		.ascii	"\300\311?\024\246=}\253\3360-\037\3556\2036&\011\332"
 180      A63D7DAB 
 180      DE302D1F 
 180      ED368336 
 180      2609DA
 181 0133 043309DE 		.ascii	"\0043\011\336\036\015\356\267\363\217\204\351\251{\325"
 181      1E0DEEB7 
 181      F38F84E9 
 181      A97BD5
 182 0142 8BD3AB85 		.ascii	"\213\323\253\205\351\325\272\027\252J\3646]\306\233"
 182      E9D5BA17 
 182      AA4AF436 
ARM GAS  /tmp/ccaGhYEw.s 			page 14


 182      5DC69B
 183 0151 C2B17873 		.ascii	"\302\261xs\372\020}\375\340\330\326T\213\014\307!\235"
 183      FA107DFD 
 183      E0D8D654 
 183      8B0CC721 
 183      9D
 184 0162 B8400A9A 		.ascii	"\270@\012\232\301\002O\016Ju\374\242cu\026\241\017q"
 184      C1024F0E 
 184      4A75FCA2 
 184      637516A1 
 184      0F71
 185 0174 9860C3A0 		.ascii	"\230`\303\240\005\241Q,`\002\274{\373Ky\214\016BH0\236"
 185      05A1512C 
 185      6002BC7B 
 185      FB4B798C 
 185      0E424830 
 186 0189 ED3ADDD5 		.ascii	"\355:\335\325\342\340\333\301 \245\256j[\212\231\337"
 186      E2E0DBC1 
 186      20A5AE6A 
 186      5B8A99DF 
 187 0199 C0BEB9E7 		.ascii	"\300\276\271\347\2066\254\327#\201\251a\256\300\211"
 187      8636ACD7 
 187      2381A961 
 187      AEC089
 188 01a8 A7646878 		.ascii	"\247dhx\356\350G\036b\230*\374@\336y\\6?b6'\251\235"
 188      EEE8471E 
 188      62982AFC 
 188      40DE795C 
 188      363F6236 
 189 01bf 70C1E692 		.ascii	"p\301\346\222\250\032\227\357\037s\360?\215\310_\351"
 189      A81A97EF 
 189      1F73F03F 
 189      8DC85FE9 
 190 01cf 2D07C08C 		.ascii	"-\007\300\214\\\336e\335S\257\353\301yan\201S\223\343"
 190      5CDE65DD 
 190      53AFEBC1 
 190      79616E81 
 190      5393E3
 191 01e2 422BA4A3 		.ascii	"B+\244\243\311\303\362\206\021\3314\031\256\342\372"
 191      C9C3F286 
 191      11D93419 
 191      AEE2FA
 192 01f1 4E5D2283 		.ascii	"N]\"\203$TB\033\244\357\357R\242\372\330\343\325z\264"
 192      2454421B 
 192      A4EFEF52 
 192      A2FAD8E3 
 192      D57AB4
 193 0204 2F6363AC 		.ascii	"/cc\254o\277\364\242\004\324\026\330\201Xa\031\250Z"
 193      6FBFF4A2 
 193      04D416D8 
 193      81586119 
 193      A85A
 194 0216 0AD6CD62 		.ascii	"\012\326\315b\241\305J\265\267\3212\205\026;-\016ZR"
 194      A1C54AB5 
 194      B7D13285 
 194      163B2D0E 
 194      5A52
ARM GAS  /tmp/ccaGhYEw.s 			page 15


 195 0228 84B35491 		.ascii	"\204\263T\221\203\223\220i\214:\225\255\301\362`\343"
 195      83939069 
 195      8C3A95AD 
 195      C1F260E3 
 196 0238 EB511644 		.ascii	"\353Q\026D\021w%Qv\003\244$\244\266?\235T\370I\\\256"
 196      11772551 
 196      7603A424 
 196      A4B63F9D 
 196      54F8495C 
 197 024d FAC09E55 		.ascii	"\372\300\236U\342\275(0\033N\343\331o\020\270~\270\262"
 197      E2BD2830 
 197      1B4EE3D9 
 197      6F10B87E 
 197      B8B2
 198 025f 7120B1FC 		.ascii	"q \261\374[.:\314\362\313\223K=c9\2033t\246$\236]\332"
 198      5B2E3ACC 
 198      F2CB934B 
 198      3D633983 
 198      3374A624 
 199 0276 37F72CA7 		.ascii	"7\367,\247X\014\332'W\353,\026\251\203\252\325A\325"
 199      580CDA27 
 199      57EB2C16 
 199      A983AAD5 
 199      41D5
 200 0288 02769EEA 		.ascii	"\002v\236\352\265\243\362\320=\373\364kR\245\276\315"
 200      B5A3F2D0 
 200      3DFBF46B 
 200      52A5BECD 
 201 0298 15E65632 		.ascii	"\025\346V2\250\035j\322m2^\037\316\301t\321\020\365"
 201      A81D6AD2 
 201      6D325E1F 
 201      CEC174D1 
 201      10F5
 202 02aa 55656127 		.ascii	"Uea'j\340<\310\"o\006\235\342\305\357i\216\215\244L"
 202      6AE03CC8 
 202      226F069D 
 202      E2C5EF69 
 202      8E8DA44C 
 203 02be 1F36AD6D 		.ascii	"\0376\255m\204\275Sw\250\327!\254\273\310\032\272AF"
 203      84BD5377 
 203      A8D721AC 
 203      BBC81ABA 
 203      4146
 204 02d0 CE022EC1 		.ascii	"\316\002.\301\001\243\355`\360\017\205.\207\340\275"
 204      01A3ED60 
 204      F00F852E 
 204      87E0BD
 205 02df 952B6BEC 		.ascii	"\225+k\354&\213}u\316\012=Z\352J\362\332\005\205=\220"
 205      268B7D75 
 205      CE0A3D5A 
 205      EA4AF2DA 
 205      05853D90 
 206 02f3 5E815540 		.ascii	"^\201U@\007\221\243\345\334t\260\276\273}T\231\344`"
 206      0791A3E5 
 206      DC74B0BE 
 206      BB7D5499 
 206      E460
ARM GAS  /tmp/ccaGhYEw.s 			page 16


 207 0305 D29B170E 		.ascii	"\322\233\027\016z\311\001Op\020\370eC\2073I\006\215"
 207      7AC9014F 
 207      7010F865 
 207      43873349 
 207      068D
 208 0317 491CF491 		.ascii	"I\034\364\221\003\231\375\012\201\306\233\267b\366\004"
 208      0399FD0A 
 208      81C69BB7 
 208      62F604
 209 0326 F2EFD6D9 		.ascii	"\362\357\326\331\011Aa(W\263~\226\211O\036\233\214Z"
 209      09416128 
 209      57B37E96 
 209      894F1E9B 
 209      8C5A
 210 0338 8CC1CF58 		.ascii	"\214\301\317X\201~*\005.\025\\AH\250\354\3049+\265\306"
 210      817E2A05 
 210      2E155C41 
 210      48A8ECC4 
 210      392BB5C6 
 211 034c 14F1721A 		.ascii	"\024\361r\032\032~\277d-\036\325m\250\210p\343Y\326"
 211      1A7EBF64 
 211      2D1ED56D 
 211      A88870E3 
 211      59D6
 212 035e 97DCDEEC 		.ascii	"\227\334\336\354\214\3007\020\346v\270\2103\370\002"
 212      8CC03710 
 212      E676B888 
 212      33F802
 213 036d 25860747 		.ascii	"%\206\007GZ/?\264\251\265\224E\244i\343\313\364^.A\004"
 213      5A2F3FB4 
 213      A9B59445 
 213      A469E3CB 
 213      F45E2E41 
 214 0382 B6A21D45 		.ascii	"\266\242\035Ebp\031T\314\272$\274\012\214\200\024\323"
 214      62701954 
 214      CCBA24BC 
 214      0A8C8014 
 214      D3
 215 0393 BCC99DD5 		.ascii	"\274\311\235\325\246\316\212j\002\205\306A6$\013\325"
 215      A6CE8A6A 
 215      0285C641 
 215      36240BD5 
 216 03a3 71BA29A8 		.ascii	"q\272)\250\306\200W\332j\366\212>\226\3411~ip\0053A"
 216      C68057DA 
 216      6AF68A3E 
 216      96E1317E 
 216      69700533 
 217 03b8 67FDE338 		.ascii	"g\375\3438;\021\215\206\217\306\025\016ak7\"~l\350R"
 217      3B118D86 
 217      8FC6150E 
 217      616B3722 
 217      7E6CE852 
 218 03cc 502D5A83 		.ascii	"P-Z\203D\342\006UF\232\243\307?5 \251\002%\375\213j"
 218      44E20655 
 218      469AA3C7 
 218      3F3520A9 
 218      0225FD8B 
ARM GAS  /tmp/ccaGhYEw.s 			page 17


 219 03e1 2554AA51 		.ascii	"%T\252Q\202\007\325N\003\345|\026\302\256&'\314El\015"
 219      8207D54E 
 219      03E57C16 
 219      C2AE2627 
 219      CC456C0D 
 220 03f5 08B6C064 		.ascii	"\010\266\300dk\020\331\032\201\322\376\330\353O\222"
 220      6B10D91A 
 220      81D2FED8 
 220      EB4F92
 221 0404 708A0608 		.ascii	"p\212\006\010\342\245\360?#\016\001q\334#\233\345\243"
 221      E2A5F03F 
 221      230E0171 
 221      DC239BE5 
 221      A3
 222 0415 8C8C7399 		.ascii	"\214\214s\231]\210\3229\346\027\2729\026s\020\340Y\222"
 222      5D88D239 
 222      E617BA39 
 222      167310E0 
 222      5992
 223 0427 BBF61FD5 		.ascii	"\273\366\037\325,\244\354\256\307\325r\010T#^\020\337"
 223      2CA4ECAE 
 223      C7D57208 
 223      54235E10 
 223      DF
 224 0438 FFF8480A 		.ascii	"\377\370H\012D\232\312\305\233\022\235g\320ERo\234\324"
 224      449ACAC5 
 224      9B129D67 
 224      D045526F 
 224      9CD4
 225 044a 1727B5C6 		.ascii	"\027'\265\306Imq\322qC\302\027\037\023\203\353Iw*H\322"
 225      496D71D2 
 225      7143C217 
 225      1F1383EB 
 225      49772A48 
 226 045f F0C4C165 		.ascii	"\360\304\301e\214~s\230\214U^kv\214\317\211a1'F\304"
 226      8C7E7398 
 226      8C555E6B 
 226      768CCF89 
 226      61312746 
 227 0474 9C481C0A 		.ascii	"\234H\034\0127\214\2410X\033\332\\(b0v\013\305\265\367"
 227      378CA130 
 227      581BDA5C 
 227      28623076 
 227      0BC5B5F7 
 228 0488 4F5A287E 		.ascii	"OZ(~\005O\303\013\336\2054\310\230&=\030\033\004\374"
 228      054FC30B 
 228      DE8534C8 
 228      98263D18 
 228      1B04FC
 229 049b E512F682 		.ascii	"\345\022\366\202\\\261\243\023p,\003\335\034\335e\252"
 229      5CB1A313 
 229      702C03DD 
 229      1CDD65AA 
 230 04ab 39BE5C8F 		.ascii	"9\276\\\217Z\244\345\250o{\264\345\005\276|\325\235"
 230      5AA4E5A8 
 230      6F7BB4E5 
 230      05BE7CD5 
ARM GAS  /tmp/ccaGhYEw.s 			page 18


 230      9D
 231 04bc E35DE2F5 		.ascii	"\343]\342\365ij&\375\276\237\275\350\2659\031s\360O"
 231      696A26FD 
 231      BE9FBDE8 
 231      B5391973 
 231      F04F
 232 04ce 45954F5B 		.ascii	"E\225O[\341]\242j~7\202r=\271n\237\337\223\341f\262"
 232      E15DA26A 
 232      7E378272 
 232      3DB96E9F 
 232      DF93E166 
 233 04e3 E6FDD2A3 		.ascii	"\346\375\322\243,^\341]\226g\361-]\252y\012 \177\336"
 233      2C5EE15D 
 233      9667F12D 
 233      5DAA790A 
 233      207FDE
 234 04f6 73F9F517 		.ascii	"s\371\365\027\250\336<\367\212\317?\363 J+\3222r\230"
 234      A8DE3CF7 
 234      8ACF3FF3 
 234      204A2BD2 
 234      327298
 235 0509 75C962CD 		.ascii	"u\311b\315\363\201\337\273\340\271\034\271}\271\271"
 235      F381DFBB 
 235      E0B91CB9 
 235      7DB9B9
 236 0518 BE3C35DF 		.ascii	"\276<5\337\347/\320\324\267\026f\025\276\371j\026\342"
 236      E72FD0D4 
 236      B7166615 
 236      BEF96A16 
 236      E2
 237 0529 45A2394C 		.ascii	"E\2429L\316\363|Q\360\311\377q\210v\344N\315\314\312"
 237      CEF37C51 
 237      F0C9FF71 
 237      8876E44E 
 237      CDCCCA
 238 053c 9E9FAD66 		.ascii	"\236\237\255f\242;u\376x\302\271\232W[\264\314\355\306"
 238      A23B75FE 
 238      78C2B99A 
 238      575BB4CC 
 238      EDC6
 239 054e 0053B3B2 		.ascii	"\000S\263\262\027\272(\361|\277\367\025W\372l&\371\231"
 239      17BA28F1 
 239      7CBFF715 
 239      57FA6C26 
 239      F999
 240 0560 1589F2F9 		.ascii	"\025\211\362\371\213\330?\261\361'\217"
 240      8BD83FB1 
 240      F1278F
 241              		.text
 242              		.section	.gnu.lto_chCoreAllocFromTop.fcdb8e1b79643af6,"",%progbits
 243 0000 789C9D55 		.ascii	"x\234\235UmLSg\024~\317}\357\275-\005\212Y\366\323\037"
 243      6D4C5367 
 243      147ECF7D 
 243      EFBD2D05 
 243      8A59F6D3 
 244 0015 35913897 		.ascii	"5\2218\227\311\325e\313\334?\027\266e\306\220m\362g"
 244      C9D565CB 
ARM GAS  /tmp/ccaGhYEw.s 			page 19


 244      DC3F17B6 
 244      65C6906D 
 244      F267
 245 0027 CB7E18EC 		.ascii	"\313~\030\354\2524|\224\36422\367\307k\301\217F1F\007"
 245      AA347C94 
 245      F43232F7 
 245      C76BC18F 
 245      46314607 
 246 003b 1AEC4651 		.ascii	"\032\354FQ\231\220\2118dn-S:Q\353\024Q\024\360\003&"
 246      99908938 
 246      646E2D53 
 246      3A51EB14 
 246      5114F003 
 247 0050 20B24CB7 		.ascii	" \262L\267l\321\031g\302d;\347\275\027GKgt\015\334\336"
 247      6CD11967 
 247      C2643BE7 
 247      BD17474B 
 247      67740DDC 
 248 0065 F3F19C73 		.ascii	"\363\361\234s\336\347\234\363Ve\214\025\331\361\037"
 248      DEE79CF3 
 248      56658C15 
 248      D9F11F
 249 0074 187B03DF 		.ascii	"\030{\003\337Ae m\353al\235]\222\224*\0333\034|K\234"
 249      4165206D 
 249      EB616C9D 
 249      5D92942A 
 249      1B331C7C 
 250 008a 3123835B 		.ascii	"1#\203[\242l\2122(\246\233\002@/\206\035\330Z\211\313"
 250      A26C8A32 
 250      28A69B02 
 250      402F861D 
 250      D85A89CB 
 251 009e 0AAC852D 		.ascii	"\012\254\205-\374S\016\275U\207B|3\017q\0062\212w\316"
 251      FC530EBD 
 251      5587427C 
 251      330F7106 
 251      328A77CE 
 252 00b2 D58D3949 		.ascii	"\325\2159I\004p\241\330\274\361\217^u\376~\303\010\030"
 252      0470A1D8 
 252      BCF18F5E 
 252      75FE7EC3 
 252      0818
 253 00c4 B19DEDCE 		.ascii	"\261\235\355\316\375\225\353\337\012q\211\325\242w;"
 253      FD95EBDF 
 253      0A7189D5 
 253      A2773B
 254 00d3 CC86C330 		.ascii	"\314\206\3030\233\212\371\032\346\243\357\236u\375g"
 254      9B8AF91A 
 254      E6A3EF9E 
 254      75FD67
 255 00e2 33F99BC0 		.ascii	"3\371\233\300\360}$\330R-\317k\024\270\356}\334\230"
 255      F07D24D8 
 255      522DCF6B 
 255      14B8EE7D 
 255      DC98
 256 00f4 1BE21C8E 		.ascii	"\033\342\034\216\000\237\016D\025\203o`\036\272o\233"
 256      009F0E44 
ARM GAS  /tmp/ccaGhYEw.s 			page 20


 256      15836F60 
 256      1EBA6F9B 
 257 0104 783862E3 		.ascii	"x8b\343\313\004\2649^\263\311aAO|!\2402|\233\014\225"
 257      CB04B439 
 257      5EB3C961 
 257      414F7C21 
 257      A0327C9B 
 258 011a 194404F4 		.ascii	"\031D\004\364\336\216k\303N\376\256\200\366\015lx\331"
 258      DE8E6BC3 
 258      4EFEAE80 
 258      F60D6C78 
 258      D9
 259 012b 42DEDB6F 		.ascii	"B\336\333o%\215\246H\332\001\363\310\275;\026lu\360"
 259      258DA648 
 259      DA01F3C8 
 259      BD3B166C 
 259      75F0
 260 013d F704F4D4 		.ascii	"\367\004\364\324\203\275\005\331{\005\364z\344\231\206"
 260      83BD05D9 
 260      7B05F47A 
 260      E49986
 261 014c 4AE3B421 		.ascii	"J\343\264!\343I\341\273D8}\320\373\306W\2235\231\252"
 261      E349E1BB 
 261      44387DD0 
 261      FBC65793 
 261      3599AA
 262 015f 0C47219B 		.ascii	"\014G!\233\270@\012\216\201\012\217\014U\006~b\223\021"
 262      B8400A8E 
 262      810A8F0C 
 262      55067E62 
 262      9311
 263 0171 55E86B39 		.ascii	"U\350k9L\3030\350D\327\03060\311\375\322\356\347J\031"
 263      4CC330E8 
 263      44D71836 
 263      30C9FDD2 
 263      EEE74A19 
 264 0185 196A9160 		.ascii	"\031j\221`\2645\236\271\330\231\316w\203I\312\301\206"
 264      B4359EB9 
 264      D899CE77 
 264      8349CAC1 
 264      86
 265 0196 5D19567D 		.ascii	"]\031V}\303\007\026\237\037\333Zm\204\003\263B\\\201"
 265      C307169F 
 265      1FDB5A6D 
 265      8403B342 
 265      5C81
 266 01a8 E38FA9D0 		.ascii	"\343\217\251\320\214\334s\005y\350\302R\341{\212\316"
 266      8CDC7305 
 266      79E8C252 
 266      E17B8ACE 
 267 01b8 13AA3981 		.ascii	"\023\2529\201\325\234\244q\302\007\016\227\204\266\360"
 267      D59CA471 
 267      C2070E97 
 267      84B6F0
 268 01c7 F1D105FC 		.ascii	"\361\321\005\374w3\361\356\216\223\325v+\361\316>GS"
 268      7733F1EE 
 268      8E93D576 
ARM GAS  /tmp/ccaGhYEw.s 			page 21


 268      2BF1CE3E 
 268      4753
 269 01d9 BB610497 		.ascii	"\273a\004\227\204\270\012\247f\246\2058d#dbgd\\\266"
 269      84B80AA7 
 269      66A68538 
 269      64236462 
 269      67645CB6 
 270 01ed 20371BB8 		.ascii	" 7\033\270\261\317\220\010\220\202I8\015\331\255\027"
 270      B1CF9008 
 270      90824938 
 270      0DD9AD17 
 271 01fd 959831F9 		.ascii	"\225\2301\371\367F#6\360\352\326\256\201\250\364\254"
 271      F7462336 
 271      F0EAD6AE 
 271      81A8F4AC 
 272 020d 04341538 		.ascii	"\0044\0258\200\330`\031\250Y\012\266MU\361\301l\364"
 272      80D86019 
 272      A8590AB6 
 272      4D55F1C1 
 272      6CF4
 273 021f 66A7FEA7 		.ascii	"f\247\376\247\321\303A\217t\021'\203\314\231\242\006"
 273      D1C3418F 
 273      74112783 
 273      CC99A206 
 274 022f 27396531 		.ascii	"'9e1\032T\266\011\273\203so\304X\020E|\253\214\261\237"
 274      1A54B609 
 274      BB83736F 
 274      C4581045 
 274      7CAB8CB1 
 275 0244 404AC169 		.ascii	"@J\301i\367\3439\205\037\304\341\366\036j\332 \326E"
 275      F7E33985 
 275      1FC4E1F6 
 275      1E6ADA20 
 275      D645
 276 0256 81857006 		.ascii	"\201\205p\006m\277@\340\306\341\372\350pr\367wD\235"
 276      6DBF40E0 
 276      C6E1FAE8 
 276      7072F777 
 276      449D
 277 0268 56F7E599 		.ascii	"V\367\345\231\235\236[\304\340,\331\224d\333\340\201"
 277      9D9E5BC4 
 277      E02CD994 
 277      64DBE081 
 278 0278 C5E738E5 		.ascii	"\305\3478\345b\320=\263Y\347\260G=\324\254\036j\026"
 278      62D03DB3 
 278      59E7B047 
 278      3DD4AC1E 
 278      6A16
 279 028a B00BD4AE 		.ascii	"\260\013\324\256=\365m\017\034sF\245zc\227+\304m\004"
 279      3DF56D0F 
 279      1C7346A5 
 279      7A63972B 
 279      C46D04
 280 029d 6819EB30 		.ascii	"h\031\3530\3542\036\037\316\303\0341\017\355\015\353"
 280      EC321E1F 
 280      CEC31C31 
 280      0FED0DEB 
ARM GAS  /tmp/ccaGhYEw.s 			page 22


 281 02ad 434ED4C0 		.ascii	"CN\324\300\005\220E\335\014z\305\3027\035\353\032\317"
 281      059045DD 
 281      0C7AC5C2 
 281      371DEB1A 
 281      CF
 282 02be 9873D342 		.ascii	"\230s\323B\333\311\367\356\301\266\376t\201\276Hh\270"
 282      DBC9F7EE 
 282      C1B6FE74 
 282      81BE4868 
 282      B8
 283 02cf 04327216 		.ascii	"\0042r\026p\011\016\030\275\216\004?\263\321\341\320"
 283      70090E18 
 283      BD8E043F 
 283      B3D1E1D0 
 284 02df F9CBFA75 		.ascii	"\371\313\372u\315\016\213\305\201\210\263\316\210U\271"
 284      CD0E8BC5 
 284      8188B3CE 
 284      8855B9
 285 02ee 522CBBA0 		.ascii	"R,\273\240\260\017\262\353\260\013\030 \374'\3360f\200"
 285      B00FB2EB 
 285      B00B1820 
 285      FC27DE30 
 285      6680
 286 0300 EA4BDD0F 		.ascii	"\352K\335\017\225\031\001f\254\274\010\320O\001xR\200"
 286      95190166 
 286      ACBC08D0 
 286      4F017852 
 286      80
 287 0311 C0CF5B7B 		.ascii	"\300\317[{\234)*\210\246\0100@\001dv\033\002\321[\255"
 287      9C292A88 
 287      A6083040 
 287      0164761B 
 287      02D15BAD 
 288 0325 271D49E4 		.ascii	"'\035I\344\337\2178\310\203\322P\255V\377\324\351\033"
 288      DF8F38C8 
 288      83D250AD 
 288      56FFD4E9 
 288      1B
 289 0336 8F934623 		.ascii	"\217\223F#\306\3402v\340\012\265\002\037u\\A\227\332"
 289      C6E03276 
 289      E00AB502 
 289      1F755C41 
 289      97DA
 290 0348 F5C7CFDB 		.ascii	"\365\307\317\333h4\322\304\346D\"\277\016\332\326>4"
 290      6834D2C4 
 290      E64422BF 
 290      0EDAD63E 
 290      34
 291 0359 ECA80873 		.ascii	"\354\250\010ss+\333+\357lw\206\341s\010q\007\\\303+"
 291      732BDB2B 
 291      EF6C7786 
 291      E1730871 
 291      075CC32B 
 292 036d F82A1586 		.ascii	"\370*\025\206\206#\361\241\011\273\326BU\204;k\236\247"
 292      8623F1A1 
 292      09BBD642 
 292      55843B6B 
ARM GAS  /tmp/ccaGhYEw.s 			page 23


 292      9EA7
 293 037f 7D198430 		.ascii	"}\031\2040\324 \21621\030\002\215\252\276\262\001\314"
 293      D4208E32 
 293      3118028D 
 293      AABEB201 
 293      CC
 294 0390 842A1179 		.ascii	"\204*\021y\033*CS\012\033\026\201jr\272\273\321\322"
 294      1B2A4353 
 294      0A1B1681 
 294      6A72BABB 
 294      D1D2
 295 03a2 D9519D80 		.ascii	"\331Q\235\200J#\366\020\365\327\224\302!\234\322L\324"
 295      4A23F610 
 295      F5D794C2 
 295      219CD24C 
 295      D4
 296 03b3 FBA62E1D 		.ascii	"\373\246.\035\325\242\337$\322\201QeF\251\276\\f\272"
 296      D5A2DF24 
 296      D2815165 
 296      46A9BE5C 
 296      66BA
 297 03c5 64982462 		.ascii	"d\230$b\366 75\231\002\227\361/.N\270L\223\351\216F"
 297      F6203735 
 297      990297F1 
 297      2F2E4EB8 
 297      4C93E98E 
 298 03da A7E9E57C 		.ascii	"\247\351\345|\022^~L\315\213\213H\271.H\001\213\224"
 298      125E7E4C 
 298      CD8B8B48 
 298      B92E4801 
 298      8B94
 299 03ec 6124651C 		.ascii	"a$e\034\252z\272^zT\204S\3649\210\307\304\337?\334u"
 299      AA7ABA5E 
 299      7A548453 
 299      F43988C7 
 299      C4DF3FDC 
 300 0401 611E92AD 		.ascii	"a\036\222\255.QE\246]fWcd\307\372jou6\246\223\303\223"
 300      2E5145A6 
 300      5D665763 
 300      64C7FA6A 
 300      6F7536A6 
 301 0418 1437F21F 		.ascii	"\0247\362\037M\253\240\352F\023Zv\00343_\020\327|\352"
 301      4DABA0EA 
 301      46135A76 
 301      0334335F 
 301      10D77CEA 
 302 042c E6098427 		.ascii	"\346\011\204'B\212\370\265\350\263v\311%\244\376\004"
 302      428AF8B5 
 302      E8B376C9 
 302      25A4FE04 
 303 043c 6920418A 		.ascii	"i A\212'H\247\023\244\243\246\204\213\335%\356\247G"
 303      2748A713 
 303      A4A3A684 
 303      8BDD25EE 
 303      A747
 304 044e 43A82049 		.ascii	"C\250 Ic\323\357'\363\202\267\356\214\311\372\321c\351"
 304      63D3EF27 
ARM GAS  /tmp/ccaGhYEw.s 			page 24


 304      F382B7EE 
 304      8CC9FAD1 
 304      63E9
 305 0460 53D7C198 		.ascii	"S\327\301\230\270\016n\212\353 y\367\307\315\335\037"
 305      B80E6E8A 
 305      EB2079F7 
 305      C7CDDD1F 
 306 0470 69A9DD5E 		.ascii	"i\251\335^!r0\366\033\212\233\233\343*\345\257\343Y"
 306      217230F6 
 306      1B8A9B9B 
 306      E32AE5AF 
 306      E359
 307 0482 78C0FB90 		.ascii	"x\300\373\220\0059\263\245\272\326Q\300o.\341,\310\321"
 307      0539B3A5 
 307      BAD651C0 
 307      6F2EE12C 
 307      C8D1
 308 0494 B65EC0DB 		.ascii	"\266^\300\333\027\350\344\030.W+\364\225x\2645z\241"
 308      17E8E418 
 308      2E572BF4 
 308      9578B435 
 308      7AA1
 309 04a6 F6BA472F 		.ascii	"\366\272G/*\367\225i\356B\357J\257O\327r\351\373\355"
 309      2AF79569 
 309      EE42EF4A 
 309      AF4FD772 
 309      E9FBED
 310 04b9 FC152F2E 		.ascii	"\374\025/.\312Y\204\177\032\252|z\261w\245\246\373\335"
 310      CA59847F 
 310      1AAA7C7A 
 310      B177A5A6 
 310      FBDD
 311 04cb E854E229 		.ascii	"\350T\342)q\373\374\236\0347\223u\357'\036\245\240\330"
 311      71FBFC9E 
 311      1C379375 
 311      EF271EA5 
 311      A0D8
 312 04dd BBBA54F5 		.ascii	"\273\272T\365\255Z\245{\312\241l\311S\305\365\227k\336"
 312      AD5AA57B 
 312      CAA16CC9 
 312      53C5F597 
 312      6BDE
 313 04ef 5277F147 		.ascii	"Rw\361G\037z\320K_\243\347\0242\333\312\002\335\363"
 313      1F7AD04B 
 313      5FA3E714 
 313      32DBCA02 
 313      DDF3
 314 0501 8EDFBBEC 		.ascii	"\216\337\273\354\251\002\271}%%\276R\255\314\347/\327"
 314      A902B97D 
 314      2525BE52 
 314      ADCCE72F 
 314      D7
 315 0512 B5D796E7 		.ascii	"\265\327\226\347U\274\262 \017\375E\241\205L.\363{*"
 315      55BCB220 
 315      0FFD45A1 
 315      854C2EF3 
 315      7B2A
ARM GAS  /tmp/ccaGhYEw.s 			page 25


 316 0524 3EF83F01 		.ascii	">\370?\001=\037\227S8-7/\177i\276\226\213\341\264\245"
 316      3D1F9753 
 316      382D372F 
 316      7F69BE96 
 316      8BE1B4A5 
 317 0538 530597E8 		.ascii	"S\005\227\350^}\305j\267\033\023\314\312\313_\356\242"
 317      5E7DC56A 
 317      B71B13CC 
 317      CACB5FEE 
 317      A2
 318 0549 C2CBFCDE 		.ascii	"\302\313\374\336\027\\\331\013\231\344g6$\312\347_\303"
 318      175CD90B 
 318      99E46736 
 318      24CAE75F 
 318      C3
 319 055a FE017003 		.ascii	"\376\001p\003\034\032"
 319      1C1A
 320              		.text
 321              		.section	.gnu.lto_chCoreGetStatusX.fcdb8e1b79643af6,"",%progbits
 322 0000 789C8D90 		.ascii	"x\234\215\220;K\003A\020\307gn//\320\370\001\264H\233"
 322      3B4B0341 
 322      10C7676E 
 322      2F2FD0F8 
 322      01B4489B 
 323 0014 264BFC0A 		.ascii	"&K\374\012\321\332\302\017 \030\002\011\032Nr6VY\023"
 323      D1DAC20F 
 323      20180209 
 323      1A4E7236 
 323      565913
 324 0027 35112D54 		.ascii	"5\021-T|!\207\004,\202\205\250\030\243\211\017\016\013"
 324      7C218704 
 324      2C8285A8 
 324      18A3890F 
 324      0E0B
 325 0039 C5C26721 		.ascii	"\305\302g!\210VZ)\022\320\302\306\347L\316\312B<\356"
 325      88565A29 
 325      12D0C2C6 
 325      E74CCECA 
 325      423CEE
 326 004c 7667FE3B 		.ascii	"vg\376;;\277\377\215\033\000\256\020\240\235\366f\372"
 326      3BBFFF8D 
 326      1B00AE10 
 326      A09DF666 
 326      FA
 327 005d 50006A13 		.ascii	"P\000j\023\247\000\203^\015\221\003\345EHk\230\306q"
 327      A700835E 
 327      0D9103E5 
 327      45486B98 
 327      C671
 328 006f 312DF062 		.ascii	"1-\360bh\315\022c\302\2422\235\322\347\223\205{?\247"
 328      68CD1263 
 328      C2A2329D 
 328      D2E79385 
 328      7B3FA7
 329 0082 88014A9F 		.ascii	"\210\001J\237j\207\245\206`Q\251\214\262\347^\375\363"
 329      6A87A586 
 329      6051A98C 
ARM GAS  /tmp/ccaGhYEw.s 			page 26


 329      B2E75EFD 
 329      F3
 330 0093 A573E5B3 		.ascii	"\245s\345\263\204\006\263T^\302\026\334\300\026flb\020"
 330      8406B354 
 330      5EC216DC 
 330      C016666C 
 330      6210
 331 00a5 A8FA6EFD 		.ascii	"\250\372n\375s\246\321\255\363)\211et\003\031\201\325"
 331      73A6D1AD 
 331      F3298965 
 331      74031981 
 331      D5
 332 00b6 4B97AD3E 		.ascii	"K\227\255>\277r\312~_\302\311\016\242[\202ZXB\027\034"
 332      BF72CA7E 
 332      5FC2C90E 
 332      A25B825A 
 332      5842171C 
 333 00ca E91CB978 		.ascii	"\351\034\271x\361\000\267\206<\335&\237\312\206QJ)\312"
 333      F100B786 
 333      3CDD269F 
 333      CA86514A 
 333      29CA
 334 00dc DAF08899 		.ascii	"\332\360\210\231\352\303~\261\211\233.\010$\326\354"
 334      EAC37EB1 
 334      899B2E08 
 334      24D6EC
 335 00eb F0C19987 		.ascii	"\360\301\231\207\215\272\220\321\225\312\323\215'\375"
 335      8DBA90D1 
 335      95CAD38D 
 335      27FD
 336 00f9 A1BC2414 		.ascii	"\241\274$\024\030OZ)\373<\345/\340\"Z\302\215\333\364"
 336      184F5A29 
 336      FB3CE52F 
 336      E0225AC2 
 336      8DDBF4
 337 010c C35BEC96 		.ascii	"\303[\354\226\016\312G\267o^\271\242\350\011\220\003"
 337      0ECA47B7 
 337      6F5EB9A2 
 337      E8099003 
 338 011c AC600167 		.ascii	"\254`\001g\370\022`\025%\303^r\327>\207\245\021\256"
 338      F8126015 
 338      25C35E72 
 338      D73E87A5 
 338      11AE
 339 012e 8E3F4E38 		.ascii	"\216?N8\202\370\017m\347\017\332n\235\306\223\301\275"
 339      82F80F6D 
 339      E70FDA6E 
 339      9DC693C1 
 339      BD
 340 013f DF349DFA 		.ascii	"\3374\235\372\223\222\235\037AGp\325\035\350N\325\262"
 340      93929D1F 
 340      414770D5 
 340      1DE84ED5 
 340      B2
 341 0150 70440FE9 		.ascii	"pD\017\351P\303L\340'e\347y\352H\263\242\371Ed\334H"
 341      50C34CE0 
 341      2765E779 
ARM GAS  /tmp/ccaGhYEw.s 			page 27


 341      EA48B3A2 
 341      F94564DC 
 342 0165 C6E48019 		.ascii	"\306\344\200\031\227m1\263\247\337\350\223\321x\242"
 342      976D31B3 
 342      A7DFE893 
 342      D178A2
 343 0174 3B619832 		.ascii	";a\2302\302{GgWk8\024\246W\222d\230\275\211ni\246\242"
 343      C27B4767 
 343      576B3814 
 343      A6579264 
 343      98BD896E 
 344 018b 54948C25 		.ascii	"T\224\214%\243F*\026\212\3027\211b\253\274"
 344      A3462A16 
 344      8AC23789 
 344      62ABBC
 345              		.text
 346              		.section	.gnu.lto_.symbol_nodes.fcdb8e1b79643af6,"",%progbits
 347 0000 789C55CA 		.ascii	"x\234U\312\273\015\200@\014\004\321\275\201\243\016"
 347      BB0D8040 
 347      0C04D1BD 
 347      81A30E
 348 000f 44275466 		.ascii	"D'Tf\210\310\340\370\026C\021\324\204/t`\215\364\326"
 348      88C8E0F8 
 348      164311D4 
 348      842F7460 
 348      8DF4D6
 349 0022 9DA4C54F 		.ascii	"\235\244\305Ol\230T>\311\363N\243\224W4\017>\345\233"
 349      6C98543E 
 349      C9F34EA3 
 349      9457340F 
 349      3EE59B
 350 0035 D4D73E50 		.ascii	"\324\327>PK\301Rxe\307\210r`M\224\023k\243\\X\016\242"
 350      4BC15278 
 350      65C78872 
 350      604D9413 
 350      6BA35C58 
 351 004b 1FA6C21D 		.ascii	"\037\246\302\035\334"
 351      DC
 352              		.text
 353              		.section	.gnu.lto_.refs.fcdb8e1b79643af6,"",%progbits
 354 0000 789C6363 		.ascii	"x\234cc``p\006b\026\006FFF&&0\301\314\304\014\34220"
 354      60607006 
 354      62160646 
 354      46462626 
 354      30C1CCC4 
 355 0018 F23032F2 		.ascii	"\36202\3623\263\"\230l\014\214\354\014\214B\214\214"
 355      33B32298 
 355      6C0C8CEC 
 355      0C8C428C 
 355      8C
 356 0029 A2CCEC70 		.ascii	"\242\314\354p&\023\007X\0013\003\000/\264\0017"
 356      26130758 
 356      01330300 
 356      2FB40137 
 357              		.text
 358              		.section	.gnu.lto_.decls.fcdb8e1b79643af6,"",%progbits
 359 0000 789CA556 		.ascii	"x\234\245V{LT\351\025\277\347\336af\230\031\320\000"
ARM GAS  /tmp/ccaGhYEw.s 			page 28


 359      7B4C54E9 
 359      15BFE7DE 
 359      61669819 
 359      D000
 360 0012 DBD89634 		.ascii	"\333\330\2264\206j\244\233\310\254\332\256\333\177\032"
 360      866AA49B 
 360      C8ACDAAE 
 360      DB7F1A
 361 0021 1F6DD5B4 		.ascii	"\037m\325\264\3566K7\251m\322\2738\316\026\2720c\230"
 361      EE364B37 
 361      A96DD2BB 
 361      38CE16BA 
 361      306398
 362 0034 A15B9B26 		.ascii	"\241[\233&\275((+\242\250\2102\274F1\212(\242\253\273"
 362      BD28282B 
 362      A2A88832 
 362      BC46318A 
 362      28A2ABBB 
 363 0048 08F818C0 		.ascii	"\010\370\030\300\007\" \240\256\012\212\210<Dy\210\350"
 363      072220A0 
 363      AE0A8A88 
 363      3C447988 
 363      E8
 364 0059 A2B242CF 		.ascii	"\242\262B\317\367}w\036\214\214\215\366\206\303\334"
 364      F77D771E 
 364      8C8C8DF6 
 364      86C3DC
 365 0068 EFDC737E 		.ascii	"\357\334s~\277\363\272\337\375\224\034\307\025\005r"
 365      BFF3BADF 
 365      FD941CC7 
 365      150572
 366 0077 DC5681E3 		.ascii	"\334V\201\343\376\315s\3348^*\324U\242\340\222+GY\301"
 366      FECD73DC 
 366      385E2AD4 
 366      55A2E092 
 366      2B4759C1 
 367 008b B14B8952 		.ascii	"\261K\211R\205R\203R\213R\207\322\200\322\204\202\356"
 367      85528352 
 367      8B5287D2 
 367      80D28482 
 367      EE
 368 009c 5C0FCA03 		.ascii	"\\\017\312\003\224>n\342\225\014\314\367S\224^\224~"
 368      943E6EE2 
 368      950CCCF7 
 368      53945E94 
 368      7E
 369 00ad 942E9436 		.ascii	"\224.\2246\224\001\231\347.J\007\012\310\034\257\303"
 369      940199E7 
 369      2E4A070A 
 369      C81CAFC3 
 370 00bd DB8A466A 		.ascii	"\333\212Fj\374\015B\011A\021=\342l\363\300\367\306\255"
 370      FC0D4209 
 370      41113DE2 
 370      6CF3C0F7 
 370      C6AD
 371 00cf 91752F65 		.ascii	"\221u/el\317k\307\033`v\310\270 \327\201\350\024\360"
 371      6CCF6BC7 
ARM GAS  /tmp/ccaGhYEw.s 			page 29


 371      1B6076C8 
 371      B820D781 
 371      E814F0
 372 00e2 2A6616EA 		.ascii	"*f\026\352\264>0\265\300p\003\3617\030&\217Y%\327\370"
 372      B43E30B5 
 372      C07003F1 
 372      3718268F 
 372      5925D7F8 
 373 00f6 1D7CFE43 		.ascii	"\035|\376C\224\237\240LG\371)\260\\`\222<r\337\222\323"
 373      949FA04C 
 373      47F929B0 
 373      5C60923C 
 373      72DF92D3 
 374 010a 9913E16C 		.ascii	"\231\023\341l\360\301Y\353\203\263\000\230\237\223\263"
 374      F0C159EB 
 374      83B30098 
 374      9F93B3
 375 0119 5CAED99F 		.ascii	"\\\256\331\237_S\267&\037X\031\002\334\2569pPH\025`"
 375      5F53B726 
 375      1F581902 
 375      DCAE3970 
 375      50481560 
 376 012d 8506C834 		.ascii	"\205\006\3104NAUI_\331\363\000\246\"\026\307O\337\270"
 376      4E415549 
 376      5FD9F300 
 376      A62216C7 
 376      4FDFB8
 377 0140 AD13787A 		.ascii	"\255\023xz\237\223:^\252\2108$\261K\235&p\3605\010N"
 377      9F933A5E 
 377      AA883824 
 377      B14B9D26 
 377      70F03508 
 378 0155 ACBDCF07 		.ascii	"\254\275\317\007Ku\302\207\324\262)\351H\016\301\015"
 378      4B75C287 
 378      D4B229E9 
 378      480EC10D 
 379 0165 D2800297 		.ascii	"\322\200\002\227C\365\266{\201\270\014\321\300\364\014"
 379      43F5B67B 
 379      81B80CD1 
 379      C0F40C
 380 0174 81AF6F1C 		.ascii	"\201\257o\034)W\203&<E\222\326J\366u\222\377R\016\312"
 380      29578326 
 380      3C4592D6 
 380      4AF67592 
 380      FF520ECA 
 381 0188 20144E40 		.ascii	" \024N@(\007\025\020N\270\277\201\010\016\216\243\362"
 381      28071510 
 381      4EB8BF81 
 381      080E8EA3 
 381      F2
 382 0199 182AF711 		.ascii	"\030*\367\021>\307\240-\254\242M\222\246C9h\240\024"
 382      3EC7A02D 
 382      ACA24D92 
 382      A6433968 
 382      A014
 383 01ab 046A83A9 		.ascii	"\004j\203\251\255\320\220\377\250D\246\362\312Sg\264"
 383      ADD090FF 
ARM GAS  /tmp/ccaGhYEw.s 			page 30


 383      A844A6F2 
 383      CA5367B4 
 384 01bb 77E03660 		.ascii	"w\3406`\021`*\015\015\200\375\307_\"t=\356\274\200\351"
 384      11602A0D 
 384      0D80FDC7 
 384      5F22743D 
 384      EEBC80E9 
 385 01cf 51CBB31F 		.ascii	"Q\313\263\037\331\224,\234.\340\322\3602\006\357\304"
 385      D9942C9C 
 385      2EE0D2F0 
 385      3206EFC4 
 386 01df A57F3200 		.ascii	"\245\1772\000x\242\262\347\214\316y\2616\260\033\017"
 386      78A2B2E7 
 386      8CCE79B1 
 386      36B01B0F 
 387 01ef 3FA6E2DD 		.ascii	"?\246\342\335d\036.\257\304\312\271\036\273\202r'\011"
 387      641E2EAF 
 387      C4CAB91E 
 387      BB827227 
 387      09
 388 0200 7227F6E7 		.ascii	"r'\366\347d\371\265C\033>\304\261HW\233hKJ[\266\\P\012"
 388      64F9B543 
 388      1B3EC4B1 
 388      48579B68 
 388      4B4A5BB6 
 389 0217 294017E7 		.ascii	")@\027\347\306G\034SX\177x\\6?\252\313\325\262\376L"
 389      C6471C53 
 389      587F785C 
 389      363FAACB 
 389      D5B2FE4C 
 390 022b C5E5A14D 		.ascii	"\305\345\241M\343\031~\3232I\321\323\327ISy\370\364"
 390      E3197ED3 
 390      3249D1D3 
 390      D7495379 
 390      F8F4
 391 023d 07E0C056 		.ascii	"\007\340\300V\234\301VpP\011\323\360\277I\301\270\356"
 391      9CC15670 
 391      5009D3F0 
 391      BF49C1B8 
 391      EE
 392 024e 5FCD2FD3 		.ascii	"_\315/\323\206\331\245\366v\311\321S4\303V\267^jD\277"
 392      86D9A5F6 
 392      76C9D153 
 392      34C356B7 
 392      5E6A44BF 
 393 0262 05D40E4E 		.ascii	"\005\324\016N\273\273t\232L\012\234\202v\200\223p\007"
 393      BBBB749A 
 393      4C0A9C82 
 393      76809370 
 393      07
 394 0273 63AB8230 		.ascii	"c\253\2020\364?x\253i\\+\334`a\345t\246m\366S\360\254"
 394      F43F78AB 
 394      695C2BDC 
 394      6061E574 
 394      A66DF653 
 395 0289 9B840275 		.ascii	"\233\204\002u\325\305\243\016\201\352p*\316\002\325"
 395      D5C5A30E 
ARM GAS  /tmp/ccaGhYEw.s 			page 31


 395      81EA702A 
 395      CE02D5
 396 0298 759EEFEF 		.ascii	"u\236\357\357T\271\354\3161e\367p\371&\225g\324\242"
 396      54B9ECCE 
 396      3165F770 
 396      F9269567 
 396      D4A2
 397 02aa CE23EA0B 		.ascii	"\316#\352\0134\352\363 \207\335\363tW\246Z\016\373|"
 397      34EAF320 
 397      87DDF374 
 397      57A65A0E 
 397      FB7C
 398 02bc 5EA04D72 		.ascii	"^\240Mr\254\225\244D\236\230A\265;\350j\357\240kh\320"
 398      AC95A444 
 398      9E9841B5 
 398      3BE86AEF 
 398      A06B68D0 
 399 02d0 75AD174A 		.ascii	"u\255\027J\374\204~\026t\305p\313M\235\014U\373\356"
 399      FC847E16 
 399      74C570CB 
 399      4D9D0C55 
 399      FBEE
 400 02e2 04A48B6E 		.ascii	"\004\244\213n\244\213\336H\265\024\351Ej\3271\235\220"
 400      A48BDE48 
 400      B514E945 
 400      6AD7319D 
 400      90
 401 02f3 C8DE2F47 		.ascii	"\310\336/G\331\211*\025\"\331\021\2519\202!I\014\351"
 401      D9892A15 
 401      22D911A9 
 401      39822149 
 401      0CE9
 402 0305 921BE992 		.ascii	"\222\033\351\2227R\035E\332\362\260\006\221v0\244\214"
 402      37521D45 
 402      DAF2B006 
 402      917630A4 
 402      8C
 403 0316 E2A3D581 		.ascii	"\342\243\325\201rL\315\277\234\200T\357F\252\367Fj\240"
 403      724CCDBF 
 403      9C8054EF 
 403      46AAF746 
 403      6AA0
 404 0328 48254347 		.ascii	"H%CG\262UB!C\032^_\235\242\360\254*\251\270\273\254"
 404      B2554221 
 404      431A5E5F 
 404      9DA2F0AC 
 404      2AA9B8BB 
 405 033d 8D1386A1 		.ascii	"\215\023\206\241w\375\265\303\316\004\332*\246\356^"
 405      77FDB5C3 
 405      CE04DA2A 
 405      A6EE5E
 406 034c 2715A29F 		.ascii	"'\025\242\237\235'fp\331M|\331\233\270\211\022\357\272"
 406      9D276670 
 406      D94D7CD9 
 406      9BB88912 
 406      EFBA
 407 035e DFE5D008 		.ascii	"\337\345\320\010e\214\330V\361\244\326\217\215\250\232"
ARM GAS  /tmp/ccaGhYEw.s 			page 32


 407      658CD856 
 407      F1A4D68F 
 407      8DA89A
 408 036d 8CEFC0C1 		.ascii	"\214\357\300\301\322\0006\242\016\362\370d\367H\212"
 408      D20036A2 
 408      0EF2F864 
 408      F7488A
 409 037c 209C65B6 		.ascii	" \234e\266%\311\235\007\324\3700\024\2671\360\330\303"
 409      25C99D07 
 409      D4F83014 
 409      B731F0D8 
 409      C3
 410 038d 42E53DCC 		.ascii	"B\345=\3141\\\254\020\352\250-\177\264\270\363\357\020"
 410      315CAC10 
 410      EAA82D7F 
 410      B4B8F3EF 
 410      10
 411 039e AE615BCA 		.ascii	"\256a[\312HKD\362\006R\231\026\314\352\206;\300P\262"
 411      484B44F2 
 411      06529916 
 411      CCEA863B 
 411      C050B2
 412 03b1 A5D0ED49 		.ascii	"\245\320\355I*\220\204i\034\314\013\205\367ps\272\211"
 412      2A908469 
 412      1CCC0B85 
 412      F77073BA 
 412      89
 413 03c2 9B53A8BC 		.ascii	"\233S\250\2749]\307\"|\213E@\202\003\371\205g\003\204"
 413      395DC722 
 413      7C8B4540 
 413      8203F985 
 413      670384
 414 03d5 248112B4 		.ascii	"$\201\022\264\025\0176\010.\206\236\336\260c\311\204"
 414      150F3608 
 414      2E869EDE 
 414      B063C984 
 415 03e5 E13632B4 		.ascii	"\34162\264\272\031\220pr\212[\223S\024\035?\264o\212"
 415      BA199070 
 415      728A5B93 
 415      53141D3F 
 415      B46F8A
 416 03f8 6EA36BC7 		.ascii	"n\243k\307\244x\316M\223\303\227]'\277\374=}\266[J\241"
 416      A478CE4D 
 416      93C3975D 
 416      27BFFC3D 
 416      7DB65B4A 
 417 040d 84C6A2D8 		.ascii	"\204\306\242\330\337pbT\015\3013f\204o\245\035D\301"
 417      DF706254 
 417      0DC13366 
 417      846FA51D 
 417      44C1
 418 041f 3700AEA2 		.ascii	"7\000\256\242\337\025\352\327\016\301\204\012\356!\353"
 418      DF15EAD7 
 418      0EC1840A 
 418      EE21EB
 419 042e 5D98011D 		.ascii	"]\230\001\0350\203\356'{\010\221cd\340\347\266\023\367"
 419      3083EE27 
ARM GAS  /tmp/ccaGhYEw.s 			page 33


 419      7B089163 
 419      64E0E7B6 
 419      13F7
 420 0440 25699B8E 		.ascii	"%i\233\216\020\3005\014\2378\270\366j=\201\230\023\352"
 420      10C0350C 
 420      9F38B8F6 
 420      6A3D8198 
 420      13EA
 421 0452 B2AFFD31 		.ascii	"\262\257\3751\216\032\226\201\030\337\231\324\270\214"
 421      8E1A9681 
 421      18DF99D4 
 421      B88C
 422 0460 B0CAFB79 		.ascii	"\260\312\373y\203-(\021\343!V\234\\\0269\207\306\352"
 422      832D2811 
 422      E321569C 
 422      5C163987 
 422      C6EA
 423 0472 166CEE18 		.ascii	"\026l\356\030\253gv^\362\000@\360\344\031@7\006\356"
 423      AB67765E 
 423      F20040F0 
 423      E4194037 
 423      06EE
 424 0484 2B0946F3 		.ascii	"+\011F\363m\266\022?V\320\205F\235\356\372\023R\312"
 424      6DB6123F 
 424      56D08546 
 424      9DEEFA13 
 424      52CA
 425 0496 D55C907B 		.ascii	"\325\\\220{U3\263@\262;\310\006\026^Z\200$@\255\233"
 425      5533B340 
 425      B23BC806 
 425      165E5A80 
 425      2440AD9B 
 426 04aa 99B547B5 		.ascii	"\231\265G\265\232\351\334\366\300L\364\273\336y\374"
 426      9AE9DCF6 
 426      C04CF4BB 
 426      DE79FC
 427 04b9 2808290A 		.ascii	"(\010)\012:aO+\217\325(\203\322\345\010\027\000\351"
 427      3A614F2B 
 427      8FD52883 
 427      D2E50817 
 427      00E9
 428 04cb 0EDD967B 		.ascii	"\016\335\226{!\310\225\325\311\254\261b%2\265cPm\266"
 428      21C895D5 
 428      C9ACB162 
 428      2532B563 
 428      506DB6
 429 04de 906D927D 		.ascii	"\220m\222}\032y\016\367\345o(\273\201\007\024\376\351"
 429      1A790EF7 
 429      E56F28BB 
 429      810714FE 
 429      E9
 430 04ef C6E1AE00 		.ascii	"\306\341\256\000!\223\301\357<P\374\215 {v\374(Q\252"
 430      2193C1EF 
 430      3C50FC8D 
 430      207B76FC 
 430      2851AA
 431 0502 02EAF8D0 		.ascii	"\002\352\370\320\351Ho\240\217:V~U\220\355\3579(]\036"
ARM GAS  /tmp/ccaGhYEw.s 			page 34


 431      E9486FA0 
 431      8F3A567E 
 431      5590EDEF 
 431      39285D1E 
 432 0516 4DE0A09F 		.ascii	"M\340\240\237\015\012\371E\343KYi\351:Oc\002\3536\036"
 432      0D0AF945 
 432      E34B5969 
 432      E93A4F63 
 432      02EB361E 
 433 052a 908D07A8 		.ascii	"\220\215\007\250q\177\177\363\011\177\241\200\205to"
 433      717F7FF3 
 433      097FA180 
 433      85746F
 434 0539 FFD84E25 		.ascii	"\377\330N%{=\337!\333D\341Wyj\366z\026\2227pw\375p\246"
 434      7B3DDF21 
 434      DB44E157 
 434      796AF67A 
 434      16923770 
 435 0551 4638CA6C 		.ascii	"F8\312l\207\276\317-\365g\266!\270\224*\007\273\246"
 435      87BECF2D 
 435      F567B621 
 435      B8942A07 
 435      BBA6
 436 0563 685248B1 		.ascii	"hRH\261\030i\220\347$?!\225\303a\201a6\370\327\236\235"
 436      186990E7 
 436      243F2195 
 436      C3618161 
 436      36F8D79E 
 437 0578 7AA113CA 		.ascii	"z\241\023\312)\222\342\320\272\242G\012\010\017\005"
 437      2992E2D0 
 437      BAA2470A 
 437      080F05
 438 0587 3407F686 		.ascii	"4\007\366\206\221\223\010\007\317\361mx*\227\003/\233"
 438      91930807 
 438      CFF16D78 
 438      2A97032F 
 438      9B
 439 0598 84F08FFE 		.ascii	"\204\360\217\376C\324x\257\246\277\223\274k\337\341"
 439      43D478AF 
 439      A6BF93BC 
 439      6BDFE1
 440 05a7 C03CA77C 		.ascii	"\300<\247|\317\020p\204\021\016\344\337\335\020\350"
 440      CF107084 
 440      110EE4DF 
 440      DD10E8
 441 05b6 D94B823D 		.ascii	"\331K\202=\204\317\037\321\370^\220\216\262(\211\365"
 441      84CF1FD1 
 441      F85E908E 
 441      B22889F5 
 442 05c6 D19C9AE7 		.ascii	"\321\234\232\347\376\032\031;\345\177a\367m9<\024\340"
 442      FE1A193B 
 442      E57F61F7 
 442      6D393C14 
 442      E0
 443 05d7 893DFA3A 		.ascii	"\211=\372:\354\313\203\351\233U\330\366F\034\315\356"
 443      ECCB83E9 
 443      9B55D8F6 
ARM GAS  /tmp/ccaGhYEw.s 			page 35


 443      461CCDEE 
 444 05e7 3C65A2DD 		.ascii	"<e\242\335\2218\035\276\307\016=\306\311\304/\221\207"
 444      91381DBE 
 444      C70E3DC6 
 444      C9C42F91 
 444      87
 445 05f8 E7206AFE 		.ascii	"\347 j\376\312s\360\222\316\300\345\326\256!\255p\206"
 445      CA73F092 
 445      CEC0E5D6 
 445      AE21AD70 
 445      86
 446 0609 55FFE59D 		.ascii	"U\377\345\235\364t\025k\215\235\264\346I\331\372\027"
 446      F474156B 
 446      8D9DB4E6 
 446      49D9FA17 
 447 0619 81AC1BC1 		.ascii	"\201\254\033\301\344\363\225<\326\257\363\331\215D^"
 447      E4F3953C 
 447      D6AFF3D9 
 447      8D445E
 448 0628 EE86C4D3 		.ascii	"\356\206\304\323\004\222\366g\367\372{\027g\034X\267"
 448      0492F667 
 448      F7FA7B17 
 448      671C58B7 
 449 0638 3858CB07 		.ascii	"8X\313\0079\235\210ufuI\261\322;]\237\326\367\316f\324"
 449      399D8875 
 449      667549B1 
 449      D23B5D9F 
 449      D6F7CE66 
 450 064d 6BE5741F 		.ascii	"k\345t\037\274\313\262]\307\263l\361k\351\3418&g\233"
 450      BCCBB25D 
 450      C7B36CF1 
 450      6BE9E138 
 450      26679B
 451 0660 C4CFF438 		.ascii	"\304\317\3648\304\316z\365\020;\213}\000\232\267<\336"
 451      C4CE7AF5 
 451      103B8B7D 
 451      009AB73C 
 451      DE
 452 0671 AB12EA69 		.ascii	"\253\022\352i=\370;7Go\005\372:}~\311\207\023'\272\373"
 452      3DF83B37 
 452      476F05FA 
 452      3A7D7EC9 
 452      871327BA 
 453 0686 AEE74321 		.ascii	"\256\347C!\231w\236>GZ~\225\365\230\234>Sx\015l\340"
 453      99779E3E 
 453      475A7E95 
 453      F5989C3E 
 453      53780D6C 
 454 069b 5D1BC92C 		.ascii	"]\033\311,9\372\003{\267\356Q\0127\030GEv\3279\336\027"
 454      39FA037B 
 454      B7EE510A 
 454      37184745 
 454      76D739DE 
 455 06b0 C7269F1C 		.ascii	"\307&\237\034\370\2618O?\026\251\310\261\321\315\221"
 455      F8B1384F 
 455      3F16A9C8 
 455      B1D1CD91 
ARM GAS  /tmp/ccaGhYEw.s 			page 36


 456 06c0 424B44B4 		.ascii	"BKD\264H\264\365\321\343\355J\237\015Ks6\354=\332\257"
 456      48B4F5D1 
 456      E3ED4A9F 
 456      0D4B7336 
 456      EC3DDAAF 
 457 06d4 B51503A3 		.ascii	"\265\025\003\243\012\357~\271?\337\233i\007\322\030"
 457      0AEF7EB9 
 457      3FDF9B69 
 457      07D218
 458 06e3 3C2EC8D9 		.ascii	"<.\310\331j\264\270\\\036\017%.\317\324%\235\324\372"
 458      6AB4B85C 
 458      1E0F252E 
 458      CFD4259D 
 458      D4FA
 459 06f5 644B77B2 		.ascii	"dKw\262ma\343\361dc\362\210|\356W\341\262\260;g\263"
 459      6D61E3F1 
 459      6463F288 
 459      7CEE57E1 
 459      B2B03B67 
 460 070a 8E8DDE07 		.ascii	"\216\215\336\007\344\254\327\221q\011\274\203\331\206"
 460      E4ACD791 
 460      7109BC83 
 460      D986
 461 0718 15D8CA13 		.ascii	"\025\330\312\023\260\3554\230t\026\314v\032L\343@\305"
 461      B0ED3498 
 461      7416CC76 
 461      1A4CE340 
 461      C5
 462 0729 26AD7097 		.ascii	"&\255p\227\015rG\275\375\0269j:\360t\3610W\250\257\247"
 462      0D7247BD 
 462      FD16396A 
 462      3AF074F1 
 462      3057A8AF 
 463 073e 474DFB52 		.ascii	"GM\373Rv\324\314p\227\013o'\036/v\360\344x\321\236\337"
 463      76D4CC70 
 463      970B6F27 
 463      1E2F76F0 
 463      E478D19E 
 464 0753 B33D4038 		.ascii	"\263=@8\354G\301\212\212\363\216\004\012\345l\221ZU"
 464      EC47C18A 
 464      8AF38E04 
 464      0AE56C91 
 464      5A55
 465 0765 9DA3C4F3 		.ascii	"\235\243\304\363$\354$\236DS,5\355qr](\023\306\312\372"
 465      24EC249E 
 465      44532C35 
 465      ED71725D 
 465      2813C6CA 
 466 077a 9A12A590 		.ascii	"\232\022\245\220\244\237Q\252L'\025\354\342\025d5\221"
 466      A49F51AA 
 466      4C2715EC 
 466      E2156435 
 466      91
 467 078b 2D8BB25D 		.ascii	"-\213\262]\357\256Z%d(}\340_(\374\272\022\350\011\226"
 467      EFAE5A25 
 467      64287DE0 
 467      5F28FCBA 
ARM GAS  /tmp/ccaGhYEw.s 			page 37


 467      12E80996 
 468 079f B49A9D74 		.ascii	"\264\232\235tw^\331S\036\340\363\330\235\313\223\223"
 468      775ED953 
 468      1EE0F3D8 
 468      9DCB9393 
 469 07af 560E2F1F 		.ascii	"V\016/\037\265Z\257\275\274\250\220\003\274R'\264^\226"
 469      B55AAFBD 
 469      BCA89003 
 469      BC5227B4 
 469      5E96
 470 07c1 8B01C410 		.ascii	"\213\001\304\020l\256\010\2631B\233w\204y4"
 470      6CAE08B3 
 470      31429B77 
 470      847934
 471 07d0 C24DC945 		.ascii	"\302M\311E\211*a\214\205\370e\2574\"\310x\203\271BI"
 471      892A618C 
 471      85F865AF 
 471      3422C878 
 471      83B94249 
 472 07e4 5A6A9A64 		.ascii	"Zj\232dO\224\026,\245\031\347\273\213\233\357\015f\247"
 472      4F94162C 
 472      A519E7BB 
 472      8B9BEF0D 
 472      66A7
 473 07f6 60FB469E 		.ascii	"`\373F\236\245\006\012)*\037\371\266\356\376\316\344"
 473      A5060A29 
 473      2A1FF9B6 
 473      EEFECEE4 
 474 0806 2E67C384 		.ascii	".g\303\204r\356v\005\273\007\203\335\355\215_\300\207"
 474      72EE7605 
 474      BB0783DD 
 474      ED8D5FC0 
 474      87
 475 0817 718BF4D1 		.ascii	"q\213\364\321\3468\243~\215%Z\377k\243\345s\253y\265"
 475      E638A37E 
 475      8D255AFF 
 475      6BA3E573 
 475      AB79B5
 476 082a DE101DB3 		.ascii	"\336\020\035\2632\306l\321/&\277\037E\212s\347D\314"
 476      32C66CD1 
 476      2F26BF1F 
 476      458A73E7 
 476      44CC
 477 083c C13F3DAA 		.ascii	"\301?=\252\314\226\330\230\225zK\274\001\215\342\214"
 477      CC96D898 
 477      957A4BBC 
 477      018DE28C 
 478 084c 710673BC 		.ascii	"q\006s\2741\302\240^\362\341'\323\027\317\231\303)-"
 478      31C2A05E 
 478      F2E127D3 
 478      17CF99C3 
 478      292D
 479 085e 31FF328A 		.ascii	"1\3772\212\326\271\372\004K\274\236\030\376\315`\320"
 479      D6B9FA04 
 479      4BBC9E18 
 479      FECD60D0 
 480 086e 47C5C7CD 		.ascii	"G\305\307\3156\231M\306\331\306\250\2251\372\371\021"
ARM GAS  /tmp/ccaGhYEw.s 			page 38


 480      36994DC6 
 480      D9C6A895 
 480      31FAF911 
 481 087e F31029C6 		.ascii	"\363\020)\306d\210MXe\324[\254\253V\031?\213\210\346"
 481      64884D58 
 481      65D45BAC 
 481      AB56193F 
 481      8B88E6
 482 0891 B4A248B0 		.ascii	"\264\242H\260\304\030S\214u\361\377\037\021\027b\210"
 482      C418538C 
 482      75F1FF1F 
 482      11176288 
 483 08a1 5E8C770B 		.ascii	"^\214w\013cc\315\206\337\306\233\343\026EY\214\313\202"
 483      6363CD86 
 483      DFC69BE3 
 483      1645598C 
 483      CB82
 484 08b3 BD947F34 		.ascii	"\275\224\1774\257~EG\014\203^\265\233\312TK\214\326"
 484      AF7E4547 
 484      0C835EB5 
 484      9BCA544B 
 484      8CD6
 485 08c5 486B9435 		.ascii	"Hk\2245\301\362'\215!Z\224\351T+\321\007\357\375E1!"
 485      C1F2278D 
 485      215A94E9 
 485      542BD107 
 485      EFFD4531 
 486 08da C664FD40 		.ascii	"\306d\375@\264\316\246\005p&i2~AB\214\213\302,LF\275"
 486      B4CEA605 
 486      70266932 
 486      7E41428C 
 486      8BC22C4C 
 487 08f0 88194725 		.ascii	"\210\031G%\304ZE\353\232\325F\013\346\256\222\275\302"
 487      C45A45EB 
 487      9AD5460B 
 487      E6AE92BD 
 487      C2
 488 0901 26F3B2AC 		.ascii	"&\363\262\254\261\350E,\023\232\240\251\022\213\201"
 488      B1E8452C 
 488      139AA0A9 
 488      128B81
 489 0910 4C4BDEA2 		.ascii	"LK\336\242BN\\w\225\2429\177\371V\264\006\210b\2641"
 489      424E5C77 
 489      95A2397F 
 489      F956B406 
 489      8862B431 
 490 0924 6AB54852 		.ascii	"j\265HR\021E\235\2742\232V\211\">\372,\301d\020\305"
 490      11459DBC 
 490      329A5689 
 490      223EFA2C 
 490      C16410C5 
 491 0938 88F7E7BF 		.ascii	"\210\367\347\277?_\355\\)\014\321Q\361\236\317\346\377"
 491      3F5FED5C 
 491      290CD151 
 491      F19ECFE6 
 491      FF
 492 0949 42C30A30 		.ascii	"B\303\0120o\256hU;o\264\206\350\3105\226OLX\312\317"
ARM GAS  /tmp/ccaGhYEw.s 			page 39


 492      6FAE6855 
 492      3B6FB486 
 492      E8C83596 
 492      4F4C58CA 
 493 095e 17BC51D8 		.ascii	"\027\274Q\330\361V\217\230\261\014dJV\233\343\255b\002"
 493      F1568F98 
 493      B10C644A 
 493      569BE3AD 
 493      6202
 494 0970 050B888A 		.ascii	"\005\013\210\212\375\"j\215\005'&\026\253\372\2737\202"
 494      FD226A8D 
 494      05272616 
 494      ABFABB37 
 494      82
 495 0981 3698E3E2 		.ascii	"6\230\343\342\314&=A\263\350\027~\274\374\037\363g/"
 495      CC263D41 
 495      B3E8177E 
 495      BCFC1FF3 
 495      672F
 496 0993 477BB92A 		.ascii	"G{\271*\230\224\305h\025\027-\214\374\315\037>^\366"
 496      9894C568 
 496      15172D8C 
 496      FCCD1F3E 
 496      5EF6
 497 09a5 97B74136 		.ascii	"\227\267A6\376\323Jp\365\213\227G.\213\324\223\311\321"
 497      FED34A70 
 497      F58B9747 
 497      2E8BD493 
 497      C9D1
 498 09b7 2F73E612 		.ascii	"/s\346\022g\211\261\210\370b\220\372\323\342\374\036"
 498      6789B188 
 498      F86290FA 
 498      D3E2FC1E 
 499 09c7 B3F1A799 		.ascii	"\263\361\247\231\221\274\376\0131\216\266\016"
 499      91BCFE0B 
 499      318EB60E 
 500              		.text
 501              		.section	.gnu.lto_.symtab.fcdb8e1b79643af6,"",%progbits
 502 0000 5F5F636F 		.ascii	"__core_init\000"
 502      72655F69 
 502      6E697400 
 503 000c 00       		.ascii	"\000"
 504 000d 00       		.ascii	"\000"
 505 000e 00       		.ascii	"\000"
 506 000f 00000000 		.ascii	"\000\000\000\000\000\000\000\000"
 506      00000000 
 507 0017 C2000000 		.ascii	"\302\000\000\000"
 508 001b 63685F6D 		.ascii	"ch_memcore\000"
 508      656D636F 
 508      726500
 509 0026 00       		.ascii	"\000"
 510 0027 00       		.ascii	"\000"
 511 0028 00       		.ascii	"\000"
 512 0029 00000000 		.ascii	"\000\000\000\000\000\000\000\000"
 512      00000000 
 513 0031 E7000000 		.ascii	"\347\000\000\000"
 514 0035 6368436F 		.ascii	"chCoreAllocFromBaseI\000"
ARM GAS  /tmp/ccaGhYEw.s 			page 40


 514      7265416C 
 514      6C6F6346 
 514      726F6D42 
 514      61736549 
 515 004a 00       		.ascii	"\000"
 516 004b 00       		.ascii	"\000"
 517 004c 00       		.ascii	"\000"
 518 004d 00000000 		.ascii	"\000\000\000\000\000\000\000\000"
 518      00000000 
 519 0055 C8000000 		.ascii	"\310\000\000\000"
 520 0059 6368436F 		.ascii	"chCoreAllocFromTopI\000"
 520      7265416C 
 520      6C6F6346 
 520      726F6D54 
 520      6F704900 
 521 006d 00       		.ascii	"\000"
 522 006e 00       		.ascii	"\000"
 523 006f 00       		.ascii	"\000"
 524 0070 00000000 		.ascii	"\000\000\000\000\000\000\000\000"
 524      00000000 
 525 0078 CA000000 		.ascii	"\312\000\000\000"
 526 007c 6368436F 		.ascii	"chCoreAllocFromBase\000"
 526      7265416C 
 526      6C6F6346 
 526      726F6D42 
 526      61736500 
 527 0090 00       		.ascii	"\000"
 528 0091 00       		.ascii	"\000"
 529 0092 00       		.ascii	"\000"
 530 0093 00000000 		.ascii	"\000\000\000\000\000\000\000\000"
 530      00000000 
 531 009b CC000000 		.ascii	"\314\000\000\000"
 532 009f 6368436F 		.ascii	"chCoreAllocFromTop\000"
 532      7265416C 
 532      6C6F6346 
 532      726F6D54 
 532      6F7000
 533 00b2 00       		.ascii	"\000"
 534 00b3 00       		.ascii	"\000"
 535 00b4 00       		.ascii	"\000"
 536 00b5 00000000 		.ascii	"\000\000\000\000\000\000\000\000"
 536      00000000 
 537 00bd CE000000 		.ascii	"\316\000\000\000"
 538 00c1 6368436F 		.ascii	"chCoreGetStatusX\000"
 538      72654765 
 538      74537461 
 538      74757358 
 538      00
 539 00d2 00       		.ascii	"\000"
 540 00d3 00       		.ascii	"\000"
 541 00d4 00       		.ascii	"\000"
 542 00d5 00000000 		.ascii	"\000\000\000\000\000\000\000\000"
 542      00000000 
 543 00dd D1000000 		.ascii	"\321\000\000\000"
 544 00e1 5F5F6865 		.ascii	"__heap_base__\000"
 544      61705F62 
 544      6173655F 
ARM GAS  /tmp/ccaGhYEw.s 			page 41


 544      5F00
 545 00ef 00       		.ascii	"\000"
 546 00f0 02       		.ascii	"\002"
 547 00f1 00       		.ascii	"\000"
 548 00f2 00000000 		.ascii	"\000\000\000\000\000\000\000\000"
 548      00000000 
 549 00fa EA000000 		.ascii	"\352\000\000\000"
 550 00fe 5F5F6865 		.ascii	"__heap_end__\000"
 550      61705F65 
 550      6E645F5F 
 550      00
 551 010b 00       		.ascii	"\000"
 552 010c 02       		.ascii	"\002"
 553 010d 00       		.ascii	"\000"
 554 010e 00000000 		.ascii	"\000\000\000\000\000\000\000\000"
 554      00000000 
 555 0116 EC000000 		.ascii	"\354\000\000\000"
 556              		.text
 557              		.section	.gnu.lto_.opts,"",%progbits
 558 0000 272D666D 		.ascii	"'-fmath-errno' '-fsigned-zeros' '-ftrapping-math' '"
 558      6174682D 
 558      6572726E 
 558      6F272027 
 558      2D667369 
 559 0033 2D666E6F 		.ascii	"-fno-trapv' '-fno-openmp' '-fno-openacc' '-mcpu=cor"
 559      2D747261 
 559      70762720 
 559      272D666E 
 559      6F2D6F70 
 560 0066 7465782D 		.ascii	"tex-m3' '-mthumb' '-O2' '-fomit-frame-pointer' '-fa"
 560      6D332720 
 560      272D6D74 
 560      68756D62 
 560      2720272D 
 561 0099 6C69676E 		.ascii	"lign-functions=16' '-ffunction-sections' '-fdata-se"
 561      2D66756E 
 561      6374696F 
 561      6E733D31 
 561      36272027 
 562 00cc 6374696F 		.ascii	"ctions' '-fno-common' '-flto'\000"
 562      6E732720 
 562      272D666E 
 562      6F2D636F 
 562      6D6D6F6E 
 563              		.text
 564              		.comm	__gnu_lto_v1,1,1
 565              		.comm	__gnu_lto_slim,1,1
 566              		.ident	"GCC: (15:7-2018-q2-6) 7.3.1 20180622 (release) [ARM/embedded-7-branch revision 261907]"
ARM GAS  /tmp/ccaGhYEw.s 			page 42


DEFINED SYMBOLS
                            *ABS*:0000000000000000 chmemcore.c
                            *COM*:0000000000000001 __gnu_lto_v1
                            *COM*:0000000000000001 __gnu_lto_slim

NO UNDEFINED SYMBOLS
