ARM GAS  /tmp/ccnNJnvZ.s 			page 1


   1              		.cpu cortex-m3
   2              		.eabi_attribute 20, 1
   3              		.eabi_attribute 21, 1
   4              		.eabi_attribute 23, 3
   5              		.eabi_attribute 24, 1
   6              		.eabi_attribute 25, 1
   7              		.eabi_attribute 26, 1
   8              		.eabi_attribute 30, 2
   9              		.eabi_attribute 34, 1
  10              		.eabi_attribute 18, 4
  11              		.file	"chrfcu.c"
  12              		.section	.gnu.lto_.profile.25c625c616bbc00,"",%progbits
  13 0000 789C6363 		.ascii	"x\234cc```\001bF\006\036.\000\000\232\000\""
  13      60606001 
  13      6246061E 
  13      2E00009A 
  13      0022
  14              		.text
  15              		.section	.gnu.lto_.icf.25c625c616bbc00,"",%progbits
  16 0000 789C6363 		.ascii	"x\234cc``\340c@\000&\206\333[\266\334\346`j\\\177t\032"
  16      6060E063 
  16      40002686 
  16      DB5BB6DC 
  16      E6606A5C 
  17 0017 0B03002E 		.ascii	"\013\003\000.\262\005\316"
  17      B205CE
  18              		.text
  19              		.section	.gnu.lto_.jmpfuncs.25c625c616bbc00,"",%progbits
  20 0000 789C6363 		.ascii	"x\234cc``\020b@\000&\006FF\306\3729\314\014LP\232\001"
  20      60601062 
  20      40002606 
  20      4646C6FA 
  20      39CC0C4C 
  21 0017 00165A02 		.ascii	"\000\026Z\002_"
  21      5F
  22              		.text
  23              		.section	.gnu.lto_.inline.25c625c616bbc00,"",%progbits
  24 0000 789C6363 		.ascii	"x\234cc``\320`@\000&\006\0066VF\006&\266\017z\014l\013"
  24      6060D060 
  24      40002606 
  24      06365646 
  24      0626B60F 
  25 0018 E4992062 		.ascii	"\344\231 b\034\354@!\256\011~p!\006\000V\025\003\355"
  25      1CEC4021 
  25      AE097E70 
  25      21060056 
  25      1503ED
  26              		.text
  27              		.section	.gnu.lto_.pureconst.25c625c616bbc00,"",%progbits
  28 0000 789C6363 		.ascii	"x\234cc```\005b&\006\011&\011\000\000\366\000@"
  28      60606005 
  28      62260609 
  28      26090000 
  28      F60040
  29              		.text
  30              		.section	.gnu.lto_chRFCUCollectFaultsI.25c625c616bbc00,"",%progbits
  31 0000 789C8D51 		.ascii	"x\234\215Q=H\\A\020\236o\347\371\356!h/ZX\010b\021\027"
ARM GAS  /tmp/ccnNJnvZ.s 			page 2


  31      3D485C41 
  31      109E6FE7 
  31      F9EE2168 
  31      2F5A5808 
  32 0017 D30B8262 		.ascii	"\323\013\202bka\237\240\207\341D\344\302=-R\335z\247"
  32      6B619FA0 
  32      87E144E4 
  32      C23D2D52 
  32      DD7AA7
  33 002a 9E1A0B09 		.ascii	"\236\032\013\011\271\023\316G\270\"\306t1\304\250g\376"
  33      B913CE47 
  33      B822C674 
  33      31C4A867 
  33      FE
  34 003b 9E365689 		.ascii	"\2366V\211(\202\205\251\022\010\030$`'\376\235\263O"
  34      288285A9 
  34      12081824 
  34      6027FE9D 
  34      B34F
  35 004d B032E0B2 		.ascii	"\2602\340\262?3\337\316\316\367\315\254KD\177A\324%"
  35      3F33DFCE 
  35      CEF7CDAC 
  35      4B447F41 
  35      D425
  36 005f 67BD2C30 		.ascii	"g\275,0A\315\375 \032\363\024`\015\343\201\322\012i"
  36      41CDFD20 
  36      1AF31460 
  36      0DE381D2 
  36      0A69
  37 0071 CCF24BC6 		.ascii	"\314\362K\306V\356OY\265,\031\031\341\374i\235y\033"
  37      56EE4F59 
  37      B52C1919 
  37      E1FC699D 
  37      791B
  38 0083 2260A282 		.ascii	"\"`\242\202,;\360\001-\022\265;\276\034\360s\016\030"
  38      2C3BF001 
  38      2D12B53B 
  38      BE1CF073 
  38      0E18
  39 0095 70C43DF9 		.ascii	"p\304=\371^\374]k]\205Fq+o\226\247=\356\000\211}\260"
  39      5EFC5D6B 
  39      5D854671 
  39      2B6F96A7 
  39      3DEE0089 
  40 00ab 942B5637 		.ascii	"\224+V7/\032\2231\341\305k6M\0013V\301\222\020\037\321"
  40      2F1A9331 
  40      E1C56B36 
  40      4D013356 
  40      C192101F 
  41 00c0 80153490 		.ascii	"\200\0254\220@\20454\333\370_\357\257\3625\256sC\210"
  41      40843534 
  41      DBF85FEF 
  41      AFF235AE 
  41      734388
  42 00d3 75B824E2 		.ascii	"u\270$\342\351\335^Uh\256*9\023\036/b\241\333\205\274"
  42      E9DD5E55 
  42      68AE2A39 
ARM GAS  /tmp/ccnNJnvZ.s 			page 3


  42      131E2F62 
  42      A1DB85BC 
  43 00e7 7194DD1C 		.ascii	"q\224\335\034D/iJ\342\245\032\023\3224+keC\251;\263"
  43      442F694A 
  43      E2A51A13 
  43      D2342B6B 
  43      6543A93B 
  44 00fc 71547964 		.ascii	"qTyd\263\024\031\222\2740\261\265\023\263:\253\"m\345"
  44      B3141992 
  44      BC30B1B5 
  44      13B33AAB 
  44      226DE5
  45 010f F2F1612C 		.ascii	"\362\361a,}i<\001J\226O\260\225\354\311\213\332\022"
  45      7D693C01 
  45      4A964FB0 
  45      95ECC98B 
  45      DA12
  46 0121 5E49D52E 		.ascii	"^I\325.6\244+e\021h/V\267\177\236{\372A\3001|B\011\371"
  46      36A42B65 
  46      11682F56 
  46      B77F9E7B 
  46      FA41C031 
  47 0139 A821829F 		.ascii	"\250!\202\237\035d'\224\305\031\237\241\363l\345\342"
  47      1D642794 
  47      C5199FA1 
  47      F36CE5E2 
  48 0149 0BB4B067 		.ascii	"\013\264\260gO'qC\256\204\277\310\216U\264?\023a\367"
  48      4F277143 
  48      AE84BFC8 
  48      8E55B43F 
  48      1361F7
  49 015c A1FF7A37 		.ascii	"\241\377z7\375\267\377\320\207\267\364\233\320\302I"
  49      FDB7FFD0 
  49      87B7F49B 
  49      D0C249
  50 016b FF9029AD 		.ascii	"\377\220)\255\315Ft\321\347M\311\255tF\021\265\353D"
  50      CD4674D1 
  50      E74DC9AD 
  50      744611B5 
  50      EB44
  51 017d 7278403F 		.ascii	"rx@?\363\023\272k\300\037\032I>\325\361\304`\377`\322"
  51      F313BA6B 
  51      C01F1A49 
  51      3ED5F1C4 
  51      60FF60D2 
  52 0191 D79DF6EC 		.ascii	"\327\235\366\354\351}\374\260\255\265M\246\026(5\242"
  52      E97DFCB0 
  52      ADB54DA6 
  52      162835A2 
  53 01a1 FD545C22 		.ascii	"\375T\\\"RO\342\243\255qr\206\373\374\241k\016J\257"
  53      524FE2A3 
  53      AD717286 
  53      FBFCA16B 
  53      0E4AAF
  54 01b4 01       		.ascii	"\001"
  55              		.text
  56              		.section	.gnu.lto_chRFCUGetAndClearFaultsI.25c625c616bbc00,"",%progbits
ARM GAS  /tmp/ccnNJnvZ.s 			page 4


  57 0000 789C8D51 		.ascii	"x\234\215QMh\023Q\020~\263\263Ic\321\200\340E-\322C"
  57      4D681351 
  57      107EB3B3 
  57      4963D180 
  57      E0452DD2 
  58 0015 43A9D02E 		.ascii	"C\251\320.\365.\010\352A/\036<y\022\015\225\304\022"
  58      F52E08EA 
  58      412F1E3C 
  58      79120D95 
  58      C412
  59 0027 52927AF0 		.ascii	"R\222z\360\224g\326\266\251ZQ1\025\227U\327\212-\"\245"
  59      9467D6B6 
  59      A95A5131 
  59      159755D7 
  59      8A2D22A5 
  60 003b 1537ADA9 		.ascii	"\0257\255\251\032\327j\323 hU\252=(\012\255\010J-\344"
  60      1AD76AD3 
  60      206855AA 
  60      3D280AAD 
  60      084A2DE4 
  61 004f A4584D9D 		.ascii	"\244XM\235\331\004\251\324C\037\273\357g\336\367\315"
  61      D904A9D4 
  61      431FBBEF 
  61      67DEF7CD 
  62 005f F7CD3CAF 		.ascii	"\367\315<\257\020\242\016\205\330K\353f\372\001\005"
  62      10A20E85 
  62      D84BEB66 
  62      FA0105
  63 006e 28E75E08 		.ascii	"(\347^\010q\302\247\000\360F\372@$\024H\300\031\274"
  63      71C2A700 
  63      F046FA40 
  63      241448C0 
  63      19BC
  64 0080 88F0EAE4 		.ascii	"\210\360\352\344\260\211\247\321$\230J\307\342sc\316"
  64      B089A7D1 
  64      24984AC7 
  64      E27363CE 
  65 0090 CF47805A 		.ascii	"\317G\200Z:\316/\344\355\265\015\003R&\245s)\347\275"
  65      3ACE2FE4 
  65      EDB50D03 
  65      5226A573 
  65      29E7BD
  66 00a3 62BF946B 		.ascii	"b\277\224kLTD/\301m\250\201\273P\303\032\031h \360R"
  66      4C54442F 
  66      C16DA881 
  66      BB50C31A 
  66      196820F0 
  67 00b8 FF70B70F 		.ascii	"\377p\267\017w\200\240\375\314@\227Q]\177\323%N\367"
  67      7780A0FD 
  67      CC409751 
  67      5D7FD325 
  67      4EF7
  68 00ca A3AC2316 		.ascii	"\243\254#\026\214\000.'r\"\030\205z\306\237\275\275"
  68      8C002E27 
  68      72221885 
  68      7AC69FBD 
  68      BD
ARM GAS  /tmp/ccnNJnvZ.s 			page 5


  69 00db 6801EE76 		.ascii	"h\001\356v\271\2372\347/C\340\206\313\375`l\350\323"
  69      B99F32E7 
  69      2F43E086 
  69      CBFD606C 
  69      E8D3
  70 00ed 6541AA26 		.ascii	"eA\252&\"\334\373\227\317\203\340\023\245\321\224\212"
  70      22DCFB97 
  70      CF83E013 
  70      A5D1948A 
  71 00fd 7B5CEADB 		.ascii	"{\\\352\333ko\012\376\0125ol\271^\241*0\366_\352\354"
  71      6B6F0AFE 
  71      0A356F6C 
  71      B95EA12A 
  71      30F65FEA 
  72 0112 9D527A9D 		.ascii	"\235Rz\235W\205\373\020\200,\004\270,\252\346\001x\005"
  72      5785FB10 
  72      802C04B8 
  72      2CAAE601 
  72      7805
  73 0124 D0CAE1A1 		.ascii	"\320\312\341\241\327\036G\226\226\272\244S\332\370\303"
  73      D71E4796 
  73      96BAA453 
  73      DAF8C3
  74 0133 FEB89E7A 		.ascii	"\376\270\236zg\242\252\360\204<y\200+ <a\205H\021\237"
  74      67A2AAF0 
  74      843C7980 
  74      2B203C61 
  74      8548119F 
  75 0147 5A2C1DD1 		.ascii	"Z,\035\321M\265\321Nw\304gHZC=[9+k\220jo\307\370T\025"
  75      4DB5D14E 
  75      77C46748 
  75      5A433D5B 
  75      392B6B90 
  76 0161 F7185DCF 		.ascii	"\367\030]\317\331\354\374\273\252\304o\351\243\200\205"
  76      D9ECFCBB 
  76      AAC46FE9 
  76      A38085
  77 0170 6563B65E 		.ascii	"ec\266^\274\340\267\340*\230\350\201\034\275\325C6M"
  77      BCE0B7E0 
  77      2A98E881 
  77      1CBDD543 
  77      364D
  78 0182 17B9E2B3 		.ascii	"\027\271\342\2639?\201SRZ\263\300)\036\201\305f\035"
  78      393F8153 
  78      525AB3C0 
  78      291E81C5 
  78      661D
  79 0194 4888AF90 		.ascii	"H\210\257\220\034\3732\250W\263\226\201\260\232\334"
  79      1CFB32A8 
  79      57B39681 
  79      B09ADC
  80 01a3 8F97E51E 		.ascii	"\217\227\345\036\231|\277\350\323\006%\015\353\250\211"
  80      997CBFE8 
  80      D306250D 
  80      EBA889
  81 01b2 5E18A7D4 		.ascii	"^\030\247\324i\254\364\352\347\214\336\241Tn\373\200"
  81      69ACF4EA 
ARM GAS  /tmp/ccnNJnvZ.s 			page 6


  81      E78CDEA1 
  81      546EFB80 
  82 01c2 7BFA04B4 		.ascii	"{\372\004\2644\225@\342OA#q\375W\347\201\2624\253\033"
  82      349540E2 
  82      4F412371 
  82      FD57E781 
  82      B234AB1B 
  83 01d6 E8E1DA6B 		.ascii	"\350\341\332k\335\302\251;\024e\203\245\316o\031\033"
  83      DDC2A93B 
  83      146583A5 
  83      CE6F191B 
  84 01e6 CA30A51C 		.ascii	"\3120\245\034#\336-O9\202.Qa\340\364)\027\265\232\""
  84      23DE2D4F 
  84      39822E51 
  84      61E0F429 
  84      17B59A22 
  85 01fa 265614D1 		.ascii	"&V\024\321\310\366\363+\3557\262\357\311\277\276\013"
  85      C8F6F32B 
  85      ED37B2EF 
  85      C9BFBE0B 
  86 020a A091A658 		.ascii	"\240\221\246X\240'\372\336\263\251\342\235\011)\272"
  86      A027FADE 
  86      B3A9E29D 
  86      0929BA
  87 0219 A7E75384 		.ascii	"\247\347S\204\330\256\205\242\221\026\355x<\244\355"
  87      D8AE85A2 
  87      9116ED78 
  87      3CA4ED
  88 0228 6A89B7B6 		.ascii	"j\211\267\266G\333\264`(|8\034\215k;y\335\267\377\340"
  88      47DBB460 
  88      287C381C 
  88      8D6B3B79 
  88      DDB7FFE0 
  89 023c B6E6A666 		.ascii	"\266\346\246f\3724\012\305\332\265x,H\210\330\221\340"
  89      FA340AC5 
  89      DAB5782C 
  89      4888D891 
  89      E0
  90 024d B1A6A050 		.ascii	"\261\246\240P#\207\342\255\030\015\267A\344\017\330"
  90      2387E2AD 
  90      180DB741 
  90      E40FD8
  91 025c 3617E3   		.ascii	"6\027\343"
  92              		.text
  93              		.section	.gnu.lto_.symbol_nodes.25c625c616bbc00,"",%progbits
  94 0000 789C6363 		.ascii	"x\234cc``\320\003b\006\246>\246z\006\206\011\347\030"
  94      6060D003 
  94      6206A63E 
  94      A67A0686 
  94      09E718
  95 0013 1880D4AE 		.ascii	"\030\200\324\256\006G\006\006\326\011L\014\012 \231"
  95      06470606 
  95      D6094C0C 
  95      0A2099
  96 0022 7EA67A46 		.ascii	"~\246zF\024\031\006\000\356\200\011\300"
  96      14190600 
  96      EE8009C0 
ARM GAS  /tmp/ccnNJnvZ.s 			page 7


  97              		.text
  98              		.section	.gnu.lto_.refs.25c625c616bbc00,"",%progbits
  99 0000 789C6363 		.ascii	"x\234cc``\020\004b&\006\006F `fbb`dbddg\000\000\002"
  99      60601004 
  99      62260606 
  99      46206066 
  99      62626064 
 100 001b CD0031   		.ascii	"\315\0001"
 101              		.text
 102              		.section	.gnu.lto_.decls.25c625c616bbc00,"",%progbits
 103 0000 789CB55A 		.ascii	"x\234\265Z{PT\331\231\357sOC7M\003\023!)+\305\356\316"
 103      7B5054D9 
 103      99EF734F 
 103      43374D03 
 103      1321292B 
 104 0017 4E11D37F 		.ascii	"N\021\323\177\354\210&\263\223\311\326lj\263\223J\262"
 104      EC8826B3 
 104      93C9D66C 
 104      6AB3934A 
 104      B2
 105 0028 BB99A42A 		.ascii	"\273\231\244*[\371c\266j\267\303@\2170\303k\273\333"
 105      5BF963B6 
 105      6AB7C340 
 105      8F30C36B 
 105      BBDB
 106 003a 99F1AF69 		.ascii	"\231\361\257i\036*\210\202\210\312\333\027 \240\242"
 106      1E2A8882 
 106      88CADB17 
 106      20A0A2
 107 0049 E20B1504 		.ascii	"\342\013\025\004\024E\005\005\305\007\242\274U\004\006"
 107      14450505 
 107      C507A2BC 
 107      550406
 108 0058 5041790B 		.ascii	"PAy\013\373\235\363\335\356{\273\3736Nbm\027\247\373"
 108      FB9DF3DD 
 108      EE7BBBFB 
 108      364E626D 
 108      17A7FB
 109 006b 9E7BBFF3 		.ascii	"\236{\277\363\375\276\327\371\316w\316\305[\245R\275"
 109      FDBED7F9 
 109      CE77CEC5 
 109      5BA552BD 
 110 007b 1FAA52E9 		.ascii	"\037\252R\351\265*\325\015\270^\204\017\205\337\363"
 110      B52AD50D 
 110      B85E840F 
 110      85DFF3
 111 008a D008B47A 		.ascii	"\320\010\264z\025~\004hW\241]\027\357\257\020TN\237"
 111      157E0468 
 111      57A15D17 
 111      EFAF1054 
 111      4E9F
 112 009c 2CB8092C 		.ascii	",\270\011,T\177\206\266\014Z\2208\366\307\320|\201V"
 112      547F86B6 
 112      0C5A9038 
 112      F6C7D07C 
 112      8156
 113 00ae 0F6D2F41 		.ascii	"\017m/A>\337\203\257\002\202|\256z\340\227\01775.\274"
ARM GAS  /tmp/ccnNJnvZ.s 			page 8


 113      3EDF83AF 
 113      02827CAE 
 113      7AE0970F 
 113      37352EBC 
 114 00c2 181FC6CF 		.ascii	"\030\037\306\317\023/O\262m\247\244\353J\371A\232F\311"
 114      132F4FB2 
 114      6DA7A4EB 
 114      4AF9419A 
 114      46C9
 115 00d4 8F758469 		.ascii	"\217u\204i\030\000\267\216\214\234\231\361\303[\214"
 115      1800B78E 
 115      8C9C99F1 
 115      C35B8C
 116 00e3 E24CF1E6 		.ascii	"\342L\361\346|J\005~=R\371tP\277\362\220\015?\332oT"
 116      7C4A057E 
 116      3D52F974 
 116      50BFF290 
 116      0D3FDA6F 
 117 00f8 E424A176 		.ascii	"\344$\241vVm\031\343\305\032\372[Nx3\371h\001c\273L"
 117      566D19E3 
 117      C51AFA5B 
 117      4E7833F9 
 117      680163BB 
 118 010d 47D4D07D 		.ascii	"G\324\320}~=\357\241?t\203t\344\355\355T\350\351\230"
 118      7E3DEFA1 
 118      3F748374 
 118      E4EDED54 
 118      E8E998
 119 0120 EBF4273A 		.ascii	"\353\364':C\212\315\226h\333\223d\363\371\255\212\234"
 119      438ACD96 
 119      68DB9364 
 119      F3F9AD8A 
 119      9C
 120 0131 21C1E434 		.ascii	"!\301\3444\011V\221jb`\320\247\310J\0259\0017\217\303"
 120      0956916A 
 120      6260D0A7 
 120      C84A1539 
 120      01378FC3 
 121 0145 CDFD0CAE 		.ascii	"\315\375\014\256\276'\357\027\271\3436\333\333\344,"
 121      BE27EF17 
 121      B9E336DB 
 121      DBE42C
 122 0154 D1912A42 		.ascii	"\321\221*B9\015h\366c\035\012P^\234\271\317\233&\020"
 122      390D68F6 
 122      631D0A50 
 122      5E9CB9CF 
 122      9B2610
 123 0167 2681509D 		.ascii	"&\201P\235\377\370\222\340\011\243\326#F{\371;\215\353"
 123      FFF892E0 
 123      09A3D623 
 123      467BF93B 
 123      8DEB
 124 0179 6D36819C 		.ascii	"m6\201\234\003\214\032\011\003 \021\244#\353\352M_Z"
 124      038C1A09 
 124      032011A4 
 124      23EBEA4D 
 124      5F5A
ARM GAS  /tmp/ccnNJnvZ.s 			page 9


 125 018b 8120D736 		.ascii	"\201 \3276\234\335\251\367\004r\336#H\353\221\017K9"
 125      9CDDA9F7 
 125      0472DE23 
 125      48EB910F 
 125      4B39
 126 019d 483D80D4 		.ascii	"H=\200\324I \3478\010\273\013@g\317\237\253\363\355"
 126      4920E738 
 126      08BB0B40 
 126      67CF9FAB 
 126      F3ED
 127 01af 215D049C 		.ascii	"!]\004\234F\336\342F&\004\277\341\2275\336_\264\177"
 127      46DEE246 
 127      2604BFE1 
 127      9735DE5F 
 127      B47F
 128 01c1 08DE87BB 		.ascii	"\010\336\207\273\002\376\210\244\254c\037B\034w\004"
 128      02FE88A4 
 128      AC631F42 
 128      1C7704
 129 01d0 918760E7 		.ascii	"\221\207`\347\313\377D\006D\316\025\237#\234\375\203"
 129      CBFF4406 
 129      44CE159F 
 129      239CFD83 
 130 01e0 F18417B2 		.ascii	"\361\204\027\262qxK\220\300dC\334dU9\036;\204\222\224"
 130      71784B90 
 130      C06443DC 
 130      6455391E 
 130      3B849294 
 131 01f4 24624C95 		.ascii	"$bL\225\026\344z\365\222nx\370_*\325Vm,\017\256\323"
 131      16E47AF5 
 131      926E78F8 
 131      5F2AD556 
 131      6D2C0FAE 
 132 0209 E969655E 		.ascii	"\351ie^t\216\273\200\264\037\236\254\363U\013h6\022"
 132      748EBB80 
 132      B41F9EAC 
 132      F3550B68 
 132      3612
 133 021b AB66F72E 		.ascii	"\253f\367.-N\325\007`\364\011,0\237]+\364\305\350{\013"
 133      2D4ED507 
 133      60F4092C 
 133      309F5D2B 
 133      F4C5E87B 
 134 0230 BAB597B3 		.ascii	"\272\265\227\263'\264\313w2OlM\262\275%\220?\377\200"
 134      27B4CB77 
 134      324F6C4D 
 134      B2BD2590 
 134      3FFF80
 135 0243 5C06FF34 		.ascii	"\\\006\3774\202\177T\344\012Y\016\337\227\210\032\005"
 135      827F54E4 
 135      0A590EDF 
 135      97881A05 
 136 0253 B8BD6364 		.ascii	"\270\275cdQ\375\316\036\333\236^[\375\345\246UON\330"
 136      51FDCE1E 
 136      DB9E5E5B 
 136      FDE5A655 
 136      4F4ED8
ARM GAS  /tmp/ccnNJnvZ.s 			page 10


 137 0266 6CE0399B 		.ascii	"l\3409\233\232\321\221\213\222\353.\262y@\032H/!\027"
 137      9AD1918B 
 137      92EB2EB2 
 137      79401A48 
 137      2F2117
 138 0279 480FC87B 		.ascii	"H\017\310{\225\274\003\303\247R\217\337\246\264E\360"
 138      95BC03C3 
 138      A7528FDF 
 138      A6B445F0 
 139 0289 28EAD3C3 		.ascii	"(\352\323\303\323;\211\\\030\366H\222\346\032\227\246"
 139      D33B895C 
 139      18F64892 
 139      E61A97A6 
 140 0299 D92E4DEA 		.ascii	"\331.M\352\371\324\303T\224f!\367\207{\223le66!\200"
 140      F9D4C354 
 140      946621F7 
 140      877B936C 
 140      65363621 
 141 02ae 8C3449C2 		.ascii	"\2144I\3024\271\012s\235\013\323oK\257\327\323'(\314"
 141      34B90A73 
 141      9D0BD36F 
 141      4BAFD7D3 
 141      2728CC
 142 02c1 A1EB973B 		.ascii	"\241\353\227;\305\031\232BX\277\254k@\203F\252\327B"
 142      C5199A42 
 142      58BFAC6B 
 142      408346AA 
 142      D742
 143 02d3 FFD4C0D5 		.ascii	"\377\324\300\325F\035>\267\261\347e\003\005\351z\354"
 143      461D3EB7 
 143      B1E76503 
 143      05E97AEC 
 144 02e3 7F00DDB4 		.ascii	"\177\000\335\264K'\033\305\341W\030\273\306\276\242"
 144      4B271BC5 
 144      E15718BB 
 144      C6BEA2
 145 02f2 3C1F7138 		.ascii	"<\037q8\233\361;\007\256\217\373\320o\021\253j\354`"
 145      9BF13B07 
 145      AE8FFBD0 
 145      6F11AB6A 
 145      EC60
 146 0304 951F12D7 		.ascii	"\225\037\022\327s\243\336\350.\241t\022\037\332\266"
 146      73A3DEE8 
 146      2EA17412 
 146      1FDAB6
 147 0313 CFEDF6A3 		.ascii	"\317\355\366\243\213\274#<M\312/\361\230\031\356{\234"
 147      8BBC233C 
 147      4DCA2FF1 
 147      9819EE7B 
 147      9C
 148 0324 508B831F 		.ascii	"P\213\203\037\346\361\314\320\001\326\273\347:\241\000"
 148      E6F1CCD0 
 148      01D6BBE7 
 148      3AA100
 149 0333 A4F3F896 		.ascii	"\244\363\370\226\006-m\242\0341\257\372E\223\027\212"
 149      062D6DA2 
 149      1C31AFFA 
ARM GAS  /tmp/ccnNJnvZ.s 			page 11


 149      4593178A 
 150 0343 C334DDDA 		.ascii	"\3034\335\3329S\343K\333\360\331\301\251\344\223\001"
 150      3953E34B 
 150      DBF0D9C1 
 150      A9E49301 
 151 0353 B49D3AC9 		.ascii	"\264\235:\311\035$\312=\233u\346\244/\355\302\207\255"
 151      1D24CA3D 
 151      9B75E6A4 
 151      2FEDC287 
 151      AD
 152 0364 CDFD26FA 		.ascii	"\315\375&\372\020\257\367\\\350{\227\216\340\365xk\366"
 152      10AFF75C 
 152      E87B978E 
 152      E0F5786B 
 152      F6
 153 0375 67F439BF 		.ascii	"g\3649\277\326d-\234\277\241'!\201\372\300\020\203a"
 153      D6642D9C 
 153      BFA12721 
 153      81FAC010 
 153      8361
 154 0387 1FD3A9FE 		.ascii	"\037\323\251\376\311\342\2079/\006m\266mz2@\364\244"
 154      C9E28739 
 154      2F066DB6 
 154      6D7A3240 
 154      F4A4
 155 0399 1F847D42 		.ascii	"\037\204}B\002%%C\231\333\3170\347\2532yT@\003\367\203"
 155      02252543 
 155      99DBCF30 
 155      E7AB3279 
 155      544003F7 
 156 03ae 1B834927 		.ascii	"\033\203I'#\030\006+\260\021\240\"\031\202\353A\022"
 156      2318062B 
 156      B011A022 
 156      1982EB41 
 156      12
 157 03bf 421E9110 		.ascii	"B\036\221\020>w69\314F\036\313\230\252\030\224\312#"
 157      3E773639 
 157      CC461ECB 
 157      98AA1894 
 157      CA23
 158 03d1 C73E5106 		.ascii	"\307>Q\006%\216(\364\370\362<[}2\345\022w)J\274\232"
 158      258E28F4 
 158      F8F23C5B 
 158      7D32E512 
 158      77294ABC 
 159 03e6 098CCE18 		.ascii	"\011\214\316\030\313y+\001\020\030\221Jt\204\312\361"
 159      CB792B01 
 159      1018914A 
 159      7484CAF1 
 160 03f6 70215B03 		.ascii	"p![\003\013\007\227\356\241\344'F\312\375t\376UG\201"
 160      0B0797EE 
 160      A1E42746 
 160      CAFD74FE 
 160      554781
 161 0409 8ED6A9B9 		.ascii	"\216\326\251\271%\355\363v\031\316[{D\006\211\0219_"
 161      25EDF376 
 161      19CE5B7B 
ARM GAS  /tmp/ccnNJnvZ.s 			page 12


 161      44068911 
 161      395F
 162 041b D27A4F4B 		.ascii	"\322zOK/#m\322\243\302>\177z\003;\215\031\311\233u\264"
 162      2F236DD2 
 162      A3C23E7F 
 162      7A033B8D 
 162      19C99B75 
 163 0430 83778497 		.ascii	"\203w\204\2277Gr\275=\205\324\270\307\220\232\0334\344"
 163      374772BD 
 163      3D85D4B8 
 163      C7909A1B 
 163      34E4
 164 0442 DB6C6F91 		.ascii	"\333lo\221\347\020Q\317\024\"\252\272\252\246Q\014\242"
 164      E71051CF 
 164      1422AABA 
 164      AAA6510C 
 164      A2
 165 0453 556CED39 		.ascii	"Ul\3559;Q\342M\037#~\376D\327\220\017>3\260y\267\270"
 165      3B51E24D 
 165      1F237EFE 
 165      44D7900F 
 165      3E33B079 
 166 0469 F0391DC3 		.ascii	"\3609\035\303G\317G+\257\007\320I\354\234\033\356\333"
 166      47CF472B 
 166      AF07D049 
 166      EC9C1BEE 
 166      DB
 167 047a A2A10BBC 		.ascii	"\242\241\013\274\343\335;\\s\326\237\004\006\032\364"
 167      E3DD3B5C 
 167      73D69F04 
 167      061AF4
 168 0489 2106EE27 		.ascii	"!\006\356'\220\225\373\311!\354\024\2101#\372i\001\004"
 168      9095FBC9 
 168      21EC1488 
 168      3123FA69 
 168      0104
 169 049b 7F25FA48 		.ascii	"\177%\372H\231z\016(\224\250Q\275'\213\206\015\033\331"
 169      997A0E28 
 169      94A851BD 
 169      278B860D 
 169      1BD9
 170 04ad 12340B24 		.ascii	"\0224\013$\323\222~3\334\023\2628\232u\212\243y\214"
 170      D3927E33 
 170      DC13B238 
 170      9A758AA3 
 170      798C
 171 04bf 238C8A96 		.ascii	"#\214\212\226R\015\206\305\274\030\0263K\205E\343F\312"
 171      520D86C5 
 171      BC181633 
 171      4B8545E3 
 171      46CA
 172 04d1 3C3FE31C 		.ascii	"<?\343\034\025,\263\014\367\314S\232\342\305M\322\327"
 172      152CB30C 
 172      F7CC539A 
 172      E2C54DD2 
 172      D7
 173 04e2 79F9A83F 		.ascii	"y\371\250?\335\204\235\352\251\374\352\000\232\211\235"
ARM GAS  /tmp/ccnNJnvZ.s 			page 13


 173      DD849DEA 
 173      A9FCEA00 
 173      9A899D
 174 04f1 EB0F17C7 		.ascii	"\353\017\027\307u4\007;Uy\013\365j\272\033;\353\267"
 174      7534073B 
 174      55790BF5 
 174      6ABA1B3B 
 174      EBB7
 175 0503 5464B3C0 		.ascii	"Td\263\300\360\306\032F\003\267\036=\233=\245\306[\014"
 175      F0C61A46 
 175      03B71E3D 
 175      9B3DA5C6 
 175      5B0C
 176 0515 FC6BB855 		.ascii	"\374k\270U\230\333Y\351O\213\370\020\241\366\326\351"
 176      98DB59E9 
 176      4F8BF810 
 176      A1F6D6E9 
 177 0525 643F62D0 		.ascii	"d?b\320\331\013\213\367s\237\261\364\221\"\350\310\006"
 177      D90B8BF7 
 177      739FB1F4 
 177      9122E8C8 
 177      06
 178 0536 C1610C6F 		.ascii	"\301a\014o\346\353\024\321\272Nq\263Q00\336<n\326\013"
 178      E6EB14D1 
 178      BA4E71B3 
 178      513030DE 
 178      3C6ED60B 
 179 054a C1245908 		.ascii	"\301$Y\010\346s\177\346\331\0115\255@\214\343Y\3639"
 179      E6737FE6 
 179      D90935AD 
 179      408CE359 
 179      F339
 180 055c FE0E8CF6 		.ascii	"\376\016\214\366\362\237\234\344k~\032`\244J\030\000"
 180      F29F9CE4 
 180      6B7E1A60 
 180      A44A1800 
 181 056c E9096493 		.ascii	"\351\011d\2232H\237m.WOO\"H\376\205}\307\005\007\310"
 181      32489F6D 
 181      2E574F4F 
 181      2248FE85 
 181      7DC70507 
 182 0581 E2E0AA7C 		.ascii	"\342\340\252|\236\007\323\001d\263\004\222\346\031d"
 182      9E07D301 
 182      64B30492 
 182      E61964
 183 0590 8B3248DA 		.ascii	"\2132H\332\216\321\375\376\264\032\015<7\270\275\203"
 183      8ED1FDFE 
 183      B41A0D3C 
 183      37B8BD83 
 184 05a0 603CEBA1 		.ascii	"`<\353\241\233X\335\221\031\200\023\261\027\036\253"
 184      9B58DD91 
 184      198013B1 
 184      171EAB
 185 05af 3735245C 		.ascii	"75$\\\241$0D\214[{~\311\004n[\201\033\311\000A\266\011"
 185      A1243044 
 185      8C5B7B7E 
 185      C9046E5B 
ARM GAS  /tmp/ccnNJnvZ.s 			page 14


 185      811BC900 
 186 05c6 18893B00 		.ascii	"\030\211;\000.K\010!\333\005G~\001\271\033\316\320\321"
 186      2E4B0821 
 186      DB05477E 
 186      01B91BCE 
 186      D0D1
 187 05d8 449B2DD5 		.ascii	"D\233-\325\233'\206^\202\364\216\004%\205\022\222\317"
 187      9B27865E 
 187      82F48E04 
 187      25851292 
 187      CF
 188 05e9 EEA7B6E2 		.ascii	"\356\247\266\342\345\\\311$\221\267C\237N\342\022w\003"
 188      E55CC924 
 188      91B7439F 
 188      4EE21277 
 188      03
 189 05fa 1BBC58DC 		.ascii	"\033\274X\334\001\221K\334M\356\331\002\371L\026\352"
 189      01914BDC 
 189      4DEED902 
 189      F94C16EA 
 190 060a 723E2AB2 		.ascii	"r>*\262S\320\333\013\333\331\224\0055\005\341\370\""
 190      53D0DB0B 
 190      DBD99405 
 190      3505E1F8 
 190      22
 191 061b BEF9D603 		.ascii	"\276\371\326\003o\232\311;BUs\347\034\225Y\377m\264"
 191      6F9AC93B 
 191      425573E7 
 191      1C9559FF 
 191      6DB4
 192 062d 7E1E0896 		.ascii	"~\036\010\226\363\235\254\237\253l\375\306\326=\023"
 192      F39DAC9F 
 192      AB6CFDC6 
 192      D63D13
 193 063c 5A9A8D88 		.ascii	"Z\232\215\210g2\267\215ji!v\272s\322\252}\351Q\354\324"
 193      6732B78D 
 193      6A692176 
 193      BA73D2AA 
 193      7DE951EC 
 194 0651 668C9FF6 		.ascii	"f\214\237\366\241U\330\3318\335\1774\200\326c\307\236"
 194      A155D8D9 
 194      38DD7F34 
 194      80D663C7 
 194      9E
 195 0662 9D82303B 		.ascii	"\235\2020;\331\353\357e\274\376&\303I\365}jz\031I\217"
 195      D9EBEF65 
 195      BCFE26C3 
 195      49F57D6A 
 195      7A19498F 
 196 0676 AC7F54AE 		.ascii	"\254\177T\256\205g\3010{\210\254\374\017\306\362\377"
 196      8567C130 
 196      7B88ACFC 
 196      0FC6F2FF 
 197 0686 44FD4485 		.ascii	"D\375D\205\232^C}++\036}.\2335+\327\363\024R\012\352"
 197      9A5E437D 
 197      2B2B1E7D 
 197      2E9B352B 
ARM GAS  /tmp/ccnNJnvZ.s 			page 15


 197      D7F31452 
 198 069c 9648EA06 		.ascii	"\226H\352\006\213\332\202C\213lt\271\212\3744\230\254"
 198      8BDA8243 
 198      8B6C74B9 
 198      8AFC3498 
 198      AC
 199 06ad 025DF783 		.ascii	"\002]\367\203\256\301\242\256\305\240k\021\352Z\276"
 199      AEC1A2AE 
 199      C5A06B11 
 199      EA5ABE
 200 06bc BBECA21F 		.ascii	"\273\354\242\037\275\213\000\335\025O[\250l\316\274"
 200      BD8B00DD 
 200      154F5BA8 
 200      6CCEBC
 201 06cb 739CCF99 		.ascii	"s\234\317\231\003\200P&!\224\012\036 \312\225!\022\263"
 201      03805026 
 201      21940A1E 
 201      20CA9521 
 201      12B3
 202 06dd 6E1DF2A1 		.ascii	"n\035\362\241\335\010\221xi\353M\215}=p\036^\2410\334"
 202      DD089178 
 202      69EB4D8D 
 202      7D3D701E 
 202      5EA130DC 
 203 06f1 EEDAF7B0 		.ascii	"\356\332\367\260\3008\004\222\034\224$9 \210\313\201"
 203      C0380492 
 203      1C942439 
 203      2088CB81 
 204 0701 3DE50761 		.ascii	"=\345\007a\312\337\2217\260\234\016\240\201\3236/\034"
 204      CADF9137 
 204      B09C0EA0 
 204      81D3362F 
 204      1C
 205 0712 A17404D1 		.ascii	"\241t\004\321G\323\313\252\274\225\321\217yD\277\377"
 205      47D3CBAA 
 205      BC95D18F 
 205      7944BFFF 
 206 0722 4316C195 		.ascii	"C\026\301\225\000}T\001\272\253\360\351\204\232\276"
 206      007D5401 
 206      BAABF0E9 
 206      849ABE
 207 0731 40B0E286 		.ascii	"@\260\342\206#75t\026\301:^6gI\311\241\237s9\005\\N"
 207      23373574 
 207      16C13A5E 
 207      366749C9 
 207      A19F7339 
 208 0748 B8725190 		.ascii	"\270rQ\220\346\244\262)g\267\347\374\224&i8\326hI\313"
 208      E6A4B229 
 208      67B7E7FC 
 208      94266938 
 208      D66849CB 
 209 075c 31A6B341 		.ascii	"1\246\263AG\276\221\005\216\001\003\247 \263?\333\207"
 209      47BE9105 
 209      8E0103A7 
 209      20B33FDB 
 209      87
 210 076d 6EE2A442 		.ascii	"n\342\244B\356\313\023s\216\272\356h\222\355{\011\253"
ARM GAS  /tmp/ccnNJnvZ.s 			page 16


 210      EECB1373 
 210      8EBAEE68 
 210      92ED7B09 
 210      AB
 211 077e 6505480D 		.ascii	"e\005H\015`\031D\2543\200u\332\241\371\203\274\025\205"
 211      601944AC 
 211      338075DA 
 211      A1F983BC 
 211      1585
 212 0790 6C15AE06 		.ascii	"l\025\256\006\251\317JR\033D\3257&\227e\370\322\035"
 212      A9CF4A52 
 212      1B44D537 
 212      269765F8 
 212      D21D
 213 07a2 88B13DA3 		.ascii	"\210\261=\243\377\201F\236o/\363\330\251\203\241\347"
 213      FF81469E 
 213      6F2FF3D8 
 213      A983A1E7 
 214 07b2 A4A1D592 		.ascii	"\244\241\325\222\302nr\324*\310\001(5\035\031\351\204"
 214      C26E72D4 
 214      2AC80128 
 214      351D19E9 
 214      84
 215 07c3 EE4294B3 		.ascii	"\356B\224\263\003m\343j\007\312\324(\315"
 215      036DE36A 
 215      07CAD428 
 215      CD
 216 07d0 29CA60FB 		.ascii	")\312`\373\201\013\000S/\301\324-\001s^\031\246\373"
 216      810B0053 
 216      2FC1D42D 
 216      01735E19 
 216      A6FB
 217 07e2 C8838B6A 		.ascii	"\310\203\213j\272\2000\255\371\245\005jyf\301\360\273"
 217      BA8030AD 
 217      F9A5056A 
 217      7966C1F0 
 217      BB
 218 07f3 04280D12 		.ascii	"\004(\015\022\312\205%P.*\243\264&\255?\255\225g=\306"
 218      CA852550 
 218      2E2AA3B4 
 218      26AD3FAD 
 218      95673DC6 
 219 0807 52CA7A8D 		.ascii	"R\312z\215\216\2547\226\374\270W\254\276\226\2639\324"
 219      8EAC3796 
 219      FCB857AC 
 219      BE96B339 
 219      D4
 220 0818 7FEA2EA1 		.ascii	"\177\352.\241\251Z\356\333;\323\347f\3654\235w\324\207"
 220      A95AEEDB 
 220      3BD3E766 
 220      F5349D77 
 220      D487
 221 082a 920E3C03 		.ascii	"\222\016<\003Q\203\0110!(0;\034\200]\007p\276*P\373"
 221      51830930 
 221      2128303B 
 221      1C805D07 
 221      70BE2A50 
ARM GAS  /tmp/ccnNJnvZ.s 			page 17


 222 083f 69439E0D 		.ascii	"iC\236\015\004}\366\015\273\015\327Z\376\253\020xM "
 222      047DF60D 
 222      BB0DD75A 
 222      FEAB1078 
 222      4D20
 223 0851 377B049B 		.ascii	"7{\004\233\037\220\272\031\245\256,\2702\343\243\023"
 223      1F90BA19 
 223      A5AE2CB8 
 223      32E3A313 
 224 0861 A9535E47 		.ascii	"\251S^G\3357\275xQ/\327\261\305I\307V\207\216\327\026"
 224      DD37BD78 
 224      512FD7B1 
 224      C549C756 
 224      878ED716 
 225 0875 DA0B08CD 		.ascii	"\332\013\010\315B\245\246s\256\026\373\321<\354l;t\243"
 225      42A5A673 
 225      AE16FBD1 
 225      3CEC6C3B 
 225      74A3
 226 0887 DD9BEEC2 		.ascii	"\335\233\356\302N\367\341\205\032o\272\027;\275\211"
 226      4EF7E185 
 226      1A6FBA17 
 226      3BBD89
 227 0896 8DB7B4B4 		.ascii	"\215\267\264\264\030;\317\307n\317\373\3212\354\330"
 227      183BCFC7 
 227      6ECFFBD1 
 227      32ECD8
 228 08a5 666AEF7B 		.ascii	"fj\357{\323C\330y\260c\272\327\207\036\301\316\225;"
 228      D343D879 
 228      B063BAD7 
 228      871EC1CE 
 228      953B
 229 08b7 69756A7A 		.ascii	"iujz\014;\245\315\2756/z\022;5\233\232\347\265\3644"
 229      0C3BA5CD 
 229      BD362F7A 
 229      123B359B 
 229      9AE7B5F4 
 230 08cc 76F2CE6E 		.ascii	"v\362\316nL\324\321j\354\034\\\234\310\320\323ZQ\266"
 230      4CD4D16A 
 230      EC1C5C9C 
 230      C8D0D35A 
 230      51B6
 231 08de 9A9BFB04 		.ascii	"\232\233\373\004tF\010t\017\324\247]\241\230m\366\300"
 231      74460874 
 231      0FD4A75D 
 231      A1986DF6 
 231      C0
 232 08ef 0ED7F77C 		.ascii	"\016\327\367|\341\364.BB\360\003{\215\020,\320\332s"
 232      E1F42E42 
 232      42F0037B 
 232      8D102CD0 
 232      DA73
 233 0901 BD522B8B 		.ascii	"\275R+\213o&\260\305\222\235g\334\202\310\031\220/\226"
 233      6F26B0C5 
 233      929D67DC 
 233      82C81990 
 233      2F96
ARM GAS  /tmp/ccnNJnvZ.s 			page 18


 234 0913 7B05F9CA 		.ascii	"{\005\371\312\012#\332\276\301\212\216Q\337w\245\226"
 234      0A23DABE 
 234      C18A8E51 
 234      DF77A596 
 235 0923 6D4D90FA 		.ascii	"mM\220\372\276\214\272\303\225Z\266\020#\365\254\214"
 235      BE8CBAC3 
 235      955AB610 
 235      23F5AC8C 
 236 0933 FA8E2BF5 		.ascii	"\372\216+\365eWI\232d\324\017\024%\221\021\217\313\210"
 236      6557499A 
 236      64D40F14 
 236      2591118F 
 236      CB88
 237 0945 EFBA128F 		.ascii	"\357\272\022\217\020W\271\207e\344\355\312\344\253\335"
 237      1057B987 
 237      65E4EDCA 
 237      E4ABDD
 238 0954 3660DD10 		.ascii	"6`\335\020_]\254\234\351\024G\260rf\020\302\357!\224"
 238      5F5DAC9C 
 238      E91447B0 
 238      726610C2 
 238      EF2194
 239 0967 33BDD0FA 		.ascii	"3\275\320\372\240=\201\366\030\332#h\375\320\206\240"
 239      A03D81F6 
 239      18DA2368 
 239      FDD086A0 
 240 0977 F508F2AD 		.ascii	"\365\010\362\255T\277\014\373\236\262\315PT\261j\236"
 240      54BF0CFB 
 240      9EB2CD50 
 240      54B16A9E 
 241 0987 C7CDD480 		.ascii	"\307\315\324\200s\371\202\274\032Sh\371\011^61n\267"
 241      73F982BC 
 241      1A5368F9 
 241      095E3631 
 241      6EB7
 242 0999 956D8ADC 		.ascii	"\225m\212\334 h\356\366\216\324\012\362Y1\340T\357\014"
 242      2068EEF6 
 242      8ED40AF2 
 242      5931E054 
 242      EF0C
 243 09ab 3B664577 		.ascii	";fEw\315\276)?\272\323\207E\036-95\367*\200\204\030"
 243      CDBE293F 
 243      BAD38745 
 243      1E2D3935 
 243      F72A8084 
 244 09c0 0211B23B 		.ascii	"\002\021\262;\225\236EH\240'm\0009\246\354\030\024\377"
 244      959E4548 
 244      A0276D00 
 244      39A6EC18 
 244      14FF
 245 09d2 6E2ACD61 		.ascii	"n*\315a\371{\314Y|\345\035\313\267\"7f\330Q0\354\210"
 245      F97BCC59 
 245      7CE51DCB 
 245      B7223766 
 245      D85130EC 
 246 09e7 683810A9 		.ascii	"h8\020\251a\242\271]C\213|pA\275;v[OK\261sq\276\262"
 246      61A2B95D 
ARM GAS  /tmp/ccnNJnvZ.s 			page 19


 246      438B7C70 
 246      41BD3B76 
 246      5B4F4BB1 
 247 09ff 444B0F63 		.ascii	"DK\017c\347`\342\223QJ\353\261\263a\177i\252\017\275"
 247      E760E293 
 247      514AEBB1 
 247      B3617F69 
 247      AA0FBD
 248 0a12 C43BDAEA 		.ascii	"\304;\332\352\302\234\373:\022h\200\331\241\367T\247"
 248      C29CFB3A 
 248      126880D9 
 248      A1F754A7 
 249 0a22 BE04CC29 		.ascii	"\276\004\314)\021\177\016\256g\301y\323\320&\005\347"
 249      117F0EAE 
 249      67C179D3 
 249      D02605E7 
 250 0a32 9DD307B9 		.ascii	"\235\323\007\271\333\023 \027\277\000\322\011)\027\303"
 250      DB132017 
 250      BF00D209 
 250      2917C3
 251 0a41 48C931F9 		.ascii	"H\3111\371\313\212\222lWV\361\363\210q\240\231\3620"
 251      CB8A926C 
 251      5756F1F3 
 251      8871A099 
 251      F230
 252 0a53 33940579 		.ascii	"3\224\005y.\216\360$\010\202,\344\005!\310\214\200\347"
 252      2E8EF024 
 252      08822CE4 
 252      0521C88C 
 252      80E7
 253 0a65 08531E26 		.ascii	"\010S\036&\253\314\345/\234\\>#\310vs\343?\304\300d"
 253      ABCCE52F 
 253      9C5C3E23 
 253      C87673E3 
 253      3FC4C064 
 254 0a79 DCBA14B9 		.ascii	"\334\272\024\271\311\367\370y\030\226SnUu\351\235\204"
 254      C9F7F879 
 254      1896536E 
 254      5575E99D 
 254      84
 255 0a8a 4702EDE0 		.ascii	"G\002\355\340V\367\332}q\374\202\017\344\245\240\020"
 255      56F7DA7D 
 255      71FC820F 
 255      E4A5A010 
 256 0a9a 0356EE53 		.ascii	"\003V\356S\325^\367J\332\300\367\027\210\243\324_\024"
 256      D55EF74A 
 256      DAC0F717 
 256      88A3D45F 
 256      14
 257 0aab 823C97FA 		.ascii	"\202<\227\372\375\377\200R\261m\350\274\200\304\012"
 257      FDFF8052 
 257      B16DE8BC 
 257      80C40A
 258 0aba 526D53B2 		.ascii	"RmS\262\243\212S3#&P\003Y\000\003\276\202f\243\362\235"
 258      A38A5333 
 258      23265003 
 258      590003BE 
ARM GAS  /tmp/ccnNJnvZ.s 			page 20


 258      8266A3F2 
 259 0acf 47FFBB09 		.ascii	"G\377\273\011\234?3\3143\221\277\303\017n[\330C\336"
 259      9C3F33CC 
 259      3391BFC3 
 259      0F6E5BD8 
 259      43DE
 260 0ae1 AC84021A 		.ascii	"\254\204\002\032\027\245\277\0358\010i\247\010\013\237"
 260      17A5BF1D 
 260      380869A7 
 260      080B9F
 261 0af0 27939377 		.ascii	"'\223\223w\275i\005v\216/\226o\240\3648v\206\026\216"
 261      BD690576 
 261      8E2F966F 
 261      A0F43876 
 261      86168E
 262 0b03 3C51D31A 		.ascii	"<Q\323\032\354\334\270}\272DC\033\260\323\266kf\326"
 262      ECDCB87D 
 262      BA44431B 
 262      B0D3B66B 
 262      66D6
 263 0b15 8BDEC24E 		.ascii	"\213\336\302N\351\206k#\276\264_\254\277\357\237}\350"
 263      E9866B23 
 263      BEB45FAC 
 263      BFEF9F7D 
 263      E8
 264 0b26 45C7B1F3 		.ascii	"E\307\261\363|\276\260J<X\010\202\356\253\236\255[\305"
 264      7CBEB04A 
 264      3C580882 
 264      EEAB9EAD 
 264      5BC5
 265 0b38 33BB3DAC 		.ascii	"3\273=\254t?\220\330? \320\024_~\366T?\226?J\211\270"
 265      743F90D8 
 265      3F20D014 
 265      5F7EF654 
 265      3F963F4A 
 266 0b4e 20881BF6 		.ascii	" \210\033\366\236\240b\0361\260\312\223\215\224\222"
 266      9EA0621E 
 266      31B0CA93 
 266      8D9492
 267 0b5d 4CBA54C2 		.ascii	"L\272T\302\036\376\037\264=\243Nq\245v[\014f\215\022"
 267      1EFE1FB4 
 267      3DA34E71 
 267      A5765B0C 
 267      668D12
 268 0b70 F50665DE 		.ascii	"\365\006e\336NkG\244D\276\331\225\334S\016N\243\301"
 268      4E6B47A4 
 268      44BED995 
 268      DC530E4E 
 268      A3C1
 269 0b82 64130582 		.ascii	"d\023\005\202Tq\004sn\0268w\033\015!\351\320\266@\313"
 269      54710473 
 269      6E163877 
 269      1B0D21E9 
 269      D0B640CB 
 270 0b96 80B695CA 		.ascii	"\200\266\225\312g\312\354\177#\026,\374\344\212\240"
 270      67CAEC7F 
 270      23162CFC 
ARM GAS  /tmp/ccnNJnvZ.s 			page 21


 270      E48AA0
 271 0ba5 A488CCC9 		.ascii	"\244\210\314\311\335]o%\262\320\006\"\027/'^\334g\240"
 271      DD5D6F25 
 271      B2D00622 
 271      172F275E 
 271      DC67A0
 272 0bb8 D9DCBA42 		.ascii	"\331\334\272B\327\363;\311\276\304\020(N\207A\036\030"
 272      D7F33BC9 
 272      BEC41028 
 272      4E87411E 
 272      18
 273 0bc9 3B812FA4 		.ascii	";\201/\244L{F`\034<)\260\003\204\376.\012\260\252\340"
 273      4C7B4660 
 273      1C3C29B0 
 273      0384FE2E 
 273      0AB0AAE0 
 274 0bdd 58FB63DF 		.ascii	"X\373c\337@\221M\212G6\252\245xLW\366\354\364\221\347"
 274      40914D8A 
 274      4736AAA5 
 274      784C57F6 
 274      ECF491E7 
 275 0bf1 FE6C2A4F 		.ascii	"\376l*O\0049\324\236\373'\322\326\027\372\320C\276X"
 275      0439D49E 
 275      FB27D2D6 
 275      17FAD043 
 275      BE58
 276 0c03 D09C7A54 		.ascii	"\320\234zT.\320J\354,\356?\232\252\245g|qU\3305\372"
 276      2ED04AEC 
 276      2CEE3F9A 
 276      AAA5677C 
 276      7155D835 
 277 0c18 5423AD0A 		.ascii	"T#\255\012\255G\336\316\3356\304\0175\331\371u>\330"
 277      AD47DECE 
 277      DD36C40F 
 277      35D9F975 
 277      3ED8
 278 0c2a 60D75236 		.ascii	"`\327R6\036\310A\033\357\242\337aY\310\023\2711S\025"
 278      1EC8411B 
 278      EFA2DF61 
 278      59C813B9 
 278      315315
 279 0c3d 82BE0592 		.ascii	"\202\276\005\222Z\325w2Z}i-\272\344B\311\263\027>\016"
 279      5AD57732 
 279      5A7D692D 
 279      BAE442C9 
 279      B3173E0E 
 280 0c51 97B4E472 		.ascii	"\227\264\344r\227\354\205\201\273%\227\354\222\\\342"
 280      97EC8581 
 280      BB2597EC 
 280      925CE2
 281 0c60 86B30778 		.ascii	"\206\263\007x{\300I\357\271\375\367\364\022\332\301"
 281      7BC049EF 
 281      B9FDF7F4 
 281      12DAC1
 282 0c6f FEC6EC13 		.ascii	"\376\306\354\023\3677f\237\340,\315\231N\354\242\364"
 282      F737669F 
 282      E02CCD99 
ARM GAS  /tmp/ccnNJnvZ.s 			page 22


 282      4EECA2F4 
 283 0c7f 3A4A55B6 		.ascii	":JU\266\357E\251\307WD\245\000\363\211}\223\005>-\242"
 283      EF45A9C7 
 283      5744A500 
 283      F3897D93 
 283      053E2DA2 
 284 0c93 D286F3ED 		.ascii	"\322\206\363\355\262\333\254\342\337Oas-)\360\211\270"
 284      B2DBACE2 
 284      DF4F6173 
 284      2D29F089 
 284      B8
 285 0ca4 F329AE4A 		.ascii	"\363)\256J\313\367\241\355(\322\\k\345\257h\017z\246"
 285      CBF7A1ED 
 285      28D25C6B 
 285      E5AF680F 
 285      7AA6
 286 0cb6 EE4C75A2 		.ascii	"\356Lu\242\037\011tY\343\034\371\265\034X\035\020\225"
 286      1F097459 
 286      E31CF9B5 
 286      1C581D10 
 286      95
 287 0cc7 3C04E807 		.ascii	"<\004\350\007\235\262!\244\347\315\256\351\231Q+\244"
 287      9DB221A4 
 287      E7CDAEE9 
 287      99512BA4 
 288 0cd7 67312396 		.ascii	"g1#\226\241#\017\270M\226\252\275\207\013\005\372-\032"
 288      A1230FB8 
 288      4D96AABD 
 288      870B05FA 
 288      2D1A
 289 0ce9 E1F8B90D 		.ascii	"\341\370\271\015\213T\232-e\3345G\200q\205\244\331\001"
 289      8B549A2D 
 289      65DC3547 
 289      807185A4 
 289      D901
 290 0cfb F7D9E280 		.ascii	"\367\331\342\200=\014\222*I\0158Gk\222G\305W\213\365"
 290      3D0C922A 
 290      490D3847 
 290      6B9247C5 
 290      578BF5
 291 0d0e 2C07CEE4 		.ascii	",\007\316\344\014\245\372\321I4\314\374\261\212yo\372"
 291      0CA5FAD1 
 291      4934CCFC 
 291      B18A796F 
 291      FA
 292 0d1f 0A3B25B3 		.ascii	"\012;%\263s\317\230\343V0\307Q\231\333V\240\333\352"
 292      73CF98E3 
 292      5630C751 
 292      99DB56A0 
 292      DBEA
 293 0d31 9AAFEED7 		.ascii	"\232\257\356\327\323\015z.\361\341\274\371\371\000\273"
 293      D30D7A2E 
 293      F1E1BCF9 
 293      F900BB
 294 0d40 DBB626D9 		.ascii	"\333\266&\331\274\014*\307k\031R\005\"\254\260\237\032"
 294      BC0C2AC7 
 294      6B195205 
ARM GAS  /tmp/ccnNJnvZ.s 			page 23


 294      22ACB09F 
 294      1A
 295 0d51 83DB8E53 		.ascii	"\203\333\216S\351\025\345\212l~&r\012\334vRRn\205\350"
 295      E915E58A 
 295      6C7E2672 
 295      0ADC7652 
 295      526E85E8 
 296 0d65 B6DACC07 		.ascii	"\266\332\314\007\003:\232\211\030\2117vLx\3048\353\021"
 296      033A9A89 
 296      18893776 
 296      4C78C438 
 296      EB11
 297 0d77 0376B617 		.ascii	"\003v\266\027\371\316\366\014`\234\2260\000\022A2N>"
 297      F9CEF60C 
 297      609C9630 
 297      00124132 
 297      4E3E
 298 0d89 980FA079 		.ascii	"\230\017\240y\010r\352h\335+\235'\220s\036A\236l\326"
 298      0872EA68 
 298      DD2B9D27 
 298      90731E41 
 298      9E6CD6
 299 0d9c F4346C62 		.ascii	"\3644lb\033\333\032@\251\226P\316\330QF\356\247U\021"
 299      1BDB1A40 
 299      A99650CE 
 299      D85146EE 
 299      A75511
 300 0daf 3AA0C75A 		.ascii	":\240\307Z\353Q\305+JG\2603xe\362\261\226\316bg\362"
 300      EB51C52B 
 300      4A47B033 
 300      7865F2B1 
 300      96CE6267 
 301 0dc4 6AF6413F 		.ascii	"j\366A?j\363\343\302\344\315\3244x|)\333@=\235\3057"
 301      6AF3E3C2 
 301      E4CDD434 
 301      787C29DB 
 301      403D9DC5 
 302 0dd9 FD1D8B97 		.ascii	"\375\035\213\227\013 \310y\352~\022\237Z{8\232\246s"
 302      0B20C879 
 302      EA7E129F 
 302      5A7B389A 
 302      A673
 303 0deb 006DD1F5 		.ascii	"\000m\321\365\333#\204\004\006\206\260*\317C\231w\015"
 303      DB238404 
 303      0686B02A 
 303      CF439977 
 303      0D
 304 0dfc 701AC560 		.ascii	"p\032\305`j\206\353&H\225\227\241]\241\262\343t\267"
 304      6A86EB26 
 304      489597A1 
 304      5DA1B2E3 
 304      74B7
 305 0e0e 517580BC 		.ascii	"Qu\200\274\324(\373\333\235\017\012\304\267;W)Ve\215"
 305      D428FBDB 
 305      9D0F0AC4 
 305      B73B5729 
 305      56658D
ARM GAS  /tmp/ccnNJnvZ.s 			page 24


 306 0e21 4BAE9A0B 		.ascii	"K\256\232\013\005b\245\310\264\253\247.\344\262%Y\276"
 306      0562A5C8 
 306      B4ABA72E 
 306      E4B22559 
 306      BE
 307 0e32 6377CADD 		.ascii	"cw\312\335W\251\254\210\033+\020kB\206\336\245\210."
 307      57A9AC88 
 307      1B2B106B 
 307      4286DEA5 
 307      882E
 308 0e44 4FC30558 		.ascii	"O\303\005X\3055R\24575\371\301,Cr\264\213\222\331\033"
 308      C53552A5 
 308      3735F9C1 
 308      2C4372B4 
 308      8B92D91B 
 309 0e58 A9F8AAA6 		.ascii	"\251\370\252\246\344\374d\275\216\356\342v'\333\323"
 309      E4FC64BD 
 309      8EEEE276 
 309      27DBD3
 310 0e67 467E474F 		.ascii	"F~GO\342uC\361\215l\035\333\253'}\327\023\026\257\303"
 310      E27543F1 
 310      8D6C1DDB 
 310      AB277DD7 
 310      1316AFC3 
 311 0e7b F73A86FD 		.ascii	"\367:\206\375Y\255\022\010\225Jr\022OD3Em[l{6/'\255"
 311      59AD1208 
 311      954A7212 
 311      4F443345 
 311      6D5B6C7B 
 312 0e93 60991610 		.ascii	"`\231\026\020\340\226<\021\215\020\227B\361\302\337"
 312      E0963C11 
 312      8D109742 
 312      F1C2DF
 313 0ea2 6021C7C4 		.ascii	"`!\307\304\255\025\251\025\0129\261\370\370\333\\[}"
 313      AD15A915 
 313      0A39B1F8 
 313      F8DB5C5B 
 313      7D
 314 0eb3 22E5B17D 		.ascii	"\"\345\261}L$vL\012y\255\"\305\302r\0259\0123\204\355"
 314      4C24764C 
 314      0A79AD22 
 314      C5C27215 
 314      390A3384 
 315 0ec8 A9C87571 		.ascii	"\251\310uq\010\213\205\333\020\0137!\016\332\240\335"
 315      088B85DB 
 315      100B3721 
 315      0EDAA0DD 
 316 0ed8 A0F28D02 		.ascii	"\240\362\215\002X\227\347\306[n\2711\253\351\330\260"
 316      5897E7C6 
 316      5B6EB931 
 316      ABE9D8B0 
 317 0ee8 86D6E19C 		.ascii	"\206\326\341\2348\320U\333\240\206\235\2112T;\260\177"
 317      38D055DB 
 317      A0869D89 
 317      32543BB0 
 317      7F
 318 0ef9 3D54F76E 		.ascii	"=T\367n\236Q\357\002\341\035\311U\267\354\256:\332\222"
ARM GAS  /tmp/ccnNJnvZ.s 			page 25


 318      9E51EF02 
 318      E11DC955 
 318      B7ECAE3A 
 318      DA92
 319 0f0b 5EE047EF 		.ascii	"^\340G\357\240{*2\023\262\004\372\000;\035\033_4y\321"
 319      A07B2A32 
 319      13B204FA 
 319      003B1D1B 
 319      5F3479D1 
 320 0f1f 21EC3C7A 		.ascii	"!\354<z\272sHM\237c\247h\337t\242\232.`\347i_Rq\000"
 320      BA73484D 
 320      9F63A768 
 320      DF74A29A 
 320      2E60E769 
 321 0f37 DDE28F2F 		.ascii	"\335\342\217/;\233SZ|h&v\216nMH\240t/v\222\022\213\357"
 321      3B9B535A 
 321      7C682676 
 321      8E6E4D48 
 321      A0742F76 
 322 0f4f F01D66D2 		.ascii	"\360\035f\322\322\347.\364^\345\211b\360\267\335\333"
 322      D2E72EF4 
 322      5EE58962 
 322      F0B7DDDB 
 323 0f5f 3DD735E9 		.ascii	"=\3275\351IY[\370\262\323\013\201\333\003:\364+\007"
 323      49595BF8 
 323      B2D30B81 
 323      DB033AF4 
 323      2B07
 324 0f71 AEF2D2DD 		.ascii	"\256\362\322\335-\016`Vz\010V\352s\262\316\344F\376"
 324      2D0E6056 
 324      7A0856EA 
 324      73B2CEE4 
 324      46FE
 325 0f83 06A0DFCD 		.ascii	"\006\240\337\315\017}\251/\217\250\351\030\027^\250"
 325      0F7DA92F 
 325      8FA8E918 
 325      175EA8
 326 0f92 694CBF2D 		.ascii	"iL\277-Ut-y\334\242\003\300\364\221"
 326      55742D79 
 326      DCA203C0 
 326      F491
 327 0fa0 64D1FE25 		.ascii	"d\321\376%\312\207\307\200\253$\003K\225\017_\216k\351"
 327      CA87C780 
 327      AB24034B 
 327      950F5F8E 
 327      6BE9
 328 0fb2 2B8EF38B 		.ascii	"+\216\363\213-\257J\"Au\010v}\240\370\027\302vH\354"
 328      2DAF4A22 
 328      41750876 
 328      7DA0F817 
 328      C27648EC 
 329 0fc6 A3D71BE0 		.ascii	"\243\327\033\340\333\200\327\201\234\010\013x\366\376"
 329      DB80D781 
 329      9C080B78 
 329      F6FE
 330 0fd4 D8C09F19 		.ascii	"\330\300\237\031\034o\222a\216\344^\336\206VcUt\025"
 330      1C6F9261 
ARM GAS  /tmp/ccnNJnvZ.s 			page 26


 330      8EE45EDE 
 330      86566355 
 330      7415
 331 0fe6 54B64354 		.ascii	"T\266CT\371t\307)\247\335\006\202[\214 \221\342\010"
 331      F974C729 
 331      A7DD0682 
 331      5B8C2091 
 331      E208
 332 0ff8 26F25EB5 		.ascii	"&\362^\265\201\354Q\207"
 332      81EC5187 
 333 1000 90DDD076 		.ascii	"\220\335\320vA\333\004-\025\332 \004[\012\374n\204\266"
 333      41DB042D 
 333      15DA2004 
 333      5B0AFC6E 
 333      84B6
 334 1012 01DA34F4 		.ascii	"\001\3324\364\247\240MB{\011m\004\332\267\320\206\235"
 334      A7A04D42 
 334      7B096D04 
 334      DAB7D086 
 334      9D
 335 1023 F2E0FD4F 		.ascii	"\362\340\375O\260\3426\352I\022u\021\353\256\333^`\340"
 335      B0E236EA 
 335      49127511 
 335      EBAEDB5E 
 335      60E0
 336 1035 DEB262C7 		.ascii	"\336\262b\307v\271\235(\322\313fo\343=q\0333\012\261"
 336      76B99D28 
 336      D2CB666F 
 336      E33D711B 
 336      330AB1
 337 1048 F2C095BC 		.ascii	"\362\300\225\274M\306^\2264\307\234\222\346(u\177\037"
 337      4DC65E96 
 337      34C79C92 
 337      E628757F 
 337      1F
 338 1059 3E0A4F59 		.ascii	">\012OYZ!c\300rL4K1\230\245\010\324\036\007\025\237"
 338      5A2163C0 
 338      724C344B 
 338      3198A508 
 338      D41E0715 
 339 106e 3AA9D833 		.ascii	":\251\3303\244Y\020S\37531\331\216\271\347n79\236;\311"
 339      A4591053 
 339      FD3331D9 
 339      8EB9E76E 
 339      37399E3B 
 340 1083 F16C2939 		.ascii	"\361l)9J\000\373\365r\364\227\362\227a\023 C\267\262"
 340      4A00FBF5 
 340      72F497F2 
 340      97611320 
 340      43B7B2
 341 1096 0CAEEBC7 		.ascii	"\014\256\353\307\013'\021\330@\014o\345 \331\007\310"
 341      0B2711D8 
 341      400C6FE5 
 341      20D907C8 
 342 10a6 FF3F41C2 		.ascii	"\377?A\302\222|\271\030\300\3545\373SeW\312\222\374"
 342      927CB918 
 342      C0EC35FB 
ARM GAS  /tmp/ccnNJnvZ.s 			page 27


 342      536557CA 
 342      92FC
 343 10b8 FDDF6392 		.ascii	"\375\337c\222g\265\351\013\221\332\261$L\270R\017\177"
 343      67B5E90B 
 343      91DAB124 
 343      4CB8520F 
 343      7F
 344 10c9 2C9D1D4C 		.ascii	",\235\035L\272\362~\351\034\205l\005\021\311gh\020Y"
 344      BAF27EE9 
 344      1C856C05 
 344      11C96768 
 344      1059
 345 10db 542697CE 		.ascii	"T&\227\316\032\\\247\277\212\017c6Z\0176J\006\033$A"
 345      1A5CA7BF 
 345      8A0F6336 
 345      5A0F364A 
 345      061B2441 
 346 10ef 4B84B600 		.ascii	"K\204\266\000z\277\2026\017m\016\332\254\223\015\306"
 346      7ABF8236 
 346      0F6D0EDA 
 346      AC930DC6 
 347 10ff 7F87A04C 		.ascii	"\177\207\240L\177\233\200\340\036\2179'\233e\201\237"
 347      7F9B80E0 
 347      1E8F3927 
 347      9B65819F 
 348 110f F03AEAE1 		.ascii	"\360:\352\341\177G\326;!7$.I\314\026\253\253\342\024"
 348      7F47D63B 
 348      2137242E 
 348      49CC16AB 
 348      ABE214
 349 1122 64EF2EB3 		.ascii	"d\357.\263_\307z\341\212(\310\"\010\222\357\231Z\026"
 349      5FC77AE1 
 349      8A28C822 
 349      0892EF99 
 349      5A16
 350 1134 7436B55E 		.ascii	"t6\265^f\254E\214{\017AI\022\300\206R\\\212G\211\345"
 350      66AC458C 
 350      7B0F4149 
 350      12C08652 
 350      5C8A4789 
 351 1149 CBF972CA 		.ascii	"\313\371r\312\030\025H\307n\023\234\223\230\030\354"
 351      181548C7 
 351      6E139C93 
 351      9818EC
 352 1158 6241DA29 		.ascii	"bA\332)|\235\306-u2\215w\275\216\272\355\027hLF\274"
 352      7C9DC62D 
 352      75328D77 
 352      BD8EBAED 
 352      17684C46 
 353 116d DB33B1B8 		.ascii	"\3333\261\270\034\237\343\213\007\320\270\237\331.\234"
 353      1C9FE38B 
 353      07D0B89F 
 353      D92E9C
 354 117c 5D064B5E 		.ascii	"]\006K^\316*\376&q\237\230\262\305\227\031\230\260\367"
 354      CE2AFE26 
 354      719F98B2 
 354      C5971998 
ARM GAS  /tmp/ccnNJnvZ.s 			page 28


 354      B0F7
 355 118e 08B2F3F8 		.ascii	"\010\262\363\370\177\312\261\325'P\376\356\357\210\022"
 355      7FCAB1D5 
 355      2750FEEE 
 355      EF8812
 356 119d F16119F1 		.ascii	"\361a\031\361\370\317\221\230\275\342;\256D,\317\271"
 356      F8CF9198 
 356      BDE23BAE 
 356      442CCFB9 
 357 11ad 8DA7455B 		.ascii	"\215\247E[\331\017E\234\302\375\262\033\375\375P4@\232"
 357      D90F459C 
 357      C2FDB21B 
 357      FDFD5034 
 357      409A
 358 11bf 1AF38C02 		.ascii	"\032\363\214\002\271\253\3137\253\345y\006\006:\247"
 358      B9ABCB37 
 358      ABE57906 
 358      063AA7
 359 11ce 3A28736E 		.ascii	":(sn\300\323V\306\240\020\034\236\256\306$S\000\327"
 359      C0D356C6 
 359      A0101C9E 
 359      AEC62453 
 359      00D7
 360 11e0 3B60E26C 		.ascii	";`\342l\207\226\005m\033\264Lh[\241e@\333\242\226oY"
 360      8796056D 
 360      1BB44C68 
 360      5BA16540 
 360      DBA2966F 
 361 11f5 5BC64437 		.ascii	"[\306D7\262\245\032\266\335\234\215C\260\233\236j9\007"
 361      B2A51AB6 
 361      DD9C8D43 
 361      B09B9E6A 
 361      3907
 362 1207 72A738E4 		.ascii	"r\2478\344/G\036\216\021\217\016Y\325E\220\213#k\266"
 362      2F471E8E 
 362      118F0E59 
 362      D545908B 
 362      236BB6
 363 121a 115703B6 		.ascii	"\021W\003\266\214\212\006\317\201\300^\357*\250[\252"
 363      8C8A06CF 
 363      81C05EEF 
 363      2AA85BAA 
 364 122a 1B1811F5 		.ascii	"\033\030\021\365b'\030\271\256\344\023n\354\307\277"
 364      622718B9 
 364      AEE4136E 
 364      ECC7BF
 365 1239 40FFB0F3 		.ascii	"@\377\260\363\202}\312\3442\356M_\240\354l\017^&R;\022"
 365      827DCAE4 
 365      32EE4D5F 
 365      A0EC6C0F 
 365      5E26523B 
 366 124e E94B57EA 		.ascii	"\351KW\352\266\317\201\032B\226\325\227\225\"\265\243"
 366      B6CF811A 
 366      4296D597 
 366      9522B5A3 
 367 125e 4275ABC4 		.ascii	"Bu\253\304\307\243\220\367N\240\272'R;\3264\227J\316"
 367      C7A390F7 
ARM GAS  /tmp/ccnNJnvZ.s 			page 29


 367      4EA0BA27 
 367      523BD634 
 367      974ACE
 368 1271 6DCDCB07 		.ascii	"m\315\313\007\027\344\210\356\310\203\353\\0{\266Z\236"
 368      17E488EE 
 368      C883EB5C 
 368      307BB65A 
 368      9E
 369 1282 31C73A45 		.ascii	"1\307:E;\262\004q\037\370\347\250=\254\272\312\010\035"
 369      3BB20471 
 369      1FF8E7A8 
 369      3DACBACA 
 369      081D
 370 1294 E2100F08 		.ascii	"\342\020\017\010,\244:\227m\2671\004\373\2410#\367x"
 370      2CA43A97 
 370      6DB73104 
 370      FBA13023 
 370      F778
 371 12a6 283CF000 		.ascii	"(<\360\000\313| r\337DMv\342\301 0x \225\221\214\324"
 371      CB7C2072 
 371      DF444D76 
 371      E2C12030 
 371      78209591 
 372 12bc 91D68670 		.ascii	"\221\326\206p\017\226\2564|q\320P\276\300N\201\330T"
 372      0F96AE34 
 372      7C71D050 
 372      BEC04E81 
 372      D854
 373 12ce 7A223148 		.ascii	"z\"1HW\007:\244\205UtL~fsCpY\027\335\034\324\264\022"
 373      57073AA4 
 373      8555744C 
 373      7E667343 
 373      705917DD 
 374 12e6 4385BD6B 		.ascii	"C\205\275k\271\351:\363]Nj\331qM\205\016\035\312\316"
 374      B9E93AF3 
 374      5D4E6AD9 
 374      714D850E 
 374      1DCACE
 375 12f9 C69F8AF4 		.ascii	"\306\237\212\364\236\315q\020\365\031R\332S.\016\276"
 375      9ECD7110 
 375      F51952DA 
 375      532E0EBE 
 376 1309 57F682E9 		.ascii	"W\366\202\351\303\346L\262\244\317\020\225\364\201\272"
 376      C3E64CB2 
 376      A4CF1095 
 376      F481BA
 377 1318 6A763C99 		.ascii	"jv<\231\327U\366#\250\261\245\216\240Z\360\377\312\306"
 377      D755F623 
 377      A8B1A58E 
 377      A05AF0FF 
 377      CAC6
 378 132a 94F00676 		.ascii	"\224\360\006v\362\3776d5\327\267\322\377\270\215\331"
 378      F2FF3664 
 378      35D7B7D2 
 378      FFB88DD9 
 379 133a F74589EB 		.ascii	"\367E\211\353[\373|\177Td\353e\007\0363\232\324\346"
 379      5BFB7C7F 
ARM GAS  /tmp/ccnNJnvZ.s 			page 30


 379      5464EB65 
 379      071E339A 
 379      D4E6
 380 134c 669B6DAF 		.ascii	"f\233m\257\236\033\273\005\311\035yB\305\356\300\367"
 380      9E1BBB05 
 380      C91D7942 
 380      C5EEC0F7 
 381 135c 7EF58F54 		.ascii	"~\365\217T\037\206F\306\305\230B\327Y\"C\177e\262|a"
 381      1F8646C6 
 381      C59842D7 
 381      5922437F 
 381      65B27C61 
 382 1370 8D8B0F0D 		.ascii	"\215\213\017\015\217\214\3724*\316\022\372\021\373\375"
 382      8F8CFA34 
 382      2ACE12FA 
 382      11FBFD
 383 137f C37F1A7F 		.ascii	"\303\177\032\177\262z\345j\370\013\205[fk\250\305\034"
 383      B27AE56A 
 383      F80B855B 
 383      666BA8C5 
 383      1C
 384 1390 0E14E6CF 		.ascii	"\016\024\346\317\302\327\256\014\327\376\346\367\177"
 384      C2D7AE0C 
 384      D7FEE6F7 
 384      7F
 385 139d 7AFBA3D5 		.ascii	"z\373\243\325\253U:\243qmT\254\365\247?1Z\337\015]k"
 385      AB553AA3 
 385      716D54AC 
 385      F5A73F31 
 385      5ADF0D5D 
 386 13b2 318746C5 		.ascii	"1\207F\305\206G\257\2150\205\306\232\276\212\216\372"
 386      8647AF8D 
 386      3085C69A 
 386      BE8A8EFA 
 387 13c2 3434260C 		.ascii	"44&\014\230\306\232B\215\021\246\317\302\326F[\215\326"
 387      98C69A42 
 387      8D11A6CF 
 387      C2D6465B 
 387      8DD6
 388 13d4 75F126CB 		.ascii	"u\361&\313\312H\225\326>\354\035\245a\226u\226P\243"
 388      CA4895D6 
 388      3EEC1DA5 
 388      61967596 
 388      50A3
 389 13e6 C51A0134 		.ascii	"\305\032\0014@\353\313@\2151a\226/\214\326_\376\245"
 389      40EBCB40 
 389      8D316196 
 389      2F8CD65F 
 389      FEA5
 390 13f8 62DB398B 		.ascii	"b\3339\213\242G\252\202\302#\377\370\353\217\376\364"
 390      A247AA82 
 390      C223FFF8 
 390      EB8FFEF4 
 391 1408 515C74B4 		.ascii	"Q\\t\264)\334\372k&\225\345\337\376\371M\254\241Z\216"
 391      29DCFA6B 
 391      2695E5DF 
 391      FEF94DAC 
ARM GAS  /tmp/ccnNJnvZ.s 			page 31


 391      A15A8E
 392 141b 2C7F63B2 		.ascii	",\177c\262\37626\342\243hS\230YdK\303#W\351b\302@\215"
 392      FE3236E2 
 392      A3685398 
 392      59644BC3 
 392      2357E962 
 393 1432 48B3292C 		.ascii	"H\263),B\013_\321\361\346\2508\215\225}\033\255\377"
 393      420B5FD1 
 393      F1E6A838 
 393      8D957D1B 
 393      ADFF
 394 1444 FAD76B03 		.ascii	"\372\327k\003 \321\353@\035M\214\365\353\350(\213U\035"
 394      20D1EB40 
 394      1D4D8CF5 
 394      EBE8288B 
 394      551D
 395 1456 6BFADAEA 		.ascii	"k\372\332\352\025\367U\254\311\354\365\277kMkM\332\360"
 395      15F755AC 
 395      C9ECF5BF 
 395      6B4D6B4D 
 395      DAF0
 396 1468 4823BF50 		.ascii	"H#\277P\307\233M_\352\354\2757\002e@\026\016\272\326"
 396      C79B4D5F 
 396      EAECBD37 
 396      02654016 
 396      0EBAD6
 397 147b 6AFADA68 		.ascii	"j\372\332he\030\374Rk\2127\305\202\273\326\370\232\276"
 397      6518FC52 
 397      6B8A37C5 
 397      82BBD6F8 
 397      9ABE
 398 148d 34C55AD1 		.ascii	"4\305Z\321W\332\030\313\032\216\251\371*,\312\012\017"
 398      57DA18CB 
 398      1A8EA9F9 
 398      2A2CCA0A 
 398      0F
 399 149e 3540CE58 		.ascii	"5@\316X\370\210\277F+Y\353m\372\212Q{\177e\005E\342"
 399      F888BF46 
 399      2B59EB6D 
 399      FA8A517B 
 399      7F650545 
 400 14b3 E1C7628A 		.ascii	"\341\307b\212\211\247\341\261V\037\243Q\014\021\215"
 400      89A7E1B1 
 400      561FA351 
 400      0C118D
 401 14c2 F8EB0577 		.ascii	"\370\353\005w\215V=\014\006\232\260\370\3108\263\351"
 401      8D563D0C 
 401      069AB0F8 
 401      C838B3E9 
 402 14d2 5FFE7A5D 		.ascii	"_\376z]\200\007\323\304\302\304\265\254\361\202\006"
 402      8007D3C4 
 402      C2C4B5AC 
 402      F18206
 403 14e1 085F59AD 		.ascii	"\010_Y\255\346\370e\350-\243\331\364\231\311l\212\015"
 403      E6F865E8 
 403      2DA3D9F4 
 403      99C96C8A 
ARM GAS  /tmp/ccnNJnvZ.s 			page 32


 403      0D
 404 14f2 079B815C 		.ascii	"\007\233\201\\q\237~\036\2575}\035e\015\217\2130y\233"
 404      719F7E1E 
 404      AF357D1D 
 404      650D8F8B 
 404      30799B
 405 1505 23D6C108 		.ascii	"#\326\301\0105\220X|p\016|\000\202\332\177\255\354>"
 405      3590587C 
 405      700E7C00 
 405      82DA7FAD 
 405      EC3E
 406 1517 B0FB2C3A 		.ascii	"\260\373,:l\215Ec\215\201\021\320\263X\303\254&\255"
 406      6C8D4563 
 406      8D8111D0 
 406      B358C3AC 
 406      26AD
 407 1529 95FF3096 		.ascii	"\225\3770\226a\237\206YL\342\014z\377=\260\227\375\""
 407      619F8659 
 407      4CE20C7A 
 407      FF3DB097 
 407      FD22
 408 153b 203ECE6C 		.ascii	" >\316l\205\370\377\",:jM\254\321\372\207\277H\313\360"
 408      85F8FF22 
 408      2C3A6A4D 
 408      ACD1FA87 
 408      BF48CBF0 
 409 154f B89898B8 		.ascii	"\270\230\230\270\330P\306\303\022\372\313?~\374\256"
 409      D850C6C3 
 409      12FACB3F 
 409      7EFCAE
 410 155e 78233CD2 		.ascii	"x#<\322>\371t\022kulX\214I\035\036\031f\3666s_\321p"
 410      3EF97412 
 410      6B756C58 
 410      8C491D1E 
 410      1966F636 
 411 1576 EBD78225 		.ascii	"\353\327\202%^\2106S\363\352\325\320V\011\346\237\013"
 411      5E883653 
 411      F3EAD5D0 
 411      5609E69F 
 411      0B
 412 1587 E60F04F3 		.ascii	"\346\017\004\363\317\004\363\373\202\371\037\005\363"
 412      CF04F3FB 
 412      82F91F05 
 412      F3
 413 1594 7BBE5C3E 		.ascii	"{\276\\>\020\026h\377\343\215d\373\362g\357~\014\364"
 413      101668FF 
 413      E38D64FB 
 413      F267EF7E 
 413      0CF4
 414 15a6 E1E04A90 		.ascii	"\341\340J\220K\317\371\206\307\305BDYid\204\331;\236"
 414      4BCFF986 
 414      C7C54244 
 414      59696484 
 414      D93B9E
 415 15b9 CBF43D70 		.ascii	"\313\364=p9\2330\346(\353:GLG\305\005\272\335\006}X"
 415      399B30E6 
 415      28EB3A47 
ARM GAS  /tmp/ccnNJnvZ.s 			page 33


 415      4C47C505 
 415      BADD067D 
 416 15ce 5CFDEAAF 		.ascii	"\\\375\352\257\217\012\3602d\005f$\026\244\030\010^"
 416      8F0AF032 
 416      64056624 
 416      16A41808 
 416      5E
 417 15df 31F17171 		.ascii	"1\361qq\321Z1*\254\336 \340gQk\002\242\"\242M\342=\346"
 417      D15A312A 
 417      ACDE20E0 
 417      67516B02 
 417      A222A24D 
 418 15f6 487F699E 		.ascii	"H\177i\236\033a.\004\310\272\354\361\367\201]\234\005"
 418      1B612E04 
 418      C8BAECF1 
 418      F7815D9C 
 418      05
 419 1607 8C06EE67 		.ascii	"\214\006\356g!\205L\374eL`P\220;\005\250\304\262\014"
 419      21854CFC 
 419      654C6050 
 419      903B05A8 
 419      C4B20C
 420 161a 9B3AEC57 		.ascii	"\233:\354W\315'\013O\210V\0153\2331*\302G\374\205;f"
 420      CD270B4F 
 420      88560D33 
 420      9B312AC2 
 420      47FC853B 
 421 162f D31A6600 		.ascii	"\323\032f\000_FmZ\003W\346u:\373\005H\376\245\225=\325"
 421      5F466D5A 
 421      0357E675 
 421      3AFB0548 
 421      FEA5953D 
 422 1644 468759AC 		.ascii	"F\207Y\254\326\250\030{\354\255~_\214=v\341\003\271"
 422      D6A8187B 
 422      ECAD7E5F 
 422      8C3D76E1 
 422      03B9
 423 1656 973D7BA3 		.ascii	"\227={\243T\313\030\200\011\275\"\030\234\037\010\023"
 423      54CB1880 
 423      09BD2218 
 423      9C1F0813 
 424 1666 618AB686 		.ascii	"a\212\266\206\3619\357\305/\375\000\005\000M\346/\303"
 424      F139EFC5 
 424      2FFD0005 
 424      004DE62F 
 424      C3
 425 1677 A221DE9D 		.ascii	"\242!\336\235(\214\326\037@\377\313(\263u-{\010\254"
 425      288CD61F 
 425      40FFCB28 
 425      B3752D7B 
 425      08AC
 426 1689 CC164C1B 		.ascii	"\314\026L\033Ln0NL\374\367\025\236\302\0043\333\341"
 426      4C6E304E 
 426      4CFCF715 
 426      9EC20433 
 426      DBE1
 427 169b 983DD7F1 		.ascii	"\230=\327\361\273\232\360\265f\230\303V\275t\313h\365"
ARM GAS  /tmp/ccnNJnvZ.s 			page 34


 427      BB9AF0B5 
 427      6698C356 
 427      BD74CB68 
 427      F5
 428 16ac 77F6058D 		.ascii	"w\366\005\215\370t\015\023\201in\212\001I>]\273\306"
 428      F8740D13 
 428      81696E8A 
 428      01493E5D 
 428      BBC6
 429 16be 273E2C36 		.ascii	"'>,6*\334\010s\374\015\322%\347\004v\360\227s6Z\375"
 429      2ADC0873 
 429      FC0DD225 
 429      E70476F0 
 429      9773365A 
 430 16d3 E45EB6BE 		.ascii	"\344^\266\276A\012\203\214\011\334\337$\007\256c\221"
 430      410A838C 
 430      09DCDF24 
 430      07AE6391 
 431 16e3 FE7F37B4 		.ascii	"\376\1777\264\013\231"
 431      0B99
 432              		.text
 433              		.section	.gnu.lto_.symtab.25c625c616bbc00,"",%progbits
 434 0000 63685246 		.ascii	"chRFCUCollectFaultsI\000"
 434      4355436F 
 434      6C6C6563 
 434      74466175 
 434      6C747349 
 435 0015 00       		.ascii	"\000"
 436 0016 00       		.ascii	"\000"
 437 0017 00       		.ascii	"\000"
 438 0018 00000000 		.ascii	"\000\000\000\000\000\000\000\000"
 438      00000000 
 439 0020 C9000000 		.ascii	"\311\000\000\000"
 440 0024 63685246 		.ascii	"chRFCUGetAndClearFaultsI\000"
 440      43554765 
 440      74416E64 
 440      436C6561 
 440      72466175 
 441 003d 00       		.ascii	"\000"
 442 003e 00       		.ascii	"\000"
 443 003f 00       		.ascii	"\000"
 444 0040 00000000 		.ascii	"\000\000\000\000\000\000\000\000"
 444      00000000 
 445 0048 CD000000 		.ascii	"\315\000\000\000"
 446 004c 63683000 		.ascii	"ch0\000"
 447 0050 00       		.ascii	"\000"
 448 0051 02       		.ascii	"\002"
 449 0052 00       		.ascii	"\000"
 450 0053 00000000 		.ascii	"\000\000\000\000\000\000\000\000"
 450      00000000 
 451 005b 26020000 		.ascii	"&\002\000\000"
 452              		.text
 453              		.section	.gnu.lto_.opts,"",%progbits
 454 0000 272D666D 		.ascii	"'-fmath-errno' '-fsigned-zeros' '-ftrapping-math' '"
 454      6174682D 
 454      6572726E 
 454      6F272027 
ARM GAS  /tmp/ccnNJnvZ.s 			page 35


 454      2D667369 
 455 0033 2D666E6F 		.ascii	"-fno-trapv' '-fno-openmp' '-fno-openacc' '-mcpu=cor"
 455      2D747261 
 455      70762720 
 455      272D666E 
 455      6F2D6F70 
 456 0066 7465782D 		.ascii	"tex-m3' '-mthumb' '-O2' '-fomit-frame-pointer' '-fa"
 456      6D332720 
 456      272D6D74 
 456      68756D62 
 456      2720272D 
 457 0099 6C69676E 		.ascii	"lign-functions=16' '-ffunction-sections' '-fdata-se"
 457      2D66756E 
 457      6374696F 
 457      6E733D31 
 457      36272027 
 458 00cc 6374696F 		.ascii	"ctions' '-fno-common' '-flto'\000"
 458      6E732720 
 458      272D666E 
 458      6F2D636F 
 458      6D6D6F6E 
 459              		.text
 460              		.comm	__gnu_lto_v1,1,1
 461              		.comm	__gnu_lto_slim,1,1
 462              		.ident	"GCC: (15:7-2018-q2-6) 7.3.1 20180622 (release) [ARM/embedded-7-branch revision 261907]"
ARM GAS  /tmp/ccnNJnvZ.s 			page 36


DEFINED SYMBOLS
                            *ABS*:0000000000000000 chrfcu.c
                            *COM*:0000000000000001 __gnu_lto_v1
                            *COM*:0000000000000001 __gnu_lto_slim

NO UNDEFINED SYMBOLS
