ARM GAS  /tmp/cc3N3fdY.s 			page 1


   1              		.cpu cortex-m3
   2              		.eabi_attribute 20, 1
   3              		.eabi_attribute 21, 1
   4              		.eabi_attribute 23, 3
   5              		.eabi_attribute 24, 1
   6              		.eabi_attribute 25, 1
   7              		.eabi_attribute 26, 1
   8              		.eabi_attribute 30, 2
   9              		.eabi_attribute 34, 1
  10              		.eabi_attribute 18, 4
  11              		.file	"crt1.c"
  12              		.section	.gnu.lto_.profile.ab84ff1273f04849,"",%progbits
  13 0000 789C6363 		.ascii	"x\234cc```\001bF\006IQ\000\000\277\000:"
  13      60606001 
  13      62460649 
  13      510000BF 
  13      003A
  14              		.text
  15              		.section	.gnu.lto_.icf.ab84ff1273f04849,"",%progbits
  16 0000 789C6363 		.ascii	"x\234cc``Pc@\0006\206\1773_\337gd\004\223L`\222\271"
  16      60605063 
  16      40003686 
  16      7F335FDF 
  16      67640493 
  17 0018 F7C899EB 		.ascii	"\367\310\231\353\034,o6\036\352\344d\275\370mc\017\037"
  17      1C2C6F36 
  17      1EEAE464 
  17      BDF86D63 
  17      0F1F
  18 002a 03008A45 		.ascii	"\003\000\212E\023g"
  18      1367
  19              		.text
  20              		.section	.gnu.lto_.jmpfuncs.ab84ff1273f04849,"",%progbits
  21 0000 789C6363 		.ascii	"x\234cc``\020d@\000V fd``b``f``\001r\000\003o\000'"
  21      60601064 
  21      40005620 
  21      66646060 
  21      62606066 
  22              		.text
  23              		.section	.gnu.lto_.inline.ab84ff1273f04849,"",%progbits
  24 0000 789C6363 		.ascii	"x\234cc``\210c@\000V\006\006f&F\006& \223m\201<\210"
  24      60608863 
  24      40005606 
  24      06662646 
  24      06262093 
  25 0018 6260C410 		.ascii	"b`\304\020a\302\020a\006\362 \",`\022H\211\374`\001"
  25      61C21061 
  25      06F22022 
  25      2C601248 
  25      89FC6001 
  26 002c 8A289DF8 		.ascii	"\212(\235\370\341\303\300\326\001Q\305\000\000\376\366"
  26      E1C3C0D6 
  26      0151C500 
  26      00FEF6
  27 003b 06DC     		.ascii	"\006\334"
  28              		.text
  29              		.section	.gnu.lto_.pureconst.ab84ff1273f04849,"",%progbits
ARM GAS  /tmp/cc3N3fdY.s 			page 2


  30 0000 789C6363 		.ascii	"x\234cc``\340\006bV\006\011F\011&\011f\023\026)\000"
  30      6060E006 
  30      62560609 
  30      46092609 
  30      66131629 
  31 0015 043700B7 		.ascii	"\0047\000\267"
  32              		.text
  33              		.section	.gnu.lto___cpu_init.ab84ff1273f04849,"",%progbits
  34 0000 789C6363 		.ascii	"x\234cc``\250\003\342( \226\006bFf\006F\246\011\347"
  34      6060A803 
  34      E2282096 
  34      06624666 
  34      0646A609 
  35 0015 18181A39 		.ascii	"\030\030\0329\230\030\031A\214\006\016F\206z&\306z\306"
  35      98181941 
  35      8C060E46 
  35      867A26C6 
  35      7AC6
  36 0027 1EE629CC 		.ascii	"\036\346)\314\214\207\332\237\355d\322\\\336\000\004"
  36      8C87DA9F 
  36      ED64D25C 
  36      DE0004
  37 0036 07A6EFE2 		.ascii	"\007\246\357\342jkh\225\230\303\314\3000\015\210A\200"
  37      6A6B6895 
  37      98C3CCC0 
  37      300D8841 
  37      80
  38 0047 7133A326 		.ascii	"q3\243&\003P\331\243\215\377\246\362\262\261@\304\031"
  38      0350D9A3 
  38      8DFFA6F2 
  38      B2B140C4 
  38      19
  39 0058 B730B231 		.ascii	"\2670\26210\002\031\353/\261\036h\370\367\277\275\341"
  39      300219EB 
  39      2FB11E68 
  39      F8F7BFBD 
  39      E1
  40 0069 C09F458C 		.ascii	"\300\237E\214\327\275\230\030\030:\200\362@K\032\016"
  40      D7BD9818 
  40      183A80F2 
  40      404B1A0E 
  41 0079 30743233 		.ascii	"0t23\201X\315\007\030\33616)\200\265\200@\0073#H\030"
  41      8158CD07 
  41      18DE3136 
  41      2980B580 
  41      40073323 
  42 008f A834423F 		.ascii	"\2504B?#?7U\277\2628C\337%\2658\273$\277@?9#3)3\277"
  42      233F3755 
  42      BFB23843 
  42      DF25B538 
  42      BB24BF40 
  43 00aa 58DF1944 		.ascii	"X\337\031D\373\007\307\033\031\352\031\002\221>P(9?"
  43      FB07C71B 
  43      19EA1902 
  43      913E5028 
  43      393F
  44 00bc 37373F4F 		.ascii	"77?O\277\270$\261\250\244\264@\3371\310\327\331\267"
ARM GAS  /tmp/cc3N3fdY.s 			page 3


  44      BFB824B1 
  44      A8A4B440 
  44      DF31C8D7 
  44      D9B7
  45 00ce 02245A90 		.ascii	"\002$Z\220\231\223ZT\254\357\356\354\254\237\\Tb\250"
  45      99935A54 
  45      ACEFEEEC 
  45      AC9F5C54 
  45      62A8
  46 00e0 97CC0000 		.ascii	"\227\314\000\000\035\032J\024"
  46      1D1A4A14 
  47              		.text
  48              		.section	.gnu.lto___early_init.ab84ff1273f04849,"",%progbits
  49 0000 789C6363 		.ascii	"x\234cc``\250\001\342( \226\006bFf\006F\246\011\347"
  49      6060A801 
  49      E2282096 
  49      06624666 
  49      0646A609 
  50 0015 18181A39 		.ascii	"\030\030\0329\230\030\031A\214\006\016F\206z&\306z\306"
  50      98181941 
  50      8C060E46 
  50      867A26C6 
  50      7AC6
  51 0027 1EE629CC 		.ascii	"\036\346)\314\214\207\332\237\355d\322\\\336\000\004"
  51      8C87DA9F 
  51      ED64D25C 
  51      DE0004
  52 0036 07A64FE0 		.ascii	"\007\246O\340nkh\225\230\303\314\3000\015\210A\200q"
  52      6E6B6895 
  52      98C3CCC0 
  52      300D8841 
  52      8071
  53 0048 33A32603 		.ascii	"3\243&\003P\331\243\215\377\246\362\262\261@\304\031"
  53      50D9A38D 
  53      FFA6F2B2 
  53      B140C419 
  54 0058 B730B231 		.ascii	"\2670\26210\002\031\353/\261\036h\370\367\277\275\341"
  54      300219EB 
  54      2FB11E68 
  54      F8F7BFBD 
  54      E1
  55 0069 C0196566 		.ascii	"\300\031ef&\006\206\016\240,\320\212\206\003\014\235"
  55      2606860E 
  55      A02CD08A 
  55      86030C9D 
  56 0079 402E90D5 		.ascii	"@.\220\325|\200\341\035c\223\002X\003\010t03\202\204"
  56      7C80E11D 
  56      63930258 
  56      03087430 
  56      338284
  57 008c 814A23F4 		.ascii	"\201J#\3643\362sS\365+\2133\364]R\213\263K\362\013\364"
  57      33F27353 
  57      F52B8B33 
  57      F45D528B 
  57      B34BF20B 
  58 00a1 93333293 		.ascii	"\22332\2232\363\213\365\235A\264\177p\274\221\241\236"
  58      32F38BF5 
ARM GAS  /tmp/cc3N3fdY.s 			page 4


  58      9D41B47F 
  58      70BC91A1 
  58      9E
  59 00b2 2110E903 		.ascii	"!\020\351\003\205\222\363ss\363\363\364\213K\022\213"
  59      8592F373 
  59      73F3F3F4 
  59      8B4B128B 
  60 00c2 4A4A0BF4 		.ascii	"JJ\013\364\035\203|\235}+@\242\005\2319\251E\305\372"
  60      1D837C9D 
  60      7D2B40A2 
  60      059939A9 
  60      45C5FA
  61 00d5 EECECEFA 		.ascii	"\356\316\316\372\311E%\206z\311\014\000\304\273H\033"
  61      C9452586 
  61      7AC90C00 
  61      C4BB481B 
  62              		.text
  63              		.section	.gnu.lto___late_init.ab84ff1273f04849,"",%progbits
  64 0000 789C6363 		.ascii	"x\234cc``\250\001\342( \226\006bFf\006F\246\011\347"
  64      6060A801 
  64      E2282096 
  64      06624666 
  64      0646A609 
  65 0015 18181A39 		.ascii	"\030\030\0329\230\030\031A\214\006\016F\206z&\306z\306"
  65      98181941 
  65      8C060E46 
  65      867A26C6 
  65      7AC6
  66 0027 1EE629CC 		.ascii	"\036\346)\314\214\207\332\237\355d\322\\\336\000\004"
  66      8C87DA9F 
  66      ED64D25C 
  66      DE0004
  67 0036 07A6EFE1 		.ascii	"\007\246\357\341nkh\225\230\303\314\3000\015\210A\200"
  67      6E6B6895 
  67      98C3CCC0 
  67      300D8841 
  67      80
  68 0047 7133A326 		.ascii	"q3\243&\003P\331\243\215\377\246\362\262\261@\304\031"
  68      0350D9A3 
  68      8DFFA6F2 
  68      B2B140C4 
  68      19
  69 0058 B730B231 		.ascii	"\2670\26210\002\031\353/\261\036h\370\367\277\275\341"
  69      300219EB 
  69      2FB11E68 
  69      F8F7BFBD 
  69      E1
  70 0069 C0116566 		.ascii	"\300\021ef&\006\206\016\240,\320\212\206\003\014\235"
  70      2606860E 
  70      A02CD08A 
  70      86030C9D 
  71 0079 402E90D5 		.ascii	"@.\220\325|\200\341\035c\223\002X\003\010t03\202\204"
  71      7C80E11D 
  71      63930258 
  71      03087430 
  71      338284
  72 008c 814A23F4 		.ascii	"\201J#\3643\362sS\365+\2133\364]R\213\263K\362\013\364"
ARM GAS  /tmp/cc3N3fdY.s 			page 5


  72      33F27353 
  72      F52B8B33 
  72      F45D528B 
  72      B34BF20B 
  73 00a1 93333293 		.ascii	"\22332\2232\363\213\365\235A\264\177p\274\221\241\236"
  73      32F38BF5 
  73      9D41B47F 
  73      70BC91A1 
  73      9E
  74 00b2 2110E903 		.ascii	"!\020\351\003\205\222\363ss\363\363\364\213K\022\213"
  74      8592F373 
  74      73F3F3F4 
  74      8B4B128B 
  75 00c2 4A4A0BF4 		.ascii	"JJ\013\364\035\203|\235}+@\242\005\2319\251E\305\372"
  75      1D837C9D 
  75      7D2B40A2 
  75      059939A9 
  75      45C5FA
  76 00d5 EECECEFA 		.ascii	"\356\316\316\372\311E%\206z\311\014\000\342\033H?"
  76      C9452586 
  76      7AC90C00 
  76      E21B483F 
  77              		.text
  78              		.section	.gnu.lto___default_exit.ab84ff1273f04849,"",%progbits
  79 0000 789C6363 		.ascii	"x\234cc``\250\005\342( 6\007bFV\006F\246\011\347\030"
  79      6060A805 
  79      E2282036 
  79      07624656 
  79      0646A609 
  80 0016 181A3998 		.ascii	"\030\0329\230\030\231!\014fF\026\010\203\005\"\342\310"
  80      1899210C 
  80      66461608 
  80      830522E2 
  80      C8
  81 0027 C850CFC4 		.ascii	"\310P\317\304\314\302\010$\030\240\240\207y\0123\343"
  81      CCC20824 
  81      18A0A087 
  81      790A33E3 
  82 0037 A1F6673B 		.ascii	"\241\366g;\2314\2277\000\301\201\351\337\270\333\032"
  82      99349737 
  82      00C181E9 
  82      DFB8DB1A 
  83 0047 5A25E600 		.ascii	"Z%\346\000UL\203\252b\334\314\250\311\000T\366h\343"
  83      554C83AA 
  83      62DCCCA8 
  83      C90054F6 
  83      68E3
  84 0059 BFA9BC6C 		.ascii	"\277\251\274l,\020q\306-\214l\014\214@\306\372K\254"
  84      2C1071C6 
  84      2D8C6C0C 
  84      8C40C6FA 
  84      4BAC
  85 006b 071AFEFD 		.ascii	"\007\032\376\375oo8pg1\343D?\240P\007P\236\261\341\000"
  85      6F6F3870 
  85      6731E344 
  85      3FA05007 
  85      509EB1E1 
ARM GAS  /tmp/cc3N3fdY.s 			page 6


  86 0080 90666260 		.ascii	"\220fb`l\004\321\314\014@\353\233A,\026\020\213\261"
  86      6C04D1CC 
  86      0C40EB9B 
  86      412C1610 
  86      8BB1
  87 0092 8399116C 		.ascii	"\203\231\021lr\204~F~n\252~eq\206\276KjqvI~\201~rFf"
  87      72847E46 
  87      7E6EAA7E 
  87      657186BE 
  87      4B6A7176 
  88 00ad 52667EB1 		.ascii	"Rf~\261\2763\210\366\017\21672\3243\004\"}\240Pr~nn"
  88      BE3388F6 
  88      0F8E3732 
  88      D4330422 
  88      7DA05072 
  89 00c4 7E9E7E71 		.ascii	"~\236~qIbQIi\201\276c\220\257\263o\005H\264 3'\265\250"
  89      49625149 
  89      6981BE63 
  89      90AFB36F 
  89      0548B420 
  90 00dc 58DFDDD9 		.ascii	"X\337\335\331Y?\271\250\304P/\231\001\000n\255Lc"
  90      593FB9A8 
  90      C4502F99 
  90      01006EAD 
  90      4C63
  91              		.text
  92              		.section	.gnu.lto___init_ram_areas.ab84ff1273f04849,"",%progbits
  93 0000 789C9555 		.ascii	"x\234\225UKL\\e\024\376\317\375\357k\356<:\001\026."
  93      4B4C5C65 
  93      14FECFFD 
  93      EF6BEE3C 
  93      3A01162E 
  94 0014 9A860D8B 		.ascii	"\232\206\015\213nz3.M4i0\321Mc\242\033\023\027\025G"
  94      6E7A332E 
  94      4D346930 
  94      D14D63A2 
  94      1B131715 
  95 0029 1288E24C 		.ascii	"\022\210\342L\030Lt\343\334\362h\241\325\244\032\373"
  95      184C74E3 
  95      DCF268A1 
  95      D5A41AFB 
  96 0039 C8644AC7 		.ascii	"\310dJ\307\266Im\242\242\001\265\014\257;\003R\212@"
  96      B6496DA2 
  96      A201B50C 
  96      AF3B0352 
  96      8A40
  97 004b CB584943 		.ascii	"\313XICXU\241\026EmlH\012\014x\316\377\337\261S\320"
  97      5855A116 
  97      456D6C48 
  97      0A0C78CE 
  97      FFDFB153 
  98 0060 AA9399FF 		.ascii	"\252\223\231\377\371\235\327w\316\177Fg\214\235\325"
  98      F99DD777 
  98      CE7F4667 
  98      8C9DD5
  99 006f 198BE2FC 		.ascii	"\031\213\342\374\011\376 \310@9>\303\330!S\001.\027"
  99      09FE20C8 
ARM GAS  /tmp/cc3N3fdY.s 			page 7


  99      40393EC3 
  99      D8215301 
  99      2E17
 100 0081 1C34B950 		.ascii	"\0344\271P\345\"gj\212\332\227g\314\261\374\013~\346"
 100      E522676A 
 100      8ADA9767 
 100      CCB1FC0B 
 100      7EE6
 101 0093 04FC60D2 		.ascii	"\004\374`\3229\030r\316\231\246b\310{\237\270\367)\201"
 101      391872CE 
 101      99A662C8 
 101      7B9FB8F7 
 101      2981
 102 00a5 CFC6686B 		.ascii	"\317\306hk\335\362\3416 \025\357\267\000hvL`I\205\253"
 102      DDF2E136 
 102      2015EFB7 
 102      0068764C 
 102      604985AB 
 103 00b9 9ADF307D 		.ascii	"\232\3370}\001\013\222*g\340\252\250\355\257\001\035"
 103      010B922A 
 103      67E0AAA8 
 103      EDAF011D 
 104 00c9 631AF33E 		.ascii	"c\032\363>fi\361.\377\220C\376\310R\277\262\367\242"
 104      6669F12E 
 104      FF9043FE 
 104      C852BFB2 
 104      F7A2
 105 00db 831FF7D4 		.ascii	"\203\037\367\324\345]\207\235\216\307\322\234\261\223"
 105      E55D879D 
 105      8EC7D29C 
 105      B193
 106 00e9 5C62A017 		.ascii	"\\b\240\027\3662\204\315\266\177\236\346\307x\232\003"
 106      F63284CD 
 106      B67F9EE6 
 106      C7789A03 
 107 00f9 A8B8BD3B 		.ascii	"\250\270\275;\235\372!D[\005\252q\333~\366\343\036\225"
 107      9DFA2144 
 107      5B05AA71 
 107      DB7EF6E3 
 107      1E95
 108 010b BF0484FC 		.ascii	"\277\004\204\374\255s\361\307P\315y\307iu\334\325\241"
 108      AD73F1C7 
 108      50CD79C7 
 108      6975DCD5 
 108      A1
 109 011c AAF36DCE 		.ascii	"\252\363m\316\204\243\2469\207\257\200\243V\370\022"
 109      84A3A639 
 109      87AF80A3 
 109      56F812
 110 012b 76431FEC 		.ascii	"vC\037\354\026\332\021~\353\213\315\023A]\205\257\241"
 110      16DA117E 
 110      EB8BCD13 
 110      415D85AF 
 110      A1
 111 013c 461A85CB 		.ascii	"F\032\205\313\240\003^L\271]=\026?(t\256\237\352_T="
 111      A0035E4C 
 111      B95D3D16 
ARM GAS  /tmp/cc3N3fdY.s 			page 8


 111      3F2874AE 
 111      9FEA5F54 
 112 0151 9D73C37B 		.ascii	"\235s\303{>\362t\252\320\377\267:\307\0267\012~^'D\177"
 112      3EF274AA 
 112      D0FFB73A 
 112      C716370A 
 112      7E5E2744 
 113 0166 EE9CB868 		.ascii	"\356\234\270hz\242\223O\245\034\267\275\232\004\007"
 113      7AA2934F 
 113      A51CB7BD 
 113      9A0407
 114 0175 1EE9CC20 		.ascii	"\036\351\314 \324@\026\035\"_\320\243!\364\2101N>\226"
 114      D440161D 
 114      225FD0A3 
 114      21F48831 
 114      4E3E96
 115 0188 AE7A0A9A 		.ascii	"\256z\012\232\353ln\035q\334\245'\207\372\306\253\252"
 115      EB6C6E1D 
 115      71DCA527 
 115      87FAC6AB 
 115      AA
 116 0199 80A5B9A6 		.ascii	"\200\245\271\246\340\200\354\343\2402Bk\214\360:#\011"
 116      E080ECE3 
 116      A032426B 
 116      8CF03A23 
 116      09
 117 01aa 438C0171 		.ascii	"C\214\001q\022\024\353\220\300\204\305\272B\214\225"
 117      1214EB90 
 117      C084C5BA 
 117      428C95
 118 01b9 E296B14E 		.ascii	"\342\226\261N$b\020\034\227uq\005\027m.[\202\326\314"
 118      2462101C 
 118      97757105 
 118      176D2E5B 
 118      82D6CC
 119 01cc 7AF71382 		.ascii	"z\367\023\202\034\024B_Ov\344\257\031\224\002]\304\331"
 119      1C14425F 
 119      4F76E4AF 
 119      1994025D 
 119      C4D9
 120 01de B636F247 		.ascii	"\2666\362G(Yt0{z\206\313p\356\317\256t\3723\320}(\234"
 120      28597430 
 120      7B7A86CB 
 120      70EECFAE 
 120      74FA33D0 
 121 01f5 E6068C40 		.ascii	"\346\006\214@\022\206)VB_\350\355\000D\237v\234\314"
 121      12862956 
 121      425FE8ED 
 121      00449F76 
 121      9CCC
 122 0207 398574B8 		.ascii	"9\205t\270\220\301\030!\007I\224\355\342\234-\370\205"
 122      90C11821 
 122      074994ED 
 122      E29C2DF8 
 122      85
 123 0218 59453899 		.ascii	"YE8\231\342*[\206\326\354\235;\267\015\242#\305\003"
 123      E22A5B86 
ARM GAS  /tmp/cc3N3fdY.s 			page 9


 123      D6EC9D3B 
 123      B70DA223 
 123      C503
 124 022a E52E70E1 		.ascii	"\345.p\341\302`~z\\'sXK\231a\"\304D9\310{6\357\036\373"
 124      C2607E7A 
 124      5C277358 
 124      4B996122 
 124      C44439C8 
 125 0243 E026D89F 		.ascii	"\340&\330\237:\307\035\007S\340\203Q\264xB\224\031\214"
 125      3AC71D07 
 125      53E08351 
 125      B4784294 
 125      198C
 126 0255 812D227C 		.ascii	"\201-\"|GP=H\366\002\302\336\245e\317\\p\273\376\354"
 126      47503D48 
 126      F602C2DE 
 126      A565CF5C 
 126      70BBFEEC 
 127 0269 BFEAFF46 		.ascii	"\277\352\377F\350\007\322?\376\220\376,\351\0172\266"
 127      E807D23F 
 127      FE90FE2C 
 127      E90F32B6 
 128 0279 2A4AB944 		.ascii	"*J\271D\034Q\261\336\375l\211>\270\002I\245\020J\361"
 128      1C51B1DE 
 128      FD6C893E 
 128      B80249A5 
 128      104AF1
 129 028c 5020752E 		.ascii	"P u.\017H\211\312\360M\"'\350\327\306\321\225b\\:\006"
 129      0F4889CA 
 129      F04D2227 
 129      E8D7C6D1 
 129      95625C3A 
 130 02a1 E53CA83B 		.ascii	"\345<\250;x@O\254\024\327`\202\234\204\253D2\312\337"
 130      78404FAC 
 130      14D76082 
 130      9C84AB44 
 130      32CADF
 131 02b4 387A8993 		.ascii	"8z\211\223\370\366\240\366\010\264\356\241'\021\215"
 131      F8F6A0F6 
 131      08B4EEA1 
 131      27118D
 132 02c3 0650A02D 		.ascii	"\006P\240-}\270X|Y\032\254 \000\325,\006T\375 \236\012"
 132      7DB8587C 
 132      591AAC20 
 132      00D52C06 
 132      54FD209E 
 133 02d8 097B6FEB 		.ascii	"\011{o\353U\011\253$\253\017\301\004\255\225\"\273\032"
 133      5509AB24 
 133      AB0FC104 
 133      AD9522BB 
 133      1A
 134 02e9 C3C6514A 		.ascii	"\303\306QJ\257\020\327\345Z`4\231\352\225\333\226T\245"
 134      AF10D7E5 
 134      5A603499 
 134      EA95DB96 
 134      54A5
 135 02fb EC8CE991 		.ascii	"\354\214\351\221\304\177+\210W\210\304)$~\021\332o\216"
ARM GAS  /tmp/cc3N3fdY.s 			page 10


 135      C47F2B88 
 135      5788C429 
 135      247E11DA 
 135      6F8E
 136 030d 2E80A78B 		.ascii	".\200\247\213L1\342^\303\034\363\354\332}\014\261RM"
 136      4C31E25E 
 136      C31CF3EC 
 136      DA7D0CB1 
 136      524D
 137 031f 6D5E8555 		.ascii	"m^\205U\221g>/\216*\324\265\365\034\340C\360c!B\027"
 137      91673E2F 
 137      8E2AD4B5 
 137      F51CE043 
 137      F0632142 
 138 0334 371E907F 		.ascii	"7\036\220\177\357\247\342\025\375\237\3313<\366\246"
 138      EFA7E215 
 138      FD9FD933 
 138      3CF6A6
 139 0343 D18BF2DC 		.ascii	"\321\213\362\334X\300`\006o\004M+[\036\233a\022\330"
 139      58C06006 
 139      6F044D2B 
 139      5B1E9B61 
 139      12D8
 140 0355 C96658D0 		.ascii	"\311fX\320d\356\240\311\220\324l\224\250\341\377\223"
 140      64EEA0C9 
 140      90D46C94 
 140      A8E1FF93 
 141 0365 9A6B821A 		.ascii	"\232k\202\032Q_\327\267S\303I\275\240\306@\222\374\014"
 141      515FD7B7 
 141      53C349BD 
 141      A0C64092 
 141      FC0C
 142 0377 BD30E6B7 		.ascii	"\2750\346\267rTz>\371\032\205\353\035\357{x\254M\252"
 142      72547A3E 
 142      F91A85EB 
 142      1DEF7B78 
 142      AC4DAA
 143 038a DFC2EF53 		.ascii	"\337\302\357Sg\374\2623\207a\266<\022\361nCddftnB\247"
 143      67FCB233 
 143      8761B63C 
 143      12F16E43 
 143      64646674 
 144 03a1 DE817B14 		.ascii	"\336\201{\024I\015\334\233\324H\004\377x\376S\353\370"
 144      490DDC9B 
 144      D44804FF 
 144      78FE53EB 
 144      F8
 145 03b2 AEAC758C 		.ascii	"\256\254u\214\314\017\237V#=\024Rf\0310^\270\201AAA"
 145      CC0F9F56 
 145      233D1452 
 145      6619305E 
 145      B8814141 
 146 03c7 7651044C 		.ascii	"vQ\004L\237\371eN/\365\026\240\346\360=D0\3409\321Z"
 146      9FF9654E 
 146      2FF516A0 
 146      E6F03D44 
 146      30E039D1 
ARM GAS  /tmp/cc3N3fdY.s 			page 11


 147 03dc A8B90558 		.ascii	"\250\271\005X\306\302\234Zl\200Z\333\257\3700{/\200"
 147      C6C29C5A 
 147      6C805ADB 
 147      AFF8307B 
 147      2F80
 148 03ee ECB5E21E 		.ascii	"\354\265\342\036\360\002\313\347E\273!\326To\277\235"
 148      F002CBE7 
 148      45BB21D6 
 148      546FBF9D 
 149 03fe 68B09FAE 		.ascii	"h\260\237\256O\274\326\022\213\333\321\206\306W\032"
 149      4FBCD612 
 149      8BDBD186 
 149      C6571A
 150 040d 6309BB96 		.ascii	"c\011\273\226\346\347^8\370xd_\004\2776\036EcMM\261"
 150      E6E75E38 
 150      F878645F 
 150      04BF361E 
 150      45634D4D 
 151 0422 37EC444B 		.ascii	"7\354DK]s\313\233q{\377\363\007j\017\274E\247\361\306"
 151      5D73CB9B 
 151      717BFFF3 
 151      076A0FBC 
 151      45A7F1C6 
 152 0436 D7EB9B13 		.ascii	"\327\353\233\023\3663\265\265v\264\271%\262/\312xs]"
 152      F633B5B5 
 152      76B4B925 
 152      B22FCA78 
 152      735D
 153 0448 1CE24A4B 		.ascii	"\034\342JK\374O\234\016M\360"
 153      FC4F9C0E 
 153      4DF0
 154              		.text
 155              		.section	.gnu.lto_ram_areas.ab84ff1273f04849,"",%progbits
 156 0000 789C75D1 		.ascii	"x\234u\321\337KSa\030\007\360\367\331\3536+\323\262"
 156      DF4B5361 
 156      1807F0F7 
 156      D9EB362B 
 156      D3B2
 157 0012 DFB5F23F 		.ascii	"\337\265\362?\360e^\355RY\020]H`7\321M\324\030l\344"
 157      F0655EED 
 157      5259105D 
 157      486037D1 
 157      4DD4186C 
 158 0027 3A636782 		.ascii	":cg\202v\263s\241 \011y\223W\356bP\320ED\202\251m\375"
 158      76B373A1 
 158      20097993 
 158      57EE6250 
 158      D0454482 
 159 003e 9859AB2C 		.ascii	"\230Y\253,\265\254\264\037\366CA\274)\272\210b`\206"
 159      B5ACB41F 
 159      F64341BC 
 159      29BA8862 
 159      6086
 160 0050 BD67DF73 		.ascii	"\275g\337s\021g<\207\303\371\302\363\274|\371\360\036"
 160      11673C87 
 160      C3F9C2F3 
 160      BC7CF9F0 
ARM GAS  /tmp/cc3N3fdY.s 			page 12


 160      1E
 161 0061 9F10E2B8 		.ascii	"\237\020\342\270W\210\323\002\317\025I\371\374\367%"
 161      5788D302 
 161      CF1549F9 
 161      FCF725
 162 0070 7FE6AFD5 		.ascii	"\177\346\257\325oY\313\003?\344\305\254\0249Y\265\312"
 162      6F59CB03 
 162      3FE4C5AC 
 162      143959B5 
 162      CA
 163 0081 AD792A0B 		.ascii	"\255y*\013\252^Pe\341\251Z4V\346\2622\377\275\266Z\254"
 163      AA5E5065 
 163      E1A95A34 
 163      56E6B232 
 163      FFBDB65A 
 164 0096 0D8D5BFD 		.ascii	"\015\215[\3759\2535+iH\012\032\247\314\220$\032\263"
 164      39AB352B 
 164      69480A1A 
 164      A7CC9024 
 164      1AB3
 165 00a8 C343B7ED 		.ascii	"\303C\267\355\2204J\031\373\370\257K}e9 \263z\341w\265"
 165      90344A19 
 165      FBF8AF4B 
 165      7D653920 
 165      B37AE177 
 166 00bd DE1A84B0 		.ascii	"\336\032\204\260\206\023z9\241\217\021\3729\341=\010"
 166      86137A39 
 166      A18F11FA 
 166      39E13D08 
 167 00cd EF425880 		.ascii	"\357BX\2000\017\341\352\237\233\205z\010}\256\326\253"
 167      300FE1EA 
 167      9F9B857A 
 167      087DAED6 
 167      AB
 168 00de 8EB09613 		.ascii	"\216\260\226\023n\341\204[\031\3416N8\005\341C\010'"
 168      6EE1845B 
 168      19E1364E 
 168      3805E143 
 168      0827
 169 00f0 212C4238 		.ascii	"!,B8}\255\260Q\007\241\327\325Z\276\014a\035'\334\316"
 169      7DADB051 
 169      07A1D7D5 
 169      5ABE0C61 
 169      1D27DCCE 
 170 0104 09EB1961 		.ascii	"\011\353\031a\003'|\006\341S\010\237@X\202p\276w$\353"
 170      03277C06 
 170      E153089F 
 170      40588270 
 170      BE7724EB 
 171 0118 FCE51A57 		.ascii	"\374\345\032W\3537G\270\203\023\356\344\204\215\214"
 171      EB3747B8 
 171      8313EEE4 
 171      848D8C
 172 0127 7017279C 		.ascii	"p\027'\234\203p\026\302\031\010_@8\365s\344\272s\207"
 172      837016C2 
 172      19085F40 
 172      38F573E4 
ARM GAS  /tmp/cc3N3fdY.s 			page 13


 172      BA7387
 173 013a D2D55A74 		.ascii	"\322\325Zt\204\2739\341\036N\270\227\021\356\343\204"
 173      84BB39E1 
 173      1E4EB897 
 173      11EEE384 
 174 014a 6F217C03 		.ascii	"o!|\003\341k\010\347!,m\226'\033 \364\270ZG\035\341"
 174      E16B08E7 
 174      212C6D96 
 174      271B20F4 
 174      B85A471D 
 175 015f 7E4E7880 		.ascii	"~Nx\200\023\036d\204\2078\341G\010?@\370\036\302w\020"
 175      131E6484 
 175      8738E147 
 175      083F40F8 
 175      1EC27710 
 176 0173 FE5F73C3 		.ascii	"\376_s\303!\0058\322a\216t\204!5q\244\257 }\001\351"
 176      210538D2 
 176      618E7484 
 176      213571A4 
 176      AF207D01 
 177 0188 33489F40 		.ascii	"3H\237@\352\035.\255\373q\334\322W')\030\240e\012QK"
 177      EA1D2EAD 
 177      FB71DCD2 
 177      57272918 
 177      A0650A51 
 178 019d 8096742C 		.ascii	"\200\226t,R\200\026t\276\322\371R\347s\235\323:\037"
 178      52801674 
 178      BED2F952 
 178      E7739DD3 
 178      3A1F
 179 01af EB7CA4F3 		.ascii	"\353|\244\363\201\316\373:\357\350\234\240\220\240\025"
 179      81CEFB3A 
 179      EFE89CA0 
 179      90A015
 180 01be FD39A562 		.ascii	"\3759\245bF\"\252z\314\230:\0325\317\247\215\244\212"
 180      4622AA7A 
 180      CC983A1A 
 180      35CFA78D 
 180      A48A
 181 01d0 C4E2E7E2 		.ascii	"\304\342\347\342\206\251\302v\2368y\246%\330\034\324"
 181      86A9C276 
 181      9E3879A6 
 181      25D81CD4 
 182 01e0 AFD2A388 		.ascii	"\257\322\243\210\221H\030\027\224\231>\233Jw%U[G{\270"
 182      91481817 
 182      94993E9B 
 182      4A772555 
 182      5B477BB8 
 183 01f4 BDDB9E26 		.ascii	"\275\333\236&\343\235\321\224\251\216\205\303*\222J"
 183      E39DD194 
 183      A98E85C3 
 183      2A924A
 184 0203 079B23E2 		.ascii	"\007\233#\342\037\227\205\030q"
 184      1F978518 
 184      71
 185              		.text
 186              		.section	.gnu.lto_.symbol_nodes.ab84ff1273f04849,"",%progbits
ARM GAS  /tmp/cc3N3fdY.s 			page 14


 187 0000 789C55CD 		.ascii	"x\234U\315\311Q\002a\024E\341\323\023\203\0108 \212"
 187      C9510261 
 187      1445E1D3 
 187      13830838 
 187      208A
 188 0012 20829910 		.ascii	" \202\231\020\214q\374\035\002\361\270cp\000\264\001"
 188      8C71FC1D 
 188      02F1B863 
 188      7000B401 
 189 0022 41440541 		.ascii	"AD\005A\004\343\260\373n\250\336\274\257\352\324\255"
 189      04E3B0FB 
 189      6EA8DEBC 
 189      AFEAD4AD 
 190 0032 7A09E0D6 		.ascii	"z\011\340\326\012\217\335\306@3 \342\316o\204\245\203"
 190      0A8FDDC6 
 190      403320E2 
 190      CE6F84A5 
 190      83
 191 0043 B1E2A58B 		.ascii	"\261\342\245\213\261\343\345\036\343\354K=,\017\030"
 191      B1E3E51E 
 191      E3EC4B3D 
 191      2C0F18
 192 0052 37B6F15A 		.ascii	"7\266\361Z\340\337\200\343=b\325\302W\336\023\266\354"
 192      E0DF80E3 
 192      3D62D5C2 
 192      57DE13B6 
 192      EC
 193 0063 E1C83EAE 		.ascii	"\341\310>\256\034\340\311g\022\362\205\244\014H\311"
 193      1CE0C967 
 193      12F285A4 
 193      0C48C9
 194 0072 216939E2 		.ascii	"!i9\342@\216\311\310W\016\345\204\254\234\222\223o\344"
 194      408EC9C8 
 194      570EE584 
 194      AC9C9293 
 194      6FE4
 195 0084 E58C23F9 		.ascii	"\345\214#\371\316\261\234s\"?8\225\237\024\344\027g"
 195      CEB19C73 
 195      223F3895 
 195      9F14E417 
 195      67
 196 0095 7241512E 		.ascii	"rAQ.9\227\337\\\310\025%\271\346R\376P\226\033*\362"
 196      3997DF5C 
 196      C81525B9 
 196      E652FE50 
 196      961B2AF2 
 197 00a9 972BB9A5 		.ascii	"\227+\271\245*w\\\313?j\221\374\003\244\033:S"
 197      2A775CCB 
 197      3F6A91FC 
 197      03A41B3A 
 197      53
 198              		.text
 199              		.section	.gnu.lto_.refs.ab84ff1273f04849,"",%progbits
 200 0000 789C0DC3 		.ascii	"x\234\015\303\007\016\202@\000\000\260K\3031\004\007"
 200      070E8240 
 200      0000B04B 
 200      C3310407 
ARM GAS  /tmp/cc3N3fdY.s 			page 15


 201 0010 20C301A2 		.ascii	" \303\001\242\340k\374\377\177\244I\323\020\302o/\021"
 201      E06BFCFF 
 201      7FA449D3 
 201      10C26F2F 
 201      11
 202 0021 89D312A5 		.ascii	"\211\323\022\2452\271\302A\251rtrvQk\264\256:\275\301"
 202      32B9C241 
 202      A9727472 
 202      76516BB4 
 202      AE3ABDC1 
 203 0035 E8E6EEE1 		.ascii	"\350\346\356\341i2{Y\274}\2546\337\360\007|\323\003"
 203      69327B59 
 203      BC7DAC36 
 203      DFF0077C 
 203      D303
 204 0047 9A       		.ascii	"\232"
 205              		.text
 206              		.section	.gnu.lto_.decls.ab84ff1273f04849,"",%progbits
 207 0000 789CB596 		.ascii	"x\234\265\226iPT\331\025\307\337\355\333@\3234K\241"
 207      695054D9 
 207      15C7DFED 
 207      DB40D334 
 207      4BA1
 208 0012 3545A598 		.ascii	"5E\245\230\204XL\264R\216-\270}JjR\246j\346\313$UI\245"
 208      84584CB4 
 208      528E2DB8 
 208      7D4A6A52 
 208      A66AE6CB 
 209 002a 92CA87F4 		.ascii	"\222\312\207\3640\330)\251A\260\240\311h\345\313SDD"
 209      30D829A9 
 209      41B0A0C9 
 209      68E5CB53 
 209      4444
 210 003c 41595456 		.ascii	"AYTV\005d\023D\020G\\@\220EP\020P\324\001A6\005\\\001"
 210      05641344 
 210      10475C40 
 210      90455010 
 210      50D40141 
 211 0054 11916550 		.ascii	"\021\221eP\310\271\347\276^/$\237\362\252\377\375\336"
 211      C8B9E7BE 
 211      5E2F249F 
 211      F2AAFFFD 
 211      DE
 212 0065 BDEF9CDF 		.ascii	"\275\357\234\3379\367\334\363^=gI\222\262\274$\251\206"
 212      39F7DCF3 
 212      5E3D6749 
 212      92B2BC24 
 212      A986
 213 0077 4AD20195 		.ascii	"J\322\001\225$-\301\341\002s\365\222\365p\002\325\200"
 213      242DC1E1 
 213      0273F592 
 213      F57002D5 
 213      80
 214 0088 EA408DA0 		.ascii	"\352@\215\240\333\240V\320/A\023\240I\320\024h\0324"
 214      DBA056D0 
 214      2F4113A0 
 214      49D01468 
ARM GAS  /tmp/cc3N3fdY.s 			page 16


 214      1A34
 215 009a 039A03FD 		.ascii	"\003\232\003\375\004\372\000Zd\000\"I*\220\032\344\014"
 215      04FA005A 
 215      64002249 
 215      2A901AE4 
 215      0C
 216 00ab D280B420 		.ascii	"\322\200\264 \035\310\003\344\005\362\006\255\006}\002"
 216      1DC803E4 
 216      05F206AD 
 216      067D02
 217 00ba F201FD0C 		.ascii	"\362\001\375\014\344\013\3729\310\017\264\006\344\017"
 217      E40BFA39 
 217      C80FB406 
 217      E40F
 218 00c8 FA15681D 		.ascii	"\372\025h\035\350\327\240\365\240\015D\262;\376M0\234"
 218      E8D7A0F5 
 218      A00D44B2 
 218      3BFE4D30 
 218      9C
 219 00d9 F48D3226 		.ascii	"\364\2152&J\356\216\307\276e\354\352\226\261\213]\306"
 219      4AEE8EC7 
 219      BE65ECEA 
 219      96B18B5D 
 219      C6
 220 00ea AE7119BB 		.ascii	"\256q\031\273\244e\354n/cw\202\255[\261\363\006\255"
 220      A465EC6E 
 220      2F637782 
 220      AD5BB1F3 
 220      06AD
 221 00fc 06E961AE 		.ascii	"\006\351a\256\017\316kA\033\341z\034\316c\240\000\270"
 221      0FCE6B41 
 221      1BE17A1C 
 221      CE63A000 
 221      B8
 222 010d EE85F3DF 		.ascii	"\356\205\363\337Aj\320(h\030\364\0244\242\304hU\316"
 222      416AD028 
 222      6818F414 
 222      34A2C468 
 222      55CE
 223 011f 130E71FA 		.ascii	"\023\016q\372\011\367\351SX,\316\370\012\034v\370I\274"
 223      09F7E953 
 223      582CCEF8 
 223      0A1C76F8 
 223      49BC
 224 0131 96EB95DA 		.ascii	"\226\353\225\332\256Sj\355\257\324\336O\331\013_eo|"
 224      AE536AED 
 224      AFD4DE4F 
 224      D90B5F65 
 224      6F7C
 225 0143 94BD5AAD 		.ascii	"\224\275Z\255\354\235\227\262\227:eo5\312^\253\225\275"
 225      EC9D97B2 
 225      973A656F 
 225      35CA5EAB 
 225      95BD
 226 0155 6749B25E 		.ascii	"gI\262^`=\301z\203\365\010\353\025\3263\254w&\035\362"
 226      603DC17A 
 226      83F508EB 
ARM GAS  /tmp/cc3N3fdY.s 			page 17


 226      15D633AC 
 226      77261DF2 
 227 0169 3F4E4955 		.ascii	"?NIU}\315\015\267A\322O\240-\211\027\257*\341\377pf"
 227      7DCD0DB7 
 227      41D24FA0 
 227      2D8917AF 
 227      2AE1FF70 
 228 017e C2F192F9 		.ascii	"\302\361\222\371 |\036fU\374\244\230\262\201\331\205"
 228      207C1E66 
 228      55FCA498 
 228      B281D985 
 229 018e 5866540A 		.ascii	"XfT\012Ce\346\342O\001\020[*\277\317\303\231\017\276"
 229      4365E6E2 
 229      4F01105B 
 229      2ABFCFC3 
 229      990FBE
 230 01a1 207E61E3 		.ascii	" ~a\343\307\247T\326`6.B\256\222\345\266%)\353\"\211"
 230      C7A754D6 
 230      60362E42 
 230      AE92E5B6 
 230      2529EB22 
 231 01b6 5284A2AC 		.ascii	"R\204\242\254t\247!2\0007\241\013\0225a\204Mf\037\311"
 231      74A72132 
 231      0037A10B 
 231      12356184 
 231      4D661FC9 
 232 01ca 88D55015 		.ascii	"\210\325P\025^\267\367\215\227:Qw\274\276\220\365\241"
 232      5EB7F78D 
 232      973A5177 
 232      BCBE90F5 
 232      A1
 233 01db 53A35649 		.ascii	"S\243VI\3442\241\334\275\240i\246\200Po~\267#\257\305"
 233      E432A1DC 
 233      BDA069A6 
 233      80506F7E 
 233      B723AFC5 
 234 01ef 7943A9CC 		.ascii	"yC\251\314\017M/\225\310U\264C\313\246\245\331:\317"
 234      0F4D2F95 
 234      C855B443 
 234      CBA6A5D9 
 234      3ACF
 235 0201 2394786B 		.ascii	"#\224xk\211\012\206\367'\333N\271\301p\265\226x\301"
 235      890A86F7 
 235      27DB4EB9 
 235      C170B596 
 235      78C1
 236 0213 B0347EE9 		.ascii	"\2604~\351\270\223\317I\346\230\030-{\251\3107\237\220"
 236      B893CF49 
 236      E698182D 
 236      7BA9C837 
 236      9F90
 237 0225 6AE24BAA 		.ascii	"j\342K\252\210/\344z\235\370\300\177\230\232\223.\366"
 237      882FE47A 
 237      9DF8C07F 
 237      989A932E 
 237      F6
 238 0236 BC7AA95B 		.ascii	"\274z\251[\223#\347\324\311u\203\2477\027\267\035\224"
ARM GAS  /tmp/cc3N3fdY.s 			page 18


 238      9323E7D4 
 238      C97583A7 
 238      3717B71D 
 238      94
 239 0247 EFE5C8F2 		.ascii	"\357\345\310\362\027hG*\011%\327\310\006\260\277B\324"
 239      1768472A 
 239      0925D7C8 
 239      06B0BF42 
 239      D4
 240 0258 6C045797 		.ascii	"l\004W\227\310\020!?\220AXe\015Y\003\210\267\343\307"
 240      C810213F 
 240      90415865 
 240      0D590388 
 240      B7E3C7
 241 026b 3A3C691B 		.ascii	":<i\033YaU1\037_\347k\224\010\015\3533\344\272\375\373"
 241      59615531 
 241      1F5FE76B 
 241      94080DEB 
 241      33E4BAFD 
 242 0280 645985F8 		.ascii	"dY\205\370Z\013\376\006\340k\035\361u\210\177\363pr"
 242      5A0BFE06 
 242      E06B1DF1 
 242      75887FF3 
 242      7072
 243 0292 80D29E95 		.ascii	"\200\322\236\225\360\215\203\371\013\036\012~\352s;"
 243      F08D83F9 
 243      0B1E0A7E 
 243      EA733B
 244 02a1 7CBD05DF 		.ascii	"|\275\005\337\000\370zG|#\342\213{\3367\270\321Q\216"
 244      00F87A47 
 244      7C23E28B 
 244      7BDE37B8 
 244      D1518E
 245 02b4 CF6E799A 		.ascii	"\317ny\232\253\243\323|\360\362\305\303\307\236,V\223"
 245      ABA3D37C 
 245      F0F2C5C3 
 245      C79E2C56 
 245      93
 246 02c5 39D6705C 		.ascii	"9\326p\\\347uWst\322L\324l\262&\366\374\234\013K\240"
 246      E7755773 
 246      74D24CD4 
 246      6CB226F6 
 246      FC9C0B4B 
 247 02da 5EAEEBD5 		.ascii	"^\256\353\325\333%p\323\222\300-H\340\246c\002\2671"
 247      DB2570D3 
 247      92C02D48 
 247      E0A66302 
 247      B731
 248 02ec 817B6947 		.ascii	"\201{iG\016\022\372\221\307l\030\233{\354\312`Cr\335"
 248      0E12FA91 
 248      C76C189B 
 248      7BECCA60 
 248      4372DD
 249 02ff D3DF3098 		.ascii	"\323\3370\230l\206\265\230a\022\273\264'\265\"\351Z"
 249      6C86B598 
 249      6112BBB4 
 249      27B522E9 
ARM GAS  /tmp/cc3N3fdY.s 			page 19


 249      5A
 250 0310 474AA307 		.ascii	"GJ\243\007=\312[\355\362\263\226f-o\021\231\300\370"
 250      3DCA5BED 
 250      F2B39666 
 250      2D6F1199 
 250      C0F8
 251 0322 63D7EB9B 		.ascii	"c\327\353\233\204\367\210\254\201\361\364\341\230Y\312"
 251      84F788AC 
 251      81F1F4E1 
 251      9859CA
 252 0331 EFBBC0B0 		.ascii	"\357\273\300\260\363\300\205,e\250f{\332\2361\354\301"
 252      F3C0852C 
 252      65A8667B 
 252      DA9E31EC 
 252      C1
 253 0342 ADFD6038 		.ascii	"\255\375`8\322:u\321C{\210uTN\264\354\372\0253\273\007"
 253      D23A75D1 
 253      437B8875 
 253      544EB4EC 
 253      FA1533BB 
 254 0357 1D75173B 		.ascii	"\035u\027;\252\223h\341_\357K:`\010\326\031\325\323"
 254      AA9368E1 
 254      5FEF4B3A 
 254      6008D619 
 254      D5D3
 255 0369 AD4E9CC5 		.ascii	"\255N\234\305\"\305\276\273\271_M\323xZ\375\267\213"
 255      22C5BEBB 
 255      B95F4DD3 
 255      785AFDB7 
 255      8B
 256 037a CFB1386B 		.ascii	"\317\2618k\265\204=Z\2360U>vm\336\235O1\213\373\307"
 256      B5843D5A 
 256      9E30553E 
 256      766DDE9D 
 256      4F318BFB 
 257 038f A6F25D68 		.ascii	"\246\362]h\036\232\253\006{\026\372<\210v\035\204\336"
 257      1E9AAB06 
 257      7B16FA3C 
 257      88761D84 
 257      DE
 258 03a0 CF434B96 		.ascii	"\317CK\226\300\344\021Y\307\234XQ\310\2170\371\020&"
 258      C0E41159 
 258      C79C5851 
 258      C88F30F9 
 258      1026
 259 03b2 0B598E75 		.ascii	"\013Y\216u\263\355\277M\237\222e?\322M\264\244\313Z"
 259      B3EDBF4D 
 259      9F92653F 
 259      D24DB4A4 
 259      CB5A
 260 03c4 B8B55ABE 		.ascii	"\270\265Z\276\221\305\371Ig\234i\037\217Q\2359\332\244"
 260      91C5F949 
 260      679C691F 
 260      8F519D39 
 260      DAA4
 261 03d6 5A29C6E3 		.ascii	"Z)\306\343\025c\274\351[\323\034\3036\247\027b\364X"
 261      1563BCE9 
ARM GAS  /tmp/cc3N3fdY.s 			page 20


 261      5BD31CC3 
 261      36A71762 
 261      F458
 262 03e8 63741325 		.ascii	"ct\023%\310R\377\203\026g\335a\013\025\015\255U\353"
 262      C852FF83 
 262      1667DD61 
 262      0B150DAD 
 262      55EB
 263 03fa 233AE569 		.ascii	"#:\345i\276\323\226P\353B\017Q\\~\342DV\215\033M\346"
 263      BED39650 
 263      EB420F51 
 263      5C7EE244 
 263      568D1B4D 
 264 040f 03F383ED 		.ascii	"\003\363\203\355\315\037l\363\236\256V\366\364\356\330"
 264      CD1F6CF3 
 264      9EAE56F6 
 264      F4EED8
 265 041e EC552DCD 		.ascii	"\354U-\315E[\347;\267\262\216\272\023\1778\326\255:"
 265      455BE73B 
 265      B7B28EBA 
 265      137F38D6 
 265      AD3A
 266 0430 C382C2F3 		.ascii	"\303\202\302\363\274\261\350\326A91\210\305\"\017 \305"
 266      BCB1E8D6 
 266      41393188 
 266      C5220F20 
 266      C5
 267 0441 E7649575 		.ascii	"\347d\225ui\3671\215\000\370\223\270}o\021\225\363}"
 267      69F7318D 
 267      00F893B8 
 267      7D6F1195 
 267      F37D
 268 0453 D0B8DFD1 		.ascii	"\320\270\337\321X\317l\357\021\253\361+\253\361\223"
 268      58CF6CEF 
 268      11ABF12B 
 268      ABF193
 269 0462 E5C9B6D6 		.ascii	"\345\311\266\326\367\255\326\003\313\2421\015^\330\216"
 269      F7ADD603 
 269      CBA2310D 
 269      5ED88E
 270 0471 540A6F3C 		.ascii	"T\012o<f#)5eG\022\276\316@\360\324A\343\373B\3373?F"
 270      66232935 
 270      654712BE 
 270      CE40F0D4 
 270      41E3FB42 
 271 0489 0223F20C 		.ascii	"\002#\362\014\366i\224\370\223a\320S\320\010\3617\277"
 271      F66994F8 
 271      9361D053 
 271      D008F137 
 271      BF
 272 049a 2CBB1E75 		.ascii	",\273\036u6\273\3222\254\222\352\354\243\213\215Z\262"
 272      36BBD232 
 272      AC92EAEC 
 272      A38B8D5A 
 272      B2
 273 04ab 6ADDB238 		.ascii	"j\335\2628\362\012(\377\213\310\223\234\331\306r|\011"
 273      F20A28FF 
ARM GAS  /tmp/cc3N3fdY.s 			page 21


 273      8BC8939C 
 273      D9C6727C 
 273      09
 274 04bc B62FAC5B 		.ascii	"\266/\254[\317R\306\220\355\361C%*\357D%\306\027j4l"
 274      CF52C690 
 274      EDF14325 
 274      2AEF4425 
 274      C6176A34 
 275 04d1 87286D98 		.ascii	"\207(m\230\364k\342m~l\360\2652t\365\244\307*%\243C"
 275      F46BE26D 
 275      7E6CF0B5 
 275      3274F5A4 
 275      C72A25A3 
 276 04e6 2B6624AD 		.ascii	"+f$\255\264\300\037\232\237\017\351l\243\215\375\267"
 276      B4C01F9A 
 276      9F0FE96C 
 276      A38DFDB7 
 277 04f6 6867172B 		.ascii	"hg\027+J\311gy\362=xavd\371\246\310\362Wd\234x\223;"
 277      4AC96779 
 277      F23D7861 
 277      7664F9A6 
 277      C8F25764 
 278 050e 7C1D368E 		.ascii	"|\0356\216l\346\037\360\266\233 \237\201\337\324t\302"
 278      6CE61FF0 
 278      B69B209F 
 278      81DFD474 
 278      C2
 279 051f 254F5ACB 		.ascii	"%OZ\313\033\263\343iJ\263'@\206`o'\322\274\317D\347"
 279      1BB3E369 
 279      4AB32740 
 279      86606F27 
 279      D2BCCF44 
 280 0534 F0F67EA3 		.ascii	"\360\366~\243@\254m\376\006\337U\223\210x\225\360\343"
 280      40AC6DFE 
 280      06DF5593 
 280      887895F0 
 280      E3
 281 0545 9227EDE4 		.ascii	"\222'\355\344\210S\335\013M\032\0051\226O\023\375\021"
 281      8853DD0B 
 281      4D1A0531 
 281      964F13FD 
 281      11
 282 0556 F05600BC 		.ascii	"\360V\000\274E\300\024\002\012\027\037^v\246\203\034"
 282      45C01402 
 282      0A171F5E 
 282      76A6831C 
 283 0566 F078DF95 		.ascii	"\360x\337\225\005\255\002\030)4\003\336\011\200w\010"
 283      05AD0218 
 283      293403DE 
 283      09807708 
 284 0576 9846407A 		.ascii	"\230F@z\311x\272\226Np\300\335\356\274*w3\300'CnP#\341"
 284      C978BA96 
 284      4E70C0DD 
 284      EEBC2A77 
 284      33C02743 
 285 058e BD40788F 		.ascii	"\275@x\217\204\031$\2146\336~\242\241\213\23408\324"
 285      8419248C 
ARM GAS  /tmp/cc3N3fdY.s 			page 22


 285      36DE7EA2 
 285      A18B9C30 
 285      38D4
 286 05a0 56E2A610 		.ascii	"V\342\246\020\232\323\255e\230\025\020\263\210\230C"
 286      9AD3AD65 
 286      981510B3 
 286      889843
 287 05af C4FEC9D4 		.ascii	"\304\376\311\324\0127\232\244F\304\351\033\361\267\251"
 287      0A379AA4 
 287      46C4E91B 
 287      F1B7A9
 288 05be 50867901 		.ascii	"P\206y\0010\217\200\237\020\320YWY\342B\2639\340N\302"
 288      308F809F 
 288      10D05957 
 288      59E242B3 
 288      39E04EC2 
 289 05d2 AD0F4E42 		.ascii	"\255\017NB\031\026\004\300\002\002> \340\331p|\2053"
 289      191604C0 
 289      02023E20 
 289      E0D9707C 
 289      8533
 290 05e4 2DE380E4 		.ascii	"-\343\200\344\352\370\223\313\224\341\243@\370\210\204"
 290      EAF893CB 
 290      94E1A340 
 290      F88884
 291 05f3 4524F465 		.ascii	"E$\364e\027\315\353h-'<N\273\222g\336\211\001\2332,"
 291      17CDEB68 
 291      2D273C4E 
 291      BB9267DE 
 291      89019B32 
 292 0608 09882544 		.ascii	"\011\210%D\310*\206H\255j\273\342B;9b\341|\205Z\250"
 292      C82A8648 
 292      AD6ABBE2 
 292      423B3962 
 292      E17C855A 
 293 061d C23E95A3 		.ascii	"\302>\225\243?\314\300\377~\364_\352\310nW\321A\356"
 293      3FCCC0FF 
 293      7EF45FEA 
 293      C86E57D1 
 293      41EE
 294 062f 3F593F30 		.ascii	"?Y?0\252\023\252\020-\000\242\021p\000\001\255\327\223"
 294      AA13AA10 
 294      2D00A211 
 294      700001AD 
 294      D793
 295 0641 ABA11938 		.ascii	"\253\241\0318\240\274`\337\001\235X\205\030\201\020"
 295      A0BC60DF 
 295      019D5885 
 295      188110
 296 0650 83848348 		.ascii	"\203\204\203HH\213\217\373\224.r@wK\352\244\271\010"
 296      488B8FFB 
 296      942E7240 
 296      774BEAA4 
 296      B908
 297 0662 33364588 		.ascii	"36E\210\025\010\261H8\204\204We\327*]i\222\023\"\352"
 297      1508B148 
 297      38848457 
ARM GAS  /tmp/cc3N3fdY.s 			page 23


 297      65D72A5D 
 297      69921322 
 298 0677 932AEE3A 		.ascii	"\223*\356:\013U\210\023\000q\0108\214\200\205\334\371"
 298      0B558813 
 298      00710838 
 298      8C8085DC 
 298      F9
 299 0688 1235CDE6 		.ascii	"\0225\315\346\200s#=\207\305G\342\210\0008\202\200x"
 299      8073233D 
 299      87C547E2 
 299      88003882 
 299      8078
 300 069a 0464669D 		.ascii	"\004df\235\256\326\3212\016\310K\276vZ#V!A $ \341(\022"
 300      AED6D132 
 300      0EC84BBE 
 300      765A2356 
 300      21412024 
 301 06b2 CA6AFBAB 		.ascii	"\312j\373\253\\i-'t\\|\337e~3tdX\313pL@\034CD\"\"b\346"
 301      5C692D27 
 301      745C7CDF 
 301      657E3374 
 301      6458CB70 
 302 06cf 0E666A68 		.ascii	"\016fjh'G\234x\376\"\321E(C\222\000HB@2\002\232S\023"
 302      27479C78 
 302      FE22D145 
 302      28439200 
 302      48424032 
 303 06e7 2EB9D141 		.ascii	".\271\321A\016(i\352\371\205P\205\024\301?\005\375\217"
 303      0E2869EA 
 303      F9855085 
 303      14C13F05 
 303      FD8F
 304 06f9 A37FC174 		.ascii	"\243\177\301tb\213\232Np\377\270\354\341\012\"V\341"
 304      628B9A4E 
 304      70FFB8EC 
 304      E10A2256 
 304      E1
 305 070a 84403881 		.ascii	"\204@8\201\204\223H\210\253/,\326\322ENxP\272\220a^"
 305      84934888 
 305      AB2F2CD6 
 305      D2454E78 
 305      50BA9061 
 306 071f C2339B2A 		.ascii	"\3023\233*\244\012\210TD\244!\242\352l\371\024\274\030"
 306      A40A8854 
 306      44A421A2 
 306      EA6CF914 
 306      BC18
 307 0731 9CF9A760 		.ascii	"\234\371\247`\315\363<O\241\012\351\002 \035\001\031"
 307      CDF33C4F 
 307      A10AE902 
 307      201D0119 
 308 0741 08B83ADE 		.ascii	"\010\270:\336;\347L\2639`~j<\335E(C\246\000\310D@\026"
 308      3BE74CB3 
 308      39607E6A 
 308      3CDD4528 
 308      43A600C8 
 309 0758 02DEDD49 		.ascii	"\002\336\335I\204G\242\214\003\216\335(\234W\211e8%"
ARM GAS  /tmp/cc3N3fdY.s 			page 24


 309      8447A28C 
 309      038EDD28 
 309      9C578965 
 309      3825
 310 076a 104E21E1 		.ascii	"\020N!\3414\022\252\257/|Jk9\240\245\241\311\362L-\332"
 310      3412AAAF 
 310      2F7C4A6B 
 310      39A0A5A1 
 310      C9F24C2D 
 311 077f 54215B20 		.ascii	"T![ d#!\007\011\211\345\271\037\240\0278\342n\365\345"
 311      64232107 
 311      0989E5B9 
 311      1FA01738 
 311      E26EF5E5 
 312 0793 CB44A842 		.ascii	"\313D\250B\256\000\310E\300\031\276\210\007\245\335"
 312      AE00C845 
 312      C019BE88 
 312      07A5DD
 313 07a2 EE749003 		.ascii	"\356t\220\003nT\226\315\210\257\307<\001\220\207\200"
 313      6E5496CD 
 313      88AFC73C 
 313      01908780 
 314 07b2 7C040C55 		.ascii	"|\004\014U^.\367\240\023\034\2600\231\034\263L\025\012"
 314      5E2EF7A0 
 314      131CB030 
 314      991CB34C 
 314      150A
 315 07c4 04420112 		.ascii	"\004B\001\022\012\221p>q8\325\205"
 315      0A91703E 
 315      7138D585 
 316 07d0 2E72425A 		.ascii	".rBZU\312\240\371\345\326\225i-C\221\200(B\304YDd<8"
 316      55CAA0F9 
 316      E5D69569 
 316      2D439180 
 316      2842C459 
 317 07e8 5E4D6892 		.ascii	"^Mh\222\013\"^\024\267\027\272\013e(\026\000\305\010"
 317      0B225E14 
 317      B717BA0B 
 317      65281600 
 317      C508
 318 07fa 2841C058 		.ascii	"(A\300X\354\340\0004\003\0074\277lnp\025\312pN\000\234"
 318      ECE00034 
 318      030734BF 
 318      6C6E7015 
 318      CA704E00 
 319 080f 4340297F 		.ascii	"C@)\177A\277\373)\032\232\201\003*\263\223\376%V\341"
 319      41BFFB29 
 319      1A9A8103 
 319      2AB393FE 
 319      2556E1
 320 0822 BC00388F 		.ascii	"\274\0008\217\2002\004\344\217\215\334R\331~\001\217"
 320      803204E4 
 320      8F8DDC52 
 320      D97E018F 
 321 0832 D97CF749 		.ascii	"\331|\367I\244\\\205_\300\354\014\306\025\317*\237\270"
 321      A45C855F 
 321      C0EC0CC6 
ARM GAS  /tmp/cc3N3fdY.s 			page 25


 321      15CF2A9F 
 321      B8
 322 0843 DA1AB38F 		.ascii	"\332\032\263\217\022\253\361\005\305\370\002\032\267"
 322      12ABF105 
 322      C5F8021A 
 322      B7
 323 0850 2D764DBB 		.ascii	"-vM\273\230\215\017\255\364mM*\300Ik0\004\357\2162\204"
 323      988D0FAD 
 323      F46D4D2A 
 323      C0496B30 
 323      04EF8E32 
 324 0865 848598D4 		.ascii	"\204\205\230\324\337\033\203\276\373\253~g\370.\243"
 324      DF1B83BE 
 324      FBAB7E67 
 324      F82EA3
 325 0874 7E6FE44E 		.ascii	"~o\344N\375\357\215\221\337\231\302w\353\203w\206|\033"
 325      FDEF8D91 
 325      DF99C277 
 325      EB837786 
 325      7C1B
 326 0886 121EA9DF 		.ascii	"\022\036\251\337\316\316\177\374\263!0`C\000\374\364"
 326      CECE7FFC 
 326      B3213060 
 326      4300FCF4 
 327 0896 30151CBE 		.ascii	"0\025\034\276kWx\230>\322\024\024a\212\332\255\377\335"
 327      6B577898 
 327      3ED21414 
 327      618ADAAD 
 327      FFDD
 328 08a8 9FBEDEFE 		.ascii	"\237\276\336\376\365\0366\273;$\324\030\021\251\377"
 328      F51E36BB 
 328      3B24D418 
 328      11A9FF
 329 08b7 72FB767D 		.ascii	"r\373v}p\204)`C\260\346\313?\374\305o{@\200\364\267"
 329      70842960 
 329      43B0E6CB 
 329      3FFCC56F 
 329      7B4080F4 
 330 08cc FF530049 		.ascii	"\377S\000Ig0\030\203\"B\367\342Z\334\014\206\320 \223"
 330      67301883 
 330      2242F7E2 
 330      5ADC0C86 
 330      D02093
 331 08df 11AF3D0C 		.ascii	"\021\257=\014\206\035\306\177\006E\205\232\014\306="
 331      861DC67F 
 331      0645859A 
 331      0CC63D
 332 08ee 21264D58 		.ascii	"!&MXx\204\321\024\025\021\346e\300\333\206\210\240]"
 332      7884D114 
 332      1511E665 
 332      C0DB8688 
 332      A05D
 333 0900 86A00863 		.ascii	"\206\240\010cP\244\253\345J\033\034\012,\274\206\002"
 333      50A4ABE5 
 333      4A1B1C0A 
 333      2CBC8602 
 334 0910 45858499 		.ascii	"E\205\204\2316\005\032L\237\353\243\"#\364!a\301\241"
ARM GAS  /tmp/cc3N3fdY.s 			page 26


 334      36051A4C 
 334      9FEBA322 
 334      23F42161 
 334      C1A1
 335 0922 513B8CFA 		.ascii	"Q;\214\3720\343\367\241!\337\352w\005A\372aF\275%\206"
 335      30E3F7A1 
 335      21DFEA77 
 335      0541FA61 
 335      46BD2586 
 336 0936 69EF6E63 		.ascii	"i\357nc\344\206\235\222\306\354\266f9\267\310\275\221"
 336      E4869D92 
 336      C6ECB666 
 336      39B7C8BD 
 336      91
 337 0947 7A43A469 		.ascii	"zC\244i\007\330\200\255+&\302\302y\340\225\311\270\207"
 337      07D880AD 
 337      2B26C2C2 
 337      79E095C9 
 337      B887
 338 0959 0F7561E1 		.ascii	"\017ua\341\006\313=O\226\237ed0y\033X\356\033\015V\027"
 338      06CB3D4F 
 338      969F6564 
 338      30791B58 
 338      EE1B0D56 
 339 096e 83BBED94 		.ascii	"\203\273\355\224\301C\031\361\325\030<\225aX8\277\315"
 339      C14319F1 
 339      D5183C95 
 339      615838BF 
 339      CD
 340 097f FD0344FF 		.ascii	"\375\003D\377\000;\377\000{\377\000\007\377@\321?\320"
 340      003BFF00 
 340      7BFF0007 
 340      FF40D13F 
 340      D0
 341 0990 CE3FD0DE 		.ascii	"\316?\320\336?\320\301\177\223\350\277\311\316\177\223"
 341      3FD0C17F 
 341      93E8BFC9 
 341      CE7F93
 342 099f BDFF2607 		.ascii	"\275\377&\007\377\315\242\377f;\377\315\366\376\233"
 342      FFCDA2FF 
 342      663BFFCD 
 342      F6FE9B
 343 09ae 1DFCB788 		.ascii	"\035\374\267\210\376[\354\374\267\330\373oq\360\337"
 343      FE5BECFC 
 343      B7D8FB6F 
 343      71F0DF
 344 09bd 2AFA6FB5 		.ascii	"*\372o\265\363\337j\357\277\325\301\177\233\350\277"
 344      F3DF6AEF 
 344      BFD5C17F 
 344      9BE8BF
 345 09cc CDCE7F9B 		.ascii	"\315\316\177\233\275\3776\213\377\177\000\233\330w\214"
 345      BDFF368B 
 345      FF7F009B 
 345      D8778C
 346              		.text
 347              		.section	.gnu.lto_.symtab.ab84ff1273f04849,"",%progbits
 348 0000 5F5F6370 		.ascii	"__cpu_init\000"
ARM GAS  /tmp/cc3N3fdY.s 			page 27


 348      755F696E 
 348      697400
 349 000b 00       		.ascii	"\000"
 350 000c 01       		.ascii	"\001"
 351 000d 00       		.ascii	"\000"
 352 000e 00000000 		.ascii	"\000\000\000\000\000\000\000\000"
 352      00000000 
 353 0016 BD000000 		.ascii	"\275\000\000\000"
 354 001a 5F5F6561 		.ascii	"__early_init\000"
 354      726C795F 
 354      696E6974 
 354      00
 355 0027 00       		.ascii	"\000"
 356 0028 01       		.ascii	"\001"
 357 0029 00       		.ascii	"\000"
 358 002a 00000000 		.ascii	"\000\000\000\000\000\000\000\000"
 358      00000000 
 359 0032 C0000000 		.ascii	"\300\000\000\000"
 360 0036 5F5F6C61 		.ascii	"__late_init\000"
 360      74655F69 
 360      6E697400 
 361 0042 00       		.ascii	"\000"
 362 0043 01       		.ascii	"\001"
 363 0044 00       		.ascii	"\000"
 364 0045 00000000 		.ascii	"\000\000\000\000\000\000\000\000"
 364      00000000 
 365 004d C3000000 		.ascii	"\303\000\000\000"
 366 0051 5F5F6465 		.ascii	"__default_exit\000"
 366      6661756C 
 366      745F6578 
 366      697400
 367 0060 00       		.ascii	"\000"
 368 0061 01       		.ascii	"\001"
 369 0062 00       		.ascii	"\000"
 370 0063 00000000 		.ascii	"\000\000\000\000\000\000\000\000"
 370      00000000 
 371 006b C8000000 		.ascii	"\310\000\000\000"
 372 006f 5F5F696E 		.ascii	"__init_ram_areas\000"
 372      69745F72 
 372      616D5F61 
 372      72656173 
 372      00
 373 0080 00       		.ascii	"\000"
 374 0081 00       		.ascii	"\000"
 375 0082 00       		.ascii	"\000"
 376 0083 00000000 		.ascii	"\000\000\000\000\000\000\000\000"
 376      00000000 
 377 008b CA000000 		.ascii	"\312\000\000\000"
 378 008f 5F5F7261 		.ascii	"__ram0_init_text__\000"
 378      6D305F69 
 378      6E69745F 
 378      74657874 
 378      5F5F00
 379 00a2 00       		.ascii	"\000"
 380 00a3 02       		.ascii	"\002"
 381 00a4 00       		.ascii	"\000"
 382 00a5 00000000 		.ascii	"\000\000\000\000\000\000\000\000"
ARM GAS  /tmp/cc3N3fdY.s 			page 28


 382      00000000 
 383 00ad F0000000 		.ascii	"\360\000\000\000"
 384 00b1 5F5F7261 		.ascii	"__ram0_init__\000"
 384      6D305F69 
 384      6E69745F 
 384      5F00
 385 00bf 00       		.ascii	"\000"
 386 00c0 02       		.ascii	"\002"
 387 00c1 00       		.ascii	"\000"
 388 00c2 00000000 		.ascii	"\000\000\000\000\000\000\000\000"
 388      00000000 
 389 00ca F2000000 		.ascii	"\362\000\000\000"
 390 00ce 5F5F7261 		.ascii	"__ram0_clear__\000"
 390      6D305F63 
 390      6C656172 
 390      5F5F00
 391 00dd 00       		.ascii	"\000"
 392 00de 02       		.ascii	"\002"
 393 00df 00       		.ascii	"\000"
 394 00e0 00000000 		.ascii	"\000\000\000\000\000\000\000\000"
 394      00000000 
 395 00e8 F4000000 		.ascii	"\364\000\000\000"
 396 00ec 5F5F7261 		.ascii	"__ram0_noinit__\000"
 396      6D305F6E 
 396      6F696E69 
 396      745F5F00 
 397 00fc 00       		.ascii	"\000"
 398 00fd 02       		.ascii	"\002"
 399 00fe 00       		.ascii	"\000"
 400 00ff 00000000 		.ascii	"\000\000\000\000\000\000\000\000"
 400      00000000 
 401 0107 F6000000 		.ascii	"\366\000\000\000"
 402 010b 5F5F7261 		.ascii	"__ram1_init_text__\000"
 402      6D315F69 
 402      6E69745F 
 402      74657874 
 402      5F5F00
 403 011e 00       		.ascii	"\000"
 404 011f 02       		.ascii	"\002"
 405 0120 00       		.ascii	"\000"
 406 0121 00000000 		.ascii	"\000\000\000\000\000\000\000\000"
 406      00000000 
 407 0129 F8000000 		.ascii	"\370\000\000\000"
 408 012d 5F5F7261 		.ascii	"__ram1_init__\000"
 408      6D315F69 
 408      6E69745F 
 408      5F00
 409 013b 00       		.ascii	"\000"
 410 013c 02       		.ascii	"\002"
 411 013d 00       		.ascii	"\000"
 412 013e 00000000 		.ascii	"\000\000\000\000\000\000\000\000"
 412      00000000 
 413 0146 FA000000 		.ascii	"\372\000\000\000"
 414 014a 5F5F7261 		.ascii	"__ram1_clear__\000"
 414      6D315F63 
 414      6C656172 
 414      5F5F00
ARM GAS  /tmp/cc3N3fdY.s 			page 29


 415 0159 00       		.ascii	"\000"
 416 015a 02       		.ascii	"\002"
 417 015b 00       		.ascii	"\000"
 418 015c 00000000 		.ascii	"\000\000\000\000\000\000\000\000"
 418      00000000 
 419 0164 FC000000 		.ascii	"\374\000\000\000"
 420 0168 5F5F7261 		.ascii	"__ram1_noinit__\000"
 420      6D315F6E 
 420      6F696E69 
 420      745F5F00 
 421 0178 00       		.ascii	"\000"
 422 0179 02       		.ascii	"\002"
 423 017a 00       		.ascii	"\000"
 424 017b 00000000 		.ascii	"\000\000\000\000\000\000\000\000"
 424      00000000 
 425 0183 FE000000 		.ascii	"\376\000\000\000"
 426 0187 5F5F7261 		.ascii	"__ram2_init_text__\000"
 426      6D325F69 
 426      6E69745F 
 426      74657874 
 426      5F5F00
 427 019a 00       		.ascii	"\000"
 428 019b 02       		.ascii	"\002"
 429 019c 00       		.ascii	"\000"
 430 019d 00000000 		.ascii	"\000\000\000\000\000\000\000\000"
 430      00000000 
 431 01a5 00010000 		.ascii	"\000\001\000\000"
 432 01a9 5F5F7261 		.ascii	"__ram2_init__\000"
 432      6D325F69 
 432      6E69745F 
 432      5F00
 433 01b7 00       		.ascii	"\000"
 434 01b8 02       		.ascii	"\002"
 435 01b9 00       		.ascii	"\000"
 436 01ba 00000000 		.ascii	"\000\000\000\000\000\000\000\000"
 436      00000000 
 437 01c2 02010000 		.ascii	"\002\001\000\000"
 438 01c6 5F5F7261 		.ascii	"__ram2_clear__\000"
 438      6D325F63 
 438      6C656172 
 438      5F5F00
 439 01d5 00       		.ascii	"\000"
 440 01d6 02       		.ascii	"\002"
 441 01d7 00       		.ascii	"\000"
 442 01d8 00000000 		.ascii	"\000\000\000\000\000\000\000\000"
 442      00000000 
 443 01e0 04010000 		.ascii	"\004\001\000\000"
 444 01e4 5F5F7261 		.ascii	"__ram2_noinit__\000"
 444      6D325F6E 
 444      6F696E69 
 444      745F5F00 
 445 01f4 00       		.ascii	"\000"
 446 01f5 02       		.ascii	"\002"
 447 01f6 00       		.ascii	"\000"
 448 01f7 00000000 		.ascii	"\000\000\000\000\000\000\000\000"
 448      00000000 
 449 01ff 06010000 		.ascii	"\006\001\000\000"
ARM GAS  /tmp/cc3N3fdY.s 			page 30


 450 0203 5F5F7261 		.ascii	"__ram3_init_text__\000"
 450      6D335F69 
 450      6E69745F 
 450      74657874 
 450      5F5F00
 451 0216 00       		.ascii	"\000"
 452 0217 02       		.ascii	"\002"
 453 0218 00       		.ascii	"\000"
 454 0219 00000000 		.ascii	"\000\000\000\000\000\000\000\000"
 454      00000000 
 455 0221 08010000 		.ascii	"\010\001\000\000"
 456 0225 5F5F7261 		.ascii	"__ram3_init__\000"
 456      6D335F69 
 456      6E69745F 
 456      5F00
 457 0233 00       		.ascii	"\000"
 458 0234 02       		.ascii	"\002"
 459 0235 00       		.ascii	"\000"
 460 0236 00000000 		.ascii	"\000\000\000\000\000\000\000\000"
 460      00000000 
 461 023e 0A010000 		.ascii	"\012\001\000\000"
 462 0242 5F5F7261 		.ascii	"__ram3_clear__\000"
 462      6D335F63 
 462      6C656172 
 462      5F5F00
 463 0251 00       		.ascii	"\000"
 464 0252 02       		.ascii	"\002"
 465 0253 00       		.ascii	"\000"
 466 0254 00000000 		.ascii	"\000\000\000\000\000\000\000\000"
 466      00000000 
 467 025c 0C010000 		.ascii	"\014\001\000\000"
 468 0260 5F5F7261 		.ascii	"__ram3_noinit__\000"
 468      6D335F6E 
 468      6F696E69 
 468      745F5F00 
 469 0270 00       		.ascii	"\000"
 470 0271 02       		.ascii	"\002"
 471 0272 00       		.ascii	"\000"
 472 0273 00000000 		.ascii	"\000\000\000\000\000\000\000\000"
 472      00000000 
 473 027b 0E010000 		.ascii	"\016\001\000\000"
 474 027f 5F5F7261 		.ascii	"__ram4_init_text__\000"
 474      6D345F69 
 474      6E69745F 
 474      74657874 
 474      5F5F00
 475 0292 00       		.ascii	"\000"
 476 0293 02       		.ascii	"\002"
 477 0294 00       		.ascii	"\000"
 478 0295 00000000 		.ascii	"\000\000\000\000\000\000\000\000"
 478      00000000 
 479 029d 10010000 		.ascii	"\020\001\000\000"
 480 02a1 5F5F7261 		.ascii	"__ram4_init__\000"
 480      6D345F69 
 480      6E69745F 
 480      5F00
 481 02af 00       		.ascii	"\000"
ARM GAS  /tmp/cc3N3fdY.s 			page 31


 482 02b0 02       		.ascii	"\002"
 483 02b1 00       		.ascii	"\000"
 484 02b2 00000000 		.ascii	"\000\000\000\000\000\000\000\000"
 484      00000000 
 485 02ba 12010000 		.ascii	"\022\001\000\000"
 486 02be 5F5F7261 		.ascii	"__ram4_clear__\000"
 486      6D345F63 
 486      6C656172 
 486      5F5F00
 487 02cd 00       		.ascii	"\000"
 488 02ce 02       		.ascii	"\002"
 489 02cf 00       		.ascii	"\000"
 490 02d0 00000000 		.ascii	"\000\000\000\000\000\000\000\000"
 490      00000000 
 491 02d8 14010000 		.ascii	"\024\001\000\000"
 492 02dc 5F5F7261 		.ascii	"__ram4_noinit__\000"
 492      6D345F6E 
 492      6F696E69 
 492      745F5F00 
 493 02ec 00       		.ascii	"\000"
 494 02ed 02       		.ascii	"\002"
 495 02ee 00       		.ascii	"\000"
 496 02ef 00000000 		.ascii	"\000\000\000\000\000\000\000\000"
 496      00000000 
 497 02f7 16010000 		.ascii	"\026\001\000\000"
 498 02fb 5F5F7261 		.ascii	"__ram5_init_text__\000"
 498      6D355F69 
 498      6E69745F 
 498      74657874 
 498      5F5F00
 499 030e 00       		.ascii	"\000"
 500 030f 02       		.ascii	"\002"
 501 0310 00       		.ascii	"\000"
 502 0311 00000000 		.ascii	"\000\000\000\000\000\000\000\000"
 502      00000000 
 503 0319 18010000 		.ascii	"\030\001\000\000"
 504 031d 5F5F7261 		.ascii	"__ram5_init__\000"
 504      6D355F69 
 504      6E69745F 
 504      5F00
 505 032b 00       		.ascii	"\000"
 506 032c 02       		.ascii	"\002"
 507 032d 00       		.ascii	"\000"
 508 032e 00000000 		.ascii	"\000\000\000\000\000\000\000\000"
 508      00000000 
 509 0336 1A010000 		.ascii	"\032\001\000\000"
 510 033a 5F5F7261 		.ascii	"__ram5_clear__\000"
 510      6D355F63 
 510      6C656172 
 510      5F5F00
 511 0349 00       		.ascii	"\000"
 512 034a 02       		.ascii	"\002"
 513 034b 00       		.ascii	"\000"
 514 034c 00000000 		.ascii	"\000\000\000\000\000\000\000\000"
 514      00000000 
 515 0354 1C010000 		.ascii	"\034\001\000\000"
 516 0358 5F5F7261 		.ascii	"__ram5_noinit__\000"
ARM GAS  /tmp/cc3N3fdY.s 			page 32


 516      6D355F6E 
 516      6F696E69 
 516      745F5F00 
 517 0368 00       		.ascii	"\000"
 518 0369 02       		.ascii	"\002"
 519 036a 00       		.ascii	"\000"
 520 036b 00000000 		.ascii	"\000\000\000\000\000\000\000\000"
 520      00000000 
 521 0373 1E010000 		.ascii	"\036\001\000\000"
 522 0377 5F5F7261 		.ascii	"__ram6_init_text__\000"
 522      6D365F69 
 522      6E69745F 
 522      74657874 
 522      5F5F00
 523 038a 00       		.ascii	"\000"
 524 038b 02       		.ascii	"\002"
 525 038c 00       		.ascii	"\000"
 526 038d 00000000 		.ascii	"\000\000\000\000\000\000\000\000"
 526      00000000 
 527 0395 20010000 		.ascii	" \001\000\000"
 528 0399 5F5F7261 		.ascii	"__ram6_init__\000"
 528      6D365F69 
 528      6E69745F 
 528      5F00
 529 03a7 00       		.ascii	"\000"
 530 03a8 02       		.ascii	"\002"
 531 03a9 00       		.ascii	"\000"
 532 03aa 00000000 		.ascii	"\000\000\000\000\000\000\000\000"
 532      00000000 
 533 03b2 22010000 		.ascii	"\"\001\000\000"
 534 03b6 5F5F7261 		.ascii	"__ram6_clear__\000"
 534      6D365F63 
 534      6C656172 
 534      5F5F00
 535 03c5 00       		.ascii	"\000"
 536 03c6 02       		.ascii	"\002"
 537 03c7 00       		.ascii	"\000"
 538 03c8 00000000 		.ascii	"\000\000\000\000\000\000\000\000"
 538      00000000 
 539 03d0 24010000 		.ascii	"$\001\000\000"
 540 03d4 5F5F7261 		.ascii	"__ram6_noinit__\000"
 540      6D365F6E 
 540      6F696E69 
 540      745F5F00 
 541 03e4 00       		.ascii	"\000"
 542 03e5 02       		.ascii	"\002"
 543 03e6 00       		.ascii	"\000"
 544 03e7 00000000 		.ascii	"\000\000\000\000\000\000\000\000"
 544      00000000 
 545 03ef 26010000 		.ascii	"&\001\000\000"
 546 03f3 5F5F7261 		.ascii	"__ram7_init_text__\000"
 546      6D375F69 
 546      6E69745F 
 546      74657874 
 546      5F5F00
 547 0406 00       		.ascii	"\000"
 548 0407 02       		.ascii	"\002"
ARM GAS  /tmp/cc3N3fdY.s 			page 33


 549 0408 00       		.ascii	"\000"
 550 0409 00000000 		.ascii	"\000\000\000\000\000\000\000\000"
 550      00000000 
 551 0411 28010000 		.ascii	"(\001\000\000"
 552 0415 5F5F7261 		.ascii	"__ram7_init__\000"
 552      6D375F69 
 552      6E69745F 
 552      5F00
 553 0423 00       		.ascii	"\000"
 554 0424 02       		.ascii	"\002"
 555 0425 00       		.ascii	"\000"
 556 0426 00000000 		.ascii	"\000\000\000\000\000\000\000\000"
 556      00000000 
 557 042e 2A010000 		.ascii	"*\001\000\000"
 558 0432 5F5F7261 		.ascii	"__ram7_clear__\000"
 558      6D375F63 
 558      6C656172 
 558      5F5F00
 559 0441 00       		.ascii	"\000"
 560 0442 02       		.ascii	"\002"
 561 0443 00       		.ascii	"\000"
 562 0444 00000000 		.ascii	"\000\000\000\000\000\000\000\000"
 562      00000000 
 563 044c 2C010000 		.ascii	",\001\000\000"
 564 0450 5F5F7261 		.ascii	"__ram7_noinit__\000"
 564      6D375F6E 
 564      6F696E69 
 564      745F5F00 
 565 0460 00       		.ascii	"\000"
 566 0461 02       		.ascii	"\002"
 567 0462 00       		.ascii	"\000"
 568 0463 00000000 		.ascii	"\000\000\000\000\000\000\000\000"
 568      00000000 
 569 046b 2E010000 		.ascii	".\001\000\000"
 570              		.text
 571              		.section	.gnu.lto_.opts,"",%progbits
 572 0000 272D666D 		.ascii	"'-fmath-errno' '-fsigned-zeros' '-ftrapping-math' '"
 572      6174682D 
 572      6572726E 
 572      6F272027 
 572      2D667369 
 573 0033 2D666E6F 		.ascii	"-fno-trapv' '-fno-openmp' '-fno-openacc' '-mcpu=cor"
 573      2D747261 
 573      70762720 
 573      272D666E 
 573      6F2D6F70 
 574 0066 7465782D 		.ascii	"tex-m3' '-mthumb' '-O2' '-fomit-frame-pointer' '-fa"
 574      6D332720 
 574      272D6D74 
 574      68756D62 
 574      2720272D 
 575 0099 6C69676E 		.ascii	"lign-functions=16' '-ffunction-sections' '-fdata-se"
 575      2D66756E 
 575      6374696F 
 575      6E733D31 
 575      36272027 
 576 00cc 6374696F 		.ascii	"ctions' '-fno-common' '-flto'\000"
ARM GAS  /tmp/cc3N3fdY.s 			page 34


 576      6E732720 
 576      272D666E 
 576      6F2D636F 
 576      6D6D6F6E 
 577              		.text
 578              		.comm	__gnu_lto_v1,1,1
 579              		.comm	__gnu_lto_slim,1,1
 580              		.ident	"GCC: (15:7-2018-q2-6) 7.3.1 20180622 (release) [ARM/embedded-7-branch revision 261907]"
ARM GAS  /tmp/cc3N3fdY.s 			page 35


DEFINED SYMBOLS
                            *ABS*:0000000000000000 crt1.c
                            *COM*:0000000000000001 __gnu_lto_v1
                            *COM*:0000000000000001 __gnu_lto_slim

NO UNDEFINED SYMBOLS
