ARM GAS  /tmp/ccMCXgob.s 			page 1


   1              		.cpu cortex-m3
   2              		.eabi_attribute 20, 1
   3              		.eabi_attribute 21, 1
   4              		.eabi_attribute 23, 3
   5              		.eabi_attribute 24, 1
   6              		.eabi_attribute 25, 1
   7              		.eabi_attribute 26, 1
   8              		.eabi_attribute 30, 2
   9              		.eabi_attribute 34, 1
  10              		.eabi_attribute 18, 4
  11              		.file	"hal_lld.c"
  12              		.section	.gnu.lto_.profile.af4f9017b3142886,"",%progbits
  13 0000 789C6363 		.ascii	"x\234cc```\001bF\006\037G\000\001Q\000\231"
  13      60606001 
  13      6246061F 
  13      47000151 
  13      0099
  14              		.text
  15              		.section	.gnu.lto_.icf.af4f9017b3142886,"",%progbits
  16 0000 789C6363 		.ascii	"x\234cc``\020f@\000f\206\015\313\377]aa<\177\370\371"
  16      60601066 
  16      40006686 
  16      0DCBFF5D 
  16      61613C7F 
  17 0016 7566A6B6 		.ascii	"uf\246\266\2453\213\031\000[\263\010\327"
  17      A5338B19 
  17      005BB308 
  17      D7
  18              		.text
  19              		.section	.gnu.lto_.jmpfuncs.af4f9017b3142886,"",%progbits
  20 0000 789C6363 		.ascii	"x\234cc``\340d@\000&\020\301\010\304\000\001\202\000"
  20      6060E064 
  20      40002610 
  20      C108C400 
  20      018200
  21 0013 13       		.ascii	"\023"
  22              		.text
  23              		.section	.gnu.lto_.inline.af4f9017b3142886,"",%progbits
  24 0000 789C6363 		.ascii	"x\234cc``0`@\000&\006\006IEF\006&\255\011'\230\030\330"
  24      60603060 
  24      40002606 
  24      06494546 
  24      0626AD09 
  25 0018 16C83381 		.ascii	"\026\3103\201\004\031\271@\004\203\316\034F\240L\320"
  25      0419B940 
  25      0483CE1C 
  25      46A04CD0 
  26 0028 82D74270 		.ascii	"\202\327Bp\031\006\000\233\264\006O"
  26      1906009B 
  26      B4064F
  27              		.text
  28              		.section	.gnu.lto_.pureconst.af4f9017b3142886,"",%progbits
  29 0000 789C6363 		.ascii	"x\234cc```\005b&\006)F)\000\000\374\000C"
  29      60606005 
  29      62260629 
  29      46290000 
  29      FC0043
ARM GAS  /tmp/ccMCXgob.s 			page 2


  30              		.text
  31              		.section	.gnu.lto_hal_lld_init.af4f9017b3142886,"",%progbits
  32 0000 789C9D55 		.ascii	"x\234\235UKO\023Q\030\275\337\334\351t(6\204\020\010"
  32      4B4F1351 
  32      18BDDFDC 
  32      E9742836 
  32      841008
  33 0013 892CDCB8 		.ascii	"\211,\334\270`\303\004L\374\003\032\027&\306\030\334"
  33      60C3044C 
  33      FC031A17 
  33      26C618DC 
  34 0023 1AA24852 		.ascii	"\032\242HR\"\246\304\262\300U\247\362\364\221h\214\024"
  34      22A6C4B2 
  34      C055A7F2 
  34      F491688C 
  34      14
  35 0034 22A3A9D1 		.ascii	"\"\243\251\321D\033#\015\001\037\255\"CQD\345\241\210"
  35      441B230D 
  35      011FAD22 
  35      435144E5 
  35      A188
  36 0046 CF82221A 		.ascii	"\317\202\"\032#Jt\241Q\321\000\336\357\336\302\024V"
  36      234A74A1 
  36      51D100DE 
  36      EFDEC214 
  36      56
  37 0057 4C279D33 		.ascii	"L'\23533w\356\234s\2763\323\357*\204\220\215NBJ\331"
  37      3377EE9C 
  37      73BE33D3 
  37      EF2A8490 
  37      8D4E424A 
  38 006c 713DDB81 		.ascii	"q=\333\201\022\220N\215\020\022P%\000<\321U ~\011\374"
  38      12904E8D 
  38      10125025 
  38      003CD155 
  38      207E09FC 
  39 0080 70829EA1 		.ascii	"p\202\236\241\020o\372\024\225\012/\353l3[\333\\\215"
  39      106FFA14 
  39      950A2FEB 
  39      6C335BDB 
  39      5C8D
  40 0092 7A43BE41 		.ascii	"zC\276A\011\011\262\0357\350\202B\302\246Mw.\264\270"
  40      0909B21D 
  40      37E88242 
  40      C2A64D77 
  40      2EB4B8
  41 00a5 15598C43 		.ascii	"\025Y\214C7(\004\330Id\314a\352\013\213M\2729t\021\376"
  41      372804D8 
  41      4964CC61 
  41      EA0B8B4D 
  41      BA397411 
  42 00ba 6DCF0762 		.ascii	"m\317\007bP\220\020(\202\214\240 \250\010.\204L\004"
  42      50901028 
  42      828CA020 
  42      A8082E84 
  42      4C04
  43 00cc 37421642 		.ascii	"7B\026B6B\016B.B\036\002!\315L\205Y\325Mr\224JxVg\222"
ARM GAS  /tmp/ccMCXgob.s 			page 3


  43      36420E42 
  43      2E421E02 
  43      21CD4C85 
  43      59D54D72 
  44 00e6 2F108FCD 		.ascii	"/\020\217\315\234\254@\355\263Ta\226\202\015\361Q\347"
  44      9CAC40ED 
  44      B3546196 
  44      820DF151 
  44      E7
  45 00f7 716A5009 		.ascii	"qjP\011\320a\"2\374U\025\227z\250Y\227\331\320\245H"
  45      D0612232 
  45      FC551597 
  45      7AA85997 
  45      D9D0A548 
  46 010b 673B84E0 		.ascii	"g;\204\340|\200\025\267\301\240\024n@\001\\\207\002"
  46      7C8015B7 
  46      C1A0146E 
  46      40015C87 
  46      02
  47 011c 82F34F77 		.ascii	"\202\363Ow\215\357\321\256\351\365`P\031n\262i-\274"
  47      8DEFD1AE 
  47      E9F56050 
  47      196EB269 
  47      2DBC
  48 012e 64B8051A 		.ascii	"d\270\005\032j\375TQ\311\026I\324\"\211\201\306\356"
  48      6AFD5451 
  48      C91649D4 
  48      228981C6 
  48      EE
  49 013f 4E0E86AF 		.ascii	"N\016\206\257R\264\004\260\310\266,\270\315\036\303"
  49      52B404B0 
  49      C8B62CB8 
  49      CD1EC3
  50 014e 3A324415 		.ascii	":2D\025\252-\372;\026}O\332\036\357Z$\275\334cd6:\347"
  50      AA2DFA3B 
  50      167D4FDA 
  50      1EEF5A24 
  50      BDDC6364 
  51 0165 161E0998 		.ascii	"\026\036\011\230+\375\271\326J\035\300[2\364Y\344q\341"
  51      2BFDB9D6 
  51      4A1DC05B 
  51      32F459E4 
  51      71E1
  52 0177 30166E73 		.ascii	"0\026ns\010\256L[6\3739\023~bp/\355Z\357[$\003\240\255"
  52      08AE4C5B 
  52      36FB3913 
  52      7E62702F 
  52      ED5AEF5B 
  53 018f 0EDF6D8B 		.ascii	"\016\337m\213\353\201\3055\230\266\241\207\026\311#"
  53      EB81C535 
  53      98B6A187 
  53      16C923
  54 019e 666855DA 		.ascii	"fhU\332Y6\323~l\261\015-\245\335\236L\033l\371\032\346"
  54      5936D37E 
  54      6CB10D2D 
  54      A5DD9E4C 
  54      1B6CF91A 
ARM GAS  /tmp/ccMCXgob.s 			page 4


  55 01b3 4C12328D 		.ascii	"L\0222\215p\246\272?\215 \210$\3015\020\373\373c\235"
  55      70A6BA3F 
  55      8D208824 
  55      C13510FB 
  55      FB639D
  56 01c6 F84AB053 		.ascii	"\370J\260S\000\214\012\357\343\307\300v\012O,\265\247"
  56      008C0AEF 
  56      E3C7C076 
  56      0A4F2CB5 
  56      A7
  57 01d7 A03189D4 		.ascii	"\2401\211\324\020\262m\2060f\221=[\012\301H\206@m\331"
  57      10B26D86 
  57      3066913D 
  57      5B0AC148 
  57      86406DD9 
  58 01eb 1AB7989E 		.ascii	"\032\267\230\236\257\012A\026\\\035\277\372\303\216"
  58      AF0A4116 
  58      5C1DBFFA 
  58      C38E
  59 01f9 E5104C02 		.ascii	"\345\020L\002/\322\017\341\245\245\366\012C\220SC\310"
  59      2FD20FE1 
  59      A5A5F60A 
  59      43905343 
  59      C8
  60 020a B119C26B 		.ascii	"\261\031\302k\213\354M2\204\231\271\315\313]\273\236"
  60      8BEC4D32 
  60      8499B9CD 
  60      CB5DBB9E 
  61 021a 37F785B0 		.ascii	"7\367\205\260\302\033w\220BjC\207\004(0\201\375|\002"
  61      C21B7790 
  61      426A4387 
  61      04283081 
  61      FD7C02
  62 022d A573531B 		.ascii	"\245sS\033\253\203\317\2740_\337\221!.\365\251\000o"
  62      AB83CFBC 
  62      305FDF91 
  62      212EF5A9 
  62      006F
  63 023f AC57FA62 		.ascii	"\254W\372bz\0063\307JQ\340-36\2314\326\323\332\335\004"
  63      7A0633C7 
  63      4A51E02D 
  63      33369934 
  63      D6D3DADD 
  64 0254 CB45BEE3 		.ascii	"\313E\276\343\276(\327 0\265\224\352\271\357\212\020"
  64      BE28D720 
  64      30B594EA 
  64      B9EF8A10 
  65 0264 CB137A1D 		.ascii	"\313\023z\035\237{\015W2W\011\336[\241N\360P\327(6\275"
  65      9F7B0D57 
  65      325709DE 
  65      5BA14EF0 
  65      50D72836 
  66 0279 42EC0386 		.ascii	"B\354\003\206\232Gf\241.\324\313\376$\270`\261'\242"
  66      9A4766A1 
  66      2ED4CBFE 
  66      24B860B1 
  66      27A2
ARM GAS  /tmp/ccMCXgob.s 			page 5


  67 028b D1D984D3 		.ascii	"\321\331\204\323?\257\253\006u\00610\370\010~\266\344"
  67      3FAFAB06 
  67      75063130 
  67      F8087EB6 
  67      E4
  68 029c A8E41B1C 		.ascii	"\250\344\033\034\011\375n\341\357\221\257{\315,%\266"
  68      09FD6EE1 
  68      EF91AF7B 
  68      CD2C25B6 
  69 02ac EEB029BB 		.ascii	"\356\260)\2734\217\367`\205v\330\347\321\266V\370\016"
  69      348FF760 
  69      8576D8E7 
  69      D1B656F8 
  69      0E
  70 02bd D478ABB5 		.ascii	"\324x\253\265rO\345\276J\257O\333\202\307\235\245e%"
  70      724FE5BE 
  70      4AAF4FDB 
  70      82C79DA5 
  70      6525
  71 02cf C545C5EC 		.ascii	"\305E\305\354\247\261!\317\336*\255\332{\250\306\247"
  71      A7B121CF 
  71      DE2AADDA 
  71      7BA8C6A7 
  72 02df 95EEDEB1 		.ascii	"\225\356\336\261\251D\340\266\342\332Z\274SVU\265\277"
  72      A944E0B6 
  72      E2DA5ABC 
  72      535655B5 
  72      BF
  73 02f0 A89CFC07 		.ascii	"\250\234\374\007UNH\245"
  73      554E48A5 
  74              		.text
  75              		.section	.gnu.lto_stm32_clock_init.af4f9017b3142886,"",%progbits
  76 0000 789C9D55 		.ascii	"x\234\235U\335o\024U\024\277g\356|\356\3547\2451\206"
  76      DD6F1455 
  76      14BF67EE 
  76      7CEEEC37 
  76      A53186
  77 0013 077DE485 		.ascii	"\007}\344\205I\341/\330h|3\304\324WC\004IJ\254)\261"
  77      49E12FD8 
  77      687C33C4 
  77      D4574304 
  77      494AAC29 
  78 0028 3CE01353 		.ascii	"<\340\023ShKW\372`\010\305\0046k\0235\225(n\010\365"
  78      684B57FA 
  78      6008C504 
  78      366B1335 
  78      95286E08 
  79 003d A3C5E2BA 		.ascii	"\243\305\342\272e\335\026h\013X\225\322\202\212.\335"
  79      65DD1668 
  79      0B5895D2 
  79      828A2EDD 
  80 004d 7E505ED6 		.ascii	"~P^\326`A\251\367\316\271\2633YMtv\262\373\233\273\367"
  80      6041A9F7 
  80      CEB9B333 
  80      594D7476 
  80      B2FB9BBB 
  81 0062 DCFD9DDF 		.ascii	"\334\375\235\337\375\2353wTB\310\262AH+\273?d_H\022"
ARM GAS  /tmp/ccMCXgob.s 			page 6


  81      FD9D3377 
  81      5442C8B2 
  81      41482BBB 
  81      3F645F48 
  82 0077 90DE9926 		.ascii	"\220\336\231&\244K\227\200\342\200J\211\341\002!vH^"
  82      A44B9780 
  82      E2804A89 
  82      E1022176 
  82      485E
  83 0089 30891D4E 		.ascii	"0\211\035N\340|J\006\005\343\212\024\307\270\352\304"
  83      E07C4A06 
  83      05E38A14 
  83      C7B8EAC4 
  84 0099 E3389F52 		.ascii	"\3438\237RA\303\270&\3050\256;\361\030\316\247t00nH"
  84      41C3B826 
  84      C530AE3B 
  84      F118CEA7 
  84      7430306E 
  85 00ae 518C879C 		.ascii	"Q\214\207\234x\024\347S!01nJ\021\214\207\235x\004\347"
  85      7814E753 
  85      2130316E 
  85      4A118C87 
  85      9D7804E7 
  86 00c2 5361007E 		.ascii	"Sa\000~\267u \207$\232\220\225\270\252\305t#\0322#a"
  86      B7752087 
  86      249A9095 
  86      B8AAC574 
  86      231A3223 
  87 00d7 38A45222 		.ascii	"8\244R\".\305\035h\356\300p\007\246;\350\247'(\024\216"
  87      2EC51D68 
  87      EEC07007 
  87      A63BE8A7 
  87      2728148E 
  88 00eb DE1B91B6 		.ascii	"\336\033\221\266\016\331\354\312\277;j\366\332=Oe\030"
  88      0ED9ECCA 
  88      BF3B6AF6 
  88      DA3D4F65 
  88      18
  89 00fc CB49C104 		.ascii	"\313I\301\004\347a+a\313\356\236{2\020Qe\234\207aP\011"
  89      E7612B61 
  89      CBEE9E7B 
  89      32105165 
  89      9C876150 
  90 0111 B041EE86 		.ascii	"\260A\356\206\222\267\237l\034\265\363\253\357\303\330"
  90      92B79F6C 
  90      1CB5F3AB 
  90      EFC3D8
  91 0120 CE678164 		.ascii	"\316g\201d(H\034(\007\231\203\302A\345\240q\3209\030"
  91      28481C28 
  91      079983C2 
  91      41E5A071 
  91      D03918
  92 0133 1C421C4C 		.ascii	"\034B\034L\016a\016\021\016Q\0161\016q\016\011\016I"
  92      0E610E11 
  92      0E510E31 
  92      0E710E09 
  92      0E49
ARM GAS  /tmp/ccMCXgob.s 			page 7


  93 0145 0E9B3834 		.ascii	"\016\23384q\330\314\241\231\003!}L\315\202i\347I\232"
  93      71D8CCA1 
  93      9903217D 
  93      4CCD8269 
  93      E7499A
  94 0158 4A6C7024 		.ascii	"Jlp$O\226\2410\272\264\\V\271\304S\024\230\362\223="
  94      4F96A130 
  94      BAB45C56 
  94      B9C45314 
  94      98F2933D 
  95 016c 8519ED18 		.ascii	"\205\031\355\030\315P\011\370F\346sS+:\376\264\007\373"
  95      CD5009F8 
  95      46E67353 
  95      2B3AFEB4 
  95      07FB
  96 017e 6C994D7D 		.ascii	"l\231M}\220;w\032\006!\333\305<x&C)|\016[\3403\330B"
  96      903B771A 
  96      0621DBC5 
  96      3C782643 
  96      297C0E5B 
  97 0196 F8FAE3E7 		.ascii	"\370\372\343\347g_\261\316\332\335\220\2412|\301\226"
  97      675FB1CE 
  97      DADD90A1 
  97      327CC196 
  98 01a6 0D38CEC0 		.ascii	"\0158\316\300\227`\261dG\376\350\005L%a\266\341K\245"
  98      9760B164 
  98      47FEE805 
  98      4C2561B6 
  98      E14BA5
  99 01b9 5E871ED8 		.ascii	"^\207\036\3305\3028\230\240\331\267\2355\2012\215z\231"
  99      35C23898 
  99      A0D9B79D 
  99      3581328D 
  99      7A99
 100 01cb 2E80C5E8 		.ascii	".\200\305\350\331(M)a\305ww\271R\32605\375\277\314]"
 100      D9284D29 
 100      61C57777 
 100      B952D630 
 100      35FDBFCC 
 101 01e0 3C24C357 		.ascii	"<$\303W\036\367\030\356\342\317\336I\005\271d\244+n"
 101      1EF718EE 
 101      E2CFDE49 
 101      05B964A4 
 101      2B6E
 102 01f2 3CCCC770 		.ascii	"<\314\307p\033\022\\d4e\350\2765~U\354\225\233\226["
 102      1B125C64 
 102      3465E8BE 
 102      357E55EC 
 102      959B965B 
 103 0206 1D598FE0 		.ascii	"\035Y\217\340\012\002_\363D\204\327#AX\327B\232\312"
 103      0A025FF3 
 103      4484D723 
 103      4158D742 
 103      9ACA
 104 0218 BE72DC77 		.ascii	"\276r\334w\313\241\004\262 \357\311\374\306\225)\004"
 104      CBA104B2 
 104      20EFC9FC 
ARM GAS  /tmp/ccMCXgob.s 			page 8


 104      C6952904 
 105 0228 08AEDC64 		.ascii	"\010\256\334dO\011P\303:@\241q\267\307\275T\227\270"
 105      4F0950C3 
 105      3A40A171 
 105      B7C7BD54 
 105      97B8
 106 023a DB2A27AA 		.ascii	"\333*'\252V\326>\324\376\205j\360\351\377\360\267\350"
 106      56D63ED4 
 106      FE856AF0 
 106      E9FFF0B7 
 106      E8
 107 024b B0F1E703 		.ascii	"\260\361\347\003\276\005\313\337\2022\363\252\344x\225"
 107      BE05CBDF 
 107      8232F3AA 
 107      E47895
 108 025a A68ABF96 		.ascii	"\246\212\277\226\017\212\242\226Z\300ZNx\271&]\223\346"
 108      0F8AA296 
 108      5AC05A4E 
 108      78B9265D 
 108      93E6
 109 026c 442D75A4 		.ascii	"D-u\244{\\91'\\\012\303e\254\345|\255\226\272\257xq"
 109      7B5C3931 
 109      275C0AC3 
 109      65ACE57C 
 109      AD96BAAF 
 110 0282 513CD557 		.ascii	"Q<\325W\274\276EQ<#\220\243W<G\257\326=)!\344Z\\\373"
 110      BCBE4551 
 110      3C2390A3 
 110      573C47AF 
 110      D63D2921 
 111 029a A45F4359 		.ascii	"\244_CY\266-\303T\343\325\233\366r\315\360\352\205\034"
 111      B62DC354 
 111      E3D59BF6 
 111      72CDF0EA 
 111      851C
 112 02ac 7F35BFBF 		.ascii	"\1775\277\277\351E\341\257\031\320\337k\036\367\365"
 112      E945E1AF 
 112      19D0DF6B 
 112      1EF7F5
 113 02bb FA67258C 		.ascii	"\372g%\214t\343\331l\267\344nD\207\033\365OK\330\347"
 113      74E3D96C 
 113      B7E46E44 
 113      871BF54F 
 113      4BD8E7
 114 02ce 704C38AC 		.ascii	"pL8\254\373\034\316\016\011m\221@\273\376\316\253\374"
 114      FB1CCE0E 
 114      096D9140 
 114      BBFECEAB 
 114      FC
 115 02df 6C9DC351 		.ascii	"l\235\303Q\344\372\370x\317F\315\341*\201\357\033\267"
 115      E4FAF878 
 115      CF46CDE1 
 115      2A81EF1B 
 115      B7
 116 02f0 F8072FD9 		.ascii	"\370\007/\331\217\334\342\250#\375\314{By,\020\331M"
 116      8FDCE2A8 
 116      23FDCC7B 
ARM GAS  /tmp/ccMCXgob.s 			page 9


 116      42792C10 
 116      D94D
 117 0302 CFD3B93A 		.ascii	"\317\323\271:\345q\344\272^~4c\270\312\231\247\267\032"
 117      E571E4BA 
 117      5E7E3463 
 117      B8CA99A7 
 117      B71A
 118 0314 573EEF25 		.ascii	"W>\357%[\340\312\343Ns\030\376\346\370\310m\216D\300"
 118      5BE0CAE3 
 118      4E7318FE 
 118      E6F8C86D 
 118      8E44C0
 119 0327 E6B8ED71 		.ascii	"\346\270\355q\337\251o\216$\322]\331\350\177\240\324"
 119      DFA96F8E 
 119      24D25DD9 
 119      E87FA0D4 
 120 0337 7612879F 		.ascii	"v\022\207\237\352\273#\351\353\216\250\350\216P\255"
 120      EABB23E9 
 120      EB8EA8E8 
 120      8E50AD
 121 0346 3BAA954F 		.ascii	";\252\225O\207\032:\203~\366\012\366\213s\006\235\271"
 121      871A3A83 
 121      7EF60AF6 
 121      8B73069D 
 121      B9
 122 0357 B87E3882 		.ascii	"\270~8\202g\220=\361;\201\273hi\2652Qr\023\324\216)"
 122      67903DF1 
 122      3B81BB68 
 122      69B53251 
 122      7213D48E 
 123 036c C579533E 		.ascii	"\305yS>*\027\217\351\370\323\316\343\233r\345\364\331"
 123      2A178FE9 
 123      F8D3CEE3 
 123      9B72E5F4 
 123      D9
 124 037d DB862B61 		.ascii	"\333\206+a7{\007\253\360\033\323\360\253\3200\362Wq"
 124      377B07AB 
 124      F01BD3F0 
 124      ABD030F2 
 124      5771
 125 038f 2CE61351 		.ascii	",\346\023QvD\360W\027\334sD\014L\215\335\244(\"\011"
 125      7644F057 
 125      17DC7344 
 125      0C4C8DDD 
 125      A4282209 
 126 03a3 8BA86074 		.ascii	"\213\250`ti\312}\0006\005\252l\305\333\342R]\03351."
 126      69CA7D00 
 126      3605AA6C 
 126      C5DBE252 
 126      5D1B3531 
 127 03b8 E7B5D560 		.ascii	"\347\265\325`\323,{\324+\274i\232\234\2461\375M3]\022"
 127      D32C7BD4 
 127      2BBC699A 
 127      9CA631FD 
 127      4D335D12 
 128 03cc A237076C 		.ascii	"\2427\007l\232U\217\373~\375\211\335\314\350\376yD7"
 128      9A558FFB 
ARM GAS  /tmp/ccMCXgob.s 			page 10


 128      7EFD89DD 
 128      CCE8FE79 
 128      4437
 129 03de 33925317 		.ascii	"3\222S\027\252\227E\037\351\260V\353\230\210\350\230"
 129      AA97451F 
 129      E9B056EB 
 129      9888E898 
 130 03ee 3076CC1A 		.ascii	"0v\314\032\034\036|\234u\376&\026\000\013\260\002\274"
 130      1C1E7C9C 
 130      75FE2616 
 130      000BB002 
 130      BC
 131 03ff 64B575BC 		.ascii	"d\265u\274\261\327z\253\263\315z~o\347\353\007:\366"
 131      B1D77AAB 
 131      B3CD7A7E 
 131      6FE7EB07 
 131      3AF6
 132 0411 5B7BDAF6 		.ascii	"[{\332\366\355\336\327\321i=\307\357;[wmo\331\326\302"
 132      EDDED7D1 
 132      693DC7EF 
 132      3B5B776D 
 132      6FD9D6C2 
 133 0425 3E169B6A 		.ascii	">\026\233j{\265\335\332\337\361\346\201N\253\365\345"
 133      7BB5DDDA 
 133      DFF1E681 
 133      4EABF5E5 
 134 0435 17776C47 		.ascii	"\027wlG|\241\345\340A\036\331\325\336\376\332\266=\344"
 134      7CA1E5E0 
 134      411ED9D5 
 134      DEFEDAB6 
 134      3DE4
 135 0447 6FD9D54C 		.ascii	"o\331\325L\010"
 135      08
 136              		.text
 137              		.section	.gnu.lto_.symbol_nodes.af4f9017b3142886,"",%progbits
 138 0000 789C6363 		.ascii	"x\234cc``\360\000b\006\246\355L\365\014\014\023\316"
 138      6060F000 
 138      6206A6ED 
 138      4CF50C0C 
 138      13CE
 139 0012 313000A9 		.ascii	"10\000\251]\015\216@\221\035L\365\214(\"\254[\231\030"
 139      5D0D8E40 
 139      911D4CF5 
 139      8C2822AC 
 139      5B9918
 140 0025 1A95808A 		.ascii	"\032\225\200\212\031w2\3253\201\245\030\030\032\032"
 140      197732D5 
 140      3381A518 
 140      181A1A
 141 0034 1C181898 		.ascii	"\034\030\030\230\201\360H\367\033y\006\000\204\253\021"
 141      81F048F7 
 141      1B790600 
 141      84AB11
 142 0043 0F       		.ascii	"\017"
 143              		.text
 144              		.section	.gnu.lto_.refs.af4f9017b3142886,"",%progbits
 145 0000 789C6363 		.ascii	"x\234cc```\004b\006\000\000D\000\010"
ARM GAS  /tmp/ccMCXgob.s 			page 11


 145      60606004 
 145      62060000 
 145      440008
 146              		.text
 147              		.section	.gnu.lto_.decls.af4f9017b3142886,"",%progbits
 148 0000 789CAD55 		.ascii	"x\234\255UmPT\327\031\276\357=\313\262\354\"X\350d\234"
 148      6D5054D7 
 148      19BEEF3D 
 148      CBB2EC22 
 148      58E8649C 
 149 0014 8E3F1CBB 		.ascii	"\216?\034\273\031\371\321p\005\377\344G\247S\\1f\332"
 149      19F9D170 
 149      05FFE447 
 149      A7535C31 
 149      66DA
 150 0026 46BA6B9B 		.ascii	"F\272k\233\351\307\314\206\217u\330\021v-\273Lp\372"
 150      E9C7CC86 
 150      8F75D811 
 150      762DBB4C 
 150      70FA
 151 0038 E70A84A8 		.ascii	"\347\012\204\250h\000c\322\210\261\022BS%\244R\022k"
 151      680063D2 
 151      88B11242 
 151      5325A452 
 151      126B
 152 004a 61515740 		.ascii	"aQW@C\011\012\322\024Q@\026\014\204@\302\227\210\002"
 152      43090AD2 
 152      14514016 
 152      0C8440C2 
 152      978802
 153 005d 49E87BCE 		.ascii	"I\350{\316\331\345^\226%\323frg\337=\347=\3479\357\307"
 153      D9E55E96 
 153      25D36672 
 153      67DF3DE7 
 153      3DE739EF 
 154 0072 73CE798F 		.ascii	"s\316y\217V\020\204'\326\011\302\033\242 \370\260\277"
 154      56108427 
 154      D609C21B 
 154      A220F8B0 
 154      BF
 155 0083 841FC1F6 		.ascii	"\204\037\301\366\252\240|T\367\240\\B\271\202\002(\355"
 155      AAA07C54 
 155      F7A05C42 
 155      B9820228 
 155      ED
 156 0094 C2CAEF45 		.ascii	"\302\312\357E\034\214\300\366\005\224-(_\240\214\243"
 156      1C8CC0F6 
 156      05942D28 
 156      5FA08CA3 
 157 00a4 74A0CCA1 		.ascii	"t\240\314\241\314\242<Bi@\321\240\214\240\014\241\334"
 157      CCA23C42 
 157      6940D1A0 
 157      8CA00CA1 
 157      DC
 158 00b5 439954F9 		.ascii	"C\231T\371\230\367\373\010\376\376\210\366\303\327\260"
 158      98F7FB08 
 158      FEFE88F6 
ARM GAS  /tmp/ccMCXgob.s 			page 12


 158      C3D7B0
 159 00c4 1F8373DF 		.ascii	"\037\203s\337\003ncP\340yD\002\217\363R\010['\0104\\"
 159      036E6350 
 159      E0794402 
 159      8FF35208 
 159      5B270834 
 160 00d9 BD74C530 		.ascii	"\275t\3050\000\375\200i\303z6\012\300\377\261\245\302"
 160      00FD8069 
 160      C37A360A 
 160      C0FFB1A5 
 160      C2
 161 00ea F4A5C007 		.ascii	"\364\245\300\007|\034GE\336\370\241T\011,\201\345\021"
 161      7C1C4745 
 161      DEF8A154 
 161      092C81E5 
 161      11
 162 00fb D16F430C 		.ascii	"\321oC\014\330e?\277\001P[\345\363\334]\340\343\014"
 162      D8653FBF 
 162      01505BE5 
 162      F3DC5DE0 
 162      E30C
 163 010d F38E6A1D 		.ascii	"\363\216j\035\037\022\025g\252%\253b\025\226\247\227"
 163      1F121567 
 163      AA25AB62 
 163      1596A797 
 164 011d 83529204 		.ascii	"\203R\222\004?\011\177}\363d\230\017\356\341\344o\005"
 164      3F097F7D 
 164      F364980F 
 164      EEE1E46F 
 164      05
 165 012e A154E700 		.ascii	"\241T\347\000:x\362\317%\265\204\210\254\377~\313B\017"
 165      3A78F2CF 
 165      25B58488 
 165      ACFF7ECB 
 165      420F
 166 0140 21D1AC9F 		.ascii	"!\321\254\237?]\363\232!\276F\346\237\256\225\010\360"
 166      3F5DF39A 
 166      21BE46E6 
 166      9FAE9508 
 166      F0
 167 0151 0F20013E 		.ascii	"\017 \001>\257-=\362F\027\023\210\321\203\210j\327T"
 167      AF2D3DF2 
 167      46171388 
 167      D183886A 
 167      D754
 168 0163 FB6903AA 		.ascii	"\373i\003\252\337\327\303zTk\216.\235\010\333\360:]"
 168      DFD7C37A 
 168      546B8E2E 
 168      9D08DBF0 
 168      3A5D
 169 0175 585A20AF 		.ascii	"XZ \257\027\341\205'\240\0366\302?a#F\323\000\033\360"
 169      17E18527 
 169      A01E36C2 
 169      3F612346 
 169      D3001BF0 
 170 0189 DFA1E196 		.ascii	"\337\241\341\226\216\376\245\304G6W\310\025>\331\333"
 170      8EFEA5C4 
ARM GAS  /tmp/ccMCXgob.s 			page 13


 170      473657C8 
 170      153ED9DB 
 171 0199 717AEBD9 		.ascii	"qz\353\331\366\"\271\023\327\375\224\341\340\002\020"
 171      F622B913 
 171      D7FD94E1 
 171      E00210
 172 01a8 B808F134 		.ascii	"\270\010\3614\211\013\324;|\000>\200\367a\000\223\360"
 172      890BD43B 
 172      7C003E80 
 172      F7610093 
 172      F0
 173 01b9 C0665C2F 		.ascii	"\300f\\/\217z\372\242\211\007X\320\035\255\357\325\351"
 173      8F7AFAA2 
 173      890758D0 
 173      1DADEFD5 
 173      E9
 174 01ca FDC6C69E 		.ascii	"\375\306\306\236*\227\275\371hJd\226\032\025K\215\301"
 174      2A97BDF9 
 174      684A6496 
 174      1A154B8D 
 174      C1
 175 01db 962E314B 		.ascii	"\226.1K\305\343\013%@\332\271\245\203\215\236\026-Z"
 175      C5E30B25 
 175      40DAB9A5 
 175      838D9E16 
 175      2D5A
 176 01ed F2C9B2F7 		.ascii	"\362\311\262\367\323\206\270\326\332Q\371\220\236\307"
 176      D386B8D6 
 176      DA51F990 
 176      9EC7
 177 01fb 7459B174 		.ascii	"tY\261t\331\317\010\\a\026\372[\317\275K\220\206-z\240"
 177      D9CF085C 
 177      6116FA5B 
 177      CFBD4B90 
 177      862D7AA0 
 178 020f 1B138D43 		.ascii	"\033\023\215C\347?\257\237_\307\207\250\331\256\222"
 178      E73FAF9F 
 178      5FC787A8 
 178      D9AE92
 179 021e 99AA7072 		.ascii	"\231\252pr\226\323}\253\260\366M\302I\324\240:}\243"
 179      96D37DAB 
 179      B0F64DC2 
 179      49D4A03A 
 179      7DA3
 180 0230 FC7E1427 		.ascii	"\374~\024'q\323\011\"\016\334Y\354\213\002}\334!Y\316"
 180      71D30922 
 180      0EDC59EC 
 180      8B027DDC 
 180      2159CE
 181 0243 972B0AE4 		.ascii	"\227+\012\344\210]\002\264 \211\315H\"\\\2078j\222\206"
 181      885D02B4 
 181      2089CD48 
 181      225C8738 
 181      6A9286
 182 0256 015771D0 		.ascii	"\001Wq\320\213\203\357P\276\275\0037\177rrF\2267\301"
 182      8B83EF50 
 182      BEBD0337 
ARM GAS  /tmp/ccMCXgob.s 			page 14


 182      7F727246 
 182      9637C1
 183 0269 35D04393 		.ascii	"5\320C\223\022\352\026=\347\373\\UY\245\226\014\262"
 183      12EA163D 
 183      E7FB5C55 
 183      59A5960C 
 183      B2
 184 027a 0844CFA9 		.ascii	"\010D\317\251\341k\342Z>\376\265\246\217\333\375\233"
 184      E16BE25A 
 184      3EFEB5A6 
 184      8FDBFD9B 
 185 028a AFBF4489 		.ascii	"\257\277D\211mE\037\037*>\320%w\362\372R\353{43:/\267"
 185      6D451F1F 
 185      2A3ED025 
 185      77F2FA52 
 185      EB7B3433 
 186 02a1 54536E6A 		.ascii	"TSnj\253\206\177H\216\021\226\370+g;\372\264O\276-W"
 186      AB867F48 
 186      8E1196F8 
 186      2B673BFA 
 186      B44FBE2D 
 187 02b6 34D13DFF 		.ascii	"4\321=\377qUs\221\\\012\014\374\0217\266\034\204\300"
 187      71557391 
 187      5C0A0CFC 
 187      1137B61C 
 187      84C0
 188 02c8 46DA6838 		.ascii	"F\332h8\355\360\244\212\244\030F\022\2245?|` \247\271"
 188      EDF0A48A 
 188      A4184612 
 188      94353F7C 
 188      6020A7B9 
 189 02dc D937BAFE 		.ascii	"\3317\272\376\236\254\307T\012\376\247Tp\301D\341\260"
 189      9EACC754 
 189      0AFEA754 
 189      70C144E1 
 189      B0
 190 02ed CFC08D6D 		.ascii	"\317\300\215m@\365\306\341\343\257\211\244\222\033\233"
 190      40F5C6E1 
 190      E3AF89A4 
 190      921B9B
 191 02fc EE6C3E12 		.ascii	"\356l>\022A\252\271\0228\3371\374|\037\271z\247(\202"
 191      41AAB912 
 191      38DF31FC 
 191      7C1FB97A 
 191      A72882
 192 030f D4F1B9B7 		.ascii	"\324\361\271\267F\353_\215&\365\\)\367\314\266\205q"
 192      46EB5F8D 
 192      26F55C29 
 192      F7CCB685 
 192      71
 193 0320 A00ED5C6 		.ascii	"\240\016\325\306\336\013\022i\342S\347\352\217\015\206"
 193      DE0B1269 
 193      E253E7EA 
 193      8F0D86
 194 032f 918FB872 		.ascii	"\221\217\270r\377b\341\234\206tp\245\263\3017\034E>"
 194      FF62E19C 
 194      867470A5 
ARM GAS  /tmp/ccMCXgob.s 			page 15


 194      B3C1371C 
 194      453E
 195 0341 E6CAA907 		.ascii	"\346\312\251\007\375\237Ep\013q\250\226t\236\351\325"
 195      FD9F4570 
 195      0B71A896 
 195      749EE9D5 
 196 0351 F143E1A5 		.ascii	"\361C\341\2457\355O\365CSQ\3446\303F\326\035^L\003#"
 196      37ED4FF5 
 196      435351E4 
 196      36C346D6 
 196      1D5E4C03 
 197 0366 FF628DC6 		.ascii	"\377b\215\3068c\245\\X\200G`\361G\217\273Fe\371x$t "
 197      3863A55C 
 197      58804760 
 197      F1478FBB 
 197      4665F978 
 198 037d A7B790C1 		.ascii	"\247\267\220\301a\210U\330\350d\304\266\320\177\201"
 198      618855D8 
 198      E864C4B6 
 198      D07F81
 199 038c AF68CBC3 		.ascii	"\257h\313\303\273RH\030\374\343`\370\277W\301\307\234"
 199      BB524818 
 199      FCE360F8 
 199      BF57C1C7 
 199      9C
 200 039d 0AFC4E30 		.ascii	"\012\374N0\\\012F\017\251\320wC\242\023\024\360\202"
 200      5C0A460F 
 200      A9D07743 
 200      A21314F0 
 200      82
 201 03ae 0A7C3B18 		.ascii	"\012|;\030\334\275*\222.U\340]\241\363T\031\037R\241"
 201      DCBD2A92 
 201      2E55E05D 
 201      A1F35419 
 201      1F52A1
 202 03c1 6F06A36F 		.ascii	"o\006\243o(\3502V\271P@#@\037\002z\331\034\205\323\303"
 202      28E83256 
 202      B9504023 
 202      401F027A 
 202      D91C85D3 
 203 03d6 398AA769 		.ascii	"9\212\247i\020\214X?\214\360\031\312\020\312\010\312"
 203      108C583F 
 203      8CF019CA 
 203      10CA08CA 
 204 03e6 00CA7D94 		.ascii	"\000\312}\224{(\237\240|\012FV\035\270\363&\225\363"
 204      7B289FA0 
 204      7C0A4656 
 204      1DB8F326 
 204      95F3
 205 03f8 FF84E658 		.ascii	"\377\204\346X\025\352\230\012\335\037:T\316\003\277"
 205      15EA980A 
 205      DD1F3A54 
 205      CE03BF
 206 0407 91DD9331 		.ascii	"\221\335\2231\0071\\\012\023\374\267Q\361<7\031SY \267"
 206      07315C0A 
 206      13FCB751 
 206      F13C3719 
ARM GAS  /tmp/ccMCXgob.s 			page 16


 206      535920B7 
 207 041b 6E65C67A 		.ascii	"ne\306zB\223\312\\\343\371zXS\323o \3475\254<\034[x"
 207      4293CA5C 
 207      E3F97A58 
 207      53D36F20 
 207      E735AC3C 
 208 0432 75241A62 		.ascii	"u$\032b\343B\362\001\237#\015\337\226\022\036\365\365"
 208      E342F201 
 208      9F230DDF 
 208      96121EF5 
 208      F5
 209 0443 792D3E2D 		.ascii	"y->-0\216F\306\224*Bs`\261\234\277VZ\255\213<\262\\"
 209      308E46C6 
 209      942A4273 
 209      60B19CBF 
 209      565AAD8B 
 210 045a 9B1850A9 		.ascii	"\233\030P\251\014_@$\253\275\330\"\370\342\304\273\027"
 210      0C5F4024 
 210      ABBDD822 
 210      F8E2C4BB 
 210      17
 211 046b D7F92F0A 		.ascii	"\327\371/\012.\326\364\325\274<\256\005cl\340RtO\250"
 211      2ED6F4D5 
 211      BC3CAE05 
 211      636CE052 
 211      744FA8
 212 047e 48A0C770 		.ascii	"H\240\307p*\3641\\\221\353\004\316s~\246\374\211Nc\242"
 212      2AF4315C 
 212      91EB04CE 
 212      737EA6FC 
 212      894E63A2 
 213 0492 9398C8CC 		.ascii	"\223\230\310\314\312D&8\375S\241\350\277\247\366\334"
 213      CA442638 
 213      FD53A1E8 
 213      BFA7F6DC 
 214 04a2 1FD233DF 		.ascii	"\037\3223\337JZ?\352Z\256\204\023\217\237~\317b-\004"
 214      4A5A3FEA 
 214      5AAE8413 
 214      8F9F7ECF 
 214      622D04
 215 04b5 D31F0809 		.ascii	"\323\037\010\011\036b$\337\034\325\310\004\243w\026"
 215      1E6224DF 
 215      1CD5C804 
 215      A37716
 216 04c4 410F147A 		.ascii	"A\017\024z\247\002\364\366\365t\265\0215\275\263+\350"
 216      A702F4F6 
 216      F574B511 
 216      35BDB32B 
 216      E8
 217 04d5 9DF3D33B 		.ascii	"\235\363\323;\307\350=\363\345\342\311(5\230\276\204"
 217      C7E83DF3 
 217      E5E2C928 
 217      3598BE84 
 218 04e5 0AF8911F 		.ascii	"\012\370\221\037\374\210\201O\367T^\026\311\207,\013"
 218      FC88814F 
 218      F7545E16 
 218      C9872C0B 
ARM GAS  /tmp/ccMCXgob.s 			page 17


 219 04f5 90A7CFCD 		.ascii	"\220\247\317\315F\340K\352e\017\374\323\335\315\354"
 219      46E04BEA 
 219      650FFCD3 
 219      DDCDEC
 220 0504 81AFF03F 		.ascii	"\201\257\360?\360\217\225\300\036\007?\313\363\354Q"
 220      F08F95C0 
 220      1E073FCB 
 220      F3EC51
 221 0513 1DA9AABF 		.ascii	"\035\251\252\277)\222!nl\242\351\270\235\214\360\376"
 221      2992216E 
 221      6CA2E9B8 
 221      9D8CF0FE 
 222 0523 DDBAC141 		.ascii	"\335\272\301A-\231\344\312L\371\365q=\231\341\312\251"
 222      2D99E4CA 
 222      4CF9F571 
 222      3D99E1CA 
 222      A9
 223 0534 BF551712 		.ascii	"\277U\027\022\362\220+}\215\007[\242\310W\\\031<\223"
 223      F2902B7D 
 223      8D075BA2 
 223      C8575C19 
 223      3C93
 224 0546 FF4918C9 		.ascii	"\377I\030\311\017c\312\343\306[\225\"/\265FT\253\275"
 224      0F63CAE3 
 224      C65B9522 
 224      2FB54654 
 224      ABBD
 225 0558 C5AD849F 		.ascii	"\305\255\204\237\240\012Zj\337\351\230?\001\244\210"
 225      A00A5A6A 
 225      DFE9983F 
 225      01A488
 226 0567 610D6F0F 		.ascii	"a\015o\017z\033E`e\226\026Z\343r\251}\272WUj\277\304"
 226      7A1B4560 
 226      6596165A 
 226      E372A97D 
 226      BA57556A 
 227 057d 6C8AC46F 		.ascii	"l\212\304o\254\235m\277W.v\201\030\004_\253\006\345"
 227      AC9D6DBF 
 227      572E7681 
 227      18045FAB 
 227      06E5
 228 058f 8B1BE1A0 		.ascii	"\213\033\341\240H\347(\234\356x\261\030\007GE#\034A"
 228      48E7289C 
 228      EE78B118 
 228      07474523 
 228      1C41
 229 05a1 39847218 		.ascii	"9\204r\030\345e\224B\224c(\257\240\274$\252\353\317"
 229      E5659442 
 229      946328AF 
 229      A0BC24AA 
 229      EBCF
 230 05b3 D8EF5696 		.ascii	"\330\357V\226\341\020q\252\352\317]\025\372\353`t\367"
 230      E11071AA 
 230      EACF5D15 
 230      FAEB6074 
 230      F7
 231 05c4 AAC2AA42 		.ascii	"\252\302\252B\177\025\032\275\242j\253\340K\301p)\270"
ARM GAS  /tmp/ccMCXgob.s 			page 18


 231      7F151ABD 
 231      A26AABE0 
 231      4BC17029 
 231      B8
 232 05d5 B67D7D97 		.ascii	"\266}}\227_.D\255\276\\7{U\227K\016\346s\325\353\242"
 232      5F2E44AD 
 232      BE5C377B 
 232      55974B0E 
 232      E673D5EB 
 233 05ea 72BC18EC 		.ascii	"r\274\030\354x\325s\321\244\332\252\205\320\350\345"
 233      78D573D1 
 233      A4DAAA85 
 233      D0E8E5
 234 05f9 8B5B7447 		.ascii	"\213[tG\3561\220bvX\304\271\351\3216-\304\305\372ks"
 234      EE319062 
 234      7658C4B9 
 234      E9D1362D 
 234      C4C5FA6B 
 235 060e 1FBB8665 		.ascii	"\037\273\206e\270\272D\\>\3554\2335v\031Jqs\277\315"
 235      B8BA445C 
 235      3EED349B 
 235      3576194A 
 235      7173BFCD 
 236 0622 46631C9E 		.ascii	"Fc\034\236r\337\007\021\352{Z&\252/\365q\221\337S\332"
 236      72DF0711 
 236      EA7B5A26 
 236      AA2FF571 
 236      91DF53DA 
 237 0636 4666A666 		.ascii	"Ff\246fY\263\2622\254v\207\335\235\"e:\263m\322\001"
 237      59B3B232 
 237      AC7687DD 
 237      9D22653A 
 237      B36DD201 
 238 064a 57A6B4C3 		.ascii	"W\246\264\303\346\332\347v\356\227\3223\355iv\247K2"
 238      E6DAE776 
 238      EE97D233 
 238      ED6976A7 
 238      4B32
 239 065c D176B7C5 		.ascii	"\321v\267\305\232\230\020\237\200?\011\207p\245\264"
 239      9A98109F 
 239      803F0987 
 239      70A5B4
 240 066b DF99E376 		.ascii	"\337\231\343vI\226=\277\330\226\310\377w&\344\345I~"
 240      49963DBF 
 240      D896C8FF 
 240      7726E4E5 
 240      497E
 241 067d 9BF1E9BA 		.ascii	"\233\361\351\272g\236\373\325&SB\202\360\313\357\332"
 241      679EFBD5 
 241      26534282 
 241      F0CBEFDA 
 242 068d B2B0DEE5 		.ascii	"\262\260\336\345\316\336\226hM\317r\246\357c\301\207"
 242      CEDE9668 
 242      4DCF72A6 
 242      EF63C187 
 243 069d DB73FEF0 		.ascii	"\333s\376\360,\266\226\357\310\025\267ow\345\304g\012"
 243      2CB696EF 
ARM GAS  /tmp/ccMCXgob.s 			page 19


 243      C815B76F 
 243      77E5C467 
 243      0A
 244 06ae 7AAB35D7 		.ascii	"z\2535\327\356p\243\356~J\312u\345HvGzVn\206Mr\330^"
 244      EE70A3EE 
 244      7E4ACA75 
 244      E5487647 
 244      7A566E86 
 245 06c6 CCB2A749 		.ascii	"\314\262\247I\331\251\350\302a\223\254\031\266\275\251"
 245      D9A9E8C2 
 245      6193AC19 
 245      B6BDA9
 246 06d5 B9596EAB 		.ascii	"\271Yn\253\373\300~\233\013\027\352\002\3136\207Z\346"
 246      FBC07E9B 
 246      0B17EA02 
 246      CB36875A 
 246      E6
 247 06e6 3AE092AC 		.ascii	":\340\222\254.w\006b\020\033m9\340r\333\262M\316\034"
 247      2E770662 
 247      101B6D39 
 247      E072DBB2 
 247      4DCE1C
 248 06f9 9B8966A5 		.ascii	"\233\211f\245\331\276\303d\016OJ\331\236\220\374\034"
 248      D9BEC364 
 248      0E4F4AD9 
 248      9E90FC1C 
 249 0709 6B13B1D5 		.ascii	"k\023\261\325&\355\332\216\215\216\016\233-{X'\221v"
 249      26EDDA8E 
 249      8D8E0E9B 
 249      2D7B5827 
 249      9176
 250 071b 88E959B3 		.ascii	"\210\351Y\263\306\264\363\031\263h\302\276\305\374\377"
 250      C6B4F319 
 250      B368C2BE 
 250      C5FCFF
 251 072a D190EECC 		.ascii	"\321\220\356\314\316v:$[\236\033\031\010&ao\302\326"
 251      CE763A24 
 251      5B9E1B19 
 251      0826616F 
 251      C2D6
 252 073c 6D796918 		.ascii	"myi\030\241\301l2Y\367`j;l{\015)\317\233\003\375\037"
 252      A1C16C32 
 252      59F7606A 
 252      3B6C7B0D 
 252      29CF9B03 
 253 0752 040E515A 		.ascii	"\004\016QZj\372\276\334\375\326\014gv\252\335\301v\205"
 253      6AFABEDC 
 253      FDD60C67 
 253      76AADDC1 
 253      7685
 254 0764 ECDE6ED6 		.ascii	"\354\336n\326\231\223-\311\346_'\357\020\223\314\242"
 254      99932DC9 
 254      E65F27EF 
 254      1093CCA2 
 255 0774 C51CBE3B 		.ascii	"\305\034\276;e\317\317\222\177c\326\320?\222d2k\236"
 255      65CFCF92 
 255      7F63D6D0 
ARM GAS  /tmp/ccMCXgob.s 			page 20


 255      3F926432 
 255      6B9E
 256 0786 37A798D7 		.ascii	"7\247\230\327\355\374y\222eW\300\342\177\001\333\347"
 256      EDFC7992 
 256      6557C0E2 
 256      7F01DBE7 
 257 0796 93A5     		.ascii	"\223\245"
 258              		.text
 259              		.section	.gnu.lto_.symtab.af4f9017b3142886,"",%progbits
 260 0000 68616C5F 		.ascii	"hal_lld_init\000"
 260      6C6C645F 
 260      696E6974 
 260      00
 261 000d 00       		.ascii	"\000"
 262 000e 00       		.ascii	"\000"
 263 000f 00       		.ascii	"\000"
 264 0010 00000000 		.ascii	"\000\000\000\000\000\000\000\000"
 264      00000000 
 265 0018 BB000000 		.ascii	"\273\000\000\000"
 266 001c 73746D33 		.ascii	"stm32_clock_init\000"
 266      325F636C 
 266      6F636B5F 
 266      696E6974 
 266      00
 267 002d 00       		.ascii	"\000"
 268 002e 00       		.ascii	"\000"
 269 002f 00       		.ascii	"\000"
 270 0030 00000000 		.ascii	"\000\000\000\000\000\000\000\000"
 270      00000000 
 271 0038 BD000000 		.ascii	"\275\000\000\000"
 272 003c 53797374 		.ascii	"SystemCoreClock\000"
 272      656D436F 
 272      7265436C 
 272      6F636B00 
 273 004c 00       		.ascii	"\000"
 274 004d 00       		.ascii	"\000"
 275 004e 00       		.ascii	"\000"
 276 004f 00000000 		.ascii	"\000\000\000\000\000\000\000\000"
 276      00000000 
 277 0057 CC000000 		.ascii	"\314\000\000\000"
 278 005b 69727149 		.ascii	"irqInit\000"
 278      6E697400 
 279 0063 00       		.ascii	"\000"
 280 0064 02       		.ascii	"\002"
 281 0065 00       		.ascii	"\000"
 282 0066 00000000 		.ascii	"\000\000\000\000\000\000\000\000"
 282      00000000 
 283 006e BF000000 		.ascii	"\277\000\000\000"
 284              		.text
 285              		.section	.gnu.lto_.opts,"",%progbits
 286 0000 272D666D 		.ascii	"'-fmath-errno' '-fsigned-zeros' '-ftrapping-math' '"
 286      6174682D 
 286      6572726E 
 286      6F272027 
 286      2D667369 
 287 0033 2D666E6F 		.ascii	"-fno-trapv' '-fno-openmp' '-fno-openacc' '-mcpu=cor"
 287      2D747261 
ARM GAS  /tmp/ccMCXgob.s 			page 21


 287      70762720 
 287      272D666E 
 287      6F2D6F70 
 288 0066 7465782D 		.ascii	"tex-m3' '-mthumb' '-O2' '-fomit-frame-pointer' '-fa"
 288      6D332720 
 288      272D6D74 
 288      68756D62 
 288      2720272D 
 289 0099 6C69676E 		.ascii	"lign-functions=16' '-ffunction-sections' '-fdata-se"
 289      2D66756E 
 289      6374696F 
 289      6E733D31 
 289      36272027 
 290 00cc 6374696F 		.ascii	"ctions' '-fno-common' '-flto'\000"
 290      6E732720 
 290      272D666E 
 290      6F2D636F 
 290      6D6D6F6E 
 291              		.text
 292              		.comm	__gnu_lto_v1,1,1
 293              		.comm	__gnu_lto_slim,1,1
 294              		.ident	"GCC: (15:7-2018-q2-6) 7.3.1 20180622 (release) [ARM/embedded-7-branch revision 261907]"
ARM GAS  /tmp/ccMCXgob.s 			page 22


DEFINED SYMBOLS
                            *ABS*:0000000000000000 hal_lld.c
                            *COM*:0000000000000001 __gnu_lto_v1
                            *COM*:0000000000000001 __gnu_lto_slim

NO UNDEFINED SYMBOLS
