ARM GAS  /tmp/cc5sVsm7.s 			page 1


   1              		.cpu cortex-m3
   2              		.eabi_attribute 20, 1
   3              		.eabi_attribute 21, 1
   4              		.eabi_attribute 23, 3
   5              		.eabi_attribute 24, 1
   6              		.eabi_attribute 25, 1
   7              		.eabi_attribute 26, 1
   8              		.eabi_attribute 30, 2
   9              		.eabi_attribute 34, 1
  10              		.eabi_attribute 18, 4
  11              		.file	"hal_st.c"
  12              		.section	.gnu.lto_.profile.84ef57db1480227f,"",%progbits
  13 0000 789C6363 		.ascii	"x\234cc```\001bF\006%!\000\000\316\000@"
  13      60606001 
  13      62460625 
  13      210000CE 
  13      0040
  14              		.text
  15              		.section	.gnu.lto_.icf.84ef57db1480227f,"",%progbits
  16 0000 789C6363 		.ascii	"x\234cc``\320a@\000v\206\245\2177nfb|\365\356\372u^"
  16      6060D061 
  16      40007686 
  16      A58F376E 
  16      66627CF5 
  17 0018 A60FBF36 		.ascii	"\246\017\2776t\3611\037\276\373\344/?\313\325\367\023"
  17      74F1311F 
  17      BEFBE42F 
  17      3FCBD5F7 
  17      13
  18 0029 7EB1B23E 		.ascii	"~\261\262>\3765\3570\023[\307\275\211\3339\030\000\020"
  18      FE35EF30 
  18      135BC7BD 
  18      89DB3918 
  18      0010
  19 003b 8916DB   		.ascii	"\211\026\333"
  20              		.text
  21              		.section	.gnu.lto_.jmpfuncs.84ef57db1480227f,"",%progbits
  22 0000 789C6363 		.ascii	"x\234cc``Pb@\000v\020\301\310\300\300\304\310\310X?"
  22      60605062 
  22      40007610 
  22      C1C8C0C0 
  22      C4C8C858 
  23 0015 87998199 		.ascii	"\207\231\201\231\201\201\005\312de``\003J\002\000-o"
  23      818105CA 
  23      64656060 
  23      034A0200 
  23      2D6F
  24 0027 0287     		.ascii	"\002\207"
  25              		.text
  26              		.section	.gnu.lto_.inline.84ef57db1480227f,"",%progbits
  27 0000 789C6363 		.ascii	"x\234cc``\230\312\200\000\354\014\014,<\214\014L@&\333"
  27      606098CA 
  27      8000EC0C 
  27      0C2C3C8C 
  27      0C4C4026 
  28 0015 027910C5 		.ascii	"\002y\020\305\300\310\005\"\030X\230\201\302L\027\370"
  28      C0C80522 
ARM GAS  /tmp/cc5sVsm7.s 			page 2


  28      18589881 
  28      C24C17F8 
  29 0025 E1E24C0C 		.ascii	"\341\342L\014l\254\214\214\014\002\214@&\333\007=\270"
  29      6CAC8C8C 
  29      0C028C40 
  29      26DB073D 
  29      B8
  30 0036 3833A652 		.ascii	"83\246R\026\220\020T)\2628+\246R6\220\251\250\0062\000"
  30      16901054 
  30      29B2382B 
  30      A6523690 
  30      A9A80632 
  31 004b 007A9D0C 		.ascii	"\000z\235\014{"
  31      7B
  32              		.text
  33              		.section	.gnu.lto_.pureconst.84ef57db1480227f,"",%progbits
  34 0000 789C6363 		.ascii	"x\234cc``\340\007bv\006\011F)&)f)\026)V)6)\000\007w"
  34      6060E007 
  34      62760609 
  34      46292629 
  34      66291629 
  35 001b 00E6     		.ascii	"\000\346"
  36              		.text
  37              		.section	.gnu.lto_stInit.84ef57db1480227f,"",%progbits
  38 0000 789C6363 		.ascii	"x\234cc``X\005\304\016@,\015\304\214\314\014\214L\023"
  38      60605805 
  38      C40E402C 
  38      0DC48CCC 
  38      0C8C4C13 
  39 0014 CE313034 		.ascii	"\316104r012\202\030\015\034\214\014\365L\214\365\214"
  39      72303132 
  39      82180D1C 
  39      8C0CF54C 
  39      8CF58C
  40 0027 3DCC5398 		.ascii	"=\314S\230\031\017\265?\333\311\244\271\274\001\010"
  40      190FB53F 
  40      DBC9A4B9 
  40      BC0108
  41 0036 0E4C9FC5 		.ascii	"\016L\237\305\326\326\320*1\207\231\201a\032\020\203"
  41      D6D6D02A 
  41      31879981 
  41      611A1083 
  42 0046 00E36646 		.ascii	"\000\343fFM\006\240\262G\033\377M\345ec\201\2103nad"
  42      4D06A0B2 
  42      471BFF4D 
  42      E5656381 
  42      88336E61 
  43 005b 63600432 		.ascii	"c`\0042\326_b=\320\360\357\177{\303\201;\213\030\367"
  43      D65F623D 
  43      D0F0EF7F 
  43      7BC3813B 
  43      8B18F7
  44 006e BA01E53A 		.ascii	"\272\001\345:\200\030hI\303\001\206Nf&\020\253\371\000"
  44      80186849 
  44      C301864E 
  44      662610AB 
  44      F900
ARM GAS  /tmp/cc5sVsm7.s 			page 3


  45 0080 C31BC6E6 		.ascii	"\303\033\306\346\005\337{\230\301\272\200F\355\334\371"
  45      05DF7B98 
  45      C1BA8046 
  45      EDDCF9
  46 008f E6367BFD 		.ascii	"\3466{\375\337\006\2169\314\214\323\230\201\3060ne\254"
  46      DF068E39 
  46      CC8CD398 
  46      81C6306E 
  46      65AC
  47 00a1 67980354 		.ascii	"g\230\003T\376\216\261i\301\357\036F\260B\020\350\000"
  47      FE8EB169 
  47      C1EF1E46 
  47      B04210E8 
  47      00
  48 00b2 CA028D60 		.ascii	"\312\002\215`b`\260\323\317\310\317M\325\257,\316\320"
  48      6260B0D3 
  48      CFC8CF4D 
  48      D5AF2CCE 
  48      D0
  49 00c3 77492DCE 		.ascii	"wI-\316.\311/\320O\316\310L\312\314/\326w\006\321\376"
  49      2EC92FD0 
  49      4FCEC84C 
  49      CACC2FD6 
  49      7706D1FE 
  50 00d7 C1F14686 		.ascii	"\301\361F\206z\206@\244\017\024\312H\314\321/.J\006"
  50      7A8640A4 
  50      0F14CA48 
  50      CCD12F2E 
  50      4A06
  51 00e9 D1F1C525 		.ascii	"\321\361\305%z\311\014\000\027aO\304"
  51      7AC90C00 
  51      17614FC4 
  52              		.text
  53              		.section	.gnu.lto_stGetCounter.84ef57db1480227f,"",%progbits
  54 0000 789C954F 		.ascii	"x\234\225O\277K[Q\030\375\316\273\311\213?\320Jqj\375"
  54      BF4B5B51 
  54      18FDCEBB 
  54      C98B3FD0 
  54      4A716AFD 
  55 0014 075C7289 		.ascii	"\007\\r\211\356]\014\210\230\342\020\207v\012\232\006"
  55      EE5D0C88 
  55      98E21087 
  55      760A9A06 
  56 0024 9E9812F1 		.ascii	"\236\230\022\361\205\202\223\327\250\304`\006)5\242"
  56      858293D7 
  56      A8C46006 
  56      2935A2
  57 0033 3E25E220 		.ascii	">%\342 \"!4\376h\325\016\017\301IQqs\023\207\026\034"
  57      222134FE 
  57      68D50E0F 
  57      C1495171 
  57      73138716 
  58 0048 4444080E 		.ascii	"DD\010\016\215\375\256\212\270\366q\337\375\356w\356"
  58      8DFDAE8A 
  58      B8F671DF 
  58      FDEE77EE 
  59 0058 B9DF39C7 		.ascii	"\271\3379\307$\242~\020\315r}\313?\004\301\230:\"\032"
ARM GAS  /tmp/cc5sVsm7.s 			page 4


  59      24A27E10 
  59      CD727DCB 
  59      3F04C198 
  59      3A221A
  60 006b A932007D 		.ascii	"\2512\000}PU\240a\003\303\310\212o\002\373\367e\367"
  60      5055A061 
  60      03C3C88A 
  60      6F02FBF7 
  60      65F7
  61 007d D5A47034 		.ascii	"\325\244p4\215\333\323\353\303\205Z\335\002\015\334"
  61      8DDBD3EB 
  61      C3855ADD 
  61      020DDC
  62 008c AE2D959D 		.ascii	"\256-\225\235\332\346\025\245R\312\235Y\364\315\227"
  62      DAE615A5 
  62      52CA9D59 
  62      F4CD97
  63 009b 4E94D711 		.ascii	"N\224\327\021\006\345\230\276\201&\254\243Ikl\242\231"
  63      06E598BE 
  63      8126ACA3 
  63      496B6CA2 
  63      99
  64 00ac 987DF1BD 		.ascii	"\230}\361\2752]gz\364-\203[0\211\215P\361\324\353\252"
  64      325D677A 
  64      F42D835B 
  64      30898D50 
  64      F1D4EBAA 
  65 00c0 CA7D5AB9 		.ascii	"\312}Z\271\267\313\330l\367\030\344\010!x\363\020M0"
  65      B7CBD86C 
  65      F718E408 
  65      2178F310 
  65      4D30
  66 00d2 933D2997 		.ascii	"\223=)\2272<\225O\243.]bo\347.3\372w\356+\236g\216)"
  66      323C954F 
  66      A32E5D62 
  66      6FE72E33 
  66      FA77EE2B 
  67 00ea FEDC9992 		.ascii	"\376\334\231\222\357\315\303\334\234\300K=\374\200\211"
  67      EFCDC3DC 
  67      9CC04B3D 
  67      FC8089
  68 00f9 9F5A8EB7 		.ascii	"\237Z\216\2679\241s\344\306\367\216}:\207\367\201yT"
  68      39A173E4 
  68      C6F78E7D 
  68      3A87F781 
  68      7954
  69 010b 285FD73C 		.ascii	"(_\327<\266z\222\207\241\374\302\237\352<\026\341\010"
  69      B67A9287 
  69      A1FCC29F 
  69      EA3C16E1 
  69      08
  70 011c 133B1C65 		.ascii	"\023;\034e[Ga<\375\373\340\244^\026\324\330\210:_\311"
  70      5B47613C 
  70      FDFBE0A4 
  70      5E16D4D8 
  70      883A5FC9 
  71 0130 3616975F 		.ascii	"6\026\227_;\302\207]\3441\315f\265\024\341\027$\333"
ARM GAS  /tmp/cc5sVsm7.s 			page 5


  71      3BC2875D 
  71      E431CD66 
  71      B514E117 
  71      24DB
  72 0142 4CDDA457 		.ascii	"L\335\244W\305\243\244`U\272B\352<s&\264AF89\307\203"
  72      C5A3A460 
  72      55BA42EA 
  72      3C7326B4 
  72      41463839 
  73 0158 0E6510BD 		.ascii	"\016e\020\275\223V\342sL\016\331\226\014\306\354\376"
  73      9356E273 
  73      4C0ED996 
  73      0CC6ECFE 
  74 0168 64624046 		.ascii	"db@F\255\276\336\276\204-\333t\355\012GZ\002\376\000"
  74      ADBEDEBE 
  74      842DDB74 
  74      ED0A475A 
  74      02FE00
  75 017b 2FC990D5 		.ascii	"/\311\220\325\023\227\366`T\327\210\235\364G\351\303"
  75      1397F660 
  75      54D7889D 
  75      F447E9C3 
  76 018b 7F3F1F48 		.ascii	"\177?\037H\014&m\031\356~\337\332\"C\241\240\014\177"
  76      0C266D19 
  76      EE7EDFDA 
  76      2243A1A0 
  76      0C7F
  77 019d 0C7777B4 		.ascii	"\014ww\264u~\011<\015\215\304\343\237\374\026\375\003"
  77      757E093C 
  77      0D8DC4E3 
  77      9FFC16FD 
  77      03
  78 01ae 43D5AC66 		.ascii	"C\325\254f"
  79              		.text
  80              		.section	.gnu.lto_stStartAlarm.84ef57db1480227f,"",%progbits
  81 0000 789C9D52 		.ascii	"x\234\235R_H\223Q\024\277\277\357\316}\313l\366\320"
  81      5F489351 
  81      14BFBFEF 
  81      CE7DCB6C 
  81      F6D0
  82 0012 43D01E7A 		.ascii	"C\320\036z\021\261\207]f\357A(Dd\3640\037\352i\350\032"
  82      11B1875D 
  82      66EF4128 
  82      4464F430 
  82      1FEA69E8 
  83 0027 6C3499F8 		.ascii	"l4\231\370\215\240\227\274Nm\226\203\202r\341\232\272"
  83      8DA097BC 
  83      4E6D9683 
  83      8272E19A 
  83      BA
  84 0038 FE110662 		.ascii	"\376\021\006b\265\312VV_3#\260,\244G\021\351aFDHI\022"
  84      B5CA5656 
  84      5F3323B0 
  84      2CA44711 
  84      E9614644 
  85 004f C6ECDC6F 		.ascii	"\306\354\334o+|\350\241:|\367\273\347\034~\347w~\347"
  85      2B7CE8A1 
ARM GAS  /tmp/cc5sVsm7.s 			page 6


  85      3A7CF7BB 
  85      E71C7EE7 
  85      777EE7
  86 0062 DE6B678C 		.ascii	"\336kg\214\275\326\030\273L\373\016Z\340\014\332\271"
  86      BDD618BB 
  86      4CFB0E5A 
  86      E00CDAB9 
  87 0072 59C6BA1C 		.ascii	"Y\306\272\034\032\240\034\351\000\353\324\320\211\004"
  87      1AA01CE9 
  87      00EBD4D0 
  87      8904
  88 0080 BFC0918F 		.ascii	"\277\300\221\217\027rZ\335\015If^\\\320O\311\336\355"
  88      17725ADD 
  88      0D49665E 
  88      5CD04FC9 
  88      DEED
  89 0092 69CE5892 		.ascii	"i\316X\222\2262dQG\250\351\365U\263\272\237\2479\240"
  89      96326451 
  89      47A8E9F5 
  89      55B3BA9F 
  89      A739A0
  90 00a5 5138B7FC 		.ascii	"Q8\267\374jh\263\0125l\245p\355\346\255\371j\276\027"
  90      6A68B30A 
  90      356CA570 
  90      EDE6ADF9 
  90      6ABE17
  91 00b8 8CFC1FF3 		.ascii	"\214\374\037\363/\227\234\265\327\245\214I\363\323y"
  91      2F979CB5 
  91      D7A58C49 
  91      F3D379
  92 00c7 2EB7A539 		.ascii	".\267\2459\307}p\"\304=\270p\027.F)\206\011\324*\374"
  92      C77D7022 
  92      C43DB870 
  92      172E4629 
  92      8609D42A 
  93 00dc FBDBC581 		.ascii	"\373\333\305\201-v[\346WO<\200\235\201\234\361\271\012"
  93      2D765BE6 
  93      574F3C80 
  93      9D819CF1 
  93      B90A
  94 00ee 5316D7E3 		.ascii	"S\026\327\343\322\\\271\206\357\373tRO%\234\212m\214"
  94      D25CB986 
  94      EFFB7452 
  94      4F259C8A 
  94      6D8C
  95 0100 F5119466 		.ascii	"\365\021\224f\221&;\3155\345u\233\254\000M\021^Y\310"
  95      91263BCD 
  95      35E5759B 
  95      AC004D11 
  95      5E59C8
  96 0113 A6AA6AAE 		.ascii	"\246\252j\256Z\002\212\303U\203\322\214\355\374\203"
  96      5A028AC3 
  96      5583D28C 
  96      EDFC83
  97 0122 066BB81C 		.ascii	"\006k\270\034jRT\377\021\261/\361\221\254\231\233r\376"
  97      6A5254FF 
  97      11B12FF1 
ARM GAS  /tmp/cc5sVsm7.s 			page 7


  97      91AC999B 
  97      72FE
  98 0134 56D4533A 		.ascii	"V\324S:\221o:W(KV\222c\203b\206\207\260\343\221RK\277"
  98      916F3A57 
  98      284B5692 
  98      63836286 
  98      87B0E391 
  99 014b 14E725A6 		.ascii	"\024\347%\246\374\2733\212\251\333\251\262\204N\366"
  99      FCBB338A 
  99      A9DBA9B2 
  99      844EF6
 100 015a E6DFE8EA 		.ascii	"\346\337\350\352\250*\254\342\331\261\325\345\312R\250"
 100      A82AACE2 
 100      D9B1D5E5 
 100      CA52A8
 101 0169 1AD82895 		.ascii	"\032\330(\225\031Z\332\224\3010\322\334\216\307\244"
 101      195ADA94 
 101      C130D2DC 
 101      8EC7A4
 102 0178 6E52A9A3 		.ascii	"nR\251\243|\2740\363\326)\306dO\227\314\234Ls\035O\220"
 102      7CBC30F3 
 102      D629C664 
 102      4F97CC9C 
 102      4C731D4F 
 103 018d C1000DAE 		.ascii	"\301\000\015\256\032+\200\231\210\215\352\236q\013p"
 103      1A2B8099 
 103      888DEA9E 
 103      710B70
 104 019c 87CA1D78 		.ascii	"\207\312\035x\012\201]\2562\002&<$KiZ\37108\261\210"
 104      0A815DAE 
 104      3202263C 
 104      244B695A 
 104      F93038B1 
 105 01b1 B2A2BFEC 		.ascii	"\262\242\277\354\347\3003\253\037\312ly\210\215\343"
 105      E7C033AB 
 105      1FCA6C79 
 105      888DE3
 106 01c0 D023C214 		.ascii	"\320#\302\024UZ\354\227\376\203\375\271\305\256\225"
 106      555AEC97 
 106      FE83FDB9 
 106      C5AE95
 107 01cf D9A72DF6 		.ascii	"\331\247-\366\311\221\304he\211]\303\013\252, \266\330"
 107      C991C468 
 107      65895DC3 
 107      0BAA2C20 
 107      B6D8
 108 01e1 BFE657A7 		.ascii	"\277\346W\247o]\003\373\214X\346\353YX\257DY\037\351"
 108      6F5D03FB 
 108      8C58E6EB 
 108      5958AF44 
 108      591FE9
 109 01f4 A3EBA707 		.ascii	"\243\353\247\007\277G\004#m\001q\302\010\212\306\200"
 109      BF470423 
 109      6D0171C2 
 109      088AC680 
 110 0204 712C1A69 		.ascii	"q,\032i\027\376`\2505\0241D\203\332\017y}\365\036\267"
 110      17FE60A8 
ARM GAS  /tmp/cc5sVsm7.s 			page 8


 110      35143144 
 110      83DA0F79 
 110      7DF51EB7 
 111 0218 873E41A9 		.ascii	"\207>A\251`KX\030\035~\265\373\214\250\333\317\364\226"
 111      604B5818 
 111      1D7EB5FB 
 111      8CA8DBCF 
 111      F496
 112 022a 56231A6A 		.ascii	"V#\032j\013\034\376g\232\366HG\324\020\336\346\203\273"
 112      0B1CFE67 
 112      9AF64847 
 112      D410DEE6 
 112      83BB
 113 023c EB455353 		.ascii	"\353ESS\243\360\036\3616\357o8p\334S&\367\205\303G\335"
 113      A3F01EF1 
 113      36EF6F38 
 113      70DC5326 
 113      F785C347 
 114 0251 41F6132D 		.ascii	"A\366\023-\203\037\275"
 114      831FBD
 115              		.text
 116              		.section	.gnu.lto_stStopAlarm.84ef57db1480227f,"",%progbits
 117 0000 789C954F 		.ascii	"x\234\225O=,CQ\024>\337\273T5a0IX\015]zS\006\233E\027"
 117      3D2C4351 
 117      143EDFBB 
 117      54356130 
 117      49580D5D 
 118 001a 540C3590 		.ascii	"T\0145\220H\032J\362D\245M_#1\365\225\3226\014\006\352"
 118      481A4AF2 
 118      44A54D5F 
 118      2331F595 
 118      D2360C06 
 119 002f AFA489C1 		.ascii	"\257\244\211\301$\"\376Y^\312&)1\033\032\022\022\203"
 119      2422FE59 
 119      5ECA2629 
 119      311B1A12 
 119      1283
 120 0041 18244C38 		.ascii	"\030$L8\267\025\261:\271\347\236s\277s\316\367\235k"
 120      B715B13A 
 120      B9E79E73 
 120      BF73CEF7 
 120      9D6B
 121 0053 23A25610 		.ascii	"#\242V\020\255rl`\207 h\013\005\242\270]\003Tb\332A"
 121      AD726C60 
 121      8720680B 
 121      05A2B85D 
 121      035462DA 
 122 0068 310D31CC 		.ascii	"1\0151\314\213E\201|\362\361Tsn\233l\326\362\232c\326"
 122      8B45817C 
 122      F2F15473 
 122      6E9B6CD6 
 122      F29A63D6 
 123 007c 9CA9CF0A 		.ascii	"\234\251\317\012\242\014\2732\354\303I\334v\277\367"
 123      A20CBB32 
 123      ECC349DC 
 123      76BFF7
 124 008b B95463AB 		.ascii	"\271Tc\253(\3438\200\215X\203vo+-\363\363+iZ\227[\330"
ARM GAS  /tmp/cc5sVsm7.s 			page 9


 124      28E33880 
 124      8D588376 
 124      6F2B2DF3 
 124      F32B695A 
 125 00a2 EBE45A8A 		.ascii	"\353\344Z\212\235EL\213\322BS\331\264E\317\310\277}"
 125      9D454C8B 
 125      D24253D9 
 125      B445CFC8 
 125      BF7D
 126 00b4 A42FEED6 		.ascii	"\244/\356\326\007~\211\022e\275M\207(\221e\004\376\212"
 126      077E8912 
 126      65BD4D87 
 126      28916504 
 126      FE8A
 127 00c6 E010361C 		.ascii	"\340\0206\034)\015\276\030\317\314\344\257\253\346D"
 127      290DBE18 
 127      CFCCE4AF 
 127      ABE644
 128 00d5 56A0D456 		.ascii	"V\240\324V\330y\177u\224\237\212\246\202\241\334\306"
 128      D8797F75 
 128      949F8AA6 
 128      82A1DCC6 
 129 00e5 53750E9B 		.ascii	"Su\016\233\310\012\015'h\3041\032I\265&\037\257nj\345"
 129      C80A0D27 
 129      68C4311A 
 129      49B5261F 
 129      AF6E6AE5 
 130 00f9 8E99889B 		.ascii	"\216\231\210\233\305\355\371\272\363\207\252\254\020"
 130      C5EDF9BA 
 130      F387AAAC 
 130      10
 131 0106 38450E4B 		.ascii	"8E\016K\274\250\322!\234A\376\325\340Up\316\343/\230"
 131      BCA8D221 
 131      9C41FED5 
 131      E05570CE 
 131      E32F98
 132 0119 2ACEAD34 		.ascii	"*\316\2554\225\376\252,\305\005\376\217F\324&\365\320"
 132      95FEAA2C 
 132      C505FE8F 
 132      46D426F5 
 132      D0
 133 012a F8889C34 		.ascii	"\370\210\2344t\351\0311\306\242\241\260\014\350\243"
 133      74E91931 
 133      C6A2A1B0 
 133      0CE8A3
 134 0139 43A32143 		.ascii	"C\243!C\266\253\330\343\3637\273]n>\222!}0(\215H@E\277"
 134      B6ABD8E3 
 134      F337BB5D 
 134      6E3E9221 
 134      7D30288D 
 135 0151 117505A8 		.ascii	"\021u\005\250\357\337\343\341P$jH_owK\263\364z=\322"
 135      EFDFE3E1 
 135      50246A48 
 135      5F6F774B 
 135      B3F47A3D 
 136 0166 D7EFEBED 		.ascii	"\327\357\353\355h\357\232p\377\220\372\203\301a\227"
 136      68EF9A70 
ARM GAS  /tmp/cc5sVsm7.s 			page 10


 136      FF90FA83 
 136      C16197
 137 0175 4EDF4ECE 		.ascii	"N\337N\316\234)"
 137      9C29
 138              		.text
 139              		.section	.gnu.lto_stSetAlarm.84ef57db1480227f,"",%progbits
 140 0000 789C9552 		.ascii	"x\234\225R=hSQ\024>\337\273\3713\326T\301A0\203K)u\310"
 140      3D685351 
 140      143EDFBB 
 140      F933D654 
 140      C1413083 
 141 0018 257517A4 		.ascii	"%u\027\244]\324\212C:\350\024\332\030H0%\245/\010.\366"
 141      5DD48A43 
 141      3AE814DA 
 141      18483025 
 141      A52F082E 
 142 002d F6B535D5 		.ascii	"\366\2655\325v\0204\021C\252\361\017\261P\242\306\277"
 142      76103411 
 142      43AAF10F 
 142      B150A2C6 
 142      BF
 143 003e AAD54744 		.ascii	"\252\325GD\020\224*E\234B\020\225\024\034\244\272tP"
 143      10942A45 
 143      9C421095 
 143      141CA4BA 
 143      7450
 144 0050 5ACF7DA9 		.ascii	"Z\317}\251\342\340\342\341\335w~\370\316w\277s\270\036"
 144      E2E0E2E1 
 144      DD777EF8 
 144      CE77BF73 
 144      B81E
 145 0062 22DA6210 		.ascii	"\"\332b\020]f\277\235\017\004\3018\263@4\3423\000\035"
 145      5D66BF9D 
 145      0F04C138 
 145      B34034E2 
 145      33001D
 146 0075 281F68D8 		.ascii	"(\037h\330\3000\246\3049\201j\2661gt\334Pl\366\371\367"
 146      C030A6C4 
 146      39816AB6 
 146      316774DC 
 146      506CF6F9 
 147 008a FE936A7C 		.ascii	"\376\223j|[Q\020\345\371hC\005\035\214z\261\266b\267"
 147      5B5110E5 
 147      F9684305 
 147      1D8C7AB1 
 147      B662B7
 148 009d 4E8AA200 		.ascii	"N\212\242\000\014N\027\227_Oo\324\251\201\315\234\376"
 148      0C4E1797 
 148      5F4F6FD4 
 148      A981CD9C 
 148      FE
 149 00ae 98B9556B 		.ascii	"\230\271Uk\025{@\034\377\254\275\\\012\264_W\312Rv\355"
 149      157B401C 
 149      FFACBD5C 
 149      0AB45F57 
 149      CA5276ED 
 150 00c2 AC505B8B 		.ascii	"\254P[\213B\340>\004\023\342\036\202\270\213 q\211\360"
ARM GAS  /tmp/cc5sVsm7.s 			page 11


 150      42E03E04 
 150      13E21E82 
 150      B88B2071 
 150      89F0
 151 00d4 00ED1AFF 		.ascii	"\000\355\032\377\361\366jn\223\307U\372}'\036\302C\340"
 151      F1F66A6E 
 151      93C755FA 
 151      7D271EC2 
 151      43E0
 152 00e6 A0BCE8B6 		.ascii	"\240\274\350\266\325\352ZV\331\237\257\341\333>7\253"
 152      D5EA5A56 
 152      D99FAFE1 
 152      DB3E37AB 
 153 00f6 E716C1CD 		.ascii	"\347\026\301\315.\242\011\206\362,\312\246S\302\320"
 153      2EA20986 
 153      F22CCAA6 
 153      53C2D0
 154 0105 D1A84D0D 		.ascii	"\321\250M\015\030\232\360J\275Rhi\273\352\010\250\317"
 154      189AF04A 
 154      BD526869 
 154      BBEA08A8 
 154      CF
 155 0116 B45C50B6 		.ascii	"\264\\P\266\265\343\037\032\234\341\346\320V\340\376"
 155      B5E31F1A 
 155      9CE1E6D0 
 155      56E0FE
 156 0125 2FB0BE67 		.ascii	"/\260\276g/U\354\371\347\201?\212\306\232\033\251\373"
 156      2F55ECF9 
 156      E7813F8A 
 156      C69A1BA9 
 156      FB
 157 0136 854639B2 		.ascii	"\205F9\262\362\002\177)&<\202\007\217\265Z\376\025\204"
 157      F2027F29 
 157      263C8207 
 157      8FB55AFE 
 157      1584
 158 0148 683255DF 		.ascii	"h2U\337\235\326L\243\001]et~\274\372\306\253W\345v\232"
 158      9DD64CA3 
 158      015D6574 
 158      7EBCFAC6 
 158      AB57E576 
 159 015d 17665796 		.ascii	"\027fW\226\375\315T_\340\342RiziC\011\027Q\024\036\314"
 159      FDCD545F 
 159      E0E25269 
 159      7A694309 
 159      1751141E 
 160 0172 B3BA275A 		.ascii	"\263\272'Z\035\327\263\215Wo\003rV\215\215\250\322\211"
 160      1DD7B38D 
 160      576F0372 
 160      568D8DA8 
 160      D289
 161 0184 A2F0E229 		.ascii	"\242\360\342)J\310\361\340\372b\015\260\247\254\233"
 161      4AC8F1E0 
 161      FA620DB0 
 161      A7AC9B
 162 0193 DE70D901 		.ascii	"\336p\331\001\334\341v\037\236Abgp\035\001\033a\226"
 162      DCE1761F 
ARM GAS  /tmp/cc5sVsm7.s 			page 12


 162      9E416267 
 162      701D011B 
 162      6196
 163 01a5 C57BB13E 		.ascii	"\305{\261>L\226\343z\002g\024\372\012\253\364)\007g"
 163      4C96E37A 
 163      026714FA 
 163      0AABF429 
 163      0767
 164 01b7 D3DA2678 		.ascii	"\323\332&x.^!?\232\3352\221\036\210\313\343fBv\307\315"
 164      2E5E213F 
 164      9ADD3291 
 164      1E88CBE3 
 164      664276C7 
 165 01cc A399F4A0 		.ascii	"\243\231\364\240\214%\222\375\311\264)\273\264?\030"
 165      8C2592FD 
 165      C9B429BB 
 165      B43F18
 166 01db 89768643 		.ascii	"\211v\206Ca\376$\227\022})i\016\305\264\217\232\231"
 166      61FE2497 
 166      127D2969 
 166      0EC5B48F 
 166      9A99
 167 01ed 508CBC7D 		.ascii	"P\214\274}\375f&9\020?\364\3374\203\351\241\214)#\275"
 167      FD662639 
 167      103FF4DF 
 167      3483E9A1 
 167      8C2923BD 
 168 0201 077675CA 		.ascii	"\007vu\312\236\236n\0319\034\351\335\333\265\377Xx\235"
 168      9E9E6E19 
 168      391CE9DD 
 168      DBB5FF58 
 168      789D
 169 0213 3C9A4A1D 		.ascii	"<\232J\035\011%\350\027\313\272\341\324"
 169      0925E817 
 169      CBBAE1D4 
 170              		.text
 171              		.section	.gnu.lto_stGetAlarm.84ef57db1480227f,"",%progbits
 172 0000 789C9550 		.ascii	"x\234\225PMK\033Q\024\275g^2\211\015\265\245+\261\371"
 172      4D4B1B51 
 172      14BD675E 
 172      32890DB5 
 172      A52BB1F9 
 173 0014 037691C7 		.ascii	"\003v\221\307\330\275\033\335\210\212\213\270\320Uh"
 173      D8BD1BDD 
 173      888A8BB8 
 173      D05568
 174 0023 5361C494 		.ascii	"Sa\304\224\210\023\012]\371\214\2214\230\205\213\032"
 174      88130A5D 
 174      F98C9134 
 174      98858B1A 
 175 0033 691D65C4 		.ascii	"i\035e\304\205H\021\321~k+\203\320\225\242\342/\220"
 175      854811D1 
 175      7E6B2B83 
 175      D095A2E2 
 175      2F90
 176 0045 525AE8A2 		.ascii	"RZ\350\242H\027\015\335h\357U\221n}\314{\367\335\303"
 176      48170DDD 
ARM GAS  /tmp/cc5sVsm7.s 			page 13


 176      68EF5591 
 176      6E7DCC7B 
 176      F7DDC3
 177 0058 9973CF79 		.ascii	"\231s\317y6\021M\203\350\005\327\273\274\241\010\326"
 177      36114D83 
 177      E805D7BB 
 177      BCA108D6 
 178 0068 F43ED178 		.ascii	"\364>\321x\334\002\344b\342\2401\013c\250\252\347\012"
 178      DC02E462 
 178      E2A0310B 
 178      63A8AAE7 
 178      0A
 179 0079 5FCEEAE1 		.ascii	"_\316\352\341\255)\345\013\215\333\243\223\275\371\204"
 179      AD29E50B 
 179      8DDBA393 
 179      BDF984
 180 0088 B4C06D6E 		.ascii	"\264\300mn_-\326\375D\313\2621E\023\316\326\022s\033"
 180      5F2DD6FD 
 180      44CBB231 
 180      4513CED6 
 180      12731B
 181 009b 8726EA2B 		.ascii	"\207&\352+\213jL\177\203$^#)3\336\242\205\230\375u\375"
 181      8B6A4C7F 
 181      83245E23 
 181      2933DEA2 
 181      8598FD75 
 182 00b0 74E6A61D 		.ascii	"t\346\246\035\011\024\011\201\361w\260\211\275\320\332"
 182      09140981 
 182      F177B089 
 182      BDD0DA
 183 00bf 513434A7 		.ascii	"Q44\247ge\023~[\302zW\304\"_)\305G\204\350\0313\331"
 183      6765137E 
 183      5BC27A57 
 183      C4225F29 
 183      C54784E8 
 184 00d6 9609A9C2 		.ascii	"\226\011\251\302\302|\233\010\351'v\266\377V&\376\314"
 184      C27C9B08 
 184      E92776B6 
 184      FF5626FE 
 184      CC
 185 00e7 F9B8922D 		.ascii	"\371\270\222-\031^\341\354B\242\371\\\267\246\360\337"
 185      195EE1EC 
 185      42A2F95C 
 185      B7A6F0DF 
 186 00f7 48C27BD8 		.ascii	"H\302{\330\370 \343\370x\251$Jmr\347 &Q\242\347\314"
 186      F820E3F8 
 186      78A9244A 
 186      6D72E720 
 186      2651A2E7 
 187 010c FDD5FAC9 		.ascii	"\375\325\372\311\215\213V\224\"\014\005\363?\032\002"
 187      8D8B5694 
 187      220C05F3 
 187      3F1A02
 188 011b 2CC05736 		.ascii	",\300W669\315GI\303x\371\373\356a\243^5\245qs\274\\"
 188      3639CD47 
 188      49C378F9 
 188      FBEE61A3 
ARM GAS  /tmp/cc5sVsm7.s 			page 14


 188      5E35A571 
 189 0132 6DDA5EBA 		.ascii	"m\332^\272\343\253\030\266\020`\206\315\312(a\205\325"
 189      E3AB18B6 
 189      106086CD 
 189      CA286185 
 189      D5
 190 0143 E24ACC59 		.ascii	"\342J\314Y\023V\260i\371*\216O\320\270\227\274d\340"
 190      1356B069 
 190      F92A8E4F 
 190      D0B897BC 
 190      64E0
 191 0155 331C0E52 		.ascii	"3\034\016R\374]^Q\027\246\024\373\242_(\036W\016\242"
 191      FC5D5E51 
 191      17A614FB 
 191      A25F281E 
 191      570EA2
 192 0168 1281117E 		.ascii	"\022\201\021~\033~\000Hl\213\250M\273\371\307\203\372"
 192      1B7E0048 
 192      6C8BA84D 
 192      BBF9C783 
 192      FA
 193 0179 A9E7EA8E 		.ascii	"\251\347\352\216Ao\270\220\037\321Yw\350\341P\336\323"
 193      416FB890 
 193      1FD15977 
 193      E8E150DE 
 193      D3
 194 018a ED527BD3 		.ascii	"\355R{\323\231V'\345\360\247\031r\037\344\2647\232\225"
 194      995627E5 
 194      F0A71972 
 194      1FE4B437 
 194      9A95
 195 019c 9AF10AA9 		.ascii	"\232\361\012\251,\365_\373\367\221\374h\301\323\351"
 195      2CF55FFB 
 195      F791FC68 
 195      C1D3E9
 196 01ab BE9EFBAD 		.ascii	"\276\236\373\255\272\273\273C\247\007\322}\235\355]"
 196      BABBBB43 
 196      A707D27D 
 196      9DED5D
 197 01ba 4F9C4BD1 		.ascii	"O\234K\321L.\367(\345\322?(!\267\021"
 197      4C2EF728 
 197      E5D23F28 
 197      21B711
 198              		.text
 199              		.section	.gnu.lto_stIsAlarmActive.84ef57db1480227f,"",%progbits
 200 0000 789C9590 		.ascii	"x\234\225\220\315K[A\024\305\357\231y\211Z\211n\272"
 200      CD4B5B41 
 200      14C5EF99 
 200      79895A89 
 200      6EBA
 201 0012 9036FF80 		.ascii	"\2206\377\200\233L\243\373nt#Q\\\304E\273\0126\012O"
 201      9B4CA3FB 
 201      6E742351 
 201      5CC445BB 
 201      0A360A4F 
 202 0026 1A89F882 		.ascii	"\032\211\370\202P\020\034\215&\015\272p\321DZ^K\240"
 202      50101C8D 
ARM GAS  /tmp/cc5sVsm7.s 			page 15


 202      260DBA70 
 202      D1445A5E 
 202      4BA0
 203 0038 0B712152 		.ascii	"\013q!R\374\326.\036\212P(\250t\321\322BA\244T\020\025"
 203      FCD62E1E 
 203      8A5028A8 
 203      74D1D242 
 203      41A45410 
 204 004d 772214F5 		.ascii	"w\"\024\365N\236H\267\0163\367\316\3349s~3\023$\242"
 204      4E9E48B7 
 204      0E33F7CE 
 204      DC39737E 
 204      331324A2 
 205 0061 1C88DE72 		.ascii	"\034\210\336r~\314\003\222 \246w\211F\253\005`&\272"
 205      7ECC0392 
 205      20A67789 
 205      46AB0560 
 205      26BA
 206 0073 1A342230 		.ascii	"\0324\"0\202)\371F\242X\330\374\021j\234\325zL{3\337"
 206      8229F946 
 206      A258D8FC 
 206      116A9CD5 
 206      7A4C7B33 
 207 0088 6B73D989 		.ascii	"ks\331\211\006W\022\225\370Xs\030O\302\306b\021\215"
 207      06571295 
 207      F8587318 
 207      4FC2C662 
 207      118D
 208 009a C4D2C34F 		.ascii	"\304\322\303OW\305P\3202{\\\\B\220\230C\013\337\002"
 208      57C550D0 
 208      327B5C5C 
 208      42909843 
 208      0BDF02
 209 00ad 9EBEBACE 		.ascii	"\236\276\272\316k\357\317G\374\216\005\004\271\222\241"
 209      6BEFCF47 
 209      FC8E0504 
 209      B992A1
 210 00bc 1C2C324E 		.ascii	"\034,2N\364\232\003s\265G\005)\314,\353\3211\2666.\013"
 210      F49A0373 
 210      B5470529 
 210      CC2CEBD1 
 210      31B6362E 
 211 00d1 D91D77F8 		.ascii	"\331\035w\370\316w\\s\363f~\325>\252x\227$\376gb\031"
 211      CE775C73 
 211      F3667ED5 
 211      3EAA7897 
 211      24FE6762 
 212 00e6 41AC1824 		.ascii	"A\254\030$\207wR\360Vibk\257jR\272RT\224\273\363\027"
 212      877752F0 
 212      5669626B 
 212      AF6A52BA 
 212      525494BB 
 213 00fc E70FFCA5 		.ascii	"\347\017\374\245q\262\270T~\177TS\306\007\270Rb\015"
 213      71B2B854 
 213      7E7F5453 
 213      C607B852 
 213      620D
ARM GAS  /tmp/cc5sVsm7.s 			page 16


 214 010e 61AC829F 		.ascii	"a\254\202\237\303\365\374\337\257\373uj^\217\217\352"
 214      C3F5FCDF 
 214      AFFB756A 
 214      5E8F8FEA 
 215 011e 83D9A987 		.ascii	"\203\331\251\207_\266\353]ia\035e\024\371\256\006E\330"
 215      5FB6EB5D 
 215      69611D65 
 215      14F9AE06 
 215      45D8
 216 0130 80E25B66 		.ascii	"\200\342[f\377\345~\326\370H\351Sw\256/\274z\203\001"
 216      FFE57ED6 
 216      F848E953 
 216      77AE2FBC 
 216      7A8301
 217 0143 0436D990 		.ascii	"\0046\331\220E+\3719\351\213,\326\261h\341d\3752\344"
 217      452BF939 
 217      E98B2CD6 
 217      B168E164 
 217      FD32E4
 218 0156 8B089F59 		.ascii	"\213\010\237Yt\206\261\203\302i\300<\214ET\371\025\230"
 218      7486B183 
 218      C269C03C 
 218      8C4554F9 
 218      1598
 219 0168 BF10444F 		.ascii	"\277\020DO\225\235\356\357U\257\034[\265\366:/3\351"
 219      959DEEEF 
 219      55AF1C5B 
 219      B5F63A2F 
 219      33E9
 220 017a 0195B4FB 		.ascii	"\001\225\264\373^\364\245\035\325brg<\321\024\215D\271"
 220      5EF4A51D 
 220      D5627267 
 220      3CD1148D 
 220      44B9
 221 018c 2B2ED9DD 		.ascii	"+.\331\335)\345\014&MN8\231H\222\236\335\373\370@z0"
 221      29E50C26 
 221      4D4E3899 
 221      48929EDD 
 221      FBF8407A 
 222 01a1 E3A87857 		.ascii	"\343\250xWGs\223jooU\361\347\361\256\266\226\330P\364"
 222      4773936A 
 222      6F6F55F1 
 222      E7F1AEB6 
 222      96D850F4 
 223 01b5 D634914A 		.ascii	"\3264\221J\365Dl\272\001y\021\262\253"
 223      F5446CBA 
 223      017911B2 
 223      AB
 224              		.text
 225              		.section	.gnu.lto_.symbol_nodes.84ef57db1480227f,"",%progbits
 226 0000 789C55C8 		.ascii	"x\234U\310\271\015\2000\020\005\321\3617\340\266\240"
 226      B90D8030 
 226      1005D1F1 
 226      37E0B6A0 
 227 0010 B27509A4 		.ascii	"\262u\011\244\344\264\300e\250\201\032\250\004a\221"
 227      E4B4C065 
 227      A8811AA8 
ARM GAS  /tmp/cc5sVsm7.s 			page 17


 227      046191
 228 001f 6D301AE9 		.ascii	"m0\032\351u\300TC\213\014\306\033\352J\036\252\254\262"
 228      75C05443 
 228      8B0CC61B 
 228      EA4A1EAA 
 228      ACB2
 229 0031 E06593C9 		.ascii	"\340e\223\311\313.\213^\016Y\343\245\310Z/\247\254s"
 229      CB2E8B5E 
 229      0E59E3A5 
 229      C85A2FA7 
 229      AC73
 230 0043 122E59FA 		.ascii	"\022.Y\372\005r\356!\222\230\2377\360\001\375\"'*"
 230      0572EE21 
 230      92989F37 
 230      F001FD22 
 230      272A
 231              		.text
 232              		.section	.gnu.lto_.refs.84ef57db1480227f,"",%progbits
 233 0000 789C6363 		.ascii	"x\234cc```\004b\006\000\000D\000\010"
 233      60606004 
 233      62060000 
 233      440008
 234              		.text
 235              		.section	.gnu.lto_.decls.84ef57db1480227f,"",%progbits
 236 0000 789CB558 		.ascii	"x\234\265X{PT\327\031\277\347\236]\\\226g\211c\375\303"
 236      7B5054D7 
 236      19BFE79E 
 236      5D5C9667 
 236      8963FDC3 
 237 0014 993A8E11 		.ascii	"\231:\216\021\246\017V\320i\322\2316\215Y\255q\022\223"
 237      A60F56D0 
 237      69D29936 
 237      8D59AD71 
 237      1293
 238 0026 76B13369 		.ascii	"v\2613i\377\350\206\340\2460\345\341\260k:\371\247\271"
 238      FFE886E0 
 238      A630E5E1 
 238      B06B3AF9 
 238      A7B9
 239 0038 B028881A 		.ascii	"\260(\210\032A\361\001\202\200((R\036\032@@`\345%( "
 239      41F10182 
 239      80282852 
 239      1E1A4040 
 239      60E52528 
 240 004d 8251F105 		.ascii	"\202Q\361\005\032C\242&\200\370\212\274\266\3379\347"
 240      1A43A226 
 240      80F88ABC 
 240      B6DF39E7 
 241 005d DEBD970B 		.ascii	"\336\275\227\013\2336\223\351\035\276\275\347;\347;"
 241      9B3693E9 
 241      1DBEBDE7 
 241      3BE73B
 242 006c BFEF791E 		.ascii	"\277\357y\036\027\017\216\343\262\346s\\\014\346\270"
 242      170F8EE3 
 242      B2E6735C 
 242      0CE6B8
 243 007b 37798E73 		.ascii	"7y\216s\302\243\203\276\263@\010\310\301\261\207\364"
ARM GAS  /tmp/cc5sVsm7.s 			page 18


 243      C2A383BE 
 243      B34008C8 
 243      C1B187F4 
 244 008b B5017500 		.ascii	"\265\001u\000u\001]\004\272\004\324\007t\003\350\026"
 244      75015D04 
 244      BA04D407 
 244      7403E816 
 245 009b 37FBD909 		.ascii	"7\373\331\011\000\000\313\275\0174\010\324*\366\363"
 245      0000CBBD 
 245      0F3408D4 
 245      2AF6F3
 246 00aa 22D65C73 		.ascii	"\"\326\\s\366 \246+\000h\276\250?\020h\031\320/a\354"
 246      F620A62B 
 246      0068BEA8 
 246      3F106819 
 246      D02F61EC 
 247 00be 1740C3A2 		.ascii	"\027@\303\242m?C\014\213\330\024\214fc\035\204>OQ\277"
 247      6D3F430C 
 247      8BD8148C 
 247      66631D84 
 247      3E4F51BF 
 248 00d2 1A4FC29A 		.ascii	"\032O\302\232\344\030\036\261s\001\360\013\201~*\342"
 248      E4181EB1 
 248      7301F00B 
 248      817E2AE2 
 249 00e2 123F9723 		.ascii	"\022?\227#\246\353\367*\374\\\3405\"\266\332.i>\211"
 249      A6EBF72A 
 249      FC5CE035 
 249      22B6DA2E 
 249      693E89
 250 00f5 D1AA39EC 		.ascii	"\321\2529\354*\370\001v!\321.\202G\342m\024\355yK\205"
 250      2AF80176 
 250      21D12E82 
 250      47E26D14 
 250      ED794B85 
 251 0109 5B24627E 		.ascii	"[$b~_\334\346\302$\371[/b\276\253\302\254\006^\013\357"
 251      5FDCE6C2 
 251      24F95B2F 
 251      62BEABC2 
 251      AC065E0B 
 252 011e 2B2ADBD4 		.ascii	"+*\333\324~\222\374\377i\016?30::>1\212\267c\264L\217"
 252      7E92FCFF 
 252      690E3F33 
 252      303A3A3E 
 252      318AB763 
 253 0135 9C4E0C1D 		.ascii	"\234N\014\035e\337\324\274\360a\035d<;u\352\220\036"
 253      65DFD4BC 
 253      F0611D64 
 253      3C3B75EA 
 253      901E
 254 0147 F3B49D94 		.ascii	"\363\264\235\224\326\\\353\031\\\"\260G\227\2029T\211"
 254      D65CEB19 
 254      5C22B047 
 254      97823954 
 254      89
 255 0158 B084D478 		.ascii	"\260\204\324x\241\243\320\033\257\243\222\255\316\347"
 255      A1A3D01B 
ARM GAS  /tmp/cc5sVsm7.s 			page 19


 255      AFA392AD 
 255      CEE7
 256 0166 0E3F0009 		.ascii	"\016?\000\011\320#\036\330\336\321\316\034/`\347\353"
 256      D0231ED8 
 256      DED1CE1C 
 256      2F60E7EB 
 257 0176 917F06E6 		.ascii	"\221\177\006\346K\263&'\375\220>(E\020\022\2054\273"
 257      4BB32627 
 257      FD903E28 
 257      45101285 
 257      34BB
 258 0188 A00DE250 		.ascii	"\240\015\342P\015Z\204N\243E\034\252CADw\025\012\346"
 258      0D5A844E 
 258      A3451CAA 
 258      43414477 
 258      150AE6
 259 019b D067D079 		.ascii	"\320g\320y\012:\013\211>\307WY\313\366'\013\002\217"
 259      0A3A0B89 
 259      3EC75759 
 259      CBF6270B 
 259      028F
 260 01ad 6A911E55 		.ascii	"j\221\036U#Le\300\321ezf@C\372\215!=ND\304\002>\261"
 260      234C65C0 
 260      D1657A66 
 260      4043FA8D 
 260      213D4E44 
 261 01c5 67EF63B7 		.ascii	"g\357c\267:\032\334\352\0308\036\332\262\205\350\250"
 261      3A1ADCEA 
 261      18381EDA 
 261      B285E8A8 
 262 01d5 071D6764 		.ascii	"\007\035gd\035\240\222)\331Uyc\322\017\2272%U\345\215"
 262      1DA09229 
 262      D9557963 
 262      D20F9732 
 262      2555E58D 
 263 01e9 537A774A 		.ascii	"SzwJ\316\272Ur\256\354\2679\227\005a1r\200\222FYI=U"
 263      CEBA5572 
 263      AEECB739 
 263      97056131 
 263      72809246 
 264 0201 427A4151 		.ascii	"BzAQ\355\331\372F\257\001t\013A\002\221?\0152B\354\027"
 264      EDD9FA46 
 264      AF01740B 
 264      4102913F 
 264      0D3242EC 
 265 0216 DE8428EF 		.ascii	"\336\204(\357\224\036\304\372\241\227g/Q\2240\322\024"
 265      941EC4FA 
 265      A197672F 
 265      519430D2 
 265      14
 266 0227 E4EAE145 		.ascii	"\344\352\341E\014^\302\245\177\"\000R\242\262q\246N"
 266      0C5EC2A5 
 266      7F220052 
 266      A2B271A6 
 266      4E
 267 0238 7A5879B1 		.ascii	"zXy\261\206b\036\353\342ee\212)\263l\345\\\303.\243"
 267      86621EEB 
ARM GAS  /tmp/cc5sVsm7.s 			page 20


 267      E265658A 
 267      29B36CE5 
 267      5CC32EA3 
 268 024c 64279158 		.ascii	"d'\221XSE\331\231\332At\033\006\377\312qi\272XZ\\\311"
 268      5345D999 
 268      DA41741B 
 268      06FFCA71 
 268      69BA585A 
 269 0262 278707B4 		.ascii	"'\207\007\264x\234\246\000\225\354pfh\027\356#q\205"
 269      789CA600 
 269      95EC7066 
 269      6817EE23 
 269      7185
 270 0274 04F8F3E8 		.ascii	"\004\370\363\350\375\005\256\024p\250\025-\204\337X"
 270      FD05AE14 
 270      70A8152D 
 270      84DF58
 271 0283 0D43AB39 		.ascii	"\015C\2539X\226\256_\222'\344\015\012\216\213\355+\017"
 271      5896AE5F 
 271      9227E40D 
 271      0A8E8BED 
 271      2B0F
 272 0295 746E157A 		.ascii	"tn\025z`\336\353T\016\265\310\211h!U\215\232\321 BM"
 272      60DEEB54 
 272      0EB5C889 
 272      6821558D 
 272      9AD12042 
 273 02aa 6800B4B7 		.ascii	"h\000\264\267\241%d\376\265\211\244y\330\301\026\303"
 273      A12564FE 
 273      B589A479 
 273      D8C116C3 
 274 02ba AE6F6BCE 		.ascii	"\256ok\316\352\224\212I2e\315\355347t;\2074\240y\020"
 274      EA948A49 
 274      3265CDED 
 274      33343774 
 274      3B8734A0 
 275 02d0 344F672F 		.ascii	"4Og/\310\267\013\307\004R\000 \205\316\311z\317\251"
 275      C8B70BC7 
 275      04520020 
 275      85CEC97A 
 275      CFA9
 276 02e2 F57650BD 		.ascii	"\365vP\275\366\222\353\251Z\334\305\364~\323\277e\033"
 276      F692EBA9 
 276      5ADCC5F4 
 276      7ED3BF65 
 276      1B
 277 02f3 D6F0AC4E 		.ascii	"\326\360\254N\210\002\350k\272\327\325\247q\033\204"
 277      8802E86B 
 277      BAD7D5A7 
 277      711B84
 278 0302 4E6ACA05 		.ascii	"Nj\312\005$\332\3225\234y\314O\262\345\220w\226\340"
 278      24DAD235 
 278      9C79CC4F 
 278      B2E59077 
 278      96E0
 279 0314 481448C5 		.ascii	"H\024H\305\203\030:/\333r^mK\027\265\245c\342\244/\276"
 279      83183A2F 
ARM GAS  /tmp/cc5sVsm7.s 			page 21


 279      DB725E6D 
 279      4B17B5A5 
 279      63E2A42F 
 280 0329 CE4C491F 		.ascii	"\316LI\037\331\226\343#\"=\010r\001\221`v\313@\335j"
 280      D996E323 
 280      223D0872 
 280      01916076 
 280      CB40DD6A 
 281 033d A08B1468 		.ascii	"\240\213\024h\367\251\347\271Z<\304\220\372[\267\037"
 281      F7A9E7B9 
 281      5A3CC490 
 281      FA5BB71F 
 282 034d D28A48D7 		.ascii	"\322\212H\327\177>\303\244\036\031\251G\215t\211\"\225"
 282      7F3EC3A4 
 282      1E19A947 
 282      8D748922 
 282      95
 283 035e 3CE939E9 		.ascii	"<\3519\351\203\0371\244\234S\366\351y\"\322\355\222"
 283      831F31A4 
 283      9C53F6E9 
 283      7922D2ED 
 283      92
 284 036f 9991EE95 		.ascii	"\231\221\356\225\241z\325P}\024*\245\377\201C\203'\031"
 284      A17AD550 
 284      7D142AA5 
 284      FF814383 
 284      2719
 285 0381 54576BDF 		.ascii	"TWk\337\201yx\007&\214\346`K\325\260\027\362\\\204 "
 285      81797807 
 285      268CE660 
 285      4BD5B017 
 285      F25C8420 
 286 0395 AC282899 		.ascii	"\254((\231,x\301\236\346\0173W,B\313a\271\367\303r\277"
 286      2C78C19E 
 286      E60F3357 
 286      2C42CB61 
 286      B9F7C372 
 287 03aa 82608747 		.ascii	"\202`\207GWA\344\032D>K\320\321\236,\001\366\007\177"
 287      5741E41A 
 287      443E4BD0 
 287      D19E2C01 
 287      F6077F
 288 03bd DA2C94F6 		.ascii	"\332,\224\366N\216\260\350sq\367d\211q\266\215\226\314"
 288      4E8EB0E8 
 288      7371F764 
 288      8971B68D 
 288      96CC
 289 03cf A8282222 		.ascii	"\250(\"\"\247\361\372\214\212:\331Z~\302W\362\263T\316"
 289      A7F1FA8C 
 289      8A3AD95A 
 289      7EC257F2 
 289      B354CE
 290 03e2 2248A1CB 		.ascii	"\"H\241\313\262\237\227\325~\336\240~>\3321\222\347"
 290      B29F97D5 
 290      7EDEA07E 
 290      3EDA3192 
 290      E7
ARM GAS  /tmp/cc5sVsm7.s 			page 22


 291 03f3 877753D7 		.ascii	"\207wS\327\220\363Q\351\025\032|\330\232\236?\\Yb\337"
 291      90F351E9 
 291      151A7CD8 
 291      9A9E3F5C 
 291      5962DF
 292 0406 BA53C847 		.ascii	"\272S\310GlQ\334\224\241n\212\306\302\226D .%\225gc"
 292      6C51DC94 
 292      A16E8AC6 
 292      C2964420 
 292      2E259567 
 293 041b B6C56B08 		.ascii	"\266\305k\010bW\326\027\276l\213_\014l\356\344D\246"
 293      6257D617 
 293      BE6C8B5F 
 293      0C6CEEE4 
 293      44A6
 294 042d AF772A09 		.ascii	"\257w*\011S\236]\360|\223\202\015\200/\267\251/\203"
 294      539E5DF0 
 294      7C93820D 
 294      802FB7A9 
 294      2F83
 295 043f C89B42C1 		.ascii	"\310\233B\301\033\204\253\357\354m\364dP\327\210AYu"
 295      1B84ABEF 
 295      EC6DF464 
 295      50D78841 
 295      5975
 296 0451 4FCE6B19 		.ascii	"O\316k\031\257#\303\303'\252}\030\264\203\014\367\015"
 296      AF23C3C3 
 296      27AA7D18 
 296      B4830CF7 
 296      0D
 297 0462 E52779B3 		.ascii	"\345'y\263\341\036\3027_97\252\301\317\2313\267\332"
 297      E11EC237 
 297      5F3937AA 
 297      C1CF9933 
 297      B7DA
 298 0474 8F9F2066 		.ascii	"\217\237 f\005\222\363\314\351\364S\234h\201\354D\353"
 298      0592F3CC 
 298      E9F4539C 
 298      6881EC44 
 298      EB
 299 0485 DD357664 		.ascii	"\3355vd\036\236\242\342\374@\377\304M_i\007\247\226"
 299      1E9EA2E2 
 299      FC40FFC4 
 299      4D5F6907 
 299      A796
 300 0497 722E33D1 		.ascii	"r.3\321\003Hi\240\270\203\177\005\235C\212\243\350\265"
 300      034869A0 
 300      B8837F05 
 300      9D438AA3 
 300      E8B5
 301 04a9 CC315256 		.ascii	"\3141RV\367a\015~-\307(P<%\216\037I?\354\201S4TG\335"
 301      F7610D7E 
 301      2DC72850 
 301      3C258E1F 
 301      493FEC81 
 302 04c2 C12F5B79 		.ascii	"\301/[yw:\276u\253c\340\370\2226z\024}\003:\036\312"
 302      773ABE75 
ARM GAS  /tmp/cc5sVsm7.s 			page 23


 302      AB63E0F8 
 302      92367A14 
 302      7D033A1E 
 303 04d7 3AEE4B47 		.ascii	":\356KG\321\201\336\2125z\000\265\377O\2400\241\263"
 303      D181DE8A 
 303      357A00B5 
 303      FF4FA030 
 303      A1B3
 304 04e9 73A24B8B 		.ascii	"s\242K\213\323\251Uh{ke\233\230\277v\302g\3246\327y"
 304      D3A95568 
 304      7B6B659B 
 304      98BF76C2 
 304      67D436D7 
 305 04fe E10C36F8 		.ascii	"\341\0146\370E\352\335f\017\234\311\030)\376\001b\374"
 305      45EADD66 
 305      0F9CC918 
 305      29FE0162 
 305      FC
 306 050f 736F3C85 		.ascii	"so<\205\315!\207\015\326U\237i\023s\265\\q\322\007\320"
 306      CD21870D 
 306      D6559F69 
 306      1373B55C 
 306      71D207D0 
 307 0523 931E550D 		.ascii	"\223\036U\015u\264\351Y\352\004\004|}\357\315\327\361"
 307      75B4E959 
 307      EA04047C 
 307      7DEFCDD7 
 307      F1
 308 0534 6136B369 		.ascii	"a6\263i\254\274HL#\271w\014\2465;\375\210;\202X1\320"
 308      ACBC484C 
 308      23B9770C 
 308      A6353BFD 
 308      883B8258 
 309 054a 2F17CC38 		.ascii	"/\027\3148q\032\031\026\241\027\314\225\247i\345\177"
 309      711A1916 
 309      A117CC95 
 309      A769E57F 
 310 055a 0848A34B 		.ascii	"\010H\243K\0056p\015\215\321s\220~F\245'P\2004\207\010"
 310      0536700D 
 310      8DD17390 
 310      7E46A527 
 310      50803487 
 311 056f 27DC397A 		.ascii	"'\3349z\333W)=\374}\322\245\005G\367\353q!3\362\340"
 311      DB57293D 
 311      FC7DD2A5 
 311      0547F7EB 
 311      712133F2 
 312 0584 E35BF7C5 		.ascii	"\343[\367\305\322\014\002\266\360Y\235]\207\213\331"
 312      D20C02B6 
 312      F0599D5D 
 312      878BD9
 313 0593 D89E869C 		.ascii	"\330\236\206\234\256y\270\2241R\375\007\260\372O\274"
 313      AE79B894 
 313      3152FD07 
 313      B0FA4FBC 
 314 05a3 FA063EC9 		.ascii	"\372\006>\311F\032\323w\337B\270\2121\303I_\016\212"
 314      461AD377 
ARM GAS  /tmp/cc5sVsm7.s 			page 24


 314      DF42B88A 
 314      31C3495F 
 314      0E8A
 315 05b5 F15908EC 		.ascii	"\361Y\010\354\336\013\017\003q\035\033\232no\016\304"
 315      DE0B0F03 
 315      711D1B9A 
 315      6E6F0EC4 
 316 05c5 6759BBAD 		.ascii	"gY\273\255\352X\021\302\347\0303\226\325\366P\217/0"
 316      EA5811C2 
 316      E7183396 
 316      D5F6508F 
 316      2F30
 317 05d7 26AF37FB 		.ascii	"&\2577\373\264\016w3\246\360\273}p\345\352c\314\345"
 317      B40E7733 
 317      A6F0BB7D 
 317      70E5EA63 
 317      CCE5
 318 05e9 9ACF53BC 		.ascii	"\232\317S\274\3605\306\244TT\034\360\3027\031\223X\327"
 318      F035C6A4 
 318      54541CF0 
 318      C2371993 
 318      58D7
 319 05fb 9F2EDEC6 		.ascii	"\237.\336\306\006\011\177\357\350\275<O1+\036\300\247"
 319      06097FEF 
 319      E8BD3C4F 
 319      312B1EC0 
 319      A7
 320 060c F6763E47 		.ascii	"\366v>Gx\220\011\247\217\216\355\361p\233\2074^\314"
 320      789009A7 
 320      8F8EEDF1 
 320      709B8734 
 320      5ECC
 321 061e C3729A86 		.ascii	"\303r\232\206\352\312\202\021\235:\017_\200\364]*\235"
 321      EACA8211 
 321      9D3A0F5F 
 321      80F45D2A 
 321      9D
 322 062f CE074873 		.ascii	"\316\007Hs\210tKK\375\024R\347\301\235\364\002Gr\336"
 322      88744B4B 
 322      FD1452E7 
 322      C19DF402 
 322      4772DE
 323 0642 162FB494 		.ascii	"\026/\264\224=/-\225\236 \362sXH\262\013\216\221l\234"
 323      3D2F2D95 
 323      9E20F273 
 323      5848B20B 
 323      8E916C9C 
 324 0656 5A71EF52 		.ascii	"Zq\357R\202pd!\205r\302\"\311\342_\222\327\3014\305"
 324      82706421 
 324      8572C222 
 324      C9E25F92 
 324      D7C134C5 
 325 066a 1D20BF1C 		.ascii	"\035 \277\034\233\362\340\023\330)\2230\025\337\312"
 325      9BF2E013 
 325      D8299330 
 325      15DFCA
 326 0679 ABC49378 		.ascii	"\253\304\223x\"\036\"K\237WH\247\252\245\231\321\222"
ARM GAS  /tmp/cc5sVsm7.s 			page 25


 326      221E224B 
 326      9F5748A7 
 326      AAA599D1 
 326      92
 327 068a 7482E0B8 		.ascii	"t\202\340\270\233\202\023\250\370$\012@\337\211\266"
 327      9B8213A8 
 327      F8240A40 
 327      DF89B6
 328 0699 4865869E 		.ascii	"He\206\236\316\262\245W\201\276mnt\245\370u\205x\212"
 328      CEB2A557 
 328      81BE6D6E 
 328      74A5F875 
 328      85788A
 329 06ac 5AFC1952 		.ascii	"Z\374\031R\231~7\025\313\342\217\324\201\031U\240\247"
 329      997E3715 
 329      CBE28FD4 
 329      811955A0 
 329      A7
 330 06bd 8BF910E0 		.ascii	"\213\371\020\340\202\200>\345\027\241\2354\014D\036"
 330      82803EE5 
 330      17A19D34 
 330      0C441E
 331 06cc 36107484 		.ascii	"6\020t\204\017B\207\370\245\350 \320^\240\375@\007\200"
 331      0F4287F8 
 331      A5E820D0 
 331      5EA0FD40 
 331      0780
 332 06de 0A813280 		.ascii	"\012\2012\200\262\201\362\200r\201\216\001\355\001*"
 332      B281F280 
 332      72818E01 
 332      ED012A
 333 06ed 02DA0774 		.ascii	"\002\332\007t\030(\007(\023\350(P>P\001\277\224\036"
 333      18280728 
 333      13E82850 
 333      3E5001BF 
 333      941E
 334 06ff 23CCCC26 		.ascii	"#\314\314&\205S\333\325N\031\324!\030SHo\231;{3\"\246"
 334      8553DBD5 
 334      4E19D421 
 334      1853486F 
 334      993B7B33 
 335 0715 8CC1D8DC 		.ascii	"\214\301\330\3341P\204l\374_\262\364\2169mQ\0107\245"
 335      3150846C 
 335      FC5FB2F4 
 335      8E396D51 
 335      0837A5
 336 0728 28B013D5 		.ascii	"(\260\023\325\322\011\263l\031W\230n\237[\\\201>\246"
 336      D209B36C 
 336      1957986E 
 336      9F5B5C81 
 336      3EA6
 337 073a B4FC4BB5 		.ascii	"\264\374K\265\345\367f\227\265\322\232'j\371\3073\345"
 337      E5F76697 
 337      B5D29A27 
 337      6AF9C733 
 337      E5
 338 074b A148C753 		.ascii	"\241H\307S\305R\335\315\007\240]\2429\322JDw\344\310"
ARM GAS  /tmp/cc5sVsm7.s 			page 26


 338      C552DDCD 
 338      07A05DA2 
 338      39D24A44 
 338      77E4C8
 339 075e B0A3E8D9 		.ascii	"\260\243\350\331t@\002\324\007\221\342\304cHN\341p*"
 339      744002D4 
 339      0791E2C4 
 339      63484EE1 
 339      702A
 340 0770 AEF94C10 		.ascii	"\256\371L\020\266yP\345#s\033\253\254LE$\222\347\256"
 340      B67950E5 
 340      23731BAB 
 340      AC4C4524 
 340      92E7AE
 341 0783 E3194954 		.ascii	"\343\031IT\2726\245F\177\252F?\257\024\027\324\360\323"
 341      BA36A546 
 341      7FAA463F 
 341      AF1417D4 
 341      F0D3
 342 0795 B238B92B 		.ascii	"\2628\271+t^9\346\213k\264\364\224\256L\351/\361CA/"
 342      745E39E6 
 342      8B6BB4F4 
 342      94AE4CE9 
 342      2FF14341 
 343 07aa 318FBBB7 		.ascii	"1\217\273\267c;\361\370\004\314>\316\273\316^\022\000"
 343      633BF1F8 
 343      04CC3ECE 
 343      BBCE5E12 
 343      00
 344 07bb 372B0615 		.ascii	"7+\006\025\303B\371\177/\032\362]\330\230_\255Q\336"
 344      C342F97F 
 344      2F1AF25D 
 344      D8985FAD 
 344      51DE
 345 07cd AC4E28   		.ascii	"\254N("
 346 07d0 1CE45009 		.ascii	"\034\344P\011\317nV\360\006\341\027\271\305\223>\270"
 346      CF6E56F0 
 346      06E117B9 
 346      C5933EB8 
 347 07e0 957A88FA 		.ascii	"\225z\210\372\276j\331J\256\214\216Ar\317[\\V\360\351"
 347      BE6AD94A 
 347      AE8C8E41 
 347      72CF5B5C 
 347      56F0E9
 348 07f3 4E212F41 		.ascii	"N!/Ax\375Mz9\376\267\354%4g^\032Kyr\343\313?\365$\313"
 348      78FD4D7A 
 348      39FEB7EC 
 348      2534675E 
 348      1A4B7972 
 349 080d 075F6360 		.ascii	"\007_c`\311m\225w\260\010\366\3544.\201\012\200\313"
 349      C96D9577 
 349      B008F6EC 
 349      342E810A 
 349      80CB
 350 081f 4A9386DE 		.ascii	"J\223\206\336\331\313d\25425V9\305\032i\277\033\212"
 350      D9CB64AC 
 350      32355639 
ARM GAS  /tmp/cc5sVsm7.s 			page 27


 350      C51A69BF 
 350      1B8A
 351 0831 1F32A882 		.ascii	"\0372\250\202\0075\315\342\025\302\007\330\233\2073"
 351      0735CDE2 
 351      15C207D8 
 351      9B8733
 352 0840 8E6AD8E9 		.ascii	"\216j\330\351\3645\031\316\357z\274O\217_0\331\211\257"
 352      F43519CE 
 352      EF7ABC4F 
 352      8F5F30D9 
 352      89AF
 353 0852 33FA1193 		.ascii	"3\372\021\223%\376\015\325f\264\350\335\036VU\322aU"
 353      25FE0DD5 
 353      66B4E8DD 
 353      1E5655D2 
 353      6155
 354 0864 C9D3D3EA 		.ascii	"\311\323\323\352\363\357\352\307\275q\242\007\275\320"
 354      F3EFEAC7 
 354      BD71A207 
 354      BDD0
 355 0872 97D88B47 		.ascii	"\227\330\213G5(\210]\350\365\212\213y\035\257G\325\274"
 355      3528885D 
 355      E8F58A8B 
 355      791DAF47 
 355      D5BC
 356 0884 EB624E6F 		.ascii	"\353bNo\357\243\237\220nz\243'oz\223\023\012\004\274"
 356      EFA39F90 
 356      6E7AA327 
 356      6F7A9313 
 356      0A04BC
 357 0897 D075FD3F 		.ascii	"\320u\375?\015\031\257\243\372j\241 j\230BA\350\031"
 357      0D19AFA3 
 357      FA6AA120 
 357      6A984241 
 357      E819
 358 08a9 D1CA071E 		.ascii	"\321\312\007\036\242\330\247`\374$]\360g\350\201W%\035"
 358      A2D8A760 
 358      FC245DF0 
 358      67E88157 
 358      251D
 359 08bb 8F15D9ED 		.ascii	"\217\025\331\355/<\365\"v\312\177\303v\356\317~4O\211"
 359      2F3CF522 
 359      76CA7FC3 
 359      76EECF7E 
 359      344F89
 360 08ce 5DFF7DD8 		.ascii	"]\377}\330\275\305E\025\272\227\013\204\036\007\371"
 360      BDC54515 
 360      BA970B84 
 360      1E07F9
 361 08dd F45D9A5B 		.ascii	"\364]\232[(\244\224\2033\015\260\374?\203d\301\267\235"
 361      28A49483 
 361      330DB0FC 
 361      3F8364C1 
 361      B79D
 362 08ef 626E05F4 		.ascii	"bn\005\364\374\215\347P#\3772L\275\341\254\311\363\301"
 362      FC8DE750 
 362      23FF324C 
ARM GAS  /tmp/cc5sVsm7.s 			page 28


 362      BDE1ACC9 
 362      F3C1
 363 0901 C9346A68 		.ascii	"\3114jhk\357\375K\330UC\257\326\332\267K5D.\370\016"
 363      6BEFFD4B 
 363      D85543AF 
 363      D6DAB74B 
 363      35442EF8 
 364 0916 39EF0E75 		.ascii	"9\357\016u\336\317\322\2747\336?\222\245\301\231\014"
 364      DECFD2BC 
 364      37DE3F92 
 364      A5C1990C 
 365 0926 ACE8E9E4 		.ascii	"\254\350\351\344)\255\0106v\006\263o\230|\366\331\327"
 365      29AD0836 
 365      7606B36F 
 365      987CF6D9 
 365      D7
 366 0937 244335A9 		.ascii	"$C5\251\241\232)Tf\316\2232\017\\\314\240\256\366'\325"
 366      A19A2954 
 366      66CE9332 
 366      0F5CCCA0 
 366      AEF627D5 
 367 094b 8875E1A5 		.ascii	"\210u\341\245\370\242\230/~QL\215\366L\211wM\362\277"
 367      F8A2982F 
 367      7E514C8D 
 367      F64C8977 
 367      4DF2BF
 368 095e 9589F6AD 		.ascii	"\225\211\366\255\271\310m\331\264Kes\216E\272\341Bo"
 368      B9C86DD9 
 368      B44B6573 
 368      8E45BAE1 
 368      426F
 369 0970 BFAF3A8B 		.ascii	"\277\257:\213m\020\255V\032\255\016\032\351v)\322\227"
 369      6D10AD56 
 369      1AAD0E1A 
 369      E97629D2 
 369      97
 370 0981 6FEF30AA 		.ascii	"o\3570\252\323\342V8%\347\301S?WZV\026\213i9/\246\005"
 370      D3E25638 
 370      25E7C153 
 370      3F575A56 
 370      168B6939 
 371 0998 BE6F1573 		.ascii	"\276o\025s[\304\264\\\240i\251\332\277\3675|\232y\237"
 371      5BC4B45C 
 371      A069A9DA 
 371      BFF7357C 
 371      9A799F
 372 09ab D837FD4C 		.ascii	"\3307\375L\353\312JP\303\314\225\335)\207\262S\035\312"
 372      EBCA4A50 
 372      C3CC95DD 
 372      2987B253 
 372      1DCA
 373 09bd 2E1ACAEC 		.ascii	".\032\312\354\252\3412\204;\030\330\276m\335\337\372"
 373      AAE13284 
 373      3B18D8BE 
 373      6DDDDFFA 
 374 09cd C83695A8 		.ascii	"\3106\225\250l\352\233aS\267h\323EjS\367d{\205\007\276"
 374      6CEA9B61 
ARM GAS  /tmp/cc5sVsm7.s 			page 29


 374      53B768D3 
 374      456A53F7 
 374      647B8507 
 375 09e2 CA70763F 		.ascii	"\312pv?\251\331\341-o7\355r\251\220o\324\036\331\250"
 375      A9D9E12D 
 375      6F37ED72 
 375      A9906FD4 
 375      1ED9A8
 376 09f5 1EB55197 		.ascii	"\036\265Q\227\370%\334\357\014\221q1\026\303\307\326"
 376      F825DCEF 
 376      0C917131 
 376      16C3C7D6 
 377 0a05 48C36A8B 		.ascii	"H\303j\213\365\037\266\270M\206\210\310\250\017\242"
 377      F51FB6B8 
 377      4D8688C8 
 377      A80FA2
 378 0a14 E2AC0623 		.ascii	"\342\254\006#y\277\033f\016\015\011\016\201?\003tE\206"
 378      79BF1B66 
 378      0E0D090E 
 378      813F0374 
 378      4586
 379 0a26 471BACF1 		.ascii	"G\033\254\361\021\344m\266\332\202#tk\337\371\363bc"
 379      11E46DB6 
 379      DA822374 
 379      6BDFF9F3 
 379      6263
 380 0a38 4808A737 		.ascii	"H\010\2477\2337G\305\332B~m\266\375\312\260\331\032"
 380      9B3747C5 
 380      DA427E6D 
 380      B6FDCAB0 
 380      D91A
 381 0a4a 6F888A8D 		.ascii	"o\210\212\215\210\336\274\321b\210\265\3743:\352\003"
 381      88DEBCD1 
 381      6288B5FC 
 381      333AEA03 
 382 0a5a 434C38A0 		.ascii	"CL8\240\306Z\014\346\215\226\017\3037G\333\314\266\217"
 382      C65A0CE6 
 382      8D960FC3 
 382      3747DBCC 
 382      B68F
 383 0a6c 3759ACC1 		.ascii	"7Y\254\301\221\234N\232\266d\256i\326\217\255\006P\264"
 383      919C4E9A 
 383      B664AE69 
 383      D68FAD06 
 383      50B4
 384 0a7e 116440D6 		.ascii	"\021d@\326\023X[T\214\305l[\365\203\254\216\267\271"
 384      13585B54 
 384      8CC56C5B 
 384      F583AC8E 
 384      B7B9
 385 0a90 70232209 		.ascii	"p#\"\011\000`yXm\353b\243l\257\375(\3679o\253m\255\305"
 385      00607958 
 385      6DEB62A3 
 385      6CAFFD28 
 385      F7396FAB 
 386 0aa7 668CDB1C 		.ascii	"f\214\333\034k\263\304\003\023f\013\217\267\255\212"
 386      6BB3C403 
ARM GAS  /tmp/cc5sVsm7.s 			page 30


 386      13660B8F 
 386      B7AD8A
 387 0ab6 0E8F8FF1 		.ascii	"\016\217\217\361\"L\334&\332\326C\333b\223\232k\305"
 387      224CDC26 
 387      DAD643DB 
 387      62939A6B 
 387      C5
 388 0ac7 A61F5860 		.ascii	"\246\037X`\245\255U\021\266\250\217,Z\363\033qq\321"
 388      A5AD5511 
 388      B6A88F2C 
 388      5AF31B71 
 388      71D1
 389 0ad9 30CF1C1D 		.ascii	"0\317\034\035\275\321\034\005\306\275\367\203\215\333"
 389      BDD11C05 
 389      C6BDF783 
 389      8DDB
 390 0ae7 14176FB3 		.ascii	"\024\027o\263\032\3026\254_\021jx\373\355\325\206\260"
 390      1AC236AC 
 390      5F116A78 
 390      FBEDD586 
 390      B0
 391 0af8 BF846D58 		.ascii	"\277\204mXg|\353\243\020\321d\002\015\316k\215\306\365"
 391      677CEBA3 
 391      10D16402 
 391      0DCE6B8D 
 391      C6F5
 392 0b0a A61562CE 		.ascii	"\246\025b\316V\204\232m:\251\301\277k\322\254^\277\312"
 392      56849A6D 
 392      3AA9C1BF 
 392      6BD2AC5E 
 392      BFCA
 393 0b1c 84571B4D 		.ascii	"\204W\033M\2327Vo0a\243\321\204M@\253L&\374\3070#6\276"
 393      9A37566F 
 393      3061A3D1 
 393      844D40AB 
 393      4C26FCC7 
 394 0b34 B3416334 		.ascii	"\263Ac4\2561Q\214P\372\033\202\327\2545\361a0s\335\032"
 394      AE31518C 
 394      50FA1B82 
 394      D7AC35F1 
 394      613073DD 
 395 0b49 93266C3D 		.ascii	"\223&l=H\033M\241@! \371\236)\354G\273\261a\335zp\301"
 395      481B4DA1 
 395      402120F9 
 395      9E29EC47 
 395      BBB161DD 
 396 0b60 6A8B2126 		.ascii	"j\213!&F\305\200\007^.\306l\013\020C\366w\213\315\034"
 396      46C58007 
 396      5E2EC66C 
 396      0B1043F6 
 396      778BCD1C 
 397 0b74 C1522175 		.ascii	"\301R!uYI>\314\341$\310>f\363\207\233c#\314\346\340"
 397      59493ECC 
 397      E124C83E 
 397      66F3879B 
 397      6323CCE6 
 398 0b89 575EF9CD 		.ascii	"W^\371\315+:\211\323DD\206\307\377\304%\036\267\211"
ARM GAS  /tmp/cc5sVsm7.s 			page 31


 398      2B3A89D3 
 398      444486C7 
 398      FFC4251E 
 398      B789
 399 0b9b 49FB4B3D 		.ascii	"I\373K=\226\331\323_]\276\322_\241r\366\360\253\013"
 399      96D9D35F 
 399      5DBED25F 
 399      A172F6F0 
 399      AB0B
 400 0bad A4245AD9 		.ascii	"\244$Z\331\2509\234f\370?\212/;Y"
 400      A8399C66 
 400      F83F8A2F 
 400      3B59
 401              		.text
 402              		.section	.gnu.lto_.symtab.84ef57db1480227f,"",%progbits
 403 0000 7374496E 		.ascii	"stInit\000"
 403      697400
 404 0007 00       		.ascii	"\000"
 405 0008 00       		.ascii	"\000"
 406 0009 00       		.ascii	"\000"
 407 000a 00000000 		.ascii	"\000\000\000\000\000\000\000\000"
 407      00000000 
 408 0012 C6000000 		.ascii	"\306\000\000\000"
 409 0016 73744765 		.ascii	"stGetCounter\000"
 409      74436F75 
 409      6E746572 
 409      00
 410 0023 00       		.ascii	"\000"
 411 0024 00       		.ascii	"\000"
 412 0025 00       		.ascii	"\000"
 413 0026 00000000 		.ascii	"\000\000\000\000\000\000\000\000"
 413      00000000 
 414 002e C9000000 		.ascii	"\311\000\000\000"
 415 0032 73745374 		.ascii	"stStartAlarm\000"
 415      61727441 
 415      6C61726D 
 415      00
 416 003f 00       		.ascii	"\000"
 417 0040 00       		.ascii	"\000"
 418 0041 00       		.ascii	"\000"
 419 0042 00000000 		.ascii	"\000\000\000\000\000\000\000\000"
 419      00000000 
 420 004a CD000000 		.ascii	"\315\000\000\000"
 421 004e 73745374 		.ascii	"stStopAlarm\000"
 421      6F70416C 
 421      61726D00 
 422 005a 00       		.ascii	"\000"
 423 005b 00       		.ascii	"\000"
 424 005c 00       		.ascii	"\000"
 425 005d 00000000 		.ascii	"\000\000\000\000\000\000\000\000"
 425      00000000 
 426 0065 CF000000 		.ascii	"\317\000\000\000"
 427 0069 73745365 		.ascii	"stSetAlarm\000"
 427      74416C61 
 427      726D00
 428 0074 00       		.ascii	"\000"
 429 0075 00       		.ascii	"\000"
ARM GAS  /tmp/cc5sVsm7.s 			page 32


 430 0076 00       		.ascii	"\000"
 431 0077 00000000 		.ascii	"\000\000\000\000\000\000\000\000"
 431      00000000 
 432 007f D1000000 		.ascii	"\321\000\000\000"
 433 0083 73744765 		.ascii	"stGetAlarm\000"
 433      74416C61 
 433      726D00
 434 008e 00       		.ascii	"\000"
 435 008f 00       		.ascii	"\000"
 436 0090 00       		.ascii	"\000"
 437 0091 00000000 		.ascii	"\000\000\000\000\000\000\000\000"
 437      00000000 
 438 0099 D3000000 		.ascii	"\323\000\000\000"
 439 009d 73744973 		.ascii	"stIsAlarmActive\000"
 439      416C6172 
 439      6D416374 
 439      69766500 
 440 00ad 00       		.ascii	"\000"
 441 00ae 00       		.ascii	"\000"
 442 00af 00       		.ascii	"\000"
 443 00b0 00000000 		.ascii	"\000\000\000\000\000\000\000\000"
 443      00000000 
 444 00b8 DB000000 		.ascii	"\333\000\000\000"
 445 00bc 73745F6C 		.ascii	"st_lld_init\000"
 445      6C645F69 
 445      6E697400 
 446 00c8 00       		.ascii	"\000"
 447 00c9 02       		.ascii	"\002"
 448 00ca 00       		.ascii	"\000"
 449 00cb 00000000 		.ascii	"\000\000\000\000\000\000\000\000"
 449      00000000 
 450 00d3 DD000000 		.ascii	"\335\000\000\000"
 451              		.text
 452              		.section	.gnu.lto_.opts,"",%progbits
 453 0000 272D666D 		.ascii	"'-fmath-errno' '-fsigned-zeros' '-ftrapping-math' '"
 453      6174682D 
 453      6572726E 
 453      6F272027 
 453      2D667369 
 454 0033 2D666E6F 		.ascii	"-fno-trapv' '-fno-openmp' '-fno-openacc' '-mcpu=cor"
 454      2D747261 
 454      70762720 
 454      272D666E 
 454      6F2D6F70 
 455 0066 7465782D 		.ascii	"tex-m3' '-mthumb' '-O2' '-fomit-frame-pointer' '-fa"
 455      6D332720 
 455      272D6D74 
 455      68756D62 
 455      2720272D 
 456 0099 6C69676E 		.ascii	"lign-functions=16' '-ffunction-sections' '-fdata-se"
 456      2D66756E 
 456      6374696F 
 456      6E733D31 
 456      36272027 
 457 00cc 6374696F 		.ascii	"ctions' '-fno-common' '-flto'\000"
 457      6E732720 
 457      272D666E 
ARM GAS  /tmp/cc5sVsm7.s 			page 33


 457      6F2D636F 
 457      6D6D6F6E 
 458              		.text
 459              		.comm	__gnu_lto_v1,1,1
 460              		.comm	__gnu_lto_slim,1,1
 461              		.ident	"GCC: (15:7-2018-q2-6) 7.3.1 20180622 (release) [ARM/embedded-7-branch revision 261907]"
ARM GAS  /tmp/cc5sVsm7.s 			page 34


DEFINED SYMBOLS
                            *ABS*:0000000000000000 hal_st.c
                            *COM*:0000000000000001 __gnu_lto_v1
                            *COM*:0000000000000001 __gnu_lto_slim

NO UNDEFINED SYMBOLS
