ARM GAS  /tmp/ccpFHQSr.s 			page 1


   1              		.cpu cortex-m3
   2              		.eabi_attribute 20, 1
   3              		.eabi_attribute 21, 1
   4              		.eabi_attribute 23, 3
   5              		.eabi_attribute 24, 1
   6              		.eabi_attribute 25, 1
   7              		.eabi_attribute 26, 1
   8              		.eabi_attribute 30, 2
   9              		.eabi_attribute 34, 1
  10              		.eabi_attribute 18, 4
  11              		.file	"hal_st_lld.c"
  12              		.section	.gnu.lto_.profile.bb84974eefad531d,"",%progbits
  13 0000 789C6363 		.ascii	"x\234cc```\001bF\2060U\000\001I\000\207"
  13      60606001 
  13      62468630 
  13      55000149 
  13      0087
  14              		.text
  15              		.section	.gnu.lto_.icf.bb84974eefad531d,"",%progbits
  16 0000 789C6363 		.ascii	"x\234cc``\220b@\000\026\206\315\215\033'\3621\376^\263"
  16      60609062 
  16      40001686 
  16      CD8D1B27 
  16      F231FE5E 
  17 0015 B99F9FE9 		.ascii	"\271\237\237\351\374\327\017\033\330\230\373\237\314"
  17      FCD70F1B 
  17      D898FB9F 
  17      CC
  18 0022 B9CAC400 		.ascii	"\271\312\304\000\000\240o\013\367"
  18      00A06F0B 
  18      F7
  19              		.text
  20              		.section	.gnu.lto_.jmpfuncs.bb84974eefad531d,"",%progbits
  21 0000 789C6363 		.ascii	"x\234cc``\010d@\000\026\020\301\010\244\031\24703>="
  21      60600864 
  21      40001610 
  21      C108A419 
  21      A730333E 
  22 0015 39B98DA7 		.ascii	"9\271\215\247\233y\0163\003\243\014\343fF\031\006\306"
  22      9B790E33 
  22      03A30CE3 
  22      66461906 
  22      C6
  23 0026 032C8C32 		.ascii	"\003,\2142@\014T\002\224\356\372u\275\217\003\"\315"
  23      400C5402 
  23      94EEFA75 
  23      BD8F0322 
  23      CD
  24 0037 C1B8052A 		.ascii	"\301\270\005*\315\001\226f\002\232\302\0146\020\000"
  24      CD019666 
  24      029AC20C 
  24      361000
  25 0046 A8A90EB9 		.ascii	"\250\251\016\271"
  26              		.text
  27              		.section	.gnu.lto_.inline.bb84974eefad531d,"",%progbits
  28 0000 789C6363 		.ascii	"x\234cc``\310b@\000\026\006\0066>F\006&\226\005\362"
  28      6060C862 
ARM GAS  /tmp/ccpFHQSr.s 			page 2


  28      40001606 
  28      06363E46 
  28      06269605 
  29 0015 0C6C0BE4 		.ascii	"\014l\013\344\231@b\214\\ \202AT\026(.\267\341\025#"
  29      9940628C 
  29      5C208241 
  29      5416282E 
  29      B7E11523 
  30 0029 5C829987 		.ascii	"\\\202\231\207\201\201\011\204x\371\201RB\027z\030Q"
  30      81810984 
  30      78F98152 
  30      42177A18 
  30      51
  31 003a F53033B0 		.ascii	"\36503\260\2121\202T\240\031\005\"\030\000\026\033\010"
  31      8A318254 
  31      A0190522 
  31      1800161B 
  31      08
  32 004b 48       		.ascii	"H"
  33              		.text
  34              		.section	.gnu.lto_.pureconst.bb84974eefad531d,"",%progbits
  35 0000 789C6363 		.ascii	"x\234cc``\340\002b\026\206]\214\214RLR\314\022\000\010"
  35      6060E002 
  35      6216865D 
  35      8C8C524C 
  35      52CC1200 
  36 0015 050122   		.ascii	"\005\001\""
  37              		.text
  38              		.section	.gnu.lto_st_lld_serve_interrupt.part.0.bb84974eefad531d,"",%progbits
  39 0000 789C9D53 		.ascii	"x\234\235S]O\024W\030~\3379\303\356\352R\343\017\360"
  39      5D4F1457 
  39      187EDF39 
  39      C3EEEA52 
  39      E30FF0
  40 0013 6209D9A4 		.ascii	"b\011\331\244&\302\2005\261\027\275\260\201\033\242"
  40      26C28035 
  40      B117BDB0 
  40      811BA2
  41 0022 9BAACB85 		.ascii	"\233\252\313\205\206\013\204q\323\335\3122dfK$^p\\\261"
  41      860B8471 
  41      D3DDCA32 
  41      64664B24 
  41      5E705CB1 
  42 0036 42C4AA89 		.ascii	"B\304\252\211]\320\214A$D4\201Z\240-\037\012\010\375"
  42      5DD08C41 
  42      24443481 
  42      5AA02D1F 
  42      0A08FD
  43 0049 B0543E44 		.ascii	"\260T>D\355GHD!r\2435\321\013\3234)\355\373\016+\301"
  43      ED474844 
  43      2172A335 
  43      D10BD334 
  43      29EDFB0E 
  44 005f 85D4D093 		.ascii	"\205\324\320\223\335s\316\234\347\274\317<\347y\316"
  44      DD73CE9C 
  44      E7BCCF3C 
  44      E779CE
ARM GAS  /tmp/ccpFHQSr.s 			page 3


  45 006e B800609F 		.ascii	"\270\000`\237\012\320\215\000Y4\3074@\365\3148MTT\234"
  45      0AD08D00 
  45      5934C734 
  45      40F5CC38 
  45      4D54549C 
  46 0082 5141C1E3 		.ascii	"QA\301\343Q\217@\344\211\364 T\253\212\300j\254\027"
  46      518F40E4 
  46      89F42054 
  46      AB8AC06A 
  46      AC17
  47 0094 E7040E9F 		.ascii	"\347\004\016\237\230\357U6_\221\324\206\032\316d>\226"
  47      98EF5536 
  47      5F91D486 
  47      1ACE643E 
  47      96
  48 00a5 9352D802 		.ascii	"\223R\330\002 A\177n\330\205\233\201\366\335\255\271"
  48      20417F6E 
  48      D8859B81 
  48      F6DDADB9 
  49 00b5 6E8B9304 		.ascii	"n\213\223\004!\252\364\370b\354\302\334\006~T\320G\217"
  49      21AAF4F8 
  49      62ECC2DC 
  49      067E54D0 
  49      478F
  50 00c7 B57FDCFE 		.ascii	"\265\177\334\376\325#\212\220w\326$\316vy\375-R\306"
  50      D5238A90 
  50      77D624CE 
  50      7679FD2D 
  50      52C6
  51 00d9 E5D0C37A 		.ascii	"\345\320\303z\321\326-e\335\016[\010\374\006\005\261"
  51      D1D62D65 
  51      DD0E5B08 
  51      FC0605B1 
  52 00e9 E2D7B809 		.ascii	"\342\327\270\011\273q\223\303N\333{\344\320\254*\016"
  52      BB7193C3 
  52      4EDB7BE4 
  52      D0AC2A0E 
  53 00f9 38A5E389 		.ascii	"8\245\343\211\247\315\356d\351/\365\302N\226\252\330"
  53      A7CDEE64 
  53      E92FF5C2 
  53      4E96AAD8 
  54 0109 B36AE9EC 		.ascii	"\263j\351\354W\013_\274\343R\261\027\375\370-\372Y3"
  54      570B5FBC 
  54      E352B117 
  54      FDF82DFA 
  54      5933
  55 011b F6A12BD9 		.ascii	"\366\241+\331\001(\274\312\350\227SiR.\374sB\312\277"
  55      0128BCCA 
  55      E8975369 
  55      522EFC73 
  55      42CABF
  56 012e 32CF2B69 		.ascii	"2\317+i\000\265t:v\243V\250<\212:\2418\343<*L\334::"
  56      00B5743A 
  56      76A356A8 
  56      3C8A3AA1 
  56      38E33C2A 
  57 0146 35E815BA 		.ascii	"5\350\025\272\243\351jGsczR\323\314\305\367\357\314"
ARM GAS  /tmp/ccpFHQSr.s 			page 4


  57      A3E96A47 
  57      73637A52 
  57      D3CCC5F7 
  57      EFCC
  58 0158 7D7E4A5E 		.ascii	"}~J^\212odU\375+U\341\015\364SQ\313\365\266\317\034"
  58      8A6F6455 
  58      FD2B55E1 
  58      0DF45351 
  58      CBF5B6CF 
  59 016d B754CCC1 		.ascii	"\267T\314\301\233\204=\305\370\354`C\337\014.\311\256"
  59      9B843DC5 
  59      F8EC6043 
  59      DF0C2EC9 
  59      AE
  60 017e 59B4BC27 		.ascii	"Y\264\274's\217\2437!\020R\260\231\321m\027t\300\001"
  60      738FA337 
  60      211052B0 
  60      99D16D17 
  60      74C001
  61 0191 06955470 		.ascii	"\006\225Tpdz\333a\300A\306D*6}\361\203\337I\327\020"
  61      647ADB61 
  61      C041C644 
  61      2A367DF1 
  61      83DF49D7 
  62 01a6 836A2AF8 		.ascii	"\203j*\370rL\260H\300[\014\247-\363\021p\030]8\302\336"
  62      724CB048 
  62      C05B0CA7 
  62      2DF31170 
  62      185D38C2 
  63 01bb 5187E4E0 		.ascii	"Q\207\344\340y\276!\227\233:\377\\\237qM4\311F\237\275"
  63      79BE2197 
  63      9B3AFF5C 
  63      9F714D34 
  63      C9469FBD 
  64 01cf 58D03ED7 		.ascii	"X\320>\327/=\252B\307\375\0163\234(\272\233\217\333"
  64      2F3DAA42 
  64      C7FD0E33 
  64      9C28BA9B 
  64      8FDB
  65 01e1 1B6805BF 		.ascii	"\033h\005\277\247\233\307\007\006\374\301\271(m\003"
  65      A79BC707 
  65      06FCC1B9 
  65      286D03
  66 01f0 234FD233 		.ascii	"#O\3223\332\223\325.\336\373\262\243\363\201\327\251"
  66      DA93D52E 
  66      DEFBB2A3 
  66      F381D7A9 
  67 0200 FE91ABF1 		.ascii	"\376\221\253\3616\2520\217q\237c\036\3003<\366\250\275"
  67      36AA308F 
  67      719F631E 
  67      C0333CF6 
  67      A8BD
  68 0212 F5D527A9 		.ascii	"\365\325'\251N\365-9\345zC\364O\244u\224EsG@o\357\263"
  68      4EF52D39 
  68      E57A43F4 
  68      4FA47594 
  68      45734740 
ARM GAS  /tmp/ccpFHQSr.s 			page 5


  69 0229 6977F5DF 		.ascii	"iw\365\337\322c\013wB\270\031\007\374\031\253\301\026"
  69      D2630B77 
  69      42B81907 
  69      FC19ABC1 
  69      16
  70 023a 1E48069C 		.ascii	"\036H\006\234\022\352\304[B\275\343\204\2328><\341^"
  70      12EAC45B 
  70      42BDE384 
  70      9A383E3C 
  70      E15E
  71 024c 0C1570EC 		.ascii	"\014\025p\354\277B\275\261$\325\2632T\237M\241\2163"
  71      BF42BDB1 
  71      24D5B332 
  71      549F4DA1 
  71      8E33
  72 025e B86E9550 		.ascii	"\270n\225P\217\000N0\266~e\250\357N\223\256I\006\275"
  72      8F004E30 
  72      B67E65A8 
  72      EF4E93AE 
  72      4906BD
  73 0271 A9E0E86F 		.ascii	"\251\340\350o\202E\002\336]\031\352\024\371s\217=\270"
  73      824502DE 
  73      5D19EA14 
  73      F9738F3D 
  73      B8
  74 0282 B72CD485 		.ascii	"\267,\324\205\246\307\003\336\327y\2159y\335w\362J\015"
  74      A6C703DE 
  74      D7798D39 
  74      79DD77F2 
  74      4A0D
  75 0294 E7C15238 		.ascii	"\347\301R8\314O\255\216\356\033\177*\3171\376\350\344"
  75      CC4FAD8E 
  75      EE1B7F2A 
  75      CF31FEE8 
  75      E4
  76 02a5 E92ED5F9 		.ascii	"\351.\325\371\330\270\325\322\015&\200J\367ia#\032\322"
  76      D8B8D5D2 
  76      0D26804A 
  76      F7696123 
  76      1AD2
  77 02b7 AAACB096 		.ascii	"\252\254\260\226\037\262\016\305\214\012M\017GJ#\206"
  77      1FB20EC5 
  77      8C0A4D0F 
  77      474A2386 
  78 02c7 A5E5F1F8 		.ascii	"\245\345\361\370Q\260xknv.\3754Z\012\227\224i\025\206"
  78      51B0786B 
  78      6E762EFD 
  78      345A0A97 
  78      94691586 
  79 02db 19B3B460 		.ascii	"\031\263\264`a\340\275\255\332\256]\371Zp\177\260\260"
  79      61E0BDAD 
  79      DAAE5DF9 
  79      5A707FB0 
  79      B0
  80 02ec 206F6765 		.ascii	" oge.\243\305V\254\270\254\354`\266\016j,\022\255P,"
  80      2EA3C556 
  80      ACB8ACEC 
ARM GAS  /tmp/ccpFHQSr.s 			page 6


  80      60B60E6A 
  80      2C12AD50 
  81 0301 D35D5A62 		.ascii	"\323]Zb\205v\233\221\235kz\221nD\243Fy\362]\037\356"
  81      85769B91 
  81      9D6B7A91 
  81      6E44A346 
  81      79F25D1F 
  82 0316 0D546ECF 		.ascii	"\015Tn\317\012\320~\3350C\331a(\372?\\\241\3031f\322"
  82      0AD07EDD 
  82      3043D961 
  82      28FA3F5C 
  82      A1C33166 
  83 032b F202C182 		.ascii	"\362\002\301\202\240\226GLZA\271^\366\351\301\220\246"
  83      A096474C 
  83      5A41B95E 
  83      F6E9C190 
  83      A6
  84 033c 47AD8855 		.ascii	"G\255\210U\374\261\256\023w\376\232\0151,\352\314XV"
  84      FCB1AE13 
  84      77FE9A0D 
  84      312CEACC 
  84      5856
  85 034e 7964714E 		.ascii	"ydqN$;\326Db\306\264\310k%a\253\312\"\202\215\201\340"
  85      243BD644 
  85      62C6B4C8 
  85      6B2561AB 
  85      CA22828D 
  86 0364 5E1F3B57 		.ascii	"^\037;WaF\266\370\3749\240\230\340\216\206\242\206Y"
  86      6146B6F8 
  86      FC39A098 
  86      E08E86A2 
  86      8659
  87 0376 05FF0285 		.ascii	"\005\377\002\205C\375\356"
  87      43FDEE
  88              		.text
  89              		.section	.gnu.lto_st_lld_init.bb84974eefad531d,"",%progbits
  90 0000 789C9D94 		.ascii	"x\234\235\224\313O\023A\030\300\347\333Y\332- >N&6\321"
  90      CB4F1341 
  90      18C0E7DB 
  90      59DA2D20 
  90      3E4E2636 
  91 0015 2B1ED814 		.ascii	"+\036\330\024\017\376\001p1b<\300AM\014Q$)\021Sb\211"
  91      0FFE0170 
  91      31623CC0 
  91      414D0C51 
  91      24291153 
  92 002b 8917BBBC 		.ascii	"\211\027\273\274ZD\004\242\202Q+n\324\304p My\210\255"
  92      5A4404A2 
  92      82512B6E 
  92      D4C47020 
  92      4D7988AD 
  93 003f AFA51411 		.ascii	"\257\245\024\021y\212  j\014\011\010Z\204\003\021$\021"
  93      798A2020 
  93      6A0C0908 
  93      5A840311 
  93      2411
  94 0051 9C6FB60F 		.ascii	"\234o\266\017\302I:\331\235\335\235\231\375\375\276"
ARM GAS  /tmp/ccpFHQSr.s 			page 7


  94      C2493AD9 
  94      9DDD9D99 
  94      FDFDBE
  95 0060 F966670D 		.ascii	"\371fg\015\204\220\245\004BN\261\353>v\002% \324\015"
  95      8490A504 
  95      424EB1EB 
  95      3E760225 
  95      20D40D
  96 0073 12522209 		.ascii	"\022R\"\011\000x\243H@\034\0028\240\232\336\242\020"
  96      0078A348 
  96      401C0238 
  96      A09ADEA2 
  96      10
  97 0084 70CDFA84 		.ascii	"p\315\372\204\324'\012+\332\355\306\375N\245b\257\233"
  97      D4270A2B 
  97      DAEDC6FD 
  97      4EA562AF 
  97      9B
  98 0095 12D2C04E 		.ascii	"\022\322\300N,\320\012\251\204\015\233\366\256\327\357"
  98      2CD00AA9 
  98      840D9BF6 
  98      AED7EF
  99 00a4 30886AA4 		.ascii	"0\210j\244\013\332\300@\200\335xF\0224e}\303\245h\301"
  99      0BDAC040 
  99      80DD7846 
  99      1234657D 
  99      C3A568C1 
 100 00b8 47B0322D 		.ascii	"G\2602-\355\001\342\246 `E\261\022\2612bEH%{\223E\240"
 100      ED01E2A6 
 100      206045B1 
 100      12B13262 
 100      4548257B 
 101 00cf 68E42A15 		.ascii	"h\344*\025\360\256L#? \340\237\237\267!\357.\005fj\250"
 101      F0AE4C23 
 101      3F20E09F 
 101      9FB721EF 
 101      2E05666A 
 102 00e4 080C19AF 		.ascii	"\010\014\031\257Q7\025\000\305S\236\201\237\222\376"
 102      51371500 
 102      C5539E81 
 102      9F92FE
 103 00f3 A8A8958A 		.ascii	"\250\250\225\212\310\232\036{\274\367@\205\306\022\026"
 103      C89A1E7B 
 103      BCF74085 
 103      C61216
 104 0102 F30137A5 		.ascii	"\363\0017\245\360\024\314\320\016f\202\343o\264\216"
 104      F014CCD0 
 104      0E6682E3 
 104      6FB48E
 105 0111 9E969B95 		.ascii	"\236\226\233\225rpS\021:\330\260z>\023x\0062s\225\255"
 105      72705311 
 105      3AD8B07A 
 105      3E137806 
 105      327395AD 
 106 0125 3A415709 		.ascii	":AW\011\272\255-\330\343\344x`\305\307\030,\236\321"
 106      BAAD2DD8 
 106      E3E47860 
ARM GAS  /tmp/ccpFHQSr.s 			page 8


 106      C5C7182C 
 106      9ED1
 107 0137 2A3E665B 		.ascii	"*>f[&\177\314\364\034d\206\347\0233\351.\343\377\242"
 107      267FCCF4 
 107      1C6486E7 
 107      1333E92E 
 107      E3FFA2
 108 014a 4AB04B84 		.ascii	"J\260K\204\0271\330K\036v\300\337\024\332\251\263\350"
 108      1731D84B 
 108      1E76C0DF 
 108      14DAA9B3 
 108      E8
 109 015b E61425F0 		.ascii	"\346\024%\360\024U\225u\266H\372\243\242\325))\254i"
 109      14559575 
 109      B648FAA3 
 109      A2D52929 
 109      AC69
 110 016d 72A1DC9B 		.ascii	"r\241\334\233\024\263\031\3405\263\275\012\333\374\241"
 110      14B319E0 
 110      35B3BD0A 
 110      DBFCA1
 111 017c A60E4334 		.ascii	"\246\016C4r\215\313p)\241sK\216D]\267\320?\363P\324"
 111      728DCB70 
 111      29A1734B 
 111      8E445DB7 
 111      D03FF350 
 112 0191 73A4EC82 		.ascii	"s\244\354\202\300\326$m\303\325\025s\0051K\"\222\226"
 112      C0D6246D 
 112      C3D51573 
 112      05314B22 
 112      9296
 113 01a3 E7166B53 		.ascii	"\347\026kS\302\254\350\314\214|f\203\315+K\211\372#"
 113      C2ACE8CC 
 113      8C7C6683 
 113      CD2B4B89 
 113      FA23
 114 01b5 7EA0B8F8 		.ascii	"~\240\270\370\352\375\357\246\260L\275\302>+\011\336"
 114      EAFDEFA6 
 114      B04CBDC2 
 114      3E2B09DE 
 115 01c5 305D7758 		.ascii	"0]wX\347\232\355\033N\331\224\311\036.\024P\370\026"
 115      E79AED1B 
 115      4ED994C9 
 115      1E2E1450 
 115      F816
 116 01d7 6436A0A7 		.ascii	"d6\240\247\353w\271\200D\021\036\334\021\240W\237\314"
 116      EB77B980 
 116      44111EDC 
 116      11A0579F 
 116      CC
 117 01e8 F2DC6A34 		.ascii	"\362\334j4\204\355\011\336q\001\337\021}\\\340\237\030"
 117      84ED09DE 
 117      7101DF11 
 117      7D5CE09F 
 117      18
 118 01f9 3BACF337 		.ascii	";\254\36376(\364G\370\177\342\344\017p\276\210\374A"
 118      3628F447 
ARM GAS  /tmp/ccpFHQSr.s 			page 9


 118      F87FE2E4 
 118      0F70BE88 
 118      FC41
 119 020b CE8F6648 		.ascii	"\316\217fH\004\002C\021\374Z\\x\023\014s<\373]`\247"
 119      04024311 
 119      FC5A5C78 
 119      130C733C 
 119      FB5D60A7 
 120 021f 565DDA64 		.ascii	"V]\332d\264x\260Sm\341\353\365\036d8h\346\037\342\010"
 120      B478B053 
 120      6DE1EBF5 
 120      1E643868 
 120      E61FE208 
 121 0233 5862BA6A 		.ascii	"Xb\272j\3577\210k:\037\270\317\200\300Q\306\216\002"
 121      EF37886B 
 121      3A1FB8CF 
 121      80C051C6 
 121      8E02
 122 0245 AFC70B1C 		.ascii	"\257\307\013\034\343@#\002?n\006\326\304\013\034\347"
 122      E3402302 
 122      3F6E06D6 
 122      C40B1CE7 
 123 0255 40098113 		.ascii	"@\011\201\023<\341\355\256~o\242\236p\200\311\010\277"
 123      3CE1EDAE 
 123      7E6FA29E 
 123      7080C908 
 123      BF
 124 0266 365EFE27 		.ascii	"6^\376'\3167!\177\212\005\214\300\020T\250\213A\013"
 124      CE37217F 
 124      8A058CC0 
 124      1054A88B 
 124      410B
 125 0278 FFA5B237 		.ascii	"\377\245\2627|\276\320\224\321\361W\221\3344\261\001"
 125      7CBED094 
 125      D1F15791 
 125      DC34B101 
 126 0288 370B7C06 		.ascii	"7\013|\006\007v\314\364\336t&c$I\214\377\005\314\270"
 126      0776CCF4 
 126      DE742663 
 126      24498CFF 
 126      05CCB8
 127 029b F5D7C66B 		.ascii	"\365\327\306k$\275I\202\257`v\323d\362\013J\325\305"
 127      24BD4982 
 127      AF6076D3 
 127      64F20B4A 
 127      D5C5
 128 02ad EEDD1C87 		.ascii	"\356\335\034\207\245\2221\330\277\226m\202\023\262\325"
 128      A59231D8 
 128      BF966D82 
 128      13B2D5
 129 02bc 76215FBE 		.ascii	"v!_\276l\267\312\231\371\366\363\305\266\"9\317Zp\266"
 129      6CB7CA99 
 129      F9F6F3C5 
 129      B62239CF 
 129      5A70B6
 130 02cf C0669733 		.ascii	"\300f\2273\360z<;7\335\222fa\207\314\232\254g\012\345"
 130      F07A3C3B 
ARM GAS  /tmp/ccpFHQSr.s 			page 10


 130      37DD9266 
 130      6187CC9A 
 130      AC670AE5 
 131 02e3 22DBC562 		.ascii	"\"\333\305b\273\234\235s\354P\272\234\225\225)g\237"
 131      BB9C9D73 
 131      EC50BA9C 
 131      95952967 
 131      9F
 132 02f4 CCCE3992 		.ascii	"\314\3169\222q\364\222\005{s\355\305\271\205\205\347"
 132      71F49205 
 132      7B73EDC5 
 132      B98585E7 
 133 0304 D2F2C83F 		.ascii	"\322\362\310?\3353\012\350"
 133      DD330AE8 
 134              		.text
 135              		.section	.gnu.lto_st_lld_serve_interrupt.bb84974eefad531d,"",%progbits
 136 0000 789C8552 		.ascii	"x\234\205R\317O\023A\024\236og\333. \020\357\015iB8"
 136      CF4F1341 
 136      149E6F67 
 136      DB2E2010 
 136      EF0D6942 
 137 0015 706153F0 		.ascii	"paS\360\0170\201\213\021\343\241\034\374q@A\2226BJh"
 137      0F30818B 
 137      11E3A11C 
 137      FC714041 
 137      9236424A 
 138 002a 43E2A953 		.ascii	"C\342\251S(\005\264\007L\244*.\246\306\203z \330\200"
 138      2805B407 
 138      4CA42A2E 
 138      A6C6837A 
 138      20D880
 139 003d 4AF1076B 		.ascii	"J\361\007k\221F\242`5F\017$&\242bD4z\"&R|\263\333\204"
 139      9146A260 
 139      35460F24 
 139      26A26244 
 139      347A2226 
 140 0056 684C98EC 		.ascii	"hL\230\354\316\233y\363\275\357}\363\3368\031c\3078"
 140      CE9B79F3 
 140      BDEF7DF3 
 140      DE381963 
 140      C738
 141 0068 636D641B 		.ascii	"cmd\033\350\207\203A\031Yf,\252)\012\317\273\231(UM"
 141      E8878341 
 141      1959662C 
 141      AA290ACF 
 141      BB992855 
 142 007d 2F137B38 		.ascii	"/\023{8T\351\206\012H+4\260\210\302UD\220\340\0278\262"
 142      54E9860A 
 142      482B34B0 
 142      88C25544 
 142      90E01738 
 143 0092 836B19A5 		.ascii	"\203k\031\245\366\206\240a^\034\251~/\362\202\033\304"
 143      F686A061 
 143      5E1CA97E 
 143      2FF2821B 
 143      C4
 144 00a3 9BA45F0E 		.ascii	"\233\244_\016L\241\226\021\356e\354\266\301\317\321"
ARM GAS  /tmp/ccpFHQSr.s 			page 11


 144      4CA19611 
 144      EE65ECB6 
 144      C1CFD1
 145 00b2 11A0D2F6 		.ascii	"\021\240\322\366\347\322\330\207\012\271U\340\241\355"
 145      E7D2D887 
 145      0AB955E0 
 145      A1ED
 146 00c0 D0B7A76F 		.ascii	"\320\267\247o5~\034\022\031K\236\237*\253\271.D\237"
 146      357E1C12 
 146      194B9E9F 
 146      2AABB92E 
 146      449F
 147 00d2 30DF25F8 		.ascii	"0\337%\370\315i!\206\367\033\234\343.8\261\342\016\334"
 147      CD692186 
 147      F71B9CE3 
 147      2E38B1E2 
 147      0EDC
 148 00e4 9886DB62 		.ascii	"\230\206\333b'\370\2140WU~\302\012]N~\275\346*\206\276"
 148      27F88C30 
 148      57557EC2 
 148      0A5D4E7E 
 148      BDE62A86 
 149 00f9 4970A318 		.ascii	"Ip\243\030\252b\346\277\241\253\351\302h\271SE\0065"
 149      AA62E6BF 
 149      A1ABE9C2 
 149      68B95345 
 149      0635
 150 010b B8871A5B 		.ascii	"\270\207\032[3f\341d +\335\223\257\034\246(l\017\012"
 150      3366E164 
 150      202BDD93 
 150      AF1CA628 
 150      6C0F0A
 151 011e 3397407A 		.ascii	"3\227@z\261p\251\272\014\314\340\016EN\\N\204%\234K"
 151      B170A9BA 
 151      0CCCE00E 
 151      454E5C4E 
 151      84259C4B 
 152 0132 2E356BC9 		.ascii	".5k\311\330\020\321P\251\204\311\206\271\"W\375&[C_"
 152      D810D150 
 152      A984C986 
 152      B92257FD 
 152      265B435F 
 153 0146 6A321775 		.ascii	"j2\027uHv\231K\212\235\330\374Q*K\300!\253\247\342>"
 153      4876994B 
 153      8A9DD8FC 
 153      512A4BC0 
 153      21ABA7E2 
 154 015b 295B4776 		.ascii	")[Gv\366\313R\332-qc\334I\260\344@\366\205\313\206I"
 154      F6CB52DA 
 154      2D7163DC 
 154      49B0E440 
 154      F685CB86 
 155 0170 CDA9F1CF 		.ascii	"\315\251\361\317%)\\\215RD\252\227\262:e\030\036\310"
 155      25295C8D 
 155      5244AA97 
 155      B23A6518 
 155      1EC8
ARM GAS  /tmp/ccpFHQSr.s 			page 12


 156 0182 4BD1E9E0 		.ascii	"K\321\351\340\332\263|\205>!bQ\3411\270\013\017\221"
 156      DAB37C85 
 156      3E216251 
 156      E131B80B 
 156      0F91
 157 0194 C2A8D509 		.ascii	"\302\250\325\011<\202n\251\250\262$\220P\242\267\323"
 157      3C826EA9 
 157      A8B22490 
 157      50A2B7D3 
 158 01a4 2DA7C376 		.ascii	"-\247\303v:\374\315\357\331\215}\316b\207d7\211}\035"
 158      3AFCCDEF 
 158      D98D7DCE 
 158      62876437 
 158      897D1D
 159 01b7 FDBFE38B 		.ascii	"\375\277\343\213\016\233\313e\323M\016|\274\245I\365"
 159      0E9BCB65 
 159      D34D0E7C 
 159      BCA549F5 
 160 01c7 0E6C038F 		.ascii	"\016l\003\217\255\033\022*`\2034\322@P\251\313\263#"
 160      AD1B122A 
 160      608334D2 
 160      4050A9CB 
 160      B323
 161 01d9 4B234C5F 		.ascii	"K#L_!\276u9^i\303\024\333\227}}v\221K\317?e\250\332"
 161      21BE7539 
 161      5E69C314 
 161      DB977D7D 
 161      76914BCF 
 162 01f1 4D6776A7 		.ascii	"Mgv\247\012\363\320\211\317\0261~%Wn'\340\224\200\342"
 162      0AF3D089 
 162      CF16317E 
 162      25576E27 
 162      E09480E2 
 163 0205 16B637CD 		.ascii	"\026\2667\315J[\254\202'D\366\011\261\225\371}E\214"
 163      4A5BAC82 
 163      2744F609 
 163      B195F97D 
 163      458C
 164 0217 BCCD46E6 		.ascii	"\274\315F\346W\271\015`X(>\244a\316Y\336M=\336\200\245"
 164      57B90D60 
 164      58283EA4 
 164      61CE59DE 
 164      4D3DDE80 
 165 022c 4E2AC864 		.ascii	"N*\310d6V\\\221-\241\031\\K\312\012!\207\010u\253\304"
 165      36565C91 
 165      2DA1195C 
 165      4BCA0A21 
 165      870875AB 
 166 0241 C2ABC547 		.ascii	"\302\253\305G\361\235\3321\367|\257\025$\307\020!\351"
 166      F19DDA31 
 166      F77CAF15 
 166      24C71021 
 166      E9
 167 0252 4461EC88 		.ascii	"Da\354\210\356\017vu\350gB~\275\251#t:\034\354\326\333"
 167      EE0F7675 
 167      E867427E 
 167      BDA92374 
ARM GAS  /tmp/ccpFHQSr.s 			page 13


 167      3A1CECD6 
 168 0267 FD81B640 		.ascii	"\375\201\266@0\2447J{\330\327Z\357\255\363\322\247\223"
 168      30A4374A 
 168      7BD8D75A 
 168      EFADF3D2 
 168      A793
 169 0279 CB7FB253 		.ascii	"\313\177\262S\357\016\366\204C\272\257\345PC\275\336"
 169      EF0EF684 
 169      43BAAFE5 
 169      5043BDDE 
 170 0289 DCDCA4FB 		.ascii	"\334\334\244\373\216\372Z\0164\036\354\365\312\323\326"
 170      8EFA5A0E 
 170      341EECF5 
 170      CAD3D6
 171 0298 50B8B5B3 		.ascii	"P\270\265\263\363T];S\303\201\256n%\324\363\007\311"
 171      F3545D3B 
 171      53C381AE 
 171      6E25D4F3 
 171      07C9
 172 02aa BE33F4   		.ascii	"\2763\364"
 173              		.text
 174              		.section	.gnu.lto_VectorB0.bb84974eefad531d,"",%progbits
 175 0000 789C6363 		.ascii	"x\234cc``\270\004\304Q@,\015\304\214\314\014\214L\023"
 175      6060B804 
 175      C451402C 
 175      0DC48CCC 
 175      0C8C4C13 
 176 0014 CE313034 		.ascii	"\316104r012\202\030\015\034\214\014\365L\214\365\214"
 176      72303132 
 176      82180D1C 
 176      8C0CF54C 
 176      8CF58C
 177 0027 3DCC5398 		.ascii	"=\314S\230\031\017\265?\333\311\244\271\274\001\010"
 177      190FB53F 
 177      DBC9A4B9 
 177      BC0108
 178 0036 0E4CBF21 		.ascii	"\016L\277!\327\330\320*1\207\231\201a\032\020\203\000"
 178      D7D8D02A 
 178      31879981 
 178      611A1083 
 178      00
 179 0047 E366464D 		.ascii	"\343fFM\006\240\262G\033\377M\345ec\201\2103nadc`\004"
 179      06A0B247 
 179      1BFF4DE5 
 179      65638188 
 179      336E6164 
 180 005e 32D65F62 		.ascii	"2\326_b=\320\360\357\177{\303\201/\213\031\277\307\261"
 180      3DD0F0EF 
 180      7F7BC381 
 180      2F8B19BF 
 180      C7B1
 181 0070 30307400 		.ascii	"00t\000\345\201\2264\034`\350df\002\261\232\0170\274"
 181      E5819634 
 181      1C60E864 
 181      6602B19A 
 181      0F30BC
 182 0083 616C5EF0 		.ascii	"al^\360x/3X\027\320\250\235;\337\334f\257\377\333\300"
ARM GAS  /tmp/ccpFHQSr.s 			page 14


 182      782F3358 
 182      17D0A89D 
 182      3BDFDC66 
 182      AFFFDBC0 
 183 0097 31879971 		.ascii	"1\207\231q\0323\320\030\306\255\214\365\014s\200\312"
 183      1A33D018 
 183      C6AD8CF5 
 183      0C7380CA 
 184 00a7 410A5FDA 		.ascii	"A\012_\332bW\307\004T\267\015\252\356\035c\323\202\367"
 184      6257C704 
 184      54B70DAA 
 184      EE1D63D3 
 184      82F7
 185 00b9 7B19C10A 		.ascii	"{\031\301\012A\240\003h\012\320*\240\222\010\375\214"
 185      41A00368 
 185      0AD02AA0 
 185      9208FD8C 
 186 00c9 FCDC54FD 		.ascii	"\374\334T\375\312\342\014}\227\324\342\354\222\374\002"
 186      CAE20C7D 
 186      97D4E2EC 
 186      92FC02
 187 00d8 FDE48CCC 		.ascii	"\375\344\214\314\244\314\374b}g\020\355\037\034od\250"
 187      A4CCFC62 
 187      7D6710ED 
 187      1F1C6F64 
 187      A8
 188 00e9 670844FA 		.ascii	"g\010D\372@\241\214\304\034\375\202\374\242\222b\375"
 188      40A18CC4 
 188      1CFD82FC 
 188      A29262FD 
 189 00f9 E0105F63 		.ascii	"\340\020_c#}\037\037\027\375\340\310\340\020Og\3572"
 189      237D1F1F 
 189      17FDE0C8 
 189      E0104F67 
 189      EF32
 190 010b 43906C7C 		.ascii	"C\220l|qI|NN\212^2\003\000\002\016f\036"
 190      71497C4E 
 190      4E8A5E32 
 190      0300020E 
 190      661E
 191              		.text
 192              		.section	.gnu.lto_.symbol_nodes.bb84974eefad531d,"",%progbits
 193 0000 789C55CC 		.ascii	"x\234U\314;\012\002A\020\204\341\277\273w\346\032^e"
 193      3B0A0241 
 193      1084E1BF 
 193      BB77E61A 
 193      5E65
 194 0012 3D590F32 		.ascii	"=Y\0172 l\344\031L\366\004>V1\020\214=\203\346\2027"
 194      206CE419 
 194      4CF6043E 
 194      5631108C 
 194      3D83E682 
 195 0027 105B3170 		.ascii	"\020[1p\202\242\212/\250\014\214\021\364\244\016\253"
 195      82A28A2F 
 195      A80C8C11 
 195      F4A40EAB 
 196 0037 2B3832D5 		.ascii	"+82\325s\351\303\266\352\3623\016e\036\262S\327V6\352"
ARM GAS  /tmp/ccpFHQSr.s 			page 15


 196      73E9C3B6 
 196      EAF2330E 
 196      651EB253 
 196      D75636EA 
 197 004b D6881CD5 		.ascii	"\326\210\034\325\273\257@\371\334\310\244\236\032\330"
 197      BBAF40F9 
 197      DCC8A49E 
 197      1AD8
 198 0059 ABE77F30 		.ascii	"\253\347\1770:\352\375%&\211:<f\246\260X>\223\305X\337"
 198      3AEAFD25 
 198      26893A3C 
 198      66A6B058 
 198      3E93C558 
 199 006e C22D7389 		.ascii	"\302-s\211\346\015ot+\245"
 199      E60D6F74 
 199      2BA5
 200              		.text
 201              		.section	.gnu.lto_.refs.bb84974eefad531d,"",%progbits
 202 0000 789C6363 		.ascii	"x\234cc```\004b\006\000\000D\000\010"
 202      60606004 
 202      62060000 
 202      440008
 203              		.text
 204              		.section	.gnu.lto_.decls.bb84974eefad531d,"",%progbits
 205 0000 789CB558 		.ascii	"x\234\265X\013P\024W\026\235\327o\200a\370Y\350\246"
 205      0B501457 
 205      169DD76F 
 205      8061F859 
 205      E8A6
 206 0012 4C955B6B 		.ascii	"L\225[kY\246$U\321\021\335-7\265[\251\350\240\221]\321"
 206      59A62455 
 206      D111DD2D 
 206      37B55BA9 
 206      E8A0915D 
 207 0027 D40CD9CD 		.ascii	"\324\014\331\315f\267v\2028\006*|\014\203F\253\2666"
 207      66B77682 
 207      38062A7C 
 207      0C8346AB 
 207      B636
 208 0039 8DA041F0 		.ascii	"\215\240A\360\003\212\037\024\025T\020\025\015\212\210"
 208      038A1F14 
 208      15541015 
 208      0D8A88
 209 0048 FCE43380 		.ascii	"\374\3443\200\310G\021\361\203\210  \376\005!\002B\220"
 209      C84711F1 
 209      83882020 
 209      FE052102 
 209      4290
 210 005a BDEFBD1E 		.ascii	"\275\357\275\036\272\247\031\3345[\231\342\322}_\237"
 210      BAA719DC 
 210      355B99E2 
 210      D27D5F9F 
 211 006a 3EF7BE7B 		.ascii	">\367\276{o\277w\273\355\025\012\205\313\273\012\205"
 211      6FBF77BB 
 211      ED150A85 
 211      CBBB0A85 
 212 007a 9F9D4251 		.ascii	"\237\235BQ\207\024\212\021\370\301\251\242\004\004T"
ARM GAS  /tmp/ccpFHQSr.s 			page 16


 212      87148A11 
 212      F8C1A9A2 
 212      040454
 213 0089 45A182FD 		.ascii	"E\241\202\375\034@\312A*A\252@j@.\203\\\003\271\256"
 213      1C40CA41 
 213      2A41AA40 
 213      6A402E83 
 213      5C03B9AE 
 214 009d 18FB8B85 		.ascii	"\030\373\213\205\233\035\341\370%\210;\310$\220w\021"
 214      9B1DE1F8 
 214      25883BC8 
 214      24907711 
 215 00ad E3FB0D1C 		.ascii	"\343\373\015\034\247\203\274\007rQ\300;\013\3743`\354"
 215      A783BC07 
 215      7251C03B 
 215      0BFC3360 
 215      EC
 216 00be 7D909920 		.ascii	"}\220\231 \263A~\0072\0171[\037\302\361\017 \037\201"
 216      B3417E07 
 216      320F315B 
 216      1FC2F10F 
 216      201F81
 217 00d1 CC47636D 		.ascii	"\314Gcm\306\303\230\213`s\006\310?@\377\002\244\011"
 217      C6C3988B 
 217      607306C8 
 217      3F40FF02 
 217      A409
 218 00e3 CE8D70F4 		.ascii	"\316\215p\364G\314\207\311 \217`l\245\340O=\210\032"
 218      47CC87C9 
 218      208F606C 
 218      A5E04F3D 
 218      881A
 219 00f5 C407F42F 		.ascii	"\304\007\364/A~\205\330\344\021\010\006Q\202\250@&\202"
 219      417E85D8 
 219      E4110806 
 219      5182A840 
 219      2682
 220 0107 38817042 		.ascii	"8\201pB\034\256\0111Z%\363e'b|\266\346N\374\232,\370"
 220      1CAE0931 
 220      5A25F365 
 220      27627CB6 
 220      E64EFC9A 
 221 011d F40D1CCB 		.ascii	"\364\015\034\313\024\214\317N\260\303\011\361-\267\021"
 221      148CCF4E 
 221      B0C309F1 
 221      2DB711
 222 012c D344E28F 		.ascii	"\323D\342\217\300+\215\035\026\362Q5N.\0220j\256<v\002"
 222      C02B8D1D 
 222      16F25135 
 222      4E2E1230 
 222      6AAE3C76 
 223 0141 C7623443 		.ascii	"\307b4C\215H\206\335`\350\207\247\271\257\\\330\020"
 223      8D4886DD 
 223      60E887A7 
 223      B9AF5CD8 
 223      10
 224 0152 41646E2C 		.ascii	"Adn,\337\356\2009z\376\352\331\2538\227Y\031<\373\251"
ARM GAS  /tmp/ccpFHQSr.s 			page 17


 224      DFEE8039 
 224      7AFEEAD9 
 224      AB389759 
 224      193CFBA9 
 225 0166 F2B00265 		.ascii	"\362\260\002e#l\341\252\337\326s\304\001\373S\344\325"
 225      236CE1AA 
 225      DFD673C4 
 225      01FB53E4 
 225      D5
 226 0177 A8CC24C2 		.ascii	"\250\314$\302\353\256FJP_\324\356mw\005u\222\032MM\300"
 226      EBAE464A 
 226      505FD4EE 
 226      6D770575 
 226      921A4D4D 
 227 018c 5C4BE3D0 		.ascii	"\\K\343\320\035W\244\366\210\346\371\365|r$\357\270"
 227      1D57A4F6 
 227      88E6F9F5 
 227      7C7224EF 
 227      B8
 228 019d 588172D1 		.ascii	"X\201r\321\024t\036MQ\240|\344Al\237C\263\024\350,\014"
 228      14741E4D 
 228      51A07CE4 
 228      416C9F43 
 228      B314E82C 
 229 01b2 66C1601A 		.ascii	"f\301`\032\261W\334\277\377\243\304\036\236\237\212"
 229      B157DCBF 
 229      FFA3C41E 
 229      9E9F8A
 230 01c1 F2901AE5 		.ascii	"\362\220\032\345 L1\020\352\031j\346\300\261#\361\207"
 230      204C3110 
 230      EA196AE6 
 230      C0B123F1 
 230      87
 231 01d2 EC711222 		.ascii	"\354q\022\"\036p\371\373\356\227s\343\331\2700\256\215"
 231      1E70F9FB 
 231      EE9773E3 
 231      D9B830AE 
 231      8D
 232 01e3 AE8C6915 		.ascii	"\256\214i\025\033x\236C\205`\243@\264\001&\311\001F"
 232      1B789E43 
 232      8560A340 
 232      B40126C9 
 232      0146
 233 01f5 C1505E49 		.ascii	"\301P^Ia\221S\013jF\220\0254\201\316\037!\366\037\216"
 233      6191530B 
 233      6A469015 
 233      3481CE1F 
 233      21F61F8E 
 234 0209 44A83E62 		.ascii	"D\250>b\371!6\016\243\034;\010P\242XnA\243#\234\300"
 234      F921360E 
 234      A31C3B08 
 234      50A2586E 
 234      41A3239C 
 235 021e C15978E9 		.ascii	"\301Yx\351\237@\200\244\254\354:3g\371YJ\224\325\336"
 235      9F4080A4 
 235      ACEC3A33 
 235      67F9594A 
ARM GAS  /tmp/ccpFHQSr.s 			page 18


 235      94D5DE
 236 0231 E87D6C88 		.ascii	"\350}l\210\023\215In\031\343\253b\364\362\250S\342$"
 236      138D496E 
 236      19E3AB62 
 236      F4F2A853 
 236      E224
 237 0243 9190EEA3 		.ascii	"\221\220\356\243I\211v\255\350.\\\374B\241\210S\205"
 237      498976AD 
 237      E82E5CFC 
 237      42A18853 
 237      85
 238 0254 D0BC0F3F 		.ascii	"\320\274\017?h1;\340J\232\002T>\322_\354\306\212\200"
 238      68313BE0 
 238      4A9A0254 
 238      3ED25FEC 
 238      C68A80
 239 0267 23F5D15D 		.ascii	"#\365\321]\263\337\211\025\301\004P36\217$\330M\336"
 239      B3DF8915 
 239      C1045033 
 239      368F24D8 
 239      4DDE
 240 0279 45A21E17 		.ascii	"E\242\036\027\311O\340\320\227\357 3\344\242\024r\241"
 240      C94FE0D0 
 240      97EF2033 
 240      E4A21472 
 240      A1
 241 028a 40656832 		.ascii	"@eh2\374\017Q2[\031\027b\2668LK\346\213[\241\012\012"
 241      FC0F5132 
 241      5B191762 
 241      B6384C4B 
 241      E68B5BA1 
 242 02a0 A66E363F 		.ascii	"\246n6?\342#\324\366\004\204J\304\034\225\220ZD\305"
 242      E223D4F6 
 242      04844AC4 
 242      1C95905A 
 242      44C5
 243 02b2 A815A122 		.ascii	"\250\025\241\"\324\002\216\225\243i\244\3706w%\273\341"
 243      D4028E95 
 243      A369A4F8 
 243      367725BB 
 243      E1
 244 02c3 2256C26F 		.ascii	"\"V\302o\266z\321\312j\373\346\256?\201\321d0:\370\257"
 244      B67AD1CA 
 244      6AFBE6AE 
 244      3F81D164 
 244      303AF8AF 
 245 02d7 BD7CF17A 		.ascii	"\275|\361z\236\024\006`P\205h\264Bn\264\222\032=~\341"
 245      9E140660 
 245      508568B4 
 245      426EB492 
 245      1A3D7EE1 
 246 02eb C02635AE 		.ascii	"\300&5\256fFO?y\235\217\200\251\025\230J7cF\025\301"
 246      66464F3F 
 246      799D8F80 
 246      A915984A 
 246      37634615 
 247 0300 A82E8954 		.ascii	"\250.\211T\227\344TU\224\352Y\327\323\243\256\270\215"
ARM GAS  /tmp/ccpFHQSr.s 			page 19


 247      97E45455 
 247      94EA59D7 
 247      D3A3AEB8 
 247      8D
 248 0311 51A5B40E 		.ascii	"Q\245\264\016\014\250\004\247:\0079+\257\252E\252j9"
 248      0CA804A7 
 248      3A07392B 
 248      AFAA45AA 
 248      6A39
 249 0323 550DA5DA 		.ascii	"U\015\245\332\224c\336\202\361\023FU\225\335[C\275\""
 249      9463DE82 
 249      F1134655 
 249      95DD5B43 
 249      BD22
 250 0335 8F56CBF4 		.ascii	"\217V\313\364\333\231\017\371h5\215\001\252\025\231"
 250      DB990FF9 
 250      68358D01 
 250      AA1599
 251 0344 6A85071C 		.ascii	"j\205\007\034]\246\014\373\032\332\016s\270\010S\206"
 251      5DA60CFB 
 251      1ADA0E73 
 251      B8085386 
 252 0354 8BE9D925 		.ascii	"\213\351\331%H\311\261\347\202\204\015\306\252\373\217"
 252      48C9B1E7 
 252      82840DC6 
 252      AAFB8F
 253 0363 162947C7 		.ascii	"\026)G\307\352\020\035|q\341\356.n\334\250\327\323\250"
 253      EA101D7C 
 253      71E1EE2E 
 253      6EDCA8D7 
 253      D3A8
 254 0375 5F4542D8 		.ascii	"_EB\330\217\234I:\341,\370e\036\374c\342Y>\312\216`"
 254      8F9C493A 
 254      E12CF865 
 254      1EFC63E2 
 254      593ECA8E 
 255 038a D015D1AB 		.ascii	"\320\025\321\253+\026\257\256Q\257\006\006\373O\271"
 255      2B16AFAE 
 255      51AF0606 
 255      FB4FB9
 256 0399 E1FD4AEA 		.ascii	"\341\375J\352Uj\324\223\347N\302\375\325[qu\2168\257"
 256      556AD493 
 256      E74EC2FD 
 256      D55B7175 
 256      8E38AF
 257 03ac 0691A1C1 		.ascii	"\006\221\241\301\302p\2352\344\334\333Y\344\310j\365"
 257      C2709D32 
 257      E4DCDB59 
 257      E4C86AF5 
 258 03bc 1621D99B 		.ascii	"\026!\331\233\377c\225\035\323U\344\362\363\0239.\254"
 258      FF63951D 
 258      D355E4F2 
 258      F313392E 
 258      AC
 259 03cd 768BC9E5 		.ascii	"v\213\311\345k\235)Q\316\354r\035\321\3157.v+\3610s"
 259      6B9D2951 
 259      CEEC721D 
ARM GAS  /tmp/ccpFHQSr.s 			page 20


 259      D1CD372E 
 259      762BF130 
 260 03e2 604FFDE9 		.ascii	"`O\375\351\205jXw\"\377\247u\007n\250\251\031\252\265"
 260      856A5877 
 260      22FFA775 
 260      076EA8A9 
 260      19AAB5
 261 03f5 C39176F4 		.ascii	"\303\221v\364\356\330\362\354\012a\351\254$zB\2369\337"
 261      EED8F2EC 
 261      0A61E9AC 
 261      247A429E 
 261      39DF
 262 0407 096F6417 		.ascii	"\011od\027\333c\332\314\3668\226)\026\247\334\005\247"
 262      DB63DACC 
 262      F6389629 
 262      16A7DC05 
 262      A7
 263 0418 0E36BDAC 		.ascii	"\0166\275\254Bx\033\273\230\237SP!L`\266\344\341sg\017"
 263      42781BBB 
 263      989F5350 
 263      214C60B6 
 263      E4E17367 
 264 042d DFB9CE4B 		.ascii	"\337\271\316K\025j6\037\036\201^X\177\347c\234\300\356"
 264      156A361F 
 264      1E815E58 
 264      7FE7639C 
 264      C0EE
 265 043f 2CEDC93C 		.ascii	",\355\311<*\314\015\203\332\032g\036q#\323\341\331t"
 265      2ACC0D83 
 265      DA1A671E 
 265      7123D3E1 
 265      D974
 266 0451 C8B86542 		.ascii	"\310\270eB\012\364\200\254\213H3\005u\262\251\274\214"
 266      0AF480AC 
 266      8B483305 
 266      75B2A9BC 
 266      8C
 267 0462 CB5CE41E 		.ascii	"\313\\\344\036G\023\315\363\037+i\021t\000\272\235\242"
 267      4713CDF3 
 267      1F2B6911 
 267      7400BA9D 
 267      A2
 268 0473 1F2277CB 		.ascii	"\037\"w\313=\004\034q/\365\256\253\024\335\364&\364"
 268      3D041C71 
 268      2FF5AEAB 
 268      14DDF426 
 268      F4
 269 0484 A9C3A9BB 		.ascii	"\251\303\251\273\325x\017sr_o\363#!_\036\240\246\365"
 269      D5780F73 
 269      725F6FF3 
 269      23215F1E 
 269      A0A6F5
 270 0497 E547AA70 		.ascii	"\345G\252p\022\273\266\343\302\376Z\007\234\314\024"
 270      12BBB6E3 
 270      C2FE5A07 
 270      9CCC14
 271 04a6 CBD6E34E 		.ascii	"\313\326\343N\267\036\264\376\346\002|\204])\212\337"
ARM GAS  /tmp/ccpFHQSr.s 			page 21


 271      B71EB4FE 
 271      E6027C84 
 271      5D298ADF 
 272 04b6 DE8C703A 		.ascii	"\336\214p:S\236G\335o\025\3423\031\324\235\325Of\340"
 272      539E47DD 
 272      6F15E233 
 272      19D49DD5 
 272      4F66E0
 273 04c9 93ECD2EB 		.ascii	"\223\354\322\353J\363\014\234\305\316+\316\245\037E"
 273      4AF30C9C 
 273      C5CE2BCE 
 273      A51F45
 274 04d8 3897293D 		.ascii	"8\227)={+\236\250q!S\222\353\223\316\253p1S\322\006"
 274      7B2B9EA8 
 274      71215392 
 274      EB93CEAB 
 274      703153D2 
 275 04ed 76A539E3 		.ascii	"v\2459\343r\2464\344^\217v\302UL\211>}z\217\023\276"
 275      72A634E4 
 275      5E8F76C2 
 275      554C893E 
 275      7D7A8F13 
 276 0502 CC94F5F9 		.ascii	"\314\224\365\371\215\361\302\002\331J\364\216\324\216"
 276      8DF1C202 
 276      D94AF48E 
 276      D48E
 277 0510 6447212B 		.ascii	"dG!+\366\240\307\324\327\364#\\\317\300\361\335=;\354"
 277      F6A0C7D4 
 277      D7F4235C 
 277      CFC0F1DD 
 277      3D3BEC
 278 0523 C7CDC3B0 		.ascii	"\307\315\303\260%\017\263i\032r\262\017w\251\344y\270"
 278      250FB369 
 278      1A72B20F 
 278      77A9E479 
 278      B8
 279 0534 05E89B14 		.ascii	"\005\350\233\024\375\232Fv\330\022\331\262\262\302a"
 279      FD9A4676 
 279      D812D9B2 
 279      B2C261
 280 0543 24CFC378 		.ascii	"$\317\303x\350w\212\277O\336\340\204\246\263\337\304"
 280      E8778ABF 
 280      4FDEE084 
 280      A6B3DFC4 
 281 0553 E9969F07 		.ascii	"\351\226\237\007\371w\210\217\212\344\213G\362p\314"
 281      F977888F 
 281      8AE48B47 
 281      F270CC
 282 0562 E98EAB11 		.ascii	"\351\216\253\021\374\221\311\224\352)<v\337s\023\305"
 282      FC91C994 
 282      EA293C76 
 282      DF7313C5 
 283 0572 E7E009E5 		.ascii	"\347\340\011\345\315%\377\025\354\226\307\337\301R\026"
 283      CD25FF15 
 283      EC96C7DF 
 283      C15216
 284 0581 8529BC57 		.ascii	"\205)\274W\016\177A\341\236\"\272J\202\356\227\243o"
ARM GAS  /tmp/ccpFHQSr.s 			page 22


 284      0E7F41E1 
 284      9E22BA4A 
 284      82EE97A3 
 284      6F
 285 0592 5AA123F8 		.ascii	"Z\241#\370\342\266h\034A\341\217\220;\272/\300-e\206"
 285      E2B6681C 
 285      41E18F90 
 285      3BBA2FC0 
 285      2D6586
 286 05a5 DAC6F852 		.ascii	"\332\306\370R/a\357\263\315.\205\337\226\300_\312\341"
 286      2F61EFB3 
 286      CD2E85DF 
 286      96C05FCA 
 286      E1
 287 05b6 ED72D7DB 		.ascii	"\355r\327\333b\260\010\277+\2077K\330\343\205|\360\260"
 287      62B008BF 
 287      2B87374B 
 287      D8E3857C 
 287      F0B0
 288 05c8 30A22140 		.ascii	"0\242!@\014\322\213\004\017\013\010\212\347<P,7\035"
 288      0CD28B04 
 288      0F0B088A 
 288      E73C502C 
 288      371D
 289 05da 4583AC07 		.ascii	"E\203\254\007\211\002\331\000\262\003$\002d\023\310"
 289      8902D900 
 289      B2032402 
 289      6413C8
 290 05e9 1690CD20 		.ascii	"\026\220\315 ;Ax\220\004\220H\220m 1 \033A\266\203l"
 290      3B417890 
 290      04904890 
 290      6D203120 
 290      1B41B683 
 291 05fe 0589E3A6 		.ascii	"\005\211\343\246\323\005\221\271Y*\231\324\200\334K"
 291      D30591B9 
 291      592A99D4 
 291      80DC4B
 292 060d 8D3C043D 		.ascii	"\215<\004=\022t\217\355\354YEL\032\203\026\3331\220"
 292      12748FED 
 292      EC59454C 
 292      1A8316DB 
 292      3190
 293 061f 846CF0DF 		.ascii	"\204l\360\337\"\372\225M_$\340\322h\011w\227\034\375"
 293      22FA954D 
 293      5F24E0D2 
 293      68097797 
 293      1CFD
 294 0631 7C8C2F83 		.ascii	"|\214/\203\022\327\273m\303%\354=R\317o\313\341\215"
 294      12D7BB6D 
 294      C325EC3D 
 294      52CF6FCB 
 294      E18D
 295 0643 63CB5AEA 		.ascii	"c\313Z\352\315=9\276\325\032\017E:\030#\224\352\010"
 295      CD3D39BE 
 295      D51A0F45 
 295      3A182394 
 295      EA08
ARM GAS  /tmp/ccpFHQSr.s 			page 23


 296 0655 94EA4F02 		.ascii	"\224\352O\002\336\362$\242\033\242;\254[\355{\355\036"
 296      DEF224A2 
 296      1BA23BAC 
 296      5BED7BED 
 296      1E
 297 0666 01F54150 		.ascii	"\001\365AP\012ac\023S\370<\006\347\236\345\371M\366"
 297      0A616313 
 297      53F83C06 
 297      E79EE5F9 
 297      4DF6
 298 0678 D4F81DDB 		.ascii	"\324\370\035\333\316J+S\022\211\037m\327\261U\022\245"
 298      CE4A2B53 
 298      12891F6D 
 298      D7B15512 
 298      A5
 299 0689 537B2CC7 		.ascii	"S{,\307\267\215yd\245\360g\266\027\004\012'o%57\322"
 299      B78D7964 
 299      A5F067B6 
 299      17040A27 
 299      6F253537 
 300 069e 5DF1097B 		.ascii	"]\361\011{\332\310gG7f\270!\217\211l\306\227cq$\231"
 300      DAC86747 
 300      3766B821 
 300      8F896CC6 
 300      97637124 
 301 06b3 F11EB87B 		.ascii	"\361\036\270{\0277\272\233\223\000\214\363\304\240\335"
 301      1737BA9B 
 301      93008CF3 
 301      C4A0DD
 302 06c2 F0A0FCD2 		.ascii	"\360\240\374\322\017\015y)(J\311Q:\307\214\276nP\027"
 302      0F0D7929 
 302      284AC951 
 302      3AC78CBE 
 302      6E5017
 303 06d5 C5053A91 		.ascii	"\305\005:\221s\246\355\006\034\001|}\240p\320\031\347"
 303      73A6ED06 
 303      1C017C7D 
 303      A070D019 
 303      E7
 304 06e6 D0192A33 		.ascii	"\320\031*3\"\217w+\221\307\024\004`\244N\263\274^)\320"
 304      228F772B 
 304      91C71404 
 304      60A44EB3 
 304      BC5E29D0 
 305 06fa 014E8DF6 		.ascii	"\001N\215\366r\330\362\276\266\227\207\325\277\373;"
 305      72D8F2BE 
 305      B69787D5 
 305      BFFB3B
 306 0709 320CE72A 		.ascii	"2\014\347*z\244\2577\374a\036OV\240\271t\365G\373`\216"
 306      7AA4AF37 
 306      FC611E4F 
 306      56A0B974 
 306      F547FB60 
 307 071e E49202ED 		.ascii	"\344\222\002\355\347\246\240$n\012\333j\236\017)\305"
 307      E7A6A024 
 307      6E0ADB6A 
 307      9E0F29C5 
ARM GAS  /tmp/ccpFHQSr.s 			page 24


 308 072e 251E516E 		.ascii	"%\036Qn\261\005;\310\211K<Q\310f4t2O\3308\311^TT\023"
 308      B1053BC8 
 308      894B3C51 
 308      C8663474 
 308      324FD838 
 309 0747 55E034EE 		.ascii	"U\3404\356\366\223\302\011\333O23\367c\314\206~\241"
 309      F693C209 
 309      DB4F3233 
 309      F763CC86 
 309      7EA1
 310 0759 89710035 		.ascii	"\211q\0005\2753i\2533\333\330~\017\352\211\266\204j"
 310      BD3369AB 
 310      33DBD87E 
 310      0FEA89B6 
 310      846A
 311 076b 2477E630 		.ascii	"$w\34608{\210#dG\2503\224\222*\244\265\371i(\321U\032"
 311      387B8823 
 311      6447A833 
 311      94922AA4 
 311      B5F96928 
 312 0782 5CD2CD89 		.ascii	"\\\322\315\211\346S\205\340\246\322\340>8\312\367\273"
 312      E65385E0 
 312      A6D2E03E 
 312      38CAF7BB 
 313 0792 E2021A5C 		.ascii	"\342\002\032\\\324Tr#\325Mxu\030i\304'\2622a_\232\024"
 313      D4547223 
 313      D54D7875 
 313      1869C427 
 313      B232615F 
 314 07a8 E54819D2 		.ascii	"\345H\031\322\304\012J\343d\035\363Q\216\364\205\335"
 314      C40A4AE3 
 314      641DF351 
 314      8EF485DD 
 315 07b8 7DD5F118 		.ascii	"}\325\361\030'8P\256\262\204\262^\225\300\325\333\362"
 315      273850AE 
 315      B284B25E 
 315      95C0D5DB 
 315      F2
 316 07c9 C1003C5D 		.ascii	"\301\000<]\360\256X"
 316      F0AE58
 317 07d0 AAA45CE9 		.ascii	"\252\244\\\351\"W\272\234\353\030\3452\367\3358\351"
 317      2257BA9C 
 317      EB18E532 
 317      F7DD38E9 
 318 07e0 805319D7 		.ascii	"\200S\031\327\361\223\0072]\361y\246\304\226\232\223"
 318      F1930732 
 318      5DF179A6 
 318      C4969A93 
 319 07f0 ECA16946 		.ascii	"\354\241iF'h\266a$q\375\255\245\202\245+[\361\376\374"
 319      2768B661 
 319      2471FDAD 
 319      A582A52B 
 319      5BF1FEFC 
 320 0804 A7D4EBF7 		.ascii	"\247\324\353\367\251\245\343\026K(\203S\022\315\332"
 320      A9A5E316 
 320      4B288353 
 320      12CDDA
ARM GAS  /tmp/ccpFHQSr.s 			page 25


 321 0813 D8496A2C 		.ascii	"\330Ij,\255\177 \326\025W\214\307\337\224\322\027\""
 321      AD7F20D6 
 321      15578CC7 
 321      DF94D217 
 321      22
 322 0824 F0F7D408 		.ascii	"\360\367\324\010o$)jJ\177j\224\376\007\240?%\247\317"
 322      6F24296A 
 322      4A7F6A94 
 322      FE07A03F 
 322      25A7CF
 323 0837 A4F4373B 		.ascii	"\244\3647;KW\340\272\361\330m\275\030\354\276v(\317"
 323      4B57E0BA 
 323      F1D86DBD 
 323      18ECBE76 
 323      28CF
 324 0849 65DC7780 		.ascii	"e\334w\200\263\034y\007\310\342\204w\200\246\353\303"
 324      B31C7907 
 324      C8E28477 
 324      80A6EBC3 
 325 0859 97949648 		.ascii	"\227\224\226H\017\341\246+\033\371:(\274\305\210\000"
 325      0FE1A62B 
 325      1BF93A28 
 325      BCC58800 
 326 0869 D1E9510F 		.ascii	"\321\351Q\017\317\200\207\247\345\036fS\017\007^\226"
 326      CF8087A7 
 326      E51E6653 
 326      0F075E96 
 327 0879 94A8709E 		.ascii	"\224\250p\236\212\272\230p\363N\034\022\253 7[Z\005"
 327      8ABA9870 
 327      F34E1C12 
 327      AB20375B 
 327      5A05
 328 088b E7C4CC9D 		.ascii	"\347\304\314\235\223s\345P\256C\267\032\317\330\343"
 328      9373E550 
 328      AE43B71A 
 328      CFD8E3
 329 089a CB8C2B2B 		.ascii	"\313\214++\257\262\223\263\304n\237%v\354\025\354\274"
 329      AFB293B3 
 329      C46E9F25 
 329      76EC15EC 
 329      BC
 330 08ab 48755E4E 		.ascii	"Hu^N\225K\251\022R/nR\342vFe\276\266\373\270\335hAM"
 330      954BA912 
 330      522F6E52 
 330      E2764665 
 330      BEB6FBB8 
 331 08c3 1FB22AA8 		.ascii	"\037\262*\250<\221+O\316\225O\271.u\234,u\305}\252q"
 331      3C912B4F 
 331      CE954FB9 
 331      2E759C2C 
 331      75C57DAA 
 332 08d8 B2909AB5 		.ascii	"\262\220\232\265\263\227\023\213\350\274U\021\025\214"
 332      B397138B 
 332      E8BC5511 
 332      158C
 333 08e6 C6B01062 		.ascii	"\306\260\020bX 7p\201\032h=\370`\207\013\216u\034\307"
 333      58203770 
ARM GAS  /tmp/ccpFHQSr.s 			page 26


 333      811A683D 
 333      F860870B 
 333      8E751CC7 
 334 08fa C049FEEA 		.ascii	"\300I\376\352!'K$\256XWQ\321(\1771\360\027\311\371K"
 334      21274B24 
 334      AE585751 
 334      D1287F31 
 334      F017C9F9 
 335 090f 287FBCF9 		.ascii	"(\177\274\371e\257\023\336\315\370k7m\337\311\341$\246"
 335      65AF13DE 
 335      CDF86B37 
 335      6DDFC9E1 
 335      24A6
 336 0921 BCA833C7 		.ascii	"\274\2503\3078\342#L\211)i\334\350\2103\230\222\362"
 336      38E2234C 
 336      892969DC 
 336      E8883398 
 336      92F2
 337 0933 3077871B 		.ascii	"0w\207\033\316bJAS\266\006\027\260\363c\271[\356\331"
 337      CE624A41 
 337      53B60617 
 337      B0F363B9 
 337      5BEED9
 338 0946 E172A6B4 		.ascii	"\341r\246\264\347D\365)\361%\246\324\345\265\336w\305"
 338      E744F529 
 338      F125A6D4 
 338      E5B5DE77 
 338      C5
 339 0957 9799B2AD 		.ascii	"\227\231\262\255\356`\223Jx\225#\237%v\347\266u\273"
 339      EE60934A 
 339      7895239F 
 339      2576E7B6 
 339      75BB
 340 0969 E2ABF4A2 		.ascii	"\342\253\364\242\363\231MC\313%\255\255\207\320\320"
 340      F3994D43 
 340      CB25ADAD 
 340      87D0D0
 341 0978 76E5D9C5 		.ascii	"v\345\331\305\376\020\263\205O.Et\3772\303\344\032\336"
 341      FE10B385 
 341      4F2E4574 
 341      FF32C3E4 
 341      1ADE
 342 098a DCE354AD 		.ascii	"\334\343T\255\025\267\273r9|\354n\3728T\204_\222\303"
 342      15B7BB72 
 342      397CEC6E 
 342      FA385484 
 342      5F92C3
 343 099d C7F45B6D 		.ascii	"\307\364[m\022t\225M\264\264}\222\200/\312\301c\333"
 343      1274954D 
 343      B4B47D92 
 343      802FCAC1 
 343      63DB
 344 09af D97A89E3 		.ascii	"\331z\211\343e\266\347)m\032$\350R9Z\322>Ym\315\325"
 344      65B6E729 
 344      6D1A24E8 
 344      52395AD2 
 344      3E596DCD 
ARM GAS  /tmp/ccpFHQSr.s 			page 27


 345 09c4 B0D4B31D 		.ascii	"\260\324\263\035\277A\330\227o\302\236U\007\373\351"
 345      BF41D897 
 345      6FC29E55 
 345      07FBE9
 346 09d3 15905B20 		.ascii	"\025\220[ WA\256\203\\\006\251\007\251\005\271\006r"
 346      5741AE83 
 346      5C06A907 
 346      A905B906 
 346      72
 347 09e4 C3BA4995 		.ascii	"\303\272I\225\030\257\260\035c\211\253\217%\350\032"
 347      18AFB01D 
 347      6389AB8F 
 347      25E81A
 348 09f3 DBAEB238 		.ascii	"\333\256\2628\260N\343F\027\353\255\032l\365V}]\356"
 348      B04EE346 
 348      17EBAD1A 
 348      6CF5567D 
 348      5DEE
 349 0a05 8722F9CA 		.ascii	"\207\"\371\312\331\224\254\322vP-\335\314\313\214\214"
 349      D994ACD2 
 349      76502DDD 
 349      CCCB8C8C 
 350 0a15 66277C8C 		.ascii	"f'|\214~N\345\266\014\356\350tC\023=l\306\0035A\030"
 350      7E4EE5B6 
 350      0CEEE874 
 350      43133D6C 
 350      C6033541 
 351 0a2a 7E6E4898 		.ascii	"~nH\230\327\025\257\354\241u@\267\201\244Q\\?\032h{"
 351      D715AFEC 
 351      A17540B7 
 351      81A4515C 
 351      3F1A687B 
 352 0a3e 443EEE96 		.ascii	"D>\356\226\307\035WI\367\321\333VM\312\035a\037\275"
 352      C71D5749 
 352      F7D1DB56 
 352      4DCA1D61 
 352      1FBD
 353 0a50 43F75173 		.ascii	"C\367Qssf\246\012gS\307\225g\016\014?sE\360Px\010\335"
 353      7366A60A 
 353      6753C795 
 353      670E0C3F 
 353      7345F050 
 354 0a67 65AD2402 		.ascii	"e\255$\002\315`\252\305v\015ZMT|\247l\021fy\017fy\027"
 354      CD60AAC5 
 354      760D5A4D 
 354      547CA76C 
 354      1166790F 
 355 0a7e 66D16A95 		.ascii	"f\321j\225\330\036\037\353\372\036\313-\315\324\335"
 355      D81E1FEB 
 355      FA1ECB2D 
 355      CDD4DD
 356 0a8d 5A96A916 		.ascii	"Z\226\251\026\353L\221/1\035\303\255\010\027\260\320"
 356      EB4C912F 
 356      311DC3AD 
 356      0817B0D0 
 357 0a9d 67566FCF 		.ascii	"gVo\317R\312C?\332[w\200#\3439\305\314\274\256U\222"
 357      52CA433F 
ARM GAS  /tmp/ccpFHQSr.s 			page 28


 357      DA5B7780 
 357      23E339C5 
 357      CCBCAE55 
 358 0ab2 D0B603A8 		.ascii	"\320\266\003\250M\014m\213%\264\347\323\037u8KC\333"
 358      4D0C6D8B 
 358      25B4E7D3 
 358      1F75384B 
 358      43DB
 359 0ac4 6E15DAFB 		.ascii	"n\025\332\373Bh\357\323\320\356]\237\331f/\005\327["
 359      4268EFD3 
 359      D0EE5D9F 
 359      D9662F05 
 359      D75B
 360 0ad6 F5339D02 		.ascii	"\3653\235\002\270\223\202_\014\025lv\303\325\354{\374"
 360      B893825F 
 360      0C156C76 
 360      C3D5EC7B 
 360      FC
 361 0ae7 D0C38446 		.ascii	"\320\303\204F\304:+g\311'\204I\302'\204\224\332\336"
 361      C43A2B67 
 361      C9278449 
 361      C2278494 
 361      DADE
 362 0af9 5D6ADCC8 		.ascii	"]j\334\310\2607\033\243r\005\254\023\250\221\031\027"
 362      B0371BA3 
 362      7205AC13 
 362      A8911917 
 363 0b09 CED98DDB 		.ascii	"\316\331\215\333\302=\265\264pOX\013\367\374i\332\011"
 363      C23DB5B4 
 363      704F580B 
 363      F7FC69DA 
 363      09
 364 0b1a 3B7993F6 		.ascii	";y\223\366\010*\365!m\322\236\321&\215\336D?q&U\276"
 364      082AF521 
 364      6DD29ED1 
 364      268DDE44 
 364      3F712655 
 365 0b2f 72540BDD 		.ascii	"rT\013\335h\364\177\353F\317U$\276TK\271\237\277\211"
 365      68F47FEB 
 365      46CF5524 
 365      BE544BB9 
 365      9FBF89
 366 0b42 FB4A7BCD 		.ascii	"\373J{\315~\267\367\016\363u\305\344\353\357\007\303"
 366      7EB7F70E 
 366      F375C5E4 
 366      EBEF07C3 
 367 0b52 697C7426 		.ascii	"i|t&$\242\213sG\217!\021\225h\232\344\336\0070\362O"
 367      24A28B73 
 367      478F2111 
 367      95689AE4 
 367      DE0730F2 
 368 0b67 D8A4BAB9 		.ascii	"\330\244\272\271\367l\365\215eVq~!\304\231\034\377\252"
 368      F76CF58D 
 368      6556717E 
 368      21C4991C 
 368      FFAA
 369 0b79 09080D36 		.ascii	"\011\010\0156j\326\231\0024^F\323\327\341\241\2534\376"
ARM GAS  /tmp/ccpFHQSr.s 			page 29


 369      6AD69902 
 369      345E46D3 
 369      D7E1A1AB 
 369      34FE
 370 0b8b 0181CB03 		.ascii	"\001\201\313\003CM\032-9.\323\033\346x\316\362\204?"
 370      434D1A2D 
 370      392ED31B 
 370      E678CEF2 
 370      843F
 371 0b9d 0D0C05F8 		.ascii	"\015\014\005\370\005iV\205\206\205\2334z_\237\271s4"
 371      05695685 
 371      86859B34 
 371      7A5F9FB9 
 371      7334
 372 0baf 4B967869 		.ascii	"K\226xi\364\177\323\373zk\377\274\306\223\\5\230\302"
 372      F47FD3FB 
 372      7A6BFFBC 
 372      C6935C35 
 372      98C2
 373 0bc1 0D41412B 		.ascii	"\015AA+f\371\253>Y\372\331T\255\247\247Bm0\254\016\014"
 373      66F9AB3E 
 373      59FAD954 
 373      ADA7A742 
 373      6D30AC0E 
 374 0bd6 099F3BC7 		.ascii	"\011\237;\307\020>S\263\332\024\246\011\014\361\017"
 374      103E53B3 
 374      DA14A609 
 374      0CF10F
 375 0be5 5ABDC2A8 		.ascii	"Z\275\302\250\0111~\033\024\270\\\023\354\007\366B\214"
 375      09317E1B 
 375      14B85C13 
 375      EC07F642 
 375      8C
 376 0bf6 1AC30AE3 		.ascii	"\032\303\012\343J\277\325A\341\206\360u\253\214\246"
 376      4ABFD541 
 376      E186F075 
 376      AB8CA6
 377 0c05 59010A95 		.ascii	"Y\001\012\225\345\266i\266n3\2553i\300\330\012\300\000"
 377      E5B669B6 
 377      6E33AD33 
 377      69C0D80A 
 377      C000
 378 0c17 F6D7CCAC 		.ascii	"\366\327\314\254\301d\014[c4\300\2301,l\365\252\360"
 378      C1640C5B 
 378      6334C098 
 378      312C6CF5 
 378      AAF0
 379 0c29 59ABFCC2 		.ascii	"Y\253\374\302\302g\315\376\374\027\232\243\302I0\033"
 379      C267CDFE 
 379      FC179AA3 
 379      C249301B 
 380 0c39 181218FE 		.ascii	"\030\022\030\376\216m\027T\1771\372\207\207\206-\230"
 380      8E6D1754 
 380      7F31FA87 
 380      87862D98 
 381 0c49 EDEE1FA0 		.ascii	"\355\356\037\240_g\362\015\0146\206-\366\013Y\021d\014"
 381      5F67F20D 
ARM GAS  /tmp/ccpFHQSr.s 			page 30


 381      0C36862D 
 381      F60B5911 
 381      640C
 382 0c5b F3FEF8AD 		.ascii	"\363\376\370\255\374\012\013\037\215\201\177\000L\037"
 382      FC0A0B1F 
 382      8D817F00 
 382      4C1F
 383 0c69 A63D2164 		.ascii	"\246=!dM\240\377\302\020\277\345AFff\311\317\234\251"
 383      4DA0FFC2 
 383      10BFE541 
 383      466666C9 
 383      CF9CA9
 384 0c7c 7F687070 		.ascii	"\177hpph\210f\276\316G\353\263VCX\201}\242\301@\256"
 384      688866BE 
 384      CE47EBB3 
 384      56435881 
 384      7DA2C140 
 385 0c91 1A02C3BE 		.ascii	"\032\002\303\2761\030W\005\006\205~\265\332\370\347"
 385      31185705 
 385      06857EB5 
 385      DAF8E7
 386 0ca0 B73220D0 		.ascii	"\2672 \3202\033@\276f\336L\037\300\373\207\206\031\201"
 386      321B40BE 
 386      66DE4C1F 
 386      C0FB8786 
 386      1981
 387 0cb2 DF4EABF5 		.ascii	"\337N\253\365\321\315\345\226\351\224^>\363u\330K\253"
 387      D1CDE596 
 387      E9945E3E 
 387      F375D84B 
 387      AB
 388 0cc3 532EF0F2 		.ascii	"S.\360\362\325a\255V\207u \363u:\374\251^\213\265K}"
 388      D561AD56 
 388      877520F3 
 388      753AFCA9 
 388      5E8BB54B 
 389 0cd8 955AED42 		.ascii	"\225Z\355B\035\305\317\241\377=\361\302Ot\234\036\356"
 389      1DC5CFA1 
 389      FF3DF1C2 
 389      4F749C1E 
 389      EE
 390 0ce9 F45EA853 		.ascii	"\364^\250S\352}\000\255\325\315\001\361\004\344\347"
 390      EA7D00AD 
 390      D5CD01F1 
 390      04E4E7
 391 0cf8 3AFDFF9D 		.ascii	":\375\377\235p_o\037H\266)<\230\024``0x\3534\252\030"
 391      705F6F1F 
 391      48B6293C 
 391      98146060 
 391      3078EB34 
 392 0d0e C295FE01 		.ascii	"\302\225\376\001~a\356\241&\277 H\351\222P\377\257\027"
 392      7E61EEA1 
 392      26BF2048 
 392      E99250FF 
 392      AF17
 393 0d20 8585067B 		.ascii	"\205\205\006{\353u^om\227p@fg\206\004\262s\222TZ(\022"
 393      EB755E6F 
ARM GAS  /tmp/ccpFHQSr.s 			page 31


 393      6D977040 
 393      66678604 
 393      B2739254 
 394 0d37 56779A85 		.ascii	"Vw\232\205 \0300\254\204\021C\240)\314\305/\350[\277"
 394      201830AC 
 394      841143A0 
 394      29CCC52F 
 394      E85BBF
 395 0d4a 752628B3 		.ascii	"u&(\263 xv\034G\001.\006\250\277p\303\202\371\372\205"
 395      2078761C 
 395      47012E06 
 395      A8BF70C3 
 395      82F9FA85 
 396 0d5e 9FEABCFF 		.ascii	"\237\352\274\377\376s\222e\\\033NR\245\321\372\350\275"
 396      FE739265 
 396      5C1B4E52 
 396      A5D1FAE8 
 396      BD
 397 0d6f F51A2DA4 		.ascii	"\365\032-\244J\343m)\273`S\240\311\360\225?-\016\342"
 397      4AE36D29 
 397      BB6053A0 
 397      C9F0953F 
 397      2D0EE2
 398 0d82 ED32EB7A 		.ascii	"\3552\353z\236$D\344\263\220 \211\367t:VC\223\250\277"
 398      9E2444E4 
 398      B3902089 
 398      F7743A56 
 398      4393A8BF 
 399 0d96 AB43ACA6 		.ascii	"\253C\254\246\344$\031\204:\320\352\034\346\177\272"
 399      E4241984 
 399      3AD0EA1C 
 399      E67FBA
 400 0da5 C073E152 		.ascii	"\300s\341Rz\234\003G\373\371\213\027\300AE\206uz_z2"
 400      7A9C0347 
 400      FBF98B17 
 400      C0414586 
 400      757A5F7A 
 401 0dba 879C60AD 		.ascii	"\207\234`\255\267N\251]\004\005A\312@\377\226\331\227"
 401      B74EA95D 
 401      040541CA 
 401      40FF96D9 
 401      97
 402 0dcb 4C5BEFCB 		.ascii	"L[\357\313*`\221\347\332\265,\367+=g\317]\273\234d_"
 402      2A6091E7 
 402      DAB52CF7 
 402      2B3D67CF 
 402      5DBB9C64 
 403 0de0 A7D51A7C 		.ascii	"\247\325\032|ae\3622\256\264\367\366\322.\363Z\350\352"
 403      6165F232 
 403      AEB4F7F6 
 403      D22EF35A 
 403      E8EA
 404 0df2 B5E0131F 		.ascii	"\265\340\023\037\355g\226Q\010\375\312\325!\376\006"
 404      ED679651 
 404      08FDCAD5 
 404      21FE06
 405 0e01 C3AC79F3 		.ascii	"\303\254y\363>\374\255\312\242\375\007?\361\013<"
ARM GAS  /tmp/ccpFHQSr.s 			page 32


 405      3EFCADCA 
 405      A2FD073F 
 405      F10B3C
 406              		.text
 407              		.section	.gnu.lto_.symtab.bb84974eefad531d,"",%progbits
 408 0000 73745F6C 		.ascii	"st_lld_init\000"
 408      6C645F69 
 408      6E697400 
 409 000c 00       		.ascii	"\000"
 410 000d 00       		.ascii	"\000"
 411 000e 00       		.ascii	"\000"
 412 000f 00000000 		.ascii	"\000\000\000\000\000\000\000\000"
 412      00000000 
 413 0017 C8000000 		.ascii	"\310\000\000\000"
 414 001b 73745F6C 		.ascii	"st_lld_serve_interrupt\000"
 414      6C645F73 
 414      65727665 
 414      5F696E74 
 414      65727275 
 415 0032 00       		.ascii	"\000"
 416 0033 00       		.ascii	"\000"
 417 0034 00       		.ascii	"\000"
 418 0035 00000000 		.ascii	"\000\000\000\000\000\000\000\000"
 418      00000000 
 419 003d CA000000 		.ascii	"\312\000\000\000"
 420 0041 56656374 		.ascii	"VectorB0\000"
 420      6F724230 
 420      00
 421 004a 00       		.ascii	"\000"
 422 004b 00       		.ascii	"\000"
 423 004c 00       		.ascii	"\000"
 424 004d 00000000 		.ascii	"\000\000\000\000\000\000\000\000"
 424      00000000 
 425 0055 CC000000 		.ascii	"\314\000\000\000"
 426 0059 63685379 		.ascii	"chSysTimerHandlerI\000"
 426      7354696D 
 426      65724861 
 426      6E646C65 
 426      724900
 427 006c 00       		.ascii	"\000"
 428 006d 02       		.ascii	"\002"
 429 006e 00       		.ascii	"\000"
 430 006f 00000000 		.ascii	"\000\000\000\000\000\000\000\000"
 430      00000000 
 431 0077 CE000000 		.ascii	"\316\000\000\000"
 432 007b 6E766963 		.ascii	"nvicEnableVector\000"
 432      456E6162 
 432      6C655665 
 432      63746F72 
 432      00
 433 008c 00       		.ascii	"\000"
 434 008d 02       		.ascii	"\002"
 435 008e 00       		.ascii	"\000"
 436 008f 00000000 		.ascii	"\000\000\000\000\000\000\000\000"
 436      00000000 
 437 0097 D3000000 		.ascii	"\323\000\000\000"
 438 009b 5F5F706F 		.ascii	"__port_irq_epilogue\000"
ARM GAS  /tmp/ccpFHQSr.s 			page 33


 438      72745F69 
 438      72715F65 
 438      70696C6F 
 438      67756500 
 439 00af 00       		.ascii	"\000"
 440 00b0 02       		.ascii	"\002"
 441 00b1 00       		.ascii	"\000"
 442 00b2 00000000 		.ascii	"\000\000\000\000\000\000\000\000"
 442      00000000 
 443 00ba D5000000 		.ascii	"\325\000\000\000"
 444              		.text
 445              		.section	.gnu.lto_.opts,"",%progbits
 446 0000 272D666D 		.ascii	"'-fmath-errno' '-fsigned-zeros' '-ftrapping-math' '"
 446      6174682D 
 446      6572726E 
 446      6F272027 
 446      2D667369 
 447 0033 2D666E6F 		.ascii	"-fno-trapv' '-fno-openmp' '-fno-openacc' '-mcpu=cor"
 447      2D747261 
 447      70762720 
 447      272D666E 
 447      6F2D6F70 
 448 0066 7465782D 		.ascii	"tex-m3' '-mthumb' '-O2' '-fomit-frame-pointer' '-fa"
 448      6D332720 
 448      272D6D74 
 448      68756D62 
 448      2720272D 
 449 0099 6C69676E 		.ascii	"lign-functions=16' '-ffunction-sections' '-fdata-se"
 449      2D66756E 
 449      6374696F 
 449      6E733D31 
 449      36272027 
 450 00cc 6374696F 		.ascii	"ctions' '-fno-common' '-flto'\000"
 450      6E732720 
 450      272D666E 
 450      6F2D636F 
 450      6D6D6F6E 
 451              		.text
 452              		.comm	__gnu_lto_v1,1,1
 453              		.comm	__gnu_lto_slim,1,1
 454              		.ident	"GCC: (15:7-2018-q2-6) 7.3.1 20180622 (release) [ARM/embedded-7-branch revision 261907]"
ARM GAS  /tmp/ccpFHQSr.s 			page 34


DEFINED SYMBOLS
                            *ABS*:0000000000000000 hal_st_lld.c
                            *COM*:0000000000000001 __gnu_lto_v1
                            *COM*:0000000000000001 __gnu_lto_slim

NO UNDEFINED SYMBOLS
