ARM GAS  /tmp/ccgmo70v.s 			page 1


   1              		.cpu cortex-m3
   2              		.eabi_attribute 20, 1
   3              		.eabi_attribute 21, 1
   4              		.eabi_attribute 23, 3
   5              		.eabi_attribute 24, 1
   6              		.eabi_attribute 25, 1
   7              		.eabi_attribute 26, 1
   8              		.eabi_attribute 30, 2
   9              		.eabi_attribute 34, 1
  10              		.eabi_attribute 18, 4
  11              		.file	"hal_pal_lld.c"
  12              		.section	.gnu.lto_.profile.33ec6a58c7504e95,"",%progbits
  13 0000 789C6363 		.ascii	"x\234cc```\001bF\006wW\000\001K\000\230"
  13      60606001 
  13      62460677 
  13      5700014B 
  13      0098
  14              		.text
  15              		.section	.gnu.lto_.icf.33ec6a58c7504e95,"",%progbits
  16 0000 789C6363 		.ascii	"x\234cc``\020a@\000f\206\263\353'\334\346`\334z|\355"
  16      60601061 
  16      40006686 
  16      B3EB27DC 
  16      E660DC7A 
  17 0016 3A16A697 		.ascii	":\026\246\227\313\237_fa\000\000a\000\0119"
  17      CB9F5F66 
  17      61000061 
  17      000939
  18              		.text
  19              		.section	.gnu.lto_.jmpfuncs.33ec6a58c7504e95,"",%progbits
  20 0000 789C6363 		.ascii	"x\234cc``\220a@\000&\006FF\306\3729\314\014\214\314"
  20      60609061 
  20      40002606 
  20      4646C6FA 
  20      39CC0C8C 
  21 0015 40063B90 		.ascii	"@\006;\220\005\3421\00113\003\000<b\004\264"
  21      05E23101 
  21      31330300 
  21      3C6204B4 
  22              		.text
  23              		.section	.gnu.lto_.inline.33ec6a58c7504e95,"",%progbits
  24 0000 789C3D91 		.ascii	"x\234=\2211N\0031\020E\377\214\235d\005\005[P\"\305"
  24      314E0331 
  24      1045FF8C 
  24      9D640505 
  24      5B5022C5 
  25 0014 45920370 		.ascii	"E\222\003p\000\344\243P\207KL\033Q!\321 \245p\211D\007"
  25      00E4A350 
  25      874B4C1B 
  25      5121D120 
  25      A5708944 
  26 0029 A4DFF414 		.ascii	"\244\337\364\024\024\224\024[R\302\015\342\231\361\342"
  26      1494145B 
  26      52C20DE2 
  26      99F1E2
  27 0038 E2FDF91A 		.ascii	"\342\375\371\032\351yW\236\0038\020\376\017\003\353"
  27      E979579E 
ARM GAS  /tmp/ccgmo70v.s 			page 2


  27      033810FE 
  27      0F03EB
  28 0047 155D2011 		.ascii	"\025] \021\002\214\331\230\214\267\306B\026\3421\264"
  28      028CD998 
  28      8CB7C642 
  28      16E231B4 
  29 0057 C616A3B7 		.ascii	"\306\026\243\267\322\232\307\340!\301\233G\011i\363"
  29      D29AC7E0 
  29      21C19B47 
  29      0969F3
  30 0066 FBCC9897 		.ascii	"\373\314\230\227%\203~\026\321\251\350l\354\024\275"
  30      25837E16 
  30      D1A9E86C 
  30      EC14BD
  31 0075 8DBD22D9 		.ascii	"\215\275\"\331\230\024\331\306\254\020b\017#{q\306\026"
  31      9814D9C6 
  31      AC10620F 
  31      237B71C6 
  31      16
  32 0086 46778A49 		.ascii	"Fw\212I\305\255bZq\257\230X\334,\256\236\334M>\331\233"
  32      C5AD625A 
  32      71AF9858 
  32      DC2CAE9E 
  32      DC4D3ED9 
  33 009b 7EF2D70B 		.ascii	"~\362\327\013\352!\254\036\210f\234\266\217\201v\373"
  33      EA21AC1E 
  33      88669CB6 
  33      8F8176FB 
  34 00ab A797C57D 		.ascii	"\247\227\305}\330\207@\201\336\350\012\234\356Z\352"
  34      D8874081 
  34      DEE80A9C 
  34      EE5AEA
  35 00ba FA38BEFE 		.ascii	"\3728\276\376\235\373:\322{[{\326\247\350\256?\277{"
  35      9DFB3AD2 
  35      7B5B7BD6 
  35      A7E8AE3F 
  35      BF7B
  36 00cc 9C0D378C 		.ascii	"\234\0157\214X\226\031\361\3432\327\317\036\251\327"
  36      589619F1 
  36      E332D7CF 
  36      1EA9D7
  37 00db 7FD0007D 		.ascii	"\177\320\000}\261^^i\217v\002\203.Q\337"
  37      B15E5E69 
  37      8F760283 
  37      2E51DF
  38              		.text
  39              		.section	.gnu.lto_.pureconst.33ec6a58c7504e95,"",%progbits
  40 0000 789C6363 		.ascii	"x\234cc```\005b&\006)F)\000\000\374\000C"
  40      60606005 
  40      62260629 
  40      46290000 
  40      FC0043
  41              		.text
  42              		.section	.gnu.lto__pal_lld_init.33ec6a58c7504e95,"",%progbits
  43 0000 789CA597 		.ascii	"x\234\245\227\373O\034U\024\307\357\231;;\373by$mbb"
  43      FB4F1C55 
  43      14C7EF99 
ARM GAS  /tmp/ccgmo70v.s 			page 3


  43      3B3BFB62 
  43      79246D62 
  44 0015 7FE80F9A 		.ascii	"\177\350\017\232\246\277tB\375\023lb455\2511\361\007"
  44      A6BF7442 
  44      FD136C62 
  44      343535A9 
  44      31F107
  45 0028 432C5621 		.ascii	"C,V!\242K\2441\361\247\316.\257\005\252\245\024\252"
  45      A24BA431 
  45      F1A7CE2E 
  45      AF05AAA5 
  45      14AA
  46 003a C18D6E42 		.ascii	"\301\215nB\033M\254\335V|\201\320n\227\012mu\241\024"
  46      1B4DACDD 
  46      567C81D0 
  46      6E970A6D 
  46      75A114
  47 004d 6CA114B0 		.ascii	"l\241\024\260\255Bw\241\255\010\255\025-x\317\275;3"
  47      AD4277A1 
  47      AD08AD15 
  47      2D78CFBD 
  47      3B33
  48 005f 4B364C9C 		.ascii	"K6L\234\354\206=;/\316\371|\356|\2630\012!d\332GH\011"
  48      EC863D3B 
  48      2FCEF97C 
  48      EE7CB330 
  48      0A2164DA 
  49 0076 FB7C9CBD 		.ascii	"\373|\234\275\201\022\220\232\007\011\011\270$\000\334"
  49      8112909A 
  49      070909B8 
  49      2400DC
  50 0085 D05C40F6 		.ascii	"\320\\@\366K\260\037\016\320V\012\361\372\231.i\353"
  50      4BB01F0E 
  50      D0560AF1 
  50      FA992E69 
  50      EB
  51 0096 671A7BC5 		.ascii	"g\032{\305>\274\242\324i\265\217\205)!G\330\033_\320"
  51      3EBCA2D4 
  51      69B58F85 
  51      292147D8 
  51      1B5FD0
  52 00a9 095BD955 		.ascii	"\011[\331U\3035'\303\264\211\206)\200\314v\027\022\355"
  52      C33527C3 
  52      B4898629 
  52      80CC7617 
  52      12ED
  53 00bb B7F27157 		.ascii	"\267\362qW\202\315l7\271\022\235\225\351\313@\330\366"
  53      82CD6C37 
  53      B9129D95 
  53      E9CB40D8 
  53      F6
  54 00cc B7F39FF6 		.ascii	"\267\363\237\366{\267\034\323\264\240\026\233?J\265"
  54      7BB71CD3 
  54      B4A0169B 
  54      3F4AB5
  55 00db 27C2941D 		.ascii	"'\302\224\035\004\312\032\3027\260\011\276\206M\204"
  55      04CA1AC2 
ARM GAS  /tmp/ccgmo70v.s 			page 4


  55      37B009BE 
  55      864D84
  56 00ea 1D22F01D 		.ascii	"\035\"\360\035l\301\353o\236Zi\363)\262\030\010\337"
  56      6CC1EB6F 
  56      9E5A69F3 
  56      29B21808 
  56      DF
  57 00fb 8342806D 		.ascii	"\203B\200mD/;b\332\312j=\353q\014\016=\367$\260\337"
  57      442F3B62 
  57      DACA6A3D 
  57      EB710C0E 
  57      3DF724B0 
  58 0110 91252C14 		.ascii	"\221%,\024\213\214\305\201E\301\342\304\342\302\342"
  58      8B8CC581 
  58      45C1E2C4 
  58      E2C2E2
  59 011f C6E2C1E2 		.ascii	"\306\342\301\342\305\222\207\305\207%\037K\001\226B"
  59      C59287C5 
  59      87251F4B 
  59      019642
  60 012e 2C455836 		.ascii	",EX6`\331\010\234\204\204\330|\266:Z\2144P\011\267\252"
  60      60D9089C 
  60      8484D87C 
  60      B63A5A8C 
  60      345009B7 
  61 0143 632405F1 		.ascii	"c$\005\361\356\344\371R\244j\247\300`\217\324\306\207"
  61      EEE4F952 
  61      A46AA7C0 
  61      608FD4C6 
  61      87
  62 0154 9CE8EDE0 		.ascii	"\234\350\355\340\256\023\321\304\234K\354j\221\220\206"
  62      AE13D1C4 
  62      9C4BEC6A 
  62      919086
  63 0163 2B73347A 		.ascii	"+s4z\352c\210\300'\001\266\236\233\303T\201n\346\334"
  63      EA6388C0 
  63      2701B69E 
  63      9BC35481 
  63      6EE6DC
  64 0176 C59CF1FA 		.ascii	"\305\234\361\372\226\316\321W\324/\265\032\010S'\374"
  64      96CED157 
  64      D42FB51A 
  64      085327FC 
  65 0186 C02E6BE3 		.ascii	"\300.k\343\253\014=\240\262Y\325\017\353@\214\222\304"
  65      AB0C3DA0 
  65      B259D50F 
  65      EB408C92 
  65      C4
  66 0197 B49113AB 		.ascii	"\264\221\023\2531\276\3502<\"\320\313\2320\240\321F"
  66      31BEE832 
  66      3C22D0CB 
  66      9A30A0D1 
  66      46
  67 01a8 7E91AD51 		.ascii	"~\221\255Q\247\315Qg@e\375\271\231[\014\333\360\177"
  67      A7CD5167 
  67      4065FDB9 
  67      995B0CDB 
ARM GAS  /tmp/ccgmo70v.s 			page 5


  67      F07F
  68 01ba 5B05F094 		.ascii	"[\005\360\224\023bf\263\263\234;\330\235L\364\025\210"
  68      136266B3 
  68      B39C3BD8 
  68      9D4CF415 
  68      88
  69 01cb 66347391 		.ascii	"f4s\221(_\244\236x\242_I\367\216t\343\215t\265\323\215"
  69      285FA49E 
  69      78A25F49 
  69      F78E74E3 
  69      8D74B5D3 
  70 01e0 104F775F 		.ascii	"\020Ow_hj\031\003\326\276\231OvC\037o\217\031`';\373"
  70      686A1903 
  70      D6BE994F 
  70      76431F6F 
  70      8F196027 
  71 01f6 7ABDE25C 		.ascii	"z\275\342\\d\231\231x\340\034\250m\014\237\315\376\221"
  71      64999978 
  71      E01CA86D 
  71      0C9FCDFE 
  71      91
  72 0207 CF66CB91 		.ascii	"\317f\313\221\244\351\3650\346z\371\334\231\376\253"
  72      A4E9F530 
  72      E67AF9DC 
  72      99FEAB
  73 0216 0D0EB1AB 		.ascii	"\015\016\261\2535\327\360\233\3238\271xZ\322Q\3660\222"
  73      35D7F09B 
  73      D338B978 
  73      5AD251F6 
  73      3092
  74 0228 3C1860A2 		.ascii	"<\030`\242\375i\224P\"\325\341\3120=\317Qx./\340\262"
  74      FD699450 
  74      22D5E1CA 
  74      303DCF51 
  74      782E2FE0 
  75 023d 51213BA8 		.ascii	"Q!;\250\313\312\366\355.Z\332\375\204v2\316\3739\313"
  75      CBCAF6ED 
  75      2E5ADAFD 
  75      847632CE 
  75      FB39CB
  76 0250 CE267B82 		.ascii	"\316&{\202\017r`\257Ad\227\005\373\220\316\356\260\317"
  76      0F7260AF 
  76      41649705 
  76      FB90CEEE 
  76      B0CF
  77 0262 3E64C97E 		.ascii	">d\311~\011\331\025\2347\234+\373e>\310\211\275F\220"
  77      09D9159C 
  77      379C2BFB 
  77      653EC889 
  77      BD4690
  78 0275 DD21D8C7 		.ascii	"\335!\330\307tv\305>\373(o\351Z\207\375\027#UW\262\330"
  78      7476C53E 
  78      FB286FE9 
  78      5A87FD17 
  78      235557B2 
  79 028a 27866F7C 		.ascii	"'\206o|\341N\307\350#\021\243\271{\355\323\356\265:"
  79      E14EC7E8 
ARM GAS  /tmp/ccgmo70v.s 			page 6


  79      2311A3B9 
  79      7BEDD3EE 
  79      B53A
  80 029c 573374C6 		.ascii	"W3t\306B\307\333<\031:cf\214\306QG\021:\343\272\216"
  80      42C7DB3C 
  80      193A6366 
  80      8CC65147 
  80      113AE3BA 
  81 02b1 D3BECE35 		.ascii	"\323\276\3165K\235\011#F\327\263tl\262O\2321\232Bv\247"
  81      4B9D0923 
  81      46D7B374 
  81      6CB24F9A 
  81      319A4276 
  82 02c6 60BFA6B3 		.ascii	"`\277\246\263\273\354\263O[\262\377j\304\350F\256\354"
  82      BBECB34F 
  82      5BB2FF6A 
  82      C4E846AE 
  82      EC
  83 02d7 37CD18DD 		.ascii	"7\315\030\335Bv\227`\237\320\331\335\366\331\177\343"
  83      42769760 
  83      9FD0D9DD 
  83      F6D97FE3 
  84 02e7 2DDDEBB0 		.ascii	"-\335\353\260\377n\304h&\213\375~\353\370\010\244c\024"
  84      FF6EC468 
  84      268BFD7E 
  84      EBF808A4 
  84      6314
  85 02f9 11313A7C 		.ascii	"\0211:|b\340\234w\255\316l\206\316l0\325%g\350\3346"
  85      62E09C77 
  85      ADCE6C86 
  85      CE6C30D5 
  85      2567E8DC 
  86 030e 6394441D 		.ascii	"c\224D\035\267\320\271\256\353x\354\353\244,u\346\214"
  86      B7D0B9AE 
  86      EB78ECEB 
  86      A42C75E6 
  86      8C
  87 031f 18CD67E9 		.ascii	"\030\315g\351\330d\277c\306\350.\262{\004\373\244\316"
  87      D864BF63 
  87      C6E82EB2 
  87      7B04FBA4 
  87      CE
  88 0330 EEB5CF7E 		.ascii	"\356\265\317~\317\222\375\017#F\013\271\262\377i\306"
  88      CF92FD0F 
  88      23460BB9 
  88      B2FF69C6 
  89 0340 6811D9BD 		.ascii	"h\021\331\275\202}Jg\317\263\317\276\304[z\326a\277"
  89      827D4A67 
  89      CFB3CFBE 
  89      C45B7AD6 
  89      61BF
  90 0352 6FC4E841 		.ascii	"o\304\350A6{\303\235\200\376m\364\271\210Q\307\231\007"
  90      367BC39D 
  90      80FE6DF4 
  90      B98851C7 
  90      9907
  91 0364 5FD1B53A 		.ascii	"_\321\265:\177e\350L\365\034\3272\277\\\037\2321\372"
ARM GAS  /tmp/ccgmo70v.s 			page 7


  91      7F65E84C 
  91      F51CD732 
  91      BF5C1F9A 
  91      31FA
  92 0376 1B75F284 		.ascii	"\033u\362\204\316\264\256\343\263\257\263l\251\363\217"
  92      CEB4AEE3 
  92      B3AFB36C 
  92      A9F38F
  93 0385 11A37FB3 		.ascii	"\021\243\177\263tl\262?2c\264\202\354>\301~[g\317\267"
  93      746CB23F 
  93      3263B482 
  93      EC3EC17E 
  93      5B67CFB7 
  94 0399 CFBE6AC9 		.ascii	"\317\276j\311\256Iz\214\002R\216\354A\311\210Q\265\304"
  94      AE497A8C 
  94      02528EEC 
  94      41C98851 
  94      B5C4
  95 03ab D8F3057B 		.ascii	"\330\363\005{Jg/\260\317^\303[z\327a\257\225\364\030"
  95      4A672FB0 
  95      CF5EC35B 
  95      7AD761AF 
  95      95F418
  96 03be D565B12F 		.ascii	"\325e\261/-w,)\351\030\235L\377Q[\\\350\365\255\325"
  96      2D772C29 
  96      E9189D4C 
  96      FF515B5C 
  96      E8F5ADD5 
  97 03d2 A9974C9D 		.ascii	"\251\227L\235K\003\007\243\005\031:!\311\210Q\003\352"
  97      4B0307A3 
  97      05193A21 
  97      C9885103 
  97      EA
  98 03e3 14089D39 		.ascii	"\024\010\2359]\247\320\276N\243\245N\223\244\307\350"
  98      5DA7D0BE 
  98      4EA3A54E 
  98      93A4C7E8 
  99 03f3 40968E4D 		.ascii	"@\226\216M\366\367%#F\037 {\241`\237\327\331\213\354"
  99      F6F72523 
  99      461F207B 
  99      A1609FD7 
  99      D98BEC
 100 0406 B31FB464 		.ascii	"\263\037\264do6bt(W\366\0263F\207\221\275\210\334\205"
 100      6F366274 
 100      2857F616 
 100      33468791 
 100      BD88DC85 
 101 041a 60A4A395 		.ascii	"`\244\243\225?\024\360'\266\020\373\027\215=\276\260"
 101      3F14F027 
 101      B610FB17 
 101      8D3DBEB0 
 102 042a 3BFF925A 		.ascii	";\377\222Z\346\177k\257\372^U\231\272co\325\233\373"
 102      E67F6BAF 
 102      FA5E5599 
 102      BA636FD5 
 102      9BFB
 103 043c FC956A69 		.ascii	"\374\225jiY\371\236r\177\225\3724~\356\332]\262\275"
ARM GAS  /tmp/ccgmo70v.s 			page 8


 103      59F99E72 
 103      7F95FA34 
 103      7EEEDA5D 
 103      B2BD
 104 044e 785B31FB 		.ascii	"x[1\373Q\331\241\262W+\324J\377;\373\252\324\335/>\377"
 104      51D9A1B2 
 104      572BD44A 
 104      FF3BFBAA 
 104      D4DD2F3E 
 105 0463 D47675E7 		.ascii	"\324vu\347\316\035\3523/<\273\353\335b<UR\311\336\025"
 105      CE1DEA33 
 105      2F3CBBEB 
 105      DD623C55 
 105      52C9DE15 
 106 0477 15AF6D2B 		.ascii	"\025\257m+%J\251\377\355\327\313\337\370\017\037p\250"
 106      254AA9FF 
 106      EDD7CBDF 
 106      F80F1F70 
 106      A8
 107 0488 CD       		.ascii	"\315"
 108              		.text
 109              		.section	.gnu.lto__pal_lld_setgroupmode.33ec6a58c7504e95,"",%progbits
 110 0000 789CA556 		.ascii	"x\234\245V\373OTG\024\236s\347\356\335\273{\367\301"
 110      FB4F5447 
 110      149E73E7 
 110      EEDDBB7B 
 110      F7C1
 111 0012 2346A288 		.ascii	"#F\242\210DAD\0327h\322\177\240&m\023\033\233\3304\351"
 111      4441441A 
 111      3768D27F 
 111      A0266D13 
 111      1B9BD834 
 112 0027 0FADB5A8 		.ascii	"\017\255\265\250\305\012b\304\230\2306\361*/\261/\223"
 112      C50A62C4 
 112      989836F1 
 112      2A2FB12F 
 112      93
 113 0038 564CB76B 		.ascii	"VL\267k\203\005\264\255A-\342\203\025\2207X\005\301"
 113      8305B4AD 
 113      412DE283 
 113      15903758 
 113      05C1
 114 004a AA5474C1 		.ascii	"\252Tt\301\372 \321T\242h\264\022\321\2369\263W\026"
 114      FA20D154 
 114      A268B412 
 114      D19E39B3 
 114      5716
 115 005c 4A6A4C37 		.ascii	"JjL7\334\331\2313\347;\347\373\316\234;\213\306\030"
 115      DCD99933 
 115      E73BE7FB 
 115      CE9C3B8B 
 115      C618
 116 006e DB6030F6 		.ascii	"\333`0\366)~\237\301\007\242\030(;\272\030\333\242+"
 116      297E9FC1 
 116      07A21828 
 116      3BBA18DB 
 116      A22B
ARM GAS  /tmp/ccgmo70v.s 			page 9


 117 0080 0AEF98C6 		.ascii	"\012\357\230\306L\247\332\261\220\231.\016\2324\253"
 117      4CA7DAB1 
 117      90992E0E 
 117      9A34AB
 118 008f 8A8DCC1A 		.ascii	"\212\215\314\032\231m\226Y\003\217\234\330\025}[\012"
 118      996D9659 
 118      038F9CD8 
 118      157D5B0A 
 119 009f EE3BC4E8 		.ascii	"\356;\304\350\322\301)\315\016k\342T\014\332w\321\276"
 119      D2C129CD 
 119      0E6BE254 
 119      0CDA77D1 
 119      BE
 120 00b0 016E6976 		.ascii	"\001nivY\023\267\014\324\250{\024{M+COo\257\216\236"
 120      5913B70C 
 120      D4A87B14 
 120      7B4D2B43 
 120      4F6FAF8E 
 121 00c5 5E006137 		.ascii	"^\000a7u`\233\025\256\3324\273\356p\032.\267\307\013"
 121      75609B15 
 121      AEDA34BB 
 121      EE701A2E 
 121      B7C70B
 122 00d8 9B150F83 		.ascii	"\233\025\017\203\006\025\364\261\001\245\260/\370\267"
 122      0615F4B1 
 122      01A5B02F 
 122      F8B7
 123 00e6 1C9A8A06 		.ascii	"\034\232\212\006k\224\324}&~\032v\235s\026\232\005q"
 123      6B94D47D 
 123      267E1A76 
 123      9D73169A 
 123      0571
 124 00f8 01CE5809 		.ascii	"\001\316X\011g\364\201\303\220\212^=\371\207\002\374"
 124      67F481C3 
 124      908A5E3D 
 124      F98702FC 
 125 0108 731EE000 		.ascii	"s\036\340\000*.\357u\372\257{\304R\201D\\6w=;\356\344"
 125      2A2EEF75 
 125      FAAF7BC4 
 125      5281445C 
 125      36773D3B 
 126 011e EF01C3F9 		.ascii	"\357\001\303\371h\333\303A=\245\3024\267\232\015O\312"
 126      68DBC341 
 126      3DA5C234 
 126      B79A0D4F 
 126      CA
 127 012f B99914E0 		.ascii	"\271\231\024\340\034\216\002\307\200p\004\342\241\032"
 127      1C8E02C7 
 127      807004E2 
 127      A11A
 128 013d E2199A18 		.ascii	"\342\031\232\030\034\203\024t\177\266\367P\261\316?"
 128      1C831474 
 128      7FB6F750 
 128      B1CE3F
 129 014c 2068EFBE 		.ascii	" h\357\276\"\2773\014\275\370KLE\236\371F\200\253p|"
 129      22BF330C 
 129      BDF84B4C 
ARM GAS  /tmp/ccgmo70v.s 			page 10


 129      459EF946 
 129      80AB707C 
 130 0160 22586550 		.ascii	"\"XePC\340\373\207+\2761x\006\201\373\207\252\277\267"
 130      43E0FB87 
 130      2BBE3178 
 130      0681FB87 
 130      AABFB7
 131 0173 C0FDBF4C 		.ascii	"\300\375\277L+'\260\015\202\023\3016\006' E *N7\327"
 131      2B27B00D 
 131      8213C136 
 131      06272045 
 131      202A4E37 
 132 0188 7B7826A1 		.ascii	"{x&\241\277\354.9lK.#tWe\334\236<\263\303T\003\\\203"
 132      BFEC2E39 
 132      6C4B2E23 
 132      745765DC 
 132      9E3CB3C3 
 133 01a0 DAF178F1 		.ascii	"\332\361x\361\021\311n\266u\003\377\204\240'n_\311\267"
 133      11C96EB6 
 133      7503FF84 
 133      A0276E5F 
 133      C9B7
 134 01b2 A06D95F1 		.ascii	"\240m\225\361ea\250\035\352'\205\226\265\006G\014\276"
 134      6561A81D 
 134      EA278596 
 134      B506470C 
 134      BE
 135 01c3 96A0DD3D 		.ascii	"\226\240\335=\017\013\234a\350\2312n\226\233\212\000"
 135      0F0B9C61 
 135      E899326E 
 135      969B8A00 
 136 01d3 364C0A7C 		.ascii	"6L\012|\272\275\366.\347\353\011\030\250\272~\301\312"
 136      BABDF62E 
 136      E7EB0918 
 136      A8BA7EC1 
 136      CA
 137 01e4 79E3C7E7 		.ascii	"y\343\307\347\300\246I\201U\215\3674\276\221p_\227\377"
 137      C0A64981 
 137      558DF734 
 137      BE91705F 
 137      97FF
 138 01f6 745009E3 		.ascii	"tP\011\343Z\306p-\223\342\036}u\254\027\370&\002^\272"
 138      5AC6702D 
 138      93E21E7D 
 138      75AC17F8 
 138      26025EBA 
 139 020a 355468B7 		.ascii	"5Th\267\022\356y\016l\233\024x\355\327\247;\335\232"
 139      12EE790E 
 139      6C9B1478 
 139      EDD7A73B 
 139      DD9A
 140 021c 5A8A3BED 		.ascii	"Z\212;\355\220\014\255\3704\343\323\210\317I|\352 Y"
 140      900CADF8 
 140      34E3D388 
 140      CF497CEA 
 140      2059
 141 022e B6177480 		.ascii	"\266\027t\200\306\2001\373\177x\036<gk0\237>+\302C\235"
ARM GAS  /tmp/ccgmo70v.s 			page 11


 141      C68031FB 
 141      7F781E3C 
 141      676B309F 
 141      3E2BC243 
 142 0243 77B9BA35 		.ascii	"w\271\2725\366\025\3003\324\025\034\034\\\014\252\030"
 142      F615C033 
 142      D4151C1C 
 142      5C0CAA18 
 143 0253 6C62D0C4 		.ascii	"lb\320\304`\027\203.\006\207\030\234\324)\006Ew\321"
 143      6017832E 
 143      0687189C 
 143      D4290645 
 143      77D1
 144 0265 E866228B 		.ascii	"\350f\"\213\207F/\023\331\242h\214f\"k\014\215\261L"
 144      87462F13 
 144      D9A2688C 
 144      66226B0C 
 144      8DB14C
 145 0278 649E02A2 		.ascii	"d\236\002\242Q\246\202h\3248\020q\2463\301*\236\342"
 145      51A68268 
 145      D4381071 
 145      A633C12A 
 145      9EE2
 146 028a CCA00809 		.ascii	"\314\240\010\011\204\235I\250Yd\231M\273IdI\246\335"
 146      849D49A8 
 146      5964994D 
 146      BB496449 
 146      A6DD
 147 029c 39344FA1 		.ascii	"94O\241\335\271dI%\237y\304-\215r1\266\015\013\322\253"
 147      DDB96449 
 147      259F79C4 
 147      2D8D7231 
 147      B60D0BD2 
 148 02b1 9B0DAC98 		.ascii	"\233\015\254\230+8\311k`7!\277\257\271\277\322%\252"
 148      2B38C96B 
 148      603721BF 
 148      AFB9BFD2 
 148      25AA
 149 02c3 E4E753B0 		.ascii	"\344\347S\260\256\305\201\357\366\333\305[g\003\016"
 149      AEC581EF 
 149      F6DBC55B 
 149      67030E
 150 02d2 A7C2F52E 		.ascii	"\247\302\365.\306wiDA\377\333\320\344\277u\245\300)"
 150      C6776944 
 150      41FFDBD0 
 150      E4BF75A5 
 150      C029
 151 02e4 FCD1B9A4 		.ascii	"\374\321\271\244\240\351,9s:\300\332\246\3166\255\024"
 151      A0E92C39 
 151      733AC0DA 
 151      A6CE36AD 
 151      14
 152 02f5 7ED882EF 		.ascii	"~\330\202\357y\351*\254\215\323\317\247\302o\"\010\356"
 152      79E92AAC 
 152      8DD3CFA7 
 152      C26F2208 
 152      EE
ARM GAS  /tmp/ccgmo70v.s 			page 12


 153 0306 5E3C163C 		.ascii	"^<\026<\346\366U\232\371[\314\304\0007\3404\224\302"
 153      E6F6559A 
 153      F95BCCC4 
 153      0037E034 
 153      94C2
 154 0318 4EBA01E0 		.ascii	"N\272\001\340\014\370\374<\216\022\251,d\263\210\015"
 154      0CF8FC3C 
 154      8E12A92C 
 154      64B3880D 
 155 0328 55BE3A46 		.ascii	"U\276:F\254\361j\325=C\022S\241\36391\033{\014\026\261"
 155      ACF16AD5 
 155      3D431253 
 155      A1F33931 
 155      1B7B0C16 
 156 033d FE9BF630 		.ascii	"\376\233\3660\261\227c\322EL@09;\306D\223%\272\015["
 156      B19763D2 
 156      454C4030 
 156      393BC644 
 156      9325BA0D 
 157 0352 EB6F0DC8 		.ascii	"\353o\015\310\310~\016\221\252]\244:o\344\344}\317\346"
 157      C87E0E91 
 157      AA5DA43A 
 157      6FE4E47D 
 157      CFE6
 158 0364 5113AF34 		.ascii	"Q\023\2574W)\227\335\371\270\347\3166C\344\217\012p"
 158      572997DD 
 158      F9B8E7CE 
 158      3643E48F 
 158      0A70
 159 0376 37F4C066 		.ascii	"7\364\300f\350\016\347\256\331Q\262\303\233~\320\334"
 159      E80EE7AE 
 159      D951B2C3 
 159      9B7ED0DC 
 160 0386 618ADC1E 		.ascii	"a\212\334\0368\207\271Q \225\341wH\027\351\206\2136"
 160      3887B951 
 160      2095E177 
 160      4817E986 
 160      8B36
 161 0398 C964D331 		.ascii	"\311d\3231\037\033\204\255\211b)\332\002Mb]Z\266\313"
 161      1F1B84AD 
 161      896229DA 
 161      024D625D 
 161      5AB6CB
 162 03ab 47263CF3 		.ascii	"G&<\363H>v`p\036\363\010\227\275@\036\242\323-\323Z"
 162      483E7660 
 162      701EF308 
 162      97BD401E 
 162      A2D32DD3 
 163 03c0 B2B44658 		.ascii	"\262\264FX\246\221\245=\302\262o\227\264\325Q\344\203"
 163      A691A53D 
 163      C2B26F97 
 163      B4D551E4 
 163      83
 164 03d1 7FD53C76 		.ascii	"\177\325<v\213\310\032F\276@5/\346v\206\277\010T\230"
 164      8BC81A46 
 164      BE40352F 
 164      E67686BF 
ARM GAS  /tmp/ccgmo70v.s 			page 13


 164      085498
 165 03e4 BCBB8595 		.ascii	"\274\273\205\225\241\017%\327Y~\356\211\274\303\275"
 165      A10F25D7 
 165      597EEE89 
 165      BCC3BD
 166 03f3 784A1765 		.ascii	"xJ\027e\320D+/zI\324\221\367%h\266\037k8\316\253]x\315"
 166      D0442B2F 
 166      7A49D491 
 166      F72568B6 
 166      1F6B38CE 
 167 040b 965E9DA1 		.ascii	"\226^\235\241\025\322-\311\317c\306\2735\012\267$\351"
 167      15D22DC9 
 167      CF63C6BB 
 167      350AB724 
 167      E9
 168 041c 76211C0C 		.ascii	"v!\034\014-Q\343\275\232\205W\262\360zRx'\364\231tS"
 168      2D51E3BD 
 168      9A8557B2 
 168      F07A5278 
 168      27F49974 
 169 0431 FCDC8944 		.ascii	"\374\334\211D\217\016\236js\012\242\0160\001z\021F-"
 169      8F0E9E6A 
 169      730AA20E 
 169      30017A11 
 169      462D
 170 0443 D70261AF 		.ascii	"\327\002a\257H\365\016T\377\307\363\216\323Yh\226\224"
 170      48F50E54 
 170      FFC7F38E 
 170      D3596896 
 170      94
 171 0454 FF77E168 		.ascii	"\377w\341h(S\372\247\2406\204\034\030~p@\223\020/\\"
 171      2853FAA7 
 171      A036841C 
 171      187E7040 
 171      93102F5C 
 172 0468 FA97FC14 		.ascii	"\372\227\374\024\012\340\210\010\260{ K\006\230C\307"
 172      0AE08808 
 172      B07B204B 
 172      069843C7 
 173 0478 9D3441E2 		.ascii	"\2354A\342\034\0028\303\025\037\004\205I{\264\234SP"
 173      1C0238C3 
 173      151F0485 
 173      497BB49C 
 173      5350
 174 048a B7145839 		.ascii	"\267\024X9\020\026\310\245\300\321\322\276Q[X\240\251"
 174      1016C8A5 
 174      C0D1D2BE 
 174      515B58A0 
 174      A9
 175 049b 40DF4485 		.ascii	"@\337D\205\334\222\364\020\334\310L\0379\321\203\215"
 175      DC92F410 
 175      DCC84C1F 
 175      39D1838D 
 176 04ab 38CBD117 		.ascii	"8\313\321\027l\204\207\020\215\\t\377\211Sh\232\343"
 176      6C848710 
 176      8D5C74FF 
 176      8953689A 
ARM GAS  /tmp/ccgmo70v.s 			page 14


 176      E3
 177 04bc 08D65F02 		.ascii	"\010\326_\002\244aD\360\256\033\010\013O\305\343\032"
 177      A46144F0 
 177      AE1B080B 
 177      4FC5E31A 
 178 04cc AF948E30 		.ascii	"\257\224\2160\225\210\273\"\020!K\351\\R\232<\341\230"
 178      9588BB22 
 178      10214BE9 
 178      5C529A3C 
 178      E198
 179 04de E612C01D 		.ascii	"\346\022\300\035\251\224\354^9\247\240\206<\360;V\356"
 179      A994EC5E 
 179      39A7A086 
 179      3CF03B56 
 179      EE
 180 04ef 79A814D2 		.ascii	"y\250\024\322\"R\343]\207V\341UR\270;T\033V\232\346"
 180      2252E35D 
 180      8756E155 
 180      52B83B54 
 180      1B569AE6 
 181 0503 E7B15890 		.ascii	"\347\261X\220\352\226\366B]63\300\345H\306u\"x\232\250"
 181      EA96F642 
 181      5D3633C0 
 181      E548C675 
 181      22789AA8 
 182 0517 8481CC8D 		.ascii	"\204\201\314\215\221zQ\211\331\256\021\252\204\027\271"
 182      917A5189 
 182      D9AE11AA 
 182      8417B9
 183 0526 1A41AAC4 		.ascii	"\032A\252\304\\W\360$U\302\303\360\277 \213&\241c#\016"
 183      5C57F024 
 183      55C2C3F0 
 183      BF208B26 
 183      A163230E 
 184 053a 2726827E 		.ascii	"'&\202~T\304Ay\"\244\270\344\234\010;\305\301\234m\356"
 184      54C44179 
 184      22A4B8E4 
 184      9C083BC5 
 184      C19C6DEE 
 185 054e 3AA049BE 		.ascii	":\240I\276\202\354\203\355\005\217\270$k\207+\326A\341"
 185      82EC83ED 
 185      058FB824 
 185      6B872BD6 
 185      41E1
 186 0560 2D16A731 		.ascii	"-\026\2471\224\350\356;\331\203\334\\\342\275\325\374"
 186      94E8EE3B 
 186      D983DC5C 
 186      E2BDD5FC 
 187 0570 C174AC8D 		.ascii	"\301t\254\215\033\367=\264\036\306\030n\261\214\242"
 187      1BF73DB4 
 187      1EC6186E 
 187      B18CA2
 188 057f 6515A2BC 		.ascii	"e\025\242\274b\031#wQc\264X\306\2127Z\013\006\205\330"
 188      62192377 
 188      5163B458 
 188      C68A375A 
 188      0B0685D8 
ARM GAS  /tmp/ccgmo70v.s 			page 15


 189 0593 34F7B081 		.ascii	"4\367\260\201\272\274\326\225\327\024\274\265\255\310"
 189      BABCD695 
 189      D714BCB5 
 189      ADC8
 190 05a1 9074D409 		.ascii	"\220t\324\011\367i\342\013n\323\020\335\246\212\270"
 190      F769E20B 
 190      6ED310DD 
 190      A68AB8
 191 05b0 D0FAC127 		.ascii	"\320\372\301'\233\363\347\360\365i\303p~\036/;\242\330"
 191      9BF3E7F0 
 191      F569C370 
 191      7E1E2F3B 
 191      A2D8
 192 05c2 218DD29E 		.ascii	"!\215\322\236 \322\236\337~\211Ov\205'\274 \347\300"
 192      20D29EDF 
 192      7E894F76 
 192      8527BC20 
 192      E7C0
 193 05d4 58CEABE2 		.ascii	"X\316\253\342\006\327\244\206bK\203\375%5\374I\361\350"
 193      06D7A486 
 193      624B83FD 
 193      2535FC49 
 193      F1E8
 194 05e6 FF876B13 		.ascii	"\377\207k\0235\350\030\316\317g\214\327\340 \373\314"
 194      35E818CE 
 194      CF678CD7 
 194      E020FBCC 
 195 05f6 FFA3E1FA 		.ascii	"\377\243\341\372X\316\033B\203\203\015\341\205\274?"
 195      58CE1B42 
 195      83830DE1 
 195      85BC3F
 196 0605 405D2CCF 		.ascii	"@],\317?\036\033\307\203\3373\260\231\304w\0026\230"
 196      3F1E1BC7 
 196      83DF33B0 
 196      99C47702 
 196      3698
 197 0617 F89E894D 		.ascii	"\370\236\211M\347\021\277\357\200\007\210Ux\327\227"
 197      E711BFEF 
 197      80078855 
 197      78D797
 198 0626 9993BDD2 		.ascii	"\231\223\275\322\267)7\323\267he\356\232\0159\353|\031"
 198      B72937D3 
 198      B76865EE 
 198      9A0D39EB 
 198      7C19
 199 0638 99AB3F5A 		.ascii	"\231\253?Z\235\223\353{M|/Y\272lA\372\374t\374\363\241"
 199      9D93EB7B 
 199      4D7C2F59 
 199      BA6C41FA 
 199      FC74FCF3 
 200 064d 29737996 		.ascii	")sy\226o]\316\372\015\271\276\245\357\274\265p\201o"
 200      6F5DCEFA 
 200      0DB9BEA5 
 200      EFBCB570 
 200      816F
 201 065f F1E245BE 		.ascii	"\361\342E\276\327\337~s\311\306t\261\265l\035>YY+\346"
 201      D7DF7E73 
ARM GAS  /tmp/ccgmo70v.s 			page 16


 201      C9C674B1 
 201      B56C1D3E 
 201      59592BE6 
 202 0673 67305578 		.ascii	"g0Ux\251\331\313s\327\250\3319+V\302j\236\261\352c\236"
 202      A9D9CB73 
 202      D7A8D939 
 202      2B56C26A 
 202      9EB1EA63 
 203 0688 B13E0B9F 		.ascii	"\261>\013\237L%;K\311\316\374\007\001\022\273y"
 203      4C253B4B 
 203      C9CEFC07 
 203      0112BB79 
 204              		.text
 205              		.section	.gnu.lto_cfgtab.7796.33ec6a58c7504e95,"",%progbits
 206 0000 789C4D8F 		.ascii	"x\234M\217MK\002Q\030\205\357;\267\031+G\255\375\374"
 206      4D4B0251 
 206      1885EF3B 
 206      B7192B47 
 206      ADFDFC
 207 0013 896AE3CF 		.ascii	"\211j\343\31730\220\332\264p\025\023\010\025A\222\011"
 207      333090DA 
 207      B4701513 
 207      08154192 
 207      09
 208 0024 D5D48C7D 		.ascii	"\325\324\214}\230f\246\264\250 B\210V-\"Z\210\014\210"
 208      9866A6B4 
 208      A8204288 
 208      562D225A 
 208      880C88
 209 0037 D858C7FB 		.ascii	"\330X\307\373^b\2069\034\036\236\341=\214%\204\230\220"
 209      5E628639 
 209      1C1E9EE1 
 209      3D8C2584 
 209      9890
 210 0049 1078D553 		.ascii	"\020x\325S\224T\031\204\025kC\272RP\006Xh\277\277\320"
 210      94541984 
 210      156B43BA 
 210      52500658 
 210      68BFBFD0 
 211 005d 14891681 		.ascii	"\024\211\026\201\257\275\274Ol\223\300\347\376\303v"
 211      AFBDBC4F 
 211      6C93C0E7 
 211      FEC376
 212 006c 92ED0270 		.ascii	"\222\355\002p\253\026vM\266\263\361S\244NEo\253\023"
 212      AB16764D 
 212      B6B3F153 
 212      A44E456F 
 212      AB13
 213 007e 83310DDC 		.ascii	"\2031\015\334\371\362\233&c\0128\376,\366\364\220\035"
 213      F9F29B26 
 213      630A38FE 
 213      2CF6F490 
 213      1D
 214 008f 1F223514 		.ascii	"\037\"5\024\365\037#\233q\036X\366\366\002m\347\200"
 214      F51F239B 
 214      711E58F6 
 214      F6026DE7 
ARM GAS  /tmp/ccgmo70v.s 			page 17


 214      80
 215 00a0 E1FADA50 		.ascii	"\341\372\332P\362n\"\216\244\2601\250\356\333l%\360"
 215      F26E228E 
 215      A4B031A8 
 215      EEDB6C25 
 215      F0
 216 00b1 637C18A4 		.ascii	"c|\030\244\331Z\300\243o\177\224b;\375\375\316n\360"
 216      D95AC0A3 
 216      6F7F9462 
 216      3BFDFDCE 
 216      6EF0
 217 00c3 A3874CE0 		.ascii	"\243\207L\340S\276\352\352S3\361S\244N\375[\241l\353"
 217      53BEEAEA 
 217      5333F153 
 217      A44EFD5B 
 217      A16CEB
 218 00d6 7758CFB0 		.ascii	"wX\317\2605\342(\024\036l\216\312\211\254\227+\224r"
 218      35E22814 
 218      1E6C8ECA 
 218      89AC972B 
 218      9472
 219 00e8 25D39506 		.ascii	"%\323\225\006-9\324&\207\226\035\352\240\356\211\361"
 219      2D39D426 
 219      87961DEA 
 219      A0EE89F1 
 220 00f8 0E39435A 		.ascii	"\0169CZ\272o\221&\322@n\220:r\215\254\260\276\322\237"
 220      BA6F9126 
 220      D2406E90 
 220      3A728DAC 
 220      B0BED29F 
 221 010c 5DEABED0 		.ascii	"]\352\276\320]\323\035\350\366u\237\353\366\220S\344"
 221      5DD31DE8 
 221      F6759FEB 
 221      F69053E4 
 222 011c 04392647 		.ascii	"\0049&GP\227\262\342\017\222\026\230\360"
 222      5097B2E2 
 222      0F921698 
 222      F0
 223              		.text
 224              		.section	.gnu.lto_.symbol_nodes.33ec6a58c7504e95,"",%progbits
 225 0000 789C6363 		.ascii	"x\234cc``\320\007b\006\246\255L\365\014\014\023\316"
 225      6060D007 
 225      6206A6AD 
 225      4CF50C0C 
 225      13CE
 226 0012 313000A9 		.ascii	"10\000\251]\015\216@\221mL\365\214(\"\254\333\231\030"
 226      5D0D8E40 
 226      916D4CF5 
 226      8C2822AC 
 226      DB9918
 227 0025 1A941818 		.ascii	"\032\224\030\030\230\031\000\036C\012\273"
 227      9819001E 
 227      430ABB
 228              		.text
 229              		.section	.gnu.lto_.refs.33ec6a58c7504e95,"",%progbits
 230 0000 789C6363 		.ascii	"x\234cc```\003bFF\006&V\006\000\000\271\000\026"
 230      60606003 
ARM GAS  /tmp/ccgmo70v.s 			page 18


 230      62464606 
 230      26560600 
 230      00B90016 
 231              		.text
 232              		.section	.gnu.lto_.decls.33ec6a58c7504e95,"",%progbits
 233 0000 789CB558 		.ascii	"x\234\265XyPT\311\031\177\375z\030\206\231\001\\4\211"
 233      795054C9 
 233      197FFD7A 
 233      18869901 
 233      5C3489
 234 0013 7F908A61 		.ascii	"\177\220\212a\331\222\332J\030\301$\233T\345X\031\\"
 234      D992DA4A 
 234      18C1249B 
 234      54E55819 
 234      5C
 235 0024 B562566A 		.ascii	"\265bVjpS\225\374\221Y\004\224\311\002C9C\242\377$O"
 235      705395FC 
 235      91590494 
 235      C9024339 
 235      43A2FF24 
 236 0039 0E45BC40 		.ascii	"\016E\274@\331U\300\023t\025\204EED.\345T\026\027\017"
 236      D955C013 
 236      74158445 
 236      45442EE5 
 236      5416170F 
 237 004d 14149043 		.ascii	"\024\024\220C\020AW\345\022\024<\310\327\335o\230\307"
 237      104157E5 
 237      12143CC8 
 237      D7DD6F98 
 237      C7
 238 005e 30B347AA 		.ascii	"0\263G\252\366\025\337t\177\375~\375\235\335\375\276"
 238      F615DF74 
 238      7FFD7EFD 
 238      9DDDFDBE 
 239 006e 46CE715C 		.ascii	"F\316q\\\207\007\307\215\360\034\027\2118n\012\036\031"
 239      8707C78D 
 239      F01C1789 
 239      386E0A1E 
 239      19
 240 007f 8C550191 		.ascii	"\214U\001\221\266\007\3505\320\024\020\017\357\311\003"
 240      B607E835 
 240      D014100F 
 240      EFC903
 241 008e 504E05FD 		.ascii	"PN\005\375\267\200\310\320\333\342\270\345\371\011\000"
 241      B780C8D0 
 241      DBE2B8E5 
 241      F90900
 242 009d 5CA1FD18 		.ascii	"\\\241\375\030\010Ds\363D9\013\201\376\004\330?\000"
 242      084473F3 
 242      44390B81 
 242      FE04D83F 
 242      00
 243 00ae F541FF1E 		.ascii	"\365A\377\036\320\373\320_\0024\011\375\027@j\240_\003"
 243      D0FBD05F 
 243      023409FD 
 243      17406AA0 
 243      5F03
ARM GAS  /tmp/ccgmo70v.s 			page 19


 244 00c0 DF0E6D3D 		.ascii	"\337\016m=\320S\240\006\240a\240/\201\306\210\275@\267"
 244      D053A006 
 244      A061A02F 
 244      81C688BD 
 244      40B7
 245 00d2 81EE00B5 		.ascii	"\201\356\000\265r\314\006\225\215\015\344y\033\354\230"
 245      72CC0695 
 245      8D0DE479 
 245      1BEC98
 246 00e1 636387D4 		.ascii	"cc\207\324\227\277A[\013\344)\332F\364\023\273\002\340"
 246      97BF415B 
 246      0BE429DA 
 246      46F413BB 
 246      02E0
 247 00f3 9D17D0CF 		.ascii	"\235\027\320\317\201\376.\306a\034hD\264cL\324\351\310"
 247      81FE2EC6 
 247      611C6844 
 247      B4634CD4 
 247      E9C8
 248 0105 FF65A017 		.ascii	"\377e\240\027\213r\211N/;\266Y\2364\214n$\234\332\217"
 248      8B72894E 
 248      2F3BB659 
 248      9E348C6E 
 248      249CDA8F 
 249 0119 B761E4A1 		.ascii	"\267a\344\241D2`\207\0333z\335\200\235\247D\013\200"
 249      44326087 
 249      1B337ADD 
 249      809DA744 
 249      0B80
 250 012b 2D2B2EBF 		.ascii	"-+.\277\344\304\336.\002\366\345@Z+b\254\032\330\270"
 250      E4C4DE2E 
 250      02F6E540 
 250      5A2B62AC 
 250      1AD8B8
 251 013e B2D65477 		.ascii	"\262\326Tw\006\356\346$\223=\330\344\235\273\012O+1"
 251      06EEE624 
 251      933DD8E4 
 251      9DBB0A4F 
 251      2B31
 252 0150 F80AFD8C 		.ascii	"\370\012\375\214\262g\015\242 \005\260\331u\245\223"
 252      B2670DA2 
 252      2005B0D9 
 252      75A593
 253 015f 2AEC425F 		.ascii	"*\354B_u\324\347\234$\026,T\"\222\177w\030*x\\2\341"
 253      75D4E79C 
 253      24162C54 
 253      22927F77 
 253      182A785C 
 254 0175 CA860862 		.ascii	"\312\206\010bk\375\353.\036\273\322\376\344@f&\366\315"
 254      6BFDEB2E 
 254      1EBBD2FE 
 254      E4406626 
 254      F6CD
 255 0187 13D8A3B8 		.ascii	"\023\330\243\270\2029t\001a\2137M\273F\216:\343H\202"
 255      82397401 
 255      618B374D 
 255      BB468E3A 
ARM GAS  /tmp/ccgmo70v.s 			page 20


 255      E34882
 256 019a E4BB5A5F 		.ascii	"\344\273Z_\336uCJ\237$A\210\023\016\307\013.\3139t\026"
 256      DE75434A 
 256      9F244188 
 256      130EC70B 
 256      2ECB3974 
 257 01af 79A242E4 		.ascii	"y\242B\344\311\241j\344C\244_D\276\034\252\200\301r"
 257      C9A16AE4 
 257      43A45F44 
 257      BE1CAA80 
 257      C172
 258 01c1 18FC9C48 		.ascii	"\030\374\234H\254\234:\370\307\364\021AX\200\252\220"
 258      AC9C3AF8 
 258      C7F41141 
 258      5880AA90 
 259 01d1 1255224C 		.ascii	"\022U\"L1\020\352\205J\246\"\347hj\226\034\037CTGYf"
 259      3110EA85 
 259      4AA622E7 
 259      686A961C 
 259      1F435447 
 260 01e7 5F1DEF48 		.ascii	"_\035\357HG\235C\035\317\363\275.%\012\002\217jAG\215"
 260      479D431D 
 260      CFF3BD2E 
 260      250A028F 
 260      6A41478D 
 261 01fb 5507A864 		.ascii	"U\007\250dJzJ\357n\342\361\015\252\004\275I.\037\302"
 261      4A7A4AEF 
 261      6EE2F10D 
 261      AA04BD49 
 261      2E1FC2
 262 020e B899324E 		.ascii	"\270\2312N\365\317\306\343\325\310\333\333{\256O\026"
 262      F5CFC6E3 
 262      D5C8DBDB 
 262      7BAE4F16 
 263 021e 515A79AD 		.ascii	"QZy\255\314\347@\323\200 \354VSi\227@\332\0254\327j"
 263      CCE740D3 
 263      8020EC56 
 263      53699740 
 263      DA1534D7 
 264 0233 85061602 		.ascii	"\205\006\026\002\362#\253\201\341{~\232!T&`\012.\263"
 264      F223AB81 
 264      E17B7E9A 
 264      21542660 
 264      0A2EB3
 265 0246 0B066E1A 		.ascii	"\013\006n\032=\"A_\266E\227\242i\331\251\304\257\024"
 265      3D22415F 
 265      B64597A2 
 265      69D9A9C4 
 265      AF14
 266 0258 2024E350 		.ascii	" $\343P1\000\316\321w\004\016\276\241\257 \024\365\310"
 266      3100CED1 
 266      77040EBE 
 266      A1AF2014 
 266      F5C8
 267 026a 1B7D09D4 		.ascii	"\033}\011\324\200\274i\272X(.\035\360\330\004\263\010"
 267      80BC69BA 
 267      58282E1D 
ARM GAS  /tmp/ccgmo70v.s 			page 21


 267      F0D804B3 
 267      08
 268 027b 9213C320 		.ascii	"\222\023\303 \346\362\342\233\204\353r|\212\256\037"
 268      E6F2E29B 
 268      84EB727C 
 268      8AAE1F
 269 028a FE724E6E 		.ascii	"\376rNn#Bs}\354\352A\327@\374\267\253zs@\016+\006]\005"
 269      2342737D 
 269      ECEA41D7 
 269      40FCB7AB 
 269      7A73400E 
 270 02a2 60A335E6 		.ascii	"`\2435\346D1\325\3674\241\257[\305\226\350|`\213\032"
 270      4431D5F7 
 270      34A1AF5B 
 270      C596E87C 
 270      608B1A
 271 02b5 CF773AE1 		.ascii	"\317w:\341\032\266|\357\216\264lQ\341\006\306\024\274"
 271      1AB67CEF 
 271      8EB46C51 
 271      E106C614 
 271      BC
 272 02c6 4A3B2EC7 		.ascii	"J;.\3077\030\263+\276\363?l\322\357\201\333\276\357"
 272      3718B32B 
 272      BEF33F6C 
 272      D2EF81DB 
 272      BEEF
 273 02d8 788A5CDC 		.ascii	"x\212\\\334\021\030\370\344\242=\331\356\370\016\205"
 273      1118F8E4 
 273      A23DD9EE 
 273      F80E85
 274 02e7 3A271EBC 		.ascii	":'\036\274|\300\231\246\316\333\307;\213\2324~\310c"
 274      7CC099A6 
 274      CEDBC73B 
 274      8B9A347E 
 274      C863
 275 02f9 8F20D42F 		.ascii	"\217 \324/\242F\335\000\243\332\240\235v\353:\222\346"
 275      A246DD00 
 275      A3DAA09D 
 275      76EB3A92 
 275      E6
 276 030a 0EE0D53E 		.ascii	"\016\340\325>\233h6\010\272\304\026}\036\315H\036\300"
 276      9B683608 
 276      BAC4167D 
 276      1ECD481E 
 276      C0
 277 031b DB24F016 		.ascii	"\333$\360\026[x\221\203\3445\003\340\026}\327&F\364"
 277      5B789183 
 277      E43503E0 
 277      167DD726 
 277      46F4
 278 032d 2E44B41D 		.ascii	".D\264\035\242\331\001t\033\350\016P\253\030Y\246\250"
 278      A2D90174 
 278      1BE80E50 
 278      AB1859A6 
 278      A8
 279 033e E9675645 		.ascii	"\351gVE7m\025Y\027\240\230\361C,\343m33\316$=\220\006"
 279      376D1559 
ARM GAS  /tmp/ccgmo70v.s 			page 22


 279      17A098F1 
 279      432CE36D 
 279      3333CE24 
 280 0355 A4C95654 		.ascii	"\244\311VT\251\304E\210n\325\304\343Dw\334\305VH\301"
 280      A9C44588 
 280      6ED5C4E3 
 280      4477DCC5 
 280      5648C1
 281 0368 93A1FF22 		.ascii	"\223\241\377\"\237\271L\307\323\034\232\352n\230\334"
 281      9FB94CC7 
 281      D31C9AEA 
 281      6E98DC
 282 0377 694D751B 		.ascii	"iMu\033M\265]oQ\0278\371]\034\006\265\267&G\233\335"
 282      4DB55D6F 
 282      511738F9 
 282      5D1C06B5 
 282      B726479B 
 283 038c E78A6292 		.ascii	"\347\212b\222\034\212\341\276IFfz\323\200\213:y\372"
 283      1C8AE1BE 
 283      4946667A 
 283      D3808B3A 
 283      79FA
 284 039e D840F724 		.ascii	"\330@\367$\033\213C=\210|\212hKN\265\241\257\016\210"
 284      1B8B433D 
 284      887C8A68 
 284      4B4EB5A1 
 284      AF0E88
 285 03b1 2B730EB0 		.ascii	"+s\016\260gZN\224)\360C\266\376\3665\235^\252\204\343"
 285      675A4E94 
 285      29F043B6 
 285      FEF6359D 
 285      5EAA84E3 
 286 03c5 27FE3B1D 		.ascii	"'\376;\035?0aGZu\265\014?a\263\023j\232\213\324x\204"
 286      3F306147 
 286      5A75B50C 
 286      3F61B313 
 286      6A9A8BD4 
 287 03db 317D570A 		.ascii	"1}W\012\342\024x\2341\017Nn\177\354\206'\031sr\367\215"
 287      E214789C 
 287      310F4E6E 
 287      7FEC8627 
 287      197372F7 
 288 03f0 6318BF61 		.ascii	"c\030\277a\314\371\212'\376\314\030O\340J;\206+U\342"
 288      CCF98A27 
 288      FECC184F 
 288      E04A3B86 
 288      2B55E2
 289 0403 8A47C0E7 		.ascii	"\212G\300\347\277\350:\347\204\3430\201\272\024%\265"
 289      BFE83AE7 
 289      84E33081 
 289      BA1425B5 
 290 0413 4E6104EB 		.ascii	"Na\004\353\035\036\037oX\363\011\361p\300\016\374\252"
 290      1D1E1F6F 
 290      58F309F1 
 290      70C00EFC 
 290      AA
 291 0424 4B3CB0FA 		.ascii	"K<\260\372\340T\351\207\374\014\316>UX\222g\344\352"
ARM GAS  /tmp/ccgmo70v.s 			page 23


 291      E054E987 
 291      FC0CCE3E 
 291      55589267 
 291      E4EA
 292 0436 3120BEA6 		.ascii	"1 \276\246/\007\305D=\003\027\307 \260\303@\243@O\201"
 292      2F07C544 
 292      3D0317C7 
 292      20B0C340 
 292      A3404F81 
 293 044a C6814680 		.ascii	"\306\201F\200\206\246W(QZ\035\301\3161\242\361\211\255"
 293      86A65728 
 293      515A1DC1 
 293      CE31A2F1 
 293      89AD
 294 045c C619FB8C 		.ascii	"\306\031\373\214\240\333\364V\364C[\364\2143\222\240"
 294      A0DBF456 
 294      F4435BF4 
 294      8C3392A0 
 295 046c 2725E8FB 		.ascii	"'%\350\373\266\350^d\013\357\221\300\007\354;/\335-"
 295      B6E85E64 
 295      0BEF91C0 
 295      07EC3B2F 
 295      DD2D
 296 047e 5D6CB70C 		.ascii	"]l\267\014\332\356\026\"\252\245\313#+\236\354\026\""
 296      DAEE1622 
 296      AAA5CB23 
 296      2B9EEC16 
 296      22
 297 048f EB915D43 		.ascii	"\353\221]C%^\215H\024?\260o\247\237\270\263z\237\367"
 297      255E8D48 
 297      143FB06F 
 297      A79FB8B3 
 297      7A9FF7
 298 04a2 17BBE376 		.ascii	"\027\273\343v\232E\276\365U\303U7\333\263\327\222\014"
 298      9A45BEF5 
 298      55C35537 
 298      DBB3D792 
 298      0C
 299 04b3 340139F8 		.ascii	"4\0019\370>\371`n]\035\240\033\364\005L|n\335\240\203"
 299      3EF9606E 
 299      5D1DA01B 
 299      F4054C7C 
 299      6EDDA083 
 300 04c7 96B37838 		.ascii	"\226\263x8#\265\331Y\272=^\314\330\036\223H-N\001l\361"
 300      23B5D959 
 300      BA3D5ECC 
 300      D81E9348 
 300      2D4E016C 
 301 04dc D67DFDAE 		.ascii	"\326}\375\256x\200\331:YTP\215\220\217\232i\271V\346"
 301      7880D93A 
 301      5954508D 
 301      908F9A69 
 301      B956E6
 302 04ef 9D3F44BE 		.ascii	"\235?D\276\345\257a\302K\253\236I\272\275\034\210G\257"
 302      E5AF61C2 
 302      4BAB9E49 
 302      BABD1C88 
ARM GAS  /tmp/ccgmo70v.s 			page 24


 302      47AF
 303 0501 C00BAB06 		.ascii	"\300\013\253\0062\227\354\224\332\361TW<\312\264<\230"
 303      3297EC94 
 303      DAF15457 
 303      3CCAB43C 
 303      98
 304 0512 4838AB72 		.ascii	"H8\253r\364\331\027xG\237\375\226\334yq$\227S\220\200"
 304      F4D91778 
 304      479FFD96 
 304      DC797124 
 304      97539080 
 305 0526 37566B6A 		.ascii	"7Vkj\351W\237\214\202\236\334\306\234W2,\310\250\236"
 305      E9579F8C 
 305      829EDCC6 
 305      9C57322C 
 305      C8A89E
 306 0539 F1DAFE6C 		.ascii	"\361\332\376l\205#=\361\016\365L\276Kb\033\307+\021"
 306      85233DF1 
 306      0EF54CBE 
 306      4B621BC7 
 306      2B11
 307 054b 1411365A 		.ascii	"\024\0216Z`\224\354\332\252\212\213\252.8\234\240XD"
 307      6094ECDA 
 307      AA8A8BAA 
 307      2E389CA0 
 307      5844
 308 055d 73685E10 		.ascii	"sh^\020b\277\320\022\242\374\224\345Al\034Fy\326\210"
 308      62BFD012 
 308      A2FC94E5 
 308      416C1C46 
 308      79D688
 309 0570 50C258A6 		.ascii	"P\302X\246\240\351\021^\224\301[\344\322?Q\000\222J"
 309      A0E9115E 
 309      94C15BE4 
 309      D23F5100 
 309      924A
 310 0582 65EF993A 		.ascii	"e\357\231:\313\303\352[\326\221\314cC\274U\231d\312"
 310      CBC3EA5B 
 310      D691CC63 
 310      43BC5599 
 310      64CA
 311 0594 2C5BB9E9 		.ascii	",[\271\351\327\323FY\235D\342\031||\177\272S7|\0378"
 311      D7D34659 
 311      9D44E219 
 311      7C7C7FBA 
 311      53377C1F 
 312 05a9 0475768A 		.ascii	"\004uv\212\"\232\236n\271y\351}.x+\215?:\227\366h\320"
 312      229A9E6E 
 312      B979E97D 
 312      2E782B8D 
 312      3F3A97F6 
 313 05bf 45C6B383 		.ascii	"E\306\263\203\030E\313\310X\335\324\363Jwv\376\361\222"
 313      1845CBC8 
 313      58DDD4F3 
 313      4A7776FE 
 313      F192
 314 05d1 B3791E3B 		.ascii	"\263y\036;\233_^\312hv\236\377\031\335)\361\302\034"
ARM GAS  /tmp/ccgmo70v.s 			page 25


 314      9B5F5ECA 
 314      68769EFF 
 314      19DD29F1 
 314      C21C
 315 05e3 1E7DFC63 		.ascii	"\036}\374c\264\225\367DI<Y\267\311\374|\370\335\302"
 315      B495F744 
 315      493C59B7 
 315      C9FC7CF8 
 315      DDC2
 316 05f5 CB980137 		.ascii	"\313\230\0017_\336?\257\366:,\034\356\206S1\031\237"
 316      5FDE3FAF 
 316      F63A2C1C 
 316      EE865331 
 316      199F
 317 0607 AC792808 		.ascii	"\254y(\010J\031A\241\315\326\304A\027~\023\371n\204"
 317      4A1941A1 
 317      CDD6C441 
 317      177E13F9 
 317      6E84
 318 0619 12F82EB0 		.ascii	"\022\370.\260v\033\357\005\223\237\034\213\337\343\216"
 318      761BEF05 
 318      939F1C8B 
 318      DFE38E
 319 0628 9F32438B 		.ascii	"\2372C\213\353/&)\251\241$\353\314\320\251\364\235\331"
 319      EB2F2629 
 319      A9A124EB 
 319      CCD0A9F4 
 319      9DD9
 320 063a 723A46D6 		.ascii	"r:F\326\333\016\236\016^\256K\353u\247\203dK\354d\203"
 320      DB0E9E0E 
 320      5EAE4BEB 
 320      75A78364 
 320      4BEC6483 
 321 064e 37BB9387 		.ascii	"7\273\223\207\024\016\215N\241F\357\262\030]}k\314U"
 321      140E8D4E 
 321      A146EFB2 
 321      185D7D6B 
 321      CC55
 322 0660 B4B9E15D 		.ascii	"\264\271\341]8P`EC!\013 \264\335j\363v[\233S\251\315"
 322      38506045 
 322      43210B20 
 322      B4DD6AF3 
 322      765B9B53 
 323 0676 DB365FA8 		.ascii	"\3336_\250\221\343\004'j\363\351\356W\3452\026H\017"
 323      91E30427 
 323      6AF3E9EE 
 323      57E53216 
 323      480F
 324 0688 60476B4F 		.ascii	"`GkO\214\212\227\211\024\362!\211k|V\252\302)\014\233"
 324      8C8A9789 
 324      14F22189 
 324      6B7C56AA 
 324      C2290C9B 
 325 069c 74B9B359 		.ascii	"t\271\263Y\274x\274\005l\313\327Y\235n\344\253'\210"
 325      BC78BC05 
 325      6CCBD759 
 325      9D6EE4AB 
ARM GAS  /tmp/ccgmo70v.s 			page 26


 325      2788
 326 06ae FB17C6AD 		.ascii	"\373\027\306\255\247\303^\036V:\234~\3503\236~\361\012"
 326      A7C35E1E 
 326      563A9C7E 
 326      E8339E7E 
 326      F10A
 327 06c0 12EFE728 		.ascii	"\022\357\347(`\262'\\0\220\344v\341\311n\027g+G\363"
 327      60B2275C 
 327      3090E476 
 327      E1C96E17 
 327      672B47F3 
 328 06d4 65782F55 		.ascii	"ex/U\304\237\316\277\377O\344\243\264\\\005|\023\267"
 328      C49FCEBF 
 328      FF4FE4A3 
 328      B45C057C 
 328      13B7
 329 06e6 10EFF643 		.ascii	"\020\357\366CP3\254\336y\222\235D\367\244\220-\340\371"
 329      5033ACDE 
 329      79929D44 
 329      F7A4902D 
 329      E0F9
 330 06f8 1C5AEC89 		.ascii	"\034Z\354\211\026\301\216\314\204\035\351)\356\310t"
 330      16C18ECC 
 330      841DE929 
 330      EEC874
 331 0707 88DF3EA6 		.ascii	"\210\337>\246?\347\320\211ZW|\204)\350\314\037\274\212"
 331      3FE7D089 
 331      5A577C84 
 331      29E8CC1F 
 331      BC8A
 332 0719 A735C045 		.ascii	"\2475\300E\240\220^\004\016\201\206\003V\015\373y\007"
 332      A0905E04 
 332      0E818603 
 332      560DFB79 
 332      07
 333 072a 2A0EDA57 		.ascii	"*\016\332W\021\177\373\330\224\213G\212x@\277\217\250"
 333      117FFBD8 
 333      948B478A 
 333      7840BF8F 
 333      A8
 334 073b BC3478BF 		.ascii	"\2744x\277\207\246\3600\357a\211\013AO\364W\0132\245"
 334      87A6F030 
 334      EF61890B 
 334      414FF457 
 334      0B32A5
 335 074e 283DE9DB 		.ascii	"(=\351\333\245\357h\177\266g\206\364#\337$=\277\253"
 335      A5EF687F 
 335      B66786F4 
 335      23DF243D 
 335      BFAB
 336 0760 708BF29D 		.ascii	"p\213\362\235l\341z%]\325y\211W!KqsP\026\357\201>\005"
 336      6CE17A25 
 336      5DD57989 
 336      57214B71 
 336      735016EF 
 337 0777 17612948 		.ascii	"\027a)H&\357\206\221\177\360\034\312\346\337\201\271"
 337      26EF8691 
ARM GAS  /tmp/ccgmo70v.s 			page 27


 337      7FF01CCA 
 337      E6DF81B9 
 338 0787 A93563A3 		.ascii	"\2515c\243*\234\303\222\336\270u7\340\277`\314\360\365"
 338      2A9CC392 
 338      DEB87537 
 338      E0BF60CC 
 338      F0F5
 339 0799 9A64177C 		.ascii	"\232d\027|\2161\311U\255\233]\360\005\306\034\031(\201"
 339      8E31C955 
 339      AD9B5DF0 
 339      05C61C19 
 339      2881
 340 07ab 8D50C798 		.ascii	"\215P\307\230\362\366\"\015\276\312\3729%;\3569\341"
 340      F2F6220D 
 340      BECAFA39 
 340      253BEE39 
 340      E1
 341 07bc DB8CE92D 		.ascii	"\333\214\351-N\030\227\341v\306\\/\355\356s\303\335"
 341      4E1897E1 
 341      76C65C2F 
 341      EDEE73C3 
 341      DD
 342 07cd 8CC91C   		.ascii	"\214\311\034"
 343 07d0 ED78E8C2 		.ascii	"\355x\350\302\326\226\017)\350\257\037jW\260uXI6\370"
 343      D6960F29 
 343      E8AF1F6A 
 343      57B07558 
 343      4936F8
 344 07e3 DE929E21 		.ascii	"\336\222\236!7\334K\261\3523[_\256!\025\2747\255\342"
 344      37DC4BB1 
 344      EA335B5F 
 344      AE2115BC 
 344      37ADE2
 345 07f6 6919CF4A 		.ascii	"i\031\317J\232_\274\220\2244\307\300\247b~V\201!-\002"
 345      9A5FBC90 
 345      9434C7C0 
 345      A7627E56 
 345      81212D02 
 346 080a 1A3658BF 		.ascii	"\0326X\277\305\307m\341\263k\206GF+\374\244-|VA\322"
 346      C5C76DE1 
 346      B36B8647 
 346      462BFCA4 
 346      2D7C5641 
 347 081f 2341E7D9 		.ascii	"#A\347\331EK\252\202I\0118\307\026\\:\313\222&\211\341"
 347      454BAA82 
 347      490938C7 
 347      165C3ACB 
 347      922689E1 
 348 0833 9FDBF753 		.ascii	"\237\333\367S\"\274G\202>j\213>\357\340\006\362\005"
 348      22BC4782 
 348      3E6A8B3E 
 348      EFE006F2 
 348      05
 349 0844 2C8E7CBA 		.ascii	",\216|\2728\010\234\324\025\245\260.\013yot\006\250"
 349      38089CD4 
 349      15A5B02E 
 349      0B796F74 
ARM GAS  /tmp/ccgmo70v.s 			page 28


 349      06A8
 350 0856 0CE82CD0 		.ascii	"\014\350,\320y\240\323@E@\247\200\316\001\225\3603j"
 350      79A0D340 
 350      4540A780 
 350      CE0195F0 
 350      336A
 351 0868 3E89F213 		.ascii	">\211\362\023\366c,1\365\221\004]`\337T\026\007\361"
 351      F6632C31 
 351      F591045D 
 351      60DF5416 
 351      07F1
 352 087a 5B3EC8EA 		.ascii	"[>\310\3522\200\315\256\313\306\007%uY\256\375\240Z"
 352      3280CDAE 
 352      CBC60725 
 352      7559AEFD 
 352      A05A
 353 088c 4AADB1BC 		.ascii	"J\255\261\274\274\016\025\356g\247\303\216\311=\017"
 353      BC0E15EE 
 353      67A7C38E 
 353      C93D0F
 354 089b DC6D4B2D 		.ascii	"\334mK-K<\320\005\010\303\377\033\022\261\232\234\240"
 354      4B3CD005 
 354      08C3FF1B 
 354      12B19A9C 
 354      A0
 355 08ac 65570508 		.ascii	"eW\005\010)\267\2366\304\007jKA]J\256BZvU\360\322\262"
 355      29B79E36 
 355      C4076A4B 
 355      415D4AAE 
 355      425A7655 
 356 08c3 EB22CF6E 		.ascii	"\353\"\317n%\320\002x\260-\273P=\363\032d\357B\316\315"
 356      25D00278 
 356      B02DBB50 
 356      3DF31A64 
 356      EF42CECD 
 357 08d7 BA8DC3BE 		.ascii	"\272\215\303\276\232K\376\357SQ\262\331M)\2266I\337"
 357      9A4BFEEF 
 357      5351B2D9 
 357      4D299636 
 357      49DF
 358 08e9 7A754155 		.ascii	"zuAU\264r\251|t\244`\306\305\211\034+V\023\253E\023"
 358      B472A97C 
 358      74A460C6 
 358      C5891C2B 
 358      5613AB45 
 359 08fe 492B0F0A 		.ascii	"I+\017\012\014\0141\207\340\320\365\221\037i\"\214Q"
 359      0C0C3187 
 359      E0D0F591 
 359      1F69228C 
 359      51
 360 090f E19A8DA6 		.ascii	"\341\232\215\246\010M`\270\351\023\2631F\023\032aXc"
 360      084D60B8 
 360      E913B331 
 360      46131A61 
 360      5863
 361 0921 309A345A 		.ascii	"0\2324Z\322\256\012\326\373\373\371\372\301\237\006"
 361      D2AE0AD6 
ARM GAS  /tmp/ccgmo70v.s 			page 29


 361      FBFBF9FA 
 361      C19F06
 362 0930 86224222 		.ascii	"\206\"B\"51\306\365f\223&x\365_\026\373kV\256\014\324"
 362      3531C6F5 
 362      66932678 
 362      F55F16FB 
 362      6B56AE0C 
 363 0945 2C0B5AB1 		.ascii	",\013Z\261\352_~\344\225>\006(22\3147T\261\354\303\217"
 363      EA5F7EE4 
 363      953E0628 
 363      3232CC37 
 363      54B1ECC3 
 364 095a 1668FDFC 		.ascii	"\026h\375\3748\245^\037k\2106/\366\327\233\177\251\211"
 364      38A55E1F 
 364      6B88362F 
 364      F6D79B7F 
 364      A989
 365 096c 35ADD718 		.ascii	"5\255\327\030\242C#c\303\3025\321\341\377\2164\254\321"
 365      A2432363 
 365      C3C235D1 
 365      E1FF8E34 
 365      ACD1
 366 097e 448580B6 		.ascii	"D\205\200\266\350p\215>,|mHl\244Yo\336\030\023n\362"
 366      E8708D3E 
 366      2C7C6D48 
 366      6CA4596F 
 366      DE18136E 
 367 0993 8DE01496 		.ascii	"\215\340\024\226i^\366\246\2316\2324z\2239\0140\200"
 367      695EF6A6 
 367      99369A34 
 367      7A93390C 
 367      3080
 368 09a5 C5C6B0F5 		.ascii	"\305\306\260\365\340K\304_\177\010_\"8\017\2239\012"
 368      E04BC45F 
 368      7F085F22 
 368      380F9339 
 368      0A
 369 09b6 2C591763 		.ascii	",Y\027c0\352M\341\346\330\030\275Y\036\244%\001\224"
 369      30EA4DE1 
 369      E6D818BD 
 369      591EA425 
 369      0194
 370 09c8 0705B066 		.ascii	"\007\005\260f\011k\226\222\306%h\311J\2551z\255a\035"
 370      096B9692 
 370      C62568C9 
 370      4AAD317A 
 370      AD611D
 371 09db 0ED0E964 		.ascii	"\016\320\351d\001\301:\035^\025\250\303+\200\264\272"
 371      01C13A1D 
 371      5E15A8C3 
 371      2B80B4BA 
 372 09eb E5402B65 		.ascii	"\345@+e+\265\177\326\005\177/kC\215QQ\306hM\370\006"
 372      2BB57FD6 
 372      057F2F6B 
 372      438D5151 
 372      C6684DF8 
 373 0a00 3398CB2C 		.ascii	"3\230\313,\376\300o\303\006\015\265m\255\337\242\305"
ARM GAS  /tmp/ccgmo70v.s 			page 30


 373      FEC06FC3 
 373      060DB56D 
 373      ADDFA2C5 
 374 0a10 1BD680A9 		.ascii	"\033\326\200\251j\342\200~5\30400|\255\322`$\376\031"
 374      6AE2807E 
 374      35C43030 
 374      7CADD260 
 374      24FE19
 375 0a23 C2F46635 		.ascii	"\302\364f5\353F\205\230>\321\233\025\006c\2241,\\ov"
 375      EB468598 
 375      3ED19B15 
 375      06639431 
 375      2C5C6F76 
 376 0a37 B538A937 		.ascii	"\2658\2517D\033\314?H\364B\271\037M+\201\330\255[o\214"
 376      441BCC3F 
 376      48F442B9 
 376      1F4D2B81 
 376      D8AD5B6F 
 377 0a4c 8D21CA55 		.ascii	"\215!\312U\241k\327\231C\326\370\276\367\336\357~#g"
 377      A16BD799 
 377      43D6F8BE 
 377      F7DEEF7E 
 377      2367
 378 0a5e 7D17B654 		.ascii	"}\027\266T~\2537;\213\255, P\253s^\022\024\340\267\364"
 378      7EAB373B 
 378      8BAD2C20 
 378      50AB735E 
 378      1214E0B7 
 379 0a73 43DAFA43 		.ascii	"C\332\372C+_\262<\000\032\005\031\326\005\257\246\035"
 379      2B5FB23C 
 379      001A0519 
 379      D605AFA6 
 379      1D
 380 0a84 7FD2C1DA 		.ascii	"\177\322\301\332\025:\231\366\203e:^\013\375`\235J\247"
 380      153A99F6 
 380      83653A5E 
 380      0BFD609D 
 380      4AA7
 381 0a96 D55A42F1 		.ascii	"\325ZB\361?1\307C\336"
 381      3F31C743 
 381      DE
 382              		.text
 383              		.section	.gnu.lto_.symtab.33ec6a58c7504e95,"",%progbits
 384 0000 5F70616C 		.ascii	"_pal_lld_init\000"
 384      5F6C6C64 
 384      5F696E69 
 384      7400
 385 000e 00       		.ascii	"\000"
 386 000f 00       		.ascii	"\000"
 387 0010 00       		.ascii	"\000"
 388 0011 00000000 		.ascii	"\000\000\000\000\000\000\000\000"
 388      00000000 
 389 0019 0B010000 		.ascii	"\013\001\000\000"
 390 001d 5F70616C 		.ascii	"_pal_lld_setgroupmode\000"
 390      5F6C6C64 
 390      5F736574 
 390      67726F75 
ARM GAS  /tmp/ccgmo70v.s 			page 31


 390      706D6F64 
 391 0033 00       		.ascii	"\000"
 392 0034 00       		.ascii	"\000"
 393 0035 00       		.ascii	"\000"
 394 0036 00000000 		.ascii	"\000\000\000\000\000\000\000\000"
 394      00000000 
 395 003e 11010000 		.ascii	"\021\001\000\000"
 396              		.text
 397              		.section	.gnu.lto_.opts,"",%progbits
 398 0000 272D666D 		.ascii	"'-fmath-errno' '-fsigned-zeros' '-ftrapping-math' '"
 398      6174682D 
 398      6572726E 
 398      6F272027 
 398      2D667369 
 399 0033 2D666E6F 		.ascii	"-fno-trapv' '-fno-openmp' '-fno-openacc' '-mcpu=cor"
 399      2D747261 
 399      70762720 
 399      272D666E 
 399      6F2D6F70 
 400 0066 7465782D 		.ascii	"tex-m3' '-mthumb' '-O2' '-fomit-frame-pointer' '-fa"
 400      6D332720 
 400      272D6D74 
 400      68756D62 
 400      2720272D 
 401 0099 6C69676E 		.ascii	"lign-functions=16' '-ffunction-sections' '-fdata-se"
 401      2D66756E 
 401      6374696F 
 401      6E733D31 
 401      36272027 
 402 00cc 6374696F 		.ascii	"ctions' '-fno-common' '-flto'\000"
 402      6E732720 
 402      272D666E 
 402      6F2D636F 
 402      6D6D6F6E 
 403              		.text
 404              		.comm	__gnu_lto_v1,1,1
 405              		.comm	__gnu_lto_slim,1,1
 406              		.ident	"GCC: (15:7-2018-q2-6) 7.3.1 20180622 (release) [ARM/embedded-7-branch revision 261907]"
ARM GAS  /tmp/ccgmo70v.s 			page 32


DEFINED SYMBOLS
                            *ABS*:0000000000000000 hal_pal_lld.c
                            *COM*:0000000000000001 __gnu_lto_v1
                            *COM*:0000000000000001 __gnu_lto_slim

NO UNDEFINED SYMBOLS
