ARM GAS  /tmp/ccGdyHpn.s 			page 1


   1              		.cpu cortex-m3
   2              		.eabi_attribute 20, 1
   3              		.eabi_attribute 21, 1
   4              		.eabi_attribute 23, 3
   5              		.eabi_attribute 24, 1
   6              		.eabi_attribute 25, 1
   7              		.eabi_attribute 26, 1
   8              		.eabi_attribute 30, 2
   9              		.eabi_attribute 34, 1
  10              		.eabi_attribute 18, 4
  11              		.file	"hal_flash.c"
  12              		.section	.gnu.lto_.profile.6870c84149843b8f,"",%progbits
  13 0000 789C6363 		.ascii	"x\234cc```\001bF\206\004\003\000\001h\000\234"
  13      60606001 
  13      62468604 
  13      03000168 
  13      009C
  14              		.text
  15              		.section	.gnu.lto_.icf.6870c84149843b8f,"",%progbits
  16 0000 789C6363 		.ascii	"x\234cc``\020a@\000f\206U'\277_\343e\274\363h\321O\036"
  16      60601061 
  16      40006686 
  16      5527BF5F 
  16      E365BCF3 
  17 0018 A6D5CB8F 		.ascii	"\246\325\313\217_\341f\000\000j>\011\313"
  17      5FE16600 
  17      006A3E09 
  17      CB
  18              		.text
  19              		.section	.gnu.lto_.jmpfuncs.6870c84149843b8f,"",%progbits
  20 0000 789C6363 		.ascii	"x\234cc``8\305\200\000\314\014\214\214\214\365s\230"
  20      606038C5 
  20      8000CC0C 
  20      8C8C8CF5 
  20      7398
  21 0012 19981818 		.ascii	"\031\230\030\030\030\017\26002\000\361\177 \340gd\234"
  21      180FB030 
  21      3200F17F 
  21      20E06764 
  21      9C
  22 0023 C2CC38AD 		.ascii	"\302\3148\255\365\320y\366n\3469\314\214\214\014\214"
  22      F5D079F6 
  22      6EE639CC 
  22      8C8C0C8C 
  23 0033 9B196580 		.ascii	"\233\031e\200B\257\367l\270\301\012\021\202\250\333"
  23      42AFF76C 
  23      B8C10A11 
  23      82A8DB
  24 0042 C228C3C2 		.ascii	"\302(\303\302T\311\200\246\035\211\377\007\254\214\011"
  24      54C980A6 
  24      1D89FF07 
  24      AC8C09
  25 0051 D93826A0 		.ascii	"\3318&\240q[\031e@\270^\201\221\211\221\221\031\344"
  25      715B1965 
  25      40B85E81 
  25      91899191 
  25      19E4
ARM GAS  /tmp/ccGdyHpn.s 			page 2


  26 0063 04206666 		.ascii	"\004 ff\002\032\305\210fT\275\002\023a%\014\0009\244"
  26      021AC588 
  26      6654BD02 
  26      1361250C 
  26      0039A4
  27 0076 3B12     		.ascii	";\022"
  28              		.text
  29              		.section	.gnu.lto_.inline.6870c84149843b8f,"",%progbits
  30 0000 789C6363 		.ascii	"x\234cc``\230\300\200\000\314\014,\302\257\030\031\031"
  30      606098C0 
  30      8000CC0C 
  30      2CC2AF18 
  30      1919
  31 0012 98F8AF9D 		.ascii	"\230\370\257\235ce`_\025\314\004\022e\342fd`\234\340"
  31      6365605F 
  31      15CC0412 
  31      65E26664 
  31      609CE0
  32 0025 C7260494 		.ascii	"\307&\004\224\270\303\315\300\310 $\315\310\304\240"
  32      B8C3CDC0 
  32      C82024CD 
  32      C8C4A0
  33 0034 C00854CE 		.ascii	"\300\010T\316\010$\031X\005\356\3042\260-\220gb`|\301"
  33      08241958 
  33      05EEC432 
  33      B02D9067 
  33      62607CC1 
  34 0048 CE022119 		.ascii	"\316\002!\031\2306qq\2004\263\0122\200431\010J\241j"
  34      98367171 
  34      8034B30A 
  34      32803433 
  34      31084AA1 
  35 005d E23B1041 		.ascii	"\342;\020AH\023\003\000\237\365\022\212"
  35      48130300 
  35      9FF5128A 
  36              		.text
  37              		.section	.gnu.lto_.pureconst.6870c84149843b8f,"",%progbits
  38 0000 789C6363 		.ascii	"x\234cc```\007bf\006KFI&I\000\002T\000\177"
  38      60606007 
  38      6266064B 
  38      46492649 
  38      00025400 
  39              		.text
  40              		.section	.gnu.lto_flashWaitErase.6870c84149843b8f,"",%progbits
  41 0000 789C9594 		.ascii	"x\234\225\224\317OTW\024\307\317\367\335\367c\230q\030"
  41      CF4F5457 
  41      14C7CFF7 
  41      DDF76398 
  41      7118
  42 0012 D3950B16 		.ascii	"\323\225\013\026,J\214\213\362\264\335\270q\321\310"
  42      2C4A8C8B 
  42      F2B4DDB8 
  42      71D1C8
  43 0021 A2DDD4A4 		.ascii	"\242\335\324\244\376\001\206\342\230!E1\214i\342\212"
  43      FE0186E2 
  43      98214531 
  43      8C69E28A 
ARM GAS  /tmp/ccGdyHpn.s 			page 3


  44 0031 37301429 		.ascii	"70\024)\264\241FF\234\274\222\211\204\030\2236\325\026"
  44      B4A14646 
  44      9CBC9289 
  44      84189336 
  44      D516
  45 0043 7FA0A88F 		.ascii	"\177\240\250\217\301\242U\360Gc\024\225\020\002\261"
  45      C1A255F0 
  45      47631495 
  45      1002B1
  46 0052 9496D868 		.ascii	"\224\226\330hS\2720b\317\271o&\245\211]\364e\346\274"
  46      53BA3062 
  46      CFB96F26 
  46      A5895DF4 
  46      65E6BC
  47 0065 FBCEFD9E 		.ascii	"\373\316\375\236\317=\347\334\373\236MD'M\"\237\357"
  47      CF3DE7DC 
  47      FB9E4D44 
  47      274D229F 
  47      EF
  48 0076 EFF11F36 		.ascii	"\357\361\0376\301\350\275E\224\211\030P\341@\031\346"
  48      C1E8BD45 
  48      94891850 
  48      E14019E6 
  49 0086 4C8CBCA8 		.ascii	"L\214\274\2505\\$\362\326\231\200\370\275\210\025\012"
  49      355C24F2 
  49      D69980F8 
  49      BD88150A 
  50 0096 C622A056 		.ascii	"\306\"\240VC\231\026\330R\351\352QG\024\372\272.>\210"
  50      439916D8 
  50      52E9EA51 
  50      4714FABA 
  50      2E3E88
  51 00a9 6F3AE179 		.ascii	"o:\341ym^pte[\246\275c\203\317\212\234\"\274S\205\315"
  51      6D5E7074 
  51      655BA6BD 
  51      6383CF8A 
  51      9C22BC53 
  52 00bf 55B2DEF7 		.ascii	"U\262\336\367\330\304\312\273\331S\276\352V\276\002"
  52      D8C4CABB 
  52      D953BEEA 
  52      56BE02
  53 00ce 4C7E7C36 		.ascii	"L~|6\225_\250\224G\003\325\374\330{\377\351\327J\325"
  53      955FA894 
  53      4703D5FC 
  53      D87BFFE9 
  53      D74AD5
  54 00e1 81785C78 		.ascii	"\201x\\xq\367a\345\306!\315\234\034R\336\233\276R8\013"
  54      71F761E5 
  54      C621CD9C 
  54      1C52DE9B 
  54      BE52380B 
  55 00f5 25D033A8 		.ascii	"%\3203\250\3020\252\210]\204s\330(\372\371\323\253}"
  55      C230AA88 
  55      5D8473D8 
  55      28FAF9D3 
  55      AB7D
  56 0107 71DB9445 		.ascii	"q\333\224Ey\265\363\260\301\316\343'\007\377\200z_\003"
ARM GAS  /tmp/ccGdyHpn.s 			page 4


  56      79B5F3B0 
  56      C1CEE327 
  56      07FF807A 
  56      5F03
  57 0119 FF7C327D 		.ascii	"\377|2}\"Z3\350\005\014\\]Ty/\310V\373\312\304\310\277"
  57      225A33E8 
  57      050C5C5D 
  57      54792FC8 
  57      56FBCAC4 
  58 012f 9972B17A 		.ascii	"\231r\261z\242p\355\206\243>\320\221+\367\007\036Z\034"
  58      A270ED86 
  58      A33ED091 
  58      2BF7071E 
  58      5A1C
  59 0141 29A9AC9C 		.ascii	")\251\254\234\263\372\275 \303\221\204\213ad\271DZ\223"
  59      B3FABD20 
  59      C391848B 
  59      6164B944 
  59      5A93
  60 0153 06465183 		.ascii	"\006FQ\203\013\250\321\231\350\211\366\357\226G\243"
  60      0BA8D199 
  60      E889F6EF 
  60      9647A3
  61 0162 EA430DBC 		.ascii	"\352C\015\274\032\014\317W\226\200\263\177\225S\261"
  61      1A0CCF57 
  61      9680B37F 
  61      9553B1
  62 0171 70F9B5A9 		.ascii	"p\371\265\251\204\310\254\307W0q,\212+\202\275\004;"
  62      84C8ACC7 
  62      5730712C 
  62      8A2B82BD 
  62      043B
  63 0183 A7B0B670 		.ascii	"\247\260\266p\004\\\363\230\354+\033\020\031\345\034"
  63      045CF398 
  63      EC2B1B10 
  63      19E51C
  64 0192 BEFDC90A 		.ascii	"\276\375\311\012\274\325W\235\262\026\206~\353\301\033"
  64      BCD5579D 
  64      B216867E 
  64      EBC11B
  65 01a1 E0CED906 		.ascii	"\340\316\331\006\033G\261\211\230l*,1\266\030GLD&b\220"
  65      1B47B189 
  65      986C2A2C 
  65      31B61847 
  65      4C442662 
  66 01b6 EEC64948 		.ascii	"\356\306IH\011m\211\016q\177gb^\300\003\203\007\231"
  66      096D890E 
  66      717F6762 
  66      5EC00383 
  66      0799
  67 01c8 80BA7817 		.ascii	"\200\272x\027\370|\264\007\364+\332.,}\266`Kvy%\033"
  67      F87CB407 
  67      F42BDA2E 
  67      2C7DB660 
  67      4B767925 
  68 01dd 90EB28DE 		.ascii	"\220\353(\336vd\203\303\\G\213S\023v\001\003\031\256"
  68      766483C3 
ARM GAS  /tmp/ccGdyHpn.s 			page 5


  68      5C478B53 
  68      13760103 
  68      19AE
  69 01ef 852B8EE6 		.ascii	"\205+\216\346U\014E\251\224\347\356uN\317\306\334o\274"
  69      550C45A9 
  69      94E7EE75 
  69      4ECFC6DC 
  69      6FBC
  70 0201 70CAC638 		.ascii	"p\312\3068\012\350\323\347\014W\341jvE\0106\326\202"
  70      0AE8D3E7 
  70      0C57E16A 
  70      76450836 
  70      D682
  71 0213 EDD78163 		.ascii	"\355\327\201c\274:~(\201\237u\037\236\006\203{\365\324"
  71      BC3A7E28 
  71      819F751F 
  71      9E06837B 
  71      F5D4
  72 0225 3A4C6830 		.ascii	":Lh0\004|\215\301\313\350(\354\011\301qf\023\347\304"
  72      047C8DC1 
  72      CBE828EC 
  72      09C17166 
  72      13E7C4
  73 0238 41BF778C 		.ascii	"A\277w\214\015\230\255/%\233\302>_\305\245\221\"\"\\"
  73      0D98AD2F 
  73      259BC23E 
  73      5FC5A591 
  73      22225C
  74 024b 47ABAF2A 		.ascii	"G\253\257*\351g\264\205a\322\026\016\245'\310>\036\237"
  74      E967B485 
  74      61D2160E 
  74      A527C83E 
  74      1E9F
  75 025d EDDF5C42 		.ascii	"\355\337\\B1\343L\347\344\351\250\344H\000~,mh\2272"
  75      31E34CE7 
  75      E4E9A8E4 
  75      48007E2C 
  75      6D689732 
  76 0271 B96DBA59 		.ascii	"\271m\272Y\305\231\245\236qG3\230\316\001\307\346\202"
  76      C599A59E 
  76      71473398 
  76      CE01C7E6 
  76      82
  77 0282 C3D6D6B3 		.ascii	"\303\326\326\263\336!\360\301$\334\300Vz\212\266\352"
  77      DE21F0C1 
  77      24DCC056 
  77      7A8AB6EA 
  78 0292 9098E0E0 		.ascii	"\220\230\340\340\025$\030\255\036\315_\007\203,\342"
  78      152418AD 
  78      1ECD5F07 
  78      832CE2
  79 02a1 17356C7B 		.ascii	"\0275l{n\251\177\020\241N\351s\307\276\347\235%\217"
  79      6EA97F10 
  79      A14EE973 
  79      C7BEE79D 
  79      258F
  80 02b3 C94E76B4 		.ascii	"\311Nv\264\347?-9,\366\361r7\227\216/\332\222_\005\356"
ARM GAS  /tmp/ccGdyHpn.s 			page 6


  80      E73F2D39 
  80      2CF6F172 
  80      37978E2F 
  80      DA925F05 
  81 02c8 24709313 		.ascii	"$p\223\023dQ\256,\022\035\213\272\026\277\350Q\241h"
  81      6451AE2C 
  81      121D8BBA 
  81      16BFE851 
  81      A168
  82 02da D1C16428 		.ascii	"\321\301d(:U\0269\254c\321W\375_\276\254\010E\2778\230"
  82      3A551639 
  82      AC63D157 
  82      FD5FBEAC 
  82      0845BF38 
  83 02ef D2A27FD6 		.ascii	"\322\242\177\326\217\260N\372\245\013\221\343\313.n"
  83      8FB04EFA 
  83      A50B91E3 
  83      CB2E6E
  84 02fe 7B766EE1 		.ascii	"{vn\341\363;\3177\3503\313\214\221\221\345\307\016w"
  84      F33BCF37 
  84      E833CB8C 
  84      9191E5C7 
  84      0E77
  85 0310 3CE2AB44 		.ascii	"<\342\253D\216?\010\2014\373\026ZyC\330\265^\000s\335"
  85      8E3F0881 
  85      34FB165A 
  85      7943D8B5 
  85      5E0073DD 
  86 0324 A52AF53B 		.ascii	"\245*\365;\240;\210\377n\337mn\237\234Wp\277\015\242"
  86      A03B88FF 
  86      6EDF6D6E 
  86      9F9C5770 
  86      BF0DA2
  87 0337 77DD54F3 		.ascii	"w\335T\363\336\244{0\235r\353\222\351\217\0174\357w"
  87      DEA47B30 
  87      9D72EB92 
  87      E98F0F34 
  87      EF77
  88 0349 1B528D1F 		.ascii	"\033R\215\03756\247\335\355r\337\261s\327\333[j\267"
  88      3536A7DD 
  88      ED72DFB1 
  88      73D7DB5B 
  88      6AB7
  89 035b F0CF6557 		.ascii	"\360\317eW\252\276\311M\2674\310}\327\236\246\372t\252"
  89      AABEC94D 
  89      B734C87D 
  89      D79EA6FA 
  89      74AA
  90 036d B681CCDD 		.ascii	"\266\201\314\335\311O\366\233{\323\311\006\225li\261"
  90      C94FF69B 
  90      7BD3C906 
  90      956C69B1 
  91 037d 76279BEA 		.ascii	"v'\233\352\017\326\375ojs\232M\313\201\267\3665\206"
  91      0FD6FD6F 
  91      6A739A4D 
  91      CB81B7F6 
  91      3586
ARM GAS  /tmp/ccGdyHpn.s 			page 7


  92 038f E3DA14FD 		.ascii	"\343\332\024\375\015\226\311\255\220"
  92      0D96C9AD 
  92      90
  93              		.text
  94              		.section	.gnu.lto_flashGetSectorOffset.6870c84149843b8f,"",%progbits
  95 0000 789C9552 		.ascii	"x\234\225R_HSQ\030?\337=w\327mn3#\"\206\017>$\342\213"
  95      5F485351 
  95      183FDF3D 
  95      77D76D6E 
  95      33232286 
  96 0019 17B3E720 		.ascii	"\027\263\347 \362\241\236\012z\354AtN&\031\223M\202"
  96      F2A19E0A 
  96      7AEC4174 
  96      4E261993 
  96      4D82
  97 002b E8C1E3B6 		.ascii	"\350\301\343\26643D\362Op\271\311heA\205E\246\371/\227"
  97      343344F2 
  97      4F70B9C9 
  97      68654185 
  97      45A6F92F 
  98 0040 9A6535CB 		.ascii	"\232e5\313\210\262\204\014C+\221\205 B\231\326w\316"
  98      88B2840C 
  98      432B9185 
  98      204299D6 
  98      77CE
  99 0052 DD48652F 		.ascii	"\335He/\215\273s\277\373\235\357\367\373~\337\037\205"
  99      8DBB73BF 
  99      FB9DEFF7 
  99      FB7EDF1F 
  99      85
 100 0063 10D22A13 		.ascii	"\020\322*\023R\202\357\003\370\007\205\200\324<IH\255"
 100      5282EF03 
 100      F8078580 
 100      D43C4948 
 100      AD
 101 0074 5992E87A 		.ascii	"Y\222\350z!aV\271\305I\230\215\202\311p\313I\303\004"
 101      216156B9 
 101      C549988D 
 101      82C970CB 
 101      49C304
 102 0087 C00D6606 		.ascii	"\300\015f\006R#Q\331\0045p\221\266R\230\012\335\325"
 102      522351D9 
 102      04357091 
 102      B652980A 
 102      DDD5
 103 0099 6923D529 		.ascii	"i#\325)\001\031?\227c\332\027\007\377\004\310\306\317"
 103      01193F97 
 103      63DA1707 
 103      FF04C8C6 
 103      CF
 104 00aa A5F878B7 		.ascii	"\245\370x\267-\357\006c\001\026\275<\255\334\354~\315"
 104      2DEF0663 
 104      0116BD3C 
 104      ADDCEC7E 
 104      CD
 105 00bb 2C3A9548 		.ascii	",:\225H;\206wC\026\334\207,.\343\001\344ap\363\273\370"
 105      3B867743 
ARM GAS  /tmp/ccGdyHpn.s 			page 8


 105      16DC872C 
 105      2EE301E4 
 105      6170F3BB 
 106 00d0 6D4A8B80 		.ascii	"mJ\213\200\240\035^\233\372\340\310\275.\200c\235\224"
 106      A01D5E9B 
 106      FAE0C8BD 
 106      2E80639D 
 106      94
 107 00e1 EDD52985 		.ascii	"\355\325)\205\036\240\233\201\350\"\320\013\271\030"
 107      1EA09B81 
 107      E822D00B 
 107      B918
 108 00ef 3E1B0D84 		.ascii	">\033\015\204dzD@g\326~\236M \343\332\236\316 ;\254"
 108      647A4440 
 108      67D67E9E 
 108      4D20E3DA 
 108      9ECE203B 
 109 0104 53191E6E 		.ascii	"S\031\036n\307\312\004\372 \227\003z\242s}2=&\300\035"
 109      C7CA04FA 
 109      2097037A 
 109      A2737D32 
 109      3D26C01D 
 110 0118 735FAF38 		.ascii	"s_\2578r\"\002\275\2419#A\366\214\311:5A\377V<\377a"
 110      722202BD 
 110      A1392341 
 110      F68CC93A 
 110      3541FF56 
 111 012f F84ACBC7 		.ascii	"\370J\313\307Y\007=!\240\201oM\223I\350\252\266\353"
 111      59073D21 
 111      A0816F4D 
 111      9349E8AA 
 111      B6EB
 112 0141 6A022AC1 		.ascii	"j\002*\301`J\350\334\275\2156\273\"\303\020\344\300"
 112      604AE8DC 
 112      BD8D36BB 
 112      22C310E4 
 112      C0
 113 0152 00E48429 		.ascii	"\000\344\204)\341]\301f<\342S!DJ\336t\2751E\331\306"
 113      E15DC166 
 113      3CE25321 
 113      444ADE74 
 113      BD3145D9 
 114 0167 9F7A2CC7 		.ascii	"\237z,\307\371{e>3\003P\275\"\341\221\206\254\030\204"
 114      F97B653E 
 114      330350BD 
 114      22E19186 
 114      AC1884
 115 017a A3C12EA4 		.ascii	"\243\301.\244\241\303l\306\303b\341\226\225[\351\204"
 115      A1C36CC6 
 115      C362E196 
 115      955BE984 
 116 018a 13D88057 		.ascii	"\023\330\200Wj\027\261\016q\022r\036S\341<Y\2244\340"
 116      6A17B10E 
 116      7112721E 
 116      53E13C59 
 116      9434E0
 117 019d 38D00A46 		.ascii	"8\320\012F\311\"\004\372\277w\215\356\346\0124\012\250"
ARM GAS  /tmp/ccGdyHpn.s 			page 9


 117      C92204FA 
 117      BF778DEE 
 117      E60A340A 
 117      A8
 118 01ae B1FDDCC8 		.ascii	"\261\375\334\310\2534>M**\034\034\211\215+a\350\250"
 118      AB343E4D 
 118      2A2A1C1C 
 118      898D2B61 
 118      E8A8
 119 01c0 658C65EB 		.ascii	"e\214e\353\324\252a_\206yEx\367\266~\372S\272z\207\031"
 119      D4AA615F 
 119      86794578 
 119      F7B67EFA 
 119      53BA7A87 
 120 01d5 570A4421 		.ascii	"W\012D!\014m\274\036\002\217A\025\334\026\203X\332L"
 120      0C6DBC1E 
 120      028F4115 
 120      DC168358 
 120      DA4C
 121 01e7 ACA4224E 		.ascii	"\254\244\"N\307\3540\222 ^n\2744\015H\334,\256l0*\210"
 121      C7EC3092 
 121      205E6EBC 
 121      340D48DC 
 121      2CAE6C30 
 122 01fd 81138F21 		.ascii	"\201\023\217!\361\022\204\302\253`0#N\"(J\247v\262\000"
 122      F11284C2 
 122      AB603023 
 122      4E22284A 
 122      A776B200 
 123 0211 816CEEE5 		.ascii	"\201l\356\345\015\300\033\243\270\201\210\325\210L\333"
 123      0DC01BA3 
 123      B88188D5 
 123      884CDB
 124 0220 ACC1944A 		.ascii	"\254\301\224J\203\003A\360$\245\206\014\030\027\032"
 124      830341F0 
 124      24A5860C 
 124      18171A
 125 022f 24AEE129 		.ascii	"$\256\341)j\230\207\320\314\350\376\024\3148*x\226\030"
 125      6A9887D0 
 125      CCE8FE14 
 125      CC382A78 
 125      9618
 126 0241 79036EEB 		.ascii	"y\003n\353z\241hsP\253\213\365^\223\014\200Y\2436\304"
 126      7AA16873 
 126      50AB8BF5 
 126      5E930C80 
 126      59A336C4 
 127 0255 5CF8F5BE 		.ascii	"\\\370\365\276\311\31412\230a\0021\030\246\327%\012"
 127      C9CC3132 
 127      98610231 
 127      18A6D725 
 127      0A
 128 0266 B3202F46 		.ascii	"\263 /F\212\"&\262\014\237c\233\346p'_\211\035\030l"
 128      8A2226B2 
 128      0C9F639B 
 128      E670275F 
 128      891D186C 
ARM GAS  /tmp/ccGdyHpn.s 			page 10


 129 027a A4DC2A3B 		.ascii	"\244\334*;\274 \3514\023\236\013\341b\315^\240plR\330"
 129      BC20E934 
 129      139E0BE1 
 129      62CD5EA0 
 129      706C52D8 
 130 028e 27BA34C4 		.ascii	"'\2724\304\273\344\0202e\322\342Ln\303p\244\324\310"
 130      BBE41032 
 130      65D2E24C 
 130      6EC370A4 
 130      D4C8
 131 02a0 66FDAF0E 		.ascii	"f\375\257\016\355\204\227\"\221\314\023\305\304\370"
 131      ED849722 
 131      91CC13C5 
 131      C4F8
 132 02ae B1E6096A 		.ascii	"\261\346\011jp\3315\276:\266\177#\022\311\355\"\271"
 132      70D935BE 
 132      3AB67F23 
 132      12C9ED22 
 132      B9
 133 02bf 29B18B0B 		.ascii	")\261\213\013 \021\303OI\034U\336jr\032`\256}\025(\212"
 133      2011C34F 
 133      491C55DE 
 133      6A721A60 
 133      AE7D1528 
 134 02d4 A5DA8FCF 		.ascii	"\245\332\217\317\2008y\321\213\353\014\034\210\0239"
 134      803879D1 
 134      8BEB0C1C 
 134      881339
 135 02e3 A87ABCA7 		.ascii	"\250z\274\247\334\352\031\277G-r\373OV{\253T\227\247"
 135      DCEA19BF 
 135      472D72FB 
 135      4F567BAB 
 135      5497A7
 136 02f6 A2B4C2EB 		.ascii	"\242\264\302\353W\017\361\367\321\343\305\373\012\362"
 136      570FF1F7 
 136      D1E3C5FB 
 136      0AF2
 137 0304 0BF051D1 		.ascii	"\013\360Q\321\345)\251T\375>\027\177\027\227W\226\370"
 137      E529A954 
 137      FD3E177F 
 137      17975796 
 137      F8
 138 0315 3DF92E22 		.ascii	"=\371.\"\227\271OW)~\267\253\332\353\263\226\271\375"
 138      97B94F57 
 138      297EB7AB 
 138      DAEBB396 
 138      B9FD
 139 0327 2E5F4515 		.ascii	"._E\025\232\212\267\274\334\357\256\376\013\027\354"
 139      9A8AB7BC 
 139      DCEFAEFE 
 139      0B17EC
 140 0336 919E     		.ascii	"\221\236"
 141              		.text
 142              		.section	.gnu.lto_flashGetSectorSize.6870c84149843b8f,"",%progbits
 143 0000 789C7D52 		.ascii	"x\234}R[HTQ\024=\373\2363\357\207\371\0232\030\370\221"
 143      5B485451 
 143      143DFB9E 
ARM GAS  /tmp/ccGdyHpn.s 			page 11


 143      33EF87F9 
 143      133218F8 
 144 0015 883F5ECA 		.ascii	"\210?^\312\276\203\310\217\372*\350\263\017\261qb,C"
 144      BE83C88F 
 144      FA2AE8B3 
 144      0FB17162 
 144      2C43
 145 0027 71244821 		.ascii	"q$H!\217\343\244\251\021\222i0\\mJ$\354AE\223\345\244"
 145      8FE3A4A9 
 145      11926930 
 145      5C6D4A24 
 145      EC414593 
 146 003d 36A94D9A 		.ascii	"6\251M\232Y\031=\014\251\300\310\036\230\340\217T\346"
 146      59193D0C 
 146      A9C0C81E 
 146      98E08F54 
 146      E6
 147 004e D43EE75E 		.ascii	"\324>\347^Amh\270s\317\276\373\354\265\366\332\0173"
 147      416D68B8 
 147      73CFBEFB 
 147      ECB5F6DA 
 147      0F33
 148 0060 21A48A11 		.ascii	"!\244\212\021R\210\347v\374\203\231\200\322\362\224"
 148      5288E776 
 148      FC839980 
 148      D2F294
 149 006f 905AABA2 		.ascii	"\220Z\253\242\320\345|\302\355\254\325C\270\223\202"
 149      D0E57CC2 
 149      EDACD543 
 149      B89382
 150 007e 4977B315 		.ascii	"Iw\263\025\303\004 \014n\005R\243Pf\202\0328E\317R\230"
 150      C304200C 
 150      6E0552A3 
 150      5066821A 
 150      3845CF52 
 151 0093 0CDDD068 		.ascii	"\014\335\320h3\325(\001\206\237\013\023\341\217n\361"
 151      33D52801 
 151      869F0B13 
 151      E18F6EF1 
 152 00a3 0990859F 		.ascii	"\011\220\205\237s\363\211\2503\367\022\347A\036?\027"
 152      73F389A8 
 152      33F712E7 
 152      411E3F17 
 153 00b3 B384A3CF 		.ascii	"\263\204\243\317\271M\243\012i\307\360(d\302-\310\024"
 153      B94DA30A 
 153      69C7F028 
 153      64C22DC8 
 153      14
 154 00c4 326E432E 		.ascii	"2nC.\006\267\274\236\277Ji\001\020\264#K\223o\3359\335"
 154      06B7BC9E 
 154      BF4A6901 
 154      10B4234B 
 154      936FDD39 
 155 00d9 1238D24D 		.ascii	"\0228\322M\371f\215R\350\005\272\032\210.\002w \007"
 155      F9668D52 
 155      E805BA1A 
 155      882E0277 
ARM GAS  /tmp/ccGdyHpn.s 			page 12


 155      2007
 156 00eb C33FC483 		.ascii	"\303?\304\203!FwK\350\364\322\317j\003\271\330\221\321"
 156      2146774B 
 156      E8F4D2CF 
 156      6A03B9D8 
 156      91D1
 157 00fd 5DC77769 		.ascii	"]\307wi\224\301\335\365XF\240\017r\004\2407>\323\307"
 157      94C1DDF5 
 157      5846A00F 
 157      7204A037 
 157      3ED3C7
 158 0110 E85E09EE 		.ascii	"\350^\011\356\234\371\334\341\316\356\222\350D\247\247"
 158      9CF9DCE1 
 158      CEEE92E8 
 158      44A7A7
 159 011f AB8E8F72 		.ascii	"\253\216\217r\246Q\023\304\326\342\305\017\303/\326"
 159      A65113C4 
 159      D6E2C50F 
 159      C32FD6
 160 012e BE1A77D1 		.ascii	"\276\032w\321\375\022z\345|m\217\335\200&;2.\030P\005"
 160      FD127AE5 
 160      7C6D8FDD 
 160      80263B32 
 160      2E185005 
 161 0142 FA534267 		.ascii	"\372SBgn&\333\\f\006\003\220\015\367 ;B\211\350\012"
 161      6E26DB5C 
 161      66060390 
 161      0DF7203B 
 161      4289E80A 
 162 0156 3663504C 		.ascii	"6cPL\205\020e\345\346\372\013S\234'\3774`9\233\346\242"
 162      851065E5 
 162      E6FA0B53 
 162      9C27FF34 
 162      60399BE6 
 163 016b C97437A0 		.ascii	"\311t7\240z\263\202/\013\262b\020\216\006\273`A\207"
 163      7AB3822F 
 163      0BB26210 
 163      8E06BB60 
 163      4187
 164 017d D58A2F9B 		.ascii	"\325\212/\233MXv\"\260\016\031\340\004Q\252K\332\204"
 164      4D587622 
 164      B00E19E0 
 164      0451AA4B 
 164      DA84
 165 018f 9CC42C38 		.ascii	"\234\304,8J\036'\2158\011\264\352\342\344\033\004c_"
 165      4A1E278D 
 165      3809B4EA 
 165      E2E41B04 
 165      635F
 166 01a1 BF0C6F14 		.ascii	"\277\014o\024\311\303\024P^\373\211\241g\0261H*\213"
 166      C9C31450 
 166      5EFB89A1 
 166      67163148 
 166      2A8B
 167 01b3 EB1F9A48 		.ascii	"\353\037\232H\230#\320Y\3139\317\322\250=\214-\271/"
 167      9823D059 
 167      CB39CFD2 
ARM GAS  /tmp/ccGdyHpn.s 			page 13


 167      A83D8C2D 
 167      B92F
 168 01c5 8AC1BB97 		.ascii	"\212\301\273\227\015S\357\035\3525\256_\231!\016\021"
 168      0D53EF1D 
 168      EA35AE5F 
 168      99210E11 
 169 01d5 6813A510 		.ascii	"h\023\245\020x\000\252\344\266\351\304\312jbs*b\007"
 169      7800AAE4 
 169      B6E9C4CA 
 169      6A62732A 
 169      6207
 170 01e7 66872183 		.ascii	"f\207!\203x\241\371\314\024 q\213\274r\302\260$\006"
 170      78A1F9CC 
 170      1420718B 
 170      BC72C2B0 
 170      2406
 171 01f9 413C82C4 		.ascii	"A<\202\304s\020\212,\202\316\214\202\024\202\2424\352"
 171      73108A2C 
 171      82CE8C82 
 171      1482A234 
 171      EA
 172 020a 22B310CC 		.ascii	"\"\263\020\314\022^\321\000\274\321\213\233\353\262"
 172      125ED100 
 172      BCD18B9B 
 172      EBB2
 173 0218 EB9196D5 		.ascii	"\353\221\226\325\032L\2514\270\021\004\017SjH\203\204"
 173      1A4CA934 
 173      B811040F 
 173      536A4883 
 173      84
 174 0229 D4A0080D 		.ascii	"\324\240\010\015\217P\303'\010M\017oK\301\234\006\004"
 174      8F50C327 
 174      084D0F6F 
 174      4BC19C06 
 174      04
 175 023a 468D6937 		.ascii	"F\215i7\342\242.\347\3136\327\205\353\337\015\3746D"
 175      E2A22EE7 
 175      CB36D785 
 175      EBDF0DFC 
 175      3644
 176 024c 5BC3D489 		.ascii	"[\303\324\211\230\246_oN[\005\206\201\025\306\020\203"
 176      98A65F6F 
 176      4E5B0586 
 176      8115C610 
 176      83
 177 025d 615ABD11 		.ascii	"aZ\275\021cC^\214\224E\214yt\237k\235\346HR\254\304"
 177      63435E8C 
 177      94458C79 
 177      749F6B9D 
 177      E64852AC 
 178 0272 060CD653 		.ascii	"\006\014\326S\256\225\035\031T4\232\016\217\245p\271"
 178      AE951D19 
 178      54349A0E 
 178      8FA570B9 
 179 0282 61E3281C 		.ascii	"a\343(\034\233\0249$\2734 \272\344\2222\031i\365\030"
 179      9B143924 
 179      BB3420BA 
ARM GAS  /tmp/ccGdyHpn.s 			page 14


 179      E4923219 
 179      69F518
 180 0295 DBD0F383 		.ascii	"\333\320\363\203\352\311\034\353\223\305D\262\377\364"
 180      EAC91CEB 
 180      93C544B2 
 180      FFF4
 181 02a3 281D9EC8 		.ascii	"(\035\236\310TL\244\232\3707\225C\2462\031\2337\013"
 181      544CA49A 
 181      F8379543 
 181      A632199B 
 181      370B
 182 02b5 0AD1FD94 		.ascii	"\012\321\375\224\314c\340\3674=\255\020\272\010\024"
 182      CC63E0F7 
 182      343DAD10 
 182      BA0814
 183 02c4 95D1CBD5 		.ascii	"\225\321\313\325\010bM\307qsA\240\260\371;T\177\331"
 183      08624DC7 
 183      717341A0 
 183      B0F93B54 
 183      7FD9
 184 02d6 119F7A2C 		.ascii	"\021\237z,\340W\013|\201\303\225e\345\252\327_r\240"
 184      E0570B7C 
 184      81C39565 
 184      E5AAD75F 
 184      72A0
 185 02e8 A42CA0EE 		.ascii	"\244,\240\356\024\347\236}\205[\267\344m\301GE\227\277"
 185      14E79E7D 
 185      855BB7E4 
 185      6DC14745 
 185      97BF
 186 02fa A8540D54 		.ascii	"\250T\015Tx\305Yx\260\264(\340\317\363\022V\354;Zn\016"
 186      78C55978 
 186      B0B428E0 
 186      CFF31256 
 186      EC3B5A6E 
 187 030f F8BC9565 		.ascii	"\370\274\225e\025\366b_\300[QR\216&\013\224T\371\376"
 187      15F6625F 
 187      C05B5152 
 187      8E260B94 
 187      54F9FE
 188 0322 026A9688 		.ascii	"\002j\226\210\273"
 188      BB
 189              		.text
 190              		.section	.gnu.lto_.symbol_nodes.6870c84149843b8f,"",%progbits
 191 0000 789C6363 		.ascii	"x\234cc``\310\002b\006\246\255L\365\014\014\023\316"
 191      6060C802 
 191      6206A6AD 
 191      4CF50C0C 
 191      13CE
 192 0012 313000A9 		.ascii	"10\000\251]\015\216@\221mL\365\214\250\"\333\231\352"
 192      5D0D8E40 
 192      916D4CF5 
 192      8CA822DB 
 192      99EA
 193 0024 99504418 		.ascii	"\231PD\030w0\3253\203E\030\030\032\032\034\030\030\230"
 193      7730D533 
 193      83451818 
ARM GAS  /tmp/ccGdyHpn.s 			page 15


 193      1A1A1C18 
 193      1898
 194 0036 81B0A5EB 		.ascii	"\201\260\245\353\351\016f\026\006\206\257/\216\3102"
 194      E90E6616 
 194      0686AF2F 
 194      8EC832
 195 0045 B030327C 		.ascii	"\26002|}\360\217\221\201\205\011B3\000\000\317r\035"
 195      7DF08F91 
 195      81850942 
 195      330000CF 
 195      721D
 196 0057 2B       		.ascii	"+"
 197              		.text
 198              		.section	.gnu.lto_.refs.6870c84149843b8f,"",%progbits
 199 0000 789C6363 		.ascii	"x\234cc```\004b\006\000\000D\000\010"
 199      60606004 
 199      62060000 
 199      440008
 200              		.text
 201              		.section	.gnu.lto_.decls.6870c84149843b8f,"",%progbits
 202 0000 789CA559 		.ascii	"x\234\245Y\013PTW\232\276\347\236\006\232\346\345\200"
 202      0B505457 
 202      9ABEE79E 
 202      069AE6E5 
 202      80
 203 0011 3B656ABB 		.ascii	";ej\273v\263.\251\260\331(1\331\235\314\326nm\215\231"
 203      76B32EA9 
 203      B0D92831 
 203      D99DCCD6 
 203      6E6D8D99 
 204 0025 A0B12A6A 		.ascii	"\240\261*j\012\315L\231\332\335\036\2046\260\203\340"
 204      0ACD4C99 
 204      DADD1E84 
 204      36B083E0 
 205 0035 7637D971 		.ascii	"v7\331q\246v\347\"OA\003\210\012\362R\020#\010\030\020"
 205      A676E722 
 205      4F410388 
 205      0AF25210 
 205      23081810 
 206 0049 E4A120CD 		.ascii	"\344\241 \315K\301\007\210\301\370D@@Q\221\267\274#"
 206      4BC10788 
 206      C1F84440 
 206      405191B7 
 206      BC23
 207 005b FB9F73EE 		.ascii	"\373\237s\356\355\276\335vg\222\331.\017\367\236s\277"
 207      EDBEDD76 
 207      6792D92E 
 207      0FF79E73 
 207      BF
 208 006c F3FFDFFF 		.ascii	"\363\377\337\3778\377\271\347\352\310q\334\317\324\034"
 208      38FFB9E7 
 208      EAC871DC 
 208      CFD41C
 209 007b 37ABE0B8 		.ascii	"7\253\340\270V\304qK\360\203[\256\001\032\271n\207\261"
 209      56C4714B 
 209      F0835BAE 
 209      011AB96E 
ARM GAS  /tmp/ccGdyHpn.s 			page 16


 209      87B1
 210 008d 20688D70 		.ascii	" h\215p?\304\261\037\031\377-\214\355\202\026\001m7"
 210      3FC4B11F 
 210      19FF2D8C 
 210      ED821601 
 210      6D37
 211 009f E25EF9DD 		.ascii	"\342^\371\335\3429\356'p\355\203\346\011m\271(\313\310"
 211      E239EE27 
 211      70ED83E6 
 211      096DB928 
 211      CBC8
 212 00b1 31791F41 		.ascii	"1y\037A\033\200\3737\241\371@\373\015\364\327C\373\275"
 212      1B80FB37 
 212      A1F940FB 
 212      0DF4D743 
 212      FBBD
 213 00c3 A8AB1FDA 		.ascii	"\250\253\037\332\037\340\376w\320@\024\367\357p]\007"
 213      1FE0FE77 
 213      D04014F7 
 213      EF705D07 
 214 00d3 0D8BBAFF 		.ascii	"\015\213\272\377\307\216\336>\000{\311t*\020\323K\270"
 214      C78EDE3E 
 214      007BC974 
 214      2A10D34B 
 214      B8
 215 00e4 FFA3A8F7 		.ascii	"\377\243\250\367}h+\021\323-\351\375_h?\203\366\017"
 215      7D682B11 
 215      D32DE9FD 
 215      5F683F83 
 215      F60F
 216 00f6 D0FE08ED 		.ascii	"\320\376\010\355o\240\011\320\"\2419\210\372\327B\373"
 216      6FA009D0 
 216      22A13988 
 216      FAD742FB 
 217 0106 3B686A68 		.ascii	";hjh\253\240\021\365\273\304k\262\025\227g<\343 \361"
 217      ABA011F5 
 217      BBC46BB2 
 217      1597673C 
 217      E320F1
 218 0119 30727F3E 		.ascii	"0r\177>\017[\034\376R\306!B\274\246[q8\210Qgti\026N"
 218      0F5B1CFE 
 218      52C62142 
 218      BCA65B71 
 218      38885167 
 219 0131 C4C85385 		.ascii	"\304\310S\205\024\320\035\277\226\321\357\016\335\345"
 219      14D01DBF 
 219      96D1EF0E 
 219      DDE5
 220 013f 2AF43A74 		.ascii	"*\364:tS\226\362\273\2341\217\010r$z\260\327\205!W@"
 220      5396F2BB 
 220      9C318F08 
 220      72247AB0 
 220      D7852157 
 221 0154 F750E577 		.ascii	"\367P\345w=\316\330\221>\352n-,\"B\336T!\222\036\036"
 221      3DCED891 
 221      3EEA6E2D 
 221      2C2242DE 
ARM GAS  /tmp/ccGdyHpn.s 			page 17


 221      5421921E 
 222 0169 30F4F570 		.ascii	"0\364\365p\315\234\033\033\"\210K\245\035K\030{\322"
 222      CD9C1B1B 
 222      22884BA5 
 222      1D4B187B 
 222      D2
 223 017a FBC3A5D3 		.ascii	"\373\303\245\323o\255.\026\330OY\2049t\016a\211\317"
 223      6FAD2E16 
 223      D84F5984 
 223      39740E61 
 223      89CF
 224 018c 8DA4897C 		.ascii	"\215\244\211|'\374o\004\310\367\334Y\270\357\216T>\361"
 224      27FC6F04 
 224      C8F7DC59 
 224      B8EF8E54 
 224      3EF1
 225 019e 82B04738 		.ascii	"\202\260G8\026%8\177\304\241\012\244F\345H\315\241\013"
 225      1625387F 
 225      C4A10AA4 
 225      46E548CD 
 225      A10B
 226 01b0 C887083F 		.ascii	"\310\207\010?\217Vs\250\006\006\253a\360+\"\321\270"
 226      8F5673A8 
 226      0606AB61 
 226      F02B22D1 
 226      B8
 227 01c1 94F5AF47 		.ascii	"\224\365\257G&\004\341uT\207T\250\026a\212\001\007\274"
 227      2604E175 
 227      548754A8 
 227      16618A01 
 227      07BC
 228 01d3 A9622A0A 		.ascii	"\251b*\012\363S\362\034\361!Du\234\317\034l\341\355"
 228      F353F21C 
 228      F1214475 
 228      9CCF1C6C 
 228      E1ED
 229 01e5 E968B0AB 		.ascii	"\351h\260\253c\246h\345\305\030A\340\221\021t\324\233"
 229      63A668E5 
 229      C51841E0 
 229      911174D4 
 229      9B
 230 01f6 75804AA6 		.ascii	"u\200J\246d\251\373\2336G\327\004\223T\012\224\004s"
 230      64A9FB9B 
 230      3647D704 
 230      93540A94 
 230      0473
 231 0208 A811B98A 		.ascii	"\250\021\271\212\006\227\227\325]\346\025<\033Ca\012"
 231      069797D5 
 231      5DE6153C 
 231      1B43610A 
 232 0218 32B6D0B7 		.ascii	"2\266\320\267\357\274\023\035\323\270\242&D\307Z\226"
 232      EFBC131D 
 232      D3B8A226 
 232      44C75A96 
 233 0228 668C1ECC 		.ascii	"f\214\036\314\375<\361\323\330\325l\027\026\250e\304"
 233      FD3CF1D3 
 233      D8D56C17 
ARM GAS  /tmp/ccGdyHpn.s 			page 18


 233      16A865C4 
 234 0238 DD310385 		.ascii	"\3351\003\205J\350\252!\002H\346~5s\377TB\314\014\011"
 234      4AE8AA21 
 234      0248E67E 
 234      3573FF54 
 234      42CC0C09 
 235 024c D0672AE4 		.ascii	"\320g*\344\004\335\023\331\3317\234p\003\365\000\352"
 235      04DD13D9 
 235      D9379C70 
 235      03F500EA 
 236 025c 2DBAF1DC 		.ascii	"-\272\361\334\015\224\241\313`F\033a\007\203\003\013"
 236      0D94A1CB 
 236      60461B61 
 236      0783030B 
 237 026c 25E7DCD9 		.ascii	"%\347\334\331\004G\350f\246\366\345\271\340{l\302\301"
 237      0447E866 
 237      A6F6E5B9 
 237      E07B6CC2 
 237      C1
 238 027d A1624782 		.ascii	"\241bG\202\277\006\370\253`\321\025F\260-\377\334\242"
 238      BF06F8AB 
 238      60D11546 
 238      B02DFFDC 
 238      A2
 239 028e 2B9BE200 		.ascii	"+\233\342\000\335\264\324\251}\316x\202My\366\240\352"
 239      DDB4D4A9 
 239      7DCE7882 
 239      4D79F6A0 
 239      EA
 240 029f 80039973 		.ascii	"\200\003\231s\035\346t\300\234v6G\312\276\317X\366E"
 240      1DE674C0 
 240      9C763647 
 240      CABECF58 
 240      F645
 241 02b1 D7E725BB 		.ascii	"\327\347%\273\343\030\226oQUy\003T\31770\347\006\314"
 241      E318966F 
 241      51557903 
 241      54CF3730 
 241      E706CC
 242 02c4 E964731A 		.ascii	"\351ds\032{\253\352\\p\032\003E&5V\020\357\241\233\000"
 242      7BABEA5C 
 242      701A0345 
 242      26355610 
 242      EFA19B00 
 243 02d8 7A5B8DBA 		.ascii	"z[\215\272,\235\365\031sVl\347T\272\007.bS\232\333\016"
 243      2C9DF519 
 243      73566CE7 
 243      54BA072E 
 243      62539ADB 
 244 02ed CD532EB7 		.ascii	"\315S.\267a\312-\220\373-\233\223;\177d\336\021\327"
 244      61CA2D90 
 244      FB2D9B93 
 244      3B7F64DE 
 244      11D7
 245 02ff 32D0B373 		.ascii	"2\320\263sq\277#\230\273\200\371{5\272\303 y7R\277s"
 245      71BF2398 
 245      BB80F97B 
ARM GAS  /tmp/ccGdyHpn.s 			page 19


 245      35BAC320 
 245      793752BF 
 246 0314 C51D0C92 		.ascii	"\305\035\014\222\336\224\265\017\023\314}\300\274\245"
 246      DE94B50F 
 246      13CC7DC0 
 246      BCA5
 247 0322 46F72886 		.ascii	"F\367(\206\317\2509\334\352\200\224>\261$\364BT$^\301"
 247      CFA839DC 
 247      EA80943E 
 247      B124F442 
 247      54245EC1 
 248 0336 A1F7D4E8 		.ascii	"\241\367\324\350\035\022\365\007HI\022\005\365@^u#\005"
 248      1D12F507 
 248      48491205 
 248      F5405E75 
 248      2305
 249 0348 6A05ED97 		.ascii	"j\005\355\227\3149u\357\355\254Z\222\267\000\343\304"
 249      CC3975EF 
 249      EDAC5A92 
 249      B700E3C4 
 250 0358 841293E4 		.ascii	"\204\022\223\344\326\327\213-N8\037\323\224\035h)O\265"
 250      D6D78B2D 
 250      4E381FD3 
 250      941D6829 
 250      4FB5
 251 036a AD013D04 		.ascii	"\255\001=\004\301\337\257\344Q\266#,:\324\007\240^s"
 251      C1DFAFE4 
 251      51B6232C 
 251      3AD407A0 
 251      5E73
 252 037c DA128D54 		.ascii	"\332\022\215TQ\316\205\366\002\207\025\207\01149JX\306"
 252      51CE85F6 
 252      02871587 
 252      0934394A 
 252      58C6
 253 038e 53E04590 		.ascii	"S\340E\220\320B\323\266\037\255\200\277\315H\301\320"
 253      D042D3B6 
 253      1FAD80BF 
 253      CD48C1D0 
 254 039e A5051357 		.ascii	"\245\005\023W\221<\311\341\271,\311\007LI.e\253'\313"
 254      913CC9E1 
 254      B92CC907 
 254      4C492E65 
 254      AB27CB
 255 03b1 D69AF9FA 		.ascii	"\326\232\371\372\023*|\206\232\203\026\252\306\322\035"
 255      132A7C86 
 255      9A8316AA 
 255      C6D21D
 256 03c0 710BB32D 		.ascii	"q\013\263-\251\364e\213\243\275\345\370\304\356r\234"
 256      A9F4658B 
 256      A3BDE5F8 
 256      C4EE729C 
 257 03d0 CE590EAE 		.ascii	"\316Y\016\256@h\010\026\331c\263YFi5\036\237\217?\314"
 257      40680816 
 257      D963B359 
 257      4669351E 
 257      9F8F3FCC 
ARM GAS  /tmp/ccGdyHpn.s 			page 20


 258 03e4 161941B0 		.ascii	"\026\031A\260EV\221:P\353,-\262\247,\3005Ku3\330\276"
 258      4556913A 
 258      50EB2C2D 
 258      B2A72CC0 
 258      354B7533 
 259 03fa F9C3D4FC 		.ascii	"\371\303\324\374g\222\371#\343\225wx\271\371\303\026"
 259      6792F923 
 259      E3957778 
 259      B9F9C316 
 260 040a E63F3799 		.ascii	"\346?7\231_\327q\247\321\021w1{O\027/\224\252$\275\214"
 260      5FD771A7 
 260      D1117731 
 260      7B4F172F 
 260      94AA24BD 
 261 041f CAFE27C6 		.ascii	"\312\376'\306\211\357Q;F\325\216Jj\363[z.Z\224\2261"
 261      89EF513B 
 261      46D58E4A 
 261      6AF35B7A 
 261      2E5A9496 
 262 0434 0BB5E326 		.ascii	"\013\265\343&\265\031\347\247.;0\257+\211\023\272\007"
 262      B519E7A7 
 262      2E3B30AF 
 262      2B8913BA 
 262      07
 263 0445 DADCF000 		.ascii	"\332\334\360\000cQa\234,Q\340a\346\365\262\222\201\377"
 263      6351619C 
 263      2C51E061 
 263      E6F5B292 
 263      81FF
 264 0457 443E2AA9 		.ascii	"D>*\251|\256\216\211#\245m\032\\5ev\246\232\370\222"
 264      7CAE8E89 
 264      23A56D1A 
 264      5C356576 
 264      A69AF892 
 265 046b C645382E 		.ascii	"\306E8.\310r\356\005DE-FE\3125Re\217\0264\273\341i\246"
 265      C872EE05 
 265      44452D46 
 265      45CA3552 
 265      658F1634 
 266 0483 E041C968 		.ascii	"\340A\311h;6i\200\342YN\213\347\034h\2301k\230FvT\314"
 266      3B366980 
 266      E2594E8B 
 266      E71C6898 
 266      316B9846 
 267 049a DA5631F7 		.ascii	"\332V1\367\270QP\250D|\374\237\306_\357(\031\265\210"
 267      B85150A8 
 267      447CFC9F 
 267      C65FEF28 
 267      19B588
 268 04ad D7BC454D 		.ascii	"\327\274EM^09\256\243\2666\307\225\206h\301T\223\245"
 268      5E3039AE 
 268      A3B636C7 
 268      958668C1 
 268      5493A5
 269 04c0 3D6EDBAB 		.ascii	"=n\333\253{\3346Vd\363\347F\253\\\361Kf\361\265\353"
 269      7BDC3656 
 269      64F3E746 
ARM GAS  /tmp/ccGdyHpn.s 			page 21


 269      AB5CF14B 
 269      66F1B5EB 
 270 04d4 33E794F6 		.ascii	"3\347\224\366\0229\222\367!\223(\277\2270\370\235)\221"
 270      123992F7 
 270      219328BF 
 270      9730F89D 
 270      2991
 271 04e6 47E3FFB6 		.ascii	"G\343\377\266\372q\242 (\220\300\223Rn\362\31561\223"
 271      FA71A220 
 271      2890C093 
 271      526EF2CD 
 271      363193
 272 04f9 AF9F68BA 		.ascii	"\257\237h\272\354N\251\021\300\"K\333\363\345G\252\025"
 272      EC4EA911 
 272      C0224BDB 
 272      F3E547AA 
 272      15
 273 050a B85A4135 		.ascii	"\270ZA5\327w]\035\264\273k\306\360vw\264{\3369]\244"
 273      D7775D1D 
 273      B4BB6BC6 
 273      F07677B4 
 273      7BDE395D 
 274 051f FA4483DC 		.ascii	"\372D\203\334(\376\3255tW\2509\250\240\232\011b\017"
 274      28FED535 
 274      7457A839 
 274      A8A09A09 
 274      620F
 275 0531 4F354F1C 		.ascii	"O5O\034I=\355&%s,\0333\326u_\363\260\237\315\361<\311"
 275      493DED26 
 275      25732C1B 
 275      33D6755F 
 275      F3B09FCD 
 276 0548 E6385ECC 		.ascii	"\3468^\314\346\324\273\023=n\362\240\300sYP\366\362"
 276      E6D4BB13 
 276      3D6EF2A0 
 276      C0735950 
 276      F6F2
 277 055a 52504662 		.ascii	"RPFb\317u\273\343K\324Ht\252\242\370+\017\371\2549\213"
 277      CF75BBE3 
 277      4BD44874 
 277      AAA2F82B 
 277      0FF9AC39 
 278 056f 50269A66 		.ascii	"P&\232fu$&U+)A\030\023C\371xj\360\244\243\311\207\373"
 278      75242655 
 278      2B294118 
 278      1343F978 
 278      6AF0A4A3 
 279 0586 18EBEEDB 		.ascii	"\030\353\356\333I\231\310d\336~6xs6\347\237%\353\276"
 279      4999C864 
 279      DE7E3678 
 279      7336E79F 
 279      25EBBE
 280 0599 64434F93 		.ascii	"dCO\223N\214:\332\267.\231Z\227$Y\227p\345Z\236\223"
 280      4E8C3ADA 
 280      B72E995A 
 280      97245997 
 280      70E55A9E 
ARM GAS  /tmp/ccGdyHpn.s 			page 22


 281 05ae 9C67B285 		.ascii	"\234g\262\205u)&\236\351\235\375Sn\370\252\302^\211"
 281      7529269E 
 281      E99DFD53 
 281      6EF8AAC2 
 281      5E89
 282 05c0 E82A1B6D 		.ascii	"\350*\033m\347\361=\366\274\375yn\020\356g\367\223\205"
 282      E7F13DF6 
 282      BCFD796E 
 282      10EE67F7 
 282      9385
 283 05d2 27523CF0 		.ascii	"'R<\360\030\353L\245\336\355q\307\263\254S5RT\345\306"
 283      18EB4CA5 
 283      DEED71C7 
 283      B3AC5335 
 283      5254E5C6 
 284 05e6 5E118C74 		.ascii	"^\021\214t\367\212\274y\305\015/\321\207\212\271\262"
 284      F78ABC79 
 284      C50D2FD1 
 284      878AB9B2 
 285 05f6 A2648CBC 		.ascii	"\242d\214\274\274\275}R\250)\320 \227P:\257F\023\224"
 285      BCBD7D52 
 285      A829D020 
 285      97503AAF 
 285      461394
 286 0609 5A06EF45 		.ascii	"Z\006\357E\267\221l\310\230,\336\033e\362\336t7\312"
 286      B7916CC8 
 286      982CDE1B 
 286      65F2DE74 
 286      37CA
 287 061b 23B6181F 		.ascii	"#\266\030\037\024x\036\217\022Z\337\241\2575G [\010"
 287      14781E8F 
 287      125ADFA1 
 287      AF354720 
 287      5B08
 288 062d DC9465BE 		.ascii	"\334\224e\276D@\005\021#\302\347\377:C0Fc\352\3324\233"
 288      44400511 
 288      23C2E7FF 
 288      3A433046 
 288      63EADA34 
 289 0642 E83504CC 		.ascii	"\3505\004\3142\361\301Q\317HR\314\001d\265\015\366\336"
 289      32F1C151 
 289      CF4852CC 
 289      0164B50D 
 289      F6DE
 290 0654 AE6BF6C0 		.ascii	"\256k\366\300\321\0164\317\363\352\323\247\021\362\361"
 290      D10E34CF 
 290      F3EAD3A7 
 290      11F2F1
 291 0663 12F7B502 		.ascii	"\022\367\265\002\272\257\035\003\3019\346\344%\"8\316"
 291      BAAF1D03 
 291      C139E6E4 
 291      252238CE 
 292 0673 A685E828 		.ascii	"\246\205\350(\030f\317HR \353\343\0168x\211S\343\355"
 292      1866CF48 
 292      5220EBE3 
 292      0E387889 
 292      53E3ED
ARM GAS  /tmp/ccGdyHpn.s 			page 23


 293 0686 4EE5ACE7 		.ascii	"N\345\254\347\225\235y\222\253\224G<Wf+\207\362L\021"
 293      959D7992 
 293      AB94473C 
 293      57662B87 
 293      F24C11
 294 0699 BFD99A39 		.ascii	"\277\331\2329\343\204s\2501\350Jt^\277\013.f\235\261"
 294      E38473A8 
 294      31E84A74 
 294      5EBF0B2E 
 294      669DB1
 295 06ac BDF70E60 		.ascii	"\275\367\016`\\\311:\325u\317\337e5\\\015\275s\335\343"
 295      5CC93AD5 
 295      75CFDF65 
 295      355C0DBD 
 295      73DDE3
 296 06bf 46F1B5AF 		.ascii	"F\361\265\257\027\336\363\234\263.\227\267:!oo\010\244"
 296      17DEF39C 
 296      B32E97B7 
 296      3A216F6F 
 296      08A4
 297 06d1 B78FB737 		.ascii	"\267\217\2677\363\366H\241,8'\300\033\247l\273[\014"
 297      F3F648A1 
 297      2C3827C0 
 297      1BA76CBB 
 297      5B0C
 298 06e3 65D18A7C 		.ascii	"e\321\212|\212\006j\350\2605\232%\003\213\245\205\037"
 298      8A066AE8 
 298      B0359A25 
 298      038BA585 
 298      1F
 299 06f4 4F8233BE 		.ascii	"O\2023\276\342\311\303S\242\023O\203W\012\300\031E\320"
 299      E2C9C353 
 299      A2134F83 
 299      570AC019 
 299      45D0
 300 0706 8AA11542 		.ascii	"\212\241\025B+\201\3665\264R\213\354i?%#\230o\223\240"
 300      2B81F635 
 300      B4528BEC 
 300      693F2523 
 300      986F93A0 
 301 071a 3C7B9EBE 		.ascii	"<{\236\276\305\262\207\354\335\307m\023\224\331s\371"
 301      C5B287EC 
 301      DDC76D13 
 301      94D973F9 
 302 072a 6D8626B2 		.ascii	"m\206&\262\017Y\243\007\221U\262\265\027\262d;e\231"
 302      0F59A307 
 302      9155B2B5 
 302      17B2643B 
 302      6599
 303 073c 6C4CD474 		.ascii	"lL\324t\361r\306\223\324\216\203\266e\311\211~[b\265"
 303      F172C693 
 303      D48E83B6 
 303      65C9897E 
 303      5B62B5
 304 074f 2A2CF095 		.ascii	"*,\360\225f\335t\015_\214\341q\003\313\345\221\306\371"
 304      66DD740D 
 304      5F8CE171 
ARM GAS  /tmp/ccGdyHpn.s 			page 24


 304      03CBE591 
 304      C6F9
 305 0761 D74CA9FC 		.ascii	"\327L\251\374\240\204\246r9\314-3\247\362\251WSY\012"
 305      A084A672 
 305      39CC2D33 
 305      A7F2A957 
 305      53590A
 306 0774 013A039E 		.ascii	"\001:\003\236\3771Q\000\365\263{\222\232T\226\351mK"
 306      FF315100 
 306      F5B37B92 
 306      9A5496E9 
 306      6D4B
 307 0786 1CF74364 		.ascii	"\034\367Cd\225\337<\363P!O\371\012\213\224?kJ\3713i"
 307      95DF3CF3 
 307      50214FF9 
 307      0A8B943F 
 307      6B4AF933 
 308 079b F51FC84B 		.ascii	"\365\037\310K'<\221\225\316JZ:S\245\322\231X\236\367"
 308      273C9195 
 308      CE4A5A3A 
 308      53A5D299 
 308      589EF7
 309 07ae 07B9D04A 		.ascii	"\007\271\320J\213\312Ye\022z\372\306\320\013\036w\261"
 309      8BCA5965 
 309      127AFAC6 
 309      D00B1E77 
 309      B1
 310 07bf D55278B5 		.ascii	"\325Rx\265\373$\302\003\254#\035f=\331a\366\364"
 310      FB24C203 
 310      AC231D66 
 310      3DD961F6 
 310      F4
 311 07d0 507D968A 		.ascii	"P}\226\212\255\035\201\234\012\272\216\265w`<N\261\252"
 311      AD1D819C 
 311      0ABA8EB5 
 311      77603C4E 
 311      B1AA
 312 07e2 0B4F725A 		.ascii	"\013OrZ\020,$o\272\220\274\304\225\364\364\237X.\221"
 312      102C246F 
 312      BA90BCC4 
 312      95F4F49F 
 312      582E91
 313 07f5 7DA21A62 		.ascii	"}\242\032b\321\362}\013\351:\202\310CEG\011\326\310"
 313      D1F27D0B 
 313      E93A82C8 
 313      43454709 
 313      D6C8
 314 0807 57729442 		.ascii	"Wr\224B\341E\015\215 +\350\240M(\274J\242G\266\241\362"
 314      E1450D8D 
 314      202BE8A0 
 314      4D28BC4A 
 314      A247B6A1 
 315 081c FCA358F0 		.ascii	"\374\243X\360\014:`\223\353+P\"\266\326\032Z)\023+\326"
 315      0C3A6093 
 315      EB2B5022 
 315      B6D61A5A 
 315      29132BD6 
ARM GAS  /tmp/ccGdyHpn.s 			page 25


 316 0830 D69A6574 		.ascii	"\326\232et\215\264\330Z##5\216\314G\260S\243Ik\216v"
 316      8DB4D85A 
 316      2323358E 
 316      CC47B053 
 316      A3496B8E 
 317 0845 CBC77948 		.ascii	"\313\307yH\266s$\331jD\375$w\233 \361\352 \267\032\240"
 317      B67324D9 
 317      6A44FD24 
 317      779B20F1 
 317      EA20B71A 
 318 085a 5D80D60C 		.ascii	"]\200\326\014\255\036\232\021\332Eh\215\026U\204\232"
 318      AD1E9A11 
 318      DA45688D 
 318      1655849A 
 319 086a 00670C54 		.ascii	"\000g\014Te\255\325r\245\365\304t\036t\266Lu[\332\271"
 319      65ADD572 
 319      A5F5C474 
 319      1E74B64C 
 319      755BDAB9 
 320 087e 1FA49A1C 		.ascii	"\037\244\232\034\306\246.WX\274\261\\\262H\367VSfvg"
 320      C6A62E57 
 320      58BCB15C 
 320      B248F756 
 320      53667667 
 321 0892 8F4E2AF0 		.ascii	"\217N*\360K\226\214\211\231C\325\2168\232}0\271\320"
 321      4B968C89 
 321      9943D58E 
 321      389A7D30 
 321      B9D0
 322 08a4 DA90C8CE 		.ascii	"\332\220\310\316\334<=\017S\370B\327$T\204d\206\210"
 322      DC3C3D0F 
 322      53F842D7 
 322      24548464 
 322      8688
 323 08b6 8F695E43 		.ascii	"\217i^C\000Wyv\370\275\302\336>&\367w\2268\343\014\206"
 323      00577976 
 323      F8BDC2DE 
 323      3E26F777 
 323      9638E30C 
 324 08cb E94B6A1E 		.ascii	"\351Kj\036\244R\340\315\200\034~\2571L\312l\\\255+>"
 324      A452E0CD 
 324      801C7EAF 
 324      314CCA6C 
 324      5CAD2B3E 
 325 08df C130D509 		.ascii	"\3010\325\011\247\277\364\240'o\236\235v;\030h1\263"
 325      A7BFF4A0 
 325      276F9E9D 
 325      763B1868 
 325      31B3
 326 08f1 EBB60B2E 		.ascii	"\353\266\013.c\240+-\363\223\364H|\203\247\307\335N"
 326      63A02B2D 
 326      F393F448 
 326      7C83A7C7 
 326      DD4E
 327 0903 8629BE72 		.ascii	"\206)\276r\262\312\031\3272\314\343\231\310\353\364"
 327      B2CA19D7 
 327      32CCE399 
ARM GAS  /tmp/ccGdyHpn.s 			page 26


 327      C8EBF4
 328 0912 38DEC5D3 		.ascii	"8\336\305\323\343\3567\024\303\237\275rf\336\331\316"
 328      E3EE3714 
 328      C39FBD72 
 328      66DED9CE 
 329 0922 71F75B9E 		.ascii	"q\367[\236\235DoAXo\362\326'\321\227\031j\232U\200\262"
 329      9D446F41 
 329      586FF2D6 
 329      27D19719 
 329      6A9A5580 
 330 0937 DAE60F56 		.ascii	"\332\346\017V\307=Q\3416\252\227\357\233mhV\"\037\245"
 330      C73D51E1 
 330      36AA97EF 
 330      9B6D6856 
 330      221FA5
 331 094a 78D0CBA4 		.ascii	"x\320\313\244\265\361.H\276m\256\215D\004\307\3318\017"
 331      B5F12E48 
 331      BE6DAE8D 
 331      4404C7D9 
 331      380F
 332 095c DF01CDF6 		.ascii	"\337\001\315\366X\300K\320\365g\207\005W\004\253\335"
 332      58C04BD0 
 332      F5678705 
 332      5704ABDD 
 333 096c 876554E3 		.ascii	"\207eT\343\277\244\013\306HL\305\267\201\370\373\020"
 333      BFA40BC6 
 333      484CC5B7 
 333      81F8FB10 
 334 097c 585192AF 		.ascii	"XQ\222\257\235<6\2770\335\027\223\370\001\350\351\206"
 334      9D3C36BF 
 334      30DD1793 
 334      F801E8E9 
 334      86
 335 098d 8CB96791 		.ascii	"\214\271g\221\254/\317\253\331\326\000\351\201\316\""
 335      AC2FCFAB 
 335      D9D600E9 
 335      81CE22
 336 099c 26DBEE2B 		.ascii	"&\333\356+\320\310y\266+\335\177\345\025(z\272,\322"
 336      D0C879B6 
 336      2BDD7FE5 
 336      15287ABA 
 336      2CD2
 337 09ae 05DF62BE 		.ascii	"\005\337b\276\231I\273Y\345\204\274l\277\302\241> b"
 337      9949BB59 
 337      E584BC6C 
 337      BFC2A13E 
 337      2062
 338 09c0 8F94B8F9 		.ascii	"\217\224\270\371\325Ro\366\002\250\307\354\315\373t"
 338      D5526FF6 
 338      02A8C7EC 
 338      CDFB74
 339 09cf A721F5B3 		.ascii	"\247!\365\263-\366\250\203<\321{-\022\375!Ktr\005\360"
 339      2DF6A883 
 339      3CD17B2D 
 339      12FD214B 
 339      747205F0 
 340 09e3 745B5A91 		.ascii	"t[Z\221\033\356c\3042\346j\233\354~U\033\264{\006Y\352"
ARM GAS  /tmp/ccGdyHpn.s 			page 27


 340      1BEE63C4 
 340      32E66A9B 
 340      EC7E551B 
 340      B47B0659 
 341 09f8 C6734D09 		.ascii	"\306sM\011\344\3643\000\005\267\337\372\020BF\311;P"
 341      E4F43300 
 341      05B7DFFA 
 341      104246C9 
 341      3B50
 342 0a0a 435DBD4B 		.ascii	"C]\275K\017\352F\344\005y\0315\007!\366\027\256\244"
 342      0FEA46E4 
 342      05791935 
 342      0721F617 
 342      AEA4
 343 0a1c D1FE92F4 		.ascii	"\321\376\222\364Cl\034Fyv\021\241\244#MA\246\021^\224"
 343      436C1C46 
 343      797611A1 
 343      A4234D41 
 343      A6115E94 
 344 0a30 C14B72E9 		.ascii	"\301Kr\351?Q\000\222Ke\317\231:\351\3071<\343c\236\307"
 344      3F510092 
 344      4B65CF99 
 344      3AE9C731 
 344      3CE3639E 
 345 0a45 8678B332 		.ascii	"\206x\2632\331\224W\270r\246\307&Rf#\221\230\007'\263"
 345      D99457B8 
 345      72A6C726 
 345      52662391 
 345      980727B3 
 346 0a59 8E38F4A2 		.ascii	"\2168\364\242\007\360\3603\216KV\206\261O[\363\227\004"
 346      07F0F033 
 346      8E4B5686 
 346      B14F5BF3 
 346      9704
 347 0a6b 252E7362 		.ascii	"%.sb+\277\341\202\021\323C\304C\323\311\247\376\341"
 347      2BBFE182 
 347      11D343C4 
 347      43D3C9A7 
 347      FEE1
 348 0a7d 853937FB 		.ascii	"\20597\373\207\227\247t\007~\"\355\300\225\015\367/"
 348      8797A774 
 348      077E22ED 
 348      C0950DF7 
 348      2F
 349 0a8e AA561E13 		.ascii	"\252V\036\023\216\365\012\306K\263x\341\302\220 \250"
 349      8EF50AC6 
 349      4BB378E1 
 349      C29020A8 
 350 0a9e 14048586 		.ascii	"\024\004\205\206\314\261\201[\370\373\230\357E\350\021"
 350      CCB1815B 
 350      F8FB98EF 
 350      45E811
 351 0aad DF03849E 		.ascii	"\337\003\204\236\361+I\001\313\272\233\353\206\367("
 351      F12B4901 
 351      CBBA9BEB 
 351      86F728
 352 0abc 91BDEF2F 		.ascii	"\221\275\357/\271\247\343\222\234L\374\236\263\222\323"
ARM GAS  /tmp/ccGdyHpn.s 			page 28


 352      B9A7E392 
 352      9C4CFC9E 
 352      B392D3
 353 0acb 3FB167D1 		.ascii	"?\261g\321\342\354HN\014f\202\243\224\340\210D\360l"
 353      E2EC484E 
 353      0C6682A3 
 353      94E08844 
 353      F06C
 354 0add 46F63E0F 		.ascii	"F\366>\017\221\340\243\214eyQB\201@\216\260\000C\303"
 354      91E0A38C 
 354      65795142 
 354      81408EB0 
 354      0043C3
 355 0af0 6686C3D6 		.ascii	"f\206\303\326\014\307(\303\304\222\214B%N\373\241\014"
 355      0CC728C3 
 355      C4928C42 
 355      254EFBA1 
 355      0C
 356 0b01 2718C36F 		.ascii	"'\030\303o\363j\316\362r\206\344]\317\314p\2122\234"
 356      F36ACEF2 
 356      7286E45D 
 356      CFCC708A 
 356      329C
 357 0b13 941866DE 		.ascii	"\224\030f\336[\332\353*2\034\311^\236+1\004\030\032"
 357      5BDAEB2A 
 357      321CC95E 
 357      9E2B3104 
 357      181A
 358 0b25 37331CB7 		.ascii	"73\034\267f\370\2022\314H\336\333\352\216O1\206\371"
 358      66F88232 
 358      CC48DEDB 
 358      EA8E4F31 
 358      86F9
 359 0b37 ED5F2D7A 		.ascii	"\355_-zP6dq0\206}=\207b,\310\374\346\2472.\263\224\313"
 359      50366471 
 359      30867D3D 
 359      87622CC8 
 359      FCE6A732 
 360 0b4f 8CC4A5E2 		.ascii	"\214\304\245\342vs\251\022\270\364\222\357\014_:$$\306"
 360      7673A912 
 360      B8F492EF 
 360      0C5F3A24 
 360      24C6
 361 0b61 EE177211 		.ascii	"\356\027r\021\205\241i3\227i\236}\214Gs\224CrJE\241"
 361      85A16933 
 361      97699E7D 
 361      8C477394 
 361      43724A45 
 362 0b76 BB5404E2 		.ascii	"\273T\004\342\355}\343C\363\264\010,M>M\2618\226\317"
 362      ED7DE343 
 362      F3B4082C 
 362      4D3E4DB1 
 362      3896CF
 363 0b89 5ABCB42D 		.ascii	"Z\274\264-\210\025c\201\202\0232\21649\340yf\335\327"
 363      88156381 
 363      8213328E 
 363      3439E079 
ARM GAS  /tmp/ccGdyHpn.s 			page 29


 363      66DDD7
 364 0b9c C59D19C4 		.ascii	"\305\235\031\304QFp\324\255B\207\234\232\322\316Hay"
 364      514670D4 
 364      AD42879C 
 364      9AD2CE48 
 364      6179
 365 0bae B43395B0 		.ascii	"\2643\225\260hf\267h\355\251\357(\313\023\003/\206x"
 365      6866B768 
 365      EDA9EF28 
 365      CB13032F 
 365      8678
 366 0bc0 394B9B6F 		.ascii	"9K\233o\213\350%U\234\371|\330 \307\332<\241\241%\212"
 366      8BE82555 
 366      9CF97CD8 
 366      20C7DA3C 
 366      A1A1258A 
 367 0bd4 35F6CC45 		.ascii	"5\366\314E\273\250\342M\340?\361-\005\011\230\224\250"
 367      BBA8E24D 
 367      E03FF12D 
 367      05099894 
 367      A8
 368 0be5 EEBA9A58 		.ascii	"\356\272\232Xw\333\263l\375\237\002\212\244\263^T\336"
 368      77DBB36C 
 368      FD9F028A 
 368      A4B35E54 
 368      DE
 369 0bf6 49C1B8C3 		.ascii	"I\301\270\303\231:\244\377\344\3134G\366\362\372\027"
 369      993AA4FF 
 369      E4CB3447 
 369      F6F2FA17 
 370 0c06 64E32F38 		.ascii	"d\343/8\223\243d/\257\005\344\003\177\356\265\311\303"
 370      93A3642F 
 370      AF05E403 
 370      7FEEB5C9 
 370      C3
 371 0c17 2ADCCDB0 		.ascii	"*\334\315\260\343\213\331U\316\014\273\034\272B\303"
 371      E38BD955 
 371      CE0CBB1C 
 371      BA42C3
 372 0c26 E8A007D1 		.ascii	"\350\240\007\321.\210Q\360\224\177\033\211\303PKa\307"
 372      2E8851F0 
 372      947F1B89 
 372      C3504B61 
 372      C7
 373 0c37 41B158CD 		.ascii	"A\261X\315\276q\324\315\273\342GT\222\2428\352\324\230"
 373      BE71D4CD 
 373      BBE24754 
 373      92A238EA 
 373      D498
 374 0c49 02F9A811 		.ascii	"\002\371\250\021\300\021\373\\G\376\223\206C\373\260"
 374      C011FB5C 
 374      47FE9386 
 374      43FBB0
 375 0c58 0AC5632C 		.ascii	"\012\305c,nD\\\006\274H\011c\177$\303p\257\244W\033"
 375      6E445C06 
 375      BC480963 
 375      7F24C370 
ARM GAS  /tmp/ccGdyHpn.s 			page 30


 375      AFA4571B 
 376 0c6c 1FEEF662 		.ascii	"\037\356\366b\037\372\210C\211X\215\022\230\302\221"
 376      1FFA8843 
 376      89588D12 
 376      98C291
 377 0c7b A37D71EE 		.ascii	"\243}q\356\236\311\342\236\365\013DeG\303\363(L\370"
 377      9EC9E29E 
 377      F50B4465 
 377      47C3F328 
 377      4CF8
 378 0c8d EDC79E12 		.ascii	"\355\307\236\022Kz\236\316j\235s\266\365\221\317\246"
 378      4B7A9ECE 
 378      6A9D73B6 
 378      F591CFA6 
 379 0c9d ECE1A4D3 		.ascii	"\354\341\244\323\343nr\331_~\237l\343\330\331\\\376"
 379      E36E72D9 
 379      5F7E9F6C 
 379      E3D8D95C 
 379      FE
 380 0cae 8DE3C275 		.ascii	"\215\343\302u#-p5\375\321Bd,l\273I\330\023\305`L\352"
 380      232D7035 
 380      FDD14264 
 380      2C6CBB49 
 380      D813C560 
 381 0cc4 846CF21E 		.ascii	"\204l\362\036\030\371\017x\001J\306o\300\334\332\246"
 381      18F90F78 
 381      014AC66F 
 381      C0DCDAA6 
 382 0cd4 9CE7083F 		.ascii	"\234\347\010?c\001\230\252\211\235\027O\032^\320m\333"
 382      630198AA 
 382      899D174F 
 382      1A5ED06D 
 382      DB
 383 0ce5 B3FFA42B 		.ascii	"\263\377\244+\013V:\011VY\357b\255\202=\366\204\356"
 383      0B563A09 
 383      5659EF62 
 383      AD823DF6 
 383      84EE
 384 0cf7 A303B343 		.ascii	"\243\003\263C\256v\343sH\212\317AfR\363p\325\035\017"
 384      AE76E373 
 384      488ACF41 
 384      6652F370 
 384      D51D0F
 385 0d0a 6B77A502 		.ascii	"kw\245\002\253\003\224\325aj\322!\311\244\251\234\271"
 385      AB0394D5 
 385      616AD221 
 385      C9A4A99C 
 385      B9
 386 0d1b 7EDEDA01 		.ascii	"~\336\332\001v\321\005]\315\217<D\007\334\370\253\310"
 386      76D1055D 
 386      CD8F3C44 
 386      07DCF8AB 
 386      C8
 387 0d2c 63C6C8D7 		.ascii	"c\306\310\327Q\232h<\224 \331\304\024\321\370t\374\006"
 387      519A683C 
 387      9420D9C4 
 387      14D1F874 
ARM GAS  /tmp/ccGdyHpn.s 			page 31


 387      FC06
 388 0d3e 87BFD869 		.ascii	"\207\277\330ip\371\257\010\255n\267F\253\013\320k\177"
 388      70F9AF08 
 388      AD6EB746 
 388      AB0BD06B 
 388      7F
 389 0d4f E11B1CBE 		.ascii	"\341\033\034\276S\353\273[\037\354\373\241V\377[C\370"
 389      53EBBB5B 
 389      1FECFBA1 
 389      56FF5B43 
 389      F8
 390 0d60 2EDFC0E0 		.ascii	".\337\300\340\220\355!\341z\337_\222\353\346-\232w\327"
 390      90ED21E1 
 390      7ADF5F92 
 390      EBE62D9A 
 390      77D7
 391 0d72 AC5E03FF 		.ascii	"\254^\003\377|a(8 \324W\257\013$W\315\216\320\000}\360"
 391      7C612838 
 391      20D457AF 
 391      0B2457CD 
 391      8ED0007D 
 392 0d87 EA40E5FA 		.ascii	"\352@\345\372M\237\276\376\3135k8\225F\023\021\022f"
 392      4D9FBEFE 
 392      CB356B38 
 392      95461311 
 392      1266
 393 0d99 78EF5D8D 		.ascii	"x\357]\215a\225o\204^\347\033\022\026\030\032\021\244"
 393      61956F84 
 393      5EE71B12 
 393      16181A11 
 393      A4
 394 0daa F50DD3FE 		.ascii	"\365\015\323\376wh\310v\337\235\001 8L\353\253\011\322"
 394      7768C876 
 394      DF9D0120 
 394      384CEBAB 
 394      09D2
 395 0dbc EE088808 		.ascii	"\356\010\210\0105h\014\273wi\365\253\2039\2454m\245"
 395      35680CBB 
 395      7769F5AB 
 395      8339A534 
 395      6DA5
 396 0dce AD69FADD 		.ascii	"\255i\372\335z_\215\336\020\004\030\300\276\266\356"
 396      7A5F8DDE 
 396      100418C0 
 396      BEB6EE
 397 0ddd E3B55B3E 		.ascii	"\343\265[>\322\370\371\373o\366\327|\272i\303\306O>"
 397      D2F8F9FB 
 397      6FF6D77C 
 397      BA69C3C6 
 397      4F3E
 398 0def F6DBE8B7 		.ascii	"\366\333\350\267i\253\337\207?\225?\371\350\327\232"
 398      69ABDF87 
 398      3F953FF9 
 398      E8D79A
 399 0dfe 756B377C 		.ascii	"uk7|\374\251\277\237\247|\370W~\376\033\326m\373\211"
 399      FCA9BF9F 
 399      A77CF857 
ARM GAS  /tmp/ccGdyHpn.s 			page 32


 399      7EFE1BD6 
 399      6DFB89
 400 0e11 7CC8CF7F 		.ascii	"|\310\317\177\355\026?/\371\310'\376\233\327\373\257"
 400      ED163F2F 
 400      F9C827FE 
 400      9BD7FBAF 
 401 0e21 DDB84C3E 		.ascii	"\335\270L>\346\357\267\366CQ\322\007\237n\331Fgm\330"
 401      E6EFB7F6 
 401      4351D207 
 401      9F6ED946 
 401      676DD8
 402 0e34 B4DE9D0D 		.ascii	"\264\336\235\015m\332\314`~?\332\227\222\255f\177\006"
 402      6DDACC60 
 402      7E3FDA97 
 402      92AD667F 
 402      06
 403 0e45 736EF406 		.ascii	"sn\364\006\242\243\013\327i\014\236zC\200\316\300b\245"
 403      A2A30BD7 
 403      690C9E7A 
 403      4380CEC0 
 403      62A5
 404 0e57 D16B030D 		.ascii	"\321k\003\015\341:w\006`\035\215\301C\216\010\010\015"
 404      E13A7706 
 404      601D8DC1 
 404      438E0808 
 404      0D
 405 0e68 75DAA50B 		.ascii	"u\332\245\013\377\\\027\260\323\231\305\343\347\032"
 405      FF5C17B0 
 405      D399C5E3 
 405      E71A
 406 0e76 83937875 		.ascii	"\203\223xu\324\207\374^\2531\274K\335L|\373y`\240o\200"
 406      D487FC5E 
 406      AB31BC4B 
 406      DD4C7CFB 
 406      7960A06F 
 407 0e8b 6EE7AAB0 		.ascii	"n\347\252\260\3600\355*m\300\366\020\337\367W\277\007"
 407      F030ED2A 
 407      6DC0F610 
 407      DFF757BF 
 407      07
 408 0e9c EC245AE0 		.ascii	"\354$Z\340v\010\026p\022U\206\357\330\241\327B\340\024"
 408      76081670 
 408      125586EF 
 408      D8A1D742 
 408      E014
 409 0eae 3A6D4090 		.ascii	":m@\220\373\347p\033\244\325\007\352Bv\001\021\247\200"
 409      FBE7701B 
 409      A4D507EA 
 409      42760111 
 409      A780
 410 0ec0 A0209D56 		.ascii	"\240 \235V\257we\274\364\032\242\314I\3548\262\231\012"
 410      AF7765BC 
 410      F41AA2CC 
 410      49EC38B2 
 410      990A
 411 0ed2 32F69A05 		.ascii	"2\366\232\005}\263\000\215\301M\232\032\030\036\021"
 411      7DB3008D 
ARM GAS  /tmp/ccGdyHpn.s 			page 33


 411      C14D9A1A 
 411      181E11
 412 0ee1 6670DE15 		.ascii	"fp\336\025\360\271\226JQ\005\030\014\272\220\355\021"
 412      F0B9964A 
 412      5105180C 
 412      BA90ED11 
 413 0ef1 06ADDE93 		.ascii	"\006\255\336\223M\226\317\362\010\011\003\017\204\005"
 413      4D96CFF2 
 413      0809030F 
 413      8405
 414 0eff 6A457AAE 		.ascii	"jEz\256\037\200#\326\021\330\2576nu\375B\253\013\331"
 414      1F8023D6 
 414      11D8AF36 
 414      6E75FD42 
 414      AB0BD9
 415 0f12 21E6BA03 		.ascii	"!\346\272\003\340\014Z\027)\260\020xgv\377\311\372\215"
 415      E00C5A17 
 415      29B01078 
 415      6776FFC9 
 415      FA8D
 416 0f24 2A764702 		.ascii	"*vG\002\355b\276\335&\016o\331\272\371\023Wv\013I\267"
 416      ED62BEDD 
 416      260E6FD9 
 416      BAF91357 
 416      760B49B7 
 417 0f38 69C35631 		.ascii	"i\303V1HT\240\306\340lR\351\006\351\012\316\326\352"
 417      4854A0C6 
 417      E06C52E9 
 417      06E90ACE 
 417      D6EA
 418 0f4a BE80881A 		.ascii	"\276\200\210\032\326\376\250\204\320\031L\216\017\014"
 418      D6FEA884 
 418      D0194C8E 
 418      0F0C
 419 0f58 3684ECD4 		.ascii	"6\204\354\324\232\034\377\353\200\020\203\037\261\340"
 419      9A1CFFEB 
 419      8010831F 
 419      B1E0
 420 0f66 C709B4B1 		.ascii	"\307\011\264\261Z\271\345\364f\275\326\260\205\372z"
 420      5AB9E5F4 
 420      66BDD6B0 
 420      85FA7A
 421 0f75 337599A7 		.ascii	"3u\231\247\345\340\026\342\363\300\340\255\301A[B\265"
 421      E5E016E2 
 421      F3C0E0AD 
 421      C1415B42 
 421      B5
 422 0f86 DA5D1FFE 		.ascii	"\332]\037\376?\254\010&\231B\026\271G\270> t+\355\376"
 422      3FAC0826 
 422      994216B9 
 422      47B83E20 
 422      742BEDFE 
 423 0f9a 19428925 		.ascii	"\031B\211%D\000"
 423      4400
 424 0fa0 485F1516 		.ascii	"H_\025\026\302\356\311R\321hvD\204\005j4\253\337\377"
 424      C2EEC952 
 424      D1687644 
ARM GAS  /tmp/ccGdyHpn.s 			page 34


 424      84056A34 
 424      ABDFFF
 425 0fb3 F93BEF28 		.ascii	"\371;\357(\245\236\"08@g\361\354\375\377\003\016\016"
 425      A59E2230 
 425      384067F1 
 425      ECFDFF03 
 425      0E0E
 426 0fc5 8F34     		.ascii	"\2174"
 427              		.text
 428              		.section	.gnu.lto_.symtab.6870c84149843b8f,"",%progbits
 429 0000 666C6173 		.ascii	"flashWaitErase\000"
 429      68576169 
 429      74457261 
 429      736500
 430 000f 00       		.ascii	"\000"
 431 0010 00       		.ascii	"\000"
 432 0011 00       		.ascii	"\000"
 433 0012 00000000 		.ascii	"\000\000\000\000\000\000\000\000"
 433      00000000 
 434 001a 6B010000 		.ascii	"k\001\000\000"
 435 001e 666C6173 		.ascii	"flashGetSectorOffset\000"
 435      68476574 
 435      53656374 
 435      6F724F66 
 435      66736574 
 436 0033 00       		.ascii	"\000"
 437 0034 00       		.ascii	"\000"
 438 0035 00       		.ascii	"\000"
 439 0036 00000000 		.ascii	"\000\000\000\000\000\000\000\000"
 439      00000000 
 440 003e 70010000 		.ascii	"p\001\000\000"
 441 0042 666C6173 		.ascii	"flashGetSectorSize\000"
 441      68476574 
 441      53656374 
 441      6F725369 
 441      7A6500
 442 0055 00       		.ascii	"\000"
 443 0056 00       		.ascii	"\000"
 444 0057 00       		.ascii	"\000"
 445 0058 00000000 		.ascii	"\000\000\000\000\000\000\000\000"
 445      00000000 
 446 0060 75010000 		.ascii	"u\001\000\000"
 447 0064 63685468 		.ascii	"chThdSleep\000"
 447      64536C65 
 447      657000
 448 006f 00       		.ascii	"\000"
 449 0070 02       		.ascii	"\002"
 450 0071 00       		.ascii	"\000"
 451 0072 00000000 		.ascii	"\000\000\000\000\000\000\000\000"
 451      00000000 
 452 007a 79010000 		.ascii	"y\001\000\000"
 453              		.text
 454              		.section	.gnu.lto_.opts,"",%progbits
 455 0000 272D666D 		.ascii	"'-fmath-errno' '-fsigned-zeros' '-ftrapping-math' '"
 455      6174682D 
 455      6572726E 
 455      6F272027 
ARM GAS  /tmp/ccGdyHpn.s 			page 35


 455      2D667369 
 456 0033 2D666E6F 		.ascii	"-fno-trapv' '-fno-openmp' '-fno-openacc' '-mcpu=cor"
 456      2D747261 
 456      70762720 
 456      272D666E 
 456      6F2D6F70 
 457 0066 7465782D 		.ascii	"tex-m3' '-mthumb' '-O2' '-fomit-frame-pointer' '-fa"
 457      6D332720 
 457      272D6D74 
 457      68756D62 
 457      2720272D 
 458 0099 6C69676E 		.ascii	"lign-functions=16' '-ffunction-sections' '-fdata-se"
 458      2D66756E 
 458      6374696F 
 458      6E733D31 
 458      36272027 
 459 00cc 6374696F 		.ascii	"ctions' '-fno-common' '-flto'\000"
 459      6E732720 
 459      272D666E 
 459      6F2D636F 
 459      6D6D6F6E 
 460              		.text
 461              		.comm	__gnu_lto_v1,1,1
 462              		.comm	__gnu_lto_slim,1,1
 463              		.ident	"GCC: (15:7-2018-q2-6) 7.3.1 20180622 (release) [ARM/embedded-7-branch revision 261907]"
ARM GAS  /tmp/ccGdyHpn.s 			page 36


DEFINED SYMBOLS
                            *ABS*:0000000000000000 hal_flash.c
                            *COM*:0000000000000001 __gnu_lto_v1
                            *COM*:0000000000000001 __gnu_lto_slim

NO UNDEFINED SYMBOLS
