ARM GAS  /tmp/cctvXCPu.s 			page 1


   1              		.cpu cortex-m3
   2              		.eabi_attribute 20, 1
   3              		.eabi_attribute 21, 1
   4              		.eabi_attribute 23, 3
   5              		.eabi_attribute 24, 1
   6              		.eabi_attribute 25, 1
   7              		.eabi_attribute 26, 1
   8              		.eabi_attribute 30, 2
   9              		.eabi_attribute 34, 1
  10              		.eabi_attribute 18, 4
  11              		.file	"memstreams.c"
  12              		.section	.gnu.lto_.profile.bca5c1bf336ca59d,"",%progbits
  13 0000 789C6363 		.ascii	"x\234cc```\001bF\206('\000\001n\000\250"
  13      60606001 
  13      62468628 
  13      2700016E 
  13      00A8
  14              		.text
  15              		.section	.gnu.lto_.icf.bca5c1bf336ca59d,"",%progbits
  16 0000 789C6363 		.ascii	"x\234cc``\320a@\000v\206\307w\227\277\342a\\\177\365"
  16      6060D061 
  16      40007686 
  16      C77797BF 
  16      E2615C7F 
  17 0015 D8446EA6 		.ascii	"\330Dn\246\323\037\257^\341c\236=\365\321\017n\0260"
  17      D31FAF5E 
  17      E1639E3D 
  17      F5D10F6E 
  17      1630
  18 0027 C97AECF1 		.ascii	"\311z\354\361\351\036>\266}\327\247\237\347`\000\000"
  18      E91E3EB6 
  18      7DD7A79F 
  18      E7600000 
  19 0037 00D21640 		.ascii	"\000\322\026@"
  20              		.text
  21              		.section	.gnu.lto_.jmpfuncs.bca5c1bf336ca59d,"",%progbits
  22 0000 789C8D4E 		.ascii	"x\234\215NA\012\2000\014K\332n\036\367^O\373\310\036"
  22      410A8030 
  22      0C4BDA6E 
  22      1EF75E4F 
  22      FBC81E
  23 0013 E3CD6769 		.ascii	"\343\315gi#\202\303\203\030\010mB\033R\001\354xPa\244"
  23      2382C383 
  23      18086D42 
  23      1B5201EC 
  23      785061A4 
  24 0027 F7E14852 		.ascii	"\367\341HR\320n\263\351\362\027)\016\267\234^m%\301"
  24      D06EB3E9 
  24      F217290E 
  24      B79C5E6D 
  24      25C1
  25 0039 2D88E491 		.ascii	"-\210\344\221h\031\365\255cN\211+\345}\362#\265\204"
  25      6819F5AD 
  25      634E892B 
  25      E57DF223 
  25      B584
  26 004b 2AB67C2F 		.ascii	"*\266|/\375.#\342\004\264^3\220"
ARM GAS  /tmp/cctvXCPu.s 			page 2


  26      FD2E23E2 
  26      04B45E33 
  26      90
  27              		.text
  28              		.section	.gnu.lto_.inline.bca5c1bf336ca59d,"",%progbits
  29 0000 789C6363 		.ascii	"x\234cc``\370\304\310\000\007l\014\014\274<\214\314"
  29      6060F8C4 
  29      C800076C 
  29      0C0CBC3C 
  29      8CCC
  30 0012 0C0A8C0C 		.ascii	"\014\012\214\014\314\016`2\001L*p\261\255\323c\340\270"
  30      CC0E6032 
  30      014C2A70 
  30      B1ADD363 
  30      E0B8
  31 0024 A5C7C4C0 		.ascii	"\245\307\304\300\370\202\235\005B\202\010\0160\223\203"
  31      F8829D05 
  31      4282080E 
  31      309383
  32 0033 8165813C 		.ascii	"\201e\201<\017\003\343]v\001&0\311\300\264\213_\002"
  32      0F03E35D 
  32      76012630 
  32      C9C0B48B 
  32      5F02
  33 0045 64202303 		.ascii	"d #\003\0177\324<\210I\015\214P\003\231\247\2133\260"
  33      0F37D43C 
  33      88490D8C 
  33      500399A7 
  33      8B33B0
  34 0058 FF55C362 		.ascii	"\377U\303b \363\"q\334\00621ps1\2620(dMaf\234\326z\350"
  34      20F32271 
  34      DC063231 
  34      707331B2 
  34      3028644D 
  35 0072 3C7B37F3 		.ascii	"<{7\363\034ffF\006\306\315\2142`\303\263\341,d\333@"
  35      1C666646 
  35      06C6CD8C 
  35      3260C3B3 
  35      E12C64DB 
  36 0087 7E5B200F 		.ascii	"~[ \017\266\006h\"k\207:\320\304\025\374\002\034\014"
  36      B6066822 
  36      6B873AD0 
  36      C415FC02 
  36      1C0C
  37 0099 8C57C056 		.ascii	"\214W\300V\376\021\0033\025@\376\001Q Y\003\016\220"
  37      FE110333 
  37      1540FE01 
  37      51205903 
  37      0E90
  38 00ab 85CC0C82 		.ascii	"\205\314\014\202\222 \013\221|\300\244\000\0122\260"
  38      92200B91 
  38      7CC0A400 
  38      0A32B0
  39 00ba C1DC4077 		.ascii	"\301\334@w2p|\300\031.L\027\370y@~\221\001q\025\300"
  39      32707CC0 
  39      192E4C17 
  39      F879407E 
ARM GAS  /tmp/cctvXCPu.s 			page 3


  39      91017115 
  40 00cf 820A2041 		.ascii	"\202\012 A\015\220\321,\274@\343'\370\201 \013\302\026"
  40      0D90D12C 
  40      BC40E327 
  40      F881200B 
  40      C216
  41 00e1 68B8D3C0 		.ascii	"h\270\323\300\022V\006\016vF\006&\240\357\031\270W\270"
  41      1256060E 
  41      76460626 
  41      A0EF19B8 
  41      57B8
  42 00f3 3181631C 		.ascii	"1\201c\034\000\2075H\025"
  42      00873548 
  42      15
  43              		.text
  44              		.section	.gnu.lto_.pureconst.bca5c1bf336ca59d,"",%progbits
  45 0000 789C6363 		.ascii	"x\234cc``\340\005b6\006)F)&)f)\026)V)\000\005\254\000"
  45      6060E005 
  45      62360629 
  45      46292629 
  45      66291629 
  46 001a C5       		.ascii	"\305"
  47              		.text
  48              		.section	.gnu.lto__put.bca5c1bf336ca59d,"",%progbits
  49 0000 789C9552 		.ascii	"x\234\225RMHTQ\024\276\337\273o\336s\324\214Z\265\230"
  49      4D485451 
  49      14BEDFBB 
  49      6FDE73D4 
  49      8C5AB598 
  50 0014 858B445C 		.ascii	"\205\213D\\\344\313~\226\255j\025DQ\264\016\225\201"
  50      E4CB7E96 
  50      AD6A1544 
  50      51B40E95 
  50      81
  51 0025 1972501A 		.ascii	"\031rP\0327m\352\352\230fI\010\345\244\303C\206D\212"
  51      376DEAEA 
  51      98664908 
  51      E5A4C343 
  51      86448A
  52 0038 224A1CAD 		.ascii	"\"J\034\255L\353\245f\376MY)\210\013\027\205C\331\037"
  52      4CEBA566 
  52      FE4D5929 
  52      880B1785 
  52      43D91F
  53 004b 51B9B4CE 		.ascii	"Q\271\264\316yoB\243\215>\336;\367\334\363\316\371\276"
  53      796F42A3 
  53      8D3EDE3B 
  53      F7DCF3CE 
  53      F9BE
  54 005d 73BE7B0D 		.ascii	"s\276{\015!\304\027)\304IZ\367\323\007\237\200\326\372"
  54      21C41729 
  54      C4495AF7 
  54      D3079F80 
  54      D6FA
  55 006f 5288BA1C 		.ascii	"R\210\272\034M\323?\010\241r\345\2554-\371\022\272\027"
  55      4DD33F08 
  55      A172E5AD 
ARM GAS  /tmp/cctvXCPu.s 			page 4


  55      342DF912 
  55      BA17
  56 0081 D7017654 		.ascii	"\327\001vT\016\304yM\3528\217\026yM\342u\303}[^\226"
  56      0EC4794D 
  56      EA388F16 
  56      794DE275 
  56      C37D5B5E 
  57 0096 B614D069 		.ascii	"\266\024\320i\373=\235x_\300[\240\220\266\335C\261A"
  57      FB3D9D78 
  57      5FC05BA0 
  57      90B6DD43 
  57      B141
  58 00a8 94DC54F4 		.ascii	"\224\334T\3648\327\343FgjF\371m\251\2118\245\247\020"
  58      38D7E346 
  58      676A46F9 
  58      6DA98938 
  58      A5A710
  59 00bb 402F02CC 		.ascii	"@/\002\314\336\207\022J~\233\236k5\345\021\010\362\257"
  59      DE87124A 
  59      7E9B9E6B 
  59      35E51108 
  59      F2AF
  60 00cd FEFAE468 		.ascii	"\376\372\344h\305\335J\325+g\272K\252\235\266\224\350"
  60      C5DD4AD5 
  60      2B67BA4B 
  60      AA9DB694 
  60      E8
  61 00de 875C5F48 		.ascii	"\207\\_H!\201\007(\246t\273\361\366\222\224\307\334"
  61      21810728 
  61      A674BBF1 
  61      F69294C7 
  61      DC
  62 00ef D2A995F1 		.ascii	"\322\251\225\361\321\277\245\237\033\244\312\267\251"
  62      D1BFA59F 
  62      1BA4CAB7 
  62      A9
  63 00fc DB875EE9 		.ascii	"\333\207^\351\336\000vs\241.\360\010\305\234\375\343"
  63      DE007673 
  63      A12EF008 
  63      C59CFDE3 
  64 010c DBDC945F 		.ascii	"\333\334\224_\036w+\357\364\247&\363\213\272\334\312"
  64      1E772BEF 
  64      F4A726F3 
  64      8BBADCCA 
  65 011c 4CFBF61B 		.ascii	"L\373\366\03315\256t[\3720\360/1?\224\376\256g\265m"
  65      3135AE74 
  65      5BFA30F0 
  65      2F313F94 
  65      FEAE67B5 
  66 0131 8BA1E331 		.ascii	"\213\241\3431\212x \232c\020\206\0009\367\336\370\034"
  66      8A78209A 
  66      63108600 
  66      39F7DEF8 
  66      1C
  67 0142 B5FABB49 		.ascii	"\265\372\273I9\213;\346\177\246\267\025\2008\015\215"
  67      398B3BE6 
  67      7FA6B715 
ARM GAS  /tmp/cctvXCPu.s 			page 5


  67      80380D8D 
  68 0152 8D2463EA 		.ascii	"\215$c\352l|\2745\330\230d4?x\226<\270\215\211\213\204"
  68      6C7CBC35 
  68      D8986434 
  68      3F78963C 
  68      B88D898B 
  69 0167 47722B47 		.ascii	"Gr+G4\223\\\344\305\034\221A}\262\267\245\204Y\2303"
  69      34935CE4 
  69      C51C9141 
  69      7DB2B7A5 
  69      84599833 
  70 017b 21FD6219 		.ascii	"!\375b\031\365\003\037\257\214\030\034KHPS\361\013\303"
  70      F5031FAF 
  70      8C181C4B 
  70      485053F1 
  70      0BC3
  71 018d AF4C3E00 		.ascii	"\257L>\000\237;\322\340pz\314H\242\263\216N\240\320"
  71      9F3BD2E0 
  71      707ACC48 
  71      A2B38E4E 
  71      A0D0
  72 019f 96395484 		.ascii	"\2269T\204!\036\201\376\3156\315/\346Yw\225\367\313"
  72      211E81FE 
  72      CD36CD2F 
  72      E6597795 
  72      F7CB
  73 01b1 8F2748A2 		.ascii	"\217'H\242\215\347\020x\012\313\305\236(\365\220\265"
  73      8DE71078 
  73      0ACBC59E 
  73      28F590B5 
  74 01c1 4D42392E 		.ascii	"MB9.\024K\201g\004\265\204\206\205\221}\331&\011\315"
  74      144B8167 
  74      04B58486 
  74      85917DD9 
  74      2609CD
  75 01d4 55B0998E 		.ascii	"U\260\231\216\217\356\030\015\346N\321\036\313N!7\305"
  75      8FEE180D 
  75      E64ED11E 
  75      CB4E2137 
  75      C5
  76 01e5 6562D8E5 		.ascii	"eb\330\345bL\214\270m\307\354\306\016\237\207\245\023"
  76      624C8CB8 
  76      6DC7ECC6 
  76      0E9F87A5 
  76      13
  77 01f6 1CF31143 		.ascii	"\034\363\021Cb\342\000\307\326Kd\376'Q\262\300\346\032"
  77      62E200C7 
  77      D64B64FE 
  77      2751B2C0 
  77      E61A
  78 0208 1DA34C86 		.ascii	"\035\243L\206\347\004\235\220y^\203\0351\323\003\365"
  78      E7049D90 
  78      795E831D 
  78      31D303F5 
  79 0218 6DA8C15D 		.ascii	"m\250\301]\254\303\330\232\016/\274\336\342\215\360"
  79      ACC3D89A 
  79      0E2FBCDE 
ARM GAS  /tmp/cctvXCPu.s 			page 6


  79      E28DF0
  80 0227 50B2407D 		.ascii	"P\262@}M\323=\271\334\014\235?\306\011\201\270f/!\333"
  80      4DD33DB9 
  80      DC0C9D3F 
  80      C60981B8 
  80      662F21DB 
  81 023b EA066926 		.ascii	"\352\006i&\326h&a\021\266+\257\236\2757_\241\211\204"
  81      D6682661 
  81      11B62BAF 
  81      9EBD375F 
  81      A18984
  82 024e 3429B602 		.ascii	"4)\266\002\223\0123vjl+Sj8\207)\004\264\345\312\365"
  82      930A3376 
  82      6A6C2B53 
  82      6A388729 
  82      04B4E5CA 
  83 0263 AA681098 		.ascii	"\252h\020\230F@.df@\367\020\214B\352\036\266B\325\221"
  83      46402E64 
  83      6640F710 
  83      8C42EA1E 
  83      B642D591 
  84 0277 A075361A 		.ascii	"\240u6\032\262\016\005\243\247k\253k\254\312P\270\""
  84      B20E05A3 
  84      A76BAB6B 
  84      ACCA50B8 
  84      22
  85 0288 5C1DB50E 		.ascii	"\\\035\265\016\362z\364\304\251=e\245e\364Z\024\012"
  85      F27AF4C4 
  85      A93D65A5 
  85      65F45A14 
  85      0A
  86 0299 95575955 		.ascii	"\225WYU\341\012+Z{&X\036\211Z\221`$\353\226V\012-\\"
  86      E10A2B5A 
  86      7B26581E 
  86      895A9160 
  86      24EB9656 
  87 02b0 830A1989 		.ascii	"\203\012\031\211\326\374\001\261\347Y\207"
  87      D6FC01B1 
  87      E75987
  88              		.text
  89              		.section	.gnu.lto__get.bca5c1bf336ca59d,"",%progbits
  90 0000 789C9552 		.ascii	"x\234\225R[KTQ\024\336\337\331g\316\\\032\213z\020\202"
  90      5B4B5451 
  90      14DEDFD9 
  90      67CE5C1A 
  90      8B7A1082 
  91 0014 217C48C4 		.ascii	"!|H\304\007=\331\345\027\324S\020\005\325CO\24120C\016"
  91      073DD9E5 
  91      17D45310 
  91      05D5434F 
  91      A1323043 
  92 0029 4AE34B10 		.ascii	"J\343K\020yt\314I\363A0\255\206\203\014\211t\221(i\306"
  92      7974CC49 
  92      F34130AD 
  92      86830C89 
  92      74912869 
  93 003e 6ABC4D9A 		.ascii	"j\274M\232\246\345\224\225R\011E\024J)\030\025\371\024"
ARM GAS  /tmp/cctvXCPu.s 			page 7


  93      A6E59495 
  93      52094514 
  93      4A291815 
  93      F914
  94 0050 DA5AE70C 		.ascii	"\332Z\347\014e\364\222\233\231}Yg}\337\267\326\267\267"
  94      65F4929B 
  94      997D5967 
  94      7DDFB7D6 
  94      B7B7
  95 0062 26841895 		.ascii	"&\204\030\225B\034\245u\017\375\341\020PZ\236\012Q\353"
  95      421CA575 
  95      0FFDE110 
  95      505A9E0A 
  95      51EB
  96 0074 5214F593 		.ascii	"R\024\365\223\020\206G^\313\320\342\225P\355\270\012"
  96      1086475E 
  96      CBD0E295 
  96      50EDB80A 
  97 0084 F0C67041 		.ascii	"\360\306pA\324(RE\015\232\345\005\211\347\365\267My"
  97      D4285245 
  97      0D9AE505 
  97      89E7F5B7 
  97      4D79
  98 0096 5E9A5240 		.ascii	"^\232R@\245\343\327L\354\343F>\002yt\354\032\210\364"
  98      A5E3D74C 
  98      ECE3463E 
  98      027974EC 
  98      1A88F4
  99 00a9 A3F0AA41 		.ascii	"\243\360\252A#}1\245u$\246\014\267)\025\321N\351\011"
  99      237D31A5 
  99      7524A60C 
  99      B72915D1 
  99      4EE909
 100 00bc F870073E 		.ascii	"\370p\007>VO\242\220\222_ffZ\234\362\000\004\355[\177"
 100      564FA290 
 100      925F6666 
 100      5A9CF200 
 100      04ED5B7F 
 101 00d0 2CA69582 		.ascii	",\246\225\202.\303\2503\322\223\235\322\330nJ\211^\310"
 101      2EC3A833 
 101      D2939DD2 
 101      D86E4A89 
 101      5EC8
 102 00e2 B5400A09 		.ascii	"\265@\012\011\334E\001\347\177\3772\363\304-\017Y\330"
 102      DC4501E7 
 102      7FFF32F3 
 102      C42D0F59 
 102      D8
 103 00f3 EEDEC463 		.ascii	"\356\336\304co~\247\205]\271\274\345J\304\0307T\223"
 103      6F7EA785 
 103      5DB9BCE5 
 103      4AC41837 
 103      5493
 104 0105 4ABEF737 		.ascii	"J\276\3677\236\007\245\233\0157\346\244<bA\007[\343"
 104      9E07A59B 
 104      0D37E6A4 
 104      3C624107 
ARM GAS  /tmp/cctvXCPu.s 			page 8


 104      5BE3
 105 0117 436A16BA 		.ascii	"Cj\026\272|9\2676b\\b\250\003)\033\272\313\207\035\277"
 105      7C39B736 
 105      625C62A8 
 105      03291BBA 
 105      CB871DBF 
 106 012b 811F7A56 		.ascii	"\201\037zV\332r4\025}\310\307}\344sS\324K?4\001Z9|\353"
 106      DA723415 
 106      7DC8C77D 
 106      E47353D4 
 106      4B3F3401 
 107 0143 85236DAC 		.ascii	"\205#m\254\254F\215\364\322\326\201\304\253\3159\240"
 107      AC468DF4 
 107      D2D681C4 
 107      ABCD39A0 
 108 0153 A2358527 		.ascii	"\2425\205'I\223S\345\311\301G\215&\305\005n\307#\030"
 108      499353E5 
 108      C9C1478D 
 108      26C5056E 
 108      C72318
 109 0166 EAE58010 		.ascii	"\352\345\200\020\347\210\223l7\322\242\221\216\264\213"
 109      E788936C 
 109      37D2A291 
 109      8EB48B
 110 0175 A4C53CEA 		.ascii	"\244\305<\352\342\253\315\205\254\304\2721\351\022\013"
 110      E2ABCD85 
 110      ACC4BA31 
 110      E9120B
 111 0184 A84B7DBE 		.ascii	"\250K}\276>\242q,&A\305\265\237\035~\346\344\213P\255"
 111      3EA2712C 
 111      2641C5B5 
 111      9F1D7EE6 
 111      E48B50AD 
 112 0198 C6FA8733 		.ascii	"\306\372\2073cZ\034\035\265t\023y\246t\021\010\003\354"
 112      635A1C1D 
 112      B5741379 
 112      A6741108 
 112      03EC
 113 01aa 017D9B8E 		.ascii	"\001}\233\216\276~\267A\277i\330\237\334\030D\034m\334"
 113      BE7EB741 
 113      BF69D89F 
 113      DC18441C 
 113      6DDC
 114 01bc 8BC01074 		.ascii	"\213\300\020t\213{\242\310fV\326I\225\266\250\300T\017"
 114      8B7BA2C8 
 114      6656D649 
 114      95B6A8C0 
 114      540F
 115 01ce 886A0EF5 		.ascii	"\210j\016\365\263#\273\263E\306\270?\032\215t\215\364"
 115      B323BBB3 
 115      45C6B83F 
 115      1A8D748D 
 115      F4
 116 01df D6A831AB 		.ascii	"\326\2501\253\213\356\210\323N\220\353\322rb\330\322"
 116      8BEE88D3 
 116      4E90EBD2 
 116      7262D8D2 
ARM GAS  /tmp/cctvXCPu.s 			page 9


 117 01ef 624E8C58 		.ascii	"bN\214XeG\314\2067\016\233K%:\326#\205\237M\307\354"
 117      6547CC86 
 117      370E9B4B 
 117      253AD623 
 117      859F4DC7 
 118 0204 9867AD4B 		.ascii	"\230g\255K\316\177\\\212o\243{'$\036\262\036F\211\335"
 118      CE7F5C8A 
 118      6FA37B27 
 118      241EB21E 
 118      4689DD
 119 0217 723ED7F2 		.ascii	"r>\327\362\275\217}\367\260H{C&y\332ft\330\006%\243"
 119      BD8F7DF7 
 119      B0487B43 
 119      2679DA66 
 119      74D80625 
 120 022c 933D1E26 		.ascii	"\223=\036&u\003\030#4\251N7\201s\376\253\245\"F>\372"
 120      75031823 
 120      34A94E37 
 120      8173FEAB 
 120      A522463E 
 121 0241 E3DC3874 		.ascii	"\343\3348t\342f\226o\321\267\311\200\255\345ey6O\315"
 121      E266966F 
 121      D1B7C980 
 121      ADE56579 
 121      364FCD
 122 0254 BE8A2528 		.ascii	"\276\212%(\"&5\212-[:\363fbl\023W\241\340\014&\340S"
 122      2226358A 
 122      2D5B3AF3 
 122      66626C13 
 122      57A1E00C 
 123 026b 6617DE93 		.ascii	"f\027\336\223\347^\231Z\234\002\275+0\216\334\332\257"
 123      E75E995A 
 123      9C02BD2B 
 123      308EDCDA 
 123      AF
 124 027c 072A437E 		.ascii	"\007*C~\375T8\240\357\363\207OTWV\351\345\201`Y\260"
 124      FD5438A0 
 124      EFF3874F 
 124      545756E9 
 124      E5816059 
 125 0291 32ACEFE5 		.ascii	"2\254\357\345\365\340\341\343;K\212K\350\247S(PZ\241"
 125      F5E0E1E3 
 125      3B4B8A4B 
 125      E8A75328 
 125      505AA1
 126 02a4 5704CBF4 		.ascii	"W\004\313\364p\365I\177i(\254\207\374\241\354\266\270"
 126      70F5497F 
 126      6928AC87 
 126      FCA1ECB6 
 126      B8
 127 02b5 5C28C12A 		.ascii	"\\(\301*\031\012W\241\354\027soO\216"
 127      190A57A1 
 127      EC17736F 
 127      4F8E
 128              		.text
 129              		.section	.gnu.lto__unget.bca5c1bf336ca59d,"",%progbits
 130 0000 789C9552 		.ascii	"x\234\225R]K\024Q\030>\3179\363\341\332\246\320m{\341"
ARM GAS  /tmp/cctvXCPu.s 			page 10


 130      5D4B1451 
 130      183ECF39 
 130      F3E1DAA6 
 130      D06D7BE1 
 131 0014 45225EE4 		.ascii	"E\"^\344d\037\277\240.\"\210\242\350:T\226v\311Ei\275"
 131      641FBFA0 
 131      2E2288A2 
 131      E83A5496 
 131      76C94569 
 132 0029 09228FAE 		.ascii	"\011\"\217\256i\366\001Bi\264\015\262%\022\025\221\321"
 132      69F60142 
 132      69B40DB2 
 132      25121591 
 132      D1
 133 003a A6B5AD39 		.ascii	"\246\265\2559\251\331\232iV\032\022\021Q(\244\224}\220"
 133      A9D99A69 
 133      561A1211 
 133      5128A494 
 133      7D90
 134 004c 57A1BD67 		.ascii	"W\241\275gf\373\220\272\250\303\314\231\367\274\363"
 134      66FB90BA 
 134      A8C3CC99 
 134      F7BCF3
 135 005b 3ECFFB3C 		.ascii	">\317\373<\357\214\301\030\333'\030\333C\317MtCg\340"
 135      EF8CC118 
 135      DB2718DB 
 135      43CF4D74 
 135      4367E0
 136 006e 2D638CD5 		.ascii	"-c\214\325\345p\256e\300d\256\310<bL\372\0054/\257\001"
 136      E570AE65 
 136      C064AEC8 
 136      3C624CFA 
 136      05342FAF 
 137 0083 2A903960 		.ascii	"*\2209`\265\\h\250\305\011qZ\340IC\227-\216\013[0ht"
 137      B55C68A8 
 137      C509715A 
 137      E0494397 
 137      2D8E0B5B 
 138 009a FC341A7F 		.ascii	"\3744\032\177\233\247\216@\001\035;{ci\024_\224\264"
 138      9BA78E40 
 138      011D3B7B 
 138      6369145F 
 138      94B4
 139 00ac 9C331F8D 		.ascii	"\2343\037\215\366\344\270\364\331\202\2636*O\"\200\033"
 139      F6E4B8F4 
 139      D982B336 
 139      2A4F2280 
 139      1B
 140 00bd 08A8EE37 		.ascii	"\010\250\3567QL\305\317F'[L\261\035\214\342S_\347\034"
 140      514CC5CF 
 140      46275B4C 
 140      B11D8CE2 
 140      535FE71C 
 141 00d1 5ED42965 		.ascii	"^\324)e\275t^v\010\271\306\026\002\335\020\277\003)"
 141      BD745E76 
 141      08B9C616 
 141      02DD10BF 
ARM GAS  /tmp/cctvXCPu.s 			page 11


 141      0329
 142 00e3 C5D08322 		.ascii	"\305\320\203\"*\267\033/O\013\261\323\205\216,d\006"
 142      2AB71B2F 
 142      4F0BB1D3 
 142      858E2C64 
 142      06
 143 00f4 7F40BF35 		.ascii	"\177@\2775\010\351\267I\355-\017\272!\200u\012\2501"
 143      08E9B749 
 143      ED2D0FBA 
 143      2180750A 
 143      A831
 144 0106 DC4691AA 		.ascii	"\334F\221\252\3762?9\342\023\273\\\344\225\356\344C"
 144      FE323F39 
 144      E213BB5C 
 144      E495EEE4 
 144      43
 145 0117 7F61878B 		.ascii	"\177a\207\213|~n\325\205\230\314H\315\026:R\313\033"
 145      7C7E6ED5 
 145      8598CC48 
 145      CD163A52 
 145      CB1B
 146 0129 AB45E56F 		.ascii	"\253E\345o\256/\266\25644\334A\2412D>\3220\030(\270"
 146      AE2FB6AE 
 146      3434DC41 
 146      A132443E 
 146      D2301828 
 147 013e F65477E4 		.ascii	"\366Tw\344\342R\223t\306V\237\277\224\347\007\2654\270"
 147      E2529374 
 147      C6569FBF 
 147      94E707B5 
 147      34B8
 148 0150 DA046DA6 		.ascii	"\332\004m\246\2466\2356nB\031\310\205\253\206\035%\022"
 148      A6369D36 
 148      6E4219C8 
 148      85AB861D 
 148      2512
 149 0162 9AB17458 		.ascii	"\232\261tX3\315\210\242\230\303fP\237\230;Y\254\250"
 149      33CD88A2 
 149      98C36650 
 149      9F983B59 
 149      ACA8
 150 0174 55A3B830 		.ascii	"U\243\2700\331,\352S\357\322\003\206\312\305\005HI\333"
 150      D92CEA53 
 150      EFD20386 
 150      CAC50548 
 150      49DB
 151 0186 91FEC7A6 		.ascii	"\221\376\307\246\232\272\356\372H\367\217\016\031\011"
 151      9ABAEEFA 
 151      48F78F0E 
 151      1909
 152 0194 B4D7D1D8 		.ascii	"\264\327\321\330\013l\221C \364*\335\364n\242i\352\325"
 152      0B6C9143 
 152      20F42ADD 
 152      F46EA269 
 152      EAD5
 153 01a6 0AEBAAF4 		.ascii	"\012\353\252\364^\371p\027\011\264*\361\014}\260\330"
 153      5EF97017 
ARM GAS  /tmp/cctvXCPu.s 			page 12


 153      09B42AF1 
 153      0C7DB0D8 
 154 01b6 341A5E0C 		.ascii	"4\032^\014l\374\013\263\017\014N\326{3\015\236\376\016"
 154      6CFC0BB3 
 154      0F0C4ED6 
 154      7B330D9E 
 154      FE0E
 155 01c8 52378B58 		.ascii	"R7\213X[\343\373\236C\036\200{\230\271t\327\224\356"
 155      5BE3FB9E 
 155      431E807B 
 155      98B974D7 
 155      94EE
 156 01da 619668E5 		.ascii	"a\226h\345\343\036\341H\364\3041\250\272\177\022\270"
 156      E31EE148 
 156      F4C431A8 
 156      BA7F12B8 
 157 01ea 56A1FB7F 		.ascii	"V\241\373\177i\033\200E\374\236\365\276X\326\272\370"
 157      691B8045 
 157      FC9EF5BE 
 157      58D6BAF8 
 158 01fa 2FAF2606 		.ascii	"/\257&\006]>\365\201p\237\274\222x\273\361\254\356q"
 158      5D3EF581 
 158      709FBC92 
 158      78BBF1AC 
 158      EE71
 159 020c 694497ED 		.ascii	"iD\227\355\020\037\336\232\325\371\323\275\371\307\\"
 159      101FDE9A 
 159      D5F9D3BD 
 159      F9C75C
 160 021b 1379B6C2 		.ascii	"\023y\266\302h\030R\315\360\200\250\343\"\327\035\216"
 160      681852CD 
 160      F080A8E3 
 160      22D71D8E 
 161 022b 96FD741F 		.ascii	"\226\375t\037\300Y\\\350\224[\200N\360\031;9\224\257"
 161      C0595CE8 
 161      945B804E 
 161      F0193B39 
 161      94AF
 162 023d D8380E23 		.ascii	"\3308\016#\203\000O\315\277^6cN3\036F@\244>\217\203"
 162      83004FCD 
 162      BF5E3663 
 162      4E331E46 
 162      40A43E8F 
 163 0252 7E06281E 		.ascii	"~\006(\036\316\3306+T\025\011Z\007\243!kK0\272\277\246"
 163      CED8362B 
 163      5415095A 
 163      07A3216B 
 163      4B30BABF 
 164 0267 AADAAA08 		.ascii	"\252\332\252\010\205\313\303UQk\263z\356\330\275w}i"
 164      85CBC355 
 164      516BB37A 
 164      EED8BD77 
 164      7D69
 165 0279 49295D16 		.ascii	"I)]\026\245Be\225Ve\270\334\212\326\034\010\226E\242"
 165      A5426595 
 165      5665B8DC 
 165      8AD61C08 
ARM GAS  /tmp/cctvXCPu.s 			page 13


 165      9645A2
 166 028c 562418C9 		.ascii	"V$\030\311\206%\025\214\207\253Q.\"\321\352\357\304"
 166      8625158C 
 166      87AB512E 
 166      22D1EAEF 
 166      C4
 167 029d 073541   		.ascii	"\0075A"
 168              		.text
 169              		.section	.gnu.lto__reads.bca5c1bf336ca59d,"",%progbits
 170 0000 789C9552 		.ascii	"x\234\225RMHTQ\024\276\347\236\367\336\274\311\311\366"
 170      4D485451 
 170      14BEE79E 
 170      F7DEBCC9 
 170      C9F6
 171 0012 E1422811 		.ascii	"\341B(\021\005}\030\356\2426\265\210 \212$h\027*\003"
 171      057D18EE 
 171      A236B588 
 171      208A2468 
 171      172A03
 172 0025 33E4E4D0 		.ascii	"3\344\344\320\270i5\327\2771\323\205\221\2162\01411"
 172      B86935D7 
 172      BF31D385 
 172      918E320C 
 172      3131
 173 0037 A8444445 		.ascii	"\250DDEfiV/\255)5\215J#\010\012\312\212R\214\2122(\307"
 173      6669562F 
 173      AD29358D 
 173      4A23080A 
 173      CA8A528C 
 174 004f CEBD6FD2 		.ascii	"\316\275o\322r\245\303\233\373\316=\367|\337\375\316"
 174      72A5C39B 
 174      FBCE3DF7 
 174      7CDFFDCE 
 175 005f 779EC118 		.ascii	"w\236\301\030+\324\030;L\357R\372\203\316\200\267M2"
 175      2BD4183B 
 175      4CEF52FA 
 175      83CE80B7 
 175      4D32
 176 0071 566B728E 		.ascii	"Vkr\216]\205Ll\320~na\302\203\2409i\015@\006\302\004"
 176      5D854C6C 
 176      D07E6E61 
 176      C283A039 
 176      690D4006 
 177 0087 16E6A841 		.ascii	"\026\346\250A\030Z\261\035\341I\303\3458\266`\034\031"
 177      185AB11D 
 177      E149C3E5 
 177      38B6601C 
 177      19
 178 0098 68B4FD32 		.ascii	"h\264\3752\021{\233-\267\000\271\264\235\233O\365y\012"
 178      117B9B2D 
 178      B700B9B4 
 178      9D9B4FF5 
 178      790A
 179 00aa 7A85A813 		.ascii	"z\205\250\023v\347\327\035\347\352\033\367\304\221\263"
 179      76E7D71D 
 179      E7EA1BF7 
 179      C491B3
ARM GAS  /tmp/cctvXCPu.s 			page 14


 180 00b9 2855F741 		.ascii	"(U\367A\016\\\205\034y\3675(\240\332g\023\323m.\334"
 180      0E5C851C 
 180      79F73528 
 180      A0DA6713 
 180      D36D2EDC 
 181 00cd 078CE233 		.ascii	"\007\214\3423\337gm\236\337\255p3I\024[\343\210\320"
 181      DF676D9E 
 181      DFAD7033 
 181      49145BE3 
 181      88D0
 182 00df 0FF82F90 		.ascii	"\017\370/\220R\014\256C>\225\377j\231\216\272\361\200"
 182      520CAE43 
 182      3E95FF6A 
 182      998EBAF1 
 182      80
 183 00f0 829EFED0 		.ascii	"\202\236\376\320\233\206\014\364Q\267\202jpc5Tc0\240"
 183      9B860CF4 
 183      51B7826A 
 183      70633554 
 183      6330A0
 184 0103 A08BA23D 		.ascii	"\240\213\242=\232\215e\012:3\236ls\375\275\265GA9\014"
 184      9A8D650A 
 184      3A339E6C 
 184      73FDBDB5 
 184      4741390C 
 185 0117 AE867206 		.ascii	"\256\206r\0067!_\326\177\373<=\356\306C\012{\241\277"
 185      37215FD6 
 185      7FFB3C3D 
 185      EEC6430A 
 185      7BA1BF
 186 012a 6FCC9397 		.ascii	"o\314\223\227T\330\347\235zL\330\015\271q\324a\350\177"
 186      54D8E79D 
 186      7A4CD80D 
 186      B971D461 
 186      E87F
 187 013c B8FC51F5 		.ascii	"\270\374Q\365\233+\351\216\215\206\006\267 O\232A\036"
 187      9B2BE98E 
 187      8D8606B7 
 187      204F9A41 
 187      1E
 188 014d DC068301 		.ascii	"\334\006\203\001\005\227\236\352\266H/5\011{r\001zz"
 188      05979EEA 
 188      B6482F35 
 188      097B7201 
 188      7A7A
 189 015f 5B6113D0 		.ascii	"[a\023\320\235\006\227\013\312E\223\352u\271\030r\353"
 189      9D06970B 
 189      CA4593EA 
 189      75B91872 
 189      EB
 190 0170 928BA924 		.ascii	"\222\213\251$\271A\332\221\0052\366\200\354\217\261"
 190      B941DA91 
 190      0532F680 
 190      EC8FB1
 191 017f 93444E63 		.ascii	"\223DNc\0236k&\341\024\325\333\354=\324%f\307\271\274"
 191      13366B26 
 191      E114D5DB 
ARM GAS  /tmp/cctvXCPu.s 			page 15


 191      EC3DD425 
 191      66C7B9BC 
 192 0193 520A88A1 		.ascii	"R\012\210\241\233}\202\272\301\217\277Ke*\206@\002\243"
 192      9B7D82BA 
 192      C18FBF4B 
 192      652A8640 
 192      02A3
 193 01a5 8DC38F5D 		.ascii	"\215\303\217]r\216\272\352nhx\"e$\340l\255\020\202\332"
 193      728EBAEA 
 193      6E687822 
 193      6524E06C 
 193      AD1082DA 
 194 01b9 721106EE 		.ascii	"r\021\006\356\310v\350l\252\351\305\253,\353\242p\216"
 194      C876E86C 
 194      AAE9C5AB 
 194      2CEBA270 
 194      8E
 195 01ca 38D89080 		.ascii	"8\330\220\200\016\331\023\203\273`)\352\321\"\207\231"
 195      0ED91383 
 195      BB6029EA 
 195      D1228799 
 196 01da AF936A58 		.ascii	"\257\223jXQI[`DQ\325wE\232u\207\013I(1\262w\32009R\272"
 196      51495B60 
 196      4451D577 
 196      459A7587 
 196      0B492831 
 197 01f5 9CCB5216 		.ascii	"\234\313R\0267\323\267\321U\230\351ua\273j\225\\\241"
 197      37D3B7D1 
 197      5598E975 
 197      61BB6A95 
 197      5CA1
 198 0207 0A75A82D 		.ascii	"\012u\250-;\341\0143\206\246cA\372\240C\244\255K\250"
 198      3BE10C33 
 198      86A66341 
 198      FAA043A4 
 198      AD4BA8
 199 021a 06F79450 		.ascii	"\006\367\224P.\205\336w\204\306#\347]\016\227NtR\350"
 199      2E85DE77 
 199      84C623E7 
 199      5D0E974E 
 199      7452E8
 200 022d 1C4412D9 		.ascii	"\034D\022\331j\316D000\367\322\025^\024f\034\315\250"
 200      6ACE4430 
 200      3030F7D2 
 200      155E1466 
 200      1CCDA8
 201 0240 EC105210 		.ascii	"\354\020R\020f1\364\250z\312ff\262\264\323!1\326$\250"
 201      6631F4A8 
 201      7ACA6666 
 201      B2B4D321 
 201      31D624A8 
 202 0254 489AF660 		.ascii	"H\232\366`\305\264\207\216\226h\004\034\026\202\030"
 202      C5B4878E 
 202      9668041C 
 202      168218
 203 0263 995EA74E 		.ascii	"\231^\247N\251\334\332iGWh\307\300\".6O\336&[7;\324"
 203      A9DCDA69 
ARM GAS  /tmp/cctvXCPu.s 			page 16


 203      475768C7 
 203      C0222E36 
 203      4FDE265B 
 204 027a 261DFC00 		.ascii	"&\035\374\000\223\006\300\251\015\304\301\327H\037\037"
 204      9306C0A9 
 204      0DC4C1D7 
 204      481F1F
 205 0289 48A3C996 		.ascii	"H\243\311\226\275\226\257:\340\265N\204|\326no\350h"
 205      BD96AF3A 
 205      E0B54E84 
 205      7CD66E6F 
 205      E868
 206 029b 4D75D0AA 		.ascii	"Mu\320\252\364\371+\374\325!k\227|\357/;\262\255\244"
 206      F4F92BFC 
 206      D5216B97 
 206      7CEF2F3B 
 206      B2ADA4
 207 02ae B8841E8B 		.ascii	"\270\204\036\213R\276\362*\253\312_a\205j\216{\313\003"
 207      52BEF22A 
 207      ABCA5F61 
 207      856A8E7B 
 207      CB03
 208 02c0 212BE00D 		.ascii	"!+\340\015d\302\342J\306\375A^\021\204c\030\010\005"
 208      64C2E24A 
 208      C6FD415E 
 208      11846318 
 208      0805
 209 02d2 FF000B42 		.ascii	"\377\000\013Bgz"
 209      677A
 210              		.text
 211              		.section	.gnu.lto__writes.bca5c1bf336ca59d,"",%progbits
 212 0000 789C9552 		.ascii	"x\234\225R\317KTQ\024\276\347\236\367\346\3158\223\375"
 212      CF4B5451 
 212      14BEE79E 
 212      F7E6CD38 
 212      93FD
 213 0012 032E8412 		.ascii	"\003.\204\022Q\310\207\341\"\212V\265\210 \012$h\027"
 213      51C887E1 
 213      228A56B5 
 213      88200A24 
 213      6817
 214 0024 2A0333E4 		.ascii	"*\0033\344\344\320\270i\345\365\327\230\331\302H'\033"
 214      E4D0B869 
 214      E5F5D798 
 214      D9C24827 
 214      1B
 215 0035 1E3131D4 		.ascii	"\03611\324,\",2\313\037\351KmJ\305\242T\210\212\026"
 215      2C222C32 
 215      CB1FE94B 
 215      6D4AC5A2 
 215      54888A16 
 216 0049 95853619 		.ascii	"\225\2056\031\021E\024N\235{\337\240\345J\2077\347\235"
 216      1145144E 
 216      9D7BDFA0 
 216      E54A8737 
 216      E79D
 217 005b 7BEEF9BE 		.ascii	"{\356\371\276\373\235\357>\027c\254Dc\354\030\275+\350"
ARM GAS  /tmp/cctvXCPu.s 			page 17


 217      FB9DEF3E 
 217      1763AC44 
 217      63EC18BD 
 217      2BE8
 218 006d 0F3A03DE 		.ascii	"\017:\003\336\371\204\261F7\347\330S\312D\236\366s\033"
 218      F984B146 
 218      37E7D853 
 218      CA449EF6 
 218      731B
 219 007f 133E04CD 		.ascii	"\023>\004\315)k\0002\021n`\015\0345h\200s\330\205\360"
 219      296B0032 
 219      116E600D 
 219      1C356880 
 219      73D885F0 
 220 0093 ACE5A685 		.ascii	"\254\345\246\205\035h!\003\215\226_g\342\357\362\345"
 220      1D682103 
 220      8D965F67 
 220      E2EFF2E5 
 221 00a3 12A09096 		.ascii	"\022\240\220\226\231\345t\237\257$%D\223\260/\216\354"
 221      99E5749F 
 221      AF242544 
 221      93B02F8E 
 221      EC
 222 00b4 BDD2DC7A 		.ascii	"\275\322\334z\300B\316b\324\335\007\005p\033\012\344"
 222      C042CE62 
 222      D4DD0705 
 222      701B0AE4 
 223 00c4 D977A084 		.ascii	"\331w\240\204zgg\346;\015<\004\214\362\013\337?\331"
 223      7A6767E6 
 223      3B0D3C04 
 223      8CF20BDF 
 223      3FD9
 224 00d6 BCF8AAC2 		.ascii	"\274\370\252\302e\222(\266[\210\320\017\370/\220J\014"
 224      659228B6 
 224      5B88D00F 
 224      F82F904A 
 224      0C
 225 00e7 EE4231B5 		.ascii	"\356B1\265\377\356\230\217y\360\210\202\236\377\230"
 225      FFEE988F 
 225      79F08882 
 225      9EFF98
 226 00f6 CA420E3A 		.ascii	"\312B\016:qMA5\270\267\036\2521\030P\320\025\321\025"
 226      714D4135 
 226      B8B71EAA 
 226      311850D0 
 226      15D115
 227 0109 CBC74A05 		.ascii	"\313\307J\005}?\235\3544r\320\327)\005\3450\270\036"
 227      7D3F9DEC 
 227      3472D0D7 
 227      2905E530 
 227      B81E
 228 011b CA190C41 		.ascii	"\312\031\014A\261\354\377\366e~\332\203G\025\366z\177"
 228      B1ECFFF6 
 228      657EDA83 
 228      4715F67A 
 228      7F
 229 012c DF94AF28 		.ascii	"\337\224\257(\251\260\351\230\036\027vK\241\205:\014"
ARM GAS  /tmp/cctvXCPu.s 			page 18


 229      A9B0E998 
 229      1E17764B 
 229      A1853A0C 
 230 013c FF0F973F 		.ascii	"\377\017\227?\352~{+\333\275\305\245\301}(\222f\220"
 230      EA7E7B2B 
 230      DBBDC5A5 
 230      C17D2892 
 230      6690
 231 014e 0723E062 		.ascii	"\007#\340b@I\357s\335\026\331?m\302\316.@j\324\273\025"
 231      4049EF73 
 231      DD16D93F 
 231      6DC2CE2E 
 231      406AD4BB 
 232 0163 E8481797 		.ascii	"\350H\027\227\001e\320(\030\272\014.\2714dp+E\036\220"
 232      0165D028 
 232      18BA0C2E 
 232      B9346470 
 232      2B451E90 
 233 0177 6E7841E6 		.ascii	"nxA\346>\220\3431v\206\270\351\326\204\315\332I7e\315"
 233      3E90E331 
 233      7686B8E9 
 233      D684CDDA 
 233      493765CD 
 234 018b 36FB004D 		.ascii	"6\373\000M\211\3444\227'\312\363\343\350aK\3204\270"
 234      89E43497 
 234      27CAF3E3 
 234      E8614BD0 
 234      34B8
 235 019d B854214B 		.ascii	"\270T!Kq\004\322\027k\035{j\310k\324\325p\303c3iW\002"
 235      7104D217 
 235      6B1D7B6A 
 235      C86BD4D5 
 235      70C36333 
 236 01b4 2E370A21 		.ascii	".7\012!h*7a`TNC{sm/\336x\315\033\302\331\342`C\002\272"
 236      682A3761 
 236      60544E43 
 236      7B736D2F 
 236      DE78CD1B 
 237 01cf E5480C1E 		.ascii	"\345H\014\036\200\251\250'\313\034f\276I\2521E%]\201"
 237      80A9A827 
 237      CB1C66BE 
 237      49AA3145 
 237      255D81
 238 01e2 7145D5DC 		.ascii	"qE\325\334\023\275\244;\\HB\211\221-@\313\223\361\212"
 238      13BDA43B 
 238      5C484289 
 238      912D40CB 
 238      93F18A
 239 01f5 D59A5739 		.ascii	"\325\232W9\334N\237FOin\326\336=jTr\205:\324\246\266"
 239      DC4E9F46 
 239      4F696ED6 
 239      DE3D6A54 
 239      72853AD4 
 240 020b EA847397 		.ascii	"\352\204s\227qt;\026dv;D\332\246\204\0320\241\204r)"
 240      71743B16 
 240      64763B44 
 240      DAA6841A 
ARM GAS  /tmp/cctvXCPu.s 			page 19


 240      30A18472 
 241 0220 F4A123D4 		.ascii	"\364\241#\324\212.\346\204\352D'\205f \232\310W\327"
 241      8A2EE684 
 241      EA442785 
 241      66209AC8 
 241      57D7
 242 0232 4C040303 		.ascii	"L\004\003\003\231WF\303\212p[\350\211\311\011!\015\015"
 242      995746C3 
 242      8A705BE8 
 242      89C90921 
 242      0D0D
 243 0244 4C35FB48 		.ascii	"L5\373H\215\205y\216\240\317\273\034\022\327\206\004"
 243      8D85798E 
 243      A0CFBB1C 
 243      12D78604 
 244 0254 ED90A63D 		.ascii	"\355\220\246=Z3\355\261\243%\026\005\207\305 \242\334"
 244      5A33EDB1 
 244      A3251605 
 244      87C520A2 
 244      DC
 245 0265 AC736755 		.ascii	"\254sgUm\343\264\223k\264S`\022\027[&o\207fs\324n\332"
 245      6DE3B493 
 245      6BB45360 
 245      12175B26 
 245      6F876673 
 246 027c F80104F6 		.ascii	"\370\001\004\366r\032\003\361\327K\244\217\017\244\321"
 246      721A03F1 
 246      D74BA48F 
 246      0FA4D1
 247 028b 64CB4133 		.ascii	"d\313A3P\027\362\233\247#\001s\277?r\242\276.l\326\004"
 247      5017F29B 
 247      A7230173 
 247      BF3F72A2 
 247      BE2E6CD6 
 248 02a0 82D5C1BA 		.ascii	"\202\325\301\272\210\271O\276\017W\036\337Y^VN\217I"
 248      88B94FBE 
 248      0F571EDF 
 248      595E564E 
 248      8F49
 249 02b2 A54055AD 		.ascii	"\245@U\255Y\033\2546#\365\247\374U\241\210\031\362\207"
 249      591BAC36 
 249      23F5A7FC 
 249      55A18819 
 249      F287
 250 02c4 7269590D 		.ascii	"riY\015\343\3010\257\016\303I\014E\302\177\001e\373"
 250      E3C130AF 
 250      0EC3490C 
 250      45C27F01 
 250      65FB
 251 02d6 66DF     		.ascii	"f\337"
 252              		.text
 253              		.section	.gnu.lto_msObjectInit.bca5c1bf336ca59d,"",%progbits
 254 0000 789C9D92 		.ascii	"x\234\235\222\337KTA\024\307\347{\347\336\273+\213\322"
 254      DF4B5441 
 254      14C7E77B 
 254      E7DEBB2B 
 254      8BD2
ARM GAS  /tmp/cctvXCPu.s 			page 20


 255 0012 430F513E 		.ascii	"C\017Q>\370\020\230/\016\366/\024\024AD\364\322K\224"
 255      F810982F 
 255      0EF62F14 
 255      144144F4 
 255      D24B94
 256 0025 CA955D72 		.ascii	"\312\225]rY\361\332C\021\354\325\325v\245\242\036\322"
 256      59F1DA43 
 256      11ECD5D5 
 256      76A5A21E 
 256      D2
 257 0036 62B9C862 		.ascii	"b\271\310b\232O\222aY\376\312\333\226V\352\032F\202"
 257      9A4F9261 
 257      59FECADB 
 257      9656EA1A 
 257      4682
 258 0048 BE546444 		.ascii	"\276TdD\011\031\241\220ZZgf7(\351%\207;\314\231\271"
 258      0919A190 
 258      5A5A6766 
 258      3728E925 
 258      873BCC99 
 259 005d E7FB3967 		.ascii	"\347\3739g\316\031\2231\326\316\031;E\353.\232\340\014"
 259      CE199331 
 259      D6CE193B 
 259      45EB2E9A 
 259      E00C
 260 006f DAD529C6 		.ascii	"\332\325)\306\352\375\032 \015\307\017\026\325\020\305"
 260      EAFD1A20 
 260      0DC70F16 
 260      D510C5
 261 007e 257E8D23 		.ascii	"%~\215#\035\377\320\257\225t94\274\353\263\276\013N"
 261      1DFFD0AF 
 261      95743934 
 261      BCEBB3BE 
 261      0B4E
 262 0090 D30E97E4 		.ascii	"\323\016\227\344\2554\345@/J\310k\272\261\307\345\027"
 262      AD34E540 
 262      2F4AC86B 
 262      BAB1C7E5 
 262      17
 263 00a1 B9CB019D 		.ascii	"\271\313\001\235\266_3\311\371\002\271\325PD\333\245"
 263      B65F33C9 
 263      F902B9D5 
 263      5044DBA5 
 264 00b1 2F331379 		.ascii	"/3\023y\3740\030\331+s}{\212;\035\247\301\361&;\270"
 264      FC3018D9 
 264      2B737D7B 
 264      8A3B1DA7 
 264      C1F1263B 
 265 00c6 B3DBE51C 		.ascii	"\263\333\345\034}\340\304\303=\024\342.\012\031\035"
 265      7DE0C4C3 
 265      3D14E22E 
 265      0A191D
 266 00d5 31DC4731 		.ascii	"1\334G1yw5\016\316\345\361\243J\331\363fy\305\237\223"
 266      7977350E 
 266      CEE5F1A3 
 266      4AD9F366 
 266      79C59F93 
ARM GAS  /tmp/cctvXCPu.s 			page 21


 267 00e9 FEE85452 		.ascii	"\376\350TR\035\0176Ku\206~%m\257\237\231\310\347\307"
 267      1D0F364B 
 267      75867E25 
 267      6DAF9F99 
 267      C8E7C7
 268 00fc 95F46D73 		.ascii	"\225\364ms\367e=']l\333~3\346\034t\271\201\201\315b"
 268      F7653D27 
 268      5D6CDB7E 
 268      33E61C74 
 268      B98181CD 
 269 0111 83615089 		.ascii	"\203aP\211\277u\245Gu~B\211\027Z\307\007\214\337q\263"
 269      BF75A547 
 269      757E4289 
 269      175AC707 
 269      8CDF71B3 
 270 0125 291B18FA 		.ascii	")\033\030\372\207t\030\305\322\377\335\235\215\226|"
 270      877418C5 
 270      D2FFDD9D 
 270      8D967C
 271 0134 53CF9608 		.ascii	"S\317\226\010\017a2\220q\373\245\3419\033?\343\216\367"
 271      0F613290 
 271      71FBA5E1 
 271      391B3FE3 
 271      8EF7
 272 0146 BE13AB07 		.ascii	"\276\023\253\007\002Tl\272\242\016\231\255\011\031\326"
 272      02546CBA 
 272      A20E99AD 
 272      0919D6
 273 0155 0F456009 		.ascii	"\017E`\011\322Q\037\034\2175sMZ1\217-\240a-\276>|^\342"
 273      D2511F1C 
 273      8F35734D 
 273      5A318F2D 
 273      A0612DBE 
 274 016d 28446B53 		.ascii	"(DkS\372\205O\326\227\253\014\207\322\23113\205\266"
 274      FA854FD6 
 274      97AB0C87 
 274      D2993133 
 274      85B6
 275 017f 7A6A526A 		.ascii	"zjRj\247\313\315$\025~\204\322\222?_\305g_\007D\267"
 275      A7CBCD24 
 275      157E84D2 
 275      923F5FC5 
 275      675F0744 
 276 0194 6C6091CB 		.ascii	"l`\221\313}\360\220B\213\352\036\036A\374\011\363)X"
 276      7DF09042 
 276      8BEA1E1E 
 276      41FC09F3 
 276      2958
 277 01a6 6C6D64A9 		.ascii	"lmd\251 \272\356P\233})\351Gg\253\323\237\023\001\031"
 277      20BAEE50 
 277      9B7D29E9 
 277      4767ABD3 
 277      9F130119 
 278 01ba 609BCBFD 		.ascii	"`\233\313\375xLo#\235\243\307:z\233@\3367(\362-H\306"
 278      784C6F23 
 278      9DA3C73A 
 278      7A9B40DE 
ARM GAS  /tmp/cctvXCPu.s 			page 22


 278      3728F22D 
 279 01d0 13E2137B 		.ascii	"\023\342\023{\024Q\231u\362\323\312\274/\227\365\177"
 279      14519975 
 279      F2D3CABC 
 279      2F97F57F 
 280 01e0 A4A9634C 		.ascii	"\244\251cL\245)+\207\247\020I\352\253\242\255n\205f"
 280      A5292B87 
 280      A71049EA 
 280      ABA2AD6E 
 280      8566
 281 01f2 E099A269 		.ascii	"\340\231\242i\222\366\\\322\314,mmk\264qES\355\235\220"
 281      92F65CD2 
 281      CC2C6D6D 
 281      6BB47145 
 281      53ED9D90 
 282 0206 34BFA42D 		.ascii	"4\277\244-\177\374\2765\332\244\242\351\222\226\371"
 282      7FFCBE35 
 282      DAA4A2E9 
 282      9296F9
 283 0215 BB210618 		.ascii	"\273!\006\030\246H\265\210\206\324\322\025\250\267$"
 283      A648B588 
 283      86D4D215 
 283      A8B724
 284 0224 4782EA42 		.ascii	"G\202\352B\357\202\256sH\004#aK\234\265\203b\277e\237"
 284      EF82AE73 
 284      48042361 
 284      4B9CB583 
 284      62BF659F 
 285 0238 AE8BD488 		.ascii	"\256\213\324\210\312`\250\"\024\261\305>\271\0369vr"
 285      CA60A822 
 285      14B1C53E 
 285      B91E3976 
 285      72
 286 0249 6F596919 		.ascii	"oYi\031}\202\216\202\345\325\242:T!\354\272Z\253<l\213"
 286      7D828E82 
 286      E5D5A23A 
 286      5421ECBA 
 286      5AAB3C6C 
 287 025e B015CE99 		.ascii	"\260\025\316\231\245\225\214\207\355\032\263\342LU\225"
 287      A5958C87 
 287      ED1AB3E2 
 287      4C5595
 288 026d 55ABDBA1 		.ascii	"U\253\333\241s\026\267\"\366/]\352T\003"
 288      7316B722 
 288      F62F5DEA 
 288      5403
 289              		.text
 290              		.section	.gnu.lto_vmt.bca5c1bf336ca59d,"",%progbits
 291 0000 789C6363 		.ascii	"x\234cc``\270\000\304>\014\0200\205\231q\347\3167\267"
 291      6060B800 
 291      C43E0C10 
 291      30859971 
 291      E7CE37B7 
 292 0014 D9EBFF36 		.ascii	"\331\353\3776t44<\350>\303\274\222y\0163\3034f\014\271"
 292      7434343C 
 292      E83EC3BC 
 292      92790E33 
ARM GAS  /tmp/cctvXCPu.s 			page 23


 292      C334660C 
 293 0029 05EF78E6 		.ascii	"\005\357x\34603Ncf\304\220\330\306\003\326\301\204!"
 293      30334E63 
 293      66C490D8 
 293      C603D6C1 
 293      8421
 294 003b F10D6814 		.ascii	"\361\015h\024\3234ff\014\211M@\011\346i\314,`\211\365"
 294      D3346666 
 294      0C894D40 
 294      09E669CC 
 294      2C6089F5 
 295 004f 6F76FEE4 		.ascii	"ov\376\344\355\006\212\2600\202\270/vv]\343\260\330"
 295      ED068AB0 
 295      3082B82F 
 295      76765DE3 
 295      B0D8
 296 0061 D6D0B1A0 		.ascii	"\326\320\261\240!a\0163\353Tf\006\306\035\2142S\231"
 296      21610E33 
 296      EB546606 
 296      C61D8C32 
 296      5399
 297 0073 1919B733 		.ascii	"\031\031\2673\326Oefb\334\006\242\230\031\267\202(\026"
 297      D64F6566 
 297      62DC06A2 
 297      9819B782 
 297      2816
 298 0085 C62D208A 		.ascii	"\306- \212\225q3c=\003\343NF\013\006/\375\214\374\334"
 298      95713363 
 298      3D03E34E 
 298      460B062F 
 298      FD8CFCDC 
 299 0099 54FDCAE2 		.ascii	"T\375\312\342\014}\227\324\342\354\222\374\002\375\344"
 299      0C7D97D4 
 299      E2EC92FC 
 299      02FDE4
 300 00a8 8CCCA4CC 		.ascii	"\214\314\244\314\374b}g\020\355\037\034od\250g\010D"
 300      FC627D67 
 300      10ED1F1C 
 300      6F64A867 
 300      0844
 301 00ba FA40A18C 		.ascii	"\372@\241\214\304\034\375\234\314$\375\342\222\242\324"
 301      C41CFD9C 
 301      CC24FDE2 
 301      92A2D4
 302 00c9 C4DC62FD 		.ascii	"\304\334b\375\334\324\\(S/\231\001\000\345\013gb"
 302      DCD45C28 
 302      532F9901 
 302      00E50B67 
 302      62
 303              		.text
 304              		.section	.gnu.lto_.symbol_nodes.bca5c1bf336ca59d,"",%progbits
 305 0000 789C5DC9 		.ascii	"x\234]\311\273\015\203@\024D\321\313,,e \271\022\250"
 305      BB0D8340 
 305      1444D1CB 
 305      2C2C6520 
 305      B912A8
 306 0013 ECBD8898 		.ascii	"\354\275\210\230\022\220{0\346\343\304\015\270\012B"
ARM GAS  /tmp/cctvXCPu.s 			page 24


 306      12907B30 
 306      E6E3C40D 
 306      B80A42
 307 0022 8A606544 		.ascii	"\212`eD\262\301\350Jg\"\360LCo\031\014?H\231\307\257"
 307      B2C1E84A 
 307      6722F04C 
 307      436F190C 
 307      3F4899C7 
 308 0037 C764B3AC 		.ascii	"\307d\263\254\310m\221)\267I\026r{\311\312\3346Yu\333"
 308      C86D9129 
 308      B7491672 
 308      7BC9CADC 
 308      365975DB 
 309 004b EA1D54AB 		.ascii	"\352\035T\253\360\007\204\342#\213\377\013\334\333$"
 309      F00784E2 
 309      238BFF0B 
 309      DCDB24
 310 005a A166EF8F 		.ascii	"\241f\357\217&\224W9\001\241\244,)"
 310      26945739 
 310      01A1A42C 
 310      29
 311              		.text
 312              		.section	.gnu.lto_.refs.bca5c1bf336ca59d,"",%progbits
 313 0000 789C6363 		.ascii	"x\234cc``\020\002bFV&6FV6&\026&f&\006&F&&\006\000\004"
 313      60601002 
 313      62465626 
 313      36465636 
 313      26162666 
 314 001d 480047   		.ascii	"H\000G"
 315              		.text
 316              		.section	.gnu.lto_.decls.bca5c1bf336ca59d,"",%progbits
 317 0000 789CAD56 		.ascii	"x\234\255VkP\024W\026\356\333w^\014\2171`\242\251e\263"
 317      6B501457 
 317      16EEDB77 
 317      5E0C8F31 
 317      60A2A965 
 318 0015 C6905AAA 		.ascii	"\306\220Z\252veD\253\222\374\331?\233\255\332\315Ve"
 318      766544AB 
 318      92FCD93F 
 318      9BADDACD 
 318      5665
 319 0027 F3C3CD56 		.ascii	"\363\303\315V\271?v\034\306F&\013\203\305\014\353\262"
 319      B93F761C 
 319      C646260B 
 319      83C50CEB 
 319      B2
 320 0038 BF5A1E8A 		.ascii	"\277Z\036\212\017\024\004\021\004\224\250\210\274\004"
 320      0F140411 
 320      0494A888 
 320      BC04
 321 0046 049F3C1C 		.ascii	"\004\237<\034A\361\215\010>\243\010\022\024\361\001"
 321      41F18D08 
 321      3EA30812 
 321      14F101
 322 0055 2A0801D4 		.ascii	"*\010\001\324\331s\357\355\231n\206!\273\251J\027\207"
 322      D973EFED 
 322      996E8621 
ARM GAS  /tmp/cctvXCPu.s 			page 25


 322      BBA94A17 
 322      87
 323 0066 9E7BFADC 		.ascii	"\236{\372\334\357\373\316\271\347\366m\015\307q\266"
 323      EFFBCEB9 
 323      E7F66D0D 
 323      C771B6
 324 0075 391C57CB 		.ascii	"9\034W\313s\\/\230\013.\035\370N\201i\300L`\215`'\301"
 324      735C2F98 
 324      0B2E1DF8 
 324      4E8169C0 
 324      4C608D60 
 325 008b 5AC1DAC0 		.ascii	"Z\301\332\300\374\021G/-\230\001~\277\003\026\002\366"
 325      FC11472F 
 325      2D98017E 
 325      BF031602 
 325      F6
 326 009c 2ED83CB0 		.ascii	".\330<\260\017\300\"\300H\230Q\212u_\277\002\016=\334"
 326      0FC022C0 
 326      4898518A 
 326      755FBF02 
 326      0E3DDC
 327 00af 83C1E682 		.ascii	"\203\301\346\202\335Qp\020\334\345\022\227\037b|\030"
 327      DD517010 
 327      DCE51297 
 327      1F627C18 
 328 00bf 0CC16F35 		.ascii	"\014\301o5\230V\3024xa\222\353\243Yp\011&\301\366\205"
 328      9856C234 
 328      786192EB 
 328      A3597009 
 328      26C1F685 
 329 00d3 4B30B102 		.ascii	"K0\261\002\367\035\037\270\277\376\211zyn:f\210\017"
 329      F71D1FB8 
 329      BFFE897A 
 329      796E3A66 
 329      880F
 330 00e5 CCDF7861 		.ascii	"\314\337xa\266J\230'\025\230\004o1\330'h\246V\302\361"
 330      B64A9827 
 330      1598046F 
 330      31D82768 
 330      A656C2F1 
 331 00f9 AE5463EF 		.ascii	"\256Tc\357\313\010\017\375}`\267q3\365*\361\2255&\370"
 331      CB080FFD 
 331      7D60B771 
 331      33F52AF1 
 331      953526F8 
 332 010d F366C1FF 		.ascii	"\363f\301\377\035<\364\203\373\012\005\007\301u\367"
 332      1D3CF483 
 332      FB0A0507 
 332      C175F7
 333 011c 07C17D03 		.ascii	"\007\301}\003\367\327D3\251\207\273\026H\316\201\300"
 333      F7D74433 
 333      A987BB16 
 333      48CE81C0 
 334 012c 7E304B7F 		.ascii	"~0K\177\230x\326w}`\335`\217\300\206\244\365#\230\344"
 334      9878D677 
 334      7D60DD60 
 334      8FC086A4 
ARM GAS  /tmp/cctvXCPu.s 			page 26


 334      F52398E4 
 335 0140 D90F60AF 		.ascii	"\331\017`\257\300\246\300F\301&\300\306%\276\020\251"
 335      C0A6C046 
 335      C126C0C6 
 335      25BE10A9 
 336 0150 1F0D8A7E 		.ascii	"\037\015\212~\364\276r0\252N\353/\323m\302(T\217\\\210"
 336      F4BE7230 
 336      AA4EEB2F 
 336      D36DC228 
 336      548F5C88 
 337 0164 8C9F1E9F 		.ascii	"\214\237\036\237\010dc\362\270a\362u\213\036\363\364"
 337      086463F2 
 337      B861F275 
 337      8B1EF3F4 
 338 0174 77F18BAE 		.ascii	"w\361\213\256\035\332\210J\221]\272B\314\241\303\010"
 338      1DDA884A 
 338      915DBA42 
 338      CCA1C308 
 339 0184 BB81EA9D 		.ascii	"\273\201\352\235#U*\3745\211\344k\253\372\277A\341\372"
 339      23552AFC 
 339      3589E46B 
 339      ABFABF41 
 339      E1FA
 340 0196 FD24CEE9 		.ascii	"\375$\316\351*\210H[/\212<:\216\364\350(\302\350\010"
 340      2A88485B 
 340      2F8A3C3A 
 340      8EF4E828 
 340      C2E808
 341 01a9 8A20750E 		.ascii	"\212 u\016%+\237.\212\311\242\270W\304\3639\2644\024"
 341      252B9F2E 
 341      8AC9A2B8 
 341      57C4F339 
 341      B43414
 342 01bc 2D0EE5D0 		.ascii	"-\016\345\3201\024N\330I\024\252G\241\250\016\205\022"
 342      31144ED8 
 342      4914AA47 
 342      A1A80E85 
 342      12
 343 01cd FCB2DD07 		.ascii	"\374\262\335\007N\007\342\014D\011\356U\015\267c\017"
 343      4E07E20C 
 343      4409EE55 
 343      0DB7630F 
 344 01dd C370F9C2 		.ascii	"\303p\371\302\2724\302\320\010\014'd\006 \364M\321\340"
 344      BA34C2D0 
 344      080C2764 
 344      0620F44D 
 344      D1E0
 345 01ef 83824C06 		.ascii	"\203\202L\006\232\253\2515\205\030\362\017\326#\025"
 345      9AABA935 
 345      8518F20F 
 345      D62315
 346 01fe 0C5F5CDE 		.ascii	"\014_\\\336\371}\020\014\347\352\321\002\030\226\327"
 346      F97D100C 
 346      E7EAD102 
 346      1896D7
 347 020d 57EE3704 		.ascii	"W\3567\004l$\210\305)\242\337\237(c3 4\001\002\207N"
 347      6C2488C5 
ARM GAS  /tmp/cctvXCPu.s 			page 27


 347      29A2DF9F 
 347      28633320 
 347      34010287 
 348 0222 A200520D 		.ascii	"\242\000R\015r\207\340\356se\025\004j9\224\026.\203"
 348      7287E0EE 
 348      73651504 
 348      6A399416 
 348      2E83
 349 0234 A2BACB59 		.ascii	"\242\272\313Yu\367M\014\037\015\300\307XN\227;\306O"
 349      75F74D0C 
 349      1F0DC0C7 
 349      584E973B 
 349      C64F
 350 0246 E8903E3C 		.ascii	"\350\220><\335\203\316y\240\321iP\274\\R|\012\234Np"
 350      DD83CE79 
 350      A0D16950 
 350      BC5C527C 
 350      0A9C4E70 
 351 025a 4AE5AD5E 		.ascii	"J\345\255^\330pO\024\027\240V\220\322\"'\277\234\344"
 351      D8704F14 
 351      17A05690 
 351      D22227BF 
 351      9CE4
 352 026c 4E9CC033 		.ascii	"N\234\30031\320\"\252\364R!\322\377G! \276\343J\325"
 352      31D022AA 
 352      F45221D2 
 352      FF472120 
 352      BEE34AD5 
 353 0280 30AF4CF3 		.ascii	"0\257L\363\314\2644\333\2444\333h\232\235\317/\025\371"
 353      CCB434DB 
 353      A434DB68 
 353      9A9DCF2F 
 353      15F9
 354 0292 B38ACD81 		.ascii	"\263\212\315\201\341\316\206\321\013j6\324\301p\274"
 354      E1CE86D1 
 354      0B6A36D4 
 354      C170BC
 355 02a1 B4E58C0A 		.ascii	"\264\345\214\012\277\244)\242=k\257_\014\304clP\232"
 355      BFA429A2 
 355      3D6BAF5F 
 355      0CC4636C 
 355      509A
 356 02b3 DA70DB0F 		.ascii	"\332p\333\017O\261A\226k\3375?\234\314\032\255\272{"
 356      4FB14196 
 356      6BDF353F 
 356      9CCC1AAD 
 356      BA7B
 357 02c5 4F7A205E 		.ascii	"Oz ^\307\006\007+\247j\364*\330\014\310\024\200l*\342"
 357      C706072B 
 357      A76AF42A 
 357      D80CC814 
 357      806C2AE2 
 358 02d9 3AE31A77 		.ascii	":\343\032w\032\030\005\257\0200\227\011H\313\250\332"
 358      1A1805AF 
 358      10309709 
 358      48CBA8DA 
 359 02e9 A187A186 		.ascii	"\241\207\241\206\225]\013\256\376\347\223GT\314Ej\366"
ARM GAS  /tmp/cctvXCPu.s 			page 28


 359      955D0BAE 
 359      FEE79347 
 359      54CC456A 
 359      F6
 360 02fa 6F7015E5 		.ascii	"op\025\345\337\255\015\302\033)\007\337\334u,5P\321"
 360      DFAD0DC2 
 360      1B2907DF 
 360      DC752C35 
 360      50D1
 361 030c B09FE43F 		.ascii	"\260\237\344?'\025\275\016Yw\311\025\325H\335$\316X"
 361      2715BD0E 
 361      5977C915 
 361      D548DD24 
 361      CE58
 362 031e 9D6B5046 		.ascii	"\235kPF\215T\306Np^ee|9\361\274^\205s\030G]\366\353"
 362      8D54C64E 
 362      705E6565 
 362      7C39F1BC 
 362      5E857318 
 363 0336 BC2045CB 		.ascii	"\274 E\313.9L[\366\026p\334\2209\256\243YIn\372&\271"
 363      2E394C5B 
 363      F61670DC 
 363      9039AEA3 
 363      59496EFA 
 364 034c B9B9EB8E 		.ascii	"\271\271\353\216\006\0272\222\243\027\357N\311\373\342"
 364      06173292 
 364      A317EF4E 
 364      C9FBE2
 365 035b E6A50505 		.ascii	"\346\245\005\005/I\"w\200\344\266Lrkv\222\357|\223<"
 365      2F492277 
 365      80E4B64C 
 365      726B7692 
 365      EF7C933C 
 366 036f 10FBAA82 		.ascii	"\020\373\252\202\346\347\222\031\231)\342\034\236\""
 366      E6E79219 
 366      9929E21C 
 366      9E22
 367 037d 76C0F32B 		.ascii	"v\300\363+\264!\356\242\371\360\277\035\251\330\253"
 367      B421EEA2 
 367      F9F0BF1D 
 367      A9D8AB
 368 038c A0626BC5 		.ascii	"\240bk\305<e\367\300cE\367t\263\356\2018\327\360\310"
 368      3C65F7C0 
 368      6345F774 
 368      B3EE8138 
 368      D7F0C8
 369 039f BD00FC80 		.ascii	"\275\000\374\200\255s}Og\251?]g\262\247\330B\237\336"
 369      AD737D4F 
 369      67A93F5D 
 369      67B2A7D8 
 369      429FDE
 370 03b2 B869997B 		.ascii	"\270i\231{\351{\020uM\336\030L\326\315\256\344>U\322"
 370      E97B1075 
 370      4DDE184C 
 370      D6CDAEE4 
 370      3E55D2
 371 03c5 EB56327E 		.ascii	"\353V2~\253\251cZ#\337\237&\245\317#eh\335\211\356 "
ARM GAS  /tmp/cctvXCPu.s 			page 29


 371      ABA9635A 
 371      23DF9F26 
 371      A5CF2365 
 371      68DD89EE 
 372 03da 3CC8A414 		.ascii	"<\310\244\024\366glQS\336V\217\224\306\316\332\007\314"
 372      F6676C51 
 372      53DE568F 
 372      94C6CEDA 
 372      07CC
 373 03ec 079B1BF5 		.ascii	"\007\233\033\36531o\232OUb\267\300\007\3147T\237\274"
 373      33316F9A 
 373      4F5562B7 
 373      C007CC37 
 373      549FBC
 374 03ff 81570A6C 		.ascii	"\201W\012l\235&p\200\012|\350\026\330|\270\254\007)"
 374      9D267080 
 374      0A7CE816 
 374      D87CB8AC 
 374      0729
 375 0411 050E4C13 		.ascii	"\005\016L\023\370\310#\360\372\300\3611\177<4\273\300"
 375      F8C823F0 
 375      FAC0F131 
 375      7F3C34BB 
 375      C0
 376 0422 BBD97D0D 		.ascii	"\273\331}\015\254~\260-\321c&&cT\274bp\013|\302|e\335"
 376      AC7EB02D 
 376      D1632626 
 376      6354BC62 
 376      700B7CC2 
 377 0439 5BB71866 		.ascii	"[\267\030f\027\370\214\012|\352\026x\240\344M\225\237"
 377      17F88C0A 
 377      7CEA1678 
 377      A0E44D95 
 377      9F
 378 044a 52E0B369 		.ascii	"R\340\263i\002\207<\002\017v>z\305\343Q&\260\263\261"
 378      02873C02 
 378      0F763E7A 
 378      C5E35126 
 378      B0B3B1
 379 045d A23D08A7 		.ascii	"\242=\010\247b:\030J}\320+\275 \346\303\260\2461\365"
 379      623A184A 
 379      7DD02BBD 
 379      20E6C3B0 
 379      A631F5
 380 0470 99F44A75 		.ascii	"\231\364Ju\222\023'\245\266\266S\205\263h\254\356bu"
 380      921327A5 
 380      B6B65385 
 380      B368ACEE 
 380      6275
 381 0482 2E466161 		.ascii	".Faa!aaa\341a{\010\253\323\365\370\263\243\365\242\270"
 381      21616161 
 381      E1617B08 
 381      ABD3F5F8 
 381      B3A3F5A2 
 382 0497 4143960B 		.ascii	"AC\226\013\335\2036\036C!r\307\236\243:\232\311\177"
 382      DD83361E 
 382      432172C7 
ARM GAS  /tmp/cctvXCPu.s 			page 30


 382      9EA33A9A 
 382      C97F
 383 04a9 8E4DE840 		.ascii	"\216M\350@\347\026\023ah\320;\326(\207f\321\374\301"
 383      E7161361 
 383      68D03BD6 
 383      288766D1 
 383      FCC1
 384 04bb 2051F412 		.ascii	" Q\364\022\002^\220\200\347\322\014\350\1774\011[\341"
 384      025E9080 
 384      E7D20CE8 
 384      7F34095B 
 384      E1
 385 04cc 0714865E 		.ascii	"\007\024\206^\201M\201\215\202M\200\215\2430z\346)\310"
 385      814D818D 
 385      824D808D 
 385      A3307AE6 
 385      29C8
 386 04de 88B0116F 		.ascii	"\210\260\021o\262\263\276\205\221j\017\373\024\026\351"
 386      B2B3BE85 
 386      916A0FFB 
 386      1416E9
 387 04ed 15091B05 		.ascii	"\025\011\033\005]\366\215JC\331&\037Z\217\3410&A\234"
 387      5DF68D4A 
 387      43D9261F 
 387      5A8FE130 
 387      26419C
 388 0500 B4BF6571 		.ascii	"\264\277eqc\237\356\024\235\260\012\320F\350{\337\205"
 388      639FEE14 
 388      9DB00AD0 
 388      46E87BDF 
 388      85
 389 0511 A348B00A 		.ascii	"\243H\260\012y\035#\347\264!RU\322g\255\012\367\243"
 389      791D23E7 
 389      B4215255 
 389      D267AD0A 
 389      F7A3
 390 0523 25019C27 		.ascii	"%\001\234'\273\352\207\324\312~y\255\340\344\320\033"
 390      BBEA87D4 
 390      CA7E79AD 
 390      E0E4D01B 
 391 0533 4FBFBC78 		.ascii	"O\277\274x]t\324\217u\305\\\262\225z23\265\254+\212"
 391      5D74D48F 
 391      75C55CB2 
 391      957A3233 
 391      B5AC2B8A 
 392 0547 49578C66 		.ascii	"IW\214f\177\327\023\204\373hWh\367W\324\255\323B[@_"
 392      7FD71384 
 392      FB685768 
 392      F757D4AD 
 392      D3425B40 
 393 055c B8BBE2C2 		.ascii	"\270\273\342\302\373,5R\316\013\240/\225\367\235\032"
 393      FB2C3552 
 393      CE0BA02F 
 393      95F79D1A 
 394 056c 8B6ECB0F 		.ascii	"\213n\313\017\335\233\"BM\201\037]\362\016\367\256~"
 394      DD9B2242 
 394      4D811F5D 
ARM GAS  /tmp/cctvXCPu.s 			page 31


 394      F20EF7AE 
 394      7E
 395 057d 7BBE4606 		.ascii	"{\276F\006\027y\257h\305\012Lk\"\027\004\274\245\317"
 395      1779AF68 
 395      C50A4C6B 
 395      221704BC 
 395      A5CF
 396 058f 4838E9A0 		.ascii	"H8\351\240u|8J\346\303\320z\260\265`i`)\374\214\356"
 396      757C384A 
 396      E6C3D07A 
 396      B0B56069 
 396      6029FC8C 
 397 05a4 212CE77D 		.ascii	"!,\347}\247\300\272\207-\364X^\360Z`\"a3W\332#\231\274"
 397      A7C0BA87 
 397      2DF4585E 
 397      F05A6022 
 397      613357DA 
 398 05bb 9D2EFA4C 		.ascii	"\235.\372L\220aAi\267\227\337\270\251\303\203\230\035"
 398      90614169 
 398      B797DFB8 
 398      A9C38398 
 398      1D
 399 05cc 4B67DFAC 		.ascii	"Kg\337\254G($\334g*h#d\360\377d\303\024v\276O:q\003"
 399      472824DC 
 399      672A6823 
 399      64F0FF64 
 399      C31476BE 
 400 05e4 C4A7F39E 		.ascii	"\304\247\363\236\303\206\310\245\264\353\257\334o\322"
 400      C386C8A5 
 400      B4EBAFDC 
 400      6FD2
 401 05f2 2B3B6303 		.ascii	"+;c\003\257\354\214M<\373\250\200;\004\2378\325t\322"
 401      AFEC8C4D 
 401      3CFBA880 
 401      3B049F38 
 401      D574D2
 402 0605 BF07B600 		.ascii	"\277\007\266\000yw\315\241\034\010\261\377p'F\307.\367"
 402      7977CDA1 
 402      1C08B1FF 
 402      702746C7 
 402      2EF7
 403 0617 85981FBC 		.ascii	"\205\230\037\274<\273I\241d\340\236\202<\036^\302\340"
 403      3CBB49A1 
 403      64E09E82 
 403      3C1E5EC2 
 403      E0
 404 0628 DDB8F44F 		.ascii	"\335\270\364O\002@JT\366\234\321\271/\216\3053=\362"
 404      02404A54 
 404      F69CD1B9 
 404      2F8EC533 
 404      3DF2
 405 063a 3CE6E265 		.ascii	"<\346\342e2\305\224\031Z9\317c\217(9I$m\221\322\302"
 405      32C59419 
 405      5A39CF63 
 405      8F283949 
 405      246D91D2 
 406 064f 7C752FBC 		.ascii	"|u/\274\3618\364w\216\313\324\331\350\333\364lS\341"
ARM GAS  /tmp/cctvXCPu.s 			page 32


 406      F138F477 
 406      8ECBD4D9 
 406      E8DBF46C 
 406      53E1
 407 0661 69031E63 		.ascii	"i\003\036c\257\326\253\007\2732\203\026\026\213\316"
 407      AFD6AB07 
 407      BB328316 
 407      168BCE
 408 0670 5ED1D9E3 		.ascii	"^\321\331\343\372m^\343#Q\324\253\350)\267E^\002\370"
 408      FA6D5EE3 
 408      2351D4AB 
 408      E829B745 
 408      5E02F8
 409 0683 09FF33F8 		.ascii	"\011\3773\370^\2046\363=\000\267\225_\010\223S\373*"
 409      5E8436F3 
 409      3D00B795 
 409      5F089353 
 409      FB2A
 410 0695 D274B84D 		.ascii	"\322t\270ME\2216\015\236_*\001=&[\013\276\024\341\353"
 410      4591360D 
 410      9E5F2A01 
 410      3D265B0B 
 410      BE14E1EB 
 411 06a9 849CDC99 		.ascii	"\204\234\334\2312P\2467P\026\005\372\266\345I\223\001"
 411      3250A637 
 411      501605FA 
 411      B6E54993 
 411      01
 412 06ba 5F6440E7 		.ascii	"_d@\347\\c\345\376\022R\313/<HD\3226\031i\2337R6Ej\273"
 412      5C63E5FE 
 412      1252CB2F 
 412      3C4844D2 
 412      3619699B 
 413 06d4 3330A1C1 		.ascii	"30\241\301\235\014\351NjI\227JBj\037\307\036(rD\346"
 413      9D0CE94E 
 413      6A49974A 
 413      426A1FC7 
 413      1E287244 
 414 06e9 C85039DE 		.ascii	"\310P9\336P\333)TWyc\014\276\315\220\236Vn\337\247\227"
 414      50DB2954 
 414      5779630C 
 414      BECD909E 
 414      566EDFA7 
 415 06fe 90264BB0 		.ascii	"\220&K\260\230\0038s\350I\226+\343\344z\343\354\240"
 415      98033873 
 415      E849962B 
 415      E3E47AE3 
 415      ECA0
 416 0710 38BB72B7 		.ascii	"8\273r\267\275\365\307\367U\263\036\27455\347+\220\307"
 416      BDF5C7F7 
 416      55B31EBC 
 416      3535E72B 
 416      90C7
 417 0722 97CF53E7 		.ascii	"\227\317S\347\346\274\262v\235\347sa's\366\236\275~"
 417      E6BCB276 
 417      9DE77361 
 417      2773F69E 
ARM GAS  /tmp/cctvXCPu.s 			page 33


 417      BD7E
 418 0734 95454293 		.ascii	"\225EB\223\243\002\346\274\226u|B\243<\216W\274\247"
 418      A302E6BC 
 418      96757C42 
 418      A33C8E57 
 418      BCA7
 419 0746 388D8B78 		.ascii	"8\215\213xr\032\027\362\322i\374\354\331H0\344Q\014"
 419      721A17F2 
 419      D269FCEC 
 419      D94830E4 
 419      510C
 420 0758 793CDC15 		.ascii	"y<\334\025\340\251\010D\241<9\223<\357Lv\321L\012\312"
 420      E0A90844 
 420      A13C3993 
 420      3CEF4C76 
 420      D14C0ACA 
 421 076c 1BEA3478 		.ascii	"\033\3524x\210er\271zp\223\006\277b\203\232\202\207"
 421      886572B9 
 421      7A709306 
 421      BF62839A 
 421      8287
 422 077e 17B4200C 		.ascii	"\027\264 \014\025\223\231\324\263\326Y\032\210'\331"
 422      159399D4 
 422      B3D6591A 
 422      8827D9
 423 078d E33D25BB 		.ascii	"\343=%\273:\375\310\343=\360\030}\313t\373*Ek\325\224"
 423      3AFDC8E3 
 423      3DF0187D 
 423      CB74FB2A 
 423      456BD594 
 424 07a1 937D0F99 		.ascii	"\223}\017\231\003\320>\026Wt\274\277\310\317\375\011"
 424      03D03E16 
 424      5774BCBF 
 424      C8CFFD09 
 425 07b1 52C27C37 		.ascii	"R\302|7R6\217\005}\230\254\336-\352([S\376`\235\212"
 425      52368F05 
 425      7D98ACDE 
 425      2DEA285B 
 425      53FE609D 
 426 07c6 C694F21F 		.ascii	"\306\224\362\037R\317X_F\266"
 426      52CF585F 
 426      46B6
 427 07d0 16A7AA29 		.ascii	"\026\247\252)\377\213\335#\3735\204\277\014r<@jA\016"
 427      FF8BDD23 
 427      FB3584BF 
 427      0C723C40 
 427      6A410E
 428 07e3 88BBF98D 		.ascii	"\210\273\371\215j\274\231ET\354\330\327A\023\250 \012"
 428      6ABC9945 
 428      54ECD8D7 
 428      4113A820 
 428      0A
 429 07f4 CB19CBBA 		.ascii	"\313\031\313\272\267\271uXYY\020 U\026UB\010\252\242"
 429      B7B97558 
 429      59591020 
 429      55165542 
 429      08AAA2
ARM GAS  /tmp/cctvXCPu.s 			page 34


 430 0807 C5DDEF2E 		.ascii	"\305\335\357.n{\371\3413Z\250n/4\312@\371G'\017=\022"
 430      6E7BF9E1 
 430      335AA86E 
 430      2F34CA40 
 430      F947270F 
 431 081d D3378A8B 		.ascii	"\3237\212\213\3054L\"\321nw\201\321^^EFl\303\036\244"
 431      C5344C22 
 431      D16E7781 
 431      D15E5E45 
 431      466CC31E 
 432 0832 B53D74A1 		.ascii	"\265=t\241\261\204\377x\257\330\341$\033qqa\016|\334"
 432      B184FF78 
 432      AFD8E124 
 432      1B717161 
 432      0E7CDC
 433 0845 07D3B3EF 		.ascii	"\007\323\263\357\022\373\356\366\234\246\034\365\374"
 433      12FBEEF6 
 433      9CA61CF5 
 433      FC
 434 0852 03B456F3 		.ascii	"\003\264V\363\037\303\314\015\303\303\255\323^\213\204"
 434      1FC3CC0D 
 434      C3C3ADD3 
 434      5E8B84
 435 0861 4B7E2DD6 		.ascii	"K~-\326H\257\305\032\372Z\364U\364\261+C\301\356\371"
 435      48AFC51A 
 435      FA5AF455 
 435      F4B12B43 
 435      C1EEF9
 436 0874 C9303FEA 		.ascii	"\3110?\352=\305t\263\373\270-kn*g_\202\207\240\367j"
 436      3DC574B3 
 436      FBB82D6B 
 436      6E2A675F 
 436      8287A0F7 
 437 0889 799F5357 		.ascii	"y\237SW(\247B\265X?A\340\255\251c\257\330\354z\230]"
 437      28A742B5 
 437      583F41E0 
 437      ADA963AF 
 437      D8EC7A98 
 438 089e C7661764 		.ascii	"\307f\027de\207\376Xy\217\320\362\036\246\345\245\203"
 438      6587FE58 
 438      798FD0F2 
 438      1EA6E5A5 
 438      83
 439 08af 2F8C31F1 		.ascii	"/\2141\361q\2021\311\036c\374\203`\377\247#~\265\321"
 439      718231C9 
 439      1E63FC83 
 439      60FFA723 
 439      7EB5D1
 440 08c2 12638DB2 		.ascii	"\022c\215\262\306\333\215\237\223\373W\313LK\"#\"\341"
 440      C6DB8D9F 
 440      93FB57CB 
 440      4C4B2223 
 440      22E1
 441 08d4 CF08AE18 		.ascii	"\317\010\256\030s\2541\326\032e\264;\022\004s\234\335"
 441      73AC31D6 
 441      1A65B43B 
 441      1204739C 
ARM GAS  /tmp/cctvXCPu.s 			page 35


 441      DD
 442 08e5 1827C449 		.ascii	"\030'\304I?#,\272?\376\345\353\005\237GFr~&S\242\325"
 442      3F232CBA 
 442      3FFEE5EB 
 442      059F4746 
 442      727E2653 
 443 08fb E6F8CCE4 		.ascii	"\346\370\314\344XdL\264'\030\2556Kl\342J\301h\023\326"
 443      58644CB4 
 443      2718AD36 
 443      4B6CE24A 
 443      C16813D6 
 444 090f 90B97166 		.ascii	"\220\271qf \260\011F\323J!\332\234\030\35309\222V\013"
 444      20B00946 
 444      D34A21DA 
 444      9C18EB30 
 444      3992560B 
 445 0923 F688184E 		.ascii	"\366\210\030N+\315Z\350k\226=\311n4\331\035+!\004B5"
 445      2BCD5AE8 
 445      6B963DC9 
 445      6E34D91D 
 445      2B210442 
 446 0938 76EB7F04 		.ascii	"v\353\177\004\223c\011\215$\217WY,FsB\334\"[\274MX$"
 446      9363098D 
 446      248F5759 
 446      2C467342 
 446      DC225BBC 
 447 094f 98A3ACC6 		.ascii	"\230\243\254\306O#\226\202f7\012\314\004:\230\211\205"
 447      4F239682 
 447      66370ACC 
 447      043A9889 
 447      85
 448 0960 78BB8ACC 		.ascii	"x\273\212\314\326D%FG\013\011\370_q\016\274Jp\200h\200"
 448      D6442546 
 448      470B09F8 
 448      5F710EBC 
 448      4A708068 
 449 0975 5EBAC4E4 		.ascii	"^\272\304\344\320Jwu\234}\225\311\361\373\237T\237\004"
 449      D04A7775 
 449      9C7D95C9 
 449      F1FB9F54 
 449      9F04
 450 0987 8787D112 		.ascii	"\207\207\321\022#\230\023b\223\010\345\352D\207\012"
 450      23981362 
 450      9308E5EA 
 450      44870A
 451 0996 8AB452BD 		.ascii	"\212\264R\275&\301\352\020\014V\233\335a\266Y\004S|"
 451      26C1EA10 
 451      0C569BDD 
 451      61B65904 
 451      537C
 452 09a8 74B45D70 		.ascii	"t\264]p\004|)\304-\243E\374\333\227\177U'\332@\314\237"
 452      047C29C4 
 452      2DA345FC 
 452      DB977F55 
 452      27DA40CC 
 453 09bd 7FAE4581 		.ascii	"\177\256E\201J\311$\361\011I\214Ge\002E?\033\207\205"
 453      4AC924F1 
ARM GAS  /tmp/cctvXCPu.s 			page 36


 453      09498C47 
 453      6502453F 
 453      1B8785
 454 09d0 539940B3 		.ascii	"S\231@\263\306D\245kL$S\273\326Ds\265\007\304\331\277"
 454      C644A56B 
 454      4C2453BB 
 454      D64473B5 
 454      07C4D9BF 
 455 09e4 8AFA46B0 		.ascii	"\212\372F\2608\276\260Y\035\032\230eY\235\244\212\025"
 455      38BEB059 
 455      1D1A9865 
 455      599DA48A 
 455      15
 456 09f5 CCD15A5B 		.ascii	"\314\321Z[\274#&!~\015\212\324F\333\026\330W\013\026"
 456      BC232621 
 456      7E0D8AD4 
 456      46DB16D8 
 456      570B16
 457 0a08 F0D86C89 		.ascii	"\360\330l\211\261\261\277\364\271\374\216\004\253m\025"
 457      B1B1BFF4 
 457      B9FC8E04 
 457      AB6D15
 458 0a17 E4F35FA8 		.ascii	"\344\363_\250\243\233\215"
 458      A39B8D
 459              		.text
 460              		.section	.gnu.lto_.symtab.bca5c1bf336ca59d,"",%progbits
 461 0000 6D734F62 		.ascii	"msObjectInit\000"
 461      6A656374 
 461      496E6974 
 461      00
 462 000d 00       		.ascii	"\000"
 463 000e 00       		.ascii	"\000"
 464 000f 00       		.ascii	"\000"
 465 0010 00000000 		.ascii	"\000\000\000\000\000\000\000\000"
 465      00000000 
 466 0018 1E010000 		.ascii	"\036\001\000\000"
 467              		.text
 468              		.section	.gnu.lto_.opts,"",%progbits
 469 0000 272D666D 		.ascii	"'-fmath-errno' '-fsigned-zeros' '-ftrapping-math' '"
 469      6174682D 
 469      6572726E 
 469      6F272027 
 469      2D667369 
 470 0033 2D666E6F 		.ascii	"-fno-trapv' '-fno-openmp' '-fno-openacc' '-mcpu=cor"
 470      2D747261 
 470      70762720 
 470      272D666E 
 470      6F2D6F70 
 471 0066 7465782D 		.ascii	"tex-m3' '-mthumb' '-O2' '-fomit-frame-pointer' '-fa"
 471      6D332720 
 471      272D6D74 
 471      68756D62 
 471      2720272D 
 472 0099 6C69676E 		.ascii	"lign-functions=16' '-ffunction-sections' '-fdata-se"
 472      2D66756E 
 472      6374696F 
 472      6E733D31 
ARM GAS  /tmp/cctvXCPu.s 			page 37


 472      36272027 
 473 00cc 6374696F 		.ascii	"ctions' '-fno-common' '-flto'\000"
 473      6E732720 
 473      272D666E 
 473      6F2D636F 
 473      6D6D6F6E 
 474              		.text
 475              		.comm	__gnu_lto_v1,1,1
 476              		.comm	__gnu_lto_slim,1,1
 477              		.ident	"GCC: (15:7-2018-q2-6) 7.3.1 20180622 (release) [ARM/embedded-7-branch revision 261907]"
ARM GAS  /tmp/cctvXCPu.s 			page 38


DEFINED SYMBOLS
                            *ABS*:0000000000000000 memstreams.c
                            *COM*:0000000000000001 __gnu_lto_v1
                            *COM*:0000000000000001 __gnu_lto_slim

NO UNDEFINED SYMBOLS
