ARM GAS  /tmp/ccLaIwIB.s 			page 1


   1              		.cpu cortex-m3
   2              		.eabi_attribute 20, 1
   3              		.eabi_attribute 21, 1
   4              		.eabi_attribute 23, 3
   5              		.eabi_attribute 24, 1
   6              		.eabi_attribute 25, 1
   7              		.eabi_attribute 26, 1
   8              		.eabi_attribute 30, 2
   9              		.eabi_attribute 34, 1
  10              		.eabi_attribute 18, 4
  11              		.file	"nullstreams.c"
  12              		.section	.gnu.lto_.profile.35735cf6eab3c9ba,"",%progbits
  13 0000 789C6363 		.ascii	"x\234cc```\001bF\006^v\000\000\231\000 "
  13      60606001 
  13      6246065E 
  13      76000099 
  13      0020
  14              		.text
  15              		.section	.gnu.lto_.icf.35735cf6eab3c9ba,"",%progbits
  16 0000 789C6363 		.ascii	"x\234cc``\320a@\000v\2065\247Z\246p1\376\336\261\366"
  16      6060D061 
  16      40007686 
  16      35A75AA6 
  16      7031FEDE 
  17 0016 3827534F 		.ascii	"8'SO\323\233i\214\314\327^4\277df\001\263Y\217u>\231"
  17      D39B698C 
  17      CCD75E34 
  17      BF646601 
  17      B3598F75 
  18 002c C3CFB6EF 		.ascii	"\303\317\266\357\372\364\363\034\014\000\313U\024G"
  18      FAF4F31C 
  18      0C00CB55 
  18      1447
  19              		.text
  20              		.section	.gnu.lto_.jmpfuncs.35735cf6eab3c9ba,"",%progbits
  21 0000 789C4D8B 		.ascii	"x\234M\213\201\011\000 \014\303\322uz\237\037\371\210"
  21      81090020 
  21      0CC3D275 
  21      7A9F1FF9 
  21      88
  22 0011 C73A41D0 		.ascii	"\307:A\320B\240\004\322\201\301[\307\222\222e\012\315"
  22      42A004D2 
  22      81C15BC7 
  22      9292650A 
  22      CD
  23 0022 E5D0315C 		.ascii	"\345\3201\\\343\"\"\236H\337\237\277l\225T\333\330x"
  23      E322229E 
  23      48DF9FBF 
  23      6C9554DB 
  23      D878
  24 0034 060910   		.ascii	"\006\011\020"
  25              		.text
  26              		.section	.gnu.lto_.inline.35735cf6eab3c9ba,"",%progbits
  27 0000 789C6363 		.ascii	"x\234cc``\310g@\0006\006\006f&F\006&\020s\201<\210b"
  27      6060C867 
  27      40003606 
  27      06662646 
ARM GAS  /tmp/ccLaIwIB.s 			page 2


  27      06261073 
  28 0018 60C41061 		.ascii	"`\304\020a\302\020a\306\020a\301\020ae`a\006\2120\276"
  28      C21061C6 
  28      1061C110 
  28      61656061 
  28      068A30BE 
  29 002c 606760EF 		.ascii	"`g`\357P\007\0131\000\000N\330\006H"
  29      50070B31 
  29      00004ED8 
  29      0648
  30              		.text
  31              		.section	.gnu.lto_.pureconst.35735cf6eab3c9ba,"",%progbits
  32 0000 789C6363 		.ascii	"x\234cc``\340\005b6\006\006F\006&\006f\006\026\006V"
  32      6060E005 
  32      62360606 
  32      46062606 
  32      66061606 
  33 0015 2900021E 		.ascii	")\000\002\036\000C"
  33      0043
  34              		.text
  35              		.section	.gnu.lto_writes.35735cf6eab3c9ba,"",%progbits
  36 0000 789C5D90 		.ascii	"x\234]\220;K\003A\020\200gv\363\022\324?`\012\013!\244"
  36      3B4B0341 
  36      10806776 
  36      F312D43F 
  36      600A0B21 
  37 0015 7189BD95 		.ascii	"q\211\275\225\026\202\240\210\332*I\010\3440/\274XX"
  37      1682A088 
  37      DA2A4908 
  37      E4302FBC 
  37      5858
  38 0027 657DA1A2 		.ascii	"e}\241\242ED\215\020R(!\\a\241\342;Z\\e#\0214\006{\015"
  38      45448D10 
  38      5228215C 
  38      61A1E23B 
  38      5A5C6523 
  39 0040 5818040B 		.ascii	"X\030\004\013+5:{\244\220\300.;3\373}\273\3148\000`"
  39      2B353A7B 
  39      A490C02E 
  39      3B33FB7D 
  39      BBCC3800 
  40 0055 0201C6E9 		.ascii	"\002\001\306\351\354\240\215\034\220\245\357\000\346"
  40      ECA08D1C 
  40      90A5EF00 
  40      E6
  41 0062 5C0C5105 		.ascii	"\\\014Q\005\322\205\220b\230\302u\276\305\361~\3610"
  41      D2859062 
  41      98C275BE 
  41      C5F17EF1 
  41      30
  42 0073 C7D7788E 		.ascii	"\307\327x\2160\033\245\037\245\354K\273J\021;)\255\275"
  42      301BA51F 
  42      A5EC4BBB 
  42      4A113B29 
  42      ADBD
  43 0085 DF9CB47A 		.ascii	"\337\234\264z\015)\347\245\271S\354\335[X\032\310q\006"
  43      0D29E7A5 
ARM GAS  /tmp/ccLaIwIB.s 			page 3


  43      B953ECDD 
  43      5B581AC8 
  43      7106
  44 0097 19A24FD0 		.ascii	"\031\242O\320\215\307\350V_\234\242\227\330r\251\222"
  44      8DC7E856 
  44      5F9CA297 
  44      D872A992 
  45 00a7 76F22104 		.ascii	"v\362!\004\2127?\337L\346)X^5\317eW\216s<C\376_\244"
  45      8A373FDF 
  45      4CE62958 
  45      5E35CF65 
  45      578E733C 
  46 00bf 12E0397A 		.ascii	"\022\3409z\010\377Z\253dZ\370\210\245n\274\032ul\250"
  46      08FF5AAB 
  46      645AF888 
  46      A56EBC1A 
  46      756CA8
  47 00d2 DF054BB5 		.ascii	"\337\005K\265\341E\263j\003\274\264\324\037\271\225"
  47      E145B36A 
  47      03BCB4D4 
  47      1FB995
  48 00e1 69E76396 		.ascii	"i\347c\226Z\275\315\247\235\015\365\321\260T\206\305"
  48      5ABDCDA7 
  48      9D0DF5D1 
  48      B05486C5 
  49 00f1 6695015E 		.ascii	"f\225\001^\241G\361\317G\365\3556\207M\265C]\\\243\003"
  49      A147F1CF 
  49      47F5ED36 
  49      874DB543 
  49      5D5CA303 
  50 0105 687070F0 		.ascii	"hpp\360`7e\375wY\2325\003\237\3544\011\213\207\025\242"
  50      603765FD 
  50      77599A35 
  50      039FEC34 
  50      098B8715 
  51 011a 687ED284 		.ascii	"h~\322\204Uz\203\242\005\023\336q~w\277\214\312\315"
  51      557A83A2 
  51      0513DE71 
  51      7E77BF8C 
  51      CACD
  52 012c 72251385 		.ascii	"r%\023\205\352\216\001\014\212p<\032\022\263zX\364\207"
  52      EA8E010C 
  52      8A703C1A 
  52      12B37A58 
  52      F487
  53 013e F4A9643C 		.ascii	"\364\251d<!\202a-\240\305u\321\247\316\341\321\311\036"
  53      2182612D 
  53      A0C575D1 
  53      A7CEE1D1 
  53      C91E
  54 0150 5FB78F96 		.ascii	"_\267\217\226\240R\330\037\021\021- \364\344t\310\037"
  54      A052D81F 
  54      11112D20 
  54      F4E474C8 
  54      1F
  55 0161 D5456C26 		.ascii	"\325El&\022i\304\335A`Z\202\005\022\030\373\003\226"
  55      1269C4DD 
ARM GAS  /tmp/ccLaIwIB.s 			page 4


  55      41605A82 
  55      051218FB 
  55      0396
  56 0173 818ED6   		.ascii	"\201\216\326"
  57              		.text
  58              		.section	.gnu.lto_reads.35735cf6eab3c9ba,"",%progbits
  59 0000 789C5D90 		.ascii	"x\234]\220\315+\204Q\024\306\317s\357\230\241\360\017"
  59      CD2B8451 
  59      14C6CF73 
  59      EF98A1F0 
  59      0F
  60 0011 B0B05093 		.ascii	"\260\260P\223\215\033{+\026J\221\260\226\321\324;\031"
  60      8D1B7B2B 
  60      164A91B0 
  60      96D1D43B 
  60      19
  61 0022 66F2B2B0 		.ascii	"f\362\262\260r}\205\306bd\214\322,HX\"\337_\365&\331"
  61      727D85C6 
  61      62648CD2 
  61      2C485822 
  61      DF5FF526 
  62 0037 08211B59 		.ascii	"\010!\033Y\241,\210\024\013\311p\356\333(\251{;\317"
  62      A12C8814 
  62      0BC970EE 
  62      DB28A97B 
  62      3BCF
  63 0049 39F7F9DD 		.ascii	"9\367\371\335\3239^\"\262@\324\304\261\200/$A\304O\211"
  63      D3395E22 
  63      B240D4C4 
  63      B1802F24 
  63      41C44F89 
  64 005d FAB20560 		.ascii	"\372\262\005`\204\316\006\365\012\364bL&$\316\007\227"
  64      84CE06F5 
  64      0AF4624C 
  64      2624CE07 
  64      97
  65 006e 53322653 		.ascii	"S2&Sl\363p\372z2}\227oR\240\210\323\247\347\243\265"
  65      6CF370FA 
  65      7A327D97 
  65      6F52A088 
  65      D3A7E7A3 
  66 0083 DC9245AD 		.ascii	"\334\222E\255\373\2653u]1;0T\235\222\202\222\354^C!"
  66      FBB53375 
  66      5D313B30 
  66      549D9282 
  66      92EC5E43 
  67 0098 5651685A 		.ascii	"VQhZ\254\243\204\275\227'Wq\237\254\005\261\236x\177"
  67      ACA384BD 
  67      97275771 
  67      9FAC05B1 
  67      9E787F
  68 00ab 74847FDE 		.ascii	"t\204\177\336\345n\346\244.NI\211\015\310\277 \227\010"
  68      E56EE6A4 
  68      2E4E4989 
  68      0DC8BF20 
  68      9708
  69 00bd 9BF0B3FD 		.ascii	"\233\360\263\3753v\225\314\221\365.:\376\260\230F\006"
ARM GAS  /tmp/ccLaIwIB.s 			page 5


  69      337695CC 
  69      91F52E3A 
  69      FEB09846 
  69      06
  70 00ce 3D9C7751 		.ascii	"=\234wQ\017\266\376\243\036\302\266\213~\351D2_6\272"
  70      0FB6FEA3 
  70      1EC2B68B 
  70      7EE94432 
  70      5F36BA
  71 00e1 E8FDF15C 		.ascii	"\350\375\361\\\334\367\333u\301E\005v\376\243\202\260"
  71      DCF7DB75 
  71      C1450576 
  71      FEA382B0 
  72 00f1 0BBFF1DF 		.ascii	"\013\277\361\337\256\244'\363\274\0363\016O\261\007"
  72      AEA427F3 
  72      BC1E330E 
  72      4FB107
  73 0100 2FF1E268 		.ascii	"/\361\342h\351\"\313\321\351\357a\355\274-\340#K\020"
  73      E922CBD1 
  73      E9EF61ED 
  73      BC2DE023 
  73      4B10
  74 0112 8DF03B6F 		.ascii	"\215\360;oN;4\3124\253\001\207\236\321?\363r\011C\361"
  74      4E3B34CA 
  74      34AB0187 
  74      9ED13FF3 
  74      720943F1 
  75 0126 4FC9A183 		.ascii	"O\311\241\2033\237Y\233\000a\337\335\012S0^\346k\224"
  75      339F599B 
  75      0061DFDD 
  75      0A53305E 
  75      E66B94
  76 0139 15690FAA 		.ascii	"\025i\017\252\036\333RUA\273\255+\022U\255V(\020\212"
  76      1EDB5255 
  76      41BBAD2B 
  76      1255AD56 
  76      28108A
  77 014c D8AAD2C4 		.ascii	"\330\252\322\304\272\206\346\362\262\3222>\212KVKX\205"
  77      BA86E6F2 
  77      B2D2323E 
  77      8A4B564B 
  77      5885
  78 015e 43016577 		.ascii	"C\001ewu\006[\332m\325\321\035\016gti+\211PT\004\242"
  78      75065BDA 
  78      6DD5D11D 
  78      0E677469 
  78      2B895054 
  79 0174 E8F801F6 		.ascii	"\350\370\001\366\035\223\005"
  79      1D9305
  80              		.text
  81              		.section	.gnu.lto_put.35735cf6eab3c9ba,"",%progbits
  82 0000 789C4D8F 		.ascii	"x\234M\217;K\003A\020\307gn\317$\205\372\0014\205\205"
  82      3B4B0341 
  82      10C7676E 
  82      CF2485FA 
  82      01348585 
  83 0014 10829035 		.ascii	"\020\202\2205ZY+\"\010\212\372\001$\011\201\034^L\360"
ARM GAS  /tmp/ccLaIwIB.s 			page 6


  83      5A592B22 
  83      088AFA01 
  83      2409811C 
  83      5E4CF0
  84 0027 62619535 		.ascii	"ba\2255\017\037\230\"\240F\224+\024\015\202M\024\337"
  84      0F1F9822 
  84      A046942B 
  84      140D824D 
  84      14DF
  85 0039 2F382485 		.ascii	"/8$\205 QT\374\002>*A\260\320*Dg\243\202\313.\363\237"
  85      205154FC 
  85      023E2A41 
  85      B0D02A44 
  85      67A382CB 
  86 0050 D9FF6F77 		.ascii	"\331\377ow\306\006\000-\0100H\261\221\0162@%{\0150\351"
  86      C606002D 
  86      083048B1 
  86      910E3240 
  86      257B0D30 
  87 0065 5010A510 		.ascii	"P\020\245\020\016\204\270\202q\314\260\005\206\267\251"
  87      0E84B882 
  87      71CCB005 
  87      86B7A9
  88 0074 6D93CD31 		.ascii	"m\223\3151\223l*\245\357\245\225\247z\231\"6Q\232?O"
  88      936C2AA5 
  88      EFA595A7 
  88      7A992236 
  88      519A3F4F 
  89 0088 9EA17B53 		.ascii	"\236\241{S\320\262\226\312\035k\311t\217\311\024\310"
  89      D0B296CA 
  89      1D6BC974 
  89      8FC914C8 
  90 0098 917B0F9D 		.ascii	"\221{\017\235\270\213N\371\305>\272\311{_z\310\332Y"
  90      B88B4EF9 
  90      C53EBAC9 
  90      7B5F7AC8 
  90      DA59
  91 00aa 1F02E9F9 		.ascii	"\037\002\351\371\217WKq\345\205H\010\253\270\316D\263"
  91      8F574B71 
  91      E5854808 
  91      ABB8CE44 
  91      B3
  92 00bb C9181E20 		.ascii	"\311\030\036 \373\017R\011\360\020]d7\247\266^\030\033"
  92      FB0F5209 
  92      F0105D64 
  92      37A7B65E 
  92      181B
  93 00cd A8A2579F 		.ascii	"\250\242W\237\227\305?\3649\305D\255\311T<\372A\333"
  93      97C53FF4 
  93      39C544AD 
  93      C9543CFA 
  93      41DB
  94 00df 9DD82A41 		.ascii	"\235\330*A\025\360\030]\322\375\270SY\254\263\251\262"
  94      15F0185D 
  94      D2FDB853 
  94      59ACB3A9 
  94      B2
ARM GAS  /tmp/ccLaIwIB.s 			page 7


  95 00f0 236AE404 		.ascii	"#j\344\004m@\263C\341\256\306\022\225\257ia\2257p\271"
  95      6D40B343 
  95      E1AEC612 
  95      95AF6961 
  95      953770B9 
  96 0104 5B0198A1 		.ascii	"[\001\230\241{\032^X0K\375\223JZ\360\206\211\325B\246"
  96      7B1A5E58 
  96      304BFD93 
  96      4A5AF086 
  96      89D542A6 
  97 0118 4152F452 		.ascii	"AR\364R.}qc\227\223+\010xZ\035\214(\224^\342{y(\022"
  97      2E7D7163 
  97      97932B08 
  97      785A1D8C 
  97      28945EE2 
  98 0130 0EF20923 		.ascii	"\016\362\011#\304\273\202\306H,\022\345\201\220\346"
  98      C4BB82C6 
  98      482C12E5 
  98      8190E6
  99 013f D72206EF 		.ascii	"\327\"\006\357\224\261\177h\270\315\353\361\322\346"
  99      94B17F68 
  99      B8CDEBF1 
  99      D2E6
 100 014d 540AF974 		.ascii	"T\012\371t\256k~n\304\306\202\276\260\301G\307u\375"
 100      AE6B7E6E 
 100      C4C682BE 
 100      B0C147C7 
 100      75FD
 101 015f 577B02A0 		.ascii	"W{\002\240hQ\364\177\003\310\306}l"
 101      6851F47F 
 101      03C8C67D 
 101      6C
 102              		.text
 103              		.section	.gnu.lto_get.35735cf6eab3c9ba,"",%progbits
 104 0000 789C4D4F 		.ascii	"x\234MOMKBA\024\275g\306\314\210\372\001\345\242E n"
 104      4D4B4241 
 104      14BD67C6 
 104      CC88FA01 
 104      E5A24520 
 105 0015 1CEC2F14 		.ascii	"\034\354/\024m\202\012\372\001\241\"\274G\317\224\236"
 105      6D820AFA 
 105      01A122BC 
 105      47CF949E 
 106 0025 2D5A3969 		.ascii	"-Z9iP\221\213\240/\210G\004\"-\373\262,(xA[\243\017"
 106      50918BA0 
 106      2F884704 
 106      222DFBB2 
 106      2C287841 
 107 003c DA47B513 		.ascii	"\332G\265\023\002\211\266\326\235h\3210\2079\367\336"
 107      0289B6D6 
 107      9D68D130 
 107      8739F7DE 
 108 004c 73EEDC1B 		.ascii	"s\356\334\033$\242O\306$\243\237\001I\020\353wD\213"
 108      24A24FC6 
 108      24A39F01 
 108      4910EB77 
 108      448B
ARM GAS  /tmp/ccLaIwIB.s 			page 8


 109 005e 210118A2 		.ascii	"!\001\030\242C\240\202@\001e\271)\361\260t\344\3115"
 109      43A08240 
 109      0165B929 
 109      F1B074E4 
 109      C935
 110 0070 E9B12CC0 		.ascii	"\351\261,\300a\253\261\373\326kB`\200\303\352u\351\012"
 110      61ABB1FB 
 110      D66B4260 
 110      80C3EA75 
 110      E90A
 111 0082 D103CDC7 		.ascii	"\321\003\315\307\337\361\202{\265{\335\345IA\333,\257"
 111      DFF1827B 
 111      B57BDDE5 
 111      4941DB2C 
 111      AF
 112 0093 218C5384 		.ascii	"!\214S\204\315\037g\210\262\370\251\361\274\336)\307"
 112      CD1F6788 
 112      B2F8A9F1 
 112      BCDE29C7 
 113 00a3 41CC37BE 		.ascii	"A\3147\276\232\276\210T\265.j\377\266\"\365\240'%\316"
 113      9ABE8854 
 113      B52E6AFF 
 113      B622F5A0 
 113      2725CE
 114 00b6 21FF1B39 		.ascii	"!\377\0339E\250#b\364\257\307\355\255\236`\3004\346"
 114      45A82362 
 114      F4AFC7ED 
 114      AD9E60C0 
 114      34E6
 115 00c8 7E170812 		.ascii	"~\027\010\022\230\034>v\370\272\375\275\254\375\367"
 115      981C3E76 
 115      F8BAFDBD 
 115      ACFDF7
 116 00d7 0AEAA382 		.ascii	"\012\352\243\202h\205\353\274\204\366i\225\307`V\362"
 116      6885EBBC 
 116      84F66995 
 116      C76056F2 
 117 00e7 E903C5FD 		.ascii	"\351\003\305\375f\271\317\270\270\323\315\313I\253\333"
 117      66B9CFB8 
 117      B8D3CDCB 
 117      49ABDB
 118 00f6 6C2010C0 		.ascii	"l \020\300\345\357|\354\202\321\262\177LY\331LZ-\270"
 118      E5EF7CEC 
 118      82D1B27F 
 118      4C59D94C 
 118      5A2DB8
 119 0109 961A49BB 		.ascii	"\226\032I\2733\371lN\245,;ig]5l\336\211\251\351\241"
 119      33F96C4E 
 119      A52C3B69 
 119      675D356C 
 119      DE89A9E9 
 120 011e 782CCE57 		.ascii	"x,\316Wq\312J8\312\261\223\312\315\317\245\023\031W"
 120      71CA4A38 
 120      CAB193CA 
 120      CDCFA513 
 120      1957
 121 0130 CDCE3BCE 		.ascii	"\315\316;\316\037\217\245H\330\271\037\353\217m\250"
ARM GAS  /tmp/ccLaIwIB.s 			page 9


 121      1F8FA548 
 121      D8B91FEB 
 121      8F6DA8
 122              		.text
 123              		.section	.gnu.lto_unget.35735cf6eab3c9ba,"",%progbits
 124 0000 789C4D8F 		.ascii	"x\234M\217KKBA\024\307\317\271sS\203l_\271h\021\210"
 124      4B4B4241 
 124      14C7CFB9 
 124      7353836C 
 124      5FB96811 
 125 0015 104ED647 		.ascii	"\020N\326G\250]PT\037 T\204+]S\272\266h\345\244\366"
 125      A85D5054 
 125      1F205484 
 125      2B5D53BA 
 125      B668E5A4 
 126 002a A202A132 		.ascii	"\242\002\2412\210K\024!A\033\223\354e\005\227h\021\204"
 126      884B1421 
 126      411B93EC 
 126      65059768 
 126      1184
 127 003c BDFB0245 		.ascii	"\275\373\002E\253 \010\312\245u\246\0074\314p\376\347"
 127      AB2008CA 
 127      A575A607 
 127      34CC70FE 
 127      E7
 128 004d CCFF3773 		.ascii	"\314\3777s\216\015\000Z\021\240\237b\023\035d\200J\346"
 128      8E0D005A 
 128      11A09F62 
 128      131D6480 
 128      4AE6
 129 005f 1260DCA1 		.ascii	"\022`\334\241 J!\034\010\011\005\0238\307\026\031\336"
 129      204A211C 
 129      08090513 
 129      38C71619 
 129      DE
 130 0070 A4B74D36 		.ascii	"\244\267M6\313L\262\251\224\276\225W\236\352e\212\330"
 130      CB4CB2A9 
 130      94BE9557 
 130      9EEA658A 
 130      D8
 131 0081 4C69EE24 		.ascii	"Li\356$u\214\236MA\313Z.\331V\213\327\242\326d\012d"
 131      758C9E4D 
 131      41CB5A2E 
 131      D9568BD7 
 131      A2D6640A 
 132 0096 C95E4417 		.ascii	"\311^D\027\356\240K\376\261\213\0362\337\225\0372v\326"
 132      EEA04BFE 
 132      B18B1E32 
 132      DF951F32 
 132      76D6
 133 00a8 83407AE1 		.ascii	"\203@z\341\343\305R\3349!\222\302\272\337`\242\305d"
 133      E3C552DC 
 133      392192C2 
 133      BADF60A2 
 133      C564
 134 00ba 0CF790FD 		.ascii	"\014\367\220\375\007\251\004\270\217n\262\233\223[\317"
 134      07A904B8 
ARM GAS  /tmp/ccLaIwIB.s 			page 10


 134      8F6EB29B 
 134      935BCF
 135 00c9 8CF57DA3 		.ascii	"\214\365}\243\027\225\363\263?\364=\315D\235\311T<\370"
 135      1795F3B3 
 135      3FF43DCD 
 135      449DC954 
 135      3CF8
 136 00db 413B5CD8 		.ascii	"A;\\\330&A\025\360\020\335\322\375X\250.9m\252\354\210"
 136      264115F0 
 136      10DDD2FD 
 136      58A82E39 
 136      6DAAEC88 
 137 00ef 1A29A10D 		.ascii	"\032)\241\015hx\310\337\326X\242\3729%\254J\303z\301"
 137      6878C8DF 
 137      D658A2FA 
 137      3925AC4A 
 137      C37AC1
 138 0102 A9004CD3 		.ascii	"\251\000L\323=M/,\230\241\376I\245,x\305\344Z~\276Q"
 138      3D4D2F2C 
 138      98A1FE49 
 138      A52C78C5 
 138      E45A7EBE 
 139 0117 52F45276 		.ascii	"R\364Rv\342\364\312.GW\020\360\350{0\242Pz\211\357\346"
 139      E2F4CA2E 
 139      475710F0 
 139      E87B30A2 
 139      507A89EF 
 140 012c 5A3412E2 		.ascii	"Z4\022\342c\206\306\273B\306P<\032\343A-\034\010G\015"
 140      6386C6BB 
 140      42C6503C 
 140      1AE3412D 
 140      1C08470D 
 141 0140 DE2963EF 		.ascii	"\336)c\357\300`\273\317\353\243\315\251\244\371u\256"
 141      C060BBCF 
 141      EBA3CDA9 
 141      A4F975AE 
 142 0150 8703DC88 		.ascii	"\207\003\334\210\217\204\374\021\203\017\217\352\372"
 142      8F84FC11 
 142      830F8FEA 
 142      FA
 143 015d AFF60641 		.ascii	"\257\366\006A\011\3070\360\005P\210}\301"
 143      09C730F0 
 143      0550887D 
 143      C1
 144              		.text
 145              		.section	.gnu.lto_nullObjectInit.35735cf6eab3c9ba,"",%progbits
 146 0000 789C4D50 		.ascii	"x\234MP\317KTQ\024>\337;o\336\210\222\270\224r\341B"
 146      CF4B5451 
 146      143EDF3B 
 146      6FDE8892 
 146      B89472E1 
 147 0015 10375EEC 		.ascii	"\0207^\354_(p\021$\321\037\020*\00338:CO\027\271\231"
 147      5F287011 
 147      24D11F10 
 147      2A033338 
 147      3A434F17 
 148 002b EB4CD38C 		.ascii	"\353L\323\214\030\021\321\370\363)O\030\321\215\224"
ARM GAS  /tmp/ccLaIwIB.s 			page 11


 148      1811D1F8 
 148      F3294F18 
 148      D18D94
 149 003a 8E3F9AF2 		.ascii	"\216?\232\362\307c\026\256\262\230p\341\252\205AAT\020"
 149      C76316AE 
 149      B29870E1 
 149      AA854141 
 149      5410
 150 004c B551C83A 		.ascii	"\265Q\310:wr\341\341^\3569\347~\367;\337w\035\"*\200"
 150      7772E1E1 
 150      5EEE39E7 
 150      7EF73BDF 
 150      771D222A 
 151 0061 E88E9CD7 		.ascii	"\350\216\234\327d\203\011\326\323wDcu\026`\022]\007"
 151      648309D6 
 151      D3774463 
 151      75166012 
 151      5D07
 152 0073 4A5948E1 		.ascii	"JYH\3411?gTr\237\313V\307\262\226\010\246\236\205\037"
 152      313F6754 
 152      729FCB56 
 152      C7B29608 
 152      A69E851F 
 153 0087 E96CB3C7 		.ascii	"\351l\263\307D\223\262M\240\204\016AU\037\276\364x\202"
 153      4493B24D 
 153      A0840E41 
 153      551FBEF4 
 153      7882
 154 0099 3D066C29 		.ascii	"=\006l)\177\036\316~j4\245\205V)\277,\256\177\263\371"
 154      7F1ECE7E 
 154      6A34A585 
 154      5629BF2C 
 154      AE7FB3F9 
 155 00ad 3648F2F9 		.ascii	"6H\362\371\225\352\\}\373\222\326i\035\274-\262n\363"
 155      95EA5C7D 
 155      FB92D669 
 155      1DBC2DB2 
 155      6EF3
 156 00bf 98B10516 		.ascii	"\230\261\005\026Bl\242\005\033h!i\021\266\321n\360'"
 156      426CA205 
 156      1B682169 
 156      11B6D16E 
 156      F027
 157 00d1 6BE7852B 		.ascii	"k\347\205+\216\375\177 ^\301!\021O/>\204\002}\3767\247"
 157      8EFD7F20 
 157      5EC12111 
 157      4F2F3E84 
 157      027DFE37 
 158 00e6 83DF45CC 		.ascii	"\203\337E\314t\333\"\335\340)/(\361\240\003\032g\313"
 158      74DB22DD 
 158      E0292F28 
 158      F1A0031A 
 158      67CB
 159 00f8 649980BE 		.ascii	"d\231\200\276\"}\226\333-'\315c!\234\314V\336\207\215"
 159      227D96DB 
 159      2D27CD63 
 159      219CCC56 
ARM GAS  /tmp/ccLaIwIB.s 			page 12


 159      DE878D
 160 010b 36AEE9D9 		.ascii	"6\256\351\331\251\034\0368>\026\306\304\240\177\325"
 160      A91C1E38 
 160      3E16C6C4 
 160      A07FD5
 161 011a 637B5644 		.ascii	"c{VD\227E\204\271<\312\035\177lP\253\306|\253\307!\274"
 161      974584B9 
 161      3CCA1D7F 
 161      6C50ABC6 
 161      7CABC721 
 162 012f 868F42CD 		.ascii	"\206\217B\3159\336@]&\013\325\3102g\373\277\032S\177"
 162      39DE405D 
 162      260BD5C8 
 162      3267FBBF 
 162      1A537F
 163 0142 B47C51C8 		.ascii	"\264|Q\31078\351\235V\277\347\033\314\200&\217\035\354"
 163      3738E99D 
 163      56BFE71B 
 163      CC80268F 
 163      1DEC
 164 0154 CABFEE5C 		.ascii	"\312\277\356\\\260g\212\245,\004=-\223G\015\305\236"
 164      B0678AA5 
 164      2C043D2D 
 164      93470DC5 
 164      9E
 165 0165 D00BF53E 		.ascii	"\320\013\365>R\364\003i\277\364\0045\303&\362\242V\354"
 165      52F40369 
 165      BFF40435 
 165      C326F2A2 
 165      56EC
 166 0177 5844B754 		.ascii	"XD\267T41\030Q\017\334\250\272\031q\007\206\023I\325"
 166      34311851 
 166      0FDCA8BA 
 166      19710786 
 166      1349D5
 167 018a 1F8DF5C5 		.ascii	"\037\215\365\305\022\256\272a\316\236\273\367\256wu"
 167      12AEBA61 
 167      CE9EBBF7 
 167      AE7775
 168 0199 76C952D2 		.ascii	"v\311R\322\212\366\306U<\326\247\334\341\373\221\336"
 168      8AF6C655 
 168      3CD6A7DC 
 168      E1FB91DE 
 169 01a9 41570D8D 		.ascii	"AW\015\215\304\343\027yg?\361\220\233\374\0076\036\242"
 169      C4E31779 
 169      673FF190 
 169      9BFC0736 
 169      1EA2
 170 01bb AD       		.ascii	"\255"
 171              		.text
 172              		.section	.gnu.lto_vmt.35735cf6eab3c9ba,"",%progbits
 173 0000 789C6363 		.ascii	"x\234cc``\270\000\304\276\014\0200\205\231q\347\316"
 173      6060B800 
 173      C4BE0C10 
 173      30859971 
 173      E7CE
 174 0012 37B7D9EB 		.ascii	"7\267\331\353\3776t44<\350^\307<\217y\0163\3034f\014"
ARM GAS  /tmp/ccLaIwIB.s 			page 13


 174      FF367434 
 174      343CE85E 
 174      C73C8F79 
 174      0E33C334 
 175 0028 B905CF78 		.ascii	"\271\005\317x\34603Ncf\304\220\330\304\003\326\301\204"
 175      E630334E 
 175      6366C490 
 175      D8C403D6 
 175      C184
 176 003a 21F10D68 		.ascii	"!\361\015h\024\3234ff\014\211m@\011\346i\314,`\211\365"
 176      14D33466 
 176      660C896D 
 176      4009E669 
 176      CC2C6089 
 177 004f 6F76FEE4 		.ascii	"ov\376\344\355\006\212\2600\202\270/vv]\343\260\330"
 177      ED068AB0 
 177      3082B82F 
 177      76765DE3 
 177      B0D8
 178 0061 D6D0B1A0 		.ascii	"\326\320\261\240!a\0163\353Tf\006\306\035\2142S\231"
 178      21610E33 
 178      EB546606 
 178      C61D8C32 
 178      5399
 179 0073 1919B733 		.ascii	"\031\031\2673\326Oefb\334\006\242\230\031\267\202(\026"
 179      D64F6566 
 179      62DC06A2 
 179      9819B782 
 179      2816
 180 0085 C62D208A 		.ascii	"\306- \212\225q3c=\003\343NF\013\006o\375\214\374\334"
 180      95713363 
 180      3D03E34E 
 180      460B066F 
 180      FD8CFCDC 
 181 0099 54FDCAE2 		.ascii	"T\375\312\342\014}\227\324\342\354\222\374\002\375\344"
 181      0C7D97D4 
 181      E2EC92FC 
 181      02FDE4
 182 00a8 8CCCA4CC 		.ascii	"\214\314\244\314\374b}g\020\355\037\034od\250g\010D"
 182      FC627D67 
 182      10ED1F1C 
 182      6F64A867 
 182      0844
 183 00ba FA40A18C 		.ascii	"\372@\241\214\304\034\375\234\314$\375\342\222\242\324"
 183      C41CFD9C 
 183      CC24FDE2 
 183      92A2D4
 184 00c9 C4DC62FD 		.ascii	"\304\334b\375\274\322\234\034([/\231\001\000\034|g\257"
 184      BCD29C1C 
 184      285B2F99 
 184      01001C7C 
 184      67AF
 185              		.text
 186              		.section	.gnu.lto_.symbol_nodes.35735cf6eab3c9ba,"",%progbits
 187 0000 789C5DC8 		.ascii	"x\234]\3101\021\2000\020\005\321\345\207D\010NPv\207"
 187      31118030 
 187      1005D1E5 
ARM GAS  /tmp/ccLaIwIB.s 			page 14


 187      8744084E 
 187      507687
 188 0013 03246002 		.ascii	"\003$`\002\010\241\302\000\232HCs\305\316\316\274\002"
 188      08A1C200 
 188      9A484373 
 188      C5CECEBC 
 188      02
 189 0024 2C3DB4CB 		.ascii	",=\264\313`}\241\257n\217\227n\207l\210v\312\024\255"
 189      607DA1AF 
 189      6E8F976E 
 189      876C8876 
 189      CA14AD
 190 0037 CA52B44B 		.ascii	"\312R\264K6F\273e\371\267\3463\344&|\202\304\007r\311"
 190      3646BB65 
 190      F9B7E633 
 190      E4267C82 
 190      C40772C9 
 191 004b 2321     		.ascii	"#!"
 192              		.text
 193              		.section	.gnu.lto_.refs.35735cf6eab3c9ba,"",%progbits
 194 0000 789C6363 		.ascii	"x\234cc``\020\002bFV&6FV6&\006&F&&&f&\026\006\000\004"
 194      60601002 
 194      62465626 
 194      36465636 
 194      26062646 
 195 001d 280047   		.ascii	"(\000G"
 196              		.text
 197              		.section	.gnu.lto_.decls.35735cf6eab3c9ba,"",%progbits
 198 0000 789CAD57 		.ascii	"x\234\255W{PT\327\031\277\337=\273\313\262,\254\015"
 198      7B5054D7 
 198      19BFDF3D 
 198      BBCBB22C 
 198      AC0D
 199 0012 26A533B4 		.ascii	"&\2453\264u\0302\303?\262A3I\376\3144\235I\037\323\344"
 199      751832C3 
 199      3FB24133 
 199      49FECC34 
 199      9D491FD3 
 200 0027 0FDBCCD0 		.ascii	"\017\333\314\320?\262\301u\225M`q\330KS\373\327\015"
 200      3FB2C175 
 200      954D6071 
 200      D84B53FB 
 200      D70D
 201 0039 AFE00394 		.ascii	"\257\340\003\224\321\251J`jcJB\024+u\025\021\305%\""
 201      D1A94A60 
 201      6A634A42 
 201      142B7515 
 201      11C52522 
 202 004d BE155130 		.ascii	"\276\025Q0\011\317\032\210\217(\357G\001\351\366;\217"
 202      09CF1A88 
 202      8F28EF47 
 202      01E9F63B 
 202      8F
 203 005e BD7BD95C 		.ascii	"\275{\331\\\232v&g\370\356\335\363\235\357\367}\277"
 203      9A762667 
 203      F8EEDDF3 
 203      9DEFF77D 
ARM GAS  /tmp/ccLaIwIB.s 			page 15


 203      BF
 204 006f F39DEF9C 		.ascii	"\363\235\357\234s\261H\222\264\323.I\257\312\222\224"
 204      73B14892 
 204      B4D32E49 
 204      AFCA9294 
 205 007f 8412C266 		.ascii	"\204\022\302fE]+\212\005\305\205\022DiCiGiA\001\220"
 205      455D2B8A 
 205      05C58512 
 205      44694369 
 205      47694101 
 206 0094 58A3E366 		.ascii	"X\243\343f\374\035\203bE\211E\261\241$\240P\023\207"
 206      FC1D8362 
 206      458945B1 
 206      A124A050 
 206      1387
 207 00a6 B00BB738 		.ascii	"\260\013\2678\364o\306\367S(+\205\317\260\177\332@\370"
 207      F46FC6F7 
 207      53282B85 
 207      CFB07FDA 
 207      40F8
 208 00b8 8B6E8E65 		.ascii	"\213n\216ep\355:\\\214\001\356\007Q\270;\002\327\242"
 208      70ED3A5C 
 208      8C01EE07 
 208      51B83B02 
 208      D7A2
 209 00ca C3590D70 		.ascii	"\303Y\015p\211\2103\031\340\302\230X\003\314\323\377"
 209      89883319 
 209      E0C29858 
 209      03CCD3FF 
 210 00da 432C9B01 		.ascii	"C,\233\001\356\307\210\213\301\367[:,\315o\010\337\363"
 210      EEC7888B 
 210      C1F75B3A 
 210      2CCD6F08 
 210      DFF3
 211 00ec 287302BB 		.ascii	"(s\002\273(\336\313\345\366\2472_\217\001\224/P\206"
 211      28DECBE5 
 211      F6A7325F 
 211      8F01942F 
 211      5086
 212 00fe 51BE41C9 		.ascii	"Q\276A\311\024>\350\330\024\312\004\312,\3128\3124\312"
 212      143EE8D8 
 212      14CA04CA 
 212      2CCA38CA 
 212      34CA
 213 0110 A4C479DB 		.ascii	"\244\304y\333\304\372Y\305z\032\255\303\036\0027\213"
 213      C4FA59C5 
 213      7A1AADC3 
 213      1E02378B 
 214 0120 8F5693ED 		.ascii	"\217V\223\355\004\236\262\201\011\273\343\327\252\276"
 214      049EB281 
 214      09BBE3D7 
 214      AABE
 215 012e 4AC0EE4A 		.ascii	"J\300\356J\033\254\302\356\337K\206\352\254\330M\266"
 215      1BACC2EE 
 215      DF4B86EA 
 215      ACD84DB6 
 216 013e 410868FF 		.ascii	"A\010h\377Q\323\\<\357S\360\330\364\365\361\030\"\263"
ARM GAS  /tmp/ccLaIwIB.s 			page 16


 216      51D35C3C 
 216      EF53F0D8 
 216      F4F5F118 
 216      22B3
 217 0150 DFE5ADF7 		.ascii	"\337\345\255\367K\355\351\207U\336\2545D\202F \3410"
 217      4BEDE987 
 217      55DEAC35 
 217      44824620 
 217      E130
 218 0162 81E064BD 		.ascii	"\201\340d\275\211\274A-\345\206\372\241\267!\315VK\355"
 218      89BC412D 
 218      E586FAA1 
 218      B721CD56 
 218      4BED
 219 0174 8217AAD3 		.ascii	"\202\027\252\323K\336WU\031\232\301\006M@\340$\244\323"
 219      4BDE5755 
 219      199AC106 
 219      4D40E024 
 219      A4D3
 220 0186 CC24DBF0 		.ascii	"\314$\333\360Y\246\252\205\252zP%I\022\254M\206\347"
 220      59A6AA85 
 220      AA7A5025 
 220      4912AC4D 
 220      86E7
 221 0198 92253805 		.ascii	"\222%8\005i4:\265\202\023\220\014\307!\231\372\257\373"
 221      69343AB5 
 221      8213900C 
 221      C72199FA 
 221      AFFB
 222 01aa CB276DF1 		.ascii	"\313'm\361\244\002X\200\376\372\321\353D\2130\373i\312"
 222      A4025880 
 222      FEFAD1EB 
 222      448B30FB 
 222      69CA
 223 01bc B1121AA1 		.ascii	"\261\022\032\241\005#\234\216D\300\200\306!\316\030"
 223      05239C8E 
 223      44C080C6 
 223      21CE18
 224 01cb 8798BBF7 		.ascii	"\207\230\273\367\231j\262\011\373\262\357\266\357\270"
 224      996AB209 
 224      FBB2EFB6 
 224      EFB8
 225 01d9 513F2ADB 		.ascii	"Q?*\333\267Q\373\003Ej\354/\340,\306\017\340\3701\034"
 225      B751FB03 
 225      456AEC2F 
 225      E02CC60F 
 225      E0F8311C 
 226 01ed 97200876 		.ascii	"\227 \010vVF\370F\343\276\213u\207\3502db\242\2619t"
 226      5646F846 
 226      E3BE8B75 
 226      87E83264 
 226      62A2B139 
 227 0202 B9CEE4B9 		.ascii	"\271\316\344\271\376hn\264\321N\232\370\014\257u\314"
 227      FE686EB4 
 227      D14E9AF8 
 227      0CAF75CC 
 228 0212 9EB2822D 		.ascii	"\236\262\202-\255L\363.i\256\341<\362\311\024|>Ce+*"
ARM GAS  /tmp/ccLaIwIB.s 			page 17


 228      AD4CF32E 
 228      69AEE13C 
 228      F2C9147C 
 228      3E43652B 
 229 0227 45B24FA6 		.ascii	"E\262O\2464\367\253\352*hC*\347\"\251\310\244\231\240"
 229      34F7ABEA 
 229      2A68432A 
 229      E722A9C8 
 229      A499A0
 230 023a 4A8CF369 		.ascii	"J\214\363i\340p\255CO\273e\011\355vA\273\235\321\256"
 230      E070AD43 
 230      4FBB6509 
 230      ED7641BB 
 230      9DD1AE
 231 024d 0C7D743B 		.ascii	"\014}t;\226L2R\3209v\265&\216\227\322\012\312\277\357"
 231      964C3252 
 231      D03976B5 
 231      268E97D2 
 231      0ACABFEF 
 232 0261 C3B27832 		.ascii	"\303\262x2\313\307\216\034^8j3aI\203\313\016>\023U\235"
 232      CBC78E1C 
 232      5E386A33 
 232      614983CB 
 232      0E3E1355 
 233 0276 0FCD061D 		.ascii	"\017\315\006\035\334\\\326\241WrtIy\375^\033v-<!1\250"
 233      DC5CD6A1 
 233      57727449 
 233      79FD5E1B 
 233      762D3C21 
 234 028c 1A1A9B3F 		.ascii	"\032\032\233?a\342*:\233?\242\252f\177oC\002Y\340Ii"
 234      61E22A3A 
 234      9B3FA2AA 
 234      667F6F43 
 234      0259E049 
 235 02a1 B975B238 		.ascii	"\271u\2628^WX/\354\037\243s\275\211\374oD\346j\021\253"
 235      5E57582F 
 235      EC1FA373 
 235      BD89FC6F 
 235      44E66A11 
 236 02b6 AE7E2B6F 		.ascii	"\256~+o\035\2307\213\310\333uT^\343\353817\0260\221"
 236      1D98378B 
 236      C8DB7554 
 236      5EE3EB38 
 236      31371630 
 237 02cb 1256E5F2 		.ascii	"\022V\345\362\261\335O\366%\350Jk\315qVZ\2671Fg$\306"
 237      B1DD4FF6 
 237      25E84A6B 
 237      CD71565A 
 237      B7314667 
 238 02e1 4D5836C8 		.ascii	"MX6\310-\343 wv\334\352\261\220r\036\244\361J\357B\244"
 238      2DE32077 
 238      76DCEAB1 
 238      90721EA4 
 238      F14AEF42 
 239 02f6 7E072EAF 		.ascii	"~\007.\257\372`\202N\344\016\006\351\212\004\271\275"
 239      FA60824E 
 239      E40E06E9 
ARM GAS  /tmp/ccLaIwIB.s 			page 18


 239      8A04B9BD 
 240 0306 7C906EE3 		.ascii	"|\220n\343 \303\352\335\372\204\244?S\304\256\"u\205"
 240      20C3EADD 
 240      FA84A43F 
 240      53C4AE22 
 240      7585
 241 0318 CC3C5EC5 		.ascii	"\314<^\305\361+li?\207$|^\006\023\337\262\207v\036\372"
 241      F12B6C69 
 241      3F87247C 
 241      5E0613DF 
 241      B287761E 
 242 032d A1BE0E70 		.ascii	"\241\276\016pXW\007_\360:@\273\252\346\251\313f\276"
 242      5857075F 
 242      F03A40BB 
 242      AAE6A9CB 
 242      66BE
 243 033f 8E56EC86 		.ascii	"\216V\354\206F'\373\355\244\233\037\012\201\201\316"
 243      4627FBED 
 243      A49B1F0A 
 243      8181CE
 244 034e 8FE3D8B2 		.ascii	"\217\343\330\262\323*\342\353\336\266m\373\272p%\364"
 244      D32AE2EB 
 244      DEB66DFB 
 244      BA7025F4 
 245 035e 0253CD77 		.ascii	"\002S\315w?(\264.O\254\237\021\353\013\023\233\375\374"
 245      3F28B42E 
 245      4FAC9F11 
 245      EB0B139B 
 245      FDFC
 246 0370 4CC7928D 		.ascii	"L\307\222\215\325\277\204\331\200\306l\244\364T_\002"
 246      D5BF84D9 
 246      80C66CA4 
 246      F4545F02 
 247 0380 F99253A9 		.ascii	"\371\222S\251\036*\2570\263\270m\032\225\323\235\015"
 247      1E2AAF30 
 247      B3B86D1A 
 247      95D39D0D 
 248 0390 C35C87E5 		.ascii	"\303\\\207\345\014\377\344d\026[Z\017\2230\301\273\\"
 248      0CFFE464 
 248      165B5A0F 
 248      9330C1BB 
 248      5C
 249 03a1 371228DC 		.ascii	"7\022(\334*\353\011\266-!8\304\010~\025&\330r\274\016"
 249      2AEB09B6 
 249      2D2138C4 
 249      087E1526 
 249      D872BC0E 
 250 03b5 49E8080E 		.ascii	"I\350\010\016-!8\254\021\354\272\3274\023G\006\226'"
 250      2D2138AC 
 250      11ECBAD7 
 250      34134706 
 250      9627
 251 03c7 D8BBFB6E 		.ascii	"\330\273\373n3\317\037\036\023p\217\223)\237Ro8\302"
 251      33CF1F1E 
 251      13708F93 
 251      299F526F 
 251      38C2
ARM GAS  /tmp/ccLaIwIB.s 			page 19


 252 03d9 04EF735D 		.ascii	"\004\357s]]\337\316\012\307\362\004\0372\202\017\302"
 252      5DDFCE0A 
 252      C7F2041F 
 252      32820FC2 
 253 03e9 043FF9DB 		.ascii	"\004?\371\333b}\254\236\340\303%\004\277\321\010\036"
 253      627DAC9E 
 253      E0C32504 
 253      BFD1081E 
 254 03f9 E9BC3F2D 		.ascii	"\351\274?-\223aN\260\360\310\324\325\0042\315;#\305"
 254      93614EB0 
 254      F0C8D4D5 
 254      0432CD3B 
 254      23C5
 255 040b C38362B3 		.ascii	"\303\203b\263'a\367\350\351\342\307\342\336\010\322"
 255      2761F7E8 
 255      E9E2C7E2 
 255      DE08D2
 256 041a 8BA2A8A1 		.ascii	"\213\242\250\241\241\323D\212\010\265\265\206\252\026"
 256      A1D3448A 
 256      08B5B586 
 256      AA16
 257 0428 46AD904A 		.ascii	"F\255\220J[Zj\342\2074l\360\306\203\227N\004Tu\253\205"
 257      5B5A6AE2 
 257      87346CF0 
 257      C683974E 
 257      045475AB 
 258 043d AE17F460 		.ascii	"\256\027\364`Y\377\013\022#\025\374%#\022\240O\211\003"
 258      59FF0B12 
 258      2315FC25 
 258      2312A04F 
 258      8903
 259 044f 3AE0E273 		.ascii	":\340\342s\224\031|\035m\35344\245n\307\242M/\032\273"
 259      94197C1D 
 259      6DEB3434 
 259      A56EC7A2 
 259      4D2F1ABB 
 260 0463 A5C97A64 		.ascii	"\245\311zd\3506#\312\022\313\036.\031{e\246|\313\216"
 260      E83623CA 
 260      12CB1E2E 
 260      197B65A6 
 260      7CCB8E
 261 0476 9412BC02 		.ascii	"\224\022\274\002\251\221$v\253\244\271\231y\241J\015"
 261      A9912476 
 261      ABA4B999 
 261      79A14A0D 
 262 0486 16135A05 		.ascii	"\026\023Z\0050h<m\346\251\222\255%\012.\032\214\242"
 262      30683C6D 
 262      E6A992AD 
 262      250A2E1A 
 262      8CA2
 263 0498 C1083578 		.ascii	"\301\0105x,\020\350\025fp\227OA*L\240\314\242\214\243"
 263      2C10E815 
 263      6670974F 
 263      412A4CA0 
 263      CCA28CA3 
 264 04ac 4CA34C42 		.ascii	"L\243LB\252v\355\236\333\321gJ\024\256\312\226u%}\227"
 264      AA76ED9E 
ARM GAS  /tmp/ccLaIwIB.s 			page 20


 264      DBD1674A 
 264      14AECA96 
 264      75257D97 
 265 04c0 9FF1AECA 		.ascii	"\237\361\256\312f\253\276`\346t\254%\230\017\027\014"
 265      66ABBE60 
 265      E674AC25 
 265      980F170C 
 266 04d0 79DCFFD7 		.ascii	"y\334\377\327\200\005\022\323R+\305\271\304bF,\027\004"
 266      800512D3 
 266      522BC5B9 
 266      C462462C 
 266      1704
 267 04e2 F727C87D 		.ascii	"\367'\310}Q\370\3479\233\331\313r\266`\224\263\366}"
 267      51F8E739 
 267      9BD9CB72 
 267      B66094B3 
 267      F67D
 268 04f4 3F3958A4 		.ascii	"?9X\244b\3721\020\\@\336\013\306\013EwQE\357\011;\351"
 268      62FA3110 
 268      5C40DE0B 
 268      C60B4577 
 268      5145EF09 
 269 050a 62852797 		.ascii	"b\205'\227=*\353\211E6\206d@\225\323\376\013\237\356"
 269      3D2AEB89 
 269      45368664 
 269      4095D3FE 
 269      0B9FEE
 270 051d 7D16CA27 		.ascii	"}\026\312'\204\006\377\216\034\272\224\036\213s\366"
 270      8406FF8E 
 270      1CBA941E 
 270      8B73F6
 271 052c E891519B 		.ascii	"\350\221Q\233>#\241%\031yO\346\327$\276\321\370T\353"
 271      3E23A125 
 271      19794FE6 
 271      D724BED1 
 271      F854EB
 272 053f 99B37103 		.ascii	"\231\263q\003x\202\321M\273\202\005\341\237\334\200"
 272      7882D14D 
 272      BB8205E1 
 272      9FDC80
 273 054e 8D3EC427 		.ascii	"\215>\304'b\270\001\327\243V\346/aJ;a\010h\032Y\370"
 273      62B801D7 
 273      A356E62F 
 273      614A3B61 
 273      08681A59 
 274 0563 90C37ED9 		.ascii	"\220\303~\331\237p\000z\257|\234\207\0137\376\031\012"
 274      9F70007A 
 274      AF7C9C87 
 274      0B37FE19 
 274      0A
 275 0574 E25F000D 		.ascii	"\342_\000\015\307Ur$\230\016\362-\256\2226\254\221\212"
 275      C7557224 
 275      980EF22D 
 275      AE9236AC 
 275      918A
 276 0586 4C12440D 		.ascii	"L\022D\015}\\\275\337<\210g\265\004\277\227\244]V\037"
 276      7D5CBDDF 
ARM GAS  /tmp/ccLaIwIB.s 			page 21


 276      3C8867B5 
 276      04BF97A4 
 276      5D561F
 277 0599 3B46AE7C 		.ascii	";F\256|PS\011d\220-\0274N\237\233v\244\034P;\006\325"
 277      50530964 
 277      902D1734 
 277      4E9F9B76 
 277      A41C503B 
 278 05af 60E8C9F3 		.ascii	"`\350\311\363\323\347J\325\016\\\212\227\331\371\005"
 278      D3E74AD5 
 278      0E5C8A97 
 278      D9F905
 279 05be C5B2B60A 		.ascii	"\305\262\266\012\370\023\237E\362 @\241<\200\036K\344"
 279      F8139F45 
 279      F22040A1 
 279      3C801E4B 
 279      E4
 280 05cf 14FA8556 		.ascii	"\024\372\205Vy-`&\307L\314Y\367\320\236\253\361\302"
 280      792D6026 
 280      C74CCC59 
 280      F7D09EAB 
 280      F1C2
 281 05e1 D9C35AA2 		.ascii	"\331\303Z\242\356AO+\330I\\\032qT\032\355\350}\346\350"
 281      EE414F2B 
 281      D8495C1A 
 281      71541AED 
 281      E87DE6E8 
 282 05f5 FCFDFA32 		.ascii	"\374\375\3722\273\300\316\334#\270a\361\233\017\257"
 282      BBC0CEDC 
 282      23B861F1 
 282      9B0FAF
 283 0604 797AD1F4 		.ascii	"yz\321\364D\212\241\007\242\320e\014}\2746\370\246\000"
 283      448AA107 
 283      A2D0650C 
 283      7DBC36F8 
 283      A600
 284 0616 4F246958 		.ascii	"O$iXz}^\212`/Ec\2672l\347\336\013\341\014<\374\321\222"
 284      7A7D5E8A 
 284      602F4563 
 284      B7326CE7 
 284      DE0BE10C 
 285 062e B86311EC 		.ascii	"\270c\021\354X4v\033\303\356\252\230_\260\222&>\375"
 285      5834761B 
 285      C3EEAA98 
 285      5FB09226 
 285      3EFD
 286 0640 9B5BDBBB 		.ascii	"\233[\333\273\370%\201%(n\223\273\265\3435&\375%\361"
 286      F8258125 
 286      286E93BB 
 286      B5E33526 
 286      FD25F1
 287 0653 D633BA3B 		.ascii	"\3263\272;\242\\\246w\304\016Y\334\021_\377c\261<\026"
 287      A25CA677 
 287      C40E59DC 
 287      115FFF63 
 287      B13C16
 288 0666 A91C402A 		.ascii	"\251\034@*\327\253\355\032\0274\203\355\221\014n\217"
ARM GAS  /tmp/ccLaIwIB.s 			page 22


 288      D7ABED1A 
 288      173483ED 
 288      910C6E8F 
 289 0676 CE6005E3 		.ascii	"\316`\005\343R\325xi\267\375\331\203jG\0203X\365\014"
 289      52D57869 
 289      B7FDD983 
 289      6A471033 
 289      58F50C
 290 0689 269F9F19 		.ascii	"&\237\237\031\027\370,\264SHb\2327e\011v\312\317J\277"
 290      17F82CB4 
 290      5348629A 
 290      37650976 
 290      CACF4ABF 
 291 069d 7266E7E5 		.ascii	"rf\347\345z\234[\374\331\316\237{\374\357(y\233\235"
 291      7A9C5BFC 
 291      D9CE9F7B 
 291      FCEF2879 
 291      9B9D
 292 06af EE6CEF7A 		.ascii	"\356l\357zo\236\337\371\012}\277\276\316\265&#=\003"
 292      6F9EDFF9 
 292      0A7DBFBE 
 292      CEB52623 
 292      3D03
 293 06c1 FF9CA8CA 		.ascii	"\377\234\250\312\316\312q\346x\327;\375J\276'+\327\357"
 293      CECA71E6 
 293      78D73BFD 
 293      4ABE272B 
 293      D7EF
 294 06d3 F415E4E4 		.ascii	"\364\025\344\344\210\337\351n\353\253\257\375n\325+"
 294      88DFE96E 
 294      EBABAFFD 
 294      6ED52B
 295 06e2 191952AC 		.ascii	"\031\031R\254\313U\340\365)/\271\224\325\316\002\177"
 295      CB55E0F5 
 295      292FB994 
 295      D5CE027F 
 296 06f2 BED3EB73 		.ascii	"\276\323\353s\347\024l\3608}\236w)87\013#\370<N\327"
 296      E7146CF0 
 296      387D9E77 
 296      2938370B 
 296      23F83C4E 
 297 0707 06CFC6AC 		.ascii	"\006\317\306\254\202\034\305\245l\331\354\361\247gK"
 297      821CC5A5 
 297      6CD9ECF1 
 297      A7674B
 298 0716 31029562 		.ascii	"1\002\225b\204\362o\361;]~e\003\232\240\251\305\357"
 298      84F26FF1 
 298      3B5D7E65 
 298      039AA0A9 
 298      C5EF
 299 0728 FD93C7A5 		.ascii	"\375\223\307\245\254a\226tx\223\333\355\314\312\317"
 299      AC619674 
 299      7893DBED 
 299      CCCACF
 300 0737 5DEDCBF3 		.ascii	"]\355\313\363yV{\262\326{\235/\246\257E\322a/\210\304"
 300      79567BB2 
 300      D67B9D2F 
ARM GAS  /tmp/ccLaIwIB.s 			page 23


 300      A6AF45D2 
 300      612F88C4 
 301 074b 7088247F 		.ascii	"p\210$\177\310U\310&\217\202$\321\325\3325.%F\274\315"
 301      C855C826 
 301      8F8224D1 
 301      D5DA352E 
 301      2546BCCD 
 302 075f B9FE4D2E 		.ascii	"\271\376M.\345g\377WB\362\025-\202;\333\223\225\237"
 302      E567FF57 
 302      42F2152D 
 302      823BDB93 
 302      959F
 303 0771 B38586D8 		.ascii	"\263\205\206\330\\\240\2300)\033\314\357\346{\025\217"
 303      5CA09830 
 303      291BCCEF 
 303      E67B158F 
 304 0781 C3EBF32B 		.ascii	"\303\353\363+Y>\267\307\225\267q\243\337\243\304\277"
 304      593EB7C7 
 304      95B771A3 
 304      DFA3C4BF 
 305 0791 86595BC7 		.ascii	"\206Y[\307\262\366\306o~k.\360!\233_\177o\313\220-\331"
 305      B2F6C66F 
 305      7E6B2EF0 
 305      219B5F7F 
 305      6FCB902D 
 306 07a6 22FE2D8C 		.ascii	"\"\376-\214\200\377\373\363\356\226\314tb\376\004\252"
 306      80FFFBF3 
 306      EE96CC74 
 306      62FE04AA 
 307 07b6 7C7DFDDB 		.ascii	"|}\375\333\036\267\362K\237W\371\017\220dd\226"
 307      1EB7F24B 
 307      9F57F90F 
 307      90646496 
 308              		.text
 309              		.section	.gnu.lto_.symtab.35735cf6eab3c9ba,"",%progbits
 310 0000 6E756C6C 		.ascii	"nullObjectInit\000"
 310      4F626A65 
 310      6374496E 
 310      697400
 311 000f 00       		.ascii	"\000"
 312 0010 00       		.ascii	"\000"
 313 0011 00       		.ascii	"\000"
 314 0012 00000000 		.ascii	"\000\000\000\000\000\000\000\000"
 314      00000000 
 315 001a 0E010000 		.ascii	"\016\001\000\000"
 316              		.text
 317              		.section	.gnu.lto_.opts,"",%progbits
 318 0000 272D666D 		.ascii	"'-fmath-errno' '-fsigned-zeros' '-ftrapping-math' '"
 318      6174682D 
 318      6572726E 
 318      6F272027 
 318      2D667369 
 319 0033 2D666E6F 		.ascii	"-fno-trapv' '-fno-openmp' '-fno-openacc' '-mcpu=cor"
 319      2D747261 
 319      70762720 
 319      272D666E 
 319      6F2D6F70 
ARM GAS  /tmp/ccLaIwIB.s 			page 24


 320 0066 7465782D 		.ascii	"tex-m3' '-mthumb' '-O2' '-fomit-frame-pointer' '-fa"
 320      6D332720 
 320      272D6D74 
 320      68756D62 
 320      2720272D 
 321 0099 6C69676E 		.ascii	"lign-functions=16' '-ffunction-sections' '-fdata-se"
 321      2D66756E 
 321      6374696F 
 321      6E733D31 
 321      36272027 
 322 00cc 6374696F 		.ascii	"ctions' '-fno-common' '-flto'\000"
 322      6E732720 
 322      272D666E 
 322      6F2D636F 
 322      6D6D6F6E 
 323              		.text
 324              		.comm	__gnu_lto_v1,1,1
 325              		.comm	__gnu_lto_slim,1,1
 326              		.ident	"GCC: (15:7-2018-q2-6) 7.3.1 20180622 (release) [ARM/embedded-7-branch revision 261907]"
ARM GAS  /tmp/ccLaIwIB.s 			page 25


DEFINED SYMBOLS
                            *ABS*:0000000000000000 nullstreams.c
                            *COM*:0000000000000001 __gnu_lto_v1
                            *COM*:0000000000000001 __gnu_lto_slim

NO UNDEFINED SYMBOLS
