ARM GAS  /tmp/ccCvuI9Z.s 			page 1


   1              		.cpu cortex-m3
   2              		.eabi_attribute 20, 1
   3              		.eabi_attribute 21, 1
   4              		.eabi_attribute 23, 3
   5              		.eabi_attribute 24, 1
   6              		.eabi_attribute 25, 1
   7              		.eabi_attribute 26, 1
   8              		.eabi_attribute 30, 2
   9              		.eabi_attribute 34, 1
  10              		.eabi_attribute 18, 4
  11              		.file	"nvic.c"
  12              		.section	.gnu.lto_.profile.e331bcbff6878232,"",%progbits
  13 0000 789C6363 		.ascii	"x\234cc```\001bF\006Me\000\000\355\000X"
  13      60606001 
  13      6246064D 
  13      650000ED 
  13      0058
  14              		.text
  15              		.section	.gnu.lto_.icf.e331bcbff6878232,"",%progbits
  16 0000 789C6363 		.ascii	"x\234cc``Pc@\0006\206[\027\377.\344`\\\260\377\343M"
  16      60605063 
  16      40003686 
  16      5B17FF2E 
  16      E4605CB0 
  17 0017 46A6A55B 		.ascii	"F\246\245[\036_ad\336\260dv#'K\303\364\326o\214\254"
  17      1E5F6164 
  17      DEB06476 
  17      23274BC3 
  17      F4D66F8C 
  18 002c 60920100 		.ascii	"`\222\001\000i\363\021m"
  18      69F3116D 
  19              		.text
  20              		.section	.gnu.lto_.jmpfuncs.e331bcbff6878232,"",%progbits
  21 0000 789C6363 		.ascii	"x\234cc``0g@\0006 fdbdd\256\237\303\314\000\302@6#\210"
  21      60603067 
  21      40003620 
  21      66646264 
  21      64AE9FC3 
  22 001b 66461664 		.ascii	"fF\026d\201\012\262Bi\006\000\341\007\010<"
  22      810AB242 
  22      690600E1 
  22      07083C
  23              		.text
  24              		.section	.gnu.lto_.inline.e331bcbff6878232,"",%progbits
  25 0000 789C7D8C 		.ascii	"x\234}\214\321\021@@\014Dws\021w\306\214\022\320\200"
  25      D1114040 
  25      0C447773 
  25      1177C68C 
  25      12D080
  26 0013 9A35A103 		.ascii	"\2325\241\003\005h\303\237\022\304\031\307\227|d6y\273"
  26      0568C39F 
  26      12C419C7 
  26      977C6436 
  26      79BB
  27 0025 6B0016BC 		.ascii	"k\000\026\274c@\032\011i\327=\300\346^\256'\321$\012"
  27      63401A09 
  27      69D73DC0 
ARM GAS  /tmp/ccCvuI9Z.s 			page 2


  27      E65EAE27 
  27      D1240A
  28 0038 07BABE96 		.ascii	"\007\272\276\226\3321\335P\266N\341Wt\022!H\221\314"
  28      DA31DD50 
  28      B64EE157 
  28      74122148 
  28      91CC
  29 004a 96502C2E 		.ascii	"\226P,.\324\251\"\240R2\267\004\317}\0122\256\355\211"
  29      D4A922A0 
  29      5232B704 
  29      CF7D0A32 
  29      AEED89
  30 005d 1658A2D5 		.ascii	"\026X\242\325/\305\011\201\224\023\373"
  30      2FC50981 
  30      9413FB
  31              		.text
  32              		.section	.gnu.lto_.pureconst.e331bcbff6878232,"",%progbits
  33 0000 789C6363 		.ascii	"x\234cc``\340\005b6\006)F)&)f)\026)V)\000\005\254\000"
  33      6060E005 
  33      62360629 
  33      46292629 
  33      66291629 
  34 001a C5       		.ascii	"\305"
  35              		.text
  36              		.section	.gnu.lto_nvicInit.e331bcbff6878232,"",%progbits
  37 0000 789C9593 		.ascii	"x\234\225\223\317O\023A\024\307\337\333\331\355\226"
  37      CF4F1341 
  37      14C7DFDB 
  37      D9ED96
  38 000f 822572C2 		.ascii	"\202%r\302\204\003\027\016\\\330\324\377\300\340Q\202"
  38      8403170E 
  38      5CD8D4FF 
  38      C0E05182 
  39 001f E21F60B4 		.ascii	"\342\037`\264\301\264Q(\241\304\350\211)\005*\001\242"
  39      C1B45128 
  39      A1C4E889 
  39      29052A01 
  39      A2
  40 0030 11A8C9BA 		.ascii	"\021\250\311\2721E\342\217\203\004\260\255\002\",E\024"
  40      3145E28F 
  40      8304B0AD 
  40      02222C45 
  40      14
  41 0041 7F127A30 		.ascii	"\177\022z0\034H\214\022\033\265\221\304\304\030\022"
  41      1C488C12 
  41      1BB591C4 
  41      C41812
  42 0050 03F866B6 		.ascii	"\003\370f\266 \027M\234\264\335\231\367\336|\337g\277"
  42      20174D9C 
  42      B4DD99F7 
  42      DE7CDF67 
  42      BF
  43 0061 337501C0 		.ascii	"3u\001\300\025\006\320@\317\343\364E\027\240r\365-@"
  43      1506D040 
  43      CFE3F445 
  43      17A072F5 
  43      2D40
ARM GAS  /tmp/ccCvuI9Z.s 			page 3


  44 0073 C4ADA0EA 		.ascii	"\304\255\240\352L\2303\231w\253\012Ke\000\270G[+\006"
  44      4C983399 
  44      77AB0A4B 
  44      6500B847 
  44      5B2B06
  45 0086 5EA2218A 		.ascii	"^\242!\2128w#\264+L\325\260]Q\001m\025\335\362\007\304"
  45      387723B4 
  45      2B4CD5B0 
  45      5D51016D 
  45      15DDF207 
  46 009b E863830C 		.ascii	"\350c\203\0143\261\334\224R}\227\323\260\257\317\272"
  46      33B1DC94 
  46      527D97D3 
  46      B0AFCFBA 
  47 00ab BA7957B9 		.ascii	"\272yW\271E=\343L\226\000&\261\032\250l\245s\334b\275"
  47      453DE34C 
  47      960026B1 
  47      1AA86CA5 
  47      73DC62BD 
  48 00bf CC62882A 		.ascii	"\314b\210*-\277\2771\327\275b\251`%-\267\370`\334\313"
  48      2DBFBF31 
  48      D7BD62A9 
  48      60252DB7 
  48      F860DCCB 
  49 00d3 EA5154F6 		.ascii	"\352QT\366n\014\304\212\252F8\357\340v\316,\037\216"
  49      6E0CC48A 
  49      AA4638EF 
  49      E076CE2C 
  49      1F8E
  50 00e5 F225AE5A 		.ascii	"\362%\256Z\214\341Cd\244\212i\254\300\024VHu*\3778\261"
  50      8CE14364 
  50      A48A69AC 
  50      C0145648 
  50      752AFF38 
  51 00fa 3D74C0A5 		.ascii	"=t\300\245\342#\254r\232\342$\272\220\022\267_-\314"
  51      E223AC72 
  51      9AE224BA 
  51      9012B75F 
  51      2DCC
  52 010c 7AD909A9 		.ascii	"z\331\011\251\271z-o\352\005\315m\263\354\326\236\346"
  52      B97A2D6F 
  52      EA05CD6D 
  52      B3ECD69E 
  52      E6
  53 011d D43F35A7 		.ascii	"\324?5\247IS\310\221\350c\022\005PD\033\021\036\313"
  53      4953C891 
  53      E8631205 
  53      50441B11 
  53      1ECB
  54 012f 6A36DFDE 		.ascii	"j6\337\336\211\221\334\241\321\324\373\203d\223\010"
  54      8991DCA1 
  54      D1D4FB83 
  54      649308
  55 013e 934554A0 		.ascii	"\223ET\240\3139\300e\302Y+\3466\3640\205&Q\033\276b"
  55      CB39C065 
  55      C2592BE6 
  55      36F43085 
ARM GAS  /tmp/ccCvuI9Z.s 			page 4


  55      26511BBE 
  56 0153 66FACBFD 		.ascii	"f\372\313\375\250.DM&\214\210we\226ua\204*A\277\315"
  56      A82E444D 
  56      268C8877 
  56      65967561 
  56      842A41BF 
  57 0168 7C881796 		.ascii	"|\210\027\226\334\216r/\205F\243\331\033E\011\274\031"
  57      DC8E722F 
  57      8546A3D9 
  57      1B4509BC 
  57      19
  58 0179 218713D3 		.ascii	"!\207\023\323\010\026\323\360\011\361\316\010^\312o"
  58      0816D3F0 
  58      09F1CE08 
  58      5ECA6F
  59 0188 2607764A 		.ascii	"&\007vJ\215Q>\030\341\225\026s\341,&pH\272\217sh@\016"
  59      8D513E18 
  59      E1951673 
  59      E12C2670 
  59      48BA8F73 
  60 019f 3B12ADD2 		.ascii	";\022\255\322\023\"\243\23620\327_-\337\2100\36730z"
  60      1322A39E 
  60      3230D75F 
  60      2DDF8830 
  60      F733307A 
  61 01b3 0B5BDAD0 		.ascii	"\013[\332\320\303\030\320up\220\177|\236\034)\026\365"
  61      C318D075 
  61      70907F7C 
  61      9E1C2916 
  61      F5
  62 01c4 FB6B75C9 		.ascii	"\373ku\311\233\032\336\330,q\226<\343\360&\363\003\353"
  62      9B1ADED8 
  62      2C71963C 
  62      E3F026F3 
  62      03EB
  63 01d6 FA2EEF59 		.ascii	"\372.\357Y\302uc\206p\347\013\270\213}\221a\017\341"
  63      C2756386 
  63      70E70BB8 
  63      8B7D9161 
  63      0FE1
  64 01e8 764ADC22 		.ascii	"vJ\334\"\\\220\270\350\030\377.\233Nz}c\"\231\270\203"
  64      5C90B8E8 
  64      18FF2E9B 
  64      4E7A7D63 
  64      2299B883 
  65 01fc 16F3E053 		.ascii	"\026\363\340S4L\231\005\\D\037\225\344g\306W5\321\321"
  65      344C9905 
  65      5C441F95 
  65      E467C657 
  65      35D1D1
  66 020f 833B344A 		.ascii	"\203;4J\361\031\011K\310\251=\310\377Dx.\021\224\277"
  66      F119094B 
  66      C8A93DC8 
  66      FF44782E 
  66      1194BF
  67 0222 212CFD41 		.ascii	"!,\375Ax\201\276B\277h\274{+}O\021\015M\246S\236\266"
  67      7881BE42 
ARM GAS  /tmp/ccCvuI9Z.s 			page 5


  67      BF68BC7B 
  67      2B7D4F11 
  67      0D4DA653 
  68 0238 A663AF27 		.ascii	"\246c\257'<\216\217\210/\251\214\254\256\334\365\231"
  68      3C8E8F88 
  68      2FA98CAC 
  68      AEDCF599 
  69 0248 AAA4AF2A 		.ascii	"\252\244\257*\320\377\212|\315\241\002N\034\341\023"
  69      D0FF8A7C 
  69      CDA1024E 
  69      1CE113
  70 0257 762E2F54 		.ascii	"v./T8Z(\316\210\306O\322\240\263P\036xh'\313\226\321"
  70      385A28CE 
  70      88C64FD2 
  70      A0B3501E 
  70      786827CB 
  71 026d 56CDB944 		.ascii	"V\315\271D\033t\200\277\372\321\271\230 \256\031R\202"
  71      1B7480BF 
  71      FAD1B998 
  71      20AE1952 
  71      82
  72 027e F08F1981 		.ascii	"\360\217\031\201PS\243q)\0340\2166\206\317\265\205Z"
  72      5053A371 
  72      291C308E 
  72      3686CFB5 
  72      855A
  73 0290 0C7F2078 		.ascii	"\014\177 x&\030\012\033\265\342Y\177\362\324a_\215\217"
  73      26180A1B 
  73      B5E2597F 
  73      F2D4615F 
  73      8D8F
  74 02a2 3E068502 		.ascii	">\006\205\002\247\317\033-\241\326\266\260\341\0175"
  74      A7CF1B2D 
  74      A1D6B6B0 
  74      E10F35
  75 02b1 35859A8D 		.ascii	"5\205\232\215#\015u\265u\027\215\346\013A\177\215\037"
  75      230D75B5 
  75      75178DE6 
  75      0B417F8D 
  75      1F
  76 02c2 B01983BF 		.ascii	"\260\031\203\277\001\334\023E\260"
  76      01DC1345 
  76      B0
  77              		.text
  78              		.section	.gnu.lto_nvicEnableVector.e331bcbff6878232,"",%progbits
  79 0000 789C9D53 		.ascii	"x\234\235S]K\024Q\030>\317\234\371\330l\335\353\240"
  79      5D4B1451 
  79      183ECF9C 
  79      F9D86CDD 
  79      EBA0
  80 0012 A5BC08C4 		.ascii	"\245\274\010\304\033\207\355\037\204A\027%R\321u\324"
  80      1B87ED1F 
  80      84411725 
  80      52D175D4 
  81 0022 22EC523A 		.ascii	"\"\354R:\213+Q]\344\331]\335\2652\022\374\210\226!V"
  81      8B2B515D 
  81      E4D95DDD 
ARM GAS  /tmp/ccCvuI9Z.s 			page 6


  81      B53212FC 
  81      88962156 
  82 0036 D222A234 		.ascii	"\322\"\2424\324j\335\254i\323T\242\"\221\356\274(\227"
  82      D46ADDAC 
  82      69D354A2 
  82      2291EEBC 
  82      2897
  83 0048 222331AF 		.ascii	"\"#1\257\272P\353=3\013\005\325E\035f\336\363~\277\317"
  83      BA50EB3D 
  83      330B05D5 
  83      451D66DE 
  83      F37EBFCF 
  84 005c 73CE8CCE 		.ascii	"s\316\214\316\030\333\317\031;B\373vz\301\031\224\356"
  84      18DBCF19 
  84      3B42FB76 
  84      7AC11994 
  84      EE
  85 006d 578C257C 		.ascii	"W\214%|\012 \025\341\003kS\320\206.\336\313Q\314|\310"
  85      0A2015E1 
  85      036B53D0 
  85      862EDECB 
  85      51CC7CC8 
  86 0081 2B353705 		.ascii	"+57\005-\347\212m\244E\3076\233\312\373\351\225\013"
  86      2DE78A6D 
  86      A445C736 
  86      9BCAFBE9 
  86      950B
  87 0093 A3A8A1AC 		.ascii	"\243\250\241\2547\355#6\277\310m\016\250d~}\231]\012"
  87      37ED2336 
  87      BFC86D0E 
  87      A8647E7D 
  87      995D0A
  88 00a6 48534115 		.ascii	"HSA\025\231\033\242\267?\300\033\300H/\275\270\336m"
  88      991BA2B7 
  88      3FC01BC0 
  88      482FBDB8 
  88      DE6D
  89 00b8 540F0991 		.ascii	"T\017\011\221\024\316\324 \027\273l\316q\037\234\032"
  89      14CED420 
  89      17BB6CCE 
  89      711F9C1A 
  90 00c8 621C418C 		.ascii	"b\034A\214!\310\310\305\360\000\325\224~;\371\361\013"
  90      21C8C8C5 
  90      F000D594 
  90      7E3BF9F1 
  90      0B
  91 00d9 E707DDD2 		.ascii	"\347\007\335\322\367\263\357z\265rii\250\\\372\360\017"
  91      F7B3EF7A 
  91      B5726969 
  91      A85CFAF0 
  91      0F
  92 00ea A57954BB 		.ascii	"\245yT\273\371\3676\373*u\325\303\212\011\350\014\244"
  92      F9F736FB 
  92      2A75D5C3 
  92      8A09E80C 
  92      A4
  93 00fb 0CCF6B8E 		.ascii	"\014\317k\216\330\374\236\021\316\302\015,\356\363\203"
ARM GAS  /tmp/ccCvuI9Z.s 			page 7


  93      D8FC9E11 
  93      CEC20D2C 
  93      EEF383
  94 010a 6A54450A 		.ascii	"jTE\012NBS\245\320H\350:d#\037$\022\306:\251\011\235"
  94      4E4253A5 
  94      D048E83A 
  94      64231F24 
  94      12C63AA9 
  95 0120 8E70D879 		.ascii	"\216p\330y\256H-\345\260e$\3272\213\205\021\310\346"
  95      AE482DE5 
  95      B06524D7 
  95      328B8511 
  95      C8E6
  96 0132 598E2CD7 		.ascii	"Y\216,\327\311\227ZM\227\035\012\371~=\034\035*\012"
  96      C9975A4D 
  96      971D0AF9 
  96      7E3D1C1D 
  96      2A0A
  97 0144 047219C5 		.ascii	"\004r\031\305\205\013\2674\231D\341\376\216\342kC\206"
  97      850BB734 
  97      9944E1FE 
  97      8EE26B43 
  97      86
  98 0155 0D97E5D8 		.ascii	"\015\227\345\330\300\3127\277g\212bJ\004\3105\372\271"
  98      C0CA37BF 
  98      678A624A 
  98      04C835FA 
  98      B9
  99 0166 67C9C8E1 		.ascii	"g\311\310\341Z\202.!\267\303\346>L\022\335G\324I\026"
  99      5A822E21 
  99      B7C3E63E 
  99      4C12DD47 
  99      D44916
 100 0179 4C772506 		.ascii	"Lw%\006*\314;\242=!\252l\276\005\217\221C\237{=\024"
 100      2ACC3BA2 
 100      3D21AA6C 
 100      BE058F91 
 100      439F7B3D 
 101 018e 7C3B3F3E 		.ascii	"|;?>\032\010\015\313`\356\254\315+\360\004f\226\373"
 101      1A080DCB 
 101      60EEACCD 
 101      2BF00466 
 101      96FB
 102 01a0 DCAB7310 		.ascii	"\334\253s\020\"\214\022\361zz\2430\242x\2409\205\251"
 102      228C12F1 
 102      7A7AA330 
 102      A278A039 
 102      85A9
 103 01b2 B067F06E 		.ascii	"\260g\360n\276R\302\320\260\023O]\320\251\265\264\007"
 103      BE52C2D0 
 103      B0134F5D 
 103      D0A9B5B4 
 103      07
 104 01c3 3ACB552F 		.ascii	":\313U/inpb\335\3571\323P\364\222V\323\237\014/I\223"
 104      696E7062 
 104      DDEF31D3 
 104      50F49256 
ARM GAS  /tmp/ccCvuI9Z.s 			page 8


 104      D39F0C2F 
 105 01d9 6CA666D2 		.ascii	"l\246f\322>/\003x\206 \365\367\350_5\312\364\377\205"
 105      3E2F0378 
 105      8620F5F7 
 105      E85F35CA 
 105      F4FF85
 106 01ec DC564CB9 		.ascii	"\334VL\271\344\360;\271s6\367cZ\222S]r\317%9\315\233"
 106      E4F03BB9 
 106      7336F763 
 106      5A92535D 
 106      72CF2539 
 107 0202 7569B284 		.ascii	"ui\262\204\377\2326\343NS\3762m\366\347\2649o\332\012"
 107      FF9A36E3 
 107      4E53FE32 
 107      6DF6E7B4 
 107      396FDA0A 
 108 0216 92B9C265 		.ascii	"\222\271\302ew\226\373wt\022R\372T\250\301\0013b55\232"
 108      7796FB77 
 108      741252FA 
 108      54A8C101 
 108      33623535 
 109 022b 67E21173 		.ascii	"g\342\021soc\374D\253\0253\303\221\350\361\250\0257"
 109      6F63FC44 
 109      AB1533C3 
 109      91E8F1A8 
 109      1537
 110 023d EBE4DE70 		.ascii	"\353\344\336p\370\350\356Pm\210\036\223\\\221c'\315"
 110      F8E8EE50 
 110      6D881E93 
 110      5C916327 
 110      CD
 111 024e 98D5D21A 		.ascii	"\230\325\322\0327\303VS\223\325l\3569T_W\177\332l>\025"
 111      37C35653 
 111      93D56CEE 
 111      39545F57 
 111      7FDA6C3E 
 112 0263 0DD78619 		.ascii	"\015\327\206\031\232\325XK\324\372\00127'z"
 112      9AD5584B 
 112      D4FA0132 
 112      37277A
 113              		.text
 114              		.section	.gnu.lto_nvicDisableVector.e331bcbff6878232,"",%progbits
 115 0000 789C9D52 		.ascii	"x\234\235R[k\023A\024\236og\223M\3236\317\202A\373 "
 115      5B6B1341 
 115      149E6F67 
 115      934DD336 
 115      CF8241FB 
 116 0015 94BE7488 		.ascii	"\224\276t\210\377@\352\223X*\372\003DC!A\223-\246\210"
 116      FF40EA93 
 116      582AFA03 
 116      44432141 
 116      932DA688 
 117 0029 FA60274D 		.ascii	"\372`'M\273\255\332B\241i\304\260H\212\021\361A[IjM"
 117      BBADDA42 
 117      A169C4B0 
 117      488A11F1 
 117      415B496A 
ARM GAS  /tmp/ccCvuI9Z.s 			page 9


 118 003e BD748D8D 		.ascii	"\275t\215\215E\274\321\"\202\2576\210\027\250\027|\020"
 118      45BCD122 
 118      82AF3688 
 118      17A8177C 
 118      10
 119 004f 69AB6776 		.ascii	"i\253gvE\005\361A\207\271\2343\363\235\363}sf\374\214"
 119      4505F141 
 119      87B99C33 
 119      F39DF37D 
 119      7366FC8C 
 120 0063 B1171A63 		.ascii	"\261\027\032c{h\335L\003\234A\033{\302X:\240\001\312"
 120      7B68DD4C 
 120      039C411B 
 120      7BC2583A 
 120      A001CA
 121 0076 9001B03E 		.ascii	"\220\001\260>\015}\030\341Y\216\352\320\253\212\326"
 121      0D7D18E1 
 121      598EEAD0 
 121      AB8AD6
 122 0085 76495273 		.ascii	"vIRs\316~5,9\270\311\346\214\345h\250\206\022\332\010"
 122      CE7E352C 
 122      39B8C9E6 
 122      8CE568A8 
 122      8612DA08 
 123 0099 B534306D 		.ascii	"\26540m\3633\334\346\200N\356\307\307\371\225\220r5"
 123      F333DCE6 
 123      804EEEC7 
 123      C7F99590 
 123      7235
 124 00ab B490BB2E 		.ascii	"\264\220\273.\263\271\020\357\002#\273\376\360\302\230"
 124      B3B910EF 
 124      0223BBFE 
 124      F0C298
 125 00ba D17A51CA 		.ascii	"\321zQ\312~\351<*r\271\315\346\034\327\301)!f\020F\031"
 125      7EE93C2A 
 125      72B9CDE6 
 125      1CD7C129 
 125      21661046 
 126 00cf 61465B0C 		.ascii	"aF[\014\263hU\370\227\3276&\232\375\272G\210\033\360"
 126      B36855F8 
 126      97D73626 
 126      9AFDBA47 
 126      881BF0
 127 00e2 339031B5 		.ascii	"3\2201\265\354s\344\306\267!\351\324\213\230\335\325"
 127      EC73E4C6 
 127      B721E9D4 
 127      8B98DDD5 
 128 00f2 008AD135 		.ascii	"\000\212\32155q\232|:\334p6LAt%\351\260S\\SV\306ao\221"
 128      35719A7C 
 128      3ADC7036 
 128      4C417425 
 128      E9B0535C 
 129 010c 59B3D6E7 		.ascii	"Y\263\326\347\2475\225,\317\221\347J\361x\361j\245Y"
 129      A735952C 
 129      CF91E74A 
 129      F178F16A 
 129      A559
ARM GAS  /tmp/ccCvuI9Z.s 			page 10


 130 011e 29D6B115 		.ascii	")\326\261\025\025\322@\260O\326e\237\007\322<\320\203"
 130      15D240B0 
 130      4FD6659F 
 130      07D23CD0 
 130      83
 131 012f E2DC5A93 		.ascii	"\342\334Z\223\002\371\340\303\234\007\372`\2751<\220"
 131      02F9E0C3 
 131      9C07FA60 
 131      BD313C90 
 132 013f AA567961 		.ascii	"\252Vya\321\012x\010\340&\302\224\237@\325g\247\317"
 132      D10A7808 
 132      E026C294 
 132      9F40D567 
 132      A7CF
 133 0151 B92042E4 		.ascii	"\271 B\344\006\253O\015\205\360\273\345(O\256~i\362"
 133      06AB4F0D 
 133      85F0BBE5 
 133      284FAE7E 
 133      69F2
 134 0163 5C59CDC8 		.ascii	"\\Y\315\310\020m\225\336\215\257\030\005\234OS\311\013"
 134      106D95DE 
 134      8DAF1805 
 134      9C4F53C9 
 134      0B
 135 0174 5B6C6EE0 		.ascii	"[ln\3406\325\345\026\321\251\200\332Hz2(\256\310\201"
 135      36D5E516 
 135      D1A980DA 
 135      487A3228 
 135      AEC881
 136 0187 B46CB179 		.ascii	"\264l\261y\000wP\300\204\373\030t\370|y\246\024\212"
 136      007750C0 
 136      84FB1874 
 136      F87C79A6 
 136      148A
 137 0199 4CA9C3C2 		.ascii	"L\251\303\302I\2337`\036\202\324\273\017\345 B\032="
 137      499B3760 
 137      1E82D4BB 
 137      0FE52042 
 137      1A3D
 138 01ab 35A34B75 		.ascii	"5\243Ku\374\320\363olw]6\374\205\255\372\213\355\336"
 138      FCD0F36F 
 138      6C775D36 
 138      FC85ADFA 
 138      8BEDDE
 139 01be 4FB6CFAF 		.ascii	"O\266\317\257Gk\301\377 \013b\301%\323\376$;a\363F\324"
 139      476BC1FF 
 139      200B62C1 
 139      25D3FE24 
 139      3B61F346 
 140 01d3 1499EE92 		.ascii	"\024\231\356\222\335G\344\367\3126\202a\221r\256\242"
 140      DD47E4F7 
 140      CA368261 
 140      9172AEA2 
 141 01e3 BFF03EEB 		.ascii	"\277\360>\353^\324\375\253\303$\234\376\000%\334-bf"
 141      5ED4FDAB 
 141      C3249CFE 
 141      0025DC2D 
ARM GAS  /tmp/ccCvuI9Z.s 			page 11


 141      6266
 142 01f5 A25B1C4F 		.ascii	"\242[\034O\305\304\316\356\324\241^\263GDc\361\203q"
 142      C5C4CEEE 
 142      D4A15EB3 
 142      474463F1 
 142      8371
 143 0207 33253AD4 		.ascii	"3%:\324\332\265o\377\366H{\204\272\240\255\330\201\303"
 143      DAB56FFF 
 143      F6487B84 
 143      BAA0ADD8 
 143      81C3
 144 0219 A2C73CD2 		.ascii	"\242\307<\322\233\022Q3\2210\223b\307\336\316\216\316"
 144      9B125133 
 144      91309362 
 144      C7DECE8E 
 144      CE
 145 022a 63227934 		.ascii	"c\"y4\036m\2172$\277\003s}\006C"
 145      1E6D8F32 
 145      24BF0373 
 145      7D0643
 146              		.text
 147              		.section	.gnu.lto_nvicSetSystemHandlerPriority.e331bcbff6878232,"",%progbits
 148 0000 789C6D51 		.ascii	"x\234mQ\317k\023A\024~\337\316n6-X\257E{\350A\010\275"
 148      CF6B1341 
 148      147EDFCE 
 148      6E362D58 
 148      AF457BE8 
 149 0017 7488FF81 		.ascii	"t\210\377\201\324\203\007KA\017\036<H\215\201\0156\331"
 149      D483074B 
 149      410F1E3C 
 149      488D810D 
 149      36D9
 150 0029 9014512F 		.ascii	"\220\024Q/\235$m\323V\017\242I+a\221\275\224ZD\242\324"
 150      9D246DD3 
 150      560FA249 
 150      2B6191BD 
 150      945A44A2 
 151 003e 5FD15897 		.ascii	"_\321X\227\234\274Tm\221\012\275\371\003\225\200\342"
 151      9CBC546D 
 151      910ABDF9 
 151      039580E2 
 152 004e 8F1E04A1 		.ascii	"\217\036\004\241\372f\215\340\301ag\346\275\357\275"
 152      FA668DE0 
 152      C16167E6 
 152      BDEFBD
 153 005d EFEDF7DE 		.ascii	"\357\355\367\336D\210\350;\210\216\363\275\2277\004"
 153      4488E83B 
 153      888EF3BD 
 153      973704
 154 006c C1B8F48C 		.ascii	"\301\270\364\214\250\0205\000m\250(h\302\300\004.\212"
 154      A8103500 
 154      6DA82868 
 154      C2C0042E 
 154      8A
 155 007d 8A40ABFC 		.ascii	"\212@\253\374\276a\014,)^\301\302f\367\264\232\352\365"
 155      BE610C2C 
 155      295EC1C2 
ARM GAS  /tmp/ccCvuI9Z.s 			page 12


 155      66F7B49A 
 155      EAF5
 156 008f 04D13C6F 		.ascii	"\004\321<o\275\260\202\001\316Z\237\274\345\211\013"
 156      BDB08201 
 156      CE5A9FBC 
 156      E5890B
 157 009e C21380C9 		.ascii	"\302\023\200\311\356\327\265\332\333\036\355\032\350"
 157      EED7B5DA 
 157      DB1EED1A 
 157      E8
 158 00ab 67B77465 		.ascii	"g\267te\265\031\025# \2667V\256\036\212-*UT\301\273"
 158      B5191523 
 158      20B63756 
 158      AE1E8A2D 
 158      2A5554C1 
 159 00c0 45A1F679 		.ascii	"E\241\366yB\340\036\004\327\303]\364\341\016\372\210"
 159      42E01E04 
 159      D7C35DF4 
 159      E10EFA88 
 160 00d0 21C27DC4 		.ascii	"!\302}\3048\373F\361\303'!\216\205\3147O_W\254\016u"
 160      38FB46F1 
 160      C327218E 
 160      85CC374F 
 160      5F57AC0E 
 161 00e5 7BA9437D 		.ascii	"{\251C}\360\037j\003\2610\377\366NuW\304\364\377\252"
 161      F01F6A03 
 161      B130FFF6 
 161      4E7557C4 
 161      F4FFAA
 162 00f8 C5434488 		.ascii	"\305CD\210;\247\372\206\025\250\235_eV\320\273U\357"
 162      3BA7FA86 
 162      15A89D5F 
 162      6556D0BB 
 162      55EF
 163 010a B2014D61 		.ascii	"\262\001Ma\351\374O\223K\230\226>\210f\230\305\003Q"
 163      E9FC4F93 
 163      4B98963E 
 163      886698C5 
 163      0351
 164 011c 01CD0A43 		.ascii	"\001\315\012C[\245\200\332(~+\257\275\372\010]\255&"
 164      5BA580DA 
 164      287E2BAF 
 164      BDFA085D 
 164      AD26
 165 012e CC9A0063 		.ascii	"\314\232\000c\245/\323\035\300b\354\337yX0\361\210\205"
 165      A52FD31D 
 165      C062ECDF 
 165      795830F1 
 165      8885
 166 0140 B5D17A39 		.ascii	"\265\321z97k\353$\016\317O\265\236\333:\034\011;+4\232"
 166      376BEB24 
 166      0ECF4FB5 
 166      9EDB3A1C 
 166      093B2B34 
 167 0155 15EB8FAB 		.ascii	"\025\353\217\253\266J\252\207\241\366\372\366\013\313"
 167      B64AAA87 
 167      A1F6FAF6 
ARM GAS  /tmp/ccCvuI9Z.s 			page 13


 167      0BCB
 168 0163 C7B502CF 		.ascii	"\307\265\002\317\335\337\343\011\033\217\271\305&W\322"
 168      DDDFE309 
 168      1B8FB9C5 
 168      2657D2
 169 0172 84CB73CB 		.ascii	"\204\313s\313\313\335\362\246\232,\250~OD\261\012\037"
 169      CBDDF2A6 
 169      9A2CA87E 
 169      4F44B10A 
 169      1F
 170 0183 D5F04538 		.ascii	"\325\360E8\270y\375\307\302\356x]\007\375\363\236\350"
 170      B879FDC7 
 170      C2EE785D 
 170      07FDF39E 
 170      E8
 171 0194 C213C89A 		.ascii	"\302\023\310\232\010\243\010\020g\215\364\031E\377g"
 171      08A30810 
 171      678DF419 
 171      45FF67
 172 01a3 35941CBE 		.ascii	"5\224\034\276\342\014w\301\375\031D\207\245\343\246"
 172      E20C77C1 
 172      FD194487 
 172      A5E3A6
 173 01b2 93F25CDE 		.ascii	"\223\362\\\336\221\007\223\371\323\343nV&\234\324\311"
 173      910793F9 
 173      D3E36E56 
 173      269CD4C9 
 174 01c2 949B9743 		.ascii	"\224\233\227C\372\0369zb\177|0\316\237d\310\031\035"
 174      FA1E397A 
 174      627F7C30 
 174      CE9F64C8 
 174      191D
 175 01d4 93593737 		.ascii	"\223Y77\236\227\0117\235v3\362\300\221\341\241\341\263"
 175      9E970937 
 175      9D7633F2 
 175      C091E1A1 
 175      E1B3
 176 01e6 32732695 		.ascii	"2s&\225\030L\220\355\214fN\215%sf6\227r\177\003\362"
 176      184C90ED 
 176      8C664E8D 
 176      25736636 
 176      97727F03 
 177 01fb 82BE3B   		.ascii	"\202\276;"
 178              		.text
 179              		.section	.gnu.lto_nvicClearPending.e331bcbff6878232,"",%progbits
 180 0000 789C3551 		.ascii	"x\2345QMkSQ\020\235\363\346\275\274\250m\326\202A\273"
 180      4D6B5351 
 180      109DF3E6 
 180      BDBCA86D 
 180      D68241BB 
 181 0014 104A117A 		.ascii	"\020J\021z\211\377@\352NKE\177\200h($h\362\212)\242"
 181      89FF40EA 
 181      4E4B457F 
 181      80682824 
 181      68F28A29 
 182 0029 1B7B93B4 		.ascii	"\033{\223\264I\253]\024\332F\010\017I1\242.\264\226"
 182      49AB5D14 
ARM GAS  /tmp/ccCvuI9Z.s 			page 14


 182      DA46080F 
 182      4931A22E 
 182      B496
 183 003b B46AEAD7 		.ascii	"\264j\352\327#\350\242\210\212E\004\301\225\021\027"
 183      23E8A288 
 183      8A4504C1 
 183      951117
 184 004a 0A450B82 		.ascii	"\012E\013\202\213\266:\367\005\207\3731s\356\234\271"
 184      8BB63AF7 
 184      0587FB31 
 184      73EE9CB9 
 185 005a E7CE8D10 		.ascii	"\347\316\215\020\321o\020\235\220}\237L0\301\232yK\224"
 185      D16F109D 
 185      907D9F4C 
 185      30C19A79 
 185      4B94
 186 006c 8F5A8071 		.ascii	"\217Z\200qt\0244fa\014\323<\307h\225\2775\255\276\333"
 186      74143466 
 186      610CD33C 
 186      C76895BF 
 186      35ADBEDB 
 187 0080 5A2CB85E 		.ascii	"Z,\270^\335S\322\023{}&\252\3104\206\006\372$\353\375"
 187      DD53D213 
 187      7B7D26AA 
 187      C8348606 
 187      FA24EBFD 
 188 0094 F8039FAF 		.ascii	"\370\003\237\257\261\317\200-\341\2577\325v\314\204"
 188      B1CF802D 
 188      E1AF37D5 
 188      76CC84
 189 00a3 167A24DC 		.ascii	"\026z$\334\326s\225\030\017\201\304\377\372\372\346"
 189      D6739518 
 189      0F81C4FF 
 189      FAFAE6
 190 00b2 8CDB7B4B 		.ascii	"\214\333{K\353\202\016^\326Y\037\364\231\361\020,\005"
 190      EB820E5E 
 190      D6591FF4 
 190      99F1102C 
 190      05
 191 00c3 B1823896 		.ascii	"\261\2028\226\021'\201\010\217\320k\362\277,\355\314"
 191      11278108 
 191      8FD06BF2 
 191      BF2CEDCC 
 192 00d3 7747ECCE 		.ascii	"wG\354\316\205x\214\010\211xZ\\w\002\275\363\267\254"
 192      85788C08 
 192      89785A5C 
 192      7702BDF3 
 192      B7AC
 193 00e5 83CF752C 		.ascii	"\203\317u,\035\023\305>\333\226,\016\033\3176\213\203"
 193      1D13C53E 
 193      DB962C0E 
 193      1BCF368B 
 193      83
 194 00f6 B0064D0A 		.ascii	"\260\006M\012S\336\245\003\232b\313x\305\200\276\243"
 194      53DEA503 
 194      9A62CB78 
 194      C580BEA3 
ARM GAS  /tmp/ccCvuI9Z.s 			page 15


 195 0106 B855DAFE 		.ascii	"\270U\332\376t\3072\025\253\214*;r\327l\375~\263\333"
 195      74C73215 
 195      AB8C2A3B 
 195      72D76CFD 
 195      7EB3DB
 196 0119 C8B67100 		.ascii	"\310\266q\000M\021\"i?Kkn'\311\302\241\270\244\032p"
 196      4D112269 
 196      3F4B6B6E 
 196      27C9C2A1 
 196      B8A41A70 
 197 012d B374D7E9 		.ascii	"\263t\327\351\200\334a\256\325W\267\272\014\323\201"
 197      80DC61AE 
 197      D557B7BA 
 197      0CD381
 198 013c 83D59059 		.ascii	"\203\325\220Y\330,\377g\332B\026\244\365\341\352T\210"
 198      D82CFF67 
 198      DA4216A4 
 198      F5E1EA54 
 198      88
 199 014d 08A132D1 		.ascii	"\010\2412\321z\347\032B$\354\312\362\302\306\237\256"
 199      7AE71A42 
 199      24ECCAF2 
 199      C2C69FAE 
 200 015d 4EA85B45 		.ascii	"N\250[E\035\023\250\361c\266\355\326p#/\235\257\355"
 200      1D13A8F1 
 200      63B6EDD6 
 200      70232F9D 
 200      AFED
 201 016f F7D9C553 		.ascii	"\367\331\305Si\317\023\251m\010\257\246\363\013\273"
 201      69CF13A9 
 201      6D08AFA6 
 201      F30BBB
 202 017e D53D3D9E 		.ascii	"\325==\236\327=>G\361\0145\314\207\177\"\207\037\327"
 202      D73D3E47 
 202      F10C35CC 
 202      877F2287 
 202      1FD7
 203 0190 571AB1C4 		.ascii	"W\032\261\304\2429\254]\361y\027\236C\211\324\360\277"
 203      A239AC5D 
 203      F179179E 
 203      4389D4F0 
 203      BF
 204 01a1 5E202182 		.ascii	"^ !\202h\003\205Z\273\202\260\241\306&\345a\322\032"
 204      6803855A 
 204      BB82B0A1 
 204      C626E561 
 204      D21A
 205 01b3 8BE8B84A 		.ascii	"\213\350\270Jy\231au9\227RG\207s\347F\275\021\225L\245"
 205      79996175 
 205      39975247 
 205      8773E746 
 205      BD11954C 
 206 01c8 CFA6BD9C 		.ascii	"\317\246\275\234\0320\373\320\251\323\207\023\375\011"
 206      1A30FBD0 
 206      A9D38713 
 206      FD09
 207 01d6 194AA0D4 		.ascii	"\031J\240\324\231\363j\304\2730\232SI/\223\361\262\352"
ARM GAS  /tmp/ccCvuI9Z.s 			page 16


 207      99F36AC4 
 207      BB309A53 
 207      492F93F1 
 207      B2EA
 208 01e8 C8C9C181 		.ascii	"\310\311\301\201\301K*{1\235\354O\022\262\377\000\372"
 208      C14B2A7B 
 208      319DEC4F 
 208      12B2FF00 
 208      FA
 209 01f9 0BB9C2   		.ascii	"\013\271\302"
 210              		.text
 211              		.section	.gnu.lto_nvicSetPending.e331bcbff6878232,"",%progbits
 212 0000 789C3551 		.ascii	"x\2345QMkSQ\020\235\363\346\275$j\233u\301\240]\010"
 212      4D6B5351 
 212      109DF3E6 
 212      BD246A9B 
 212      75C1A05D 
 213 0015 A508BDC4 		.ascii	"\245\010\275\304\177 u\247\245\242?@4\024\0224y\305"
 213      7F2075A7 
 213      A5A23F40 
 213      34141234 
 213      79C5
 214 0027 14D18DBD 		.ascii	"\024\321\215\275I\332\244\325.\012mS\010OIiDE\264JZ"
 214      49DAA4D5 
 214      2E0A6D53 
 214      084F4969 
 214      4445B44A 
 215 003c 3555EB23 		.ascii	"5U\353#\340\242\370\205E\335\271\261\342B\241h\261\340"
 215      E0A2F885 
 215      45DDB9B1 
 215      E242A168 
 215      B1E0
 216 004e A256E7BE 		.ascii	"\242V\347\276\340p?f\316\2353\367\334\271!\"\332\002"
 216      E0703F66 
 216      CE9D33F7 
 216      DCB92122 
 216      DA02
 217 0060 D171D9F7 		.ascii	"\321q\331\367\312\004\023\254\3117D\271\210\005\030"
 217      CA0413AC 
 217      C93744B9 
 217      880518
 218 006f 474740C3 		.ascii	"GG@\303\026\2061\301\323\214f\351k\303\352\276\251\305"
 218      168631C1 
 218      D38C66E9 
 218      6BC3EABE 
 218      A9C5
 219 0081 FCD9953D 		.ascii	"\374\331\225=E=\332\3411QY\2461\324\321-Y\357F\356{"
 219      453DDAE1 
 219      315159A6 
 219      31D4D12D 
 219      59EF46EE 
 220 0096 7C953D06 		.ascii	"|\225=\006l\011\177\276\256\254GMh\241S\302?z\272\034"
 220      6C097FBE 
 220      AEAC474D 
 220      68A153C2 
 220      3F7ABA1C 
 221 00aa E57E90F8 		.ascii	"\345~\220\370_^\316O\206\273nh\235\327\376\257y\326"
ARM GAS  /tmp/ccCvuI9Z.s 			page 17


 221      5F5ECE4F 
 221      86BB6E68 
 221      9DD7FEAF 
 221      79D6
 222 00bc 073C663C 		.ascii	"\007<f<\004KA,!\206E\304H \302#t\231\374\317\017vf\332"
 222      044B412C 
 222      218645C4 
 222      4820C223 
 222      7499FCCF 
 223 00d4 4376EB42 		.ascii	"Cv\353B<F\210D<-\2549\276\336\371[\322\376\253\032>"
 223      3C468844 
 223      3C2DAC39 
 223      BEDEF95B 
 223      D2FEAB1A 
 224 00e9 1C15C51E 		.ascii	"\034\025\305\036\333\226,\016\033\3176\213\203\240\006"
 224      DB962C0E 
 224      1BCF368B 
 224      83A006
 225 00f8 8D0953DE 		.ascii	"\215\011S\336\245}\032g\313x\005\237\276\241\260]\274"
 225      A57D1A67 
 225      CB78059F 
 225      BEA1B05D 
 225      BC
 226 0109 F6E99665 		.ascii	"\366\351\226e*V\030\025v\344\256\251\332\275F\273\221"
 226      2A561815 
 226      76E4AEA9 
 226      DABD46BB 
 226      91
 227 011a 6D633F1A 		.ascii	"mc?\032\"D\322~\024W\303\255$\013\007c\222j\300\315"
 227      2244D27E 
 227      1457C3AD 
 227      240B0763 
 227      926AC0CD 
 228 012e E26DA705 		.ascii	"\342m\247\005r\213\271Z[\336n3L\007\016\226\003f~\263"
 228      728BB95A 
 228      5BDE6E33 
 228      4C070E96 
 228      03667EB3 
 229 0142 F49F690B 		.ascii	"\364\237i\013Y\220\346\373+\343\001\"\204\362h\363m"
 229      5990E6FB 
 229      2BE30122 
 229      84F268F3 
 229      6D
 230 0153 D8104241 		.ascii	"\330\020BAW\026\3476~\267\265B\335,\350\250@\365\357"
 230      5716E736 
 230      7EB7B542 
 230      DD2CE8A8 
 230      40F5EF
 231 0166 53EBE12A 		.ascii	"S\353\341*\256\347\244\363\325}\036\207\361T\332\363"
 231      AEE7A4F3 
 231      D57D1E87 
 231      F154DAF3 
 232 0176 446A1BC2 		.ascii	"Dj\033\302\213\211\334\334nuW\217\344t\247\307\021<"
 232      8B89DCDC 
 232      6E75578F 
 232      E474A7C7 
 232      113C
ARM GAS  /tmp/ccCvuI9Z.s 			page 18


 233 0188 431533C1 		.ascii	"C\0253\301\237\310\341\307\265\245z4\276`\016\253\227"
 233      9FC8E1C7 
 233      B5A57A34 
 233      BE600EAB 
 233      97
 234 0199 3DDE8515 		.ascii	"=\336\205\025(\221\032\374\327s\304E\020m _\2753\213"
 234      28911AFC 
 234      D773C445 
 234      106D205F 
 234      BD338B
 235 01ac A0A1C6C6 		.ascii	"\240\241\306\306\344a\322\032\213\350\230J\272\351\001"
 235      E461D21A 
 235      8BE8984A 
 235      BAE901
 236 01bb 75299B54 		.ascii	"u)\233TG\006\262g\207\334A\225H\246\316\244\334\254"
 236      4706B267 
 236      87DC4195 
 236      48A6CEA4 
 236      DCAC
 237 01cd EA357BFF 		.ascii	"\3525{\377\311S\207\342=q\031J\240\344\351sj\320=?\224"
 237      C95387E2 
 237      3D71194A 
 237      A0E4E973 
 237      6AD03D3F 
 238 01e2 5509379D 		.ascii	"U\0117\235v3\352\360\211\276\336\276\213*s!\225\350"
 238      7633EAF0 
 238      89BEDEBE 
 238      8B2A7321 
 238      95E8
 239 01f4 491032FF 		.ascii	"I\0202\377\000,3\271\226"
 239      002C33B9 
 239      96
 240              		.text
 241              		.section	.gnu.lto_.symbol_nodes.e331bcbff6878232,"",%progbits
 242 0000 789C55C8 		.ascii	"x\234U\310I\021\200@\024\003\321&,\2760\204\205 \001"
 242      49118040 
 242      1403D126 
 242      2CBE3084 
 242      852001
 243 0013 332C3322 		.ascii	"3,3\"\3204\377\232CWW\275\0158*t\313p\375P\353\347^"
 243      D034FF9A 
 243      435757BD 
 243      0D382A74 
 243      CB70FD50 
 244 002a F2C853CA 		.ascii	"\362\310S\312++\345\223\347\224&/)]^C\0306\265\033\363"
 244      2B2BE593 
 244      E794262F 
 244      295D5E43 
 244      1836B51B 
 245              		.text
 246              		.section	.gnu.lto_.refs.e331bcbff6878232,"",%progbits
 247 0000 789C6363 		.ascii	"x\234cc```\004b\006\000\000D\000\010"
 247      60606004 
 247      62060000 
 247      440008
 248              		.text
 249              		.section	.gnu.lto_.decls.e331bcbff6878232,"",%progbits
ARM GAS  /tmp/ccCvuI9Z.s 			page 19


 250 0000 789CBD59 		.ascii	"x\234\275Y{PT\347\025\337\357~\273\260, \026\231\306"
 250      7B5054E7 
 250      15DFEF7E 
 250      BBB02C20 
 250      1699C6
 251 0013 E9D069C6 		.ascii	"\351\320i\306\222\204v\022\327G2\372G\247\225\254Z\231"
 251      92847612 
 251      D74732FA 
 251      47A795AC 
 251      5A99
 252 0025 C6C4598C 		.ascii	"\306\304Y\214\235\246\231n\014\222B\242\220\001l\343"
 252      9DA6996E 
 252      0C9242A2 
 252      90016CE3 
 253 0035 5FBD3C7C 		.ascii	"_\275<| \242\240\370BT\004|\360\360A\020| \312C\020"
 253      20A2A0F8 
 253      4254047C 
 253      F0F04110 
 253      7C20CA43 
 254 004a 51105140 		.ascii	"Q\020Q@\024XD@@@\036\276@\224\236\357qw/\327]m;\231"
 254      14584440 
 254      40401EBE 
 254      40949EEF 
 254      71772FD7 
 255 0062 EE70EEDD 		.ascii	"\356p\356\335\363}\347;\347\367}\347\334s\316]\034T"
 255      F37DE73B 
 255      E7F77DE7 
 255      DC73CE5D 
 255      1C54
 256 0074 2AD5AF3D 		.ascii	"*\325\257=U\252{\202J\265\024h\034>\2160V\014\204\200"
 256      55AA7B82 
 256      4AB51468 
 256      1C3E8E30 
 256      560C8480 
 257 0088 0A55ECE3 		.ascii	"\012U\354\343\000T\006T\011T\015T\003T\013tS\365\352"
 257      00540654 
 257      09540D54 
 257      03540B74 
 257      53F5EA
 258 009b 2716163A 		.ascii	"'\026\026:\303\375+ w \017\256\347>P\007P\003\320\034"
 258      C3FD2B20 
 258      77200FAE 
 258      E73E5007 
 258      5003D01C 
 259 00af 90F908C8 		.ascii	"\220\371\010\310\015\250\005x\014d\006\372\015\360\263"
 259      0DA80578 
 259      0C6406FA 
 259      0DF0B3
 260 00be 10B35D66 		.ascii	"\020\263]fC\367v\230p\265\241\033\266\240z\017\350/"
 260      43F77698 
 260      70B5A11B 
 260      B6A07A0F 
 260      E82F
 261 00d0 32DD44C9 		.ascii	"2\335D\311\270j\242\215w\271\376w\270\215J\0336\366"
 261      B86AA28D 
 261      77B9FE77 
 261      B88D4A1B 
ARM GAS  /tmp/ccCvuI9Z.s 			page 20


 261      36F6
 262 00e2 C2848B0D 		.ascii	"\302\204\213\015\033J\375\222^\311\016\226\341\177\227"
 262      1B4AFD92 
 262      5EC90E96 
 262      E17F97
 263 00f1 EBAFB6A1 		.ascii	"\353\257\266\241\377\000L\350\354\354\201\350\217\206"
 263      FF004CE8 
 263      ECEC81E8 
 263      8F86
 264 00ff F948A0AF 		.ascii	"\371H\240\257\270^\242\347;\256\257\206\363\333\320"
 264      B85EA2E7 
 264      3BAEAF86 
 264      F3DBD0
 265 010e 449D07ED 		.ascii	"D\235\007\355\350$\230\277\260\201\231,\227\316\271"
 265      E82498BF 
 265      B081992C 
 265      97CEB9
 266 011d D606C68C 		.ascii	"\326\006\306\214\377A\337l\256\317VL$b\324\\\221\221"
 266      FF41DF6C 
 266      AECF564C 
 266      2462D45C 
 266      9191
 267 012f 8563317A 		.ascii	"\205c1zO\207H\224\271\301\320\361\3363#\256l\210H4\304"
 267      4F874894 
 267      B9C1D0F1 
 267      DE3323AE 
 267      6C884834 
 268 0144 E59A052C 		.ascii	"\345\232\005,\320\3579\217\312\017h\246g\213\354\243"
 268      D0EF398F 
 268      CA0F68A6 
 268      678BECA3 
 269 0154 DD875528 		.ascii	"\335\207U(\017aIW\355\226\241tG\374g*y=\372D2\321\353"
 269      0F614957 
 269      ED96A174 
 269      47FC672A 
 269      793DFA44 
 270 016b AE436A60 		.ascii	"\256Cj`\007\253\222\356M\002\326C\207\336N\304\202\271"
 270      07AB92EE 
 270      4D02D643 
 270      87DE4EC4 
 270      82B9
 271 017d F179D324 		.ascii	"\361y\323$\244\363\336 \212\221bJ\224\350\264H\205\316"
 271      A4F3DE20 
 271      8A91624A 
 271      94E8B448 
 271      85CE
 272 018f 204F741A 		.ascii	" Ot\032y\252P\001\362&\266\363\321t\025:\011\203\271"
 272      79AA5001 
 272      F226B6F3 
 272      D174153A 
 272      0983B9
 273 01a2 307888D8 		.ascii	"0x\210\330+jH\376\375\356!Q|\033\235E:t\012a*\003\333"
 273      2B6A48FE 
 273      FDEE2151 
 273      7C1B9D45 
 273      3A740A61 
 274 01b9 7B4FC700 		.ascii	"{O\307\000d\244'\244:\340xD\020\010\005{:\312\004{6"
ARM GAS  /tmp/ccCvuI9Z.s 			page 21


 274      64A427A4 
 274      3AE07844 
 274      1008057B 
 274      3ACA047B 
 275 01ce CEDBB571 		.ascii	"\316\333\265q-kZ\371ZQ\024P!\3308g\265\001&\311\015"
 275      2D6B5AF9 
 275      5A511450 
 275      21D83867 
 275      B50126C9 
 276 01e3 46C1D0D9 		.ascii	"F\301\320\331\342\302\013\316f\324\214\340\341D\223"
 276      E2C20BCE 
 276      66D48CE0 
 276      E14493
 277 01f2 E9FE1162 		.ascii	"\351\376\021bW\270\023\242\374\270\364Al\034F\005v\343"
 277      57B813A2 
 277      FCB8F441 
 277      6C1C4605 
 277      76E3
 278 0204 A2849196 		.ascii	"\242\204\221\226 \313\210\300u\010\222^\372\307\025"
 278      20CB88C0 
 278      7508925E 
 278      FAC715
 279 0213 20B95636 		.ascii	" \271V6\317\314I\037\346w\366E\266\216\015\011Vc\262"
 279      CFCC491F 
 279      E677F645 
 279      B68E0D09 
 279      5663B2
 280 0226 25AF6055 		.ascii	"%\257`UY\246-\240\254\233D\334\335\207\223wkZQ\013L"
 280      59A62DA0 
 280      AC9B44DC 
 280      DD879377 
 280      6B5A510B 
 281 023b 42ECC56B 		.ascii	"B\354\305k\203\251\337\307\267\267\3069\342s\324\005"
 281      83A9DFC7 
 281      B7B7C639 
 281      E273D405 
 282 024b A86CFC69 		.ascii	"\250l\374i\221\033\013\002\201\304\307\300\325\275\316"
 282      911B0B02 
 282      81C4C7C0 
 282      D5BDCE
 283 025a 2C082603 		.ascii	",\010&\003\233\275i<Q3u\0079\365\370(q\262\200\276\372"
 283      9BBD693C 
 283      51337507 
 283      39F5F828 
 283      71B280BE 
 284 026f 392A055F 		.ascii	"9*\005_\224\200/T\350\"\232\012\327`5\263\325s8{\253"
 284      94802F54 
 284      E8229A0A 
 284      D76035B3 
 284      D573387B 
 285 0284 E3B41431 		.ascii	"\343\264\0241\245U,zx\372w\273\257\256\023k`\335<*\207"
 285      A5552C7A 
 285      78FA77BB 
 285      AFAE136B 
 285      60DD3C2A 
 286 0299 8AAD6E2A 		.ascii	"\212\255n*&\341\210\212P+B\027\220\031\260\225\241i"
 286      26E1888A 
ARM GAS  /tmp/ccCvuI9Z.s 			page 22


 286      502B4217 
 286      9019B095 
 286      A169
 287 02ab B07ECFCD 		.ascii	"\260~\317\315\2664\001oeQ|\351H^1R\013\314\233\304\004"
 287      B634016F 
 287      65517CE9 
 287      485E3152 
 287      0BCC9BC4 
 288 02c0 8C5D797A 		.ascii	"\214]yz\370\202\3322v\011\321\301\301\363-;\004\273"
 288      F882DA32 
 288      7609D1C1 
 288      C1F32D3B 
 288      04BB
 289 02d2 082F5384 		.ascii	"\010/S\204\025\210C|\262y}\266\216C\034\362L\022\213"
 289      1588437C 
 289      B2797DB6 
 289      8E431CF2 
 289      4C128B
 290 02e5 22451246 		.ascii	"\"E\022F \205\312\255\370\312\225\370*)\276\272\226"
 290      2085CAAD 
 290      F8CA95F8 
 290      2A29BEBA 
 290      96
 291 02f6 C2018CD3 		.ascii	"\302\001\214\323\354\343\333y#\365\254\253](U\024\312"
 291      ECE3DB79 
 291      23F5ACAB 
 291      5D285514 
 291      CA
 292 0307 5509CA60 		.ascii	"U\011\312`\367\325AW\016\245\347W\026( \205\256X\241"
 292      F7D54157 
 292      0EA5E757 
 292      16282085 
 292      AE58A1
 293 031a 5C5142A9 		.ascii	"\\QB\251\246Pr\236=\210\3028\217Ay\261\263Jt\342\232"
 293      A650729E 
 293      3D88C238 
 293      8F4179B1 
 293      B34A74E2 
 294 032f 6EFF76C2 		.ascii	"n\377v\302\246\256Y5]Sj\252\241\232\012\017\357\364"
 294      A6AE5935 
 294      5D536AAA 
 294      A19A0A0F 
 294      EFF4
 295 0341 C5B54CD1 		.ascii	"\305\265L\321Hje\206\203\004\351\375\011\220\256[\025"
 295      486A6586 
 295      8304E9FD 
 295      0990AE5B 
 295      15
 296 0352 5D572AAA 		.ascii	"]W*\252\245\212\322\016\366F8\342{LSe\322\370\023\201"
 296      A58AD20E 
 296      F64638E2 
 296      7B4C5365 
 296      D2F81381 
 297 0366 6B1AFD60 		.ascii	"k\032\375`\202\246\033VM7\224\232nRMI\005\217*5,\"\265"
 297      82A61B56 
 297      4D37949A 
 297      6E524D49 
ARM GAS  /tmp/ccCvuI9Z.s 			page 23


 297      058F2A35 
 298 037d C0B6670E 		.ascii	"\300\266g\016g\"<\304\0247\356\330\330\253\321A\272"
 298      67223CC4 
 298      1437EED8 
 298      D8ABD141 
 298      BA
 299 038e 888274B1 		.ascii	"\210\202t\261\341\215\351\002V\334m\276\277q\022~\312"
 299      E18DE902 
 299      56DC6DBE 
 299      BF71127E 
 299      CA
 300 039f 96270C0C 		.ascii	"\226'\014\014ms \313E\226m\210\015I\201\0125\222\364"
 300      6D7320CB 
 300      45966D88 
 300      0D49810A 
 300      3592F4
 301 03b2 81F49EF0 		.ascii	"\201\364\236\360G\204\037\247g\373\271\307s\331yj\352"
 301      47841FA7 
 301      67FBB9C7 
 301      73D9796A 
 301      EA
 302 03c3 68ABF06D 		.ascii	"h\253\360m\344.-!\302\317\273\022\033\021\003\355\002"
 302      E42E2D21 
 302      C2CFBB12 
 302      1B1103ED 
 302      02
 303 03d4 6C644163 		.ascii	"ldAc\202\033{\214Z\311\364\276\365b\231\200#0E\261\253"
 303      821B7B8C 
 303      5AC9F4BE 
 303      F5629980 
 303      233045B1 
 304 03e9 366781B4 		.ascii	"6g\201\264\2077\247\274D\254\271s\256,\325\025yyM\361"
 304      8737A7BC 
 304      44ACB973 
 304      AE2CD515 
 304      79794DF1 
 305 03fd F64A1513 		.ascii	"\366J\025\023\243\304\242\361.\357\314\322\215qbJ\011"
 305      A3C4A2F1 
 305      2EEFCCD2 
 305      8D71624A 
 305      09
 306 040e 420D00AB 		.ascii	"B\015\000\253\036\016\365.\232bU\244'\020\317\020\240"
 306      1E0EF52E 
 306      9A6255A4 
 306      2710CF10 
 306      A0
 307 041f AA549A32 		.ascii	"\252T\2322+31\270!\032\023\334\350\226M\361\231D:\201"
 307      2B3331B8 
 307      211A13DC 
 307      E8964DF1 
 307      99443A81 
 308 0433 462F10C4 		.ascii	"F/\020\304)j\202\371;t\267D\032P\2416\000\330\212\274"
 308      296A82F9 
 308      3B74B744 
 308      1A50A136 
 308      00D88ABC 
 309 0447 C05B5EE8 		.ascii	"\300[^\350\036\362\242\011\207\345\344\227\031x\267"
ARM GAS  /tmp/ccCvuI9Z.s 			page 24


 309      1EF2A209 
 309      87E5E497 
 309      1978B7
 310 0456 284E2692 		.ascii	"(N&\222*\356`\025\265\036\015x;3q\346IQ\214q\200T\244"
 310      2AEE6015 
 310      B51E0D78 
 310      3B3371E6 
 310      49518C71 
 311 046d 8394AC30 		.ascii	"\203\224\2540_\207,\366\341x.\327\347^r\306m\364\254"
 311      5F872CF6 
 311      E1782ED7 
 311      E75E72C6 
 311      6DF4AC
 312 0480 84ABE2C9 		.ascii	"\204\253\342\3113Nh\212\267M\\\250\023\340\274\031Z"
 312      334E688A 
 312      B74D5CA8 
 312      13E0BC19 
 312      5A
 313 0491 79168E82 		.ascii	"y\026\216\202\205\250\003$\333\255\341G\220R\203\367"
 313      85A80324 
 313      DBADE147 
 313      905283F7 
 314 04a1 CDBDD7B1 		.ascii	"\315\275\327\261\313FK\015\242\202VO\337G.4\257\336"
 314      CB464B0D 
 314      A282564F 
 314      DF472E34 
 314      AFDE
 315 04b3 A79ECDAE 		.ascii	"\247\236\315\256\333_\340\302\034-z\222\347\270x\375"
 315      DB5FE0C2 
 315      1C2D7A92 
 315      E7B878FD 
 316 04c3 49CE0F38 		.ascii	"I\316\0178\002\237x\364\336)\036\010\361\036\300w\325"
 316      029F78F4 
 316      DE291E08 
 316      F11EC077 
 316      D5
 317 04d4 1D4E7265 		.ascii	"\035Nre\221 \036@0\260wl,Z\215\373Y(\334\255\177y\205"
 317      91201E40 
 317      30B0776C 
 317      2C5A8DFB 
 317      5928DCAD 
 318 04eb 97E0280D 		.ascii	"\227\340(\015Iq\035M\333]\355\006h\277\024\240},\266"
 318      49711D4D 
 318      DB5DED06 
 318      68BF14A0 
 318      7D2CB6
 319 04fe B376A4E6 		.ascii	"\263v\244\346a\026\242p\341!\372\000\304{\250\370C\032"
 319      6116A270 
 319      E121FA00 
 319      C47BA8F8 
 319      431A
 320 0510 A2FD5288 		.ascii	"\242\375R\210\266\037lOq\342\310\035\200_\227\320\226"
 320      B61F6C4F 
 320      71E2C81D 
 320      805F97D0 
 320      96
 321 0521 36892327 		.ascii	"6\211#'\300j\0226mSs\244\244\307\330\334\220\360\007"
ARM GAS  /tmp/ccCvuI9Z.s 			page 25


 321      C06A1236 
 321      6D5373A4 
 321      A4C7D8DC 
 321      90F007
 322 0534 FC8CE1BC 		.ascii	"\374\214\341\274\225\263\355\004\177&\037\022\331\263"
 322      95B3ED04 
 322      7F261F12 
 322      D9B3
 323 0542 49F549CE 		.ascii	"I\365I\316vq>\226p>b8\217\257m\317\320\302jOh`\220\254"
 323      76713E96 
 323      703E6238 
 323      8FAF6DCF 
 323      D0C26A4F 
 324 055a 7BF164DD 		.ascii	"{\361d\335\313\311\242\341\243j\374\2349<\347h\373\267"
 324      CBC9A2E1 
 324      A36AFC9C 
 324      393CE768 
 324      FBB7
 325 056c C85B2735 		.ascii	"\310['5\023\323\327\256'\231c\0246\366\314\352:O\262"
 325      13D3D7AE 
 325      27996314 
 325      36F6CCEA 
 325      3A4FB2
 326 057f 25DA3488 		.ascii	"%\3324\210i\"\236\252B\263=\321\014\210\207\021\210"
 326      69229EAA 
 326      42B33DD1 
 326      0C888711 
 326      88
 327 0590 014FFEFC 		.ascii	"\001O\376\374<\0058O\230\375\214\375G.\272\342\265j"
 327      3C05384F 
 327      98FD8CFD 
 327      472EBAE2 
 327      B56A
 328 05a2 6AA0E5E8 		.ascii	"j\240\345\350\303jl\261\000\255D.m%^\200\205\347V\013"
 328      C36A6CB1 
 328      00AD442E 
 328      6D255E80 
 328      85E7560B 
 329 05b6 A3C88E89 		.ascii	"\243\310\216\2111\333&\352\314;\3568[]\201\250\276!"
 329      31DB26EA 
 329      CC3BEE38 
 329      5B5D81A8 
 329      BE21
 330 05c8 981FA427 		.ascii	"\230\037\244'\362\222\272\342\261\344\212\310\2131\017"
 330      F292BAE2 
 330      B1E48AC8 
 330      8B310F
 331 05d7 104B01FF 		.ascii	"\020K\001\377\221\366]e#\017\325r\355\343\257\323\236"
 331      91F65D65 
 331      230FD572 
 331      EDE3AFD3 
 331      9E
 332 05e8 6F4E8CE1 		.ascii	"oN\214\341!\231B\032\273\263\315\203E\316\214o%\307"
 332      2199421A 
 332      BBB3CD83 
 332      45CE8C6F 
 332      25C7
ARM GAS  /tmp/ccCvuI9Z.s 			page 26


 333 05fa 3FD2BBAB 		.ascii	"?\322\273\253N\313\035=\011\370\322\341\344A\027\034"
 333      4ECB1D3D 
 333      09F8D2E1 
 333      E441171C 
 334 060a 478F0795 		.ascii	"G\217\007\225\334)\334\300==\007\330\253\233\317t\330"
 334      DC29DCC0 
 334      3D3D07D8 
 334      AB9BCF74 
 334      D8
 335 061b 0FC87502 		.ascii	"\017\310u\002w\364Z\201\342|\231\222\\/(\0032J\360D"
 335      77F45A81 
 335      E27C9992 
 335      5C2F2803 
 335      324AF044 
 336 062f 9102115F 		.ascii	"\221\002\021_/\270K\213h\275\354\033\371\005\217Gy\377"
 336      2FB84B8B 
 336      68BDEC1B 
 336      F9058F47 
 336      79FF
 337 0641 E94EFB4F 		.ascii	"\351N\373Ot\254\353B\262\216\243$\235I\351\215=Y\216"
 337      74ACEB42 
 337      B28EA324 
 337      9D49E98D 
 337      3D598E
 338 0654 782743F9 		.ascii	"x'C\371h\343\332\247\374\271!\017]{\345\320\217\223"
 338      68E3DAA7 
 338      FCB9210F 
 338      5D7BE5D0 
 338      8F93
 339 0666 ECA28C93 		.ascii	"\354\242\214\223Pnb(\223{\206\307')Qn\004\2241\024\345"
 339      506E6228 
 339      937B86C7 
 339      2729516E 
 339      04943114 
 340 067b 668A324E 		.ascii	"f\2122NBy\343\374\35057\271t\313\353\244\237\346?\277"
 340      4279E3FC 
 340      E83537B9 
 340      74CBEBA4 
 340      9FE63FBF 
 341 068f C3379182 		.ascii	"\3037\221\202e\205\300\235\027\002\351!\364\340\017"
 341      6585C09D 
 341      1702E921 
 341      F4E00F
 342 069e 6144D789 		.ascii	"aD\327\211\365\030'\263]\015\357\\\033\243e\302o\001"
 342      F51827B3 
 342      5D0DEF5C 
 342      1BA365C2 
 342      6F01
 343 06b0 7BE0787F 		.ascii	"{\340x\177\257\326\356\256\266K\273Jd\273zQbNuS\356"
 343      AFD6EEAE 
 343      B64BBB4A 
 343      64BB7A51 
 343      624E7553 
 344 06c5 6A2BE04C 		.ascii	"j+\340L\2408wP\234\333%\234'\013\007\017J\311\200\340"
 344      A0387750 
 344      9CDB259C 
 344      270B070F 
ARM GAS  /tmp/ccCvuI9Z.s 			page 27


 344      4AC980E0 
 345 06d9 ECC86A4B 		.ascii	"\354\310jK\323\341C\014GfQl\005?\335\024r\364\343{\006"
 345      D3E1430C 
 345      4766516C 
 345      053FDD14 
 345      72F4E37B 
 346 06ee F6BAE02C 		.ascii	"\366\272\340,6)\371\305\235\373\345Zw~\216\200\363\330"
 346      3629F9C5 
 346      9DFBE55A 
 346      777E8E80 
 346      F3D8
 347 0700 E40B737C 		.ascii	"\344\013s|\274#_IB\315\334X\227\343\202\317\262\311"
 347      BC235F49 
 347      42CDDC58 
 347      97E382CF 
 347      B2C9
 348 0712 FCCECBE5 		.ascii	"\374\316\313\345\322J2\031s\274-V\203K\331\344\245\362"
 348      D24A3219 
 348      73BC2D56 
 348      834BD9E4 
 348      A5F2
 349 0724 C86F7105 		.ascii	"\310oq\005\373~\345^\364\373L.\232\244\330\262\364\234"
 349      FB7EE55E 
 349      F4FB4C2E 
 349      9AA4D8B2 
 349      F49C
 350 0736 FD989D59 		.ascii	"\375\230\235Y\012\015\340\334\342\215Qn\270\212\012"
 350      0A0DE0DC 
 350      E28D516E 
 350      B88A0A
 351 0745 BB9947A3 		.ascii	"\273\231G\243\314.P\034\351g\212\2277\275C\331\211 "
 351      CC2E501C 
 351      E9678A97 
 351      37BD43D9 
 351      8920
 352 0757 6572EEED 		.ascii	"er\356\355\233\321\242\270\325\005m\021\334\321\001"
 352      9BD1A2B8 
 352      D5056D11 
 352      DCD101
 353 0766 01D2B730 		.ascii	"\001\322\2670\305\342<Y\331c\362%_\302\005\212\264\010"
 353      C5E23C59 
 353      D963F225 
 353      5FC2058A 
 353      B408
 354 0778 C2C38809 		.ascii	"\302\303\210\011KO\031\344H\2314I\035=\177\215\240\025"
 354      4B4F19E4 
 354      48993449 
 354      1D3D7F8D 
 354      A015
 355 078a 154E166D 		.ascii	"\025N\026m\343\252\245\363F\361\202B\367\020\227&@b"
 355      E3AAA5F3 
 355      46F18242 
 355      F7109726 
 355      4062
 356 079c 95403628 		.ascii	"\225@6(\245Kd\322)J\351\375\202\002\311m\031\222$%\222"
 356      A54B64D2 
 356      294AE9FD 
ARM GAS  /tmp/ccCvuI9Z.s 			page 28


 356      8202C96D 
 356      19922425 
 357 07b1 DD137443 		.ascii	"\335\023tC1\256\375\222u\002$\216\323\271\264\245\024"
 357      31AEFD92 
 357      7502248E 
 357      D3B9B4A5 
 357      14
 358 07c2 7721DBAD 		.ascii	"w!\333\255@\032\250K\245\232\2108\251\267"
 358      401AA84B 
 358      A59A8838 
 358      A9B7
 359 07d0 C7046F74 		.ascii	"\307\004otP\360B'\2002\200\216\002\345\002e\002\375"
 359      50F04227 
 359      8032808E 
 359      02E50265 
 359      02FD
 360 07e2 087418E8 		.ascii	"\010t\030\350\010P\016\320!\240\343@Y\202\027\357\012"
 360      08500ED0 
 360      21A0E340 
 360      598217EF 
 360      0A
 361 07f3 684F2283 		.ascii	"hO\"\203\275O\011{\257\0256\313\324\235\267\335#H\025"
 361      BD4F097B 
 361      AF1536CB 
 361      D49DB7DD 
 361      234815
 362 0806 07A9890D 		.ascii	"\007\251\211\015\006\231\254n\362\330*\212\0253H\315"
 362      0699AC6E 
 362      F2D82A8A 
 362      153348CD 
 363 0816 43BDDC75 		.ascii	"C\275\334uR%D\335J\327\215~a\265|\013),\307(\217w\224"
 363      522544DD 
 363      4AD78D7E 
 363      61B57C0B 
 363      292CC728 
 364 082d E384F485 		.ascii	"\343\204\364\205\2429N)\251\241\010\245\353\332d\256"
 364      A2394E29 
 364      A9A108A5 
 364      EBDA64AE 
 365 083d DBA574DD 		.ascii	"\333\245t\335N\245t\255L:Y)\275\307*M\222k\275\371\""
 365      4EA574AD 
 365      4C3A5929 
 365      BDC72A4D 
 365      926BBDF9 
 366 0852 C2B5AC8A 		.ascii	"\302\265\254\212E\216\346\344k\224}\221\344$\224\017"
 366      458EE6E4 
 366      6B947D91 
 366      E424940F 
 367 0862 BEF929FC 		.ascii	"\276\371)\374\304N\276\245I+\212Z\224\007\012O\012\226"
 367      C44EBEA5 
 367      492B8A5A 
 367      94070A4F 
 367      0A96
 368 0874 0A49FC40 		.ascii	"\012I\374@q\305\334\037\2752\241}\312\023\344\355\323"
 368      71C5DC1F 
 368      BD32A17D 
 368      CA13E4ED 
ARM GAS  /tmp/ccCvuI9Z.s 			page 29


 368      D3
 369 0885 2981B54F 		.ascii	")\201\265Op'\355S\325\245&\236Z6\220Gy\274\2731\215"
 369      7027ED53 
 369      D5A5269E 
 369      5A369047 
 369      79BCBB31 
 370 089a E7A101FA 		.ascii	"\347\241\001\372Z4\266\367\024\347=d\371\304\203\347"
 370      5A34B6F7 
 370      14E73D64 
 370      F9C483E7 
 371 08aa 93DE5DB1 		.ascii	"\223\336]\261QnvS\3429)%\236fe\363fs\307\016\027eJ,"
 371      516E7653 
 371      E2392925 
 371      9E6665F3 
 371      6673C70E 
 372 08c2 80433A4B 		.ascii	"\200C:K\017\266\220\246\304sRJ\314\253mx\342\204\233"
 372      0FB690A6 
 372      C473524A 
 372      CCAB6D78 
 372      E2849B
 373 08d5 580A4AEF 		.ascii	"X\012J\357\314y\350$_\332\360\272\2457:\017D\363\212"
 373      CC79E824 
 373      5FDAF0BA 
 373      A5373A0F 
 373      44F38A
 374 08e8 5BA392BD 		.ascii	"[\243\222\275E\273\263\267h)\361y\360\304WP^{\031\341"
 374      45BBB3B7 
 374      6829F179 
 374      F0C45750 
 374      5E7B19E1 
 375 08fc BBBCE00E 		.ascii	"\273\274\340\016\2358\314\327\222D\334\032_:n\177\207"
 375      9D38CCD7 
 375      9244DC1A 
 375      5F3A6E7F 
 375      87
 376 090d 65D20E2F 		.ascii	"e\322\016/\262\244\3778\376\304B\345\006K\000e1EYNQ"
 376      B2A4FF38 
 376      FEC442E5 
 376      064B0065 
 376      3145594E 
 377 0922 96492877 		.ascii	"\226I(w\357\3559&(\367dW:\266,\257\234{\252\202\360"
 377      EFED3926 
 377      28F76457 
 377      3AB62CAF 
 377      9C7BAA82 
 378 0937 9D2F732B 		.ascii	"\235/s+\035q'\003\275m\353\263J-\356a\314\251\376\254"
 378      1D712703 
 378      BD6DEBB3 
 378      4A2DEE61 
 378      CCA9FEAC 
 379 094b 53AE4CB2 		.ascii	"S\256L\262H\316{p~8k\340\240\003\356W\377\007\257`\325"
 379      48CE7B70 
 379      7E386BE0 
 379      A003EE57 
 379      FF07AF60 
 380 0960 D2FE66D0 		.ascii	"\322\376f\320\355\235\312K{\250U\356\357* fo\014\327"
 380      ED9DCA4B 
ARM GAS  /tmp/ccCvuI9Z.s 			page 30


 380      7BA855EE 
 380      EF2A2066 
 380      6F0CD7
 381 0973 28E26A09 		.ascii	"(\342j\011qADz\035V\356\317\256\364\221\316\344\315"
 381      7141447A 
 381      1D56EECF 
 381      AEF491CE 
 381      E4CD
 382 0985 FCDCE792 		.ascii	"\374\334\347\222\026k\344@\217+\036b \373\372\307\216"
 382      166BE440 
 382      8F2B1E62 
 382      20FBFAC7 
 382      8E
 383 0996 C34B2363 		.ascii	"\303K#c\012N\235+\347\035\321\014\322tg\027W;\34316"
 383      0A4E9D2B 
 383      E71DD10C 
 383      D2746717 
 383      573BE331 
 384 09ab 3716BF3F 		.ascii	"7\026\277?\327\011Gj(\263g\270\271\233\307\2567ql\332"
 384      D709476A 
 384      28B367B8 
 384      B99BC7AE 
 384      37716CDA 
 385 09bf BEAD4E78 		.ascii	"\276\255Nx=\233\033\217\337\260\333\021obLbub\2323N"
 385      3D9B1B8F 
 385      DFB0DB11 
 385      6F624C62 
 385      75629A33 
 386 09d4 604C7F74 		.ascii	"`L\177tG+\217\225\251\244\274>\331\274\323\031\357d"
 386      472B8F95 
 386      A9A4BC3E 
 386      D9BCD319 
 386      EF64
 387 09e6 730D8DD1 		.ascii	"s\015\215\321g\370\313\2043\260Q\331\347\3635v\317\256"
 387      67F8CB84 
 387      33B051D9 
 387      E7F33576 
 387      CFAE
 388 09f8 453ABB66 		.ascii	"E:\273f\026\033q\307\322/8([R\353+\235\231\036G\213"
 388      161B71C7 
 388      D22F3828 
 388      5B52EB2B 
 388      9D991E47 
 389 0a0d 741CD59D 		.ascii	"t\034\325\235\261\327\234\225-\246]\351\302\332\246"
 389      B1D79C95 
 389      2DA65DE9 
 389      C2DAA6
 390 0a1c 79780F03 		.ascii	"yx\017\003\371\270\272\351.\302\373\031\023}\345\362"
 390      F9B8BAE9 
 390      2EC2FB19 
 390      137DE5F2 
 391 0a2c 61479CC6 		.ascii	"aG\234\306\230\336\214\252\012\007\234\301\230\366\316"
 391      98DE8CAA 
 391      0A079CC1 
 391      98F6CE
 392 0a3b D1D3181F 		.ascii	"\321\323\030\037c\314\241\336\3248'\234\313\327\264"
 392      63CCA1DE 
ARM GAS  /tmp/ccCvuI9Z.s 			page 31


 392      D438279C 
 392      CBD7B4
 393 0a4a F757F313 		.ascii	"\367W\363\023\330D\036\217\347\003\3717\245\227g\362"
 393      D8441E8F 
 393      E703F937 
 393      A59767F2 
 394 0a5a 0B40CFE3 		.ascii	"\013@\317\343\216q->C\205\337\312\251\275\232\342\204"
 394      8E712D3E 
 394      4385DFCA 
 394      A9BD9AE2 
 394      84
 395 0a6b 68A9B77E 		.ascii	"h\251\267~\274\371\035\336\216!\235Vw\363bp\011\222"
 395      BCF91DDE 
 395      8E219D56 
 395      77F36270 
 395      0992
 396 0a7d 6A2964AC 		.ascii	"j)d\254>HHR\234\243\242W*\263\211U\375V\220n\342\322"
 396      3E484852 
 396      9CA3A257 
 396      2AB38955 
 396      FD56906E 
 397 0a93 9637CC3B 		.ascii	"\2267\314;ri\362\352]\022\304\252'\211\255\313\\\332"
 397      7269F2EA 
 397      5D12C4AA 
 397      2789ADCB 
 397      5CDA
 398 0aa5 523D2B04 		.ascii	"R=+\004\353{\367\204\314\334\005\326\357\323\311>\236"
 398      EB7BF784 
 398      CCDC05D6 
 398      EFD3C93E 
 398      9E
 399 0ab6 9647202D 		.ascii	"\226G -\217A\252\035\000\032\005\032\007\032\002\032"
 399      8F41AA1D 
 399      001A051A 
 399      071A021A 
 400 0ac6 067A00F4 		.ascii	"\006z\000\364\034\350\005\320\023\240g@O\201\372\201"
 400      1CE805D0 
 400      13A06740 
 400      4F81FA81 
 401 0ad6 5E0289D8 		.ascii	"^\002\211\330\013\015\302\275\027\250\007\350!\320c"
 401      0B0DC2BD 
 401      17A807E8 
 401      21D063
 402 0ae5 A04796F2 		.ascii	"\240G\226\362J\352|[\240\265\316\337P\"\275>a_\244\020"
 402      4AEA7C5B 
 402      A0B5CEDF 
 402      5022BD3E 
 402      615FA410 
 403 0af9 05B14274 		.ascii	"\005\261Bt\001N\341<\227\226\362\035o!e=D\245\311\252"
 403      014EE13C 
 403      9796F21D 
 403      6F21653D 
 403      44A5C9AA 
 404 0b0d BB43A97B 		.ascii	"\273C\251{\302\217\017\344\314F\003\255gVi\373\314d"
 404      C28F0FE4 
 404      CC4603AD 
 404      675669FB 
ARM GAS  /tmp/ccCvuI9Z.s 			page 32


 404      CC64
 405 0b1f BADB64BA 		.ascii	"\272\333d\272\333\224\322\305J\351\036\231\364]\333"
 405      DB94D2C5 
 405      4AE91E99 
 405      F45DDB
 406 0b2e D21214AA 		.ascii	"\322\022\024\252<\310*\336\255\024?\375Jc\305\017\245"
 406      3CC82ADE 
 406      AD143FFD 
 406      4A63C50F 
 406      A5
 407 0b3f 90F70913 		.ascii	"\220\367\011\023\016\345\314+\312+e'~K\251\274\341\025"
 407      0EE5CC2B 
 407      CA2B6527 
 407      7E4BA9BC 
 407      E115
 408 0b51 F1DB32F1 		.ascii	"\361\3332\361:\245\370\315W\304ke\342\365\266\305e\355"
 408      3AA5F8CD 
 408      57C46B65 
 408      E2F5B6C5 
 408      65ED
 409 0b63 D29316D6 		.ascii	"\322\223\026\326.\365)\333%\242\252\336\354\221\032"
 409      2EF529DB 
 409      25A2AADE 
 409      EC911A
 410 0b72 459E10A2 		.ascii	"E\236\020\242\253]\251\253\016)\316xTv\306\267\225\322"
 410      AB5DA9AB 
 410      0E29CE78 
 410      5476C6B7 
 410      95D2
 411 0b84 3182D2DD 		.ascii	"1\202\322\335%&\253\273;m\006\207Lw\211lW\215\266\317"
 411      2526ABBB 
 411      3B6D0687 
 411      4C77896C 
 411      578DB6CF 
 412 0b98 4CEE6D99 		.ascii	"L\356m\231t\255\355\230\236p\3022\340\367lo\323\002"
 412      74ADED98 
 412      9E70C232 
 412      E0F76C6F 
 412      D302
 413 0baa 9C648240 		.ascii	"\234d\202@\346\356\032pw\025\027\227\352\007\2722\241"
 413      E6EE1A70 
 413      77151797 
 413      EA07BA32 
 413      A1
 414 0bbb 19AB366F 		.ascii	"\031\2536o\257V\343\0134'\011\315\335'c\235\225\315"
 414      AF56E30B 
 414      342709CD 
 414      DD27639D 
 414      95CD
 415 0bcd 98F4C8A3 		.ascii	"\230\364\310\243(\354\375\177y\352\231\337\373\273\035"
 415      28ECFD7F 
 415      79EA99DF 
 415      FBBB1D
 416 0bdc 48B31689 		.ascii	"H\263\026\211\247\240\010li\326\372\244f-\255\263\255"
 416      A7A0086C 
 416      69D6FAA4 
 416      662DADB3 
ARM GAS  /tmp/ccCvuI9Z.s 			page 33


 416      AD
 417 0bed 542D6FD6 		.ascii	"T-o\326\210\240\265\206Dc\326\254\301\035\204\317\225"
 417      88A0B586 
 417      4463D6AC 
 417      C11D84CF 
 417      95
 418 0bfe EEEB43B8 		.ascii	"\356\353C\270\202e\351\324\256\252\313\274\014\376\222"
 418      8265E9D4 
 418      AEAACBBC 
 418      0CFE92
 419 0c0d FCE0B1AD 		.ascii	"\374\340\261\255w3bI\272\213$\355\003U\303;t\270\236"
 419      77336249 
 419      BA8B24ED 
 419      0355C33B 
 419      74B89E
 420 0c20 C99E2EEC 		.ascii	"\311\236.\354\233\305D\311\373[sl\323\035d\267lm\304"
 420      9BC544C9 
 420      FB5B736C 
 420      D31D64B7 
 420      6C6DC4
 421 0c33 BC6CC560 		.ascii	"\274l\305`\366K\312\263\302Q\027l\246\212\324\331Q\231"
 421      F64BCAB3 
 421      C251176C 
 421      A68AD4D9 
 421      5199
 422 0c45 036AE4ED 		.ascii	"\003j\344\355\211@\034\261\237l\310?\265Th\013\326\201"
 422      89401CB1 
 422      9F6CC83F 
 422      B554680B 
 422      D681
 423 0c57 75CCA35A 		.ascii	"u\314\243Z\225$\202\372\201\177\221a\370\256\245w\033"
 423      952482FA 
 423      817F9161 
 423      F8AEA577 
 423      1B
 424 0c68 3FDE6C02 		.ascii	"?\336l\002Wl\241\3666cO\024\307\014\356\337\177\276"
 424      576CA1F6 
 424      36634F14 
 424      C70CEEDF 
 424      7FBE
 425 0c7a 1EC92B1F 		.ascii	"\036\311+\037\321\275\036\346\327a\202/\036\273K(\351"
 425      D1BD1EE6 
 425      D761822F 
 425      1EBB4B28 
 425      E9
 426 0c8b BFD7922B 		.ascii	"\277\327\222+F\234t\\\367\2067\351\316\032J\037\233"
 426      469C745C 
 426      F78637E9 
 426      CE1A4A1F 
 426      9B
 427 0c9c 5055135E 		.ascii	"PU\023^\247\373YA[\247\346\2354\261\246H,zp\372\303"
 427      A7FB5941 
 427      5BA7E69D 
 427      34B1A648 
 427      2C7A70FA 
 428 0cb1 CCC82231 		.ascii	"\314\310\"1j\036\332\212\335\321\006pe\015\232&[\272"
 428      6A1EDA8A 
ARM GAS  /tmp/ccCvuI9Z.s 			page 34


 428      DDD10670 
 428      650D9A26 
 428      5BBA
 429 0cc3 1646FE26 		.ascii	"\026F\376&\250\3206\374\216\352O\372\300\220U\001\372"
 429      A8D036FC 
 429      8EEA4FFA 
 429      C0905501 
 429      FA
 430 0cd4 356181FA 		.ascii	"5a\201\372\371\001a\337\205\207|\257\367\017\014\372"
 430      F90161DF 
 430      85877CAF 
 430      F70F0CFA 
 431 0ce4 3A28244C 		.ascii	":($Lo \367\317\374L\263fN\237\011\177z\030\012\\\276"
 431      6F20F7CF 
 431      FC4CB366 
 431      4E9F097F 
 431      7A180A5C 
 432 0cf9 52FF7D48 		.ascii	"R\377}Hhx\230\336?d\325\252\220`\275\217q\261a\361\017"
 432      687898DE 
 432      3F64D5AA 
 432      9060BD8F 
 432      71B161F1 
 433 0d0e FAE07F04 		.ascii	"\372\340\177\004\371O\367\327\376\361\323\317\3376\314"
 433      F94FF7D7 
 433      FEF1D3CF 
 433      DF36CC
 434 0d1d 9CA9D299 		.ascii	"\234\251\322\231L\253\203\202\303g\3172\205\177\240"
 434      4CAB8382 
 434      C367CF32 
 434      857FA0
 435 0d2c 5F1D16AA 		.ascii	"_\035\026\252\017\012\366_\271zE\200>8\340\237+\203"
 435      0F0AF65F 
 435      B97A4580 
 435      3E38E09F 
 435      2B83
 436 0d3e BED6AF5A 		.ascii	"\276\326\257Z\0166\202\003\364\246\025\001\337,_\275"
 436      0E368203 
 436      F4A61501 
 436      DF2C5FBD 
 437 0d4e 32DC14BE 		.ascii	"2\334\024\276\346\373\200\260\351\201*\255\264l\232"
 437      E6FB80B0 
 437      E9812AAD 
 437      B46C9A
 438 0d5d AD65616B 		.ascii	"\255eak\302\364\246\260\360\025 Cd\211Q\337\340\240"
 438      C2F4A6B0 
 438      F0152043 
 438      648951DF 
 438      E0A0
 439 0d6f F04F7EC2 		.ascii	"\360O~\302-\250&\223\373\202\340\345_\257\014X\026\340"
 439      2DA82693 
 439      FB82E0E5 
 439      5FAF0C58 
 439      16E0
 440 0d81 1F1E12FA 		.ascii	"\037\036\022\372320?(\314:\342IF\374\002\302\375\326"
 440      3332303F 
 440      28CC3AE2 
 440      4946FC02 
ARM GAS  /tmp/ccCvuI9Z.s 			page 35


 440      C2FDD6
 441 0d94 848507AC 		.ascii	"\204\205\007\254Z\264<x\305\312\200\320%\241A!\241A"
 441      5AB43C78 
 441      C5CA80D0 
 441      25A14121 
 441      A141
 442 0da6 E16BE87A 		.ascii	"\341k\350z\303\312\200\345\241K\002\202\001\351\337"
 442      C3CA80E5 
 442      A14B0282 
 442      01E9DF
 443 0db5 277169CE 		.ascii	"'qi\316\252}\015K\215N\306\005~\013\214\313\026\314"
 443      AA7D0D4B 
 443      8D4EC605 
 443      7E0B8CCB 
 443      16CC
 444 0dc7 9FA1F131 		.ascii	"\237\241\3611,\375\304\370\305\177\265\003\216;\340"
 444      2CFDC4F8 
 444      C57FB503 
 444      8E3BE0
 445 0dd6 8770825D 		.ascii	"\207p\202]oX\354\347\353\2477\204\204\006\350}\371y"
 445      6F58ECE7 
 445      EBA73784 
 445      8406E87D 
 445      F979
 446 0de8 F90363F2 		.ascii	"\371\003c\362_5\033N\311\331\317\020\354g\370\330\264"
 446      5F351B4E 
 446      C9D9CF10 
 446      EC67F8D8 
 446      B4
 447 0df9 144ED862 		.ascii	"\024N\330b\366#\301w\211\023\363\321\\S\270#\277[\246"
 447      F623C177 
 447      8913F3D1 
 447      5C53B823 
 447      BF5BA6
 448 0e0c 3F54FBFA 		.ascii	"?T\373\372|l\0059\0330/\261\262\263\324\276~K\214Z#"
 448      7C6C0539 
 448      1B302FB1 
 448      B2B3D4BE 
 448      7E4B8C5A 
 449 0e21 E366C2E4 		.ascii	"\343f\302\344\002#\014\301\305o\251\257\321\351\323"
 449      02230CC1 
 449      C56FA9AF 
 449      D1E9D3
 450 0e30 65BE066A 		.ascii	"e\276\006j\015\306|\214\352\305\213\027\032\261\317"
 450      0DC67C8C 
 450      EAC58B17 
 450      1AB1CF
 451 0e3f 7C239E0F 		.ascii	"|#\236\017\367%\013\215j\237\205~F\365\307\013}\214"
 451      F7250B8D 
 451      6A9F857E 
 451      46F5C70B 
 451      7D8C
 452 0e51 1A980281 		.ascii	"\032\230\002\201\371\204_D.\006\270h\374\026\031\374"
 452      F9845F44 
 452      2E06B868 
 452      FC1619FC 
 453 0e61 8CD86FD1 		.ascii	"\214\330o\321\022l0\300\335`\324\370\370\032\015F\365"
ARM GAS  /tmp/ccCvuI9Z.s 			page 36


 453      126C30C0 
 453      DD60D4F8 
 453      F81A0D46 
 453      F5
 454 0e72 B2A59F81 		.ascii	"\262\245\237\201\025\230\323\030\226|\356;\037\256>"
 454      1598D318 
 454      967CEE3B 
 454      1FAE3E
 455 0e81 06A356DA 		.ascii	"\006\243V\332\231\253\311\364\315\352`\177\223i\372"
 455      99ABC9F4 
 455      CDEA607F 
 455      9369FA
 456 0e90 9CB933E6 		.ascii	"\234\2713\346h%N\355\037\270<\364\337\315c\350}"
 456      68254EED 
 456      1FB83CF4 
 456      DFCD63E8 
 456      7D
 457              		.text
 458              		.section	.gnu.lto_.symtab.e331bcbff6878232,"",%progbits
 459 0000 6E766963 		.ascii	"nvicInit\000"
 459      496E6974 
 459      00
 460 0009 00       		.ascii	"\000"
 461 000a 00       		.ascii	"\000"
 462 000b 00       		.ascii	"\000"
 463 000c 00000000 		.ascii	"\000\000\000\000\000\000\000\000"
 463      00000000 
 464 0014 C5000000 		.ascii	"\305\000\000\000"
 465 0018 6E766963 		.ascii	"nvicEnableVector\000"
 465      456E6162 
 465      6C655665 
 465      63746F72 
 465      00
 466 0029 00       		.ascii	"\000"
 467 002a 00       		.ascii	"\000"
 468 002b 00       		.ascii	"\000"
 469 002c 00000000 		.ascii	"\000\000\000\000\000\000\000\000"
 469      00000000 
 470 0034 CA000000 		.ascii	"\312\000\000\000"
 471 0038 6E766963 		.ascii	"nvicDisableVector\000"
 471      44697361 
 471      626C6556 
 471      6563746F 
 471      7200
 472 004a 00       		.ascii	"\000"
 473 004b 00       		.ascii	"\000"
 474 004c 00       		.ascii	"\000"
 475 004d 00000000 		.ascii	"\000\000\000\000\000\000\000\000"
 475      00000000 
 476 0055 CE000000 		.ascii	"\316\000\000\000"
 477 0059 6E766963 		.ascii	"nvicSetSystemHandlerPriority\000"
 477      53657453 
 477      79737465 
 477      6D48616E 
 477      646C6572 
 478 0076 00       		.ascii	"\000"
 479 0077 00       		.ascii	"\000"
ARM GAS  /tmp/ccCvuI9Z.s 			page 37


 480 0078 00       		.ascii	"\000"
 481 0079 00000000 		.ascii	"\000\000\000\000\000\000\000\000"
 481      00000000 
 482 0081 D0000000 		.ascii	"\320\000\000\000"
 483 0085 6E766963 		.ascii	"nvicClearPending\000"
 483      436C6561 
 483      7250656E 
 483      64696E67 
 483      00
 484 0096 00       		.ascii	"\000"
 485 0097 00       		.ascii	"\000"
 486 0098 00       		.ascii	"\000"
 487 0099 00000000 		.ascii	"\000\000\000\000\000\000\000\000"
 487      00000000 
 488 00a1 D2000000 		.ascii	"\322\000\000\000"
 489 00a5 6E766963 		.ascii	"nvicSetPending\000"
 489      53657450 
 489      656E6469 
 489      6E6700
 490 00b4 00       		.ascii	"\000"
 491 00b5 00       		.ascii	"\000"
 492 00b6 00       		.ascii	"\000"
 493 00b7 00000000 		.ascii	"\000\000\000\000\000\000\000\000"
 493      00000000 
 494 00bf D4000000 		.ascii	"\324\000\000\000"
 495              		.text
 496              		.section	.gnu.lto_.opts,"",%progbits
 497 0000 272D666D 		.ascii	"'-fmath-errno' '-fsigned-zeros' '-ftrapping-math' '"
 497      6174682D 
 497      6572726E 
 497      6F272027 
 497      2D667369 
 498 0033 2D666E6F 		.ascii	"-fno-trapv' '-fno-openmp' '-fno-openacc' '-mcpu=cor"
 498      2D747261 
 498      70762720 
 498      272D666E 
 498      6F2D6F70 
 499 0066 7465782D 		.ascii	"tex-m3' '-mthumb' '-O2' '-fomit-frame-pointer' '-fa"
 499      6D332720 
 499      272D6D74 
 499      68756D62 
 499      2720272D 
 500 0099 6C69676E 		.ascii	"lign-functions=16' '-ffunction-sections' '-fdata-se"
 500      2D66756E 
 500      6374696F 
 500      6E733D31 
 500      36272027 
 501 00cc 6374696F 		.ascii	"ctions' '-fno-common' '-flto'\000"
 501      6E732720 
 501      272D666E 
 501      6F2D636F 
 501      6D6D6F6E 
 502              		.text
 503              		.comm	__gnu_lto_v1,1,1
 504              		.comm	__gnu_lto_slim,1,1
 505              		.ident	"GCC: (15:7-2018-q2-6) 7.3.1 20180622 (release) [ARM/embedded-7-branch revision 261907]"
ARM GAS  /tmp/ccCvuI9Z.s 			page 38


DEFINED SYMBOLS
                            *ABS*:0000000000000000 nvic.c
                            *COM*:0000000000000001 __gnu_lto_v1
                            *COM*:0000000000000001 __gnu_lto_slim

NO UNDEFINED SYMBOLS
