ARM GAS  /tmp/cc8zHFG7.s 			page 1


   1              		.cpu cortex-m3
   2              		.eabi_attribute 20, 1
   3              		.eabi_attribute 21, 1
   4              		.eabi_attribute 23, 3
   5              		.eabi_attribute 24, 1
   6              		.eabi_attribute 25, 1
   7              		.eabi_attribute 26, 1
   8              		.eabi_attribute 30, 2
   9              		.eabi_attribute 34, 1
  10              		.eabi_attribute 18, 4
  11              		.file	"stm32_isr.c"
  12              		.section	.gnu.lto_.profile.b1ba39b51d5256f,"",%progbits
  13 0000 789C6363 		.ascii	"x\234cc```\005bF\206\245\214\252\000\002\243\000\330"
  13      60606005 
  13      624686A5 
  13      8CAA0002 
  13      A300D8
  14              		.text
  15              		.section	.gnu.lto_.icf.b1ba39b51d5256f,"",%progbits
  16 0000 789C6363 		.ascii	"x\234cc``\340c@\000&\206\217\027\257\256ef\\\367c\336"
  16      6060E063 
  16      40002686 
  16      8F17AFAE 
  16      65665CF7 
  17 0016 24560600 		.ascii	"$V\006\0002K\006:"
  17      324B063A 
  18              		.text
  19              		.section	.gnu.lto_.jmpfuncs.b1ba39b51d5256f,"",%progbits
  20 0000 789C6363 		.ascii	"x\234cc``8\317\310\000\007L@\314\3028\205\231q\353\351"
  20      606038CF 
  20      C800074C 
  20      40CCC238 
  20      859971EB 
  21 0015 03B7D8BB 		.ascii	"\003\267\330\273\231\347030j0nf\224a`<\300\302\250\001"
  21      99E73033 
  21      306A306E 
  21      66946160 
  21      3CC0C2A8 
  22 002a C40C0C20 		.ascii	"\304\014\014 \351\247+\016?\346\202H\2631n\201J\263"
  22      E9A72B0E 
  22      3FE68248 
  22      B3316E81 
  22      4AB3
  23 003c 81A5C1DA 		.ascii	"\201\245\301\332\037\317|\272\213\033\"/\316\270\025"
  23      1FCF7CBA 
  23      8B1B222F 
  23      CEB815
  24 004b 2A2F0ED1 		.ascii	"*/\016\321\216M\375\331\205k\316\261A\324s1n\203\312"
  24      8E4DFDD9 
  24      856BCEB1 
  24      41D47331 
  24      6E83CA
  25 005e 73E1563F 		.ascii	"s\341V?\355\354\304]P\365\234\214\333\241\362\234\270"
  25      EDECC45D 
  25      50F59C8C 
  25      DBA1F29C 
  25      B8
ARM GAS  /tmp/cc8zHFG7.s 			page 2


  26 006f D577FDBA 		.ascii	"\325w\375\272\336\307\001Q\317\301\270\003*\317\201"
  26      DEC70151 
  26      CFC1B803 
  26      2ACF81
  27 007e 5BFDC953 		.ascii	"[\375\311S\323W\360@\324\2633\356\204\312\263\343P\217"
  27      D357F040 
  27      D4B333EE 
  27      84CAB3E3 
  27      508F
  28 0090 2680C107 		.ascii	"&\200\301\007\006+#Z\030\002\005PC\005(\200\352m\240"
  28      062B235A 
  28      18020550 
  28      43052880 
  28      EA6DA0
  29 00a3 00AABF80 		.ascii	"\000\252\277\200\002\250\016\007\012\240\272\214\011"
  29      02A80E07 
  29      0AA0BA8C 
  29      09
  30 00b0 DD660600 		.ascii	"\335f\006\000M\273U\224"
  30      4DBB5594 
  31              		.text
  32              		.section	.gnu.lto_.inline.b1ba39b51d5256f,"",%progbits
  33 0000 789C6363 		.ascii	"x\234cc``hf@\000&\006\006\211k\014\214 \232\201m\201"
  33      60606866 
  33      40002606 
  33      06896B0C 
  33      8C209A81 
  34 0016 3C886260 		.ascii	"<\210b`\346\001\213\023O12\010\236G3\203\211\033$L\014"
  34      E6018B13 
  34      4F313208 
  34      9E473383 
  34      891B244C 
  35 002b C90000AF 		.ascii	"\311\000\000\257K\004\310"
  35      4B04C8
  36              		.text
  37              		.section	.gnu.lto_.pureconst.b1ba39b51d5256f,"",%progbits
  38 0000 789C6363 		.ascii	"x\234cc```\005b&\006\011F\011\000\000\364\000?"
  38      60606005 
  38      62260609 
  38      46090000 
  38      F4003F
  39              		.text
  40              		.section	.gnu.lto_irqInit.b1ba39b51d5256f,"",%progbits
  41 0000 789C7DD2 		.ascii	"x\234}\322?HBA\030\000\360\357{W\317\227\025\215\005"
  41      3F484241 
  41      1800F0EF 
  41      7B57CF97 
  41      158D05
  42 0013 45732D1E 		.ascii	"Es-\036\352\330X\264E\2035KI\240\224(>\007\233|\025"
  42      EAD858B4 
  42      4583354B 
  42      49A09428 
  42      3E079B7C 
  43 0028 F69F2828 		.ascii	"\366\237((%\020\261\226\034\202\210\262z\226\365\262"
  43      2510B196 
  43      1C8288B2 
  43      7A96F5B2 
ARM GAS  /tmp/cc8zHFG7.s 			page 3


  44 0038 A9428796 		.ascii	"\251B\207\226\240\2462\233\244\366\240?\367\274 \336"
  44      A0A6329B 
  44      A4F6A03F 
  44      F7BC20DE 
  45 0048 D0FBB8EF 		.ascii	"\320\373\270\357\356\343\356~w\303\235\010\000=\002"
  45      EEE3EE7E 
  45      77C39D08 
  45      003D02
  46 0057 C0301BDB 		.ascii	"\3000\033\333Y\"\001\024VK\000S\222\200\250\027\212"
  46      59220114 
  46      564B0053 
  46      9280A817 
  46      8A
  47 0068 84101530 		.ascii	"\204\020\0250\212\313d\235`a\356U\025\272w\024\026Z"
  47      8ACB649D 
  47      6061EE55 
  47      15BA7714 
  47      165A
  48 007a 62B56556 		.ascii	"b\265eV\211\265%\011@\234\245\036x\200\335\300\266="
  48      89B52509 
  48      409CA51E 
  48      7880DDC0 
  48      B63D
  49 008c EF7F6D34 		.ascii	"\357\177m4\213u|\036\017Q\004d\305\336]\275\246|}\317"
  49      8B757C1E 
  49      0F510464 
  49      C5DE5DBD 
  49      A67C7DCF 
  50 00a0 29DACB36 		.ascii	")\332\3136\036\0176\000\314\263uv\211\242\301\002\021"
  50      1E0F3600 
  50      CCB37576 
  50      89A2C102 
  50      11
  51 00b1 F46A4683 		.ascii	"\364jF\203*\306\322{)RS\354(U\255>Z\242\237\212\224"
  51      2AC6D27B 
  51      295253EC 
  51      2855AD3E 
  51      5AA29F8A 
  52 00c6 241827EC 		.ascii	"$\030'\354\030\314bT_\250d\256\312\326%\222$\002\212"
  52      18CC6254 
  52      5FA864AE 
  52      CAD62592 
  52      24028A
  53 00d9 78841D7A 		.ascii	"x\204\035z&\011\251\371\375\316\377\3711\347\3277\211"
  53      2609A9F9 
  53      FDCEFFF9 
  53      31E7D737 
  53      89
  54 00ea 4C13E716 		.ascii	"L\023\347\026<1\362\254\011W9_\374\270_\2218\2270g\344"
  54      3C31F2AC 
  54      0957395F 
  54      FCB85F91 
  54      38973067 
  55 00ff AA093FE5 		.ascii	"\252\011?\345<^\\\313\211\2347\340\231\221\347Mx\236"
  55      3C5E5CCB 
  55      899C37E0 
  55      9991E74D 
ARM GAS  /tmp/cc8zHFG7.s 			page 4


  55      789E
  56 0111 F3E2D66E 		.ascii	"\363\342\326n\351\227[\361\334\310\237L\370\005\347"
  56      E9975BF1 
  56      DCC89F4C 
  56      F805E7
  57 0120 E5CD4AAE 		.ascii	"\345\315J\256\221\363V\324\214\274b\302/9\317\336j\017"
  57      91F356D4 
  57      8CBC62C2 
  57      2F39CFDE 
  57      6A0F
  58 0132 16CEBBB0 		.ascii	"\026\316\273\260\360\307\337p:\375\236\302\232\327c"
  58      F0C7DF70 
  58      3AFD9EC2 
  58      9AD763
  59 0141 9E21F6A6 		.ascii	"\236!\366\246\354{\271\2507\340\037\243\223\262\227"
  59      EC7BB9A8 
  59      37E01FA3 
  59      93B297
  60 0150 F68DC9E3 		.ascii	"\366\215\311\343\341@\220z\274\276Q_@\246\275\3728\350"
  60      E140907A 
  60      BCBE515F 
  60      40A6BDFA 
  60      38E8
  61 0162 723BEC36 		.ascii	"r;\3546;k\224MyG&h0\020\012\313\32454\340t\360\276\337"
  61      3B6B944D 
  61      79472668 
  61      30100ACB 
  61      D43534E0 
  62 017a 1E895039 		.ascii	"\036\211P9\354w:\334>9d\363\300\017\220o\3174"
  62      EC773ADC 
  62      3E3964F3 
  62      C00F906F 
  62      CF34
  63              		.text
  64              		.section	.gnu.lto_irqDeinit.b1ba39b51d5256f,"",%progbits
  65 0000 789C7DD2 		.ascii	"x\234}\322\313K\002A\030\000\360\357\333\251u\265\242"
  65      CB4B0241 
  65      1800F0EF 
  65      DBA975B5 
  65      A2
  66 0011 634181D7 		.ascii	"cA\201\327\2724\250\177B\321-:Xg)\021\224\012\305\365"
  66      BA34A87F 
  66      42D12D3A 
  66      58672911 
  66      940AC5F5 
  67 0025 6027B7F7 		.ascii	"`'\267\367\223((#\020\264.y\010\"\312l\355\265\331\251"
  67      93282823 
  67      10B42E79 
  67      0822CA6C 
  67      EDB5D9A9 
  68 0039 420F1104 		.ascii	"B\017\021\004u\2520\010\252S\020\024=f\235`O\355\307"
  68      75AA3008 
  68      AA531014 
  68      3D669D60 
  68      4FEDC7
  69 004c 3C3EE69B 		.ascii	"<>\346\233\337\314aF\004\000\273\000\320\315\346\006"
  69      DFCC6146 
ARM GAS  /tmp/cc8zHFG7.s 			page 5


  69      0400BB00 
  69      D0CDE606 
  70 005c D691000A 		.ascii	"\326\221\000\012\363E\200!I@\324\023EB\210\011\030\303"
  70      F3458021 
  70      4940D413 
  70      45428809 
  70      18C3
  71 006e 59B24830 		.ascii	"Y\262H0?\361\250\012\315\353\012\013m\371\252v\\\031"
  71      3FF1A80A 
  71      CDEB0A0B 
  71      6DF9AA76 
  71      5C19
  72 0080 AB4F1080 		.ascii	"\253O\020\2008\353z\34066\003\333v\277\365\275T#V\360"
  72      38EB7AE0 
  72      363603DB 
  72      76BFF5BD 
  72      542356F0 
  73 0094 75DC4111 		.ascii	"u\334A\021\220%\233\227\225\232\362\3753\241hok\370"
  73      90259B97 
  73      959AF2FD 
  73      33A1686F 
  73      6BF8
  74 00a6 D9690598 		.ascii	"\331i\005\230duv\211\242\301\024\021\364lD\203g\034"
  74      64757689 
  74      A2C11411 
  74      F46C4483 
  74      671C
  75 00b8 4D6593A4 		.ascii	"Me\223\244\254\330Q\252\372|k\211})R\202`\234\260c0"
  75      ACD851AA 
  75      FA7C6B89 
  75      7D295282 
  75      609CB063 
  76 00cd 8331BD50 		.ascii	"\2031\275PJ\237>\330fH\202\010(\342.6&\010)[\325\376"
  76      4A9F3ED8 
  76      66488208 
  76      28E22E36 
  76      2608295B 
  77 00e3 3FCD727A 		.ascii	"?\315rzv\276\234\256\346\324\202{\006=4\241*\247\323"
  77      76BE9CAE 
  77      E6D4827B 
  77      063D34A1 
  77      2AA7D3
  78 00f6 1FD77312 		.ascii	"\037\327s\022\247\022\346\014zgB\3679\215\027\026r\""
  78      A712E60C 
  78      7A6742F7 
  78      398D1716 
  78      7222
  79 0108 A7563C30 		.ascii	"\247V<0h\311\204\036rZX\335(\376Q\033\036\031\364\311"
  79      68C9841E 
  79      725A58DD 
  79      28FE511B 
  79      1E19F4C9 
  80 011c 841E73FA 		.ascii	"\204\036s\372\260R\312UqZ\207\232A_L\350\011\247\231"
  80      B052CA55 
  80      715A879A 
  80      415F4CE8 
  80      09A799
ARM GAS  /tmp/cc8zHFG7.s 			page 6


  81 012f 0BEDC6C2 		.ascii	"\013\355\306\302i\023\3469}\305\341\324{\022\313V\217"
  81      6913E639 
  81      7DC5E1D4 
  81      7B12CB56 
  81      8F
  82 0140 4906D8BB 		.ascii	"I\006\330\273\261/\344\246\376\340\200\217\016\312~"
  82      B12FE4A6 
  82      FEE0808F 
  82      0ECA7E
  83 014f DAE693FB 		.ascii	"\332\346\223\373\"\301\020\365\372\003\275\201\240L"
  83      22C110F5 
  83      FA03BD81 
  83      A04C
  84 015d 5BF5B9D3 		.ascii	"[\365\271\323\355q:Z\034\254Q\266\344\357\351\247\241"
  84      ED713A5A 
  84      1CAC51B6 
  84      E4EFE9A7 
  84      A1
  85 016e 60382253 		.ascii	"`8\"SwW\207\313\311\307vG4J\345\310\200\313\351\011"
  85      775787CB 
  85      C9C77647 
  85      344AE5C8 
  85      80CBE909 
  86 0182 C8E1162F 		.ascii	"\310\341\026/\374\002\030\214\312e"
  86      FC02188C 
  86      CA65
  87              		.text
  88              		.section	.gnu.lto_.symbol_nodes.b1ba39b51d5256f,"",%progbits
  89 0000 789C55CB 		.ascii	"x\234U\313\315\011\2000\014\206\341\257)8\227N\226\036"
  89      CD098030 
  89      0C86E1AF 
  89      2938974E 
  89      961E
  90 0012 3A804374 		.ascii	":\200Ct\005\177\360\334\2633(t\0161\255\237\240\207"
  90      057FF0DC 
  90      B3332874 
  90      0E31AD9F 
  90      A087
  91 0024 F08437A4 		.ascii	"\360\2047\244\003\260\332@&Q`\334\001c\013\203\225Y"
  91      03B0DA40 
  91      265160DC 
  91      01630B83 
  91      9559
  92 0036 D4FD8A5B 		.ascii	"\324\375\212[D\245\025 \204\336\302*\352\277\301C\220"
  92      44A51520 
  92      84DEC22A 
  92      EABFC143 
  92      90
  93 0047 8ECB5533 		.ascii	"\216\313U3-4\236\217\211fZ\252\266\265?3\323B\343{\247"
  93      2D349E8F 
  93      89665AAA 
  93      B6B53F33 
  93      D342E37B 
  94 005c 99D63FDC 		.ascii	"\231\326?\334l\3246["
  94      6CD4365B 
  95              		.text
  96              		.section	.gnu.lto_.refs.b1ba39b51d5256f,"",%progbits
ARM GAS  /tmp/cc8zHFG7.s 			page 7


  97 0000 789C6363 		.ascii	"x\234cc```\004b\006\000\000D\000\010"
  97      60606004 
  97      62060000 
  97      440008
  98              		.text
  99              		.section	.gnu.lto_.decls.b1ba39b51d5256f,"",%progbits
 100 0000 789CAD53 		.ascii	"x\234\255S_l\024E\030\237o\366Z\216\245\205B\214!\206"
 100      5F6C1445 
 100      189F6FF6 
 100      5A8EA585 
 100      428C2186 
 101 0014 87A62FF0 		.ascii	"\207\246/\360\342\215W^\011\201\264\376K\254&T}\360"
 101      E28D575E 
 101      0981B4FE 
 101      4BAC2654 
 101      7DF0
 102 0026 C1A3BDAE 		.ascii	"\301\243\275\256\271\215w{\365v\253\355\333\246\240"
 102      B98D777B 
 102      F576ABED 
 102      DBA6A0
 103 0035 126B524C 		.ascii	"\022kRL*\330R\264bci\250\261QQ[(\275+^\257\320\253\327"
 103      2AD852B4 
 103      626369A8 
 103      B151515B 
 103      28BD2B5E 
 104 004d 568931B1 		.ascii	"V\2111\261\275\206\202!\321\020 \352E|8\277\231\331"
 104      BD868221 
 104      D11020EA 
 104      457C38BF 
 104      99D9
 105 005f BD3B857B 		.ascii	"\275;\205{1Nvvv\276\371}\277\337ov\276\251$\204|\350"
 105      314E7676 
 105      76BEF97D 
 105      BFDF6F76 
 105      BEA92484 
 106 0075 21E43D20 		.ascii	"!\344= \3444~\347\261)8&\260c\210L\021\331\020B\222"
 106      E4347EE7 
 106      B1293826 
 106      B063884C 
 106      11D91042 
 107 008a D853D8D3 		.ascii	"\330S\330\323\330\027\311\275\255\007$\356 \366%'w\336"
 107      D817C9BD 
 107      AD0724EE 
 107      20F62527 
 107      77DE
 108 009c 59A34E7E 		.ascii	"Y\243N~\372>y\275%y\313N^\246$/UF\257O\201\225\271\321"
 108      FA3E79BD 
 108      2579CB4E 
 108      5EA6242F 
 108      5546AF4F 
 109 00b4 334A8F02 		.ascii	"3J\217\002;U\340\316\267`\350\323_'\376\254\226!\216"
 109      3B55E0CE 
 109      B760E8D3 
 109      5F27FEAC 
 109      96218E
 110 00c7 985F9FBD 		.ascii	"\230_\237\275R\255P\361=~\371\356\010\365\215\331\262"
 110      52AD50F1 
ARM GAS  /tmp/cc8zHFG7.s 			page 8


 110      3D7EF9EE 
 110      08F58DD9 
 110      B2
 111 00d8 793F5108 		.ascii	"y?Q\010\234\005\305\345Z\356\2753\274AyQ \227\016\217"
 111      9C05C5E5 
 111      5AEEBD33 
 111      BC417951 
 111      20970E8F 
 112 00ec 0F72DE6D 		.ascii	"\017r\336m*xpz{a`}3N\037P\241\266O\241\331\037\377\372"
 112      2A78707A 
 112      7B61607D 
 112      334E1F50 
 112      A1B64FA1 
 113 0104 6933A8BB 		.ascii	"i3\250\273\216\330v\267=t\310\336\370\004\201\011\330"
 113      8ED876B7 
 113      3D74C8DE 
 113      F8048109 
 113      D8
 114 0115 015FC30E 		.ascii	"\001_\303\016\002\347`\027\327\376\022|\004\276\300"
 114      02E76017 
 114      D7FE127C 
 114      04BEC0
 115 0124 E0E718FC 		.ascii	"\340\347\030\374\230\353\3053'\367\366\337\261\355Z"
 115      98EBC533 
 115      27F7F6DF 
 115      B1ED5A
 116 0133 980415BE 		.ascii	"\230\004\025\276\002E`\3607\357T\245\201\321\341wNU"
 116      024560F0 
 116      37EF54A5 
 116      81D1E177 
 116      4E55
 117 0145 2AC7813B 		.ascii	"*\307\201;\240\347N\\O\322r\032\027\312j\244\306\352"
 117      A0E74E5C 
 117      4FD2721A 
 117      17CA6AA4 
 117      C6EA
 118 0157 665FB76D 		.ascii	"f_\267m\012S\250q\276\250\201\222|\300(\012M&\246\246"
 118      0A53A871 
 118      BEA88192 
 118      7CC0280A 
 118      4D26A6A6 
 119 016b 37656105 		.ascii	"7ea\005\360\357B\215\330?\200|\343\310\273\230\347\335"
 119      F0EF428D 
 119      D83F807C 
 119      E3C8BB98 
 119      E7DD
 120 017d 06328E51 		.ascii	"\0062\216Q*\007\007\312'n\012\024\"\324\341\240.\257"
 120      2A0707CA 
 120      276E0A14 
 120      22D4E1A0 
 120      2EAF
 121 018f 781C0228 		.ascii	"x\034\002(e\225\353R\316m\262\356\344GI\236\014\321"
 121      6595EB52 
 121      CE6DB2EE 
 121      E447499E 
 121      0CD1
 122 01a1 A25849CA 		.ascii	"\242XI\312=^Ia\271`\252\270Ip\216{d\260\277b\015Vq\361"
ARM GAS  /tmp/cc8zHFG7.s 			page 9


 122      3D5E4961 
 122      B960AAB8 
 122      49708E7B 
 122      64B0BF62 
 123 01b9 05428E7A 		.ascii	"\005B\216z\015q\356=\277\334\355\005\345\2428\002H\346"
 123      0D71EE3D 
 123      BFDCED05 
 123      E5A23802 
 123      48E6
 124 01cb 73F12DB2 		.ascii	"s\361-\262\010(\257\217[\351\223\233d\021\324\340t\354"
 124      0828AF8F 
 124      5BE9939B 
 124      6411D4E0 
 124      74EC
 125 01dd ED7C5FC5 		.ascii	"\355|_\305\366c\374\257\037=d\327P8\370 \\\304\263\230"
 125      F663FCAF 
 125      1F3D64D7 
 125      5038F820 
 125      5CC4B398 
 126 01f1 C1B320F0 		.ascii	"\301\263 \360\015l\307\267\341\221Z?\257doz\353\206"
 126      0D6CC7B7 
 126      E1915A3F 
 126      AF646F7A 
 126      EB86
 127 0203 ECA1353B 		.ascii	"\354\2415;\236\235\250=\237~\303^\304\274}\002\007\211"
 127      9E9DA83D 
 127      9F7EC35E 
 127      C4BC7D02 
 127      0789
 128 0215 E2312578 		.ascii	"\3421%x9B\034\326\000\246!\213\336\222P\207\3717\256"
 128      39421CD6 
 128      00A6218B 
 128      DE925087 
 128      F937AE
 129 0228 FDF19BAA 		.ascii	"\375\361\233\252| \253x\365\375d\216:d\313{\007\354"
 129      7C20AB78 
 129      F5FD648E 
 129      3A64CB7B 
 129      07EC
 130 023a 78B7CD0F 		.ascii	"x\267\315\017\2343\315\026\231f\377\315\224\022L'\276"
 130      9C33CD16 
 130      9966FFCD 
 130      94124C27 
 130      BE
 131 024b BFFA1155 		.ascii	"\277\372\021UF%S\352\364\331\004x\250\254\013n\226\337"
 131      462553EA 
 131      F4D90478 
 131      A8AC0B6E 
 131      96DF
 132 025d 97DCC8B4 		.ascii	"\227\334\310\264\247\020\273\004\"x\373\302\3521Zv\257"
 132      A710BB04 
 132      2278FBC2 
 132      EA315A76 
 132      AF
 133 026e F362AF97 		.ascii	"\363b\257\227\301\331\354\360g\203g\252\320\337\032"
 133      C1D9ECF0 
 133      678367AA 
ARM GAS  /tmp/cc8zHFG7.s 			page 10


 133      D0DF1A
 134 027d 96E30F99 		.ascii	"\226\343\017\231=\375\3437\354#\252@\301\\\321\337\234"
 134      3DFDE337 
 134      EC23AA40 
 134      C15CD1DF 
 134      9C
 135 028e 73F1202D 		.ascii	"s\361 -|]Y\235\272\245(o*e}\035\377\356\324duY\013\031"
 135      7C5D599D 
 135      BAA5286F 
 135      2A657D1D 
 135      FFEED464 
 136 02a6 61E15BD7 		.ascii	"a\341[\327\302\320\357\271G\034\0073\017\015\3303\224"
 136      C2D0EFB9 
 136      471C0733 
 136      0F0DD833 
 136      94
 137 02b7 0360A1A8 		.ascii	"\003`\241\250\276\340\252/\012\365\201\356\361\253\225"
 137      BEE0AA2F 
 137      0AF581EE 
 137      F1AB95
 138 02c6 556F15AE 		.ascii	"Uo\025\256\2320\353\3366\002KP%\3008\"\370\335|n\275"
 138      9A30EBDE 
 138      36024B50 
 138      25C03822 
 138      F8DD7C6E 
 139 02db A2149CF9 		.ascii	"\242\024\234\371\007x\331\001\363\361\000\013E#\032"
 139      0778D901 
 139      F3F1000B 
 139      45231A
 140 02ea EB3243AC 		.ascii	"\3532C\254Q3_\266\242\355,\030\322[\365\250\311\032"
 140      51335FB6 
 140      A2ED2C18 
 140      D25BF5A8 
 140      C91A
 141 02fc F8F84C73 		.ascii	"\370\370Ls\240\336\357\363\343\3030\024j\011\263\366"
 141      A0DEEFF3 
 141      E3C33014 
 141      6A09B3F6 
 142 030c 68CC3259 		.ascii	"h\3142Y\363\263M\273\353\345\3731\177g'3\255\310\356"
 142      F3B34DBB 
 142      EBE5FB31 
 142      7F672733 
 142      ADC8EE
 143 031f FA806EC6 		.ascii	"\372\200n\306|A\357\343O?W\333\340\367\0235\020\350"
 143      7C41EFE3 
 143      4F3F57DB 
 143      E0F71335 
 143      10E8
 144 0331 D00D0BE3 		.ascii	"\320\015\013\343\326\303\254\303\2141\335\010\206;\332"
 144      D6C3ACC3 
 144      8C31DD08 
 144      863BDA
 145 0340 346668AF 		.ascii	"4fh\257\205\365V\026iA)Cc\2016\355\245\226\216\260\025"
 145      85F55616 
 145      69412943 
 145      638136ED 
 145      A5968EB0 
ARM GAS  /tmp/cc8zHFG7.s 			page 11


 146 0355 B0BADA35 		.ascii	"\260\272\3325\323\027\"^7\255\356~if\227\311\002\246"
 146      D317225E 
 146      37ADEE7E 
 146      696697C9 
 146      02A6
 147 0367 D58618C4 		.ascii	"\325\206\030\304n\320c\257<i\350V\363\377\277\021\262"
 147      6ED063AF 
 147      3C69E856 
 147      F3FFBF11 
 147      B2
 148 0378 11B91B35 		.ascii	"\021\271\0335\035\331k\214W\365\340\243FKkX{^\013Z\321"
 148      1DD96B8C 
 148      57F5E0A3 
 148      464B6B58 
 148      7B5E0B5A 
 149 038d D853FF51 		.ascii	"\330S\377Q.\030\215D\242\006\333\177\240\251\241\251"
 149      2E188D44 
 149      A206DB7F 
 149      A0A9A1A9 
 150 039d 937156DC 		.ascii	"\223qV\334\303V>6\352f\221\376o\230\245\323\016"
 150      C3563E36 
 150      EA6691FE 
 150      6F98A5D3 
 150      0E
 151              		.text
 152              		.section	.gnu.lto_.symtab.b1ba39b51d5256f,"",%progbits
 153 0000 69727149 		.ascii	"irqInit\000"
 153      6E697400 
 154 0008 00       		.ascii	"\000"
 155 0009 00       		.ascii	"\000"
 156 000a 00       		.ascii	"\000"
 157 000b 00000000 		.ascii	"\000\000\000\000\000\000\000\000"
 157      00000000 
 158 0013 C5000000 		.ascii	"\305\000\000\000"
 159 0017 69727144 		.ascii	"irqDeinit\000"
 159      65696E69 
 159      7400
 160 0021 00       		.ascii	"\000"
 161 0022 00       		.ascii	"\000"
 162 0023 00       		.ascii	"\000"
 163 0024 00000000 		.ascii	"\000\000\000\000\000\000\000\000"
 163      00000000 
 164 002c C7000000 		.ascii	"\307\000\000\000"
 165 0030 6E766963 		.ascii	"nvicEnableVector\000"
 165      456E6162 
 165      6C655665 
 165      63746F72 
 165      00
 166 0041 00       		.ascii	"\000"
 167 0042 02       		.ascii	"\002"
 168 0043 00       		.ascii	"\000"
 169 0044 00000000 		.ascii	"\000\000\000\000\000\000\000\000"
 169      00000000 
 170 004c CC000000 		.ascii	"\314\000\000\000"
 171 0050 6E766963 		.ascii	"nvicDisableVector\000"
 171      44697361 
 171      626C6556 
ARM GAS  /tmp/cc8zHFG7.s 			page 12


 171      6563746F 
 171      7200
 172 0062 00       		.ascii	"\000"
 173 0063 02       		.ascii	"\002"
 174 0064 00       		.ascii	"\000"
 175 0065 00000000 		.ascii	"\000\000\000\000\000\000\000\000"
 175      00000000 
 176 006d D0000000 		.ascii	"\320\000\000\000"
 177              		.text
 178              		.section	.gnu.lto_.opts,"",%progbits
 179 0000 272D666D 		.ascii	"'-fmath-errno' '-fsigned-zeros' '-ftrapping-math' '"
 179      6174682D 
 179      6572726E 
 179      6F272027 
 179      2D667369 
 180 0033 2D666E6F 		.ascii	"-fno-trapv' '-fno-openmp' '-fno-openacc' '-mcpu=cor"
 180      2D747261 
 180      70762720 
 180      272D666E 
 180      6F2D6F70 
 181 0066 7465782D 		.ascii	"tex-m3' '-mthumb' '-O2' '-fomit-frame-pointer' '-fa"
 181      6D332720 
 181      272D6D74 
 181      68756D62 
 181      2720272D 
 182 0099 6C69676E 		.ascii	"lign-functions=16' '-ffunction-sections' '-fdata-se"
 182      2D66756E 
 182      6374696F 
 182      6E733D31 
 182      36272027 
 183 00cc 6374696F 		.ascii	"ctions' '-fno-common' '-flto'\000"
 183      6E732720 
 183      272D666E 
 183      6F2D636F 
 183      6D6D6F6E 
 184              		.text
 185              		.comm	__gnu_lto_v1,1,1
 186              		.comm	__gnu_lto_slim,1,1
 187              		.ident	"GCC: (15:7-2018-q2-6) 7.3.1 20180622 (release) [ARM/embedded-7-branch revision 261907]"
ARM GAS  /tmp/cc8zHFG7.s 			page 13


DEFINED SYMBOLS
                            *ABS*:0000000000000000 stm32_isr.c
                            *COM*:0000000000000001 __gnu_lto_v1
                            *COM*:0000000000000001 __gnu_lto_slim

NO UNDEFINED SYMBOLS
