ARM GAS  /tmp/ccFSW2RO.s 			page 1


   1              		.cpu cortex-m3
   2              		.eabi_attribute 20, 1
   3              		.eabi_attribute 21, 1
   4              		.eabi_attribute 23, 3
   5              		.eabi_attribute 24, 1
   6              		.eabi_attribute 25, 1
   7              		.eabi_attribute 26, 1
   8              		.eabi_attribute 30, 2
   9              		.eabi_attribute 34, 1
  10              		.eabi_attribute 18, 4
  11              		.file	"hal.c"
  12              		.section	.gnu.lto_.profile.c001a0f24b8cae25,"",%progbits
  13 0000 789C6363 		.ascii	"x\234cc```\001bF\006{\016\000\000\376\000S"
  13      60606001 
  13      6246067B 
  13      0E0000FE 
  13      0053
  14              		.text
  15              		.section	.gnu.lto_.icf.c001a0f24b8cae25,"",%progbits
  16 0000 789C6363 		.ascii	"x\234cc``\340`@\000F\206o\253.L\347a\000\000\017\203"
  16      6060E060 
  16      40004686 
  16      6FAB2E4C 
  16      E7610000 
  17 0016 0323     		.ascii	"\003#"
  18              		.text
  19              		.section	.gnu.lto_.jmpfuncs.c001a0f24b8cae25,"",%progbits
  20 0000 789C6363 		.ascii	"x\234cc``\360f@\000F(\315\3048\205\231\261\371\327\376"
  20      6060F066 
  20      40004628 
  20      CDC43885 
  20      99B1F9D7 
  21 0015 CF7CF57F 		.ascii	"\317|\365\177\033$\34603,`\006\311nf\254g`<\300\302"
  21      1B24E630 
  21      332C6006 
  21      C96E66AC 
  21      67603CC0 
  22 002a C800C47F 		.ascii	"\310\000\304\177\376\377\377\317\317\310\004T7\255\365"
  22      FEFFFFCF 
  22      CFC80454 
  22      37ADF5
  23 0039 D079F66E 		.ascii	"\320y\366nf\240*F\006\306-\2142 \314\300\000\000\007"
  23      66A02A46 
  23      06C62D8C 
  23      3220CCC0 
  23      000007
  24 004c 811468   		.ascii	"\201\024h"
  25              		.text
  26              		.section	.gnu.lto_.inline.c001a0f24b8cae25,"",%progbits
  27 0000 789C6363 		.ascii	"x\234cc``0f@\000F\006\006.{F\006& \223m\201<\023X\210"
  27      60603066 
  27      40004606 
  27      062E7B46 
  27      06262093 
  28 001a 0B9360E2 		.ascii	"\013\223`\342\006)\0053\031\000?\237\001\223"
  28      06290533 
  28      19003F9F 
ARM GAS  /tmp/ccFSW2RO.s 			page 2


  28      0193
  29              		.text
  30              		.section	.gnu.lto_.pureconst.c001a0f24b8cae25,"",%progbits
  31 0000 789C6363 		.ascii	"x\234cc```\006bF\006\011\000\000}\000#"
  31      60606006 
  31      62460609 
  31      00007D00 
  31      23
  32              		.text
  33              		.section	.gnu.lto_halInit.c001a0f24b8cae25,"",%progbits
  34 0000 789C7590 		.ascii	"x\234u\220;K\003A\020\307\347\177\233\\\016|6\202\232"
  34      3B4B0341 
  34      10C7E77F 
  34      9B5C0E7C 
  34      36829A
  35 0013 14B66992 		.ascii	"\024\266i\222\357\341\267\2204\026\202`>\300m<C\"ZX"
  35      EFE1B790 
  35      34168260 
  35      3EC06D3C 
  35      43225A58 
  36 0027 98D3E290 		.ascii	"\230\323\342\220E\004\265\222\020_\347\363\310\007\210"
  36      4504B592 
  36      105FE7F3 
  36      C80788
  37 0036 686BA5A8 		.ascii	"hk\245\250\325\371\000\013\211bt6'\222\"\031v\330\335"
  37      D5F9000B 
  37      89627436 
  37      27922219 
  37      76D8DD
  38 0049 99DFCEFC 		.ascii	"\231\337\316\374wL\"j\200(\305{\222\035\202`\2544\210"
  38      774C226A 
  38      8028C57B 
  38      921D8260 
  38      AC3488
  39 005c 0A9601E8 		.ascii	"\012\226\001\350\203\264@\266\001\033\313bU\240^z\362"
  39      83B440B6 
  39      011BCB62 
  39      55A05E7A 
  39      F2
  40 006d 8DF4B664 		.ascii	"\215\364\266d\013\326\336\306\344N\000O\020\271\354"
  40      0BD6DEC6 
  40      E44E004F 
  40      10B9EC
  41 007c DA50439A 		.ascii	"\332PC\232\030\273\257\266*\003f,\212c\037&q\017\332"
  41      18BBAFB6 
  41      2A03662C 
  41      8A631F26 
  41      710FDA
  42 008f BB8907B2 		.ascii	"\273\211\007\262\365S\222\301\303&>&-\2422\347\271\211"
  42      F55392C1 
  42      C3263E26 
  42      2DA232E7 
  42      B989
  43 00a1 0C685118 		.ascii	"\014hQ\030\372\344\004\024\302Q_\311\366#\256\344\373"
  43      FAE40414 
  43      C2515FC9 
  43      F623AEE4 
ARM GAS  /tmp/ccFSW2RO.s 			page 3


  43      FB
  44 00b2 E16DC2FE 		.ascii	"\341m\302\376\226\226'\340\012\256\202\003\330\3441"
  44      969627E0 
  44      0AAE8203 
  44      D8E431
  45 00c1 1D624155 		.ascii	"\035bAU\373\273p\302\345,\341\2209N\270\305\372UbIx"
  45      FBBB70C2 
  45      E52CE190 
  45      394EB8C5 
  45      FA556249 
  46 00d6 22067D75 		.ascii	"\"\006}u>/\337\007\231\033\345\200\322\3528\326\274"
  46      3E2FDF07 
  46      991BE580 
  46      D2EA38D6 
  46      BC
  47 00e7 7E2EF729 		.ascii	"~.\367)l\024\206=\021\3071\377\365\010\251v\306\331"
  47      6C14863D 
  47      11C731FF 
  47      F508A976 
  47      C6D9
  48 00f9 AA15C1F4 		.ascii	"\252\025\301\364\272\224\023\272\202\017\205\350;'\260"
  48      BA9413BA 
  48      820F85E8 
  48      3B27B0
  49 0108 3D61B6C5 		.ascii	"=a\266\305\336\015u\027\313\325q\372/\326Q\315\036\\"
  49      DE0D7517 
  49      CBD571FA 
  49      2FD651CD 
  49      1E5C
  50 011a 8CB9B30E 		.ascii	"\214\271\263\016nw\244;\027g\356\274\203{\354\301\231"
  50      6E77A43B 
  50      1767EEBC 
  50      837BECC1 
  50      99
  51 012b CC5DFC71 		.ascii	"\314]\374q/\230W\257\225H\263\2662\217\220\307\314\363"
  51      2F9857AF 
  51      9548B3B6 
  51      328F90C7 
  51      CCF3
  52 013d 19CF64B2 		.ascii	"\031\317d\262\321\232\315g\247\247f\262\371\271\234"
  52      D19ACD67 
  52      A7A766B2 
  52      F9B99C
  53 014c DE3339FA 		.ascii	"\33639\372\005:\335\240p"
  53      053ADDA0 
  53      70
  54              		.text
  55              		.section	.gnu.lto_.symbol_nodes.c001a0f24b8cae25,"",%progbits
  56 0000 789C55C9 		.ascii	"x\234U\311\275\015\3020\024E\341\343\353\330\254\301"
  56      BD0DC230 
  56      1445E1E3 
  56      EBD8ACC1 
  57 0010 2830D973 		.ascii	"(0\331s\221\001\330 \374\030\006\240\244N\315\014\211"
  57      9101D820 
  57      FC1806A0 
  57      A44ECD0C 
  57      89
ARM GAS  /tmp/ccFSW2RO.s 			page 4


  58 0021 C41C8817 		.ascii	"\304\034\210\027W\270\270\372\244s3\360\364\241I\006"
  58      57B8B8FA 
  58      A47333F0 
  58      F4A14906 
  59 0031 A73738AF 		.ascii	"\24778\257r\204t\025{\177\302C\026\332\003\245\034<"
  59      72847415 
  59      7B7FC243 
  59      16DA03A5 
  59      1C3C
  60 0043 DC65EA42 		.ascii	"\334e\352B\225\305.\334dC\027.\262\324\205\263,\377"
  60      95C52EDC 
  60      6443172E 
  60      B2D485B3 
  60      2CFF
  61 0055 87C88EBA 		.ascii	"\207\310\216\272|C$37\023\237\346\300\270nFjS\314.?"
  61      7C432433 
  61      37139FE6 
  61      C0B86E46 
  61      6A53CC2E 
  62 006a 62602C46 		.ascii	"b`,F"
  63              		.text
  64              		.section	.gnu.lto_.refs.c001a0f24b8cae25,"",%progbits
  65 0000 789C6363 		.ascii	"x\234cc```\003bF\006&F&\006\000\000\263\000\023"
  65      60606003 
  65      62460626 
  65      46260600 
  65      00B30013 
  66              		.text
  67              		.section	.gnu.lto_.decls.c001a0f24b8cae25,"",%progbits
  68 0000 789C8D56 		.ascii	"x\234\215VkL\024W\024\2363\027v\331\005\305@\323\330"
  68      6B4C1457 
  68      149E3317 
  68      76D905C5 
  68      40D3D8
  69 0013 C6A694AC 		.ascii	"\306\246\224\254\221&-\013j\223\376\350\037\353\253"
  69      91262D0B 
  69      6A93FEE8 
  69      1FEBAB
  70 0022 24A8A48F 		.ascii	"$\250\244\217?\375\263\"\240l\202\013a\227V\323\244"
  70      3FFDB322 
  70      A06C820B 
  70      619756D3 
  70      A4
  71 0033 1D1E568A 		.ascii	"\035\036V\212\244H\245V@\224\200\321\"Fl\021\037\240"
  71      A448A556 
  71      409480D1 
  71      22466C11 
  71      1FA0
  72 0045 65D1F2F0 		.ascii	"e\321\362\360\201U\360\005E@\024Dy-\210\254\200J\317"
  72      8155F005 
  72      45401444 
  72      792D88AC 
  72      804ACF
  73 0058 BD777667 		.ascii	"\275wvg\331\002\355d\317\3349\367~\347;\257{gV%\010"
  73      D902ED64 
  73      CFDC39F7 
  73      7EE73BAF 
ARM GAS  /tmp/ccFSW2RO.s 			page 5


  73      7B675625 
  74 006d 42854610 		.ascii	"B\205F\020>\025\005\341\020>O\341\205\217B\015\012\240"
  74      3E1505E1 
  74      103E4FE1 
  74      858F420D 
  74      0AA0
  75 007f 7409FC52 		.ascii	"t\011\374R\243<F\351C\031@\031B\031Fy\206b\227\261\343"
  75      A33C46E9 
  75      43194019 
  75      42194679 
  75      866297B1 
  76 0094 C2F4AB19 		.ascii	"\302\364\253\031\270\335F\224\011\224^\224I\231\363"
  76      B8DD4694 
  76      09945E94 
  76      4999F3
  77 00a3 3ECAA81B 		.ascii	">\312\250\033\267]\346\033\226\371\007d\1773q\347\020"
  77      B75DE61B 
  77      96F90764 
  77      7F3371E7 
  77      10
  78 00b4 B8917662 		.ascii	"\270\221vb?\331E\300O\013\036\250\0167\346=\230\217"
  78      3FD945C0 
  78      4F0B1EA8 
  78      0E37E63D 
  78      988F
  79 00c6 EA6B5A08 		.ascii	"\352kZ\010@\265\352\364\271:O\276\032\202\352doN\013"
  79      40B5EAF4 
  79      B93A4FBE 
  79      1A82EA64 
  79      6F4E0B
  80 00d9 70D507D5 		.ascii	"p\325\007\325\224\252\226l_\016\356\024\\\214\375\270"
  80      94AA966C 
  80      5F0EEE14 
  80      5C8CFDB8 
  81 00e9 F18F59E5 		.ascii	"\361\217Y\345\277i\211\010t)\257j\364\262L\344\205j"
  81      BF698908 
  81      7429AF6A 
  81      F4B24CE4 
  81      856A
  82 00fb 716DE584 		.ascii	"qm\345\2047\321\260\245{\015%\2454\202%Z\240u\363\305"
  82      37D1B0A5 
  82      7B0D25A5 
  82      3482255A 
  82      A075F3C5 
  83 010f A9B2FEB3 		.ascii	"\251\262\376\263\343\363\370\024E\334\034\313*\362\""
  83      E3F3F814 
  83      45DC1CCB 
  83      2AF222
  84 011e F3D87371 		.ascii	"\363\330sqk\321^u\3601\211_^\033\004\370\003\210#\231"
  84      6BD15E75 
  84      F031895F 
  84      5E1B04F8 
  84      03882399 
  85 0132 A6AC9143 		.ascii	"\246\254\221Cj\022B\201bG\313d\333|\320\006\245KR\212"
  85      6A124281 
  85      6247CB64 
  85      DB7CD006 
ARM GAS  /tmp/ccFSW2RO.s 			page 6


  85      A54B528A 
  86 0146 54982A69 		.ascii	"T\230*i>\021\340$,\202rX$\300\005\010\242\344\325\020"
  86      3E11E024 
  86      2C827258 
  86      24C00508 
  86      A2E4D510 
  87 015a 2CC0799C 		.ascii	",\300y\234<\207\223\207)\241\265\303\276${\247$\211"
  87      3C879387 
  87      29A1B5C3 
  87      BE247BA7 
  87      2489
  88 016c 50035AB0 		.ascii	"P\003Z\260\002a\030\254\336\022-wQr(\273HE\214\314E"
  88      026118AC 
  88      DE122D77 
  88      517228BB 
  88      48458CCC 
  89 0181 557E77AD 		.ascii	"U~w\2558\233\213\332Y]\3349\020X\267\203\272\370\023"
  89      389B8BDA 
  89      595DDC39 
  89      1058B783 
  89      BAF813
  90 0194 5D5C545C 		.ascii	"]\\T\\\240G\356\243\253\262-Y$?\003K\370U\3069\033!"
  90      A047EEA3 
  90      ABB22D59 
  90      243F034B 
  90      F855C639 
  91 01aa B94CF16C 		.ascii	"\271L\361l\030\035K\365\001\235N\347\037TD\235Z\207"
  91      181D4BF5 
  91      019D4EE7 
  91      1F54449D 
  91      5A87
  92 01bc 4A830A9A 		.ascii	"J\203\012\232z%\351'\037\306V\207lW\300_\211B\277\010"
  92      7A25E927 
  92      1FC65687 
  92      6C57C05F 
  92      8942BF08 
  93 01d0 8943F126 		.ascii	"\211C\361&p|\327[y\2225\2150p\325\214`\324\234\350\021"
  93      707CD75B 
  93      7992358D 
  93      3070D58C 
  93      60D49CE8 
  94 01e5 1774BD3B 		.ascii	"\027t\275;\272\022\234\334\3314\257\335(\340!\300i\004"
  94      BA129CDC 
  94      D934AFDD 
  94      28E021C0 
  94      6904
  95 01f7 9C626B14 		.ascii	"\234bk\024\216\271\301U,E\003\350\340\022\312e\320\261"
  95      8EB9C155 
  95      2C4503E8 
  95      E012CA65 
  95      D0B1
  96 0209 6EF152D4 		.ascii	"n\361R\324\025\370%\243\025E\012r\031\344VV\277J\273"
  96      15F825A3 
  96      15450A72 
  96      19E45656 
  96      BF4ABB
  97 021c AE22CD2C 		.ascii	"\256\"\315,m\261\276\344h#\200\177\320\214~\340/\244"
ARM GAS  /tmp/ccFSW2RO.s 			page 7


  97      6DB1BEE4 
  97      6823807F 
  97      D08C7EE0 
  97      2FA4
  98 022e FF6F57AF 		.ascii	"\377oW\257\012T\270_\340\032\002\033\225\232S\307\314"
  98      0A54B85F 
  98      E01A021B 
  98      959A53C7 
  98      CC
  99 023f DF605A77 		.ascii	"\337`Zw\2477\337\240\013Q\255h<\323\356Izx\013\332F"
  99      A737DFA0 
  99      0B51AD68 
  99      3CD3EE49 
  99      7A780BDA 
 100 0254 6EEFF426 		.ascii	"n\357\364&\003\\){\221sDEF\271\222\225\332\376-7\372"
 100      035C297B 
 100      91734445 
 100      46B99295 
 100      DAFE2D37 
 101 0269 08B5CC7D 		.ascii	"\010\265\314}Gv\253\344\363@P\317\250\330S\354K&\031"
 101      4776ABE4 
 101      F34050CF 
 101      A8D853EC 
 101      4B2619
 102 027c 54BDE340 		.ascii	"T\275\343@}\201\232\265N\027\244+b!\215\035\364\333"
 102      7D819AB5 
 102      4E17A42B 
 102      62218D1D 
 102      F4DB
 103 028e 23490D21 		.ascii	"#I\015!,\250\033\030T+\216\316\264\256\203k\357\020"
 103      2CA81B18 
 103      542B8ECE 
 103      B4AE836B 
 103      EF10
 104 02a0 7E212899 		.ascii	"~!(\231u\203\242\317\272\243\317\300\264\346!\274\325"
 104      7583A2CF 
 104      BAA3CFC0 
 104      B4E621BC 
 104      D5
 105 02b1 057EDB1D 		.ascii	"\005~\333\035^1K\363n!\340&[k\225+\332\206\025\375\033"
 105      5E314BF3 
 105      6E21E026 
 105      5B6B952B 
 105      DA8615FD 
 106 02c6 AB790FE5 		.ascii	"\253y\017\345\016\312]\224\026\271\262\334Q\323\333"
 106      0ECA5D94 
 106      16B9B2DC 
 106      51D3DB
 107 02d5 8AA36677 		.ascii	"\212\243fwG\312\006\224;~\220w\274uz\3079S\217kA\232"
 107      47CA0694 
 107      3B7E9077 
 107      BC757AC7 
 107      39538F6B 
 108 02eb DCA92A5D 		.ascii	"\334\251*]R\304\352\326\214\367\357\360%)\354\375\""
 108      52C4EAD6 
 108      8CF7EFF0 
 108      2529ECFD 
ARM GAS  /tmp/ccFSW2RO.s 			page 8


 108      22
 109 02fc 960DD8BE 		.ascii	"\226\015\330\276\203 \177\356c\260\204\265\272\023\215"
 109      83207FEE 
 109      63B084B5 
 109      BA138D
 110 030b DB9556B7 		.ascii	"\333\225V\267\262V\317\230-t`\222\377'a\3722\232xz\313"
 110      B256CF98 
 110      2D746092 
 110      FF2761FA 
 110      329A787A 
 111 0320 D75FA649 		.ascii	"\327_\246I\237\225F\230\213#?\267\251W\343\223\341|"
 111      9F954698 
 111      8B233FB7 
 111      A957E393 
 111      E17C
 112 0332 6DC07D97 		.ascii	"m\300}\227\203%@\027\370P \035\021\\Ys\276\332\273\003"
 112      83254017 
 112      F850201D 
 112      115C5973 
 112      BEDABB03 
 113 0346 A9F08B02 		.ascii	"\251\360\213\002\013\030\005\000\277\343H\205\351S\216"
 113      0B180500 
 113      BFE34885 
 113      E9538E
 114 0355 0BF83CCE 		.ascii	"\013\370<\316\212|\220\241Tq\230\200sF\2249D\007/\373"
 114      8A7C90A1 
 114      54719880 
 114      73469439 
 114      44072FFB 
 115 0369 C904E0CA 		.ascii	"\311\004\340\312\312\327\271;\307\305\277+\374\301\305"
 115      CAD7B93B 
 115      C7C5BF2B 
 115      FCC1C5
 116 0378 8E4F898A 		.ascii	"\216O\211\2123\027\223\177\305*8\227\235A)I\202\\\261"
 116      3317937F 
 116      C52A3897 
 116      9D412949 
 116      825CB1
 117 038b 23FB733D 		.ascii	"#\373s=;\261\233\002|)\010\273\275L\354\364\331\312"
 117      3BB19B02 
 117      7C2908BB 
 117      BD4CECF4 
 117      D9CA
 118 039d A52E2DC9 		.ascii	"\245.-\311\344_\230\332)\273\325\227\237E\221~\012l"
 118      E45F98DA 
 118      29BBD597 
 118      9F45917E 
 118      0A6C
 119 03af 570BBCF9 		.ascii	"W\013\274\371Y\\\200\352\261\314\251\034\317\205{Y\327"
 119      595C80EA 
 119      B1CCA91C 
 119      CF857B59 
 119      D7
 120 03c0 52A50522 		.ascii	"R\245\005\"l|\035\036a\301{X\301{a!\336M\036\334\227"
 120      6C7C1D1E 
 120      61C17B58 
 120      C17B6121 
ARM GAS  /tmp/ccFSW2RO.s 			page 9


 120      DE4D1EDC 
 121 03d5 2DFDFA4B 		.ascii	"-\375\372K1\260P*\354\224\254\217.\007<:)I\370\272\226"
 121      31B0502A 
 121      EC94AC8F 
 121      2E073C3A 
 121      2949F8BA 
 122 03ea 3C280CBA 		.ascii	"<(\014\272\225\015\325M?<\360\020\367\031<\300\326\013"
 122      950DD54D 
 122      3F3CF010 
 122      F7193CC0 
 122      D60B
 123 03fc F01802D1 		.ascii	"\360\030\002\321|\347\357\203\035\236\244\214G\225\371"
 123      7CE7EF83 
 123      1D9EA48C 
 123      4795F9
 124 040b B0AAC217 		.ascii	"\260\252\302\027\271:q[\332\257}\270\357D\257\224\256"
 124      B93A715B 
 124      DAAF7DB8 
 124      EF44AF94 
 124      AE
 125 041c 650EE189 		.ascii	"e\016\341\211\302\364D\376\204A\037c\270\332s\357\033"
 125      C2F444FE 
 125      84411F63 
 125      B8DA73EF 
 125      1B
 126 042d 72971394 		.ascii	"r\227\023\224\326f${\310\004\315m\357\225\235\224\322"
 126      D666247B 
 126      C804CD6D 
 126      EF959D94 
 126      D2
 127 043e 3C9979BF 		.ascii	"<\231y\277b\336\3570\037`\346\373\355\371\025\"\371"
 127      62DEEF30 
 127      1F60E6FB 
 127      EDF91522 
 127      F9
 128 044f 8530FBC3 		.ascii	"\2050\373\303\273\354\371D\266\237\354\0138\356\264"
 128      BBECF944 
 128      B69FEC0B 
 128      38EEB4
 129 045e 1F54EC07 		.ascii	"\037T\354\007\035\366C\314\276|<=\037\310%n_\325~\272"
 129      1DF643CC 
 129      BE7C3C3D 
 129      1FC8256E 
 129      5FD57EBA 
 130 0472 4F2DDB5F 		.ascii	"O-\333_\231X\236\177\361{k\004\217\337\246\020\330\034"
 130      99589E7F 
 130      F17B6B04 
 130      8FDFA610 
 130      D81C
 131 0484 04C38CE0 		.ascii	"\004\303\214\340\350\261\334n\015\031\345\004\247r\236"
 131      E8B1DC6E 
 131      0D19E504 
 131      A7729E
 132 0493 0C693C44 		.ascii	"\014i<D\276\235i\215\351\377\210\272\274[\352Y\2731"
 132      BE9D698D 
 132      E9FF88BA 
 132      BC5BEA59 
ARM GAS  /tmp/ccFSW2RO.s 			page 10


 132      BB31
 133 04a5 CABAF114 		.ascii	"\312\272\361\024\344v\214\244\346\024\252\344\010\372"
 133      E4768CA4 
 133      E614AAE4 
 133      08FA
 134 04b3 4A75432C 		.ascii	"JuC,\003\304\300\210\022\300\210#\200g,\200\334\003"
 134      03C4C088 
 134      12C08823 
 134      80672C80 
 134      DC03
 135 04c5 59270849 		.ascii	"Y'\010I\361`\001\014V?}\354\250\340\344\017\244\262"
 135      F160010C 
 135      563F7DEC 
 135      A8E0E40F 
 135      A4B2
 136 04d7 DE99C198 		.ascii	"\336\231\301\230B0\346 \2603\202\206\213\307\307\274"
 136      4230E620 
 136      B0338286 
 136      8BC7C7BC 
 137 04e7 899513BC 		.ascii	"\211\225\023\274\254l\254\360X\\,\331$\372\275\015\030"
 137      AC6CACF0 
 137      585C2CD9 
 137      24FABD0D 
 137      18
 138 04f8 B4A549E9 		.ascii	"\264\245I\351~\354\310>\347\004.o\315\347lO\214\303"
 138      7EECC83E 
 138      E7042E6F 
 138      CDE76C4F 
 138      8CC3
 139 050a 62B43BF8 		.ascii	"b\264;\370b2w\276\353)\247>\225S>!\237\362\011v\312"
 139      623277BE 
 139      EB29A73E 
 139      95533E21 
 139      9FF20976 
 140 051f 7FCD4F79 		.ascii	"\177\315Oy\340\343\012\036\235\006\236\224\301tTE\254"
 140      E0E30A1E 
 140      9D069E94 
 140      C1745445 
 140      AC
 141 0530 5A156989 		.ascii	"Z\025i\211$Q\211qo\004\007\353\371/\336\254\217\215"
 141      24518971 
 141      6F0407EB 
 141      F92FDEAC 
 141      8F8D
 142 0542 8CD39B13 		.ascii	"\214\323\233\023\243\350\030\034\345\265v\375\027\001"
 142      A3E8181C 
 142      E5B576FD 
 142      1701
 143 0550 2B434305 		.ascii	"+CC\005\255\301\220d4Y\226-5X\336\327'\231\023\365F"
 143      ADC19064 
 143      3459962D 
 143      3558DED7 
 143      279913F5 
 144 0565 53545C52 		.ascii	"ST\\Rt\214\336\024\363u\234q\223~kdT\254\321\024\243"
 144      748CDE14 
 144      F3759C71 
 144      937E6B64 
ARM GAS  /tmp/ccFSW2RO.s 			page 11


 144      54ACD114 
 145 057a 3744C76C 		.ascii	"7D\307l\216L\212\263\030,\333\023b\314\301\261\202\227"
 145      8E4C8AB3 
 145      182CDB13 
 145      62CCC1B1 
 145      8297
 146 058c C32C7026 		.ascii	"\303,p&3\363v\263\336`\266D#\006\261$>:\021\343\211"
 146      33F376B3 
 146      DE60B644 
 146      2306B124 
 146      3E3A11E3 
 147 05a1 FDC03D9E 		.ascii	"\375\300=\236\204\370D\213Y\377\331\347\353\226-\325"
 147      84F8448B 
 147      59FFD9E7 
 147      EB962DD5 
 148 05b1 8787AFD2 		.ascii	"\207\207\257\322\257\215\010\333\360U(]2$\240\304\305"
 148      AF8D08DB 
 148      F055285D 
 148      3224A0C4 
 148      C5
 149 05c2 45A3B59F 		.ascii	"E\243\265\237\331\262\025\035mI0\306\033\3141\226\244"
 149      D9B2151D 
 149      6D4930C6 
 149      1BCC3196 
 149      A4
 150 05d3 04834515 		.ascii	"\004\203E\025\261\222\346\250\212\370\230\017+\370\260"
 150      B192E6A8 
 150      8AF8980F 
 150      2BF8B0
 151 05e2 9A0E9A88 		.ascii	"\232\016\232\210\025\341+\343M\233\215[\324\310\023"
 151      15E12BE3 
 151      4D9B8D5B 
 151      D4C813
 152 05f1 66325ADE 		.ascii	"f2Z\336\234\265\014\202\312l\241\210w\334\021\216th"
 152      9CB50C82 
 152      CA6CA188 
 152      77DC118E 
 152      7468
 153 0603 24669A82 		.ascii	"$f\232\202fS|db4\305.w\307\262\025\263~\335\212\210"
 153      66537C64 
 153      6234C52E 
 153      77C7B215 
 153      B37EDD8A 
 154 0618 F0D5EBC2 		.ascii	"\360\325\353\302\326\207\031X>\2065\241!\313\370\032"
 154      D6871958 
 154      3E8635A1 
 154      21CBF81A 
 155 0628 9AABCDD1 		.ascii	"\232\253\315\321I\324\370\3359\035\305$\032qH2o\242"
 155      49D4F8DD 
 155      391DC524 
 155      1A714832 
 155      6FA2
 156 063a 1638508B 		.ascii	"\0268P\213\300\271,8t\236\243X\006#\032\370\304\272"
 156      C0B92C38 
 156      749EA358 
 156      06231AF8 
 156      C4BA
ARM GAS  /tmp/ccFSW2RO.s 			page 12


 157 064c 28217355 		.ascii	"(!sU\234\335\327\204n\333\246\217U\212M\251\034\275"
 157      9CDDD784 
 157      6EDBA68F 
 157      558A4DA9 
 157      1CBD
 158 065e 8E6265FC 		.ascii	"\216be\374\007\035\335\215\240"
 158      071DDD8D 
 158      A0
 159              		.text
 160              		.section	.gnu.lto_.symtab.c001a0f24b8cae25,"",%progbits
 161 0000 68616C49 		.ascii	"halInit\000"
 161      6E697400 
 162 0008 00       		.ascii	"\000"
 163 0009 00       		.ascii	"\000"
 164 000a 00       		.ascii	"\000"
 165 000b 00000000 		.ascii	"\000\000\000\000\000\000\000\000"
 165      00000000 
 166 0013 E9000000 		.ascii	"\351\000\000\000"
 167 0017 70616C5F 		.ascii	"pal_default_config\000"
 167      64656661 
 167      756C745F 
 167      636F6E66 
 167      696700
 168 002a 00       		.ascii	"\000"
 169 002b 02       		.ascii	"\002"
 170 002c 00       		.ascii	"\000"
 171 002d 00000000 		.ascii	"\000\000\000\000\000\000\000\000"
 171      00000000 
 172 0035 F9000000 		.ascii	"\371\000\000\000"
 173 0039 7374496E 		.ascii	"stInit\000"
 173      697400
 174 0040 00       		.ascii	"\000"
 175 0041 02       		.ascii	"\002"
 176 0042 00       		.ascii	"\000"
 177 0043 00000000 		.ascii	"\000\000\000\000\000\000\000\000"
 177      00000000 
 178 004b EB000000 		.ascii	"\353\000\000\000"
 179 004f 626F6172 		.ascii	"boardInit\000"
 179      64496E69 
 179      7400
 180 0059 00       		.ascii	"\000"
 181 005a 02       		.ascii	"\002"
 182 005b 00       		.ascii	"\000"
 183 005c 00000000 		.ascii	"\000\000\000\000\000\000\000\000"
 183      00000000 
 184 0064 ED000000 		.ascii	"\355\000\000\000"
 185 0068 73647549 		.ascii	"sduInit\000"
 185      6E697400 
 186 0070 00       		.ascii	"\000"
 187 0071 02       		.ascii	"\002"
 188 0072 00       		.ascii	"\000"
 189 0073 00000000 		.ascii	"\000\000\000\000\000\000\000\000"
 189      00000000 
 190 007b EF000000 		.ascii	"\357\000\000\000"
 191 007f 75736249 		.ascii	"usbInit\000"
 191      6E697400 
 192 0087 00       		.ascii	"\000"
ARM GAS  /tmp/ccFSW2RO.s 			page 13


 193 0088 02       		.ascii	"\002"
 194 0089 00       		.ascii	"\000"
 195 008a 00000000 		.ascii	"\000\000\000\000\000\000\000\000"
 195      00000000 
 196 0092 F1000000 		.ascii	"\361\000\000\000"
 197 0096 5F70616C 		.ascii	"_pal_lld_init\000"
 197      5F6C6C64 
 197      5F696E69 
 197      7400
 198 00a4 00       		.ascii	"\000"
 199 00a5 02       		.ascii	"\002"
 200 00a6 00       		.ascii	"\000"
 201 00a7 00000000 		.ascii	"\000\000\000\000\000\000\000\000"
 201      00000000 
 202 00af F5000000 		.ascii	"\365\000\000\000"
 203 00b3 68616C5F 		.ascii	"hal_lld_init\000"
 203      6C6C645F 
 203      696E6974 
 203      00
 204 00c0 00       		.ascii	"\000"
 205 00c1 02       		.ascii	"\002"
 206 00c2 00       		.ascii	"\000"
 207 00c3 00000000 		.ascii	"\000\000\000\000\000\000\000\000"
 207      00000000 
 208 00cb F7000000 		.ascii	"\367\000\000\000"
 209              		.text
 210              		.section	.gnu.lto_.opts,"",%progbits
 211 0000 272D666D 		.ascii	"'-fmath-errno' '-fsigned-zeros' '-ftrapping-math' '"
 211      6174682D 
 211      6572726E 
 211      6F272027 
 211      2D667369 
 212 0033 2D666E6F 		.ascii	"-fno-trapv' '-fno-openmp' '-fno-openacc' '-mcpu=cor"
 212      2D747261 
 212      70762720 
 212      272D666E 
 212      6F2D6F70 
 213 0066 7465782D 		.ascii	"tex-m3' '-mthumb' '-O2' '-fomit-frame-pointer' '-fa"
 213      6D332720 
 213      272D6D74 
 213      68756D62 
 213      2720272D 
 214 0099 6C69676E 		.ascii	"lign-functions=16' '-ffunction-sections' '-fdata-se"
 214      2D66756E 
 214      6374696F 
 214      6E733D31 
 214      36272027 
 215 00cc 6374696F 		.ascii	"ctions' '-fno-common' '-flto'\000"
 215      6E732720 
 215      272D666E 
 215      6F2D636F 
 215      6D6D6F6E 
 216              		.text
 217              		.comm	__gnu_lto_v1,1,1
 218              		.comm	__gnu_lto_slim,1,1
 219              		.ident	"GCC: (15:7-2018-q2-6) 7.3.1 20180622 (release) [ARM/embedded-7-branch revision 261907]"
ARM GAS  /tmp/ccFSW2RO.s 			page 14


DEFINED SYMBOLS
                            *ABS*:0000000000000000 hal.c
                            *COM*:0000000000000001 __gnu_lto_v1
                            *COM*:0000000000000001 __gnu_lto_slim

NO UNDEFINED SYMBOLS
