ARM GAS  /tmp/ccPdvLom.s 			page 1


   1              		.cpu cortex-m3
   2              		.eabi_attribute 20, 1
   3              		.eabi_attribute 21, 1
   4              		.eabi_attribute 23, 3
   5              		.eabi_attribute 24, 1
   6              		.eabi_attribute 25, 1
   7              		.eabi_attribute 26, 1
   8              		.eabi_attribute 30, 2
   9              		.eabi_attribute 34, 1
  10              		.eabi_attribute 18, 4
  11              		.file	"hal_flash.c"
  12              		.section	.gnu.lto_.profile.db3fff2e260f6415,"",%progbits
  13 0000 789C6363 		.ascii	"x\234cc```\001bF\206\004\003\000\001h\000\234"
  13      60606001 
  13      62468604 
  13      03000168 
  13      009C
  14              		.text
  15              		.section	.gnu.lto_.icf.db3fff2e260f6415,"",%progbits
  16 0000 789C6363 		.ascii	"x\234cc``\020a@\000f\206U'\277_\343e\274\363h\321O\036"
  16      60601061 
  16      40006686 
  16      5527BF5F 
  16      E365BCF3 
  17 0018 A6D5CB8F 		.ascii	"\246\325\313\217_\341f\000\000j>\011\313"
  17      5FE16600 
  17      006A3E09 
  17      CB
  18              		.text
  19              		.section	.gnu.lto_.jmpfuncs.db3fff2e260f6415,"",%progbits
  20 0000 789C6363 		.ascii	"x\234cc``8\305\200\000\314\014\214\214\214\365s\230"
  20      606038C5 
  20      8000CC0C 
  20      8C8C8CF5 
  20      7398
  21 0012 19981818 		.ascii	"\031\230\030\030\030\017\26002\000\361\177 \340gd\234"
  21      180FB030 
  21      3200F17F 
  21      20E06764 
  21      9C
  22 0023 C2CC38AD 		.ascii	"\302\3148\255\365\320y\366n\3469\314\214\214\014\214"
  22      F5D079F6 
  22      6EE639CC 
  22      8C8C0C8C 
  23 0033 9B196580 		.ascii	"\233\031e\200B\257\367l\270\301\012\021\202\250\333"
  23      42AFF76C 
  23      B8C10A11 
  23      82A8DB
  24 0042 C228C3C2 		.ascii	"\302(\303\302T\311\200\246\035\211\377\007\254\214\011"
  24      54C980A6 
  24      1D89FF07 
  24      AC8C09
  25 0051 D93826A0 		.ascii	"\3318&\240q[\031e@\270^\201\221\211\221\221\031\344"
  25      715B1965 
  25      40B85E81 
  25      91899191 
  25      19E4
ARM GAS  /tmp/ccPdvLom.s 			page 2


  26 0063 04206666 		.ascii	"\004 ff\002\032\305\210fT\275\002\023a%\014\0009\244"
  26      021AC588 
  26      6654BD02 
  26      1361250C 
  26      0039A4
  27 0076 3B12     		.ascii	";\022"
  28              		.text
  29              		.section	.gnu.lto_.inline.db3fff2e260f6415,"",%progbits
  30 0000 789C6363 		.ascii	"x\234cc``\230\300\200\000\314\014,\302\257\030\031\031"
  30      606098C0 
  30      8000CC0C 
  30      2CC2AF18 
  30      1919
  31 0012 98F8AF9D 		.ascii	"\230\370\257\235ce`_\025\314\004\022e\342fd`\234\340"
  31      6365605F 
  31      15CC0412 
  31      65E26664 
  31      609CE0
  32 0025 C7260494 		.ascii	"\307&\004\224\270\303\315\300\310 $\315\310\304\240"
  32      B8C3CDC0 
  32      C82024CD 
  32      C8C4A0
  33 0034 C00854CE 		.ascii	"\300\010T\316\010$\031X\005\356\3042\260-\220gb`|\301"
  33      08241958 
  33      05EEC432 
  33      B02D9067 
  33      62607CC1 
  34 0048 CE022119 		.ascii	"\316\002!\031\2306qq\2004\263\0122\200431\010J\241j"
  34      98367171 
  34      8034B30A 
  34      32803433 
  34      31084AA1 
  35 005d E23B1041 		.ascii	"\342;\020AH\023\003\000\237\365\022\212"
  35      48130300 
  35      9FF5128A 
  36              		.text
  37              		.section	.gnu.lto_.pureconst.db3fff2e260f6415,"",%progbits
  38 0000 789C6363 		.ascii	"x\234cc```\007bf\006KFI&I\000\002T\000\177"
  38      60606007 
  38      6266064B 
  38      46492649 
  38      00025400 
  39              		.text
  40              		.section	.gnu.lto_flashWaitErase.db3fff2e260f6415,"",%progbits
  41 0000 789C7594 		.ascii	"x\234u\224\301O\\U\024\306\317\367\356{o\206\231\016"
  41      C14F5C55 
  41      14C6CFF7 
  41      EE7B6F86 
  41      990E
  42 0012 635CB960 		.ascii	"c\\\271`ARI\355\242L\215\233n\334\3737\2701\204\322"
  42      415249ED 
  42      A24C8D9B 
  42      6EDCFB37 
  42      B83184D2 
  43 0026 6082AD61 		.ascii	"`\202\255a\214\211+\3360\203\024!\006\033\031\351d$"
  43      8C892BDE 
  43      30831421 
ARM GAS  /tmp/ccPdvLom.s 			page 3


  43      061B19E9 
  43      6424
  44 0038 9312D234 		.ascii	"\223\022\3224\321\330*m\245E\373\030\352\264\266\320"
  44      D1D82A6D 
  44      A545FB18 
  44      EAB4B6D0 
  45 0048 5A632AB5 		.ascii	"Zc*\265\204\020\232\212(\251\251\246\2700E\277s\337"
  45      84109A8A 
  45      28A9A9A6 
  45      B83045BF 
  45      73DF
  46 005a 4C44535F 		.ascii	"LDS_\340\314}\347~\347w\317\375\356\235\361E\344\224"
  46      E0CC7DE7 
  46      7EE777CF 
  46      FDEE9DF1 
  46      45E494
  47 006d 2BF2323F 		.ascii	"+\3622?_\342?|\2013zC$\027w`\242\201q\334\345\244\004"
  47      5FE23F7C 
  47      81337A43 
  47      24177760 
  47      A28171DC 
  48 0084 096FBA2A 		.ascii	"\011o\272*\022\354r\001\315\007q/\022\314\305!}\216"
  48      12EC7201 
  48      CD07712F 
  48      12CCC521 
  48      7D8E
  49 0096 713D304A 		.ascii	"q=0J\375\0311\357\033\214\015]\374>\265\367d\020\364"
  49      FD1931EF 
  49      1B8C0D5D 
  49      FC3EB5F7 
  49      6410F4
  50 00a9 07E1075B 		.ascii	"\007\341\007[/\346\362\003\317\224\251(\032\301\013"
  50      2FE6F203 
  50      CF94A928 
  50      1AC10B
  51 00b8 2DD8DFA2 		.ascii	"-\330\337\242\353}\206\275T\336*\234.\233aS6\200\313"
  51      EB7D86BD 
  51      54DE2A9C 
  51      2E9B6153 
  51      3680CB
  52 00cb D7878BA5 		.ascii	"\327\207\213\245{\315\372\352\240\225\257\243\267\037"
  52      7BCDFAEA 
  52      A095AFA3 
  52      B71F
  53 00d9 7C64CC6E 		.ascii	"|d\314n\010\307\225?o\335i\3363e\231\013S&x\266l\014"
  53      08C7953F 
  53      6FDD69DE 
  53      3365990B 
  53      532678B6 
  54 00ef CEC128F4 		.ascii	"\316\301(\364,Z0\215\026aJp\036{T\277vf{,\345\273\272"
  54      2C5A308D 
  54      16614A70 
  54      1E7B54BF 
  54      76667B2C 
  55 0106 2857FB1C 		.ascii	"(W\373\034>\230<qj\362w\230\347,\360\321\375\245\223"
  55      3E983C71 
  55      6AF27798 
ARM GAS  /tmp/ccPdvLom.s 			page 4


  55      E72CF0D1 
  55      FDA593
  56 0119 89B6C920 		.ascii	"\211\266\311 $p{\335\224\202\260\320Z6.f\376\315\324"
  56      24707BDD 
  56      9482B0D0 
  56      5A362E66 
  56      FECDD4
  57 012c 87EA5AE5 		.ascii	"\207\352Z\345\312\265\230\331g+\267nO\334\361X\251\255"
  57      CAB598D9 
  57      672BB76E 
  57      4FDCF158 
  57      A9AD
  58 013e 6C9DF7C6 		.ascii	"l\235\367\306\2030\307J\301\305\250\262\261E\331\321"
  58      8330C74A 
  58      C1C5A8B2 
  58      B145D9D1 
  59 014e 0666D186 		.ascii	"\006f\321\206\013h\263\235\330\211\374\247\233\263\011"
  59      0B68B39D 
  59      D889FCA7 
  59      9BB309
  60 015d F3BC055E 		.ascii	"\363\274\005^\016\247\327\232\353\300\225?\032\255x"
  60      0EA7D79A 
  60      EBC0953F 
  60      1AAD78
  61 016c F8F289AD 		.ascii	"\370\362\211\255D\310B\300'\254\035O\340\222b\277\200"
  61      44C842C0 
  61      27AC1D4F 
  61      E09262BF 
  61      80
  62 017d 5F34D8B9 		.ascii	"_4\330\271q\204\334\363\234\236+\003D\234F\017\237|"
  62      7184DCF3 
  62      9C9E2B03 
  62      449C460F 
  62      9F7C
  63 018f EB85C1F6 		.ascii	"\353\205\301\366_\203\272\026\246~\031\301\323\240s"
  63      5F83BA16 
  63      A67E19C1 
  63      D3A073
  64 019e BEC31033 		.ascii	"\276\303\0203\014q\227\241\311\323\340k\210i\210\353"
  64      0C7197A1 
  64      C9D3E06B 
  64      886988EB 
  65 01ae 4412EA6E 		.ascii	"D\022\352nJ\224\224\266Q\344(\375]N\006!\007\016\007"
  65      4A9494B6 
  65      51E428FD 
  65      5D4E0621 
  65      070E07
  66 01c1 B9508678 		.ascii	"\271P\206x\012\274\037\371P~F\377\205\215w\356\371\332"
  66      0ABC1FF9 
  66      507E46FF 
  66      858D77EE 
  66      F9DA
  67 01d3 5DC9E801 		.ascii	"]\311\350\001\024\007\2527cz\300Q\257\263\325\305\232"
  67      1407AA37 
  67      637AC051 
  67      AFB3D5C5 
  67      9A
ARM GAS  /tmp/ccPdvLom.s 			page 5


  68 01e4 5FC1448E 		.ascii	"_\301D\216{\341\216\023%\223DUw\312\271\357\006\227"
  68      7BE18E13 
  68      25934455 
  68      77CAB9EF 
  68      0697
  69 01f6 5692998F 		.ascii	"V\222\231\217\203h\312\307<*\030\263\367\014\227\221"
  69      8368CAC7 
  69      3C2A18B3 
  69      F70C9791 
  70 0206 B1ECA608 		.ascii	"\261\354\246\010\354\354\004\373O\002'\271:\276\252"
  70      ECEC04FB 
  70      4F0227B9 
  70      3ABEAA
  71 0215 831F0E1F 		.ascii	"\203\037\016\037[\002\301\243vj\027j\026\014\005_!x"
  71      5B02C1A3 
  71      766A176A 
  71      160C055F 
  71      2178
  72 0227 13039543 		.ascii	"\023\003\225C\0218E\266\260'\026\375:07\341\366=\326"
  72      113845B6 
  72      B02716FD 
  72      3A3037E1 
  72      F63DD6
  73 023a 6E2A87CB 		.ascii	"n*\207\313&\245F\252Hp\025}e\323,?\242?*S[X*\367Q\270"
  73      26A546AA 
  73      4870157D 
  73      65D32C3F 
  73      A23F2A53 
  74 0254 3BBF32BE 		.ascii	";\2772\276\277\216\"\343\354\340\302\231\204\366(\000"
  74      BF8E22E3 
  74      ECE0C299 
  74      84F62800 
  75 0264 BEAE1FE8 		.ascii	"\276\256\037\350\220qi\2335\253\272\27412\037\263\014"
  75      9071699B 
  75      35ABBABC 
  75      31321FB3 
  75      0C
  76 0275 D259707C 		.ascii	"\322Yp|5<\346\0358\027\034\005/\246\340\032\016\310"
  76      353CE61D 
  76      38171C05 
  76      2FA6E01A 
  76      0EC8
  77 0287 03F4B746 		.ascii	"\003\364\267F\3044\213\267\220&\332\374\260v\025\004"
  77      C4348BB7 
  77      9026DAFC 
  77      B0761504 
  78 0297 79C22F6A 		.ascii	"y\302/jd{qc|\022\221\316\330{\307\334o\203\365\214\313"
  78      647B7163 
  78      7C1291CE 
  78      D87BC7DC 
  78      6F83F58C 
  79 02ac 2413F9D2 		.ascii	"$\023\371\322\333\365\204\307\034\227\273\276qb\335"
  79      DBF584C7 
  79      1C97BBBE 
  79      7162DD
  80 02bb D7FE9AF0 		.ascii	"\327\376\232\360M\032\327\331 E\305\206Hu\024\015\255"
  80      4D1AD7D9 
ARM GAS  /tmp/ccPdvLom.s 			page 6


  80      2045C586 
  80      4875140D 
  80      AD
  81 02cc BF3B6222 		.ascii	"\277;b\"\321z\014\013\221\350tC\024\243\216\242\017"
  81      D17A0C0B 
  81      91E87443 
  81      14A38EA2 
  81      0F
  82 02dd C7DF7BDC 		.ascii	"\307\337{\334\024\211~\212a\321\212\376Y?N\235\372e"
  82      14897E8A 
  82      61D18AFE 
  82      593F4E9D 
  82      FA65
  83 02ef 37A2D797 		.ascii	"7\242\327\227)\332^X\275\224\177T\203\275\263d\314\314"
  83      29DA5E58 
  83      BD947F54 
  83      83BDB364 
  83      CCCC
  84 0301 6CDE8DD1 		.ascii	"l\336\215\321\361x\331\244\213\374A\010\325\354\033"
  84      F178D9A4 
  84      8BFC4108 
  84      D5EC1B
  85 0310 E8E38130 		.ascii	"\350\343\2010\365\224\002V\207\353\273\264\337\001\353"
  85      F5940256 
  85      87EBBBB4 
  85      DF01EB
  86 031f 20FEDFBE 		.ascii	" \376\337\276\233\264O\357+\350\267#\322\332\336\236"
  86      9BB44FEF 
  86      2BE8B723 
  86      D2DADE9E 
  87 032f 89FE8E64 		.ascii	"\211\376\216d3\335\035=\231lo\247~\276r\250\247#\333"
  87      33DD1D3D 
  87      996C6FA7 
  87      7EBE72A8 
  87      A723DB
  88 0342 DDDE29EE 		.ascii	"\335\336)\356\301\2567_w_\313vu\232\256\336^\357`WO"
  88      C1AE375F 
  88      775FCB76 
  88      759AAEDE 
  88      5EEF6057 
  89 0357 C75BBBFF 		.ascii	"\307[\273\377[t$\313\320\373\306\276\303\257F\343\366"
  89      5B7424CB 
  89      D0FBC6BE 
  89      C3AF46E3 
  89      F6
  90 0368 6EF91B22 		.ascii	"n\371\033\"s\223v"
  90      739376
  91              		.text
  92              		.section	.gnu.lto_flashGetSectorOffset.db3fff2e260f6415,"",%progbits
  93 0000 789C9552 		.ascii	"x\234\225R\335K\024Q\024\277g\356\235\331\017w\327\214"
  93      DD4B1451 
  93      14BF67EE 
  93      9DD90F77 
  93      D78C
  94 0012 88587C58 		.ascii	"\210X|X(1_\334\007{\352!z\354\277\010[W\014\204\225"
  94      28315FDC 
  94      077BEA21 
ARM GAS  /tmp/ccPdvLom.s 			page 7


  94      7AECBF08 
  94      5B570C84 
  95 0027 5DE9A507 		.ascii	"]\351\245\007\257\273\233f\206H~\004\303$C[\026TXd\232"
  95      AFBB9B66 
  95      86487E04 
  95      C324435B 
  95      16545864 
  96 003c 5FB9A999 		.ascii	"_\271\251\231Vk\037DYB\206\241\225\310\206 B\231\326"
  96      566B1F44 
  96      594286A1 
  96      95C88620 
  96      4299D6
  97 004f B9777649 		.ascii	"\271wvIe_\032f\356\234{\357\371\375\316\357|h\204\220"
  97      655F1A66 
  97      EE9C7BEF 
  97      F9FDCEEF 
  97      7C688490 
  98 0063 7646C871 		.ascii	"vF\310q\374\037\303\0174\002J\353\014!\365vE\241\233"
  98      FC1FC30F 
  98      34024AEB 
  98      0C21F576 
  98      45A19B
  99 0076 65843B59 		.ascii	"e\204;Y\233\227p\027\005\325:fYC\005\020\006\267\003"
  99      9B977017 
  99      05D53A66 
  99      59430510 
  99      06B703
 100 0089 A9532853 		.ascii	"\251S(S\241\016.\322v\012\257\343w\015\332L\015J\200"
 100      A10E2ED2 
 100      760AAFE3 
 100      770DDA4C 
 100      0D4A80
 101 009c E17635A5 		.ascii	"\341v5\245\177\361\210-\200\017\267+\351\311^W\311\015"
 101      7FF1882D 
 101      800FB72B 
 101      E9C95E57 
 101      C90D
 102 00ae CEA33C79 		.ascii	"\316\243<yyV\273\331\373\212;\014\252\220Nt\357\205"
 102      7956BBD9 
 102      FB8A3B0C 
 102      AA904E74 
 102      EF85
 103 00c0 42B80F85 		.ascii	"B\270\017\205B\306\003(A\347\326w\351\333\224\036\004"
 103      42C60328 
 103      41E7D677 
 103      E9DB941E 
 103      04
 104 00d1 82B6B9F1 		.ascii	"\202\266\271\361\372\203\247\370\272\004NtS~\310\240"
 104      FA83A7F8 
 104      BA044E74 
 104      537EC8A0 
 105 00e1 14FA806E 		.ascii	"\024\372\200n\007\342\021\201~(F\367\371d4\316\350a"
 105      07E21181 
 105      7E2846F7 
 105      F96434CE 
 105      E861
 106 00f3 099DDBF8 		.ascii	"\011\235\333\370y6\203L\353\007\272c\374\204A\031<\334"
ARM GAS  /tmp/ccPdvLom.s 			page 8


 106      7936834C 
 106      EB07BA63 
 106      FC844119 
 106      3CDC
 107 0105 8D650406 		.ascii	"\215e\004\006\240X\000\372\222\013\003\214\372%\270"
 107      A05800FA 
 107      920B038C 
 107      FA25B8
 108 0114 6BE1EB15 		.ascii	"k\341\353\025OQB\242\267to\"\306\24783\250\012\203;"
 108      4F5142A2 
 108      B7746F22 
 108      C6A73833 
 108      A80A833B 
 109 0128 F1E241F7 		.ascii	"\361\342A\367\265\266\217\363\036zTB\243\337Zf\262\320"
 109      B5B68FF3 
 109      1E7A5442 
 109      A3DF5A66 
 109      B2D0
 110 013a 757DDFD5 		.ascii	"u}\337\325\014T\201\341\234\320\205{[\035n\215\301\010"
 110      0C5481E1 
 110      9CD0857B 
 110      5B1D6E8D 
 110      C108
 111 014c 14C11014 		.ascii	"\024\301\020\024\231\224\210\252`1\036\211\256\020\242"
 111      999488AA 
 111      60311E89 
 111      AE10A2
 112 015b 646F7ADE 		.ascii	"doz\336\250I\276\365\247\021\323\361\376^[,\310\007"
 112      A849BEF5 
 112      A711D3F1 
 112      FE5E5B2C 
 112      C807
 113 016d 54AF29B8 		.ascii	"T\257)\270\330\220\025\235\030\232v\025\027\207&,\233"
 113      D890159D 
 113      189A7615 
 113      1787262C 
 113      9B
 114 017e B01C202A 		.ascii	"\260\034 *\223G\004\201\013D\246n\351\353\221+!\347"
 114      93470481 
 114      0B44A66E 
 114      E9EB912B 
 114      21E7
 115 0190 3114F693 		.ascii	"1\024\366\223'I\023\266\003\255X\222,Ct\360{\317\370"
 115      274913B6 
 115      03AD5892 
 115      2C4374F0 
 115      7BCFF8
 116 01a3 7EA140A7 		.ascii	"~\241@\247\200\032;\317\215\275\264\211nR\231\341\360"
 116      801A3BCF 
 116      8DBDB489 
 116      6E5299E1 
 116      F0
 117 01b4 586A5233 		.ascii	"XjR3\241\253\236s\3563\250S\247\016\030\025\031\341"
 117      A1AB9E73 
 117      EE33A853 
 117      A70E1815 
 117      19E1
ARM GAS  /tmp/ccPdvLom.s 			page 9


 118 01c6 DDDBC6D9 		.ascii	"\335\333\306\331Oy\376;\334\272\322 \011&t\210|\010"
 118      4F79FE3B 
 118      DCBAD220 
 118      09267488 
 118      7C08
 119 01d8 3C06BFE4 		.ascii	"<\006\277\344vX\304\312vb-\027q\036F\207\261\014\361"
 119      7658C4CA 
 119      76622D17 
 119      711E4687 
 119      B10CF1
 120 01eb 6AF3A559 		.ascii	"j\363\245Y@\342Vy\345\202qI\014\202x\002\211W n\256"
 120      40E25679 
 120      E5827149 
 120      0C827802 
 120      8957206E 
 121 0200 83C58C38 		.ascii	"\203\305\2148\205\240(\203\272\311\022D}\342T\024\000"
 121      85A02883 
 121      BAC91244 
 121      7DE25414 
 121      00
 122 0211 6FACE486 		.ascii	"o\254\344\206\022N\313\223m\327\240\346\322\340A\020"
 122      124ECB93 
 122      6DD7A0E6 
 122      D2E04110 
 123 0221 3CC9A921 		.ascii	"<\311\251!\037&\245\006Ehx\212\032\026!>7~$\0073\266"
 123      1F26A506 
 123      4568788A 
 123      1A16213E 
 123      377E2407 
 124 0237 0AA6322D 		.ascii	"\012\2462-o\302i\335,\223e\216\351\015\251\376k\212"
 124      6FC269DD 
 124      2C93658E 
 124      E90DA9FE 
 124      6B8A
 125 0249 055075EA 		.ascii	"\005Pu\352B\314\205_\357[\354\002\303\300\016\323\210"
 125      42CC855F 
 125      EF5BEC02 
 125      C3C00ED3 
 125      88
 126 025a 4137A321 		.ascii	"A7\243!\223\230\340EO\231\304t\241u\346\331\245\331"
 126      9398E045 
 126      4F99C474 
 126      A175E6D9 
 126      A5D9
 127 026c EC1623B1 		.ascii	"\354\026#\261\007\235\255\220;e\233K\212A\013\340\231"
 127      079DAD90 
 127      3B659B4B 
 127      8A410BE0 
 127      99
 128 027d 142EC7EC 		.ascii	"\024.\307\3549\012\307\"\231aY\245\021Q%\217\224\311"
 128      390AC722 
 128      996159A5 
 128      1151258F 
 128      94C9
 129 028f 489B373B 		.ascii	"H\2337;\015\243\211SV4\333\177Uh/\274\220\201\230\010"
 129      0DA38953 
 129      5634DB7F 
ARM GAS  /tmp/ccPdvLom.s 			page 10


 129      55682FBC 
 129      90819808 
 130 02a3 9492EDC7 		.ascii	"\224\222\355\307\234\247\251\305\345F:L\372_\213dp\267"
 130      9CA7A9C5 
 130      E5463A4C 
 130      FA5F8B64 
 130      70B7
 131 02b5 0CAE6666 		.ascii	"\014\256ffq\011\024b\235S\222F\225\267Z\274\026Xh_\007"
 131      71091462 
 131      9D539246 
 131      95B75ABC 
 131      1658685F 
 132 02ca 8A62A9FE 		.ascii	"\212b\251\376\3433 \216-\207p\234A\000\261#\276\322"
 132      E333208E 
 132      2D87709C 
 132      4100B123 
 132      BED2
 133 02dc 52BFF586 		.ascii	"R\277\365\206\"\376\252\362j\177$\034\020\377\223\225"
 133      22FEAAF2 
 133      6A7F241C 
 133      10FF9395 
 134 02ec D5E591AA 		.ascii	"\325\345\221\252\322\000a\025\30135Z$\030\250\015\205"
 134      D2006115 
 134      C133355A 
 134      2418A80D 
 134      85
 135 02fd 9D15C148 		.ascii	"\235\025\301H |\272\006M-TY\031\011\326\376\005\315"
 135      207CBA06 
 135      4D2D5459 
 135      1909D6FE 
 135      05CD
 136 030f 08845A   		.ascii	"\010\204Z"
 137              		.text
 138              		.section	.gnu.lto_flashGetSectorSize.db3fff2e260f6415,"",%progbits
 139 0000 789C7D52 		.ascii	"x\234}R\335KTA\024?\347\316\334\353\272_\346K\310b\260"
 139      DD4B5441 
 139      143FE7CE 
 139      DCEBBA5F 
 139      E64BC862 
 140 0015 5062BEB8 		.ascii	"Pb\276\270\017\366\324C\317\375\027!\272\241!(n\364"
 140      0FF6D443 
 140      CFFD1721 
 140      BAA12128 
 140      6EF4
 141 0027 A090E3AE 		.ascii	"\240\220\343\256ij\204d\032,W\333\022\011\373\240\242"
 141      696A8464 
 141      1A2C57DB 
 141      1209FBA0 
 141      A2
 142 0038 CD7253DB 		.ascii	"\315rS\333\3246\315\254\214>\014\251\300\310>0\301\027"
 142      D436CDAC 
 142      8C3E0CA9 
 142      C0C83E30 
 142      C117
 143 004a A9CCAD33 		.ascii	"\251\314\2553s\257\240\266\264\354\336=w\346\367u\316"
 143      73AFA0B6 
 143      B4ECDE3D 
ARM GAS  /tmp/ccPdvLom.s 			page 11


 143      77E6F775 
 143      CE
 144 005b 8C010075 		.ascii	"\214\001\000u\034\340\000X?4\000\265\216\247\000\215"
 144      1CE00058 
 144      3F3400B5 
 144      8EA7008D 
 145 006b 0E4D63EB 		.ascii	"\016Mc\353% \234\274\323\007\302\315P\267\226\371F\241"
 145      25209CBC 
 145      D307C2CD 
 145      50B796F9 
 145      46A1
 146 007d 23CA4238 		.ascii	"#\312B8\020\0324\306ul\300S\354,\303\331\246\033&kg"
 146      101A34C6 
 146      756CC053 
 146      EC2CC3D9 
 146      A61B266B 
 147 0092 2603E4F4 		.ascii	"&\003\344\364\2722\023\375\350\225\257\210~z]ZN\305"
 147      BA3213FD 
 147      E895AF88 
 147      7E7A5D5A 
 147      4EC5
 148 00a4 DD459784 		.ascii	"\335E\227\204\010\213\344\271DV4\376\\d\233L\203n\202"
 148      088BE4B9 
 148      445634FE 
 148      5C649B4C 
 148      836E82
 149 00b7 C7311F6F 		.ascii	"\3071\037oa\276\214q\033\213\010\334\361z\371*c\273"
 149      61BE8C71 
 149      1B8B08DC 
 149      F17AF92A 
 149      63BB
 150 00c9 11A88EAD 		.ascii	"\021\250\216\255\315\276\365\026\366+\342D?\023{L\306"
 150      CDBEF516 
 150      F62BE244 
 150      3F137B4C 
 150      C6
 151 00da 7010D966 		.ascii	"p\020\331f\"-\001\336\301B\202\177H\206\2338\333\253"
 151      222D01DE 
 151      C142827F 
 151      48869B38 
 151      DBAB
 152 00ec A8F36B3F 		.ascii	"\250\363k?\353m\346jO^\177D\0344\031\307\273\333\271"
 152      EB6DE66A 
 152      4F5E7F44 
 152      1C3419C7 
 152      BBDBB9
 153 00ff 1C70080B 		.ascii	"\034p\010\013%a0\2710\304Y@\221{\027>\367x\013\372\024"
 153      256130B9 
 153      30C45940 
 153      917B173E 
 153      F7780BFA 
 154 0114 3BD5EBEB 		.ascii	";\325\353\353\213\210I\301M\246cb+_~\010~\261\361\325"
 154      8B8849C1 
 154      4DA66362 
 154      2B5F7E08 
 154      7EB1F1D5 
 155 0128 B487ED57 		.ascii	"\264\207\355W\324+\347\033\007\23465\335\223w\301\246"
ARM GAS  /tmp/ccPdvLom.s 			page 12


 155      D42BE71B 
 155      079C3635 
 155      DD9377C1 
 155      A6
 156 0139 6A389C91 		.ascii	"j8\234\221\272p3\335\34518\216`\001\336\303\202\030"
 156      BA7033DD 
 156      E531388E 
 156      6001DEC3 
 156      8218
 157 014b 0339151A 		.ascii	"\0039\025\032\306\250<\025\000mc\347\372\013=)\322\177"
 157      C6A83C15 
 157      006D63E7 
 157      FA0B3D29 
 157      D27F
 158 015d 5AA89D5D 		.ascii	"Z\250\235]K\361t\256\027)\275\241\321#\213T\011\304"
 158      4BF174AE 
 158      1729BDA1 
 158      D1238B54 
 158      09C4
 159 016f A974E8F4 		.ascii	"\251t\350\364\3106d\345@9\024'H\256K\001\334([\365\250"
 159      C83664E5 
 159      40391427 
 159      48AE4B01 
 159      DC285BF5 
 160 0184 1AE024B9 		.ascii	"\032\340$\271\320Q\212$\264\322IP\025I\3027\014'\276"
 160      D0518A24 
 160      B4D24950 
 160      1549C237 
 160      0C27BE
 161 0197 7E19DF29 		.ascii	"~\031\337)\315\243\014)^\367\211\261gY\362 \231jnxl"
 161      CDA30C29 
 161      5EF789B1 
 161      6759F220 
 161      996A6E78 
 162 01ac 2665C4B0 		.ascii	"&e\304\260\267Q\010\3417\2313\312\034x_6C{/[\346\336"
 162      B75108E1 
 162      379933CA 
 162      1C785F36 
 162      437B2F5B 
 163 01c2 BB02D784 		.ascii	"\273\002\327\204\265e`\022c\330%[\001|\200\001\245\235"
 163      B5656012 
 163      63D8255B 
 163      017C8001 
 163      A59D
 164 01d4 6D096B9B 		.ascii	"m\011k\233\205\215L\302.r\3071[x\245\375\314\034\222"
 164      858D4CC2 
 164      2E72C731 
 164      5B78A5FD 
 164      CC1C92
 165 01e7 7087DA72 		.ascii	"p\207\332r\343\270\022F)<A\302K\330\024[EK\231\002i"
 165      E3B81246 
 165      293C41C2 
 165      4BD8145B 
 165      454B9902 
 166 01fc 40A14CE6 		.ascii	"@\241L\346\201E\014\373\345\252\034\000\355X\315-\365"
 166      81450CFB 
 166      E5AA1C00 
ARM GAS  /tmp/ccPdvLom.s 			page 13


 166      ED58CD2D 
 166      F5
 167 020d 392D24DF 		.ascii	"9-$\337\234A\317\224\301K$|\2301C\016\246T\006MfxD\031"
 167      9C41CF94 
 167      C14B247C 
 167      9831430E 
 167      A654064D 
 168 0225 3E61D3FC 		.ascii	">a\323\374\370\276\014\3129\0108i\237v+]\324\365\022"
 168      F8BE0CCA 
 168      39083869 
 168      9F762B5D 
 168      D4F512
 169 0238 35E648B4 		.ascii	"5\346H\264\371\335\310o;\264\036en\342\264\375zs\332"
 169      F9DDC86F 
 169      3BB41E65 
 169      6EE2B4FD 
 169      7A73DA
 170 024b 21391C1D 		.ascii	"!9\034\0358E\034\202\231\3156F\352\022R51\345\263\326"
 170      38451C82 
 170      99CD3646 
 170      EA125235 
 170      31E5B3D6 
 171 025f 3CDB32C7 		.ascii	"<\3332\307\322\362J\354 \260e\2715vlT3Y.>V\301\325\015"
 171      D2F24AEC 
 171      20B065B9 
 171      35766C54 
 171      33592E3E 
 172 0277 9BA6E034 		.ascii	"\233\246\3404\244\330\0215\245\0219%\217\212\311\241"
 172      A4D81135 
 172      A5113925 
 172      8F8AC9A1 
 173 0287 D367DF86 		.ascii	"\323g\337\206\201\037\3142sm7KH\263\377\314(\027\237"
 173      811FCC32 
 173      736D374B 
 173      48B3FFCC 
 173      28179F
 174 029a 282B2EAD 		.ascii	"(+.\255f\376\265r)+\335\276y\213\250\201\265\316`\231"
 174      66FEB572 
 174      292BDDBE 
 174      798BA881 
 174      B5CE6099 
 175 02ae 80DF732C 		.ascii	"\200\337s,[\031t\025\031%c\227\353\211\304\333\216\323"
 175      5B197415 
 175      19256397 
 175      EB89C4DB 
 175      8ED3
 176 02c0 CD45C9A2 		.ascii	"\315E\311\242\341\373\213\213\003\326\267:\024\250("
 176      E1FB8B8B 
 176      03D6B73A 
 176      14A828
 177 02cf AD0A846A 		.ascii	"\255\012\204j\313\344\377\241\303U\245\241\212\3422"
 177      CBE4FFA1 
 177      C355A5A1 
 177      8AE232
 178 02de E0E5C163 		.ascii	"\340\345\301c5F(Xv\264\272\326Y\036\014\225\325V\326"
 178      35462858 
 178      76B4BAD6 
ARM GAS  /tmp/ccPdvLom.s 			page 14


 178      591E0C95 
 178      D556D6
 179 02f1 50C94395 		.ascii	"P\311C\225u\301\277]\360{}"
 179      75C1BF5D 
 179      F07B7D
 180              		.text
 181              		.section	.gnu.lto_.symbol_nodes.db3fff2e260f6415,"",%progbits
 182 0000 789C6363 		.ascii	"x\234cc``\310\002b\006\246\371L\365\014\014\023\316"
 182      6060C802 
 182      6206A6F9 
 182      4CF50C0C 
 182      13CE
 183 0012 313000A9 		.ascii	"10\000\251]\015\216@\221\005L\365\214\250\"\013\231"
 183      5D0D8E40 
 183      91054CF5 
 183      8CA8220B 
 183      99
 184 0023 EA995044 		.ascii	"\352\231PD\030\0271\3253\203E\030\030\032\032\034\030"
 184      181731D5 
 184      33834518 
 184      181A1A1C 
 184      18
 185 0034 189881B0 		.ascii	"\030\230\201\260\245\353\351\016f\026\006\206\257/\216"
 185      A5EBE90E 
 185      66160686 
 185      AF2F8E
 186 0043 C832B030 		.ascii	"\3102\26002|}\360\217\221\201\205\011B3\000\000\264"
 186      327C7DF0 
 186      8F918185 
 186      09423300 
 186      00B4
 187 0055 FA1CD3   		.ascii	"\372\034\323"
 188              		.text
 189              		.section	.gnu.lto_.refs.db3fff2e260f6415,"",%progbits
 190 0000 789C6363 		.ascii	"x\234cc```\004b\006\000\000D\000\010"
 190      60606004 
 190      62060000 
 190      440008
 191              		.text
 192              		.section	.gnu.lto_.decls.db3fff2e260f6415,"",%progbits
 193 0000 789C9D59 		.ascii	"x\234\235Y\013TTG\232\276u\253i\232\346\345\2003\307"
 193      0B545447 
 193      9ABE75AB 
 193      699AE6E5 
 193      8033C7
 194 0013 9CEDB3E3 		.ascii	"\234\355\263\343:\344\204\235\2110\232\231\315\346\314"
 194      3AE4849D 
 194      89309A99 
 194      CDE6CC
 195 0022 9E3D6B76 		.ascii	"\236=kv\320xN\324\03443\307\234\263\323C\240\015\314"
 195      D0784ED4 
 195      1C3433C7 
 195      9CB3D343 
 195      A00DCC
 196 0035 20BADD4D 		.ascii	" \272\335Mv2sv\347\"OQ\003\210\012\362R\020\024\024"
 196      76327376 
 196      E7224F51 
ARM GAS  /tmp/ccPdvLom.s 			page 15


 196      03880AF2 
 196      52101414 
 197 0049 5004E52D 		.ascii	"P\004\345-\015\202\001\037 \006\023_\274\004\024_\200"
 197      0D82011F 
 197      2006135F 
 197      BC04145F 
 197      80
 198 005a 40782BFB 		.ascii	"@x+\373W\325\275\335\267\333\356$3},\356\255\252\257"
 198      57D5BDDD 
 198      B7DBEE24 
 198      337D2CEE 
 198      ADAAAF
 199 006d FEFFABFF 		.ascii	"\376\377\253\377\377\353\257\252\253\222\343\270_h8"
 199      FFEBAFAA 
 199      AB92E3B8 
 199      5F6838
 200 007c 6EB582E3 		.ascii	"n\265\202\343Z\021\307-\302\017^\271F(\344\3711\264"
 200      5A11C72D 
 200      C20F5EB9 
 200      4628E4F9 
 200      31B4
 201 008e 85406982 		.ascii	"\205@i\202\367a\216\375H\373\037\241m'\224H(\237!\356"
 201      F7618EFD 
 201      48FB1FA1 
 201      6D279448 
 201      289F21EE 
 202 00a2 95DFD73C 		.ascii	"\225\337\327<\307\375\000\236\375P\274\240,\025e\231"
 202      C7FD009E 
 202      FD50BCA0 
 202      2C156599 
 203 00b2 3826EF3D 		.ascii	"8&\357=(\203\360\376\006\024_(\277\207\372:(\177\026"
 203      2883F0FE 
 203      06145F28 
 203      BF87FA3A 
 203      287F16
 204 00c5 750D40F9 		.ascii	"u\015@\371\013\274\377\011\012\210\342\376\013\236k"
 204      0BBCFF09 
 204      0A88E2FE 
 204      0B9E6B
 205 00d4 A16051F7 		.ascii	"\241`Q\367\377:\320\333\017`o\231N\005bz\011\367_\212"
 205      FF3AD0DB 
 205      0F606F99 
 205      4E05627A 
 205      09F75F8A 
 206 00e8 7ADF86B2 		.ascii	"z\337\206\262\0021\335\222\336\377\203\362/P~\001\345"
 206      0231DD92 
 206      DEFF83F2 
 206      2F507E01 
 206      E5
 207 00f9 AF50FE09 		.ascii	"\257P\376\011\212\000%\012\212\223\250\177\015\224\177"
 207      8A00250A 
 207      8A93A87F 
 207      0D947F
 208 0108 86A281B2 		.ascii	"\206\242\201\262\022\012Q\277S|&\333py\3023\016\022"
 208      120A51BF 
 208      537C26DB 
 208      7079C233 
ARM GAS  /tmp/ccPdvLom.s 			page 16


 208      0E12
 209 011a 0F13F7F7 		.ascii	"\017\023\367\367\363\260\307\341\037d\034\"\305g\272"
 209      F3B0C7E1 
 209      1F641C22 
 209      C567BA
 210 0129 0D870318 		.ascii	"\015\207\003\030u\306\234\311\302{0\362R#\005T\237_"
 210      75C69CC9 
 210      C27B30F2 
 210      52230554 
 210      9F5F
 211 013b CB18F080 		.ascii	"\313\030\360\200\352R5Z\016\325\224\305\374.\027\314"
 211      EA52355A 
 211      0ED594C5 
 211      FC2E17CC 
 212 014b 23821C89 		.ascii	"#\202\034\211\031\352se\310eP=x\376E\257\013V\322\256"
 212      19EA7365 
 212      C865503D 
 212      78FE45AF 
 212      0B56D2AE 
 213 015f EED6A253 		.ascii	"\356\326\242SD\310\033jD\302\303\023\232N?\255\236u"
 213      44C81B6A 
 213      44C2C313 
 213      9A4E3FAD 
 213      9E75
 214 0171 674D0491 		.ascii	"gM\004\221Y6\335\341\202\275\350\373\256\204\371.\017"
 214      5936DDE1 
 214      82BDE8FB 
 214      AE84F92E 
 214      0F
 215 0182 BF6281FD 		.ascii	"\277b\201\375T\177\340P\015\302\022\237\033I\343\371"
 215      547FE050 
 215      0DC2129F 
 215      1B49E3F9 
 216 0192 CEF85704 		.ascii	"\316\370W\004\310\367\336\236\277\347\201\324\276\011"
 216      C8F7DE9E 
 216      BFE781D4 
 216      BE09
 217 01a0 82B04B38 		.ascii	"\202\260K8\032-\270\274\307\241\012\244A\345H\303\241"
 217      1A2DB8BC 
 217      C7A10AA4 
 217      41E548C3 
 217      A1
 218 01b1 0BC89708 		.ascii	"\013\310\227\010\257E~\034\252\206\306*h<N\004\232\246"
 218      AF457E1C 
 218      AA86C62A 
 218      683C4E04 
 218      9AA6
 219 01c3 D3FFFDF0 		.ascii	"\323\377\375\360\270 ,G\365H\215\352\020\246\0300\300"
 219      B8202C47 
 219      F5488DEA 
 219      10A61830 
 219      C0
 220 01d4 1B6AA6A2 		.ascii	"\033j\246\242(?%O\211\215TEm\346P\013\357HE\243C\025"
 220      283F254F 
 220      898D5445 
 220      6DE6500B 
 220      EF4845A3 
ARM GAS  /tmp/ccPdvLom.s 			page 17


 221 01ea A347565C 		.ascii	"\243GV\\\212\025\004\036\231@E\203E\005hd:\026\273\277"
 221      8A15041E 
 221      99404583 
 221      45056864 
 221      3A16BBBF 
 222 01fe 6C53BA25 		.ascii	"lS\272%\232\245R\240$\230CM\310M\234oyY\375e^\301\263"
 222      9AA552A0 
 222      2498434D 
 222      C84D9C6F 
 222      7959FD65 
 223 0215 3614A120 		.ascii	"6\024\241 m\363\375{k\235i\233\326\015]D\264\255eq\332"
 223      6DF3FD7B 
 223      6B9D699B 
 223      D60D5D44 
 223      B4AD6571 
 224 022a E4C9ACCF 		.ascii	"\344\311\254\317\0233\215]\315ve~ZB\254\035;X\244\202"
 224      13338D5D 
 224      CD76657E 
 224      5A42AC1D 
 224      3B58A482 
 225 023e AA061C80 		.ascii	"\252\006\034\200d\326\3270\353O&\306N\023\377|\244F"
 225      64D6D730 
 225      EB4F26C6 
 225      4E13FF7C 
 225      A446
 226 0250 CE502DC8 		.ascii	"\316P-\310\316\276\341\214\217\"\332\327w\352\3063w"
 226      CEBEE18C 
 226      8F22DAD7 
 226      77EAC633 
 226      77
 227 0261 50862EC3 		.ascii	"P\206.\3034\332\010;h\034\234/\251\361`\003\224\304"
 227      34DA083B 
 227      681C9C2F 
 227      A9F16003 
 227      94C4
 228 0273 7BA9FD79 		.ascii	"{\251\375y\256\270\206\01580\\\254$\370k\200\277\012"
 228      AEB8860D 
 228      38305CAC 
 228      24F86B80 
 228      BF0A
 229 0285 33BAC208 		.ascii	"3\272\302\010\266\345\327,\270\261!NPMK\235\334\353"
 229      B6E5D72C 
 229      B8B1214E 
 229      504D4B9D 
 229      DCEB
 230 0297 823BD990 		.ascii	"\202;\331\220'=\225\373\235\310\230\3530\246\003\306"
 230      273D95FB 
 230      9DC898EB 
 230      30A603C6 
 231 02a7 B4B33152 		.ascii	"\264\2631R\360}\304\202/\246!/\331\003\017\2621\321"
 231      F07DC482 
 231      2FA6212F 
 231      D9030FB2 
 231      31D1
 232 02b9 95798354 		.ascii	"\225y\203T\317\2270\346\006\214\351dc\232\372*\353]"
 232      CF9730E6 
 232      068CE964 
ARM GAS  /tmp/ccPdvLom.s 			page 18


 232      639AFA2A 
 232      EB5D
 233 02cb F1140345 		.ascii	"\361\024\003E%5U\020\353\241\233\000zS\203\272\254\215"
 233      25355510 
 233      EBA19B00 
 233      7A5383BA 
 233      AC8D
 234 02dd F5113356 		.ascii	"\365\0213V\\\347d\272'Nda\334\334vp\216r\271\005C\276"
 234      5CE764BA 
 234      274E6461 
 234      DCDC7670 
 234      8E72B905 
 235 02f3 06B95FB1 		.ascii	"\006\271_\2611\271s\207\347\2248\223\201\236\324\304"
 235      31B97387 
 235      E7943893 
 235      819ED4C4 
 236 0303 FF8960EE 		.ascii	"\377\211`\356\000\346g\032t\233A\362n\244\276p\303\245"
 236      00E6671A 
 236      749B41F2 
 236      6EA4BE70 
 236      C3A5
 237 0315 0C927E31 		.ascii	"\014\222~1k/&\230{\200\371\251\006\335\245\030>\243"
 237      6B2F2698 
 237      7B80F9A9 
 237      06DDA518 
 237      3EA3
 238 0327 FA50AB13 		.ascii	"\372P\253\023R\371\306\021\327\013\321Qx\031\207\336"
 238      52F9C611 
 238      D70BD151 
 238      781987DE 
 239 0337 D2A09F13 		.ascii	"\322\240\237\023\257\367 \025\011\024\324\013q\325\215"
 239      AFF72015 
 239      0914D40B 
 239      71D58D
 240 0346 14A815B4 		.ascii	"\024\250\025\264\177a\211\251\2167\263\352H\330\002"
 240      7F6189A9 
 240      8E37B3EA 
 240      48D802
 241 0355 8C13034A 		.ascii	"\214\023\003J\014\222\257O/\2648\343\373T1?\330R\236"
 241      0C92AF4F 
 241      2FB438E3 
 241      FB54313F 
 241      D8529E
 242 0368 6A5F03BA 		.ascii	"j_\003\272\017\202\277]\311\203l%,9\324\017\240>K\330"
 242      0F82BF5D 
 242      C9836C25 
 242      2C39D40F 
 242      A03E4BD8 
 243 037c 128D5451 		.ascii	"\022\215TQ\316\205\366B\247e\207\01049ZX\302S\340%\220"
 243      CE85F642 
 243      A7658708 
 243      34395A58 
 243      C253E025 
 244 0391 D042C376 		.ascii	"\320B\303v\000-\203\277\315H\301\320g\012\307\257\""
 244      002D83BF 
 244      CD48C1D0 
 244      670AC7AF 
ARM GAS  /tmp/ccPdvLom.s 			page 19


 244      22
 245 03a2 799043BF 		.ascii	"y\220C\277,\310\007\315A.E\253\027\213\326\352\271\206"
 245      2CC807CD 
 245      412E45AB 
 245      178BD6EA 
 245      B986
 246 03b4 02351E63 		.ascii	"\0025\036cv\234\257\034KW\342hL\347\226t\346e\213\322"
 246      769CAF1C 
 246      4B57E268 
 246      4CE79674 
 246      E6658BD2 
 247 03c8 D1727CE4 		.ascii	"\321r|\344p9N\345,\005S 4\014\213\354\241eZ&i5\036\233"
 247      70394EE5 
 247      2C055320 
 247      340C8BEC 
 247      A1655A26 
 248 03e0 4B38C416 		.ascii	"K8\304\026\031A\260EV\221:X\347\"-\262\307\314\301\325"
 248      1941B045 
 248      56913A58 
 248      E7222DB2 
 248      C7CCC1D5 
 249 03f4 8BF5D3D8 		.ascii	"\213\365\323\330\361\364\237\322\351?\221\246?\362\374"
 249      F1F49FD2 
 249      E93F91A6 
 249      3FF2FC
 250 0403 FC6D5E3E 		.ascii	"\374m^>\375\247V\323\177f\236~}\307\355&%\336O\247\210"
 250      FDA756D3 
 250      7F669E7E 
 250      7DC7ED26 
 250      25DE4FA7 
 251 0418 4A8BE7CF 		.ascii	"J\213\347\317\250%\275\214\312\276G\246\361oQ;F\325"
 251      A825BD8C 
 251      CABE47A6 
 251      F16F513B 
 251      46D5
 252 042a 8E4A6AF3 		.ascii	"\216Jj\363[z/Y\245\2261+\265\317\315j3j'/;1\253\253"
 252      5B7A2F59 
 252      A596312B 
 252      B5CFCD6A 
 252      336A272F 
 253 0442 8811BA07 		.ascii	"\210\021\272\007\333\334q\036cQa\232(Q\340\223\314\352"
 253      DBDC711E 
 253      6351619A 
 253      2851E093 
 253      CCEA
 254 0454 6525837F 		.ascii	"e%\203\177@\276j){\372\305\306\223\3246\005\246\232"
 254      40BE6A29 
 254      7BFAC5C6 
 254      93D43605 
 254      A69A
 255 0466 B4185343 		.ascii	"\264\030SClI\375\"\034\023d1\367\015xE#zE\2125\222d"
 255      6C49FD22 
 255      1C136431 
 255      F70D7845 
 255      237A458A 
 256 047d 8F1436BB 		.ascii	"\217\0246\273\343\012\246\240\247d\264\035\2335@\362"
 256      E30AA6A0 
ARM GAS  /tmp/ccPdvLom.s 			page 20


 256      A764B41D 
 256      9B3540F2 
 257 048d 2CA7C973 		.ascii	",\247\311s\0264L[4L!\007*f\354\253\230}\330$(\324\""
 257      16344C5B 
 257      344C2107 
 257      2A66ECAB 
 257      987DD824 
 258 04a4 3EE1BBF1 		.ascii	">\341\273\361\327;JF\255\3745g\225\223\347\315\206\353"
 258      D73B4A46 
 258      ADFC3567 
 258      9593E7CD 
 258      86EB
 259 04b6 A8ABCB71 		.ascii	"\250\253\313q\243.\2327\347di\213\333\372\352\026\267"
 259      A32E9A37 
 259      E764698B 
 259      DBFAEA16 
 259      B7
 260 04c7 9525D9FC 		.ascii	"\225%\331\374\331\321J7\\\307f|\355\372t\215\312Q G"
 260      D9D14A37 
 260      5CC7667C 
 260      EDFA748D 
 260      CA512047 
 261 04db F1BE6410 		.ascii	"\361\276d\020\345\367\022\032_\230\003\271wfEm\017\311"
 261      E5F7121A 
 261      5F9803B9 
 261      7766456D 
 261      0FC9
 262 04ed 01024F32 		.ascii	"\001\002O2\271\3314[\305@\276^p\361\262\007eF\000\013"
 262      B9D9345B 
 262      C540BE5E 
 262      70F1B207 
 262      6546000B 
 263 0501 2C6A6BCB 		.ascii	",jk\313\017W)\360\024S\334\320uu\310\341\236\031\313"
 263      0F5729F0 
 263      1453DCD0 
 263      7575C8E1 
 263      9E19CB
 264 0514 3BDCD03A 		.ascii	";\334\320:|r\272\210\342\030\220\033\315\277\272\204"
 264      7C72BA88 
 264      E218901B 
 264      CDBFBA84 
 265 0524 EE08D507 		.ascii	"\356\010\325\007\024T3A\354\342\251\346\361\303\251"
 265      14543341 
 265      ECE2A9E6 
 265      F1C3A9
 266 0533 A5EE522C 		.ascii	"\245\356R,\307\2616S}\3675O\307\301\234\300\223`\216"
 266      C7B13653 
 266      7DF7354F 
 266      C7C19CC0 
 266      93608E
 267 0546 E7C5604E 		.ascii	"\347\305`N\2753\336\353.\367\011\364\313|\262\233\227"
 267      BD33DEEB 
 267      2EF709F4 
 267      CB7CB29B 
 267      97
 268 0557 7C321257 		.ascii	"|2\022W\323\355\201c\025\324\324'+\212\217{\312G\315"
 268      D3ED8163 
ARM GAS  /tmp/ccPdvLom.s 			page 21


 268      15D4D427 
 268      2B8A8F7B 
 268      CA47CD
 269 056a 5A79728F 		.ascii	"Zyr\217yT\307\236\244*\025%\010m\242'\037N\016\235P"
 269      7954C79E 
 269      A42A1525 
 269      086DA227 
 269      1F4E0E9D 
 270 057f 9A6DB897 		.ascii	"\232m\270\227\261\356\276\225\224\211\314\323\333\307"
 270      B1EEBE95 
 270      9489CCD3 
 270      DBC7
 271 058d 1A6FCEE4 		.ascii	"\032o\316\344\374J\232\335\347\254\351qR\301\250\322"
 271      FC4A9ADD 
 271      E7ACE971 
 271      52C1A8D2 
 272 059d F1EC92E9 		.ascii	"\361\354\222\351\354\222\244\331%^\271\226\347,\347"
 272      EC92A4D9 
 272      255EB996 
 272      E72CE7
 273 05ac 996C35BB 		.ascii	"\231l5\273\0243\317\364\316\201Iw\234\250p\224!\272"
 273      1433CFF4 
 273      CE814977 
 273      9CA87094 
 273      21BA
 274 05be CA46DB79 		.ascii	"\312F\333y|\230\365\267?\313\015\301\271\354}\242\250"
 274      7C98F5B7 
 274      3FCB0DC1 
 274      B9EC7DA2 
 274      A8
 275 05cf 20C51397 		.ascii	" \305\023\227\262\312d\352\235^\017|\236U*GNU\272\263"
 275      B2CA64EA 
 275      9D5E0F7C 
 275      9E552A47 
 275      4E55BAB3 
 276 05e3 1382896E 		.ascii	"\023\202\211n^Q7\257\270\343z\332\251\230-;\225\214"
 276      5E5137AF 
 276      B8E37ADA 
 276      A9982D3B 
 276      958C
 277 05f5 91B78F8F 		.ascii	"\221\267\217\217o\012\235\012\024\210%\224\316k\320"
 277      6F0A9D0A 
 277      14882594 
 277      CE6BD0
 278 0604 38A596C1 		.ascii	"8\245\226\301{\323]$\033\"&\213\367A\231\274\017\335"
 278      7BD35D24 
 278      1B22268B 
 278      F74199BC 
 278      0FDD
 279 0616 8CF2C85C 		.ascii	"\214\362\310\\L=\205^\307\242\205\326\237\323S\315a"
 279      4C3D855E 
 279      C7A285D6 
 279      9FD353CD 
 279      61
 280 0627 88160237 		.ascii	"\210\026\0027G\231?\021PA\304\210\360\271\037g\010\246"
 280      47993F11 
 280      5041C488 
ARM GAS  /tmp/ccPdvLom.s 			page 22


 280      F0B91F67 
 280      08A6
 281 0639 184C4D9B 		.ascii	"\030LM\233f\027\275\212\200Y$\366\034\361\212\"\271"
 281      6617BD8A 
 281      805924F6 
 281      1CF18A22 
 281      B9
 282 064a 1C4036BB 		.ascii	"\034@6\273`\337\255\372fO\334Dg\300\3475\244\303\031"
 282      60DFADFA 
 282      664FDC44 
 282      67C0E735 
 282      A4C319
 283 065d C0D75BDC 		.ascii	"\300\327[\334\326\012\351\266v\024\004\347X\202\227"
 283      D60AE9B6 
 283      761404E7 
 283      588297
 284 066c 88E038BB 		.ascii	"\210\3408\2733DG`b\216&I\362cC\374~'oqh\202\303\241"
 284      33444760 
 284      628E2649 
 284      F26343FC 
 284      7E276F71 
 285 0684 9CEDB8B2 		.ascii	"\234\355\270\262\263\217rUr\217\347\312\346\312\241"
 285      B38F7255 
 285      728FE7CA 
 285      E6CAA1
 286 0693 3CB3C76F 		.ascii	"<\263\307o\266fN;\343{\314WWb\362\006\\\361cV\031\333"
 286      B6664E3B 
 286      E37BCC57 
 286      5762F206 
 286      5CF16356 
 287 06a9 7D773FC6 		.ascii	"}w?\306\223\254RU\377l5K\341\032\250\325t?7\211\247"
 287      93AC5255 
 287      FF6C354B 
 287      E11AA8D5 
 287      743F3789 
 288 06be BE3E38E6 		.ascii	"\276>8\346\271d].ouF>>\340H\037_\037\037f\355\221\""
 288      B9645D2E 
 288      6F75463E 
 288      3EE0481F 
 288      5F1F1F66 
 289 06d5 99730AC0 		.ascii	"\231s\012\300\032'\355\233[t\345\251e\371\024\015\324"
 289      1A27ED9B 
 289      5B74E5A9 
 289      65F9140D 
 289      D4
 290 06e6 D0215B34 		.ascii	"\320![4\013\006\346K+;\236\000c\034\347I\347I\321\210"
 290      0B06E64B 
 290      2B3B9E00 
 290      631CE749 
 290      E749D188 
 291 06fa A5609542 		.ascii	"\245`\225B0\306)(\305P\212\240\224@9\015\345\214U\364"
 291      30C62928 
 291      C5508AA0 
 291      9440390D 
 291      E58C55F4 
 292 070e B49F9411 		.ascii	"\264\237\224\021\314\267KP\036=\217\177\312\242\207"
 292      CCB74B50 
ARM GAS  /tmp/ccPdvLom.s 			page 23


 292      1E3D8F7F 
 292      CAA287
 293 071d 6CDDC7EC 		.ascii	"l\335\307\354\023\224\315\347\362\233\014Md\037\264"
 293      1394CDE7 
 293      F29B0C4D 
 293      641FB4
 294 072c 450F219B 		.ascii	"E\017!\233`k/b\301v\322:\330\230\250\251\342\245\214"
 294      606B2F62 
 294      C176D23A 
 294      D898A8A9 
 294      E2A58C
 295 073f 27C91D07 		.ascii	"'\311\035\007\354\313\222\023\375\252\304fUX\341\317"
 295      ECCB9213 
 295      FDAAC466 
 295      5558E1CF 
 296 074f 5B74D335 		.ascii	"[t\3235|)\226\307\213,\226G\232\346^3\207rO\011\015"
 296      7C2996C7 
 296      8B2C9647 
 296      9AE65E33 
 296      87724F09 
 297 0764 E572185B 		.ascii	"\345r\030[f\011\345\223\257\206\262\344\002t\026,\377"
 297      6609E593 
 297      AF86B2E4 
 297      0274162C 
 297      FF
 298 0775 B77801D4 		.ascii	"\267x\001\324\317\354J\272\250\266\016o{\342\270\357"
 298      CFEC4ABA 
 298      A8B60E6F 
 298      7BE2B8EF 
 299 0785 23ABFCE6 		.ascii	"#\253\374\346\331\373\012y\310WX\205\3749s\310\237M"
 299      D9FB0A79 
 299      C8575885 
 299      FC3973C8 
 299      9F4D
 300 0797 6B78579E 		.ascii	"kxW\236:\241G\226:\317\323\324\231*\245\316=\345y\177"
 300      3AA14796 
 300      3ACFD3D4 
 300      992AA5CE 
 300      3DE5797F 
 301 07ab 910B3D6F 		.ascii	"\221\013=o\2259+\315BKo\014\177\303\343\375Nt\265\024"
 301      95392BCD 
 301      424B6F0C 
 301      7FC3E3FD 
 301      4E74B514 
 302 07bf 5DED3E81 		.ascii	"]\355>\201p\036\253HWY/v\225-\035n\310"
 302      701EAB48 
 302      57592F76 
 302      952D1D6E 
 302      C8
 303 07d0 52B3B523 		.ascii	"R\263\265#\220KA\327\321\366\016\214OS\254\372\302\243"
 303      904B41D7 
 303      D1F60E8C 
 303      4F53ACFA 
 303      C2A3
 304 07e2 9C16040B 		.ascii	"\234\026\004\013\311\207.$oq%=~\207\305\022\331'\252"
 304      C9872E24 
 304      6F71253D 
ARM GAS  /tmp/ccPdvLom.s 			page 24


 304      7E87C512 
 304      D927AA
 305 07f5 C0172DDF 		.ascii	"\300\027-\337\266\220\256#\360<dt\224h\213|%F)\024\316"
 305      B690AE23 
 305      F03C6474 
 305      94688B7C 
 305      25462914 
 306 080a 696804D9 		.ascii	"ih\004\331@\207\354B\341$\211\036\330\207\312\343\217"
 306      4087EC42 
 306      E124891E 
 306      D887CAE3 
 306      8F
 307 081b 62C13268 		.ascii	"b\3012h\277]\256\257@\211\330:[\350y\231X1\267V/\241"
 307      BF5DAEAF 
 307      4089D83A 
 307      5BE87999 
 307      5831B756 
 308 0831 6BA4C5DE 		.ascii	"k\244\305\336\032\031\251V2\033\301N\215&l9:L\037\265"
 308      1A19A956 
 308      321BC14E 
 308      8D266C39 
 308      3A4C1FB5 
 309 0845 106C3524 		.ascii	"\020l5$\330\252E\375$v/B\340\325Cl5B\271\000\245\031"
 309      D8AA45FD 
 309      24762F42 
 309      E0D5436C 
 309      3542B900 
 310 085b 4A031413 		.ascii	"J\003\024\023\224KP\232\254\262\010\235\002\\1P\245"
 310      944B509A 
 310      ACB2089D 
 310      025C3150 
 310      A5
 311 086c AD56EB95 		.ascii	"\255V\353\225\326\033\333y\300\305:\324\355i\347\276"
 311      D61BDB79 
 311      C0C53AD4 
 311      ED69E7BE 
 312 087c 976A7217 		.ascii	"\227jr\027\233\274\\aub\371\302*\334[\315\221\331\235"
 312      9BBC5C61 
 312      7562F9C2 
 312      2ADC5BCD 
 312      91D99D
 313 088f 3D3AA1C0 		.ascii	"=:\241\300u,\030\367d\016W)q\023\253\\hm\334\303\256"
 313      752C18F7 
 313      640E5729 
 313      7113AB5C 
 313      686DDCC3 
 314 08a4 DC3CBD0E 		.ascii	"\334<\275\016S\370|\327\004d\204v\206H\210m^E\000Wy"
 314      53F87CD7 
 314      04648476 
 314      8648886D 
 314      5E450057 
 315 08b9 76F7BDC2 		.ascii	"v\367\275\302N\037\023\373:K\\\360-\206\351Oj\036\242"
 315      4E1F13FB 
 315      3A4B5CF0 
 315      2D86E94F 
 315      6A1EA2
 316 08cc 52E06440 		.ascii	"R\340d@\356\276\327\030&e&\276\316\015\0170LUb\351\347"
ARM GAS  /tmp/ccPdvLom.s 			page 25


 316      EEBED718 
 316      266526BE 
 316      CE0D0F30 
 316      4C5562E9 
 317 08e1 9EF4E2CD 		.ascii	"\236\364\342\315\263\313n\007\003-dv\335r\305\243\014"
 317      B3CB6E07 
 317      032D6476 
 317      DD72C5A3 
 317      0C
 318 08f2 74A5656E 		.ascii	"t\245en\202\336\210o\360\364\266\333\3110\305WNT\272"
 318      82DE886F 
 318      F0F4B6DB 
 318      C930C557 
 318      4E54BA
 319 0905 E0398679 		.ascii	"\3409\206y8\035u\235\336\306\273xz\333\375\222b\370"
 319      381D759D 
 319      DEC6BB78 
 319      7ADBFD92 
 319      62F8
 320 0917 7357CECE 		.ascii	"sW\316\316\2718\270\355~\305\263\213\350\327\340\326"
 320      B938B8ED 
 320      7EC5B38B 
 320      E8D7E0D6 
 321 0927 9BBCED45 		.ascii	"\233\274\355E\364e\206\206F\025\240l\266\371\003U\361"
 321      F4658686 
 321      4615A06C 
 321      B6F90355 
 321      F1
 322 0938 8FD4389E 		.ascii	"\217\3248\236~Y\342\373g\032\233U\310W%\336\3632in\274"
 322      7E59E2FB 
 322      671A9B55 
 322      C85725DE 
 322      F332696E 
 323 094d 03926F59 		.ascii	"\003\222oYr#\021\301qv\256\303\267A\263#\026p\010\272"
 323      722311C1 
 323      7176AEC3 
 323      B741B323 
 323      167008BA 
 324 0961 FEE490E0 		.ascii	"\376\344\220\340\206`\265\373\262\210j\372\267t\301"
 324      8660B5FB 
 324      B2886AFA 
 324      B774C1
 325 0970 1485A9F8 		.ascii	"\024\205\251\3706\020\177\017\034+J\362w\020\307\226"
 325      36107F0F 
 325      1C2B4AF2 
 325      7710C796 
 326 0980 03D33D31 		.ascii	"\003\323=1\210{@O7D\314]\253`}Y\253a[\003\204\007:\207"
 326      887B404F 
 326      3744CC5D 
 326      AB607D59 
 326      AB615B03 
 327 0998 986C8747 		.ascii	"\230l\207G\240\221Z\266+\335{\345\010\0243U\026\345"
 327      A0915AB6 
 327      2BDD7BE5 
 327      08143355 
 327      16E5
 328 09aa 8A0F32DB 		.ascii	"\212\0172\333L\247\335\254tF\336\366\217p\250\037\210"
ARM GAS  /tmp/ccPdvLom.s 			page 26


 328      4CA7DDAC 
 328      7446DEF6 
 328      8F70A81F 
 328      88
 329 09bb 3822256E 		.ascii	"8\"%n~u\324\232}\000\352\265X\363\036\335iH\376l\213"
 329      7E75D49A 
 329      7D00EAB5 
 329      58F31EDD 
 329      6948FE6C 
 330 09d0 3BE2240F 		.ascii	";\342$\017\364>\253@\277\317\002\235<\001<\325\226v"
 330      F43EAB40 
 330      BFCF029D 
 330      3C013CD5 
 330      9676
 331 09e2 CA1D1F61 		.ascii	"\312\035\037a\3042f\353.:\374\2506\344\370\016r\015"
 331      C43266EB 
 331      2E3AFCA8 
 331      36E4F80E 
 331      720D
 332 09f4 CF5E047D 		.ascii	"\317^\004}\0124\010\011w\300\366\022BZ\311\031\250\261"
 332      0A340809 
 332      77C0F612 
 332      425AC919 
 332      A8B1
 333 0a06 BEC1B517 		.ascii	"\276\301\265\027u#r@^B\247\203\020\373\013ORh}Q\372"
 333      75237240 
 333      5E42A783 
 333      10FB0B4F 
 333      52687D51 
 334 0a1b 21D60EAD 		.ascii	"!\326\016\255<{\210PR\221\206 s\013/\312\340%\271\364"
 334      3C7B8850 
 334      52918620 
 334      730B2FCA 
 334      E025B9F4 
 335 0a2f 9F2800C9 		.ascii	"\237(\000\311\245\262~\246N\372q\014\317\370X\306\261"
 335      A5B27EA6 
 335      4EFA710C 
 335      CFF858C6 
 335      B1
 336 0a40 26DEA24C 		.ascii	"&\336\242L6\344\025\256\234\271\333L\3122I$\306\301"
 336      36E415AE 
 336      9CB9DB4C 
 336      CA324924 
 336      C6C1
 337 0a52 89ACC34E 		.ascii	"\211\254\303N}\250\007:?\342\270dU\004\373\2625\367"
 337      7DA8073A 
 337      3FE2B864 
 337      5504FBB2 
 337      35F7
 338 0a64 85A0C2ED 		.ascii	"\205\240\302\355\354\223lU\343\005\023\246\227\210\373"
 338      EC936C55 
 338      E30513A6 
 338      9788FB
 339 0a73 E69B4FC3 		.ascii	"\346\233O\303\375\013\263\356\216//\217\351\016\374"
 339      FD0BB3EE 
 339      8E2F2F8F 
 339      E90EFC
ARM GAS  /tmp/ccPdvLom.s 			page 27


 340 0a82 48DA81CF 		.ascii	"H\332\201\3177\336\273\244^qT8\332\007\256\271\213\347"
 340      37DEBBA4 
 340      5E715438 
 340      DA07AEB9 
 340      8BE7
 341 0a94 2F0C0B82 		.ascii	"/\014\013\202ZAPh\330\342\033x\205\277\017\371>\204"
 341      5A415068 
 341      D8E21B78 
 341      85BF0FF9 
 341      3E84
 342 0aa6 1EF0BD40 		.ascii	"\036\360\275@\350\011\277\202$\260\254;\271\356\370"
 342      E809BF82 
 342      24B0AC3B 
 342      B9EEF8
 343 0ab5 25E362EF 		.ascii	"%\343b\357\363Kni|\222\263\231\3373\226r\006\306w-X"
 343      F34B6E69 
 343      7C92B399 
 343      DF339672 
 343      06C6772D 
 344 0aca DD1DC98D 		.ascii	"\335\035\311\215\301Bp\224\022\034\221\010\236\313\310"
 344      C1427094 
 344      121C9108 
 344      9ECBC8
 345 0ad9 DEEB2912 		.ascii	"\336\353)\022|\220\261$/Z(\024\310\025\026`\350\251"
 345      7C90B124 
 345      2F5A2814 
 345      C8151660 
 345      E8A9
 346 0aeb 85E1535B 		.ascii	"\205\341S[\206c\224\341\236\222\214\"\025Nu\376\236"
 346      866394E1 
 346      9E928C22 
 346      154E75FE 
 346      9E
 347 0afc 0CC719C3 		.ascii	"\014\307\031\303\257\362\252\317\361r\206\344\254ga"
 347      AFF2AACF 
 347      F17286E4 
 347      AC6761
 348 0b0b 3849194E 		.ascii	"8I\031NH\0143\357.\356v\023\031\216d/\315\225\030\002"
 348      480C33EF 
 348      2EEE7613 
 348      198E642F 
 348      CD951802 
 349 0b1f 0C3DB730 		.ascii	"\014=\2670|n\313\360\033\3120#yw\253\007>\316\030\346"
 349      7C6ECBF0 
 349      1BCA3023 
 349      7977AB07 
 349      3ECE18E6 
 350 0b33 B71F5FF0 		.ascii	"\267\037_\360\244l\310\342`\014\373{\017\306Z\221\371"
 350      A46CC8E2 
 350      600CFB7B 
 350      0FC65A91 
 350      F9
 351 0b44 FD8F645C 		.ascii	"\375\217d\\f(\227i\211K\305\255\3463*\340\322\007+\255"
 351      66289769 
 351      894BC5AD 
 351      E6332AE0 
 351      D2072BAD 
ARM GAS  /tmp/ccPdvLom.s 			page 28


 352 0b58 6304BF88 		.ascii	"c\004\277\210\217\333'\344\"\012CS\026.S<\373\024\217"
 352      8FDB27E4 
 352      220A4353 
 352      162E533C 
 352      FB148F
 353 0b6b 662987E4 		.ascii	"f)\207\344\224\212\"\017)\011$8\372\304\207\346h\022"
 353      948A220F 
 353      29092438 
 353      FAC487E6 
 353      6812
 354 0b7d 589C789C 		.ascii	"X\234x\234bu-\237\261:\264\315\213\031c\236\202\023"
 354      62752D9F 
 354      B13AB4CD 
 354      8B19639E 
 354      8213
 355 0b8f 330E5F74 		.ascii	"3\016_t\3027\331\354N\027wf\020C\231H\254-\340\234\312"
 355      C237D9EC 
 355      4E177766 
 355      10439948 
 355      AC2DE09C 
 356 0ba4 339D51C2 		.ascii	"3\235Q\302\322\030\027*a\301\302n\301\326R/(\313\202"
 356      D218172A 
 356      61C1C26E 
 356      C1D6522F 
 356      28CB82
 357 0bb7 C16F8679 		.ascii	"\301o\206y9K\273\247E\364\222*\316|\366\324(\307\332"
 357      394BBBA7 
 357      45F4922A 
 357      CE7CF6D4 
 357      28C7DA
 358 0bca BDA1A145 		.ascii	"\275\241\241E\2125\365\316\306\270\252\023\314\340\357"
 358      8A35F5CE 
 358      C6B8AA13 
 358      CCE0EF
 359 0bd9 F8968204 		.ascii	"\370\226\202\004LRTw}u\234\207\375Q\366\376K\001E\321"
 359      4C525477 
 359      7D759C87 
 359      FD51F6FE 
 359      4B0145D1 
 360 0bed 5167279F 		.ascii	"Qg'\237\300\245a\267\212\032d\340\304\3134%;\274\376"
 360      C0A561B7 
 360      8A1A64E0 
 360      C4CB3425 
 360      3BBCFE
 361 0c00 906CFC85 		.ascii	"\220l\374\205gsT\354\360ZH\276\357\347^\2338\244\306"
 361      677354EC 
 361      F05A48BE 
 361      EFE75E9B 
 361      38A4C6
 362 0c13 690CFB7C 		.ascii	"i\014\373|!\273\322\205a\227BUh\034\035\362$\332\005"
 362      21BBD285 
 362      61974255 
 362      681C1DF2 
 362      24DA05
 363 0c26 D10B5EF2 		.ascii	"\321\013^\362o#\361\030r)\3548(\016k\3307\216\37297"
 363      6F23F118 
 363      7229EC38 
ARM GAS  /tmp/ccPdvLom.s 			page 29


 363      280E6BD8 
 363      378EFA39 
 364 0c3b 7C944A52 		.ascii	"|\224JR\024G\237\034S _\015\0028b_\353\310\377\320p"
 364      14479F1C 
 364      53205F0D 
 364      0238625F 
 364      EBC8FFD0 
 365 0c50 682F56A3 		.ascii	"h/V\243\004\214\305\215\210\313\200\203\2240\366W\322"
 365      048CC58D 
 365      88CB8083 
 365      9430F657 
 365      D2
 366 0c61 0CEF2AFA 		.ascii	"\014\357*\372\264\363\335n7\366\245]\034\332\2035(\221"
 366      B4F3DD6E 
 366      37F6A55D 
 366      1CDA8335 
 366      2891
 367 0c73 291C39D2 		.ascii	")\0349\322\037\357\341\225,\356Y\377\201\250\354\030"
 367      1FEFE195 
 367      2CEE59FF 
 367      81A8EC18 
 368 0c83 E88FC684 		.ascii	"\350\217\306\204\337>\354%\261\244\367\351\254\326Y"
 368      DF3EEC25 
 368      B1A4F7E9 
 368      ACD659
 369 0c92 177BDFF8 		.ascii	"\027{\337\370\354\312~\232T\372\334].\373\363o\223="
 369      ECCA7E9A 
 369      54FADC5D 
 369      2EFBF36F 
 369      933D
 370 0ca4 56D559AB 		.ascii	"V\325Y\253~\375\230p\335D\023\\\365@\214\020\025\007"
 370      7EFD9870 
 370      DD44135C 
 370      F5408C10 
 370      1507
 371 0cb6 DB6E12F6 		.ascii	"\333n\022\366B\261\030\223<!\033\274\013Z~\007\007\240"
 371      42B11893 
 371      3C211BBC 
 371      0B5A7E07 
 371      07A0
 372 0cc8 64FC3A89 		.ascii	"d\374:\211\336\202\331a\005.`\016\230\254\216\233\023"
 372      DE82D961 
 372      052E600E 
 372      98AC8E9B 
 372      13
 373 0cd9 6F1ADE50 		.ascii	"o\032\336Pm\333\265\357\204\033sV:qVY\337B\235\202u"
 373      6DDBB5EF 
 373      841B7356 
 373      3A715659 
 373      DF429D82 
 374 0cee 7B41F5C1 		.ascii	"{A\365\301\376\231a7\207\3769(\371\347\000\233R\363"
 374      FE996137 
 374      87FE3928 
 374      F9E7009B 
 374      52F3
 375 0d00 D3CADB9E 		.ascii	"\323\312\333\236\266\346J\005V\373)\253CtJ\007\245)"
 375      B6E64A05 
ARM GAS  /tmp/ccPdvLom.s 			page 30


 375      56FB29AB 
 375      43744A07 
 375      A529
 376 0d12 4DE6CC0E 		.ascii	"M\346\314\016\360\266\006p\210N\354/L\343E\003\334\370"
 376      F0B60670 
 376      884EEC2F 
 376      4CE34503 
 376      DCF8
 377 0d24 C7A8A3A6 		.ascii	"\307\250\243\246\250\345(M\234<\244 \331\300\024q\362"
 377      A8E5284D 
 377      9C3CA420 
 377      D9C01471 
 377      F2
 378 0d35 E9F8750E 		.ascii	"\351\370u\016\177\272\335\350\372\337\221:\375gZ\235"
 378      7FBADDE8 
 378      FADF913A 
 378      FD675A9D 
 379 0d45 3EC8A0FB 		.ascii	">\310\240\373\261\237\237?\373\267\303\340\037\032\024"
 379      B19F9F3F 
 379      FBB7C3E0 
 379      1F1A14
 380 0d54 EE6FD007 		.ascii	"\356o\320\007\223\247v[x\220!\324/X\265n\343\207\313"
 380      93A7765B 
 380      789021D4 
 380      2F58B56E 
 380      E387CB
 381 0d67 FF73D52A 		.ascii	"\377s\325*N\255\325F\206E\030\337Z\2555\256\364\217"
 381      4EADD546 
 381      864518DF 
 381      5AAD35AE 
 381      F48F
 382 0d79 34E8FDC3 		.ascii	"4\350\375\303\"\202\303#Ct\376\021\272\377\011\017\373"
 382      2282C323 
 382      4374FE11 
 382      BAFF090F 
 382      FB
 383 0d8a D87F7B50 		.ascii	"\330\177{PphX\204\316_\033\242\333\026\024\031n\324"
 383      70685884 
 383      CE5F1BA2 
 383      DB161419 
 383      6ED4
 384 0d9c 1A3FDBA9 		.ascii	"\032?\333\2513\370\205r*i\330\012{\303\014\237\031\374"
 384      33F88572 
 384      2A69D80A 
 384      7BC30C9F 
 384      19FC
 385 0dae B5066308 		.ascii	"\265\006c\010`\000\373\332\332\367\327l~O\033\020\030"
 385      6000FBDA 
 385      DAF7D76C 
 385      7E4F1B10 
 385      18
 386 0dbf B82950FB 		.ascii	"\270)P\373\341\306\365\033>x?`C\300\306-\001\277\376"
 386      E1C6F51B 
 386      3E783F60 
 386      43C0C62D 
 386      01BFFE
 387 0dd2 91BCE7BD 		.ascii	"\221\274\347\275\337j\327\256Y\377\376\207\201\001^"
ARM GAS  /tmp/ccPdvLom.s 			page 31


 387      DF6AD7AE 
 387      59FFFE87 
 387      81015E
 388 0de1 F2E6DF04 		.ascii	"\362\346\337\004\004\256_\273\365\007\362\246\200\300"
 388      04AE5FBB 
 388      F507F2A6 
 388      80C0
 389 0def 359B03BC 		.ascii	"5\233\003\274\345-\037\004nZ\027\270f\303\022y[`\300"
 389      E52D1F04 
 389      6E5A17B8 
 389      66C31279 
 389      5B60C0
 390 0e02 9A5F8B92 		.ascii	"\232_\213\222\336\375p\363V:j\375\306u\036\254i\343"
 390      DEFD70F3 
 390      563A6AFD 
 390      C6751EAC 
 390      69E3
 391 0e14 2606F3B1 		.ascii	"&\006\363\2615\2254\025\213\271B9w\372\002\266\325\357"
 391      35953415 
 391      8BB94239 
 391      77FA02B6 
 391      D5EF
 392 0e26 D06B8D5E 		.ascii	"\320k\215^\006c\220\336\310,\2555\350\202\215;\364\036"
 392      066390DE 
 392      C82CAD35 
 392      E8828D3B 
 392      F41E
 393 0e38 0CC02A5A 		.ascii	"\014\300*Z\243\247\034\021\024\036\356\274S\277\343"
 393      A3A71C11 
 393      141EEEBC 
 393      53BFE3
 394 0e47 137DD076 		.ascii	"\023}\320v\027f\356\177\325\032\235\305\247\322\020"
 394      1766EE7F 
 394      D51A9DC5 
 394      A7D210
 395 0e56 F6679DD6 		.ascii	"\366g\235\326\270\232Z\221\230\356\223\340`\377 \375"
 395      B89A5A91 
 395      98EE93E0 
 395      60FF20FD 
 396 0e66 F695113B 		.ascii	"\366\225\021;\"t+uA\037\207\371\277\355\367\226\337"
 396      22742B75 
 396      411F87F9 
 396      BFEDF796 
 396      DF
 397 0e77 2A332DB0 		.ascii	"*3-\260*\370\0028\211*wl\333f\320\201_\024z]P\210\307"
 397      2AF80238 
 397      892A776C 
 397      DB66D081 
 397      5F147A5D 
 398 0e8e 27F01AA2 		.ascii	"'\360\032\2423\004\353\303v\002\021\347\240\220\020"
 398      3304EBC3 
 398      760211E7 
 398      A09010
 399 0e9d BDCE6070 		.ascii	"\275\316`pc\274\014Z\242\314Y\254(\331H\005i{\315\212"
 399      63BC0C5A 
 399      A2CC59AC 
 399      28D94805 
ARM GAS  /tmp/ccPdvLom.s 			page 32


 399      697BCD8A 
 400 0eb1 BE4580D6 		.ascii	"\276E\200\326\350.\015\015\336\021\031at\331\031\364"
 400      E82E0D0D 
 400      DE111961 
 400      74D919F4 
 401 0ec1 898E4A51 		.ascii	"\211\216JQ\007\031\215\372\260\217#\215:\203\027\033"
 401      07198DFA 
 401      B08F238D 
 401      3A83171B 
 402 0ed1 2C1FE519 		.ascii	",\037\345\031\026\001\026\210\010\326\211\364\334\336"
 402      16011688 
 402      08D689F4 
 402      DCDE
 403 0edf 0543AC25 		.ascii	"\005C\254%\260\337l\330\342\366\251N\037\266M\214T'"
 403      B0DF6CD8 
 403      E2F6A94E 
 403      1FB64D8C 
 403      5427
 404 0ef1 C01975AE 		.ascii	"\300\031u\256\222\337\300\257.\354\375\203u\033\324"
 404      92DFC0AF 
 404      2EECFD83 
 404      751BD4
 405 0f00 EC8DF8D1 		.ascii	"\354\215\370\321\325\362\272Ul\336\274e\323\007n\354"
 405      D5F2BA55 
 405      6CDEBC65 
 405      D3076EEC 
 406 0f10 15626AE3 		.ascii	"\025bj\343\372-\242\223\250@\255\321\305\254\322\035"
 406      FA2DA293 
 406      A840ADD1 
 406      C5ACD21D 
 407 0f20 A2118CAD 		.ascii	"\242\021\214\255\323\177\012\0365.\227\373[o4\33358"
 407      D37F0A1E 
 407      352E97FB 
 407      5B6F34DB 
 407      3538
 408 0f32 D418B65D 		.ascii	"\324\030\266]g\266\353o\203\302\214\001\204\340\362"
 408      67B6EB6F 
 408      83C28C01 
 408      84E0F2
 409 0f41 EF584ADC 		.ascii	"\357XJ\334R\372\262Ng\334L-\265\211N\330\313\272q3\261"
 409      52FAB24E 
 409      67DC4C2D 
 409      B5894ED8 
 409      CBBA7133 
 410 0f56 5870E896 		.ascii	"Xp\350\226\320\220\315\341:\335\316\2378\346\020J\334"
 410      D090CDE1 
 410      3ADDCE9F 
 410      38E6104A 
 410      DC
 411 0f67 481698E7 		.ascii	"H\026\230\347\016CP\370\026Z}u\014\341A\372a\360\312"
 411      0E4350F8 
 411      165A7D75 
 411      0CE141FA 
 411      61F0CA
 412 0f7a 8830F64E 		.ascii	"\2100\366N\302T\253\335\026\031\021\254\325\372\275"
 412      C254ABDD 
 412      161911AC 
ARM GAS  /tmp/ccPdvLom.s 			page 33


 412      D5FABD
 413 0f89 FDCB7756 		.ascii	"\375\313wV\253\244\232\"84Ho\325\367\316\377\003\004"
 413      ABA49A22 
 413      3834486F 
 413      D5F7CEFF 
 413      0304
 414 0f9b 6D40F5   		.ascii	"m@\365"
 415              		.text
 416              		.section	.gnu.lto_.symtab.db3fff2e260f6415,"",%progbits
 417 0000 666C6173 		.ascii	"flashWaitErase\000"
 417      68576169 
 417      74457261 
 417      736500
 418 000f 00       		.ascii	"\000"
 419 0010 00       		.ascii	"\000"
 420 0011 00       		.ascii	"\000"
 421 0012 00000000 		.ascii	"\000\000\000\000\000\000\000\000"
 421      00000000 
 422 001a 6B010000 		.ascii	"k\001\000\000"
 423 001e 666C6173 		.ascii	"flashGetSectorOffset\000"
 423      68476574 
 423      53656374 
 423      6F724F66 
 423      66736574 
 424 0033 00       		.ascii	"\000"
 425 0034 00       		.ascii	"\000"
 426 0035 00       		.ascii	"\000"
 427 0036 00000000 		.ascii	"\000\000\000\000\000\000\000\000"
 427      00000000 
 428 003e 70010000 		.ascii	"p\001\000\000"
 429 0042 666C6173 		.ascii	"flashGetSectorSize\000"
 429      68476574 
 429      53656374 
 429      6F725369 
 429      7A6500
 430 0055 00       		.ascii	"\000"
 431 0056 00       		.ascii	"\000"
 432 0057 00       		.ascii	"\000"
 433 0058 00000000 		.ascii	"\000\000\000\000\000\000\000\000"
 433      00000000 
 434 0060 75010000 		.ascii	"u\001\000\000"
 435 0064 63685468 		.ascii	"chThdSleep\000"
 435      64536C65 
 435      657000
 436 006f 00       		.ascii	"\000"
 437 0070 02       		.ascii	"\002"
 438 0071 00       		.ascii	"\000"
 439 0072 00000000 		.ascii	"\000\000\000\000\000\000\000\000"
 439      00000000 
 440 007a 79010000 		.ascii	"y\001\000\000"
 441              		.text
 442              		.section	.gnu.lto_.opts,"",%progbits
 443 0000 272D666D 		.ascii	"'-fmath-errno' '-fsigned-zeros' '-ftrapping-math' '"
 443      6174682D 
 443      6572726E 
 443      6F272027 
 443      2D667369 
ARM GAS  /tmp/ccPdvLom.s 			page 34


 444 0033 2D666E6F 		.ascii	"-fno-trapv' '-fno-openmp' '-fno-openacc' '-mcpu=cor"
 444      2D747261 
 444      70762720 
 444      272D666E 
 444      6F2D6F70 
 445 0066 7465782D 		.ascii	"tex-m3' '-mthumb' '-O2' '-fomit-frame-pointer' '-fa"
 445      6D332720 
 445      272D6D74 
 445      68756D62 
 445      2720272D 
 446 0099 6C69676E 		.ascii	"lign-functions=16' '-ffunction-sections' '-fdata-se"
 446      2D66756E 
 446      6374696F 
 446      6E733D31 
 446      36272027 
 447 00cc 6374696F 		.ascii	"ctions' '-fno-common' '-flto'\000"
 447      6E732720 
 447      272D666E 
 447      6F2D636F 
 447      6D6D6F6E 
 448              		.text
 449              		.comm	__gnu_lto_v1,1,1
 450              		.comm	__gnu_lto_slim,1,1
 451              		.ident	"GCC: (15:7-2018-q2-6) 7.3.1 20180622 (release) [ARM/embedded-7-branch revision 261907]"
ARM GAS  /tmp/ccPdvLom.s 			page 35


DEFINED SYMBOLS
                            *ABS*:0000000000000000 hal_flash.c
                            *COM*:0000000000000001 __gnu_lto_v1
                            *COM*:0000000000000001 __gnu_lto_slim

NO UNDEFINED SYMBOLS
