ARM GAS  /tmp/ccKcEKeX.s 			page 1


   1              		.cpu cortex-m3
   2              		.eabi_attribute 20, 1
   3              		.eabi_attribute 21, 1
   4              		.eabi_attribute 23, 3
   5              		.eabi_attribute 24, 1
   6              		.eabi_attribute 25, 1
   7              		.eabi_attribute 26, 1
   8              		.eabi_attribute 30, 2
   9              		.eabi_attribute 34, 1
  10              		.eabi_attribute 18, 4
  11              		.file	"hal_lld.c"
  12              		.section	.gnu.lto_.profile.e8d9922660465d40,"",%progbits
  13 0000 789C6363 		.ascii	"x\234cc```\001bF\006\037G\000\001Q\000\231"
  13      60606001 
  13      6246061F 
  13      47000151 
  13      0099
  14              		.text
  15              		.section	.gnu.lto_.icf.e8d9922660465d40,"",%progbits
  16 0000 789C6363 		.ascii	"x\234cc``\020f@\000f\206\015\313\377]aa<\177\370\371"
  16      60601066 
  16      40006686 
  16      0DCBFF5D 
  16      61613C7F 
  17 0016 7566A6B6 		.ascii	"uf\246\266\2453\213\031\000[\263\010\327"
  17      A5338B19 
  17      005BB308 
  17      D7
  18              		.text
  19              		.section	.gnu.lto_.jmpfuncs.e8d9922660465d40,"",%progbits
  20 0000 789C6363 		.ascii	"x\234cc``\340d@\000&\020\301\010\304\000\001\202\000"
  20      6060E064 
  20      40002610 
  20      C108C400 
  20      018200
  21 0013 13       		.ascii	"\023"
  22              		.text
  23              		.section	.gnu.lto_.inline.e8d9922660465d40,"",%progbits
  24 0000 789C6363 		.ascii	"x\234cc``0`@\000&\006\006IEF\006&\255\011'\230\030\330"
  24      60603060 
  24      40002606 
  24      06494546 
  24      0626AD09 
  25 0018 16C83381 		.ascii	"\026\3103\201\004\031\271@\004\203\316\034F\240L\320"
  25      0419B940 
  25      0483CE1C 
  25      46A04CD0 
  26 0028 82D74270 		.ascii	"\202\327Bp\031\006\000\233\264\006O"
  26      1906009B 
  26      B4064F
  27              		.text
  28              		.section	.gnu.lto_.pureconst.e8d9922660465d40,"",%progbits
  29 0000 789C6363 		.ascii	"x\234cc```\005b&\006)F)\000\000\374\000C"
  29      60606005 
  29      62260629 
  29      46290000 
  29      FC0043
ARM GAS  /tmp/ccKcEKeX.s 			page 2


  30              		.text
  31              		.section	.gnu.lto_hal_lld_init.e8d9922660465d40,"",%progbits
  32 0000 789C9D55 		.ascii	"x\234\235UKO\023Q\030\275g\356t:\024\033B\010\204D\026"
  32      4B4F1351 
  32      18BD67EE 
  32      743A141B 
  32      42088444 
  33 0015 6E5CB061 		.ascii	"n\\\260a\024\023\177\202\013\023W\2725\306\250\211\013"
  33      14137F82 
  33      0B1357BA 
  33      35C6A889 
  33      0B
  34 0026 128CB860 		.ascii	"\022\214\270`\327\251<}$\032#\205\310hj4\321\306HC\300"
  34      D7A93C7D 
  34      241A2385 
  34      C8686A34 
  34      D1C64843 
  35 003b 47ABC850 		.ascii	"G\253\310P\024Qy(\242\242\200\"\032#Jt\241Q\321\000"
  35      14517928 
  35      A2A28022 
  35      1A234A74 
  35      A151D100 
  36 004f DE6F6E61 		.ascii	"\336ona\012+\2467\235\323;3w\3169\337\351\364\273\032"
  36      0A2BA637 
  36      9DD33B33 
  36      77CE39DF 
  36      E9F4BB1A 
  37 0063 636CA39F 		.ascii	"cl\243\237\261r\361\275^\034\340\014\312\351!\306\302"
  37      B172F1BD 
  37      5E1CE00C 
  37      CAE921C6 
  37      C2
  38 0074 BA02D0C4 		.ascii	"\272\002\320\304\324\301B\012B8\311\317r\244\032>%\224"
  38      D4C1420A 
  38      4238C9CF 
  38      72A41A3E 
  38      2594
  39 0086 D22BA618 		.ascii	"\322+\246\030vsK\240\336\254+\2668c\021q\320@\007J\231"
  39      76734BA0 
  39      DEAC2BB6 
  39      38631171 
  39      D040074A 
  40 009b 5836DDBE 		.ascii	"X6\335\276\320\024\324Ty\035\235\320\030\304$>\342\263"
  40      D014D454 
  40      791D9DD0 
  40      18C4243E 
  40      E2B3
  41 00ad CD85C506 		.ascii	"\315\205\305\006\323\036\270\204\177\333\213\301,\016"
  41      D31EB884 
  41      7FDB8BC1 
  41      2C0E
  42 00bb 858013A8 		.ascii	"\205\200\023\250\004\032\201N\020 \310%\010\022\344"
  42      041A814E 
  42      1020C825 
  42      0812E4
  43 00ca 11E41314 		.ascii	"\021\344\023\024\020\024\022\024\0210\326(T\204U\323"
  43      10141214 
ARM GAS  /tmp/ccKcEKeX.s 			page 3


  43      1130D628 
  43      548455D3 
  44 00da 66C7B842 		.ascii	"f\307\270B\263\032\233}A*9s\352\000i\237\343\232\260"
  44      B31A9B7D 
  44      412A3973 
  44      EA00699F 
  44      E39AB0
  45 00ed 14A94B0D 		.ascii	"\024\251K\015\373Op\213+ \207\343\361\301\257\272<5"
  45      FB4F708B 
  45      2B2087E3 
  45      F1C1AFBA 
  45      3C35
  46 00ff A38DA62A 		.ascii	"\243\215\246*.]\216\267\267\"\212\013aQ\334\006\213"
  46      2E5D8EB7 
  46      B7228A0B 
  46      6151DC06 
  46      8B
  47 0110 73DC4409 		.ascii	"s\334D\011n\240\204\321\3723\035\243\273\215\353f-,"
  47      6EA084D1 
  47      FA331DA3 
  47      BB8DEB66 
  47      2D2C
  48 0122 AEE29658 		.ascii	"\256\342\226X\326\344\224\214\3330H\353\247NJ\236H\022"
  48      D6E4948C 
  48      DB3048EB 
  48      A74E4A9E 
  48      4812
  49 0134 2E491286 		.ascii	".I\022\206\270;\331\037\273\306\311\022\260(F\036\356"
  49      B83BD91F 
  49      BBC6C912 
  49      B028461E 
  49      EE
  50 0145 88C7A88E 		.ascii	"\210\307\250\216\034Y\205\356\211\376\256K\337\225\265"
  50      1C5985EE 
  50      89FEAE4B 
  50      DF95B5
  51 0154 C77B2E49 		.ascii	"\307{.I\267\3431>\233\230\013J\217\014\366J\177\201"
  51      B7E3313E 
  51      9B980B4A 
  51      8F0CF64A 
  51      7F81
  52 0166 B55287E9 		.ascii	"\265R\207\351\226\212\036\227<%\035&c->\311\225\353"
  52      968A1E97 
  52      3C251D26 
  52      632D3EC9 
  52      95EB
  53 0178 C966AFC3 		.ascii	"\311f\257\303D\257\030\356g]\353\003\227\244\017\306"
  53      44AF18EE 
  53      675DEB03 
  53      97A40FC6 
  54 0188 EAF0839E 		.ascii	"\352\360\203\236\270\036\272\\\375Y\033z\344\222<\026"
  54      B81EBA5C 
  54      FD591B7A 
  54      E4923C16 
  55 0198 8656A59D 		.ascii	"\206V\245\235\3471\355'.\333\300R\332\255\351\264\341"
  55      E731ED27 
  55      2EDBC052 
ARM GAS  /tmp/ccKcEKeX.s 			page 4


  55      DAADE9B4 
  55      E1
  56 01a9 C9D7A0C3 		.ascii	"\311\327\240\303\244\020\323\220\303T\363\247\036\222"
  56      A410D390 
  56      C354F3A7 
  56      1E92
  57 01b7 48915C7D 		.ascii	"H\221\\}\311\277?\326\311\267\204:\0050,\275\217\036"
  57      C9BF3FD6 
  57      C9B7843A 
  57      05302CBD 
  57      8F1E
  58 01c9 87E7149E 		.ascii	"\207\347\024\236\272j\317`\010\211\314\020\362=\206"
  58      BA6ACF60 
  58      0889CC10 
  58      F23D86
  59 01d8 30E2923D 		.ascii	"0\342\222=_\012\301J\207\300=\331\032u\231^\254\012"
  59      5F0AC14A 
  59      87C03DD9 
  59      1A75995E 
  59      AC0A
  60 01ea 41955C6D 		.ascii	"A\225\\m\277zc\276\345\020l\206\227\331\207\360\312"
  60      BF7A63BE 
  60      E5106C86 
  60      97D987F0 
  60      CA
  61 01fb 551BA310 		.ascii	"U\033\243\020\324\314\020\012<\206\360\332%{\223\016"
  61      D4CC100A 
  61      3C86F0DA 
  61      257B930E 
  62 020b 61666EEB 		.ascii	"afn\353r\327\256u\232\373BLs\032w\204#\263\241c\034"
  62      72D7AE75 
  62      9AFB424C 
  62      731A7784 
  62      23B3A163 
  63 0220 1A26A89F 		.ascii	"\032&\250\237O\220tafc\3659+/\316\327\266\345\310Ss"
  63      4F907461 
  63      6663F539 
  63      2B2FCED7 
  63      B6E5C853 
  64 0235 2AEC34D6 		.ascii	"*\3544\326\253=I3G\230\023\245hx+\214M\246\215u5w6`"
  64      AB3D4933 
  64      479813A5 
  64      68782B8C 
  64      4DA68D75 
  65 024d B9C8778E 		.ascii	"\271\310w\216/\356h0L-\245z\376\273&\305\212\244^\333"
  65      2FEE6830 
  65      4C2DA57A 
  65      FEBB26C5 
  65      8AA45EDB 
  66 0261 E76E2B90 		.ascii	"\347n+\220\316U\301{7\324\011'\3245\212M\257\020\373"
  66      CE55C17B 
  66      37D40927 
  66      D4358A4D 
  66      AF10FB
  67 0274 40A116B1 		.ascii	"@\241\026\261Y\324D\273\305\237\2046,\361D\"1;\356\017"
  67      59D444BB 
  67      C59F8436 
ARM GAS  /tmp/ccKcEKeX.s 			page 5


  67      2CF14422 
  67      313BEE0F 
  68 0288 CD9BBAC5 		.ascii	"\315\233\272\305\375\021\012\014\037\021\022[\216\316"
  68      FD110A0C 
  68      1F11125B 
  68      8ECE
  69 0296 BEE168F4 		.ascii	"\276\341h\364w\223\363;:\373^\243HI\354;b\311\246\262"
  69      7793F33B 
  69      3AFB5EA3 
  69      4849EC3B 
  69      62C9A6B2 
  70 02aa 32437E2A 		.ascii	"2C~*\253\214\203{+\214C\225\207\217T\031;w\355\330R"
  70      AB8C837B 
  70      2B8C4395 
  70      878F5419 
  70      3B77EDD8 
  71 02bf 2E71DBE6 		.ascii	".q\333\346\352j\272\263\247\242b\177\331>\366\037K\274"
  71      EA6ABAB3 
  71      A7A2627F 
  71      D93EF61F 
  71      4BBC
  72 02d1 3C00     		.ascii	"<\000"
  73              		.text
  74              		.section	.gnu.lto_stm32_clock_init.e8d9922660465d40,"",%progbits
  75 0000 789C9D55 		.ascii	"x\234\235U\315oTU\024\277\347\335\3679o\276)\2151,t"
  75      CD6F5455 
  75      14BFE7DD 
  75      F7396FBE 
  75      298D312C 
  76 0015 C9A683F0 		.ascii	"\311\246\203\360\027\314\306\235q\241[c\374X\270h\202"
  76      17CCC69D 
  76      71A15B63 
  76      FC58B868 
  76      82
  77 0026 1117EC78 		.ascii	"\021\027\354x\205\266t\240\013C($0\031\233\250\251D"
  77      85B674A0 
  77      0B432824 
  77      30199BA8 
  77      A944
  78 0038 7142A81F 		.ascii	"qB\250\037-\026\307)\343\264@[\301\242\224\026?\320"
  78      2D16C729 
  78      E3B4405B 
  78      C1A29416 
  78      3FD0
  79 004a A1D30FCA 		.ascii	"\241\323\017\312f\014\026\224z\317;\367\315{\031M\364"
  79      660C1694 
  79      7ACF3BF7 
  79      CD7B194D 
  79      F4
  80 005b CD4BFB9B 		.ascii	"\315K\373\233;\367\334\371\235\337\375\235s\357\323"
  80      3BF7DCF9 
  80      9DDFFD9D 
  80      73EFD3
  81 006a 1963AB16 		.ascii	"\031c\253\026c\273\305\347\003\361\017i\006\312;\263"
  81      63BBC5E7 
  81      03F10F69 
  81      06CA3BB3 
ARM GAS  /tmp/ccKcEKeX.s 			page 6


  82 007a 8CF5980A 		.ascii	"\214\365\230\012p\032p%5Zf\314\211\250K6s\242)\232\317"
  82      701A7025 
  82      355A66CC 
  82      89A84B36 
  82      73A2299A 
  83 008f AAA0515C 		.ascii	"\252\240Q\\S\222\024\327\335x\222\346\263:\030\0247"
  83      539214D7 
  83      DD7892E6 
  83      B33A1814 
  83      37
  84 00a0 9404C54D 		.ascii	"\224\004\305M7\236\240\371\254\011\026\305-%N\361\210"
  84      379EA0F9 
  84      AC0916C5 
  84      2D254EF1 
  84      88
  85 00b1 1B8FD37C 		.ascii	"\033\217\323|6\0026\305m%F\361\250\033\217\321|6\012"
  85      360236C5 
  85      6D2546F1 
  85      A81B8FD1 
  85      7C360A
  86 00c4 809F8E09 		.ascii	"\200\237\216\011\354\200\302S\252\226\324\215\204i\305"
  86      EC80C253 
  86      AA96D48D 
  86      8469C5
  87 00d3 23762C0A 		.ascii	"#v,\012\007t\316\344\243y\003\303\033X\336\300\366\006"
  87      0774CEE4 
  87      A37903C3 
  87      1B58DEC0 
  87      F606
  88 00e5 83FC3887 		.ascii	"\203\3748\207\362\341\273c\312\316\021G<\245\223\343"
  88      F2E1BB63 
  88      CACE1147 
  88      3CA593E3 
  89 00f5 76BFD3F7 		.ascii	"v\277\323\367D^\260\234\220Lp\036v2\261\354\316\271"
  89      445EB09C 
  89      904C701E 
  89      7632B1EC 
  89      CEB9
  90 0107 C743315D 		.ascii	"\307C1]\245y\030\005\235\201\030\024\257k%\347\361\326"
  90      A5791805 
  90      9D811814 
  90      AF6B25E7 
  90      F1D6
  91 0119 61A7B4FE 		.ascii	"a\247\264\376\036L<\3774\260<\007\005\201#\250\010\032"
  91      1E4C3CFF 
  91      34B03C07 
  91      058123A8 
  91      081A
  92 012b 828E6020 		.ascii	"\202\216` \230\010\026B\004\301F\210\"\304\020\342\010"
  92      98081642 
  92      04C14688 
  92      22C410E2 
  92      08
  93 013c 09842442 		.ascii	"\011\204$B\012!\215\260\015\241\003a;B'\002c\003B\315"
  93      0A218DB0 
  93      0DA10361 
  93      3B422702 
ARM GAS  /tmp/ccKcEKeX.s 			page 7


  93      630342CD 
  94 0150 92ED9458 		.ascii	"\222\355\224X\216+bp\250\304V\241<\276\262Z\323Q\342"
  94      8E2B6270 
  94      A8C456A1 
  94      3CBEB25A 
  94      D351E2
  95 0163 290E42F9 		.ascii	")\016B\371\211\276\362\234q\224\347\271\002\270\221"
  95      89BEF29C 
  95      7194E7B9 
  95      02B891
  96 0172 C5E2CC9A 		.ascii	"\305\342\314\232I_\235\341\001G\025S\357\027\317\235"
  96      495F9DE1 
  96      01471553 
  96      EF17CF9D 
  97 0182 866128F4 		.ascii	"\206a(\364\010\017\236\312s\016\237\301\016\370\024"
  97      080F9ECA 
  97      730E9FC1 
  97      0EF814
  98 0191 76305C7F 		.ascii	"v0\\\177\354\374\374K\231\263N/\344\271\012\237\213"
  98      ECFCFC4B 
  98      99B34E2F 
  98      E4B90A9F 
  98      8B
  99 01a2 6543AE33 		.ascii	"eC\2563\360\005dD\262C\177\364\003\245R(\333\350\245"
  99      F0056444 
  99      B2437FF4 
  99      03A55228 
  99      DBE8A5
 100 01b5 6ABF4B0F 		.ascii	"j\277K\017\342\031\023\034B\320\374\021wM\250L\343~"
 100      E219131C 
 100      42D0FC11 
 100      774DA84C 
 100      E37E
 101 01c7 A60B9011 		.ascii	"\246\013\220\021\364b\224\343\234\211\342{\273\\\253"
 101      F46294E3 
 101      9C89E27B 
 101      BB5CAB
 102 01d6 19949AFF 		.ascii	"\031\224\232\377_\346\036\014\251\360\245\317=A\273"
 102      5FE61E0C 
 102      A9F0A5CF 
 102      3D41BB
 103 01e5 F8B37F5A 		.ascii	"\370\263\177Z#.\225\350*[\017J\011\332\206\002\027\005"
 103      232E95E8 
 103      2A5B0F4A 
 103      09DA8602 
 103      1705
 104 01f7 4D0D7A6F 		.ascii	"M\015zoM^\225{E\323\212\353c\2331Z\301\340+L\304\260"
 104      4D5E957B 
 104      45D38AEB 
 104      639B315A 
 104      C1E02B4C 
 105 020d 1E2926BA 		.ascii	"\036)&\272\026r\\\015\224\343\236W\016-\224\005%_\346"
 105      16725C0D 
 105      94E39E57 
 105      0E2D9405 
 105      255FE6
 106 0220 D79E4C29 		.ascii	"\327\236L)@r\025\247\373\252@\0326\001\312\355\273="
ARM GAS  /tmp/ccKcEKeX.s 			page 8


 106      407215A7 
 106      FBAA401A 
 106      3601CAED 
 106      BB3D
 107 0232 E9A7BA84 		.ascii	"\351\247\272\204n\353H\324\250o|`\374\013\325\360\223"
 107      6EEB48D4 
 107      A86F7C60 
 107      FC0BD5F0 
 107      93
 108 0243 FFE16FC5 		.ascii	"\377\341o\305e\303\363\001\337@&\330\202\252\360\252"
 108      65C3F301 
 108      DF4026D8 
 108      82AAF0AA 
 109 0253 EA7A95E3 		.ascii	"\352z\225\343Z\260\226\367+\262\226F\310ZN\371\271\246"
 109      5AB096F7 
 109      2BB29646 
 109      C85A4EF9 
 109      B9A6
 110 0265 3D931664 		.ascii	"=\223\026d-M\242{T?\276 ]\212\302e\252\345b\263\226"
 110      2D4DA27B 
 110      543FBE20 
 110      5D8AC265 
 110      AAE562B3 
 111 027a 66A07849 		.ascii	"f\240xIY<=P\274\201eY<+\224\243W|G\257\266\234\224\010"
 111      593C3D50 
 111      BC816559 
 111      3C2B94A3 
 111      577C47AF 
 112 0292 712D6F7C 		.ascii	"q-o|<h\220,\307Qa\246\375\352\315\372\271\346\260z\021"
 112      3C68902C 
 112      C75161A6 
 112      FDEACDFA 
 112      B9E6B07A 
 113 02a7 D75F23E8 		.ascii	"\327_#\350onY\372k\207\364\367[\237\373Z\353Y\211\022"
 113      6F6E59FA 
 113      6B87F4F7 
 113      5B9FFB5A 
 113      EB598912 
 114 02bb DD64A1D0 		.ascii	"\335d\241\320\253x\0331\341z\353i\211\006\034NH\207"
 114      AB781B31 
 114      E17AEB69 
 114      89061C4E 
 114      4887
 115 02cd CD80C385 		.ascii	"\315\200\303\205\021\251-\026j\327\337\371\225\237o"
 115      11A92D16 
 115      6AD7DFF9 
 115      959F6F
 116 02dc 71384E5C 		.ascii	"q8N\\\037\035\353\333j:\334`p\243}\213\277\367\223\375"
 116      1F1DEBDB 
 116      6A3ADC60 
 116      70A37D8B 
 116      BFF793FD 
 117 02f0 8016C75D 		.ascii	"\200\026\307]\351g\336\225\312\023\241\310n\372\236"
 117      E967DE95 
 117      CA13A1C8 
 117      6EFA9E
 118 02ff 2EB4284F 		.ascii	".\264(O\022\327\265\332\3039\313S.<\275\325\276\362"
ARM GAS  /tmp/ccKcEKeX.s 			page 9


 118      12D7B5DA 
 118      C339CB53 
 118      2E3CBDD5 
 118      BEF2
 119 0311 453FD912 		.ascii	"E?\331\022*O\272\315a\005\233\343C\2579R!\233\343\266"
 119      2A4FBACD 
 119      61059BE3 
 119      43AF3952 
 119      219BE3B6 
 120 0325 CFFD636B 		.ascii	"\317\375cks\244\211\356\312\326\340}\255\271\223$\374"
 120      73A489EE 
 120      CAD6E07D 
 120      ADB99324 
 120      FC
 121 0336 D4DA1DE9 		.ascii	"\324\332\035\351@w\304ewD\232\335\321\250\1772\322\326"
 121      4077C465 
 121      77449ADD 
 121      D1A87F32 
 121      D2D6
 122 0348 1DF4B35F 		.ascii	"\035\364\263_\260_\334;\350\314\305\315\2031\272\203"
 122      B05FDC3B 
 122      E8CCC5CD 
 122      8331BA83 
 123 0358 9CA9DF19 		.ascii	"\234\251\337\031\334!K\033\365\251\252\227\240yMi\356"
 123      DC214B1B 
 123      F5A9AA97 
 123      A0794D69 
 123      EE
 124 0369 9BF261AD 		.ascii	"\233\362a\255r\324\244\257N\211\336\224k\247\317\336"
 124      72D4A4AF 
 124      4E89DE94 
 124      6BA7CFDE 
 125 0379 B63C09AF 		.ascii	"\266<\011\257\212w\260\016\277\011\015\277J\015c\177"
 125      8A77B00E 
 125      BF090DBF 
 125      4A0D637F 
 126 0389 55261201 		.ascii	"U&\022\001\0215W\004\276\272\340\256+bhf\342&'\021i"
 126      11355704 
 126      BEBAE0AE 
 126      2B626866 
 126      E2262711 
 127 039e 582605E3 		.ascii	"X&\005\343+3\336\001\330\026\252\262u\177\213+-m\324"
 127      2B33DE01 
 127      D816AAB2 
 127      757F8B2B 
 127      2D6DD4
 128 03b1 21B8DCD7 		.ascii	"!\270\334\327V\233M\263\352S\257a\323t\270Mc\007\233"
 128      569B4DB3 
 128      EA53AF61 
 128      D374B84D 
 128      63079B
 129 03c4 66B62A45 		.ascii	"f\266*Eo\017\3314\353>\367\275\326\033\273S\320\375"
 129      6F0FD934 
 129      EB3EF7BD 
 129      D61BBB53 
 129      D0FD
 130 03d6 F38AEE14 		.ascii	"\363\212\356\024$\247.4.\313>2a\243\33111\3311Q\352"
ARM GAS  /tmp/ccKcEKeX.s 			page 10


 130      24A72E34 
 130      2ECB3E32 
 130      61A3D931 
 130      31D93151 
 131 03eb 980D3838 		.ascii	"\230\01588\374\250\340\376L.\000\021\020\005\330\325"
 131      FCA8E0FE 
 131      4C2E0011 
 131      1005D8D5 
 132 03fb D595A1BF 		.ascii	"\325\225\241\277\275\3732o\274\322\235ys\357[o\357\313"
 132      BDFB326F 
 132      BCD29D79 
 132      73EF5B6F 
 132      EFCB
 133 040d BCF0E273 		.ascii	"\274\360\342s{v\023>\373\314\376\375\030y\271\273\373"
 133      7B76133E 
 133      FBCCFEFD 
 133      1879B9BB 
 133      FB
 134 041e F5AED7D8 		.ascii	"\365\256\327\330\337\350\260?c"
 134      DFE8B03F 
 134      63
 135              		.text
 136              		.section	.gnu.lto_.symbol_nodes.e8d9922660465d40,"",%progbits
 137 0000 789C6363 		.ascii	"x\234cc``\360\000b\006\246\205L\365\014\014\023\316"
 137      6060F000 
 137      6206A685 
 137      4CF50C0C 
 137      13CE
 138 0012 313000A9 		.ascii	"10\000\251]\015\216@\221EL\365\214(\"\254\363\231\030"
 138      5D0D8E40 
 138      91454CF5 
 138      8C2822AC 
 138      F39918
 139 0025 1A95808A 		.ascii	"\032\225\200\212\031\0273\3253\201\245\030\030\032\032"
 139      191733D5 
 139      3381A518 
 139      181A1A
 140 0034 1C181898 		.ascii	"\034\030\030\230\201\360H\367\033y\006\000u\035\020"
 140      81F048F7 
 140      1B790600 
 140      751D10
 141 0043 B7       		.ascii	"\267"
 142              		.text
 143              		.section	.gnu.lto_.refs.e8d9922660465d40,"",%progbits
 144 0000 789C6363 		.ascii	"x\234cc```\004b\006\000\000D\000\010"
 144      60606004 
 144      62060000 
 144      440008
 145              		.text
 146              		.section	.gnu.lto_.decls.e8d9922660465d40,"",%progbits
 147 0000 789C9D55 		.ascii	"x\234\235UkP\224U\030\376\336\357,\313\262\213`\320"
 147      6B509455 
 147      18FEDEEF 
 147      2CCBB28B 
 147      60D0
 148 0012 344EE30F 		.ascii	"4N\343\017\307\266\221\037\305\012\376\351G\323\204"
 148      C7B6911F 
ARM GAS  /tmp/ccKcEKeX.s 			page 11


 148      C50AFEE9 
 148      47D384
 149 0021 2B66D3CD 		.ascii	"+f\323\315Y\254\246\313\314\212\260\216;\301b\3542\341"
 149      59ACA6CB 
 149      CC8AB08E 
 149      3BC162EC 
 149      32E1
 150 0033 F4A34F20 		.ascii	"\364\243O T\324\000\263\013XIH\027\021\213,#n\262rQ"
 150      54D400B3 
 150      0B584948 
 150      17118B2C 
 150      236EB272 
 151 0048 2215A422 		.ascii	"\"\025\244\"\225\333\202A\004\206\240\210\"%\275\347"
 151      95DB8241 
 151      0486A088 
 151      2225BDE7 
 152 0058 9C6FF93E 		.ascii	"\234o\371>\226\245\251\276\331w\317y\317y\316{y\316"
 152      96A5A9BE 
 152      D977CF79 
 152      CF79CE7B 
 152      79CE
 153 006a 39EFD10A 		.ascii	"9\357\321\012\202p\367\"\024Q\020<\330\237\301\217`"
 153      8270F722 
 153      1451103C 
 153      D89FC18F 
 153      60
 154 007b 7B52503E 		.ascii	"{RP>\252W\243\324\242\324\241\000\312\031a\356\367\032"
 154      AA57A3D4 
 154      A2D4A100 
 154      CA1961EE 
 154      F71A
 155 008d 0E0661BB 		.ascii	"\016\006a\273\021e\005\312\037(#(\255(\223(\023(7Q\252"
 155      116505CA 
 155      1F282328 
 155      AD289328 
 155      13283751 
 156 00a2 50342883 		.ascii	"P4(\203(\375(=(WU>\246d\037\276\337\353h?p\001\373a"
 156      28FD283D 
 156      2857553E 
 156      A6641FBE 
 156      DFEB683F 
 157 00ba 38771770 		.ascii	"8w\027p\033}\002\317#\030x\234\265~l\355'Pu\262\266"
 157      1B7D02CF 
 157      2318789C 
 157      B57E6CED 
 157      275075B2 
 158 00cf CED00BDD 		.ascii	"\316\320\013\335\200i\303b6\012\300\377\261\245\302"
 158      8069C362 
 158      360AC0FF 
 158      B1A5C2
 159 00de F419EF07 		.ascii	"\364\031\357\007|\034GE\336\310P\252x\227\300\354\210"
 159      7C1C4745 
 159      DEC850AA 
 159      7897C0EC 
 159      88
 160 00ef 28DB10BD 		.ascii	"(\333\020\275v\331O6\000j\253|\236\273\363~\234a\336"
 160      76D94F36 
ARM GAS  /tmp/ccKcEKeX.s 			page 12


 160      006AAB7C 
 160      9EBBF37E 
 160      9C61DE
 161 0102 51ADE343 		.ascii	"Q\255\343C\242\342L\265d^\254\302\354\364lPJ\222 \223"
 161      A2E24CB5 
 161      645EACC2 
 161      ECF46C50 
 161      4A922093 
 162 0116 F0D90705 		.ascii	"\360\331\007\005\001\036\350\301\311\027\005!O\347\000"
 162      011EE8C1 
 162      C9170521 
 162      4FE700
 163 0125 3A58F051 		.ascii	":X\360Qn9!\"\353\267g\034\377JKBY\277vR\032\016\211"
 163      6E392122 
 163      EBB7671C 
 163      FF4A4B42 
 163      59BF7652 
 164 013c 2C93F8A7 		.ascii	",\223\370\247{C\200o\201x\351l\232\271\351\016\335M"
 164      7B43806F 
 164      8178E96C 
 164      9AB9E90E 
 164      DD4D
 165 014e 204C0F22 		.ascii	" L\017\"]7v\346C\003\252w\353a1\252e{f\366\007,y\227"
 165      5D3776E6 
 165      4303AA77 
 165      EB6131AA 
 165      657B66F6 
 166 0166 AECBCB94 		.ascii	"\256\313\313\224\026\213\260\361\036\250\204\245\360"
 166      168BB0F1 
 166      1EA884A5 
 166      F0
 167 0173 1D2CC560 		.ascii	"\035,\305`\252`\011\376;4\334\322\236Or=dy\221T\344"
 167      AA6009FE 
 167      3B34DCD2 
 167      9E4F723D 
 167      64799154 
 168 0188 91DCA70B 		.ascii	"\221\334\247\013V~~&[j\303u\2172\034\034\007\002\025"
 168      567E7E26 
 168      5B6AC375 
 168      8F321C1C 
 168      070215
 169 019b 10497338 		.ascii	"\020Is8N\275\3037\340\001\370\032z1\207jX\216\353\245"
 169      4EBDC337 
 169      E001F81A 
 169      7A31876A 
 169      588EEBA5 
 170 01af A1EAAE50 		.ascii	"\241\352\256P\262\215\205\334\332|\364\230^\2665\374"
 170      B28D85DC 
 170      DA7CF498 
 170      5EB635FC 
 171 01bf 60A1E4CE 		.ascii	"`\241\344\316@K\"3T\243\030\252\3615T\313\014\355\036"
 171      404B2233 
 171      54A318AA 
 171      F13554CB 
 171      0CED1E
 172 01d2 B99D0B24 		.ascii	"\271\235\013$\007\230\245\3555\325\215Z\264\344\221"
 172      0798A5ED 
ARM GAS  /tmp/ccKcEKeX.s 			page 13


 172      35D58D5A 
 172      B4E491
 173 01e1 24F72FA5 		.ascii	"$\367/\245\021\315\345C\322N=\017\351\204b\351\204L"
 173      11CDE543 
 173      D24E3D0F 
 173      E98462E9 
 173      844C
 174 01f3 08D4310B 		.ascii	"\010\3241\013\335\315\207\217\020da\205\036\350\266"
 174      DDCD878F 
 174      10646185 
 174      1EE8B6
 175 0202 84E2D097 		.ascii	"\204\342\320\227W*\247\026\361!\306o\356\265\222@\322"
 175      572AA716 
 175      F121C66F 
 175      EEB59240 
 175      D2
 176 0213 C47D9CCF 		.ascii	"\304}\234\317*\377\200p\0165\250\216\237-\274\034\302"
 176      2AFF8070 
 176      0E35A88E 
 176      9F2DBC1C 
 176      C2
 177 0224 395CB69F 		.ascii	"9\\\266\237\210\275\027\247\273B@\037\261S\2222\244"
 177      88BD17A7 
 177      BB42401F 
 177      B1539232 
 177      A4
 178 0235 A24C2968 		.ascii	"\242L)h\235\000\215\310a\003r\010\247 \202\232\244a"
 178      9D008DC8 
 178      61037208 
 178      A720829A 
 178      A461
 179 0247 C0491C74 		.ascii	"\300I\034t\343\340\247\224n\367\351\252G\012\256I\322"
 179      E3E0A794 
 179      6EF7E9AA 
 179      470AAE49 
 179      D2
 180 0258 3268023D 		.ascii	"2h\002=\324+\241\256\320s\272\017\227\344\027k\311\035"
 180      D42BA1AE 
 180      D073BA0F 
 180      97E4176B 
 180      C91D
 181 026a 1681587D 		.ascii	"\026\201X}`\240I\\\310\307\367\013\372\230i^~\352MJ"
 181      60A0495C 
 181      C8C7F70B 
 181      FA98695E 
 181      7EEA4D4A 
 182 027e 6C33FA38 		.ascii	"l3\3728\255\370@\227\334\311\2733\315Gift^j,\245\334"
 182      ADF84097 
 182      DCC9BB33 
 182      CD476966 
 182      745E6A2C 
 183 0294 94970CDC 		.ascii	"\224\227\014\334GJ\371){\353\363\326.\355\375\207\244"
 183      474AF929 
 183      7BEBF3D6 
 183      2EEDFD87 
 183      A4
 184 02a5 A27ABAE5 		.ascii	"\242z\272\345\017\2274dKy\300\300?pc\263A\010l\244\205"
ARM GAS  /tmp/ccKcEKeX.s 			page 14


 184      0F973464 
 184      4B79C0C0 
 184      3F7063B3 
 184      41086CA4 
 185 02ba 867306EE 		.ascii	"\206s\006\356W\221\024\306H\202\374\206\033\327\015"
 185      579114C6 
 185      4882FC86 
 185      1BD70D
 186 02c9 A48A9B7D 		.ascii	"\244\212\233}\277\375\253X=\246\222\371\257R\301\005"
 186      BFFDAB58 
 186      3DA692F9 
 186      AF52C105 
 187 02d9 A359031E 		.ascii	"\243Y\003\036\0037\266\004\325\263\273\366\275#\222"
 187      0337B604 
 187      D5B3BBF6 
 187      BD2392
 188 02e8 3A6E6CBC 		.ascii	":nl\274\255!'\210\234\226\257\205|\274\303\370\361\316"
 188      AD212788 
 188      9C96AF85 
 188      7CBCC3F8 
 188      F1CE
 189 02fa 3979313B 		.ascii	"9y1;\210\264\362\271\217\207*\337\016%\035\\)\254\236"
 189      88B4F2B9 
 189      8F872ADF 
 189      0E251D5C 
 189      29AC9E
 190 030d 6809E040 		.ascii	"h\011\340@\035\2525\235\307M\244\227O\035\256\334\333"
 190      1DAA359D 
 190      C74DA497 
 190      4F1DAEDC 
 190      DB
 191 031e 174086B8 		.ascii	"\027@\206\270r\271\"kRC\256p\245\255\3123\020B\306\271"
 191      72B9226B 
 191      5243AE70 
 191      A5ADCA33 
 191      1042C6B9 
 192 0332 72E07AF7 		.ascii	"r\340z\367\357A\334B\004\252\271m\007;u\374P\270\351"
 192      EF41DC42 
 192      04AAB96D 
 192      073B75FC 
 192      50B8E9
 193 0345 457BAFB2 		.ascii	"E{\257\262\177,\204L0l\360\261]\323\233\300\310\277"
 193      7F2C844C 
 193      306CF0B1 
 193      5DD39BC0 
 193      C8BF
 194 0357 70A331C2 		.ascii	"p\2431\302X,ee\"\245\275\017\334j\037\222\244}\301\320"
 194      582C6565 
 194      22A5BD0F 
 194      DC6A1F92 
 194      A47DC1D0 
 195 036b 8A9C9E47 		.ascii	"\212\234\236G\006\007 \\a\243\215\021\333H\377\005\276"
 195      0607205C 
 195      61A38D11 
 195      DB48FF05 
 195      BE
 196 037c A2251DEF 		.ascii	"\242%\035\357J\026a\360\237|\341?\316\203\017\247(\360"
ARM GAS  /tmp/ccKcEKeX.s 			page 15


 196      4A1661F0 
 196      9F7CE13F 
 196      CE830FA7 
 196      28F0
 197 038e 8BBE7093 		.ascii	"\213\276p\223/\272_\205\276\344\027\035\245\200o\253"
 197      2FBA5F85 
 197      BEE4171D 
 197      A5806FAB 
 198 039e C0BFF882 		.ascii	"\300\277\370\202;\346E\322\256\012\274\335\177\236*"
 198      3BE645D2 
 198      AE0ABCDD 
 198      7F9E2A
 199 03ad E3FD2AF4 		.ascii	"\343\375*\3649_\364Y\005\235\317\012\027\012h\004\350"
 199      395FF459 
 199      059DCF0A 
 199      170A6804 
 199      E8
 200 03be 4240279B 		.ascii	"B@'\233\243pz8\207\3604\365\201\021\353\207\021~G\351"
 200      A3707A38 
 200      87F034F5 
 200      8111EB87 
 200      117E47E9 
 201 03d2 471944E9 		.ascii	"G\031D\351E\271\214\322\203\362+\312o`d\325\201;\257"
 201      45B98CD2 
 201      83F22BCA 
 201      6F6064D5 
 201      813BAF
 202 03e5 5739FFD9 		.ascii	"W9\377\331?\307\252P\207U\350n\377\241r\036\370\215"
 202      3FC7AA50 
 202      8755E86E 
 202      FFA1721E 
 202      F88D
 203 03f7 ECB81AB6 		.ascii	"\354\270\032\266\035\303\2450A\276\215\212\347\311\253"
 203      1DC3A530 
 203      41BE8D8A 
 203      E7C9AB
 204 0406 61C59952 		.ascii	"a\305\231R\363Jf\354\202\177R\231k<_7\312\312\272\015"
 204      F34A66EC 
 204      827F5299 
 204      6B3C5F37 
 204      CACABA0D 
 205 041a E40861E5 		.ascii	"\344\010a\345a\357\355\267\007C!<\302/\037p\005i\370"
 205      61EFEDB7 
 205      0743213C 
 205      C22F1F70 
 205      0569F8
 206 042d BF94F0A8 		.ascii	"\277\224\360\250OMi\361a\201\02142\254T\021\232\003"
 206      4F4D69F1 
 206      61811134 
 206      32AC5411 
 206      9A03
 207 043f 8BE5CBA6 		.ascii	"\213\345\313\246\274R]p\316lmb@\2452\374\001\301\254"
 207      BC525D70 
 207      CE6C6D62 
 207      40A532FC 
 207      01C1AC
 208 0452 F6628BE0 		.ascii	"\366b\213\340\212\321#\025\213\344\213\202\2135]e;F"
ARM GAS  /tmp/ccKcEKeX.s 			page 16


 208      8AD12315 
 208      8BE48B82 
 208      8B355D65 
 208      3B46
 209 0464 B4600CF7 		.ascii	"\264`\014\367^\212\216Q\025\011\364\030\216\371?\206"
 209      5E8A8E51 
 209      1509F418 
 209      8EF93F86 
 210 0474 73721DC5 		.ascii	"sr\035\305y\316\317\230\234\3508&z\025\023\27167\221"
 210      79CECF98 
 210      9CE83826 
 210      7A1513B9 
 210      363791
 211 0487 514EFF98 		.ascii	"QN\377\230?\372{\324\236\273\375z\346[I\353\307\261"
 211      3FFA7BD4 
 211      9EBBFD7A 
 211      E65B49EB 
 211      C7B1
 212 0499 C6BA4052 		.ascii	"\306\272@R!\323_=]\016\276\364{C\202\033\030\311?G5"
 212      21D35F3D 
 212      5D0EBEF4 
 212      7B43821B 
 212      18C93F47 
 213 04ae 38CAE89D 		.ascii	"8\312\350\235@\320u\205\3361/\275]\027\332[\210\232"
 213      40D07585 
 213      DE312FBD 
 213      5D17DA5B 
 213      889A
 214 04c0 DE8939F4 		.ascii	"\336\2119\364N\312\364N2z\017\3769]\020\242\006\323"
 214      4ECAF44E 
 214      327A0FFE 
 214      395D10A2 
 214      06D3
 215 04d2 975001DF 		.ascii	"\227P\001\337\224\3017\031\370\303\013\305'D\322\300"
 215      94C13719 
 215      F8C30BC5 
 215      2744D2C0 
 216 04e2 B20069FC 		.ascii	"\262\000i\374\360D\020\276\244n\366\276?\324\321\300"
 216      F04410BE 
 216      A46EF6BE 
 216      3FD4D1C0 
 217 04f2 DEF722F9 		.ascii	"\336\367\"\371}\277\245\004v\313\367Y\236b\217\352`"
 217      7DBFA504 
 217      76CBF759 
 217      9E628FEA 
 217      60
 218 0503 49E53991 		.ascii	"I\3459\221\364pc\243\365\373\354\244\237\367/\035\353"
 218      F47063A3 
 218      F5FBECA4 
 218      9FF72F1D 
 218      EB
 219 0514 EBD39211 		.ascii	"\353\323\222\021\256\\+<5\242'\243\\9\360Ei\026!\343"
 219      AE5C2B3C 
 219      35A227A3 
 219      5C39F045 
 219      691621E3 
 220 0528 5CE9AAD9 		.ascii	"\\\351\252\331\336\030B\246\270\322w0\343\327\000r\207"
ARM GAS  /tmp/ccKcEKeX.s 			page 17


 220      DE1842A6 
 220      B8D27730 
 220      E3D70072 
 220      87
 221 0539 2BB76ACE 		.ascii	"+\267j\316\027\213\274\324\032Q-u\357n&\374\004\025"
 221      178BBCD4 
 221      1A512D75 
 221      EF6E26FC 
 221      0415
 222 054b D152FB69 		.ascii	"\321R\373i\353\324~ \031\032\2125\034\352s\327\210\300"
 222      EBD47E20 
 222      191A8A35 
 222      1CEA73D7 
 222      88C0
 223 055d CA2C2DB4 		.ascii	"\312,-\264\306\331R\373P\247\252\324\376\211\331d\213"
 223      C6D952FB 
 223      50A7AAD4 
 223      FE89D964 
 223      8B
 224 056e FF583B5B 		.ascii	"\377X;[^V.v\246\350\003_\250\006e\210Ka\273H\347(\234"
 224      5E562E76 
 224      A6E8035F 
 224      A8066588 
 224      4B61BB48 
 225 0585 EEF86E31 		.ascii	"\356\370n1\002\366\210F\310A\331\211\262\013e\007J\026"
 225      02F68846 
 225      C841D989 
 225      B20B6507 
 225      4A16
 226 0597 CA5E94B7 		.ascii	"\312^\224\267P\336\024\325\365g\370\245\271e\330O\234"
 226      50DE14D5 
 226      F567F8A5 
 226      B965D84F 
 226      9C
 227 05a8 AAFA7349 		.ascii	"\252\372sI\205\276\343\213\356\230WXU\350\277\374\243"
 227      85BEE38B 
 227      EE985758 
 227      55E8BFFC 
 227      A3
 228 05b9 E7546D15 		.ascii	"\347Tm\025|\306\027n\362\255mw.\361\313\205\250\371"
 228      7CC6176E 
 228      F2AD6D77 
 228      2EF1CB85 
 228      A8F9
 229 05cb 97EB5CA7 		.ascii	"\227\353\\\247\352rI\276|\316{]T\216\247}\035\317{."
 229      EA7249BE 
 229      7CCE7B5D 
 229      548EA77D 
 229      1DCF7B2E 
 230 05df EA555B75 		.ascii	"\352U[u\333?z\366\342f_\224.\030\310\016vX\304\311\361"
 230      DB3F7AF6 
 230      E2665F94 
 230      2E18C80E 
 230      7658C4C9 
 231 05f4 A1162D44 		.ascii	"\241\026-D\204\313\265\271\213]\303|\\\235+\316\236"
 231      84CBB5B9 
 231      8B5DC37C 
ARM GAS  /tmp/ccKcEKeX.s 			page 18


 231      5C9D2BCE 
 231      9E
 232 0605 769ACD02 		.ascii	"v\232\315\002\273\014y\270\271\377g\2431\216\352B\317"
 232      BB0C79B8 
 232      B9FF67A3 
 232      318EEA42 
 232      CF
 233 0616 3741EA7B 		.ascii	"7A\352{\232/\252/\365>\221\337S\332\006o\211O\262&%"
 233      9A2FAA2F 
 233      F53E91DF 
 233      53DA066F 
 233      894FB226 
 234 062b 255AED0E 		.ascii	"%Z\355\016\273\313\024\031)\377R\234&\2340mMIu9Mq\033"
 234      BBCB1419 
 234      29FF529C 
 234      269C306D 
 234      4D497539 
 235 0642 9E5A15CD 		.ascii	"\236Z\025\315\377\327F\245\247\233\344%\221\011\272"
 235      FFD746A5 
 235      A79BE425 
 235      9109BA
 236 0651 C79E7E76 		.ascii	"\307\236~v\2319*JX\371\037\027\012\213\235\256\344U"
 236      99392A4A 
 236      58F91F17 
 236      0A8B9DAE 
 236      E455
 237 0663 D1D684A4 		.ascii	"\321\326\204\244\224\204W\230\353@{\352\253\217c\033"
 237      94845798 
 237      EB407BEA 
 237      AB8F631B 
 238 0673 FDEF2CF1 		.ascii	"\375\357,\361\345vgj\344\026Ao\265\246\331\035.\324"
 238      E576676A 
 238      E416416F 
 238      B5A6D91D 
 238      2ED4
 239 0685 5D0F9AD2 		.ascii	"]\017\232\322\234\251&\273#!)-\321fr\330^K\262o2%\307"
 239      9CA926BB 
 239      2321292D 
 239      D16672D8 
 239      5E4BB26F 
 240 069c 276CB13B 		.ascii	"'l\261;l&k\242ms|Z\222\313\352\332\266\325\346\304\205"
 240      6C266BA2 
 240      6D737C5A 
 240      92CBEADA 
 240      B6D5E6C4 
 241 06b1 3AEFB2E5 		.ascii	":\357\262\345\376\2269\2679MV\247+\0211\210\015\215"
 241      FE9639B7 
 241      394D56A7 
 241      2B113188 
 241      0D8D
 242 06c3 DBE674D9 		.ascii	"\333\346t\331\222\315)\25163\015Z\263z\215\331\022\030"
 242      92CD29A9 
 242      36330D5A 
 242      B37A8DD9 
 242      1218
 243 06d5 B37E7554 		.ascii	"\263~uT\354\323\254\215\306V\033\263n56::l\211\333\300"
 243      ECD3AC8D 
ARM GAS  /tmp/ccKcEKeX.s 			page 19


 243      C6561BB3 
 243      6E35363A 
 243      3A6C89DB 
 244 06ea 3AD1B443 		.ascii	":\321\264C\314\217[4\346\265\217YD3\366\343,s\262LH"
 244      CC8F5B34 
 244      E6B58F59 
 244      4433F6E3 
 244      2C73B24C 
 245 06ff 494E4E71 		.ascii	"INNq\230l\351.L\3207\307\315Q+W\245o\302\000\014\026"
 245      986CE92E 
 245      4CD037C7 
 245      CD512B57 
 245      A56FC200 
 246 0715 B3D9BA01 		.ascii	"\263\331\272\001#_c\333lX\377\274\305\333\277\327\273"
 246      235F63DB 
 246      6C58FFBC 
 246      C5DBBFD7 
 246      BB
 247 0726 819BE213 		.ascii	"\201\233\342\023^I\333jMLI\216\267;\030\247\344\231"
 247      5E49DB6A 
 247      4D4C498E 
 247      B73B18A7 
 247      E499
 248 0738 D5169D25 		.ascii	"\325\026\235%6.\326\362\\\354\0321\306\"\306Y\002\237"
 248      362ED6F2 
 248      5CEC1A31 
 248      C622C659 
 248      029F
 249 074a 59BFE189 		.ascii	"Y\277\341\211\330\027,\032\372Gb\314\026\315\363\226"
 249      D8172C1A 
 249      FA4762CC 
 249      16CDF396 
 250 075a F596456B 		.ascii	"\365\226Ek\237\214\211[\347\265\3707)Aa\010"
 250      9F8C895B 
 250      E7B5F837 
 250      29416108 
 251              		.text
 252              		.section	.gnu.lto_.symtab.e8d9922660465d40,"",%progbits
 253 0000 68616C5F 		.ascii	"hal_lld_init\000"
 253      6C6C645F 
 253      696E6974 
 253      00
 254 000d 00       		.ascii	"\000"
 255 000e 00       		.ascii	"\000"
 256 000f 00       		.ascii	"\000"
 257 0010 00000000 		.ascii	"\000\000\000\000\000\000\000\000"
 257      00000000 
 258 0018 BB000000 		.ascii	"\273\000\000\000"
 259 001c 73746D33 		.ascii	"stm32_clock_init\000"
 259      325F636C 
 259      6F636B5F 
 259      696E6974 
 259      00
 260 002d 00       		.ascii	"\000"
 261 002e 00       		.ascii	"\000"
 262 002f 00       		.ascii	"\000"
 263 0030 00000000 		.ascii	"\000\000\000\000\000\000\000\000"
ARM GAS  /tmp/ccKcEKeX.s 			page 20


 263      00000000 
 264 0038 BD000000 		.ascii	"\275\000\000\000"
 265 003c 53797374 		.ascii	"SystemCoreClock\000"
 265      656D436F 
 265      7265436C 
 265      6F636B00 
 266 004c 00       		.ascii	"\000"
 267 004d 00       		.ascii	"\000"
 268 004e 00       		.ascii	"\000"
 269 004f 00000000 		.ascii	"\000\000\000\000\000\000\000\000"
 269      00000000 
 270 0057 CC000000 		.ascii	"\314\000\000\000"
 271 005b 69727149 		.ascii	"irqInit\000"
 271      6E697400 
 272 0063 00       		.ascii	"\000"
 273 0064 02       		.ascii	"\002"
 274 0065 00       		.ascii	"\000"
 275 0066 00000000 		.ascii	"\000\000\000\000\000\000\000\000"
 275      00000000 
 276 006e BF000000 		.ascii	"\277\000\000\000"
 277              		.text
 278              		.section	.gnu.lto_.opts,"",%progbits
 279 0000 272D666D 		.ascii	"'-fmath-errno' '-fsigned-zeros' '-ftrapping-math' '"
 279      6174682D 
 279      6572726E 
 279      6F272027 
 279      2D667369 
 280 0033 2D666E6F 		.ascii	"-fno-trapv' '-fno-openmp' '-fno-openacc' '-mcpu=cor"
 280      2D747261 
 280      70762720 
 280      272D666E 
 280      6F2D6F70 
 281 0066 7465782D 		.ascii	"tex-m3' '-mthumb' '-O2' '-fomit-frame-pointer' '-fa"
 281      6D332720 
 281      272D6D74 
 281      68756D62 
 281      2720272D 
 282 0099 6C69676E 		.ascii	"lign-functions=16' '-ffunction-sections' '-fdata-se"
 282      2D66756E 
 282      6374696F 
 282      6E733D31 
 282      36272027 
 283 00cc 6374696F 		.ascii	"ctions' '-fno-common' '-flto'\000"
 283      6E732720 
 283      272D666E 
 283      6F2D636F 
 283      6D6D6F6E 
 284              		.text
 285              		.comm	__gnu_lto_v1,1,1
 286              		.comm	__gnu_lto_slim,1,1
 287              		.ident	"GCC: (15:7-2018-q2-6) 7.3.1 20180622 (release) [ARM/embedded-7-branch revision 261907]"
ARM GAS  /tmp/ccKcEKeX.s 			page 21


DEFINED SYMBOLS
                            *ABS*:0000000000000000 hal_lld.c
                            *COM*:0000000000000001 __gnu_lto_v1
                            *COM*:0000000000000001 __gnu_lto_slim

NO UNDEFINED SYMBOLS
