ARM GAS  /tmp/ccUPWgln.s 			page 1


   1              		.cpu cortex-m3
   2              		.eabi_attribute 20, 1
   3              		.eabi_attribute 21, 1
   4              		.eabi_attribute 23, 3
   5              		.eabi_attribute 24, 1
   6              		.eabi_attribute 25, 1
   7              		.eabi_attribute 26, 1
   8              		.eabi_attribute 30, 2
   9              		.eabi_attribute 34, 1
  10              		.eabi_attribute 18, 4
  11              		.file	"hal_pal.c"
  12              		.section	.gnu.lto_.profile.e6edcda7420700d5,"",%progbits
  13 0000 789C6363 		.ascii	"x\234cc```\001bF\006\015\031\000\000\344\000P"
  13      60606001 
  13      6246060D 
  13      190000E4 
  13      0050
  14              		.text
  15              		.section	.gnu.lto_.icf.e6edcda7420700d5,"",%progbits
  16 0000 789C6363 		.ascii	"x\234cc``\020a@\000f\206\247W/<\340c\374\177\356^\017"
  16      60601061 
  16      40006686 
  16      A7572F3C 
  16      E063FC7F 
  17 0017 23D3B703 		.ascii	"#\323\267\003_\037\3622\000\000oy\012j"
  17      5F1FF232 
  17      00006F79 
  17      0A6A
  18              		.text
  19              		.section	.gnu.lto_.jmpfuncs.e6edcda7420700d5,"",%progbits
  20 0000 789C6363 		.ascii	"x\234cc``hf@\000f\006FF\306\3729@\212\211\221\221\031"
  20      60606866 
  20      40006606 
  20      4646C6FA 
  20      39408A89 
  21 0017 C4006246 		.ascii	"\304\000bF&\030\207q\0163\023\033\003\003\343\001\026"
  21      26188771 
  21      0E33131B 
  21      0303E301 
  21      16
  22 0028 460620FE 		.ascii	"F\006 \376\017\004\374\014h|F\306)\314\214\323Z\017"
  22      0F04FC0C 
  22      687C46C6 
  22      29CC8CD3 
  22      5A0F
  23 003a 9D67EF66 		.ascii	"\235g\357f\006\352ed`\334\314(\003\024z\275g\303\015"
  23      06EA6564 
  23      60DCCC28 
  23      03147ABD 
  23      67C30D
  24 004d 56881044 		.ascii	"V\210\020D\335\026F\031\246JF\014\323\000\214y&%"
  24      DD164619 
  24      A64A460C 
  24      D3008C79 
  24      2625
  25              		.text
  26              		.section	.gnu.lto_.inline.e6edcda7420700d5,"",%progbits
ARM GAS  /tmp/ccUPWgln.s 			page 2


  27 0000 789C6363 		.ascii	"x\234cc``\370\316\200\000\314\014\014\234\034\214\314"
  27      6060F8CE 
  27      8000CC0C 
  27      0C9C1C8C 
  27      CC
  28 0011 0C0A8C20 		.ascii	"\014\012\214 &\210t\000\223\012\034l\037\364\030\330"
  28      26887400 
  28      930A1C6C 
  28      1FF418D8 
  29 0021 16C83331 		.ascii	"\026\310310\276`g\201\220 \202\003\314\344\000\021\002"
  29      30BE6067 
  29      81902082 
  29      03CCE400 
  29      1102
  30 0033 60A600C8 		.ascii	"`\246\000\310\030F\006>^F\026F\240N\210!\012HF1p3]\340"
  30      1846063E 
  30      5E461646 
  30      A04E8821 
  30      0A484631 
  31 004b 87180564 		.ascii	"\207\030\005d\240\030\302\262@\236\007j\022\363\016"
  31      A018C2B2 
  31      409E076A 
  31      12F30E
  32 005a 710106A0 		.ascii	"q\001\006\240\2352 \276\002X^\001d2\023\003\2670\212"
  32      9D3220BE 
  32      02585E01 
  32      64321303 
  32      B7308A
  33 006d FBA04673 		.ascii	"\373\240Fs\002\345\210s\036\320R\011\220I,\274@\357"
  33      02E58873 
  33      1ED05209 
  33      90492CBC 
  33      40EF
  34 007f 4EF00341 		.ascii	"N\360\003A\006\000\373F \246"
  34      0600FB46 
  34      20A6
  35              		.text
  36              		.section	.gnu.lto_.pureconst.e6edcda7420700d5,"",%progbits
  37 0000 789C6363 		.ascii	"x\234cc```\007bf\006)F)&I\000\001\274\000a"
  37      60606007 
  37      62660629 
  37      46292649 
  37      0001BC00 
  38              		.text
  39              		.section	.gnu.lto_palReadBus.e6edcda7420700d5,"",%progbits
  40 0000 789C9591 		.ascii	"x\234\225\221\317K[A\020\307\347\373\346e\363b\215\377"
  40      CF4B5B41 
  40      10C7E7FB 
  40      E665F362 
  40      8DFF
  41 0012 40A5A420 		.ascii	"@\245\244 \210\227\274\377\302\177\243\250\027\017\201"
  41      8897BCFF 
  41      C27FA3A8 
  41      170F81
  42 0021 8AA1E0CD 		.ascii	"\212\241\340\315M\374\215\025D\252BxJ\016\212P(*\246"
  42      4DFC8D15 
  42      44AA4278 
ARM GAS  /tmp/ccUPWgln.s 			page 3


  42      4A0E8A50 
  42      282AA6
  43 0034 8D4D6DFB 		.ascii	"\215Mm\373\232\2027[\365 \012\236\332\223\"\322\212"
  43      9A82375B 
  43      F5200A9E 
  43      DA9322D2 
  43      8A
  44 0045 47B19DD9 		.ascii	"G\261\235\331(\344\340Exovfw\3463\337\3315D4\344\021"
  44      28E4E045 
  44      786F7666 
  44      77E633DF 
  44      D9354434 
  45 005b 75C8FA54 		.ascii	"u\310\372T~0\301\233\375AT\010<@\035\033\200\206=\014"
  45      7E30C19B 
  45      FD415408 
  45      3C401D1B 
  45      80863D0C 
  46 006f E335BF61 		.ascii	"\3435\277a\034\214nD<\315\221\244\371\022\376\335+\375"
  46      1C8C6E44 
  46      3CCD91A4 
  46      F912FEDD 
  46      2BFD
  47 0081 6ED310C8 		.ascii	"n\323\020\310Hxq\271[i\355Z\263\266h\343\3059\263\\"
  47      487871B9 
  47      5B69ED5A 
  47      B3B668E3 
  47      C539B35C 
  48 0095 D9B7A988 		.ascii	"\331\267\251\210=Z\220\364\012\332\261\205v\355\361"
  48      3D5A90F4 
  48      0ADAB185 
  48      76EDF1
  49 00a4 1E5D923C 		.ascii	"\036]\222<v\2608\316\374\034$\376\311\237\267\247m\235"
  49      76B038CE 
  49      FC1C24FE 
  49      C99FB7A7 
  49      6D9D
  50 00b6 ABAEF07A 		.ascii	"\253\256\360z\205mG\304\214\017\340\346B\331\"T\321"
  50      856D47C4 
  50      8C0FE0E6 
  50      42D92254 
  50      D1
  51 00c7 A9F9BF36 		.ascii	"\251\371\2776o\347\323\306/3)[\220\3330\004q\326\017"
  51      6FE7D3C6 
  51      2F33295B 
  51      90DB3004 
  51      71D60F
  52 00da 13B1BDFD 		.ascii	"\023\261\275\3757a\343\323U,u\247<)\363YL\302\027c\022"
  52      3761E3D3 
  52      552C75A7 
  52      3C29F359 
  52      4CC21763 
  53 00ef EA193549 		.ascii	"\352\0315I(+ \225G\223\302\220YmLS\022\2127\022\323"
  53      282B2095 
  53      4793C290 
  53      596D4C53 
  53      128A3712 
  54 0104 398AB5B3 		.ascii	"9\212\265\263\231\357F\321%\366\244\351\302X\375gR\207"
ARM GAS  /tmp/ccUPWgln.s 			page 4


  54      99EF46D1 
  54      25F6A4E9 
  54      C258FD67 
  54      5287
  55 0116 65A779A7 		.ascii	"e\247y\247\276\267k\312X.Xk3\021'K\234\304G\035P\357"
  55      BEB76BCA 
  55      582E586B 
  55      3311274B 
  55      9CC4471D 
  56 012c 657AEE18 		.ascii	"ez\356\030\341;;\353\216\002\324P\306\274\012%|B(\354"
  56      E13B3BEB 
  56      8E02D450 
  56      C6BC0A25 
  56      7C4228EC 
  57 0140 7A2DD500 		.ascii	"z-\325\000s38\365\020\270E\272c\347\016|T\255U\323\002"
  57      733338F5 
  57      10B845BA 
  57      63E70E7C 
  57      54AD55D3 
  58 0155 1E2DE8D1 		.ascii	"\036-\350\321\023|v`\235\034_\034\270x\017\366\037%"
  58      137C7660 
  58      9D1C5F1C 
  58      B8780FF6 
  58      1F25
  59 0167 B1155F1D 		.ascii	"\261\025_\035\311SR\354H#W\343h\240\022\"S\200\315t"
  59      C95352EC 
  59      482357E3 
  59      68A01222 
  59      5380CD74 
  60 017b F3287A1A 		.ascii	"\363(z\032\337\034\335=U\275A\277\271\247\007\256\201"
  60      DF1CDD3D 
  60      55BD41BF 
  60      B9A707AE 
  60      81
  61 018c A14B1433 		.ascii	"\241K\0243w;zQ\2232\225\274\204\010z\226\315\206\215"
  61      773B7A51 
  61      933295BC 
  61      84087A96 
  61      CD868D
  62 019f EF653EEC 		.ascii	"\357e>\354\357\311\205\371\301>]_\014\364\344\262}\304"
  62      EFC985F9 
  62      C13E5D5F 
  62      0CF4E4B2 
  62      7DC4
  63 01b1 BDAFF2FF 		.ascii	"\275\257\362\377\001\201\326\314b"
  63      0181D6CC 
  63      62
  64              		.text
  65              		.section	.gnu.lto_palWriteBus.e6edcda7420700d5,"",%progbits
  66 0000 789C9592 		.ascii	"x\234\225\222\317k\023Q\020\307\337w\337f\363sS\275"
  66      CF6B1351 
  66      10C7DF77 
  66      DF66F373 
  66      53BD
  67 0012 092D12C1 		.ascii	"\011-\022\301\020\252\320\375\223\244\315E\241\240\030"
  67      10AAD0FD 
  67      93A4CD45 
ARM GAS  /tmp/ccUPWgln.s 			page 5


  67      A1A018
  68 0021 C5635FD2 		.ascii	"\305c_\322$U\242P\304\246\020\267\032,\246 \210\025"
  68      2455A250 
  68      C4A610B7 
  68      1A2CA620 
  68      8815
  69 0033 7FC4C65A 		.ascii	"\177\304\306Z\327\250\255\207V\333\036\212\212 (\364"
  69      D7A8AD87 
  69      56DB1E8A 
  69      8A2028F4 
  70 0043 20A8118A 		.ascii	" \250\021\212x(\2513/\011M\305K\037\273\363\336\314"
  70      7828A933 
  70      2F094DC5 
  70      4B1FBBF3 
  70      DECC
  71 0055 CE7C6666 		.ascii	"\316|ff\347YB\210\233R\210\343\264\367\322\013)`\214"
  71      E7594288 
  71      9B5288E3 
  71      B4F7D20B 
  71      29608C
  72 0068 BF15221D 		.ascii	"\277\025\"\0350\000>\250\000\304\210\201\021\\\226\327"
  72      30003EA8 
  72      00C48881 
  72      115C96D7 
  73 0078 24EA639B 		.ascii	"$\352c\233sF\377\214\242\345MnYy\225;\344Rx\221^^x\200"
  73      7346FF8C 
  73      A2E54D6E 
  73      5979953B 
  73      E4527891 
  74 0090 7EF25ACB 		.ascii	"~\362Z\313\316\272\262 ]\011\230\244\376Z)}\215\262"
  74      CEBAB220 
  74      5D0998A4 
  74      FE5A297D 
  74      8DB2
  75 00a2 6A20466A 		.ascii	"j Fjnm2/\345\021\010:\177h\334\371\024M\334V*\243\274"
  75      6E6D322F 
  75      E511083A 
  75      7F68DCF9 
  75      144DDC56 
  76 00b9 ED69A98E 		.ascii	"\355i\251\216\272R\3421$\001\361\010}x\210>A&\201*\022"
  76      BA52E231 
  76      2401F108 
  76      7D78883E 
  76      4126812A 
  77 00ce E43ED5BC 		.ascii	"\344>\325\274\265\024\226q\035ZYp\223\355\310\345\212"
  77      B5149671 
  77      1D5A5970 
  77      93EDC8E5 
  77      8A
  78 00df 8E34F1E4 		.ascii	"\2164\361\344\337HS`\016\011v\377r\2779a[f\271S-j\260"
  78      DF485360 
  78      0E0976FF 
  78      72BF3961 
  78      5B66B953 
  79 00f6 C015ACCE 		.ascii	"\300\025\254\316\026\242\362\230F~\\\255\314\330\361"
  79      16A2F298 
  79      467E5CAD 
ARM GAS  /tmp/ccUPWgln.s 			page 6


  79      CCD8F1
  80 0105 69CDFC7D 		.ascii	"i\315\374}\335*)/\033s\245\017O\367by\355\0221\217\270"
  80      DD2A292F 
  80      1B73A50F 
  80      4FF76279 
  80      ED12318F 
  81 011a A611F319 		.ascii	"\246\021\363\0311ic\323\275u\237\247\232;c\312\333\350"
  81      316963D3 
  81      BD759FA7 
  81      9A3B63CA 
  81      DBE8
  82 012c FDB9F5F9 		.ascii	"\375\271\365\371`\017\300\245\030T\224%Y\230,|$\374"
  82      600FC0A5 
  82      18549425 
  82      59982C7C 
  82      24FC
  83 013e 160B3FAB 		.ascii	"\026\013?\253\001\026A\026!\022\201\010\270o[\350\024"
  83      01164116 
  83      21128108 
  83      B86F5BE8 
  83      14
  84 014f E222954D 		.ascii	"\342\"\225M\023Q\236\270$\015>\215z\342\0332\315\374"
  84      13519EB8 
  84      240D3E8D 
  84      7AE21B32 
  84      CDFC
  85 0161 F76A8433 		.ascii	"\367j\2043\227\244Q\222`S-\330\322yb\305\\\375\235\237"
  85      97A45192 
  85      60532DD8 
  85      D27962C5 
  85      5CFD9D9F 
  86 0175 7FBED42D 		.ascii	"\177\276\324-\316\327W\026\2552n\244i\202\324[\260$"
  86      CED75716 
  86      AD326EA4 
  86      6982D45B 
  86      B024
  87 0187 2358E09E 		.ascii	"#X\340\236xN\205\253\357\341\334U\343\372S\010\317Q"
  87      784E85AB 
  87      EFE1DC55 
  87      E3FA5308 
  87      CF51
  88 0199 C6849E2C 		.ascii	"\306\204\236,<8\004\036\335\316\243E6u2\331\235\314"
  88      3C38041E 
  88      DDCEA345 
  88      367532D9 
  88      9DCC
  89 01ab B72F7A18 		.ascii	"\267/z\030/4\035L\257\267\350\305\016\275M[o,O\205\271"
  89      2F341D4C 
  89      AFB7E8C5 
  89      0EBD4D5B 
  89      6F2C4F85 
  90 01c0 743F0EE0 		.ascii	"t?\016\340%a\310\247\321\361\361\353\"\254=U\005\250"
  90      2561C8A7 
  90      D1F1F1EB 
  90      22AC3D55 
  90      05A8
  91 01d2 FF5655BB 		.ascii	"\377VU\273~Am\366\261\355O\307f\353\360\240\330D&\246"
ARM GAS  /tmp/ccUPWgln.s 			page 7


  91      7E416DF6 
  91      B1ED4FC7 
  91      66EBF0A0 
  91      D84426A6 
  92 01e6 6746FF97 		.ascii	"gF\377\227\254\335\335\204\366\325M\004\257t7\006w\363"
  92      ACDDDD84 
  92      F6D54D04 
  92      AF743706 
  92      77F3
  93 01f8 5A77532F 		.ascii	"ZwS/jR\367\004\354\377M J\271\260\330\246nTkU\233\250"
  93      6A52F704 
  93      ECFF4D20 
  93      4AB9B0D8 
  93      A66E546B 
  94 020f D9347FEA 		.ascii	"\3314\177\352\301\222\246\352\353\372\006\016\227\370"
  94      C192A6EA 
  94      EBFA060E 
  94      97F8
  95 021d 0399F2CE 		.ascii	"\003\231\362\316\025\264\356\233\340K\001\276\012\224"
  95      15B4EE9B 
  95      E04B01BE 
  95      0A94
  96 022b F8F0C080 		.ascii	"\370\360\300\200\323zN\247\234\223\203\303N\352l\222"
  96      D37A4EA7 
  96      9C9383C3 
  96      4EEA6C92 
  97 023b F7136706 		.ascii	"\367\023g\006\207\007\222B\016\235O\231C\247\316\245"
  97      87079242 
  97      0E9D4F99 
  97      43A7CEA5 
  98 024b 70E12F7D 		.ascii	"p\341/}\253\"6"
  98      AB2236
  99              		.text
 100              		.section	.gnu.lto_palSetBusMode.e6edcda7420700d5,"",%progbits
 101 0000 789C9592 		.ascii	"x\234\225\222MK[A\024\206\317;\347\346\336D\253\353"
 101      4D4B5B41 
 101      1486CF3B 
 101      E7E6DE44 
 101      ABEB
 102 0012 4283A4D0 		.ascii	"B\203\244\320\022\262\311\375\031\376\214bS\241\210"
 102      12B2C9FD 
 102      19FE8C62 
 102      53A188
 103 0021 A234749D 		.ascii	"\2424t\23516Q\261Pik\204x\221,\232\012\202\250\370\321"
 103      313651B1 
 103      50696B84 
 103      78912C9A 
 103      0A82A8F8 
 104 0036 46ADDE66 		.ascii	"F\255\336f\321\225Zt\325\342\307\242\005\241%\025\305"
 104      D1955A74 
 104      D5E2C7A2 
 104      05A12515 
 104      C5
 105 0047 6D6B7B66 		.ascii	"mk{f\322.\352\316\341\316\314\231;\347}\346\235\303"
 105      D22EEACE 
 105      E1CECC99 
 105      3BE77DE6 
ARM GAS  /tmp/ccUPWgln.s 			page 8


 105      9DC3
 106 0059 B844D4A3 		.ascii	"\270D\324\243\210R2\337\222\016&\250\361]\242\301\250"
 106      885232DF 
 106      920E26A8 
 106      F15DA2C1 
 106      A8
 107 006a 024CA0A3 		.ascii	"\002L\240\243\240\234B\016O\371%\243>|RS\251\031--\234"
 107      A09C420E 
 107      4FF925A3 
 107      3E7C5253 
 107      A9192D2D 
 108 007f DCF78ABA 		.ascii	"\334\367\212\272p3`\242\222t\323\260\204\224d\355=Y"
 108      703360A2 
 108      9274D3B0 
 108      849464ED 
 108      3D59
 109 0091 08788C03 		.ascii	"\010x\214\003\006\034Y\236\357\224\277\266\233\245B"
 109      061C599E 
 109      EF94BFB6 
 109      9BA542
 110 00a0 429685BD 		.ascii	"B\226\205\275\311\"\363m\220\304\237\317f\017\333\223"
 110      C922F36D 
 110      90C49FCF 
 110      660FDB93 
 111 00b0 55ADF33A 		.ascii	"U\255\363:\334~\305\372N\300\214U\260\000\261\2028\226"
 111      DC7EC5FA 
 111      4EC08C55 
 111      B000B182 
 111      3896
 112 00c2 1127F945 		.ascii	"\021'\371Ex\203\244\244_,U_\264\362]+=>]\236j\371+\375"
 112      7883A4A4 
 112      5F2C555F 
 112      B4F25D2B 
 112      3D3E5D9E 
 113 00da 59B55207 		.ascii	"Y\265R\007o\257J\035B\015I\223\377e\361r\242\315u*\377"
 113      6FAF4A1D 
 113      420D4993 
 113      FF65F172 
 113      A2CD752A 
 114 00ef EC620D2E 		.ascii	"\354b\015.A\202\371\375H\250/\177\017\353\260\361\032"
 114      4182F9FD 
 114      48A82F7F 
 114      0FEBB0F1 
 114      1A
 115 0100 479D3125 		.ascii	"G\2351%\262\010\313\340:2x\021\023\2710\016<X\030\215"
 115      B208CBE0 
 115      3A327811 
 115      13B9300E 
 115      3C58188D 
 116 0114 885E6AA3 		.ascii	"\210^j\243C\032ee\242\241\220\276#\277\366\355G\306"
 116      431A6565 
 116      A2A190BE 
 116      23BFF6ED 
 116      47C6
 117 0126 50CBACE4 		.ascii	"P\313\254\344\274R\241\376\3213\267fkw\243\276\363\301"
 117      BC52A1FE 
 117      D133B766 
ARM GAS  /tmp/ccUPWgln.s 			page 9


 117      6B77A3BE 
 117      F3C1
 118 0138 AD607A50 		.ascii	"\255`zPJ\227\0108Zf\027\353b\321\354\235\217=\377\004"
 118      4A970838 
 118      5A6617EB 
 118      62D1EC9D 
 118      8F3DFF04 
 119 014c 7F4E8FDB 		.ascii	"\177N\217\333\255\0306P\301\204-)\336\301\267\350X\023"
 119      AD183650 
 119      C1842D29 
 119      DEC1B7E8 
 119      5813
 120 015e CCD722B5 		.ascii	"\314\327\"\265`\323\222\314-\261\365?\311\271\026\251"
 120      60D392CC 
 120      2DB1F53F 
 120      C9B916A9 
 121 016e 15A12529 		.ascii	"\025\241%)CzoICgE4Q\021\361%@j\240\230\260U\025y\255"
 121      437A6F49 
 121      43674534 
 121      5111F125 
 121      406AA098 
 122 0187 D638F072 		.ascii	"\3268\360r\277t4\340\033%c\000u\344H*c\323\275\200\333"
 122      BF7434E0 
 122      1B256300 
 122      75E4482A 
 122      63D3BD80 
 123 019c E814F9CA 		.ascii	"\350\024\371\312\3723\313\260\217gD\322\244\226rDG:"
 123      FA33CBB0 
 123      8F6744D2 
 123      A4967244 
 123      473A
 124 01ae ED37BFFE 		.ascii	"\3557\277\376\254\377\260\253\327\317>\312\230\371\336"
 124      ACFFB0AB 
 124      D7CF3ECA 
 124      98F9DE
 125 01bd 40576F3A 		.ascii	"@Wo:C|\377q\326\351\353\177\320\375\007Ru\312b"
 125      437CFF71 
 125      D6E9EB7F 
 125      D0FD0752 
 125      75CA62
 126              		.text
 127              		.section	.gnu.lto_.symbol_nodes.e6edcda7420700d5,"",%progbits
 128 0000 789C6363 		.ascii	"x\234cc``\010\004b\006\246\371L\365\014\014\023\316"
 128      60600804 
 128      6206A6F9 
 128      4CF50C0C 
 128      13CE
 129 0012 313000A9 		.ascii	"10\000\251]\015\216@\221\005L\365\214\250\"\013\231"
 129      5D0D8E40 
 129      91054CF5 
 129      8CA8220B 
 129      99
 130 0023 EA995044 		.ascii	"\352\231PD\030\2270\3253\203E\030\030\032\032\034\030"
 130      189730D5 
 130      33834518 
 130      181A1A1C 
 130      18
ARM GAS  /tmp/ccUPWgln.s 			page 10


 131 0034 18989998 		.ascii	"\030\230\231\230\031\226<\374\307\310\000\000C.\024"
 131      19963CFC 
 131      C7C80000 
 131      432E14
 132 0043 1F       		.ascii	"\037"
 133              		.text
 134              		.section	.gnu.lto_.refs.e6edcda7420700d5,"",%progbits
 135 0000 789C6363 		.ascii	"x\234cc```\004b\006\000\000D\000\010"
 135      60606004 
 135      62060000 
 135      440008
 136              		.text
 137              		.section	.gnu.lto_.decls.e6edcda7420700d5,"",%progbits
 138 0000 789C9557 		.ascii	"x\234\225WoPT\327\025\177\347\335]X\226\005,\332\216"
 138      6F5054D7 
 138      157FE7DD 
 138      5D589605 
 138      2CDA8E
 139 0013 33258EE3 		.ascii	"3%\216\343`\345C\312\012$S;\355\207\216\332&N5v0\235"
 139      60E543CA 
 139      0A24533B 
 139      ED878EDA 
 139      264E3576 
 140 0029 8EFDD00D 		.ascii	"\216\375\320\015\201%0\345\217\303.\255\371\324\007"
 140      812530E5 
 140      8FC32EAD 
 140      F9D407
 141 0038 BB9A5589 		.ascii	"\273\232U\211\021$\004\221\030\004\305 (j\374\003Y\025"
 141      11240491 
 141      1804C520 
 141      286AFC03 
 141      5915
 142 004a 0415A2A2 		.ascii	"\004\025\242\242\210\210AEP\003\"\"\002\022\374\013"
 142      88884145 
 142      50032222 
 142      0212FC0B 
 143 005a F4DC7BDF 		.ascii	"\364\334{\337\333}\254\273\246}\303\331\367\356}\347"
 143      DB7DACBB 
 143      A67DC3D9 
 143      F7EE7DE7 
 144 006a 9CDFEF9C 		.ascii	"\234\337\357\234{\356\271\017?A\020\336\233!\010\277"
 144      7BEEB90F 
 144      3F4110DE 
 144      9B2108BF 
 145 007a 1305A110 		.ascii	"\023\005\241\020\004a\012/\015\316\235B!(\243(\015("
 145      04610A2F 
 145      0DCE9D42 
 145      2128A328 
 145      0D28
 146 008c 6302BFE8 		.ascii	"c\002\277\350\273\011\024\021u\375Q\202@x\345z\201s"
 146      BB091411 
 146      75FD5182 
 146      4078E57A 
 146      8173
 147 009e C1780F45 		.ascii	"\301x\017E\231%\333S?](\013PV\243\214\240\004\243^\010"
 147      9925DB53 
 147      3F5D280B 
ARM GAS  /tmp/ccUPWgln.s 			page 11


 147      5056A38C 
 147      A004A35E 
 148 00b3 CA0D7C6E 		.ascii	"\312\015|nF\231\201\317?\003\216q\037\245\003e\020\345"
 148      469981CF 
 148      3F038E71 
 148      1FA50365 
 148      10E5
 149 00c5 210AC8B8 		.ascii	"!\012\310\270\364>\327\003S\213\3341\004\341\003\025"
 149      F43ED703 
 149      538BDC31 
 149      04E10315 
 150 00d5 A6C2BB4E 		.ascii	"\246\302\273N\205\331%\343R\014\212\345\211\257\221"
 150      85D925E3 
 150      520C8AE5 
 150      89AF91
 151 00e4 B10665FC 		.ascii	"\261\006e\374N\031\217\306J\357\363=pCD\036\247'\356"
 151      4E198FC6 
 151      4AEFF33D 
 151      7043441E 
 151      A727EE
 152 00f7 988F5815 		.ascii	"\230\217X\025\334_\241\030\200\347\367\276\012\023\335"
 152      DC5FA118 
 152      80E7F7BE 
 152      0A13DD
 153 0106 B9724AA1 		.ascii	"\271rJ\241\"=\360\362\011\\\266\037(&\233\010\204\352"
 153      223DF0F2 
 153      095CB61F 
 153      28269B08 
 153      84EA
 154 0118 4183C391 		.ascii	"A\203\303\221\226\242\273\3018\234\245\207\2718,r\216"
 154      96A2BBC1 
 154      389CA587 
 154      B9382C72 
 154      8E
 155 0129 9DD3F2B7 		.ascii	"\235\323\362\267:\034N\225\037\330\240#\310\036\237"
 155      3A1C4E95 
 155      1FD8A023 
 155      C81E9F
 156 0138 BB9A2B2A 		.ascii	"\273\232+*\251\341\002=\320%\016\301\251\352\301\332"
 156      A9E1023D 
 156      D0250EC1 
 156      A9EAC1DA 
 157 0148 67417C8A 		.ascii	"gA|\212j\224\326\224\325h\210?{\336\321zhed\225\304"
 157      6A94D694 
 157      D568883F 
 157      7BDED17A 
 157      68656495 
 158 015d 2FDD0A01 		.ascii	"/\335\012\001j\201(\024\332>\033\335\345O\"\251\236"
 158      6A812814 
 158      DA3E1BDD 
 158      E54F22A9 
 158      9E
 159 016e D8DDF9E2 		.ascii	"\330\335\371\342f0\350#\034\222\224-\225\330\244\200"
 159      6630E823 
 159      1C92942D 
 159      95D8A480 
 160 017e 7705380C 		.ascii	"w\0058\014a\360\015\204\011p\002\"\250\357o!R\200\032"
ARM GAS  /tmp/ccUPWgln.s 			page 12


 160      61F00D84 
 160      09700222 
 160      A8EF6F21 
 160      52801A
 161 0191 9C3C8693 		.ascii	"\234<\206\223\345\324a\375\245'\013r?\221$\021\216\203"
 161      E5D461FD 
 161      A5270B72 
 161      3F912411 
 161      8E83
 162 01a3 1E9C4098 		.ascii	"\036\234@\230\016\306\274@\317!*v\345\226\372\221\217"
 162      0EC6BC40 
 162      CF212A76 
 162      E596FA91 
 162      8F
 163 01b4 1884737B 		.ascii	"\030\204s{\357\031\321\027D\275O\210\246\035\363\316"
 163      EF19D117 
 163      44BD4F88 
 163      A61DF3CE 
 164 01c4 AEA31075 		.ascii	"\256\243\020u\010q\322\015\201\210\034\303~z<7\210l"
 164      0871D20D 
 164      81881CC3 
 164      7E7A3C37 
 164      886C
 165 01d6 0506D2F7 		.ascii	"\005\006\322\367\314~8\320\027H\243o\220\252\210\275"
 165      CC7E38D0 
 165      1748A36F 
 165      90AA88BD 
 166 01e6 ED923417 		.ascii	"\355\2224\027\032\020\344\224\033\244N\001\271:2Z\020"
 166      1A10E494 
 166      1BA44E01 
 166      B93A325A 
 166      10
 167 01f7 4C3A1808 		.ascii	"L:\030\010\014\331{{\002\371\352\314\246y\034\276\360"
 167      0CD97B7B 
 167      02F9EACC 
 167      A6791CBE 
 167      F0
 168 0208 A53C9C81 		.ascii	"\245<\234\201\303C\035_;u\244\213\253\026\266\035\374"
 168      C3431D5F 
 168      3B75A48B 
 168      AB16B61D 
 168      FC
 169 0219 A31EC9D8 		.ascii	"\243\036\311\330\376\247\210\321\340\323\374\206\006"
 169      FEA788D1 
 169      E0D3FC86 
 169      06
 170 0226 0DB9CDAD 		.ascii	"\015\271\315\255\355\215W\217\030H\037\037\364\236\257"
 170      ED8D578F 
 170      18481F1F 
 170      F49EAF
 171 0235 CED69101 		.ascii	"\316\326\221\001>\350\253\314\031\014&C|P\231wy7!\243"
 171      3EE8ABCC 
 171      190C2643 
 171      7C509977 
 171      793721A3 
 172 0249 7C5073E2 		.ascii	"|Ps\342a4'\023\206\243o\273F\352\003y]\365\000\216\367"
 172      61342713 
ARM GAS  /tmp/ccUPWgln.s 			page 13


 172      86A36FBB 
 172      46EA0379 
 172      5DF5008E 
 173 025e 3DED3EAA 		.ascii	"=\355>\252%\343L5\340\210\243s\212@\370\314p\274\"\302"
 173      25E34C35 
 173      E088A373 
 173      8A40F8CC 
 173      70BC22C2 
 174 0272 C34B25BB 		.ascii	"\303K%\273M\252\357\256{\253\273\255_\222\362\014\320"
 174      4DAAEFAE 
 174      7BABBBAD 
 174      5F92F20C 
 174      D0
 175 0283 8CC93887 		.ascii	"\214\3118\207\311h\203\231n\336G\360\207\205\201\211"
 175      C9688399 
 175      6EDE47F0 
 175      87858189 
 176 0293 C9A5C9DB 		.ascii	"\311\245\311\333\202\002\032\001.\241\306E\366\222\352"
 176      82021A01 
 176      2EA1C645 
 176      F692EA
 177 02a2 635C700D 		.ascii	"c\\p\015C\374\036\302\241\035\245\003\3452J'\312U\224"
 177      43FC1EC2 
 177      A11DA503 
 177      E5324A27 
 177      CA5594
 178 02b5 2B10CEEA 		.ascii	"+\020\316\352\220\2036$\025I\365v\302\020[=\021\317"
 178      90833624 
 178      1549F576 
 178      C2105B3D 
 178      11CF
 179 02c7 30A75161 		.ascii	"0\247Qa.\355\353&\267\366\005Om\243\233\036\327~\256"
 179      2EEDEB26 
 179      B7F6054F 
 179      6DA39B1E 
 179      D77EAE
 180 02da D26EF2D4 		.ascii	"\322n\362\324>\013\236\352wT\352\347\275\007\317\250"
 180      3E0B9EEA 
 180      7754EAE7 
 180      BD07CFA8 
 181 02ea F0C239DB 		.ascii	"\360\3029\333\035\232\205\341S-A.\032wT\035\335\241"
 181      1D9A85E1 
 181      532D412E 
 181      1A77541D 
 181      DDA1
 182 02fc A536A979 		.ascii	"\2456\251y!\363\325\342\225\250*\252Q\025\360w\336y"
 182      21F3D5E2 
 182      95A82AAA 
 182      5115F077 
 182      DE79
 183 030e 326D5CC5 		.ascii	"2m\\\305\273O\356\035\013!\373YC\020;_\236\273\030\014"
 183      BB4FEE1D 
 183      0B21FB59 
 183      43103B5F 
 183      9EBB180C 
 184 0322 3323BC2E 		.ascii	"3#\274.\006\334\3045\370\177\326\203\207u\261\337\017"
 184      06DCC435 
ARM GAS  /tmp/ccUPWgln.s 			page 14


 184      F87FD683 
 184      8775B1DF 
 184      0F
 185 0333 DB05DC40 		.ascii	"\333\005\334@\303\353\356\335@\203d\370#E\271W\375\015"
 185      C3EBEEDD 
 185      408364F8 
 185      2345B957 
 185      FD0D
 186 0345 1B5D7B8C 		.ascii	"\033]{\214)*\\\005\350\002\203l\202\272\3076\024\336"
 186      292A5C05 
 186      E802836C 
 186      82BAC736 
 186      14DE
 187 0357 0B224ECE 		.ascii	"\013\"N\316\365\371\221\352\006\200\010\203\262\353"
 187      F5F991EA 
 187      06800883 
 187      B2EB
 188 0365 C2F70DD3 		.ascii	"\302\367\015\323]\327\203\006\267\3348h\2177\037\356"
 188      5DD78306 
 188      B7DC3868 
 188      8F371FEE 
 189 0375 A11BA398 		.ascii	"\241\033\243\230\206\360\242?\277\023x\311\033p\230"
 189      86F0A23F 
 189      BF1378C9 
 189      1B7098
 190 0384 EDECCC0D 		.ascii	"\355\354\314\015\221K\236\276\036\333z\275;\230\234"
 190      914B9EBE 
 190      1EDB7ABD 
 190      3B989C
 191 0393 9DDE3D57 		.ascii	"\235\336=W\277\332=W\363\3569\330z\351\012\220\026\316"
 191      BFDA3D57 
 191      F3EE39D8 
 191      7AE90A90 
 191      16CE
 192 03a5 F7FAE865 		.ascii	"\367\372\350e\342\253\233\364#\217\325\362\006\356\305"
 192      E2AB9BF4 
 192      238FD5F2 
 192      06EEC5
 193 03b4 C91F5CDD 		.ascii	"\311\037\\\335\344\332\215\350q\326\025\357\341R\366"
 193      E4DA8DE8 
 193      71D615EF 
 193      E152F6
 194 03c3 B9E35ACD 		.ascii	"\271\343Z\315\233\211\366\207\376\306SZ\334wl\317\241"
 194      9B89F687 
 194      FEC6535A 
 194      DC776CCF 
 194      A1
 195 03d4 E7FAA6EE 		.ascii	"\347\372\246\3567\253G\371\236\243\2518\215&\003\336"
 195      37AB47F9 
 195      9EA3A938 
 195      8D2603DE 
 196 03e4 4B65DA22 		.ascii	"Ke\332\"\337\301\367\267Y\306\007\344\025~\200\234\356"
 196      DFC1F7B7 
 196      59C607E4 
 196      157E809C 
 196      EE
 197 03f5 E36A3E44 		.ascii	"\343j>D\031\234\266\242\223\373y\241\016x\026*\305\037"
ARM GAS  /tmp/ccUPWgln.s 			page 15


 197      199CB6A2 
 197      93FB79A1 
 197      0E78162A 
 197      C51F
 198 0407 AA092D63 		.ascii	"\252\011-c\205J\011\337\365D?\242\336\177T\375\334\""
 198      854A09DF 
 198      F5443FA2 
 198      DE7F54FD 
 198      DC22
 199 0419 5EA9B459 		.ascii	"^\251\264Y\036\365\312\225o(\314\346\263\212\307c\204"
 199      1EF5CA95 
 199      6F28CCE6 
 199      B38AC763 
 199      84
 200 042a 6C277CF5 		.ascii	"l'|\365\353\206/\373C\304L\316h\274\206\325\3300\032"
 200      EB862FFB 
 200      43C44CCE 
 200      68BC86D5 
 200      D8301A
 201 043d 0FB97334 		.ascii	"\017\271s4\300j\314k\230\360\010\243{]\244\210\227s"
 201      C06ACC6B 
 201      98F008A3 
 201      7B5DA488 
 201      9773
 202 044f E8F861ED 		.ascii	"\350\370a\355L\331\334\341\323\\\360f;y-\257 @]\325"
 202      4CD9DCE1 
 202      D35CF066 
 202      3B792DAF 
 202      20405DD5 
 203 0463 23D3AA7A 		.ascii	"#\323\252z\224U%\273\243\362\336\226\212\227\032\262"
 203      945525BB 
 203      A3F2DE96 
 203      8A971AB2 
 204 0473 9307367E 		.ascii	"\223\0076~\372^\231\316W\235\374\370\232S\347\367\374"
 204      FA5E99CE 
 204      579DFCF8 
 204      9A53E7F7 
 204      FC
 205 0484 D419C344 		.ascii	"\324\031\303D>\366<u\350,\355\340\247N\324\005vc\305"
 205      3EF63C75 
 205      E82CEDE0 
 205      A74ED405 
 205      7663C5
 206 0497 E34705CC 		.ascii	"\343G\005\314`\\\001\370/\336\251\260\361\224r\001\237"
 206      605C01F8 
 206      2FDEA9B0 
 206      F1947201 
 206      9F
 207 04a8 C75991DF 		.ascii	"\307Y\221\337dU:PL\3005#\312>D\305/\373\223\035\200"
 207      64553A50 
 207      4CC03523 
 207      CA3E44C5 
 207      2FFB931D 
 208 04bd DA2B7FCF 		.ascii	"\332+\177\317\341\224\213\177V\361\007\225\035\237\022"
 208      E1948B7F 
 208      56F10795 
 208      1D9F12
ARM GAS  /tmp/ccUPWgln.s 			page 16


 209 04cc DD602A93 		.ascii	"\335`*\223W\270\012\256\327.R\356 A^\232=\305\333\264"
 209      57B80AAE 
 209      D72E52EE 
 209      20415E9A 
 209      3DC5DBB4 
 210 04e0 3DD82204 		.ascii	"=\330\"\004\370\273 l\321\245\261\235z\273\355\370\204"
 210      F8BB206C 
 210      D1A5B19D 
 210      7ABBEDF8 
 210      84
 211 04f1 8EEC25FC 		.ascii	"\216\354%\374t\334\374\350h\210F\344\353\003i\032:w"
 211      74DCFCE8 
 211      688846E4 
 211      EB03691A 
 211      3A77
 212 0503 66EA497D 		.ascii	"f\352I}\010o\014\242\352\234\236\305\317i\373\205\272"
 212      086F0CA2 
 212      EA9C9EC5 
 212      CF69FB85 
 212      BA
 213 0514 A2A0D905 		.ascii	"\242\240\331\005\254Tl\322\014\221\225\363\013\\\240"
 213      AC546CD2 
 213      0C9195F3 
 213      0B5CA0
 214 0523 E76CB95F 		.ascii	"\347l\271_\302l\374}\006\032\316`t\317\031'\314+\221"
 214      C26CFC7D 
 214      061ACE60 
 214      74CF1927 
 214      CC2B91
 215 0536 4A7AA4FA 		.ascii	"Jz\244\372GC\341\205\307q\273\3525T\013\236\272W\356"
 215      4743E185 
 215      C771BBEA 
 215      35540B9E 
 215      BA57EE
 216 0549 29FDBA82 		.ascii	")\375\272\202'\270\213a\034\033\225\000\0230\217\322"
 216      27B88B61 
 216      1C1B9500 
 216      13308FD2 
 217 0559 2FB49D0F 		.ascii	"/\264\235\017$\355\234\351\372\246+\015\376\214)\005"
 217      24ED9CE9 
 217      FAA62B0D 
 217      FE8C2905 
 218 0569 E44CAB76 		.ascii	"\344L\253v\3316\371\273\330O\001\233\334\264\241\372"
 218      D936F9BB 
 218      D84F019B 
 218      DCB4A1FA 
 219 0579 BB0035C1 		.ascii	"\273\0005\301\017~\241\342\227%R~\222(\363{\2603\257"
 219      0F7EA1E2 
 219      9725527E 
 219      9228F37B 
 219      B033AF
 220 058c 4C27F3EB 		.ascii	"L'\363\353\330n\300\015\232-\321\026\204j0\351&8\351"
 220      D86EC00D 
 220      9A2DD116 
 220      846A30E9 
 220      2638E9
 221 059f 49305BA4 		.ascii	"I0[\244\004'n\335\035\025I\017'x\254\271\316\241gd\306"
ARM GAS  /tmp/ccUPWgln.s 			page 17


 221      04276EDD 
 221      1D15490F 
 221      2778ACB9 
 221      CEA16764 
 222 05b4 5C0473B2 		.ascii	"\\\004s\262\233N\272\323k\027\331\344\355\374\326\356"
 222      9B4EBAD3 
 222      6B17D9E4 
 222      EDFCD6EE 
 223 05c4 209F04D7 		.ascii	" \237\004\3273\202\353\024\202\337L\264\347ie\202\347"
 223      3382EB14 
 223      82DF4CB4 
 223      E7696582 
 223      E7
 224 05d5 E6B8F8A1 		.ascii	"\346\270\370\241\026\330D\027?|\234\316\357\023\306"
 224      16D84417 
 224      3F7C9CCE 
 224      EF13C6
 225 05e4 EFE16EDB 		.ascii	"\357\341n\333\326\0202\344\233\337\324\266\315e~\256"
 225      D61032E4 
 225      9BDFD4B6 
 225      CD657EAE 
 226 05f4 A46EE0FC 		.ascii	"\244n\340\374\232\316\344\337\345\244iW\335\310'\257"
 226      9ACEE4DF 
 226      E5A46957 
 226      DDC827AF 
 227 0604 F46C1CD6 		.ascii	"\364l\034\326\371$\235\303HoRH\337\277Y\325\350\207"
 227      F9249DC3 
 227      486F5248 
 227      DFBF59D5 
 227      E887
 228 0616 A47BF837 		.ascii	"\244{\3707\342\243\003\375\222C\317\264\300\341&\355"
 228      E2A303FD 
 228      9243CFB4 
 228      C0E126ED 
 229 0626 10F93735 		.ascii	"\020\37175|\312\310\366\346\035\274G\224>\342x\315\351"
 229      7CCAC8F6 
 229      E61DBC47 
 229      943EE278 
 229      CDE9
 230 0638 089B45DA 		.ascii	"\010\233E\332J\256\025\215\330u\276\364=\216;\370\214"
 230      4AAE158D 
 230      D875BEF4 
 230      3D8E3BF8 
 230      8C
 231 0649 99AC5FE7 		.ascii	"\231\254_\347\234$z\207\313\344'\216%\330\"\322V\222"
 231      9C247A87 
 231      CBE4278E 
 231      25D822D2 
 231      5692
 232 065b 555B5CA0 		.ascii	"U[\\\240\365n\345\355\323\030r\231\325\245\236\033S"
 232      F56EE5ED 
 232      D3187299 
 232      D5A59E1B 
 232      53
 233 066c 84D8352C 		.ascii	"\204\3305,\367\327:\355\265\362Y\033H\227\342\366\347"
 233      F7D73AED 
 233      B5F2591B 
ARM GAS  /tmp/ccUPWgln.s 			page 18


 233      4897E2F6 
 233      E7
 234 067d 75017C4B 		.ascii	"u\001|K}O_\357ly\\\240'y\\wb\270u\302\300u\251\237\027"
 234      7D4F5FEF 
 234      6C795CA0 
 234      27795C77 
 234      62B875C2 
 235 0696 CDEBBF02 		.ascii	"\315\353\277\002\212.\311\355\025\347\335Y\371B\304"
 235      8A2EC9ED 
 235      15E7DD59 
 235      F942C4
 236 06a5 9E878707 		.ascii	"\236\207\207\007\024\210\354;\370\352\323\023\317\015"
 236      1488EC3B 
 236      F8EAD313 
 236      CF0D
 237 06b3 643BF3A4 		.ascii	"d;\363\244\251\262\355\035\326@D\030\240:\350\313\225"
 237      A9B2ED1D 
 237      D6404418 
 237      A03AE8CB 
 237      95
 238 06c4 7F670428 		.ascii	"\177g\004(\026\365P(g\037\257\"l\371\322\360\177\350"
 238      16F55028 
 238      671FAF22 
 238      6CF9D2F0 
 238      7FE8
 239 06d6 343EEBD8 		.ascii	"4>\353\330\235\205+\225Id\266\0001a\260\020\343\332"
 239      9D852B95 
 239      4964B600 
 239      3161B010 
 239      E3DA
 240 06e8 2646B057 		.ascii	"&F\260W\002l\027\303\240\210\003\236<\337\326\031\034"
 240      026C17C3 
 240      A088039E 
 240      3CDFD619 
 240      1C
 241 06f9 BA453E78 		.ascii	"\272E>x\376\000\314w>\276\337*R~_\212\241\012K\252}"
 241      FE00CC77 
 241      3EBEDF2A 
 241      527E5F8A 
 241      A10A4BAA 
 242 070e B0B8F959 		.ascii	"\260\270\371Y\200^\366\355\370)\337\355\267r\226\250"
 242      805EF6ED 
 242      F829DFED 
 242      B77296A8 
 243 071e 5DEF789D 		.ascii	"]\357x\235\353\007\307js\264\363\313\244\326z\332i\336"
 243      EB07C76A 
 243      73B4F3CB 
 243      A4D67ADA 
 243      69DE
 244 0730 2C2C971C 		.ascii	",,\227\034\0070\226\257\304P\370\034k\016;\212\3126"
 244      073096AF 
 244      C450F81C 
 244      6B0E3B8A 
 244      CA36
 245 0742 0F67FE21 		.ascii	"\017g\376!\012P\"\316G\323\233\345_l\323\223\022\236"
 245      0A5022CE 
 245      47D39BE5 
ARM GAS  /tmp/ccUPWgln.s 			page 19


 245      5F6CD393 
 245      129E
 246 0754 7E5BD5C9 		.ascii	"~[\325\311\243Z\237\371.U\362\275\225S\034\032,\257"
 246      A35A9FF9 
 246      2E55F2BD 
 246      95531C1A 
 246      2CAF
 247 0766 D47A86EF 		.ascii	"\324z\206\357\376\300(c\034K\025\216G\317n\373Q\357"
 247      FEC02863 
 247      1C4B158E 
 247      47CF6EFB 
 247      51EF
 248 0778 19914FED 		.ascii	"\031\221O\355\362\366\306\363\201rDw~\231UR\2375\027"
 248      F2F6C6F3 
 248      81724477 
 248      7E995552 
 248      9F3517
 249 078b 76C9E160 		.ascii	"v\311\341`\377Q\031\356\224\303\331\315\3029\330\347"
 249      FF5119EE 
 249      94C3D9CD 
 249      C239D8E7 
 250 079b DCA8511F 		.ascii	"\334\250Q\037\310t\337\271C(\027\371\201\\\316\266\304"
 250      C874DFB9 
 250      432817F9 
 250      815CCEB6 
 250      C4
 251 07ac 9D0A67B5 		.ascii	"\235\012g\265\226\354\227K\357f\326\244\310K/\230v\207"
 251      96EC974B 
 251      EF66D6A4 
 251      C84B2F98 
 251      7687
 252 07be FB9D6572 		.ascii	"\373\235er\231\016\323\327e\003\265\215\362\277\327"
 252      990ED3D7 
 252      6503B58D 
 252      F2BFD7
 253 07cd 41F43F   		.ascii	"A\364?"
 254 07d0 B6865D43 		.ascii	"\266\206]C\001>3U\251dj/\317\224d{\322g\360\314T\005"
 254      013E3355 
 254      A9646A2F 
 254      CF94647B 
 254      D267F0CC 
 255 07e6 AEC8D76C 		.ascii	"\256\310\327lE\252X\354\225J\354{\032\354\316W2\345"
 255      45AA58EC 
 255      954AEC7B 
 255      1AECCE57 
 255      32E5
 256 07f8 53BBA537 		.ascii	"S\273\2457\267+D\316\324\3659<S\373\344La'T\031\356"
 256      B72B44CE 
 256      D4F5393C 
 256      53FBE44C 
 256      61275419 
 257 080d 9133B55F 		.ascii	"\2213\265_\234/hR\343,\377|#2\322\310\377\322-\306\244"
 257      9C2F6852 
 257      E32CFF7C 
 257      2332D2C8 
 257      FFD22DC6 
 258 0822 B814A325 		.ascii	"\270\024\243%#\236\336Mk\342R\"\343u\357\274\367\327"
ARM GAS  /tmp/ccUPWgln.s 			page 20


 258      239EDE4D 
 258      6BE25222 
 258      E375EFBC 
 258      F7D7
 259 0834 B94BA2A2 		.ascii	"\271K\242\242\004\275\311\224\231\234f\215\2116Y\177"
 259      04BDC994 
 259      999C668D 
 259      8936597F 
 260 0844 6DCCB464 		.ascii	"m\314\264d\030\223\323\342S2\023\314\3064\363\277S\222"
 260      1893D3E2 
 260      533213CC 
 260      C634F3BF 
 260      5392
 261 0856 3F34A6C6 		.ascii	"?4\246\306\305'%\247\231\215\246\004sb\\f\212\325d\375"
 261      C52725A7 
 261      998DA604 
 261      73625C66 
 261      8AD564FD 
 262 086a 788DD912 		.ascii	"x\215\331\022\231$\350\024\263y\336\314,\037[\214&\213"
 262      9924E814 
 262      B379DECC 
 262      2C1F5B8C 
 262      268B
 263 087c 35017550 		.ascii	"5\001uP\327\220\234\276&=\303Ji\231\254o{\022\243\257"
 263      D7909CBE 
 263      263DC34A 
 263      6999AC6F 
 263      7B12A3AF 
 264 0890 2CC655EF 		.ascii	",\306U\357\257\210\2116._\276\324\370\316_\226\255\374"
 264      AF888936 
 264      2E5FBED4 
 264      F8CE5F96 
 264      ADFC
 265 08a2 5794C2D5 		.ascii	"W\224\302\325\224\222\222\200.\374\250Vr\002Y\034\033"
 265      94929280 
 265      2EFCA856 
 265      7202591C 
 265      1B
 266 08b3 AB59BC2A 		.ascii	"\253Y\274*6\226\254\\\032K\226\241,\211}\027e\271f\371"
 266      3696AC5C 
 266      1A4B96A1 
 266      2C897D17 
 266      65B966F9 
 267 08c7 923FC746 		.ascii	"\222?\307F\253]\307\247\247\246\246\247\031\315k\255"
 267      AB5DC7A7 
 267      A7A6A6A7 
 267      19CD6BAD 
 268 08d7 E89BBBFF 		.ascii	"\350\233\273\377S\324\332\265F\21355&:1ja\314\332\017"
 268      53D4DAB5 
 268      468B3535 
 268      263A316A 
 268      61CCDA0F 
 269 08eb 29358A66 		.ascii	")5\212fz\037\203ZjN\324s\236\311\011&\253_zb\242\305"
 269      7A1F835A 
 269      6A4ED473 
 269      9EC90926 
 269      AB5F7A62 
ARM GAS  /tmp/ccUPWgln.s 			page 21


 270 0901 6C35D028 		.ascii	"l5\320(M\211q\026\353\"\223\365\015\257\221*A\316\363"
 270      4D897116 
 270      EB2293F5 
 270      0DAF912A 
 270      41CEF3
 271 0914 8C4B5154 		.ascii	"\214KQT\222\236$h\227\255\\\234i\321%\247\247\246'\230"
 271      929E2468 
 271      97AD5C9C 
 271      69D125A7 
 271      A7A62798 
 272 0928 4D563DCE 		.ascii	"MV=\316\306\232\343\022pn\316kWK\010\304\333\3372\222"
 272      C69AE312 
 272      706ECE6B 
 272      574B08C4 
 272      DBDF3292 
 273 093c AD66540D 		.ascii	"\255fT\015\302\347Uf+>\255@/?WrdB\266\037e\244g\256"
 273      C2E75566 
 273      2B3EAD40 
 273      2F3F5772 
 273      6442B61F 
 274 0954 A1BE834C 		.ascii	"\241\276\203L\246\304\314\264x\223)\3627o/\212\321)"
 274      A6C4CCB4 
 274      789329F2 
 274      376F2F8A 
 274      D129
 275 0966 234D7C52 		.ascii	"#M|R\\\306\264w\213\324\243\337\276\365_\370[a%"
 275      5CC6B477 
 275      8BD4A3DF 
 275      BEF55FF8 
 275      5B6125
 276              		.text
 277              		.section	.gnu.lto_.symtab.e6edcda7420700d5,"",%progbits
 278 0000 70616C52 		.ascii	"palReadBus\000"
 278      65616442 
 278      757300
 279 000b 00       		.ascii	"\000"
 280 000c 00       		.ascii	"\000"
 281 000d 00       		.ascii	"\000"
 282 000e 00000000 		.ascii	"\000\000\000\000\000\000\000\000"
 282      00000000 
 283 0016 FD000000 		.ascii	"\375\000\000\000"
 284 001a 70616C57 		.ascii	"palWriteBus\000"
 284      72697465 
 284      42757300 
 285 0026 00       		.ascii	"\000"
 286 0027 00       		.ascii	"\000"
 287 0028 00       		.ascii	"\000"
 288 0029 00000000 		.ascii	"\000\000\000\000\000\000\000\000"
 288      00000000 
 289 0031 02010000 		.ascii	"\002\001\000\000"
 290 0035 70616C53 		.ascii	"palSetBusMode\000"
 290      65744275 
 290      734D6F64 
 290      6500
 291 0043 00       		.ascii	"\000"
 292 0044 00       		.ascii	"\000"
 293 0045 00       		.ascii	"\000"
ARM GAS  /tmp/ccUPWgln.s 			page 22


 294 0046 00000000 		.ascii	"\000\000\000\000\000\000\000\000"
 294      00000000 
 295 004e 07010000 		.ascii	"\007\001\000\000"
 296 0052 5F70616C 		.ascii	"_pal_lld_setgroupmode\000"
 296      5F6C6C64 
 296      5F736574 
 296      67726F75 
 296      706D6F64 
 297 0068 00       		.ascii	"\000"
 298 0069 02       		.ascii	"\002"
 299 006a 00       		.ascii	"\000"
 300 006b 00000000 		.ascii	"\000\000\000\000\000\000\000\000"
 300      00000000 
 301 0073 0D010000 		.ascii	"\015\001\000\000"
 302              		.text
 303              		.section	.gnu.lto_.opts,"",%progbits
 304 0000 272D666D 		.ascii	"'-fmath-errno' '-fsigned-zeros' '-ftrapping-math' '"
 304      6174682D 
 304      6572726E 
 304      6F272027 
 304      2D667369 
 305 0033 2D666E6F 		.ascii	"-fno-trapv' '-fno-openmp' '-fno-openacc' '-mcpu=cor"
 305      2D747261 
 305      70762720 
 305      272D666E 
 305      6F2D6F70 
 306 0066 7465782D 		.ascii	"tex-m3' '-mthumb' '-O2' '-fomit-frame-pointer' '-fa"
 306      6D332720 
 306      272D6D74 
 306      68756D62 
 306      2720272D 
 307 0099 6C69676E 		.ascii	"lign-functions=16' '-ffunction-sections' '-fdata-se"
 307      2D66756E 
 307      6374696F 
 307      6E733D31 
 307      36272027 
 308 00cc 6374696F 		.ascii	"ctions' '-fno-common' '-flto'\000"
 308      6E732720 
 308      272D666E 
 308      6F2D636F 
 308      6D6D6F6E 
 309              		.text
 310              		.comm	__gnu_lto_v1,1,1
 311              		.comm	__gnu_lto_slim,1,1
 312              		.ident	"GCC: (15:7-2018-q2-6) 7.3.1 20180622 (release) [ARM/embedded-7-branch revision 261907]"
ARM GAS  /tmp/ccUPWgln.s 			page 23


DEFINED SYMBOLS
                            *ABS*:0000000000000000 hal_pal.c
                            *COM*:0000000000000001 __gnu_lto_v1
                            *COM*:0000000000000001 __gnu_lto_slim

NO UNDEFINED SYMBOLS
