ARM GAS  /tmp/ccSGr3iS.s 			page 1


   1              		.cpu cortex-m3
   2              		.eabi_attribute 20, 1
   3              		.eabi_attribute 21, 1
   4              		.eabi_attribute 23, 3
   5              		.eabi_attribute 24, 1
   6              		.eabi_attribute 25, 1
   7              		.eabi_attribute 26, 1
   8              		.eabi_attribute 30, 2
   9              		.eabi_attribute 34, 1
  10              		.eabi_attribute 18, 4
  11              		.file	"hal_st.c"
  12              		.section	.gnu.lto_.profile.b05e639bd9c0a452,"",%progbits
  13 0000 789C6363 		.ascii	"x\234cc```\001bF\006%!\000\000\316\000@"
  13      60606001 
  13      62460625 
  13      210000CE 
  13      0040
  14              		.text
  15              		.section	.gnu.lto_.icf.b05e639bd9c0a452,"",%progbits
  16 0000 789C6363 		.ascii	"x\234cc``\320a@\000v\206\245\2177nfb\374\360kC\027\037"
  16      6060D061 
  16      40007686 
  16      A58F376E 
  16      6662FCF0 
  17 0018 D3E1BB4F 		.ascii	"\323\341\273O\376\3623_}?\341\027+\313\343_\363\016"
  17      FEF2335F 
  17      7D3FE117 
  17      2BCBE35F 
  17      F30E
  18 002a 33B1BE7A 		.ascii	"3\261\276zw\375:/[\307\275\211\3339\030\000\012\277"
  18      77FD3A2F 
  18      5BC7BD89 
  18      DB391800 
  18      0ABF
  19 003c 16DB     		.ascii	"\026\333"
  20              		.text
  21              		.section	.gnu.lto_.jmpfuncs.b05e639bd9c0a452,"",%progbits
  22 0000 789C6363 		.ascii	"x\234cc``Pb@\000v\020\301\010\004\365s\230\031\230\030"
  22      60605062 
  22      40007610 
  22      C10804F5 
  22      73981998 
  23 0015 1898A14C 		.ascii	"\030\230\241L\026\006\006V\006\0066\240$\0004\027\002"
  23      16060656 
  23      060636A0 
  23      24003417 
  23      02
  24 0026 87       		.ascii	"\207"
  25              		.text
  26              		.section	.gnu.lto_.inline.b05e639bd9c0a452,"",%progbits
  27 0000 789C6363 		.ascii	"x\234cc``\230\312\200\000\354\014\014,<\214\014L@&\333"
  27      606098CA 
  27      8000EC0C 
  27      0C2C3C8C 
  27      0C4C4026 
  28 0015 027910C5 		.ascii	"\002y\020\305\300\310\005\"\030\330X\031\031\031\004"
  28      C0C80522 
ARM GAS  /tmp/ccSGr3iS.s 			page 2


  28      18D85819 
  28      191904
  29 0024 18191898 		.ascii	"\030\031\030\230\330>\350\301%\231\030X\230\201\312"
  29      D83EE8C1 
  29      25991858 
  29      9881CA
  30 0033 992EF0C3 		.ascii	"\231.\360\303\205\230ABP\245\310\342,\230JY1\205\330"
  30      85984142 
  30      50A5C8E2 
  30      2C984A59 
  30      3185D8
  31 0046 4016A1DA 		.ascii	"@\026\241\332\301\000\000q|\014{"
  31      C1000071 
  31      7C0C7B
  32              		.text
  33              		.section	.gnu.lto_.pureconst.b05e639bd9c0a452,"",%progbits
  34 0000 789C6363 		.ascii	"x\234cc``\340\007bv\006\011F)&)f)\026)V)6)\000\007w"
  34      6060E007 
  34      62760609 
  34      46292629 
  34      66291629 
  35 001b 00E6     		.ascii	"\000\346"
  36              		.text
  37              		.section	.gnu.lto_stInit.b05e639bd9c0a452,"",%progbits
  38 0000 789C6363 		.ascii	"x\234cc``X\005\304\362@,\015\304\214\314\014\214L\023"
  38      60605805 
  38      C4F2402C 
  38      0DC48CCC 
  38      0C8C4C13 
  39 0014 CE313034 		.ascii	"\316104r012\202\030\015\034\214\014\365L\214\365\214"
  39      72303132 
  39      82180D1C 
  39      8C0CF54C 
  39      8CF58C
  40 0027 3DCC5398 		.ascii	"=\314S\230\031\017\265?\333\311\244\271\274\001\010"
  40      190FB53F 
  40      DBC9A4B9 
  40      BC0108
  41 0036 0E4C9FC0 		.ascii	"\016L\237\300\326\326\320*1\207\231\201a\032\020\203"
  41      D6D6D02A 
  41      31879981 
  41      611A1083 
  42 0046 00E36646 		.ascii	"\000\343fFM\006\240\262G\033\377M\345ec\201\2103nad"
  42      4D06A0B2 
  42      471BFF4D 
  42      E5656381 
  42      88336E61 
  43 005b 63600432 		.ascii	"c`\0042\326_b=\320\360\357\177{\303\201;\213\0307\273"
  43      D65F623D 
  43      D0F0EF7F 
  43      7BC3813B 
  43      8B1837BB 
  44 006f 01E53A80 		.ascii	"\001\345:\200\030hI\303\001\206Nf&\020\253\371\000\303"
  44      186849C3 
  44      01864E66 
  44      2610ABF9 
  44      00C3
ARM GAS  /tmp/ccSGr3iS.s 			page 3


  45 0081 1BC6E605 		.ascii	"\033\306\346\005\217{\230\301\272\200F\355\334\371\346"
  45      8F7B98C1 
  45      BA8046ED 
  45      DCF9E6
  46 0090 367BFDDF 		.ascii	"6{\375\337\006\2169\314\214\323\230\201\3060ne\254g"
  46      068E39CC 
  46      8CD39881 
  46      C6306E65 
  46      AC67
  47 00a2 980354FE 		.ascii	"\230\003T\376\216\261i\301\363\036F\260B\020\350\000"
  47      8EB169C1 
  47      F31E46B0 
  47      4210E800 
  48 00b2 CA028D60 		.ascii	"\312\002\215`b`\220\325\323\323\207\240\374b\375\214"
  48      626090D5 
  48      D3D387A0 
  48      FC62FD8C 
  49 00c2 C41CFDE2 		.ascii	"\304\034\375\342\242d\020\035_\\\242\227\314\000\000"
  49      A264101D 
  49      5F5CA297 
  49      CC0000
  50 00d1 147042E3 		.ascii	"\024pB\343"
  51              		.text
  52              		.section	.gnu.lto_stStartAlarm.b05e639bd9c0a452,"",%progbits
  53 0000 789C9D52 		.ascii	"x\234\235R\337KTA\024>\337\314zw3\323\036z\010\332\300"
  53      DF4B5441 
  53      143EDFCC 
  53      7A7733D3 
  53      1E7A08DA 
  54 0015 17117BD8 		.ascii	"\027\021{\330\313\346\277\020A\240O\371\326\203\330"
  54      CBE6BF10 
  54      41A04FF9 
  54      D683D8
  55 0024 16186C28 		.ascii	"\026\030l(\356\322c\2167m-7\012\312\255\226\265.\375"
  55      EED2638E 
  55      376D2D37 
  55      0ACAAD96 
  55      B52EFD
  56 0037 200CC4CC 		.ascii	" \014\304\314~\231V\267-#\330\260\220\036\227E|X#*\244"
  56      7E9956B7 
  56      2D23D8B0 
  56      901E9745 
  56      7C58232A 
  57 004c 248962ED 		.ascii	"$\211b\355\314\354\026\022=D\303\235;g\016\337\367\235"
  57      CCEC1612 
  57      3D44C39D 
  57      3B670EDF 
  57      F79D
  58 005e EFCC8C45 		.ascii	"\357\314\214ED9A\264\217\327m<!\011\342\314\034Q_@\000"
  58      443941B4 
  58      8FD76D3C 
  58      2109E2CC 
  58      1C515F40 
  59 0073 3A500150 		.ascii	":P\001P\257@/\222\362\234D6Q\234\022M7\024\017\357|"
  59      AF402F92 
  59      F29C4436 
  59      519C124D 
ARM GAS  /tmp/ccSGr3iS.s 			page 4


  59      37140FEF 
  60 0088 C13AAE06 		.ascii	"\301:\256\006\266f$Q\212\247\036\230D\023\243f\327V"
  60      B6662451 
  60      8AA71E98 
  60      4413A366 
  60      D756
  61 009a BDBA2199 		.ascii	"\275\272!\231\221\200\340\355\374\362\253\221\215z+"
  61      9180E0ED 
  61      FCF2AB91 
  61      8D7A2B
  62 00a9 B099B7DF 		.ascii	"\260\231\267\337o\336\312\327\311z\020\307?\362/\227"
  62      6FDECAD7 
  62      C97A10C7 
  62      3FF22F97 
  63 00b9 6A1BAF2B 		.ascii	"j\033\257+\345(\357\303Y\251\266d\244\304=H\026\304"
  63      E528EFC3 
  63      59A9B664 
  63      A4C43D48 
  63      16C4
  64 00cb 5D047107 		.ascii	"]\004q\007A\342\024\341>\0325~q\2424\274\311\362\271"
  64      41E214E1 
  64      3E1A357E 
  64      71A234BC 
  64      C9F2B9
  65 00de BF6AE201 		.ascii	"\277j\342\001,\002\007\343\363U\236*\255%\224\267r\015"
  65      2C0207E3 
  65      F3559E2A 
  65      AD2594B7 
  65      720D
  66 00f0 DF76FBD9 		.ascii	"\337v\373\331=S$\223}D\203\014\345^\224G'\244\320\321"
  66      3D532493 
  66      7D44830C 
  66      E55E9447 
  66      27A4D0D1 
  67 0104 318F8A10 		.ascii	"1\217\212\020Z\360Ja2]\323p\325\030(\245k.*\317\251"
  67      5AF04A61 
  67      325DD370 
  67      D51828A5 
  67      6B2E2ACF 
  68 0119 FF8B07D3 		.ascii	"\377\213\007\323\334\024\032\322\314\177\017\347s\342"
  68      DC141AD2 
  68      CC7F0FE7 
  68      73E2
  69 0127 74EEE385 		.ascii	"t\356\343\205\370oC\375\345\003\371jI\0152\256R\022"
  69      F86F43FD 
  69      E503F96A 
  69      490D32AE 
  69      5212
  70 0139 EB0C131E 		.ascii	"\353\014\023\036\302\302\2646\313\277\264\224e\241\354"
  70      C2C2B436 
  70      CBBFB494 
  70      65A1EC
  71 0148 DB935AA8 		.ascii	"\333\223Z\250['\031\234\032\310\276\366\353\203\252"
  71      5B27199C 
  71      1AC8BEF6 
  71      EB83AA
  72 0157 32DCB9B1 		.ascii	"2\334\271\261\325\345\352\362V\353\3738\345\216,mpq"
ARM GAS  /tmp/ccSGr3iS.s 			page 5


  72      D5E5EAF2 
  72      56EBFB38 
  72      E58E2C6D 
  72      7071
  73 0169 091969E1 		.ascii	"\011\031i\341\021{\233\321\3368\237(\346\336\324\332"
  73      117B9BD1 
  73      DE389F28 
  73      E6DED4DA 
  74 0179 63AABF4F 		.ascii	"c\252\277O\271G3\322\217\307p1\314m\353\272\032\340"
  74      B94733D2 
  74      8FC77031 
  74      CC6DEBBA 
  74      1AE0
  75 018b 259D517F 		.ascii	"%\235Q\177x\334\000n3=\200'\260\261#XA\300C\230]iK+"
  75      78DC006E 
  75      333D8027 
  75      B0B12358 
  75      41C04398 
  76 01a3 EFF2130B 		.ascii	"\357\362\023\013\2508\372\307z\001<5\365PQ\313\302^"
  76      A838FAC7 
  76      7A013C35 
  76      F55051CB 
  76      C25E
  77 01b5 DF0E3F21 		.ascii	"\337\016?!<c\246Q/\374\207\372s\243.*\352\263F}\346"
  77      3C63A651 
  77      2FFC87FA 
  77      73A32E2A 
  77      EAB3467D 
  78 01ca 7272B4BA 		.ascii	"rr\264\272\254.\360\202\231E8\013C\323\021}\370\346"
  78      AC2EF082 
  78      9945380B 
  78      43D3117D 
  78      F8E6
  79 01dc 16E8131C 		.ascii	"\026\350\023\034\367\313)\2307\242\307 \373\343\313"
  79      F7CB2998 
  79      37A2C720 
  79      FBE3CB
  80 01eb E7E7BE3D 		.ascii	"\347\347\276=\024\262\313_W\314\356\354\210\332\261"
  80      14B2CB5F 
  80      57CCEEEC 
  80      88DAB1
  81 01fa 9E885EDB 		.ascii	"\236\210^\333c\361P\204\374\035\373c\361C\207\0176\377"
  81      63F15084 
  81      FC1DFB63 
  81      F143870F 
  81      36FF
  82 020c 89EAEEEA 		.ascii	"\211\352\356\352\211\307\354\275m\255\315;\355\226\226"
  82      89C7ECBD 
  82      6DADCD3B 
  82      ED9696
  83 021b 5D76DB9E 		.ascii	"]v\333\236\326#\341\012\257=\032=\020\352\244\237.\311"
  83      D623E10A 
  83      AF3D1A3D 
  83      10EAA49F 
  83      2EC9
  84 022d 04E3     		.ascii	"\004\343"
  85              		.text
ARM GAS  /tmp/ccSGr3iS.s 			page 6


  86              		.section	.gnu.lto_stStopAlarm.b05e639bd9c0a452,"",%progbits
  87 0000 789C5D4F 		.ascii	"x\234]O=HBQ\024>\337\273\376\025\324\034d44\271\274"
  87      3D484251 
  87      143EDFBB 
  87      FE15D41C 
  87      643434B9 
  88 0015 47098D4D 		.ascii	"G\011\215MA\004:\351.a\203\203`\370\244\325gi\03264"
  88      41043AE9 
  88      2E618383 
  88      60F8A4D5 
  88      67691A36 
  89 002a A445BC44 		.ascii	"\244E\274Dph\222\220~\255\345!AA`\321\324h\015\006\015"
  89      70689290 
  89      7EADE521 
  89      414160D1 
  89      D4680D06 
  90 003f E110D464 		.ascii	"\341\020\324d\235\253\021\322\341\236{\316\375\316w"
  90      9DAB11D2 
  90      E19E7BCE 
  90      FDCE77
  91 004e CF778E83 		.ascii	"\317w\216\203\210fA\024\3408\316\016AP\266\233D)\227"
  91      88664114 
  91      E038CE0E 
  91      4150B69B 
  91      442997
  92 0061 02C8C470 		.ascii	"\002\310\304p\201\222\012\222\330\022;\002\215l\273"
  92      81920A92 
  92      D8123B02 
  92      8D6CBB
  93 0070 AE780E0D 		.ascii	"\256x\016\0156kw\337\271ad\306LATd\227\206cx\210i/\265"
  93      366B77DF 
  93      B96164C6 
  93      4C415464 
  93      97866378 
  94 0088 6E61C461 		.ascii	"na\304a\353\3438\201\203X\203\216\036\355\226\321\375"
  94      EBE33881 
  94      8358838E 
  94      1EED96D1 
  94      FD
  95 0099 CE1AD675 		.ascii	"\316\032\326u\005\265\005\256\345\330Y\304\260hS(2["
  95      05B505AE 
  95      E5D859C4 
  95      B0685328 
  95      325B
  96 00ab B7E80D8D 		.ascii	"\267\350\015\215\217\257\333\316\315\263\375\257Q\272"
  96      8FAFDBCE 
  96      CDB3FDAF 
  96      51BA
  97 00b9 AF57728A 		.ascii	"\257Wr\212^\263\242\300\240\010N\341\300\231\324\340"
  97      5EB3A2C0 
  97      A0084EE1 
  97      C099D4E0 
  98 00c9 8BF162A6 		.ascii	"\213\361b\246q\357\314\013S\240GkV?;\303\375\247lcc"
  98      71EFCC0B 
  98      53A0476B 
  98      563F3BC3 
  98      FDA76C63 
ARM GAS  /tmp/ccSGr3iS.s 			page 7


  99 00de A87CF03A 		.ascii	"\250|\360:TF\011\246Pp\0017\316\341&I\315\266\357\036"
  99      544609A6 
  99      50700137 
  99      CEE12649 
  99      CDB6EF1E 
 100 00f2 46B5AA91 		.ascii	"F\265\252\221N\031\255Jcro\316\024\002u\224Q\3409\245"
 100      4E19AD4A 
 100      63726FCE 
 100      14027594 
 100      51E039A5 
 101 0106 0CE112DA 		.ascii	"\014\341\022\332\240\004O\202+\376\375\216\265V\376"
 101      A0044F82 
 101      2BFEFD8E 
 101      B556FE
 102 0115 69AAB7AA 		.ascii	"i\252\267\252\264\034\027x\035\205hBU\265\376\211\351"
 102      B41C1778 
 102      1D856842 
 102      55B5FE89 
 102      E9
 103 0126 5A6429AA 		.ascii	"Zd)\252\351\361\260\214!=\241\206\311\373\277\272\022"
 103      E9F1B08C 
 103      213DA186 
 103      C9FBBFBA 
 103      12
 104 0137 8B27742D 		.ascii	"\213't-\020\364{g4\237o^\013.\372W\247\177\371\241h"
 104      10F47B67 
 104      349F6F5E 
 104      0B2EFA57 
 104      A77FF9A1 
 105 014c 74598DD0 		.ascii	"tY\215\320\017\005\246\201\201"
 105      0F05A681 
 105      81
 106              		.text
 107              		.section	.gnu.lto_stSetAlarm.b05e639bd9c0a452,"",%progbits
 108 0000 789C6D52 		.ascii	"x\234mR\317KTQ\024>\337;3\357MeN\213\026A\023\270\021"
 108      CF4B5451 
 108      143EDF3B 
 108      33EF4D65 
 108      4E8B1641 
 109 0017 B1C53C26 		.ascii	"\261\305<&\377\205 \002]\345\256\205\330\024\030L(\276"
 109      FF852002 
 109      5DE5AE85 
 109      D814184C 
 109      28BE
 110 0029 A1655E5F 		.ascii	"\241e^_\332X\012\006\345\204\303S\036\375 \012\304\312"
 110      DA580A06 
 110      E584C353 
 110      1EFD200A 
 110      C4CA
 111 003b 7ED9CFCB 		.ascii	"~\331\317\313@\020X\026\022\255\206!JFhQ\326\306E\241"
 111      40105816 
 111      12AD8621 
 111      4A466851 
 111      D6C645A1 
 112 004f 9DFBC622 		.ascii	"\235\373\306\"\242\313\273\357\236s\370\276s\277\357"
 112      A2CBBBEF 
 112      9E73F8BE 
ARM GAS  /tmp/ccSGr3iS.s 			page 8


 112      73BFEF
 113 005e 706D224A 		.ascii	"pm\"JZD\207\345\334-\033L\260\316/\022\015&,\300\004"
 113      5A4487E5 
 113      DC2D1B4C 
 113      B0CE2F12 
 113      0D262CC0 
 114 0073 2A011AB0 		.ascii	"*\001\032\2600\2001\276\310(\027j\363V\353u%K_z\357"
 114      308031BE 
 114      C828176A 
 114      F356EB75 
 114      254B5F7A 
 115 0088 9C51C3BB 		.ascii	"\234Q\303\273\002&*\3126\013sh\025\324\213\2155\235"
 115      02262ACA 
 115      360B7368 
 115      15D48B8D 
 115      359D
 116 009a 1CE58001 		.ascii	"\034\345\200\001K\322\245\325WS\333Lja\207\244?n\336"
 116      4BD2A5D5 
 116      5753DB4C 
 116      6A6187A4 
 116      3F6EDE
 117 00ad AA24B909 		.ascii	"\252$\271\011$\361\317\312\313\225\306\226kJ\371JW."
 117      24F1CFCA 
 117      CB95C696 
 117      6B4AF94A 
 117      572E
 118 00bf B0DA1930 		.ascii	"\260\332\0310\343>X\032\342\036R\270\213\024I\211\360"
 118      E33E581A 
 118      E21E52B8 
 118      8B144989 
 118      F0
 119 00d0 002D06FF 		.ascii	"\000-\006\377\361\366\372\304v;\026\376\276\023\017"
 119      F1F6FAC4 
 119      763B16FE 
 119      BE130F
 120 00df 61132498 		.ascii	"a\023$\230]\212k\265\276QPz\371*\276\035\210\213z\241"
 120      5D8A6BB5 
 120      BE51507A 
 120      F92ABE1D 
 120      888B7AA1 
 121 00f3 B0906344 		.ascii	"\260\220cD#\002\025/J\323Y\266LtZS\015\226ix\271:Wj"
 121      2302152F 
 121      4AD359B6 
 121      4C745A53 
 121      0D966978 
 122 010b 68BE1209 		.ascii	"h\276\022\011\250N7L*\3557\375GCdn\036\315%\341\177"
 122      A84E374C 
 122      2AED37FD 
 122      4743646E 
 122      1ECD25E1 
 123 0120 86FFBD30 		.ascii	"\206\377\2750\276\360z2\377G\320P} U\207\015(RUd\374"
 123      BEF07A32 
 123      FF47D050 
 123      7D205587 
 123      0D285255 
 124 0136 2598F008 		.ascii	"%\230\360\0106\036\033\261\362+1\327\033\225\337\235"
 124      361E1BB1 
ARM GAS  /tmp/ccSGr3iS.s 			page 9


 124      F22B31D7 
 124      1B95DF9D 
 125 0146 338DFA4C 		.ascii	"3\215\372LQ\300\305\341\362\033\307\014*\036q\027g\326"
 125      51C0C5E1 
 125      F21BC70C 
 125      2A1E7117 
 125      67D6
 126 0158 56B7D653 		.ascii	"V\267\326S\323?&\245pjeK\210i\004l\343\251h{b\264I\275"
 126      D33F26A5 
 126      706A654B 
 126      8869046C 
 126      E3A9687B 
 127 0170 505B78DB 		.ascii	"P[x\333\350\316\250\241A\025\236\012\330\3013\204\230"
 127      E8CEA8A1 
 127      41159E0A 
 127      D8C13384 
 127      98
 128 0181 10DBE65E 		.ascii	"\020\333\346^\003\320c\376\015'3\033\001\356\010=\201"
 128      03D063FE 
 128      0D27331B 
 128      01EE083D 
 128      81
 129 0192 E770B137 		.ascii	"\347p\2617\265\211\200FFT\311T\374\017\243_\263\306"
 129      B5898046 
 129      4654C954 
 129      FC0FA35F 
 129      B3C6
 130 01a4 40E484BE 		.ascii	"@\344\204\276\300\017?\215#\232\263Y#bK\006(OfO:\355"
 130      C00F3F8D 
 130      239AB359 
 130      23624B06 
 130      284F664F 
 131 01ba D6BF5ECF 		.ascii	"\326\277^\317\355\351\316\271^\177\326\234]^>\235%\247"
 131      EDE9CEB9 
 131      5E7FD69C 
 131      5D5E3E9D 
 131      25A7
 132 01cc FB88973F 		.ascii	"\373\210\227?~\342X\333\277\250\276\336\376\274\347"
 132      7EE258DB 
 132      BFA8BEDE 
 132      FEBCE7
 133 01db 1EEAEC68 		.ascii	"\036\352\354h\333\347\266\267\357w;\017v\234\314l\362"
 133      DBE7B6B7 
 133      EF773B0F 
 133      769CCC6C 
 133      F2
 134 01ec BA72B9A3 		.ascii	"\272r\271\243\351\036\372\005\234\203\306\246"
 134      E91EFA05 
 134      9C83C6A6 
 135              		.text
 136              		.section	.gnu.lto_stGetAlarm.b05e639bd9c0a452,"",%progbits
 137 0000 789C5D90 		.ascii	"x\234]\220\313JBQ\024\206\327\177\266\036\315\3502i"
 137      CB4A4251 
 137      1486D77F 
 137      B61ECDE8 
 137      3269
 138 0012 52F60036 		.ascii	"R\366\0006\360`\275B\223\302F:\227\250A\003\241\310"
ARM GAS  /tmp/ccSGr3iS.s 			page 10


 138      F060BD42 
 138      93C2463A 
 138      97A84103 
 138      A1C8
 139 0024 68DACE0A 		.ascii	"h\332\316\012\213\202\"\312\250\216r\302ADDt/\273p\010"
 139      8B8222CA 
 139      A88E72C2 
 139      41444474 
 139      2FBB7008 
 140 0038 82A02B3D 		.ascii	"\202\240+=AE\0244\210h\"M\264\265U\"\332\354\333Z\373"
 140      41451434 
 140      8868224D 
 140      B4B55522 
 140      DAECDB5A 
 141 004d 63ADFFDF 		.ascii	"c\255\377\337:\021M\203(\304g\003/\010\2026sK4\354\326"
 141      3A114D83 
 141      28C46703 
 141      2F088236 
 141      734B34EC 
 142 0062 0075916E 		.ascii	"\000u\221n\320\220\206!L\2119\201\213B\316\256\231\024"
 142      D0908621 
 142      4C893981 
 142      8B42CEAE 
 142      9914
 143 0074 A6C2387C 		.ascii	"\246\3028|\370\274NU\252\020\250\345p}%gV\372V\245\214"
 143      F8BC4E55 
 143      AA10A8E5 
 143      707D2567 
 143      56FA56A5 
 144 0089 4B7B21E9 		.ascii	"K{!\351Y\336\276\227NSh\224d|\027^\354\300\253z\354"
 144      59DEBE97 
 144      4E536894 
 144      647C175E 
 144      ECC0AB7A 
 145 009e C1474C3F 		.ascii	"\301GL?o\345\347\253t\207%H\001\234\337\207N\254\205"
 145      6FE5E7AB 
 145      74872548 
 145      019CDF87 
 145      4EAC85
 146 00b1 361F9CB6 		.ascii	"6\037\234\266\314\027\022\322~\311`\253\335\241\221"
 146      CC1712D2 
 146      7EC960AB 
 146      DDA191
 147 00c0 2984E0CD 		.ascii	")\204\340\315A4\316$\313\2226Mpa\276\215\330\364\216"
 147      4134CE24 
 147      CB92364D 
 147      7061BE8D 
 147      D8F48E
 148 00d3 F3B3EFCB 		.ascii	"\363\263\357\313\223\233\247\212\337\252\243\222\207"
 148      939BA78A 
 148      DFAAA392 
 148      87
 149 00e0 BD90F6D4 		.ascii	"\275\220\366\324\027\313&\005\376t$\034@\307\241\352"
 149      17CB2605 
 149      FE74241C 
 149      40C7A1EA 
 150 00f0 C6DB9250 		.ascii	"\306\333\222PN\222c\347w.\345\304Y$o7r\237\236R\250"
ARM GAS  /tmp/ccSGr3iS.s 			page 11


 150      4E9263E7 
 150      772EE5C4 
 150      59246F37 
 150      729F9E52 
 151 0105 2A393865 		.ascii	"*98e\245\336*,\244a\012\035Y6s\244\314p>\361zu_ml\310"
 151      A5DE2A2C 
 151      A4610A1D 
 151      593673A4 
 151      CC703EF1 
 152 011f D161F998 		.ascii	"\321a\371\230\371\252[\234e\302\205cX\230g\255\252\225"
 152      F9AA5B9C 
 152      65C28563 
 152      589867AD 
 152      AA95
 153 0131 A2ECA9F8 		.ascii	"\242\354\251\370\232+\260\251(+\253\231\302\215\023"
 153      9A2BB0A9 
 153      282BAB99 
 153      C28D13
 154 0140 1868F296 		.ascii	"\030h\362\226\011\234\"\300>\342_\2115Q\022%X\027} "
 154      099C22C0 
 154      3EE25F89 
 154      35511225 
 154      58177D20 
 155 0154 FE3831ED 		.ascii	"\37681\355T\0268\303_\303\376\241\\kD\215~\277Q\232"
 155      541638C3 
 155      5FC3FEA1 
 155      5C6B448D 
 155      7EBF519A 
 156 0168 BD31A3A7 		.ascii	"\2751\243\2473j\304\372\273\324\031\211\015\370\273"
 156      336AC4FA 
 156      BBD41989 
 156      0DF8BB
 157 0177 A8E5FF6B 		.ascii	"\250\345\377k_o\377@\314\010\205;Z\232\215`\260\325"
 157      5F6FFF40 
 157      CC08853B 
 157      5A9A8D60 
 157      B0D5
 158 0189 08B7750C 		.ascii	"\010\267u\014\006\312|$\032\355\366\367\320\017u\273"
 158      06CA7C24 
 158      1AEDF6F7 
 158      D00F75BB 
 159 0199 9C54     		.ascii	"\234T"
 160              		.text
 161              		.section	.gnu.lto_stGetCounter.b05e639bd9c0a452,"",%progbits
 162 0000 789C5D4F 		.ascii	"x\234]OMKBQ\020\235y\367\371J\245\217]P\366\003\334"
 162      4D4B4251 
 162      109D79F7 
 162      F94AA58F 
 162      5D50F603 
 163 0015 BC47F917 		.ascii	"\274G\371\027\332\024\272\252\275\204-\"\004\303'm\273"
 163      DA14BAAA 
 163      BD842D22 
 163      04C3276D 
 163      BB
 164 0026 9A61528B 		.ascii	"\232aR\213\212\264\250g\030.\"B\242\357\262\026\017"
 164      8AB4A867 
 164      182E2242 
ARM GAS  /tmp/ccSGr3iS.s 			page 12


 164      A2EFB216 
 164      0F
 165 0037 21080A13 		.ascii	"!\010\012\023\027-\202@Z\024\264\010\011A\332hs5\"\272"
 165      172D8240 
 165      5A14B408 
 165      0941DA68 
 165      733522BA 
 166 004b DC3B7367 		.ascii	"\334;sg\3460\347\034\005\000\246\020`\224r\037=d\200"
 166      E630E71C 
 166      0500A610 
 166      6094721F 
 166      3D6480
 167 005e D2720120 		.ascii	"\322r\001 \334.!\212\017oG\230\225p\026\227\330\032"
 167      DC2E218A 
 167      0F6F4798 
 167      95701697 
 167      D81A
 168 0070 C39B46CD 		.ascii	"\303\233F\315\354Zd\206\200QY\252\334\247\354\242D\354"
 168      EC5A6486 
 168      805159AA 
 168      DCA7ECA2 
 168      44EC
 169 0082 A6727FA7 		.ascii	"\246r\177\247f\330\235\273\234G\270\271\376h\333:*r"
 169      66D89DBB 
 169      9C47B8B9 
 169      FE68DB3A 
 169      2A72
 170 0094 8BC12448 		.ascii	"\213\301$H\022\374\004\035x\214\016\301q\212N \364\313"
 170      12FC041D 
 170      788C0EC1 
 170      718A4E20 
 170      F4CB
 171 00a6 613DD1A1 		.ascii	"a=\321\241\310bJ\3153T\200\204\300A\311b\362z#\306\315"
 171      C8624ACD 
 171      33548084 
 171      C041C962 
 171      F27A23C6 
 172 00bb 6A069F47 		.ascii	"j\006\237Gd\011\014\306\030\005\031`\201\220\244\211"
 172      64090CC6 
 172      18051960 
 172      8190A489 
 173 00cb 9B10A7AD 		.ascii	"\233\020\247\255\364\2333\341\035\363\271\257\333\352"
 173      F49B33E1 
 173      1DF3B9AF 
 173      DBEA
 174 00d9 CD8AF577 		.ascii	"\315\212\365we\224\3231\327\237l\275\315\265I\206\177"
 174      6594D331 
 174      D79F6CBD 
 174      CDB54986 
 174      7F
 175 00ea E9F01C15 		.ascii	"\351\360\034\025\274\020l\0246\231\260\221\234\317?"
 175      BC106C14 
 175      3699B091 
 175      9CCF3F
 176 00f9 B4091B96 		.ascii	"\264\011\033\226&\262\220\255Ul\255Rl\222\251\225N\275"
 176      26B290AD 
 176      556CAD52 
ARM GAS  /tmp/ccSGr3iS.s 			page 13


 176      6C92A995 
 176      4EBD
 177 010b 59D3B88D 		.ascii	"Y\323\270\215\006S0GN.\205\023\352\307^\357\212\235"
 177      06533047 
 177      4E2E8513 
 177      EAC75EEF 
 177      8A9D
 178 011d 5A9647C3 		.ascii	"Z\226G\303\274\234)\365l\254\022\242\015\2570\215\011"
 178      BC9C29F5 
 178      6CAC12A2 
 178      0DAF308D 
 178      09
 179 012e D22AA800 		.ascii	"\322*\250\000\257Q#\225\221\317\330\036kQ2b\205\017"
 179      AF512395 
 179      91CFD81E 
 179      6B513262 
 179      850F
 180 0140 8C94E359 		.ascii	"\214\224\343Y\213\020H\0352N\356Px\222\000\372UUk\335"
 180      8B10481D 
 180      324EEE50 
 180      789200FA 
 180      55556BDD 
 181 0154 80AE4D8E 		.ascii	"\200\256M\216\3735=\350\023\331\253\207T\037\270\376"
 181      FB353DE8 
 181      13D9AB87 
 181      541FB8FE 
 182 0164 4FA703C1 		.ascii	"O\247\003\301\220\256\215\216y\\\203\232\333=\244\215"
 182      90AE8D8E 
 182      795C839A 
 182      DB3DA48D 
 183 0174 0D7B6606 		.ascii	"\015{f\006~\360^\277\177B\235\204o*\314\222+"
 183      7EF05EBF 
 183      7F429D84 
 183      6F2ACC92 
 183      2B
 184              		.text
 185              		.section	.gnu.lto_stIsAlarmActive.b05e639bd9c0a452,"",%progbits
 186 0000 789C5D90 		.ascii	"x\234]\220=KC1\024\206\317\233\334\266j\251\256~\324"
 186      3D4B4331 
 186      1486CF9B 
 186      DCB66AA9 
 186      AE7ED4
 187 0013 1FE0D2AB 		.ascii	"\037\340\322\253\366/\270\210uj\367\":8\024\024+N\202"
 187      F62FB888 
 187      756AF722 
 187      3A381414 
 187      2B4E82
 188 0026 A9B5D6A2 		.ascii	"\251\265\326\242\203\210\255T\256R\350 \016\"\342\367"
 188      8388AD54 
 188      AE52E820 
 188      0E22E2F7 
 189 0036 C7701104 		.ascii	"\307p\021\004A\250\342\"n*\242 \"n\245 \352I\257\210"
 189      41A8E222 
 189      6E2AA220 
 189      226EA520 
 189      EA49AF88 
 190 004a 189293E4 		.ascii	"\030\222\223\344\234'\357\233\304MD)\020\205yn\341\001"
ARM GAS  /tmp/ccSGr3iS.s 			page 14


 190      9C27EF9B 
 190      C44D4429 
 190      1085796E 
 190      E101
 191 005c 4910F325 		.ascii	"I\020\363%\242D\215\000\364B\325\200&\004&0'\027%\262"
 191      A2448D00 
 191      F442D580 
 191      26042630 
 191      271725B2 
 192 0070 99E31B5F 		.ascii	"\231\343\033_\333\232R\223\312^Z\360N'S\215\226$\312"
 192      DB9A5293 
 192      CA5E5AF0 
 192      4E27538D 
 192      9624CA
 193 0083 F1B1A01F 		.ascii	"\361\261\240\037\355~-\261\2156b\364a\3533\353s\033"
 193      ED7E2DB1 
 193      8D3662F4 
 193      61EB33EB 
 193      731B
 194 0095 BAC6C91D 		.ascii	"\272\306\311\035\270\211}h\363\332e\253\317\257\264"
 194      B8897D68 
 194      F3DA65AB 
 194      CFAFB4
 195 00a4 B21F8BC8 		.ascii	"\262\037\213\310\367\270\004Y\222M9\030\244\225h\206"
 195      F7B80459 
 195      924D3918 
 195      A4956886 
 196 00b4 03FB2A9B 		.ascii	"\003\373*\2332R\350U\322\246\027\234\036U\316wJ\367"
 196      3252E855 
 196      D2A6179C 
 196      1E55CE77 
 196      4AF7
 197 00c6 9E5FDD29 		.ascii	"\236_\335)\305\315^\312y\233\253\3329\211\277\236\330"
 197      C5CD5ECA 
 197      799BABDA 
 197      3989BF9E 
 197      D8
 198 00d7 851B7BDA 		.ascii	"\205\033{\332\222\303\262\024\\\312\245N/=\263\322\222"
 198      92C3B214 
 198      5CCAA54E 
 198      2F3DB3D2 
 198      92
 199 00e8 A24A9636 		.ascii	"\242J\2266\312\357u\316V+\031\234*\254<\327\026\260"
 199      CAEF75CE 
 199      562B199C 
 199      2AAC3CD7 
 199      16B0
 200 00fa 0A4B4A1C 		.ascii	"\012KJ\034\300\217}\360s8\237~\272\270\25277\324TB\335"
 200      C08F7DF0 
 200      73389F7E 
 200      BAB8AA37 
 200      37D45442 
 201 010f 15AF9BF2 		.ascii	"\025\257\233\362\343\2264p\210\002\262|U\355D8\202\311"
 201      E3963470 
 201      8802B27C 
 201      55ED4438 
 201      82C9
ARM GAS  /tmp/ccSGr3iS.s 			page 15


 202 0121 974C7E4C 		.ascii	"\227L~L\337\326:\216\3221=\373*\333\015\332\005\020"
 202      DFD63A8E 
 202      D2313DFB 
 202      2ADB0DDA 
 202      0510
 203 0133 38663D86 		.ascii	"8f=\206\366\322\353\322\201\014\346\030\332|=\254\370"
 203      F6D2EBD2 
 203      810CE618 
 203      DA7C3DAC 
 203      F8
 204 0144 1C8870C2 		.ascii	"\034\210p\302\320\033&\3572\027.\375.\206\250\372)\320"
 204      D01B26EF 
 204      32172EFD 
 204      2E86A8FA 
 204      29D0
 205 0156 5F21885A 		.ascii	"_!\210Z\003\001\323\351Cqs\260/f\306G\372\365\034\215"
 205      0301D3E9 
 205      437173B0 
 205      2F66C647 
 205      FAF51C8D 
 206 016a 8F06FA29 		.ascii	"\217\006\372)\370\277:<42\0327\303\221\336`\247\031"
 206      F8BF3A3C 
 206      34321A37 
 206      C391DE60 
 206      A719
 207 017c 0A759991 		.ascii	"\012u\231\221\356\336\261\216\037>\032\213\015\004\006"
 207      EEDEB18E 
 207      1F3E1A8B 
 207      0D0406
 208 018b E91BD3CC 		.ascii	"\351\033\323\314\2275"
 208      9735
 209              		.text
 210              		.section	.gnu.lto_.symbol_nodes.b05e639bd9c0a452,"",%progbits
 211 0000 789C55C8 		.ascii	"x\234U\310\271\015\2000\020\005\321\3617\340\266\240"
 211      B90D8030 
 211      1005D1F1 
 211      37E0B6A0 
 212 0010 B27509A4 		.ascii	"\262u\011\244D\\\206\"(\202\032\250\004a\221m0\032\351"
 212      445C8622 
 212      28821AA8 
 212      0461916D 
 212      301AE9
 213 0023 75C05443 		.ascii	"u\300TC\263\014\306\033\352\256<TYd\301\313*\223\227"
 213      B30CC61B 
 213      EAAE3C54 
 213      5964C1CB 
 213      2A9397
 214 0036 4D16BDEC 		.ascii	"M\026\275\354\262\306K\221\265^\016Y\347$\234\262\364"
 214      B2C64B91 
 214      B55E0E59 
 214      E7249CB2 
 214      F4
 215 0047 0BE4DC43 		.ascii	"\013\344\334C$Q\2367\360\001\300\242&z"
 215      24519E37 
 215      F001C0A2 
 215      267A
 216              		.text
ARM GAS  /tmp/ccSGr3iS.s 			page 16


 217              		.section	.gnu.lto_.refs.b05e639bd9c0a452,"",%progbits
 218 0000 789C6363 		.ascii	"x\234cc```\004b\006\000\000D\000\010"
 218      60606004 
 218      62060000 
 218      440008
 219              		.text
 220              		.section	.gnu.lto_.decls.b05e639bd9c0a452,"",%progbits
 221 0000 789CB558 		.ascii	"x\234\265X{PT\327\031\277\347\236]\\\226\227%\216u:"
 221      7B5054D7 
 221      19BFE79E 
 221      5D5C9697 
 221      258E753A 
 222 0014 34751C13 		.ascii	"4u\034\023\2306e\203\246I;\22361h\215\223\230\264\253"
 222      98366583 
 222      A6493B93 
 222      3631688D 
 222      9398B4AB 
 223 0028 9DE9F48F 		.ascii	"\235\351\364\217n(\222\312\014\202\303\256\351\344\237"
 223      6E2892CA 
 223      0C82C3AE 
 223      E9E49F
 224 0037 E6C2A282 		.ascii	"\346\302\242\202B\004\005\225\227\202(\242R\005\021"
 224      42040595 
 224      978228A2 
 224      520511
 225 0046 7025C0CA 		.ascii	"p%\300\312cE^\3620**\017\2151\361\021\300\027FA\267"
 225      63455EF2 
 225      302A2A0F 
 225      8D31F111 
 225      C0174641 
 226 005b DF79DCBD 		.ascii	"\337y\334\275\227+\230\364\217\336\341\333{\277s~\347"
 226      972B98F4 
 226      8FDEE1DB 
 226      7BBF737E 
 226      E7
 227 006c F7BDCE3D 		.ascii	"\367\275\316=\347\\\274\004A\330>K\020\232DAx\027\304"
 227      E75CBC04 
 227      41D83E4B 
 227      109A4441 
 227      7817C4
 228 007f 0D9701DA 		.ascii	"\015\227\001\332N\202 \020\247\300.\322\346\002i\005"
 228      4E822010 
 228      A7C02ED2 
 228      E6026905 
 229 008f 6907E904 		.ascii	"i\007\351\004\351\006\351\005\271\004\322/<{\245\001"
 229      E906E905 
 229      B904D22F 
 229      3C7BA501 
 230 009f 0186FB47 		.ascii	"\001\206\373G C \315\274]\344\\S\215\311\2021\336|L"
 230      204320CD 
 230      BC5DE45C 
 230      538DC982 
 230      31DE7C4C 
 231 00b3 20C82CEE 		.ascii	" \310,\356C0\310+\320\367+\220\011x\036\026\030\367"
 231      4330C82B 
 231      D0F72B90 
 231      09781E16 
ARM GAS  /tmp/ccSGr3iS.s 			page 17


 231      18F7
 232 00c5 6CD0E780 		.ascii	"l\320\347\200\374\0241^\342_(b\276\377\036M\346\316"
 232      FC14315E 
 232      E25F2862 
 232      BEFF1E4D 
 232      E6CE
 233 00d7 065DC7B9 		.ascii	"\006]\307\271e\256a\036\247<\236\304\366\226f\034\271"
 233      65AE611E 
 233      A73C9EC4 
 233      F696661C 
 233      B9
 234 00e8 F2FF07BF 		.ascii	"\362\377\007\277\020\367K\344yZ\304\375Y\246\341-\342"
 234      10F74BE4 
 234      795AC4FD 
 234      59A6E12D 
 234      E2
 235 00f9 9C5ABE97 		.ascii	"\234Z\276\227\177\200\223\344\375=\316\271\\\303\271"
 235      7F8093E4 
 235      FD3DCEB9 
 235      5CC3B9
 236 0108 1FB15A3D 		.ascii	"\037\261Z=\217S\346\373\005\347#5\374p\212\230\253\241"
 236      8F53E6FB 
 236      05E72335 
 236      FC708A98 
 236      ABA1
 237 011a 4D0FF773 		.ascii	"M\017\367s\2328\2659#\365\377\363\024\34331\332\367"
 237      9A38B539 
 237      23F5FFF3 
 237      14E33331 
 237      DAF7
 238 012c 787C146F 		.ascii	"x|\024o\306\350e#r\27314\034\271\355x\344\307\032H\377"
 238      C6E86523 
 238      72BB3134 
 238      1CB9ED78 
 238      E4C71A48 
 239 0141 7763DDE9 		.ascii	"wc\335\351\001X\244\317\247>\377f\275_h\251\304.\303"
 239      0158A4CF 
 239      A73EFF66 
 239      BD5F68A9 
 239      C42EC3
 240 0154 5B02AA44 		.ascii	"[\002\252DX&\252o;]\354\213C(\260\331\375\320\031\000"
 240      5826AA6F 
 240      3B5DEC8B 
 240      4328B0D9 
 240      FDD01900 
 241 0168 1C814624 		.ascii	"\034\201F$\202\3323\332\236\357\003\352,#\232\231\211"
 241      82DA33DA 
 241      9EEF03EA 
 241      2C239A99 
 241      89
 242 0179 C5C33913 		.ascii	"\305\3039\023\023\001\310\030\222,I\211R\272]\322\207"
 242      1301C818 
 242      922C4989 
 242      52BA5DD2 
 242      87
 243 018a 08C88182 		.ascii	"\010\310\201\202\320q\024$\240\032\024BLW\241P\001\035"
 243      D0711424 
ARM GAS  /tmp/ccSGr3iS.s 			page 18


 243      A01A1442 
 243      4C57A150 
 243      011D
 244 019c 83C60A68 		.ascii	"\203\306\012h,&\346\234\203U/:$i&:\201\214\250\032a"
 244      2C26E69C 
 244      83552F3A 
 244      2469263A 
 244      818CA81A 
 245 01b1 0A81305F 		.ascii	"\012\2010_62\373u\031\227\256\033q\004\261/&ve\335\233"
 245      3632FB75 
 245      1997AE1B 
 245      7104B12F 
 245      267665DD 
 246 01c6 D642DDB4 		.ascii	"\326B\335\264\026\316\347/hZ/I\"\252\005\023_(&\300"
 246      16CEE72F 
 246      685A2F49 
 246      22AA0513 
 246      5F2826C0 
 247 01da 22B3B1A5 		.ascii	"\"\263\261\245\362\322D\000NC\324HUY\375\023\343tFN"
 247      F2D24400 
 247      4E43D448 
 247      5559FD13 
 247      E374464E 
 248 01ee 4E6BC47D 		.ascii	"Nk\304}\360\315\374\263\2224\0279\301H\275b\244\226"
 248      F0CDFCB3 
 248      92341739 
 248      C148BD62 
 248      A496
 249 0200 1A21AD60 		.ascii	"\032!\255`\350\304\311\332z\237A\324\217\240zh&M1B\354"
 249      E8C4C9DA 
 249      7A9F41D4 
 249      8FA07A68 
 249      264D3142 
 250 0215 17EE44A8 		.ascii	"\027\356D\250\356\226/\304\332\241Ud7\016%\212<\004"
 250      EE962FC4 
 250      DAA15564 
 250      370E258A 
 250      3C04
 251 0227 795A44CE 		.ascii	"yZD\316!\312\274\364\217\023 5+\353g\346\344\213\315"
 251      21CABCF4 
 251      8F132035 
 251      2BEB67E6 
 251      E48BCD
 252 023a 2DF6A01A 		.ascii	"-\366\240\032\307\232D\305\230j\3103\276\012\236n\217"
 252      C79A44C5 
 252      986AC833 
 252      BE0A9E6E 
 252      8F
 253 024b 534A9088 		.ascii	"SJ\220\210\317\250\375y\331\372!4\000\235\177\023\204"
 253      CFA8FD79 
 253      D9FA2134 
 253      009D7F13 
 253      84
 254 025c 74432C9D 		.ascii	"tC,\235Z\033\217\016\017\352\361qZ\002T\232\352\316"
 254      5A1B8F0E 
 254      0FEAF171 
 254      5A02549A 
ARM GAS  /tmp/ccSGr3iS.s 			page 19


 254      EACE
 255 026e D4CFD94E 		.ascii	"\324\317\331N\362\012\005\230)\242\217f{J \240f4\007"
 255      F20A0598 
 255      29A28F66 
 255      7B4A20A0 
 255      663407
 256 0281 7E63758C 		.ascii	"~cu\214\315\221{$\3038\257@*\030\202\032\034\231\273"
 256      CD917B24 
 256      C338AF40 
 256      2A18821A 
 256      1C99BB
 257 0294 B37D83D4 		.ascii	"\263}\203\324\005\343\336\2468\324\244\024\242\211\314"
 257      05E3DEA6 
 257      38D4A414 
 257      A289CC
 258 02a3 69D48886 		.ascii	"i\324\210\206\020j@\203`\335\205\346\301x{\351\305M"
 258      106A4083 
 258      60DD85E6 
 258      C1787BE9 
 258      C54D
 259 02b5 7ADCCF0C 		.ascii	"z\334\317\014\337\356[\237\202u\"\253\0271\001m\015"
 259      DFEE5B9F 
 259      827522AB 
 259      1731016D 
 259      0D
 260 02c6 D73A7A75 		.ascii	"\327:zu\323:s\232:\323\202\2707\035\303\331%\001\340"
 260      D33A739A 
 260      3AD382B8 
 260      371DC3D9 
 260      2501E0
 261 02d9 CD1078F3 		.ascii	"\315\020x\363\370g9\2223Q\"\023\017P\350\224\342\312"
 261      F8673992 
 261      33512213 
 261      0F50E894 
 261      E2CA
 262 02eb 29AD2BAD 		.ascii	")\255+\255\324\225\323\343G\375\361M\346I\306HJ\276"
 262      D495D3E3 
 262      47FDF14D 
 262      E649C648 
 262      4ABE
 263 02fd 1F27BA19 		.ascii	"\037'\272\031\344!\"1\265)DmZ\242vJ\264\265\342\341"
 263      E4212231 
 263      B529446D 
 263      5AA2764A 
 263      B4B5E2E1 
 264 0311 6E3D1E63 		.ascii	"n=\036cL}\315\233w\3519\323\305\027'\271\324\2410uh"
 264      4C7DCD9B 
 264      77E939D3 
 264      C51727B9 
 264      D4A13075 
 265 0326 993A2953 		.ascii	"\231:)S\351\375\256\243~8\201\255\023[\276s\2344\250"
 265      E9FDAEA3 
 265      7E3881AD 
 265      135BBE73 
 265      9C34A8
 266 0339 334192A4 		.ascii	"3A\222\244\244\242kR]\362+\354Ogp\263\003%\263\013\355"
 266      A4A26B52 
ARM GAS  /tmp/ccSGr3iS.s 			page 20


 266      5DF22BEC 
 266      4F6770B3 
 266      0325B30B 
 267 034e 5289445E 		.ascii	"R\211D^\017@\2413\212\3353Z\273\335\324\256\343\302"
 267      0F40A133 
 267      8ADD335A 
 267      BBDDD4AE 
 267      E3C2
 268 0360 78D20C9C 		.ascii	"x\322\014\234\312\354\326u\272\257\353\344\010~\351"
 268      CAECD675 
 268      BAAFEBE4 
 268      087EE9
 269 036f 898030F5 		.ascii	"\211\2000\365(L=Z\246^\312\224\334w\323\251\303\331"
 269      284C3D5A 
 269      A65ECA94 
 269      DC77D3A9 
 269      C3D9
 270 0381 8CA9A3B9 		.ascii	"\214\251\243\271w\347\014|\200*\272\334\246\252a\037"
 270      77E70C7C 
 270      802ABADC 
 270      A6AA611F 
 271 0391 E41D8420 		.ascii	"\344\035\204 \002\024\262\221\274\356\222=}&\214\\\030"
 271      0214B291 
 271      BCEE923D 
 271      7D268C5C 
 271      18
 272 03a2 845E8597 		.ascii	"\204^\205\227\275\017^\366s\0106\012t\036 \027 \310"
 272      BD0F5EF6 
 272      7308360A 
 272      741E2017 
 272      20C8
 273 03b4 1CC9405B 		.ascii	"\034\311@[r\244d\262d\221\307by\331\024\210\212\276"
 273      72A464B2 
 273      6491C762 
 273      79D91488 
 273      8ABE
 274 03c6 E42B274B 		.ascii	"\344+'K\202\3335Z:)c\004\242d\354\342\244\214\035m."
 274      82DB355A 
 274      3A296304 
 274      A264ECE2 
 274      A48C1D6D 
 275 03db 3BE4CFC3 		.ascii	";\344\317\303\354,\365\365\304\011(tV\211\363\2546\316"
 275      EC2CF5F5 
 275      C4092874 
 275      5689F3AC 
 275      36CE
 276 03ed 4B34CE3B 		.ascii	"K4\316;\251#\005\001\370\010\213\323}\347\3609Zs\262"
 276      A9230501 
 276      F8088BD3 
 276      7DE7F039 
 276      5A73B2
 277 0400 BE9E7933 		.ascii	"\276\236y3\331\276!M*D\354\225\270\254P]\346\316\302"
 277      D9BE214D 
 277      2A44EC95 
 277      B8AC505D 
 277      E6CEC2
 278 0413 824428BA 		.ascii	"\202D(\272\223\312\3620[\336u\204\261#\347+\177\266"
ARM GAS  /tmp/ccSGr3iS.s 			page 21


 278      93CAF230 
 278      5BDE7584 
 278      B123E72B 
 278      7FB6
 279 0425 BCCF0575 		.ascii	"\274\317\005u\367\304x\266\277\357&\222\246\002\273"
 279      F7C478B6 
 279      BFEF2692 
 279      A602BB
 280 0434 E4FD2E25 		.ascii	"\344\375.%\033\204X\006h,C\310\227R\301\035\300\325"
 280      1B845806 
 280      682C43C8 
 280      9752C11D 
 280      C0D5
 281 0446 57B2EABD 		.ascii	"W\262\352\275\031\325\005\342PN\315\375V=\323\015\244"
 281      19D505E2 
 281      504ECDFD 
 281      563DD30D 
 281      A4
 282 0457 7BF850B5 		.ascii	"{\370P\265\037\243v\222\356\336\353\205I\276\254\273"
 282      1FA37692 
 282      EEDEEB85 
 282      49BEACBB 
 283 0467 8BE88DE7 		.ascii	"\213\350\215\347N\215\352\360\010\013\246\277\345\300"
 283      4E8DEAF0 
 283      080BA6BF 
 283      E5C0
 284 0475 21E25630 		.ascii	"!\342V0\331\312\334\356\000\325f\026\3146\263\236-w"
 284      D9CADCEE 
 284      00D56616 
 284      CC36B39E 
 284      2D77
 285 0487 F7CEC00F 		.ascii	"\367\316\300\017(\\\034\354\033\277\354/\257\337\324"
 285      285C1CEC 
 285      1BBFEC2F 
 285      AFDFD4
 286 0496 53C1E326 		.ascii	"S\301\343&\272\011%\015\346\353\3677\320x]\331\206\306"
 286      BA09250D 
 286      E6EBF737 
 286      D0785DD9 
 286      86C6
 287 04a8 82333692 		.ascii	"\20236\222t\337\200I\375\255\222\243`\276G\034\330\233"
 287      74DF8049 
 287      FDAD92A3 
 287      60BE471C 
 287      D89B
 288 04ba B1C70B4B 		.ascii	"\261\307\013K\230\332\250\311\375\272Y\234\316\306w"
 288      98DAA8C9 
 288      FDBA599C 
 288      CEC677
 289 04c9 D3DA389F 		.ascii	"\323\3328\237?\317E7\242\333`\343\226b\343\206\274\021"
 289      3FCF4537 
 289      A2DB60E3 
 289      9662E386 
 289      BC11
 290 04db EDEC295F 		.ascii	"\355\354)_b\004R\373\217\"\205\001\355\355\343\035z"
 290      620452FB 
 290      8F228501 
ARM GAS  /tmp/ccSGr3iS.s 			page 22


 290      EDEDE31D 
 290      7A
 291 04ec 9C42BD42 		.ascii	"\234B\275B\233\233+]\274~-D\317<\321X\343\203SY\347"
 291      9B9B2B5D 
 291      BC7E2D44 
 291      CF3CD158 
 291      E3835359 
 292 0501 579BAE36 		.ascii	"W\233\2566z\341\014\246\310\371\017\344\371\337}\351"
 292      7AE10CA6 
 292      C8F90FE4 
 292      F9DF7DE9 
 293 0511 412BC259 		.ascii	"A+\302Y\254\263\246\372\013\027\257\325\253\252]>\220"
 293      ACB3A6FA 
 293      0B17AFD5 
 293      ABAA5D3E 
 293      90
 294 0522 EEF2A8EA 		.ascii	"\356\362\250\352\372i\227\221\225NB\240\327\366\\~\033"
 294      FA699791 
 294      954E42A0 
 294      D7F65C7E 
 294      1B
 295 0533 E7B0910D 		.ascii	"\347\260\221\015w\313\366\3632\222#\307Pz\243;\200\204"
 295      77CBF6F3 
 295      329223C7 
 295      507AA33B 
 295      8084
 296 0545 23F11903 		.ascii	"#\361\031\003\355\312\204yL\202F\246 \364\210\205\362"
 296      EDCA8479 
 296      4C8246A6 
 296      20F48885 
 296      F2
 297 0556 20BDEC8F 		.ascii	" \275\354\217\201\351\364U\201\345[Gs\364\020\320c\024"
 297      81E9F455 
 297      81E55B47 
 297      73F410D0 
 297      6314
 298 0568 3D8E02E5 		.ascii	"=\216\002\3451\004\234pe\337\200\277\032=\374<\364\341"
 298      31049C70 
 298      65DF80BF 
 298      1A3DFC3C 
 298      F4E1
 299 057a A27D3B8C 		.ascii	"\242};\214x\027s2\367^\377\015>5C@-\036\253\261\033"
 299      78177332 
 299      F75EFF0D 
 299      3E354340 
 299      2D1EABB1 
 300 058f F01ED6B7 		.ascii	"\360\036\326\267\255.\277c\006.f\212<\377\003\331\374"
 300      AD2EBF63 
 300      062E668A 
 300      3CFF03D9 
 300      FC
 301 05a0 4F3CFF0E 		.ascii	"O<\377\016>\310z\3523\266\366#|\230)\303I_\017\361\374"
 301      3EC87AEA 
 301      33B6F623 
 301      7C9829C3 
 301      495F0FF1 
 302 05b5 CC0135AB 		.ascii	"\314\0015\253\355V0\256`]O[\032\203\261\203=\273\252"
ARM GAS  /tmp/ccSGr3iS.s 			page 23


 302      ED5630AE 
 302      605D4F5B 
 302      1A83B183 
 302      3DBBAA
 303 05c8 4AF6235C 		.ascii	"J\366#\\\317\224\2739\256[F\334\310\224\202\236\274"
 303      CF94BB39 
 303      AE5B46DC 
 303      C894829E 
 303      BC
 304 05d9 E306EC62 		.ascii	"\343\006\354bJ\361\367\333\341\270\325\306\224\263\216"
 304      4AF1F7DB 
 304      E1B8D5C6 
 304      94B38E
 305 05e8 2F937D70 		.ascii	"/\223}p\027S\222\313\313w\372\340\263LI\254\351\313"
 305      175392CB 
 305      CB77FAE0 
 305      B34C49AC 
 305      E9CB
 306 05fa E027B121 		.ascii	"\340'\261!\242_\333w\255\300\233W\305\013\364M=\355"
 306      A25FDB77 
 306      ADC09B57 
 306      C50BF44D 
 306      3DED
 307 060c 0F11BEC0 		.ascii	"\017\021\276\300\300\031\243w\267yM[\207t\221\327\341"
 307      C019A377 
 307      B7794D5B 
 307      877491D7 
 307      E1
 308 061d 555A86EA 		.ascii	"UZ\206\352\312\242\021\203\266\016_\001\372*Eg\210\201"
 308      CAA21183 
 308      B60E5F01 
 308      FA2A4567 
 308      8881
 309 062f F218826E 		.ascii	"\362\030\202nj\252}\202\264u\230\016=\333\271\261`\275"
 309      6AAA7D82 
 309      B475980E 
 309      3DDBB9B1 
 309      60BD
 310 0641 0F9ACFAE 		.ascii	"\017\232\317\256\027\346\313W\010\371\331#%\331%\347"
 310      17E6CB57 
 310      08F9D923 
 310      25D925E7 
 311 0651 C8784872 		.ascii	"\310xHr\321\347iRA\003\242TnxIr\304\027\224\367\340"
 311      D1E76952 
 311      4103A254 
 311      6E784972 
 311      C41794F7 
 312 0666 29E51D24 		.ascii	")\345\035$\277\002\033r\3633X)\2230\205o\0205\360$\221"
 312      BF021B72 
 312      F3335829 
 312      9330856F 
 312      1035F024 
 313 067b C0C31474 		.ascii	"\300\303\024t\253\012\275I\213fN\313\350\004\311y5\031"
 313      AB0ABD49 
 313      8B664ECB 
 313      E804C979 
 313      3519
ARM GAS  /tmp/ccSGr3iS.s 			page 24


 314 068d 2750F804 		.ascii	"'P\370\004\012D\337s_\344i\206\036<\343K\217\212=ej"
 314      0A44DF73 
 314      5FE46986 
 314      1E3CE34B 
 314      8F8A3D65 
 315 06a2 7635FCA2 		.ascii	"v5\374\242\012\236\254\205\217!\215\353\217\223\261"
 315      0A9EAC85 
 315      8F218DEB 
 315      8F93B1
 316 06b1 02BFA34D 		.ascii	"\002\277\243M\314\250\212=\203\327C\202c\011\372\\\014"
 316      CCA88A3D 
 316      83D74382 
 316      6309FA5C 
 316      0C
 317 06c2 4269340D 		.ascii	"Bi4\015\004\017\013\010\332+\206\240]\342|\224\013\222"
 317      040F0B08 
 317      DA2B86A0 
 317      5DE27C94 
 317      0B92
 318 06d4 05B20364 		.ascii	"\005\262\003d'H1H&H\036H\001\310n\220\022\220m \373"
 318      27483148 
 318      26481E48 
 318      01C86E90 
 318      12906D20 
 319 06e9 41B683EC 		.ascii	"A\266\203\354\001\311\007\311\006\331\007R\010R$\316"
 319      01C907C9 
 319      06D90752 
 319      085224CE 
 320 06f9 A7DB0873 		.ascii	"\247\333\010s\263A\025\324fmP&m\012\356\252\320\353"
 320      B34115D4 
 320      666D5026 
 320      6D0AEEAA 
 320      D0EB
 321 070b A7AEDE24 		.ascii	"\247\256\336$\270:\007w\247\316\201:e\377V\320\251S"
 321      B83A0777 
 321      A7CE813A 
 321      65FF56D0 
 321      A953
 322 071d FAA20237 		.ascii	"\372\242\0027\250\271\023\265\350\204g|y\254r\335>5"
 322      A8B913B5 
 322      E884677C 
 322      79AC72DD 
 322      3E35
 323 072f 5C3DF152 		.ascii	"\\=\361RT\354_k=\277\366\354\264V{s_\213\2777\031\017"
 323      54EC5F6B 
 323      3DBFF6EC 
 323      B4567B73 
 323      5F8BBF37 
 324 0745 93B42785 		.ascii	"\223\264'\205O\325\255b \332\302\335\221\337DtE\311"
 324      4FD5AD62 
 324      20DAC2DD 
 324      91DF4474 
 324      45C9
 325 0757 0CDB8AC6 		.ascii	"\014\333\212\306\236\006&\300\374 (\201oCJ\011])\330"
 325      9E0626C0 
 325      FC202881 
 325      6F434A09 
ARM GAS  /tmp/ccSGr3iS.s 			page 25


 325      5D29D8
 326 076a 714C9252 		.ascii	"qL\222R\274\250\361\221\251\235U\305vU\225\211\215S"
 326      BCA8F191 
 326      A99D55C5 
 326      76559589 
 326      8D53
 327 077c CFE349D3 		.ascii	"\317\343I\323^\035\332\023-\373\003-{\253\032.i\351"
 327      5E1DDA13 
 327      2DFB032D 
 327      7BAB1A2E 
 327      69E9
 328 078e 9F2A7072 		.ascii	"\237*prVh?W\342\217\323ut\227\256L\356+\015@!/\260\210"
 328      56683F57 
 328      E28FD375 
 328      7497AE4C 
 328      EE2B0D40 
 329 07a6 0752B09D 		.ascii	"\007R\260\235D|\010F\037\020={/I\3004o\014:\010/\312"
 329      447C0846 
 329      1F103D7B 
 329      2F49C034 
 329      6F0C3A08 
 330 07bc FFFBA521 		.ascii	"\377\373\245!_\205\365\205\325:\365\311\352\220*@\001"
 330      5F85F585 
 330      D53AF5C9 
 330      EA902A40 
 330      01
 331 07cd 958AEC   		.ascii	"\225\212\354"
 332 07d0 64057700 		.ascii	"d\005w\000\027V\334\317\361\303y:\366\325\344\252\274"
 332      1756DCCF 
 332      F1C3793A 
 332      F6D5E4AA 
 332      BC
 333 07e1 82E19CE7 		.ascii	"\202\341\234\347\034\"\347\274\371i\366\315\260t&Ho"
 333      1C22E7BC 
 333      F969F6CD 
 333      B0742648 
 333      6F
 334 07f2 BF4B8FF7 		.ascii	"\277K\217\367\377Q\242\204\307\311\207\306\303\"9\361"
 334      FF51A284 
 334      C7C987C6 
 334      C32239F1 
 335 0802 D5DDDE59 		.ascii	"\325\335\336Y\207\361\021FVt\323\321\310\367}?P/\357"
 335      87F11146 
 335      5674D3D1 
 335      C8F77D3F 
 335      502FEF
 336 0815 C9DCA763 		.ascii	"\311\334\247c[\312\267\244\273\260\343\336v#\256e\330"
 336      5BCAB7A4 
 336      BBB0E3DE 
 336      7623AE65 
 336      D8
 337 0826 F16F33FB 		.ascii	"\361o3\373\020\303\022\247\256\237\310l2N\273\303\034"
 337      10C312A7 
 337      AE9FC86C 
 337      324EBBC3 
 337      1C
 338 0837 9377980A 		.ascii	"\223w\230\012\221n1_~_\373\330\027\273(\223\256\324"
ARM GAS  /tmp/ccSGr3iS.s 			page 26


 338      916E315F 
 338      7E5FFBD8 
 338      17BB2893 
 338      AED4
 339 0849 7E705487 		.ascii	"~pT\207B\330)\334\250:M;D#\252\024=\247iz\344\036\375"
 339      42D829DC 
 339      A83A4D3B 
 339      4423AA14 
 339      3DA7697A 
 340 0860 8C34D363 		.ascii	"\2144\323c8\271\323\343\227T$\3419\2363{\025\224\311"
 340      38B9D3E3 
 340      975424E1 
 340      399E337B 
 340      1594C9
 341 0873 41ED1D87 		.ascii	"A\355\035\207*V3\203\222\3245\242Wv)D\271\313\241\277"
 341      2A563383 
 341      92D435A2 
 341      57762944 
 341      B9CBA1BF 
 342 0887 8CBEA527 		.ascii	"\214\276\245'\350.uL\336\323\312\363Z\036y\0339w\362"
 342      E82E754C 
 342      DED3CAF3 
 342      5A1E791B 
 342      3977F2
 343 089a 0F71BB77 		.ascii	"\017q\273w\344\335\231\241\346\256y\036\367\300}G\231"
 343      E4DD99A1 
 343      E6AE791E 
 343      F7C07D47 
 343      99
 344 08ab E1A522A9 		.ascii	"\341\245\"\251\313I\276V\347\347\026K\311e\020\314\027"
 344      CB49BE56 
 344      E7E7164B 
 344      C96510CC 
 344      17
 345 08bc F0CE1E85 		.ascii	"\360\316\036\205j\301w\240j\354\021h\371\273(\240Z\361"
 345      6AC177A0 
 345      6AEC1168 
 345      F9BB28A0 
 345      5AF1
 346 08ce 25187AC9 		.ascii	"%\030z\311\355(\360\303m,\377\033znt\253\012\277E)<"
 346      ED28F0C3 
 346      6D2CFF1B 
 346      7A6E74AB 
 346      0ABF4529 
 347 08e3 3995D729 		.ascii	"9\225\327)\205\257\323\026\276\236\026\276\376\306\336"
 347      85AFD316 
 347      BE9E16BE 
 347      FEC6DE
 348 08f2 1C1DEE67 		.ascii	"\034\035\356gd\373\037LT\3509Yk6f\037\036\205\354\023"
 348      64FB1F4C 
 348      54E83959 
 348      6B36661F 
 348      1E85EC13 
 349 0906 D1A95039 		.ascii	"\321\251P9\265T')U\245c\023,O\303\214\352|_\222\203"
 349      B5542729 
 349      55A56313 
 349      2C4FC38C 
ARM GAS  /tmp/ccSGr3iS.s 			page 27


 349      EA7C5F92 
 350 091b CF0B1FD5 		.ascii	"\317\013\037\325g\300,\376\031\360d\264\353\011? \222"
 350      67C02CFE 
 350      19F064B4 
 350      EB093F20 
 350      92
 351 092c 7F878CB7 		.ascii	"\177\207\214\267l\330\215\246\2356.y\3324\263L\327\265"
 351      6CD88DA6 
 351      9D362E79 
 351      DA34B34C 
 351      D7B5
 352 093e F5F4F96B 		.ascii	"\365\364\371k\253\330\004\331j\244\331:E3\355\2223}"
 352      ABD804D9 
 352      6AA4D93A 
 352      4533ED92 
 352      337D
 353 0950 7620355C 		.ascii	"v 5\\[\226i\301\267\006\312\267\371x\312\362\332.^\226"
 353      5B9669C1 
 353      B706CAB7 
 353      F978CAF2 
 353      DA2E5E96 
 354 0964 165E16F8 		.ascii	"\026^\026\370\026V\215m\340e9M\313R\265#\353\017x\202"
 354      16568D6D 
 354      E065394D 
 354      CB52B523 
 354      EB0F7882 
 355 0978 459FD8FB 		.ascii	"E\237\330\373tL\357\251\312k9\364$C\253B\276U[\225T"
 355      744CEFA9 
 355      CA6B39F4 
 355      2443AB42 
 355      BE555B95 
 356 098d B66A53D9 		.ascii	"\266jS\331FS\331Z\323\270\321\013\247\351\331\031\375"
 356      4653D95A 
 356      D3B8D10B 
 356      A7E9D919 
 356      FD
 357 099e 61ABE4AB 		.ascii	"a\253\344\253\370T\242\361\251{\222O\355\334\247\016"
 357      F854A2F1 
 357      A97B924F 
 357      EDDCA70E 
 358 09ae EAD3A3DD 		.ascii	"\352\323\243\335\007'\374p.\343\351\375\246i\203\277"
 358      0727FC70 
 358      2EE3E9FD 
 358      A66983BF 
 359 09be C7A95736 		.ascii	"\307\251W6Ov\252Sq\252S\353\324\031\352T\347DK\271\027"
 359      4F76AA53 
 359      71AA53EB 
 359      D419EA54 
 359      E7444BB9 
 360 09d3 3ECCC8B6 		.ascii	">\314\310\266\336w\244\372r\262\201<\\\012\273\004|"
 360      DE77A4FA 
 360      72B2813C 
 360      5C0ABB04 
 360      7C
 361 09e4 D034E8E8 		.ascii	"\3204\350\350Gj\227\302\325\245\345\352\026\347\011"
 361      476A97C2 
 361      D5A5E5EA 
ARM GAS  /tmp/ccSGr3iS.s 			page 28


 361      16E709
 362 09f3 41A1A126 		.ascii	"A\241\241&\366\027g5\255\216\2101Y\343#\311\335b\265"
 362      F6176735 
 362      AD8E8831 
 362      59E323C9 
 362      DD62B5
 363 0a06 85461A96 		.ascii	"\205F\032\226~\360\227\271\341aa\202\321bY\027\035k"
 363      7EF097B9 
 363      E1616182 
 363      D1625917 
 363      1D6B
 364 0a18 0B7BDD62 		.ascii	"\013{\335b\373\265i\2355\336\024\035\033\031\263nU\224"
 364      FBB5699D 
 364      35DE141D 
 364      1B19B36E 
 364      5594
 365 0a2a 2936EA5F 		.ascii	")6\352_1\321\3770\255\211\210\\\035\035\033e\262\254"
 365      31D1FF30 
 365      AD89885C 
 365      1D1D1B65 
 365      B2AC
 366 0a3c 8AFA3862 		.ascii	"\212\3728b]\214\315b\373tm\2245t\265`\220\207\315\233"
 366      5D8CCD62 
 366      FB746D94 
 366      3574B560 
 366      9087CD9B 
 367 0a50 6A98F553 		.ascii	"j\230\365S\253\011\014\255\002\014`\275A\265E\257\211"
 367      AB090CAD 
 367      020C60BD 
 367      41B545AF 
 367      89
 368 0a61 B2D8E6AA 		.ascii	"\262\330\346\252\235\212\267y\206E\256&\375\000\365"
 368      9D8AB779 
 368      8645AE26 
 368      FD00F5
 369 0a70 B2DA96C5 		.ascii	"\262\332\226\305F\333~\376<\347\005_\253m\205-\"\336"
 369      46DB7EFE 
 369      3CE7055F 
 369      AB6D852D 
 369      22DE
 370 0a82 B6282622 		.ascii	"\266(&\"~\215\017Q\342\326\322g#<G\331\344\307\245\374"
 370      7E8D0F51 
 370      E2D6D267 
 370      233C47D9 
 370      E4C7A5FC 
 371 0a96 D1973E86 		.ascii	"\321\227>\206\307\255\213\265E\305\007\200\001+m^\024"
 371      C7AD8BB5 
 371      45C50780 
 371      012B6D5E 
 371      14
 372 0aa7 698BFE24 		.ascii	"i\213\376$Joy'..\006H,11\253,\321`{\241\326\366\332"
 372      4A6F7927 
 372      2E2E0648 
 372      2C3131AB 
 372      2CD1607B 
 373 0abf B8789BD5 		.ascii	"\270x\233\325\264b\345\362\205\013L\357\277\277\330"
 373      B462E5F2 
ARM GAS  /tmp/ccSGr3iS.s 			page 29


 373      850B4CEF 
 373      BFBFD8
 374 0ace B472D9F2 		.ascii	"\264r\331\362O\302\2707d\024\270\255\017\017_n^\310"
 374      4FC2B837 
 374      6414B8AD 
 374      0F0F5F6E 
 374      5EC8
 375 0ae0 93B97081 		.ascii	"\223\271p\201\305f\220\037\304\017\315\272\305\313\027"
 375      C566901F 
 375      C40FCDBA 
 375      C5CB17
 376 0aef 99F1E270 		.ascii	"\231\361\342p\263\356\235\305+\3158<\334\214\315 \213"
 376      B3EE9DC5 
 376      2BCD383C 
 376      DC8CCD20 
 376      8B
 377 0b00 CC66FCA7 		.ascii	"\314f\374\247\025\3418\374\203\225\272\360\360%f\312"
 377      15E138FC 
 377      8395BAF0 
 377      F02566CA 
 378 0b10 B180FE86 		.ascii	"\261\200\376\206\341%K\315\342\012\030\271l\211Y\267"
 378      E1254BCD 
 378      E20A18B9 
 378      6C8959B7 
 379 0b20 6239A0C3 		.ascii	"b9\240\303\315\013@\302\000\371W\363\202\037\347\241"
 379      CD0B40C2 
 379      00F957F3 
 379      821FE7A1 
 380 0b30 D5B68678 		.ascii	"\325\266\206x\020\275\006\034\364\361(\026[ \017\326"
 380      10BD061C 
 380      F4F12816 
 380      5B200FD6 
 381 0b40 4A726889 		.ascii	"Jrh\211 \271\360\263X>^\027\033i\261\204\276\361\233"
 381      20B9F0B3 
 381      583E5E17 
 381      1B69B184 
 381      BEF19B
 382 0b53 DFBE6E90 		.ascii	"\337\276n\2205]\344\352\210\370\237x\340qk\031z\246"
 382      355DE4EA 
 382      88F89F78 
 382      E0716B19 
 382      7AA6
 383 0b65 DC1235C5 		.ascii	"\334\0225\305\360\337-\224\273\3779e\367\033\201\252"
 383      F0DF2D94 
 383      BBFF3965 
 383      F71B81AA 
 384 0b75 EE485694 		.ascii	"\356HV\224\331r\372\255l\200%\202\326\346\277*f\366"
 384      D972FAAD 
 384      6C802582 
 384      D6E6BF2A 
 384      66F6
 385 0b87 4F       		.ascii	"O"
 386              		.text
 387              		.section	.gnu.lto_.symtab.b05e639bd9c0a452,"",%progbits
 388 0000 7374496E 		.ascii	"stInit\000"
 388      697400
 389 0007 00       		.ascii	"\000"
ARM GAS  /tmp/ccSGr3iS.s 			page 30


 390 0008 00       		.ascii	"\000"
 391 0009 00       		.ascii	"\000"
 392 000a 00000000 		.ascii	"\000\000\000\000\000\000\000\000"
 392      00000000 
 393 0012 C6000000 		.ascii	"\306\000\000\000"
 394 0016 73745374 		.ascii	"stStartAlarm\000"
 394      61727441 
 394      6C61726D 
 394      00
 395 0023 00       		.ascii	"\000"
 396 0024 00       		.ascii	"\000"
 397 0025 00       		.ascii	"\000"
 398 0026 00000000 		.ascii	"\000\000\000\000\000\000\000\000"
 398      00000000 
 399 002e CA000000 		.ascii	"\312\000\000\000"
 400 0032 73745374 		.ascii	"stStopAlarm\000"
 400      6F70416C 
 400      61726D00 
 401 003e 00       		.ascii	"\000"
 402 003f 00       		.ascii	"\000"
 403 0040 00       		.ascii	"\000"
 404 0041 00000000 		.ascii	"\000\000\000\000\000\000\000\000"
 404      00000000 
 405 0049 CC000000 		.ascii	"\314\000\000\000"
 406 004d 73745365 		.ascii	"stSetAlarm\000"
 406      74416C61 
 406      726D00
 407 0058 00       		.ascii	"\000"
 408 0059 00       		.ascii	"\000"
 409 005a 00       		.ascii	"\000"
 410 005b 00000000 		.ascii	"\000\000\000\000\000\000\000\000"
 410      00000000 
 411 0063 CE000000 		.ascii	"\316\000\000\000"
 412 0067 73744765 		.ascii	"stGetAlarm\000"
 412      74416C61 
 412      726D00
 413 0072 00       		.ascii	"\000"
 414 0073 00       		.ascii	"\000"
 415 0074 00       		.ascii	"\000"
 416 0075 00000000 		.ascii	"\000\000\000\000\000\000\000\000"
 416      00000000 
 417 007d D1000000 		.ascii	"\321\000\000\000"
 418 0081 73744765 		.ascii	"stGetCounter\000"
 418      74436F75 
 418      6E746572 
 418      00
 419 008e 00       		.ascii	"\000"
 420 008f 00       		.ascii	"\000"
 421 0090 00       		.ascii	"\000"
 422 0091 00000000 		.ascii	"\000\000\000\000\000\000\000\000"
 422      00000000 
 423 0099 D3000000 		.ascii	"\323\000\000\000"
 424 009d 73744973 		.ascii	"stIsAlarmActive\000"
 424      416C6172 
 424      6D416374 
 424      69766500 
 425 00ad 00       		.ascii	"\000"
ARM GAS  /tmp/ccSGr3iS.s 			page 31


 426 00ae 00       		.ascii	"\000"
 427 00af 00       		.ascii	"\000"
 428 00b0 00000000 		.ascii	"\000\000\000\000\000\000\000\000"
 428      00000000 
 429 00b8 DB000000 		.ascii	"\333\000\000\000"
 430 00bc 73745F6C 		.ascii	"st_lld_init\000"
 430      6C645F69 
 430      6E697400 
 431 00c8 00       		.ascii	"\000"
 432 00c9 02       		.ascii	"\002"
 433 00ca 00       		.ascii	"\000"
 434 00cb 00000000 		.ascii	"\000\000\000\000\000\000\000\000"
 434      00000000 
 435 00d3 DD000000 		.ascii	"\335\000\000\000"
 436              		.text
 437              		.section	.gnu.lto_.opts,"",%progbits
 438 0000 272D666D 		.ascii	"'-fmath-errno' '-fsigned-zeros' '-ftrapping-math' '"
 438      6174682D 
 438      6572726E 
 438      6F272027 
 438      2D667369 
 439 0033 2D666E6F 		.ascii	"-fno-trapv' '-fno-openmp' '-fno-openacc' '-mcpu=cor"
 439      2D747261 
 439      70762720 
 439      272D666E 
 439      6F2D6F70 
 440 0066 7465782D 		.ascii	"tex-m3' '-mthumb' '-O2' '-fomit-frame-pointer' '-fa"
 440      6D332720 
 440      272D6D74 
 440      68756D62 
 440      2720272D 
 441 0099 6C69676E 		.ascii	"lign-functions=16' '-ffunction-sections' '-fdata-se"
 441      2D66756E 
 441      6374696F 
 441      6E733D31 
 441      36272027 
 442 00cc 6374696F 		.ascii	"ctions' '-fno-common' '-flto'\000"
 442      6E732720 
 442      272D666E 
 442      6F2D636F 
 442      6D6D6F6E 
 443              		.text
 444              		.comm	__gnu_lto_v1,1,1
 445              		.comm	__gnu_lto_slim,1,1
 446              		.ident	"GCC: (15:7-2018-q2-6) 7.3.1 20180622 (release) [ARM/embedded-7-branch revision 261907]"
ARM GAS  /tmp/ccSGr3iS.s 			page 32


DEFINED SYMBOLS
                            *ABS*:0000000000000000 hal_st.c
                            *COM*:0000000000000001 __gnu_lto_v1
                            *COM*:0000000000000001 __gnu_lto_slim

NO UNDEFINED SYMBOLS
