ARM GAS  /tmp/cco9MjcL.s 			page 1


   1              		.cpu cortex-m3
   2              		.eabi_attribute 20, 1
   3              		.eabi_attribute 21, 1
   4              		.eabi_attribute 23, 3
   5              		.eabi_attribute 24, 1
   6              		.eabi_attribute 25, 1
   7              		.eabi_attribute 26, 1
   8              		.eabi_attribute 30, 2
   9              		.eabi_attribute 34, 1
  10              		.eabi_attribute 18, 4
  11              		.file	"nvic.c"
  12              		.section	.gnu.lto_.profile.af44abb141683c75,"",%progbits
  13 0000 789C6363 		.ascii	"x\234cc```\001bF\006)1\000\000\302\000<"
  13      60606001 
  13      62460629 
  13      310000C2 
  13      003C
  14              		.text
  15              		.section	.gnu.lto_.icf.af44abb141683c75,"",%progbits
  16 0000 789C6363 		.ascii	"x\234cc``\220b@\000\026\206\005\373?\336dd\334\361\372"
  16      60609062 
  16      40001686 
  16      05FB3FDE 
  16      6464DCF1 
  17 0015 CB5156A6 		.ascii	"\313QV\246\015Kf7r27Lo\375\306\310\000\000\251\036\013"
  17      0D4B6637 
  17      7232374C 
  17      6FFDC6C8 
  17      0000A91E 
  18 002a C2       		.ascii	"\302"
  19              		.text
  20              		.section	.gnu.lto_.jmpfuncs.af44abb141683c75,"",%progbits
  21 0000 789C6363 		.ascii	"x\234cc``\320a@\000\026\006&FF\346\3729\314\014 \314"
  21      6060D061 
  21      40001606 
  21      264646E6 
  21      FA39CC0C 
  22 0016 0804209A 		.ascii	"\010\004 \232\011Y\220\031*\310\000\000\237-\007\005"
  22      09599019 
  22      2AC80000 
  22      9F2D0705 
  23              		.text
  24              		.section	.gnu.lto_.inline.af44abb141683c75,"",%progbits
  25 0000 789C4D8C 		.ascii	"x\234M\214\321\021\2000\014B!\215i\364\307\021\352\004"
  25      D1118030 
  25      0C42218D 
  25      69F4C711 
  25      EA04
  26 0012 2ED9453A 		.ascii	".\331E:\222\2438\202\261\236U>\270\343\036`\000*>)\260"
  26      92A33882 
  26      B19E553E 
  26      B8E31E60 
  26      002A3E29 
  27 0027 CC146E8C 		.ascii	"\314\024n\214p\233\332\271\303Z\021\310\261*\"y\020"
  27      709BDAB9 
  27      C35A11C8 
  27      B12A2279 
ARM GAS  /tmp/cco9MjcL.s 			page 2


  27      10
  28 0038 07E199EC 		.ascii	"\007\341\231\354\225\244\255<\225\240\332O\004\223\222"
  28      95A4AD3C 
  28      95A0DA4F 
  28      049392
  29 0047 FD25C5EE 		.ascii	"\375%\305\356w\020J\310\366N\007\034S\\\2260\015\244"
  29      77104AC8 
  29      F64E071C 
  29      535C9630 
  29      0DA4
  30              		.text
  31              		.section	.gnu.lto_.pureconst.af44abb141683c75,"",%progbits
  32 0000 789C6363 		.ascii	"x\234cc``\340\004b\026\006)F)&)f)\000\002\304\000\202"
  32      6060E004 
  32      62160629 
  32      46292629 
  32      66290002 
  33              		.text
  34              		.section	.gnu.lto_nvicEnableVector.af44abb141683c75,"",%progbits
  35 0000 789C9D53 		.ascii	"x\234\235SQK\024Q\024\276\337\234\231\331\311\326}\217"
  35      514B1451 
  35      14BEDF9C 
  35      99D9C9D6 
  35      7D8F
  36 0012 96F22110 		.ascii	"\226\362!\020\011v\022\372\003\021\364\020\370\322?"
  36      097612FA 
  36      0311F410 
  36      F8D23F
  37 0021 085F1272 		.ascii	"\010_\022rW4\2447\357\356\332\252\345\203\340\252\260"
  37      5734A437 
  37      EFEEDAAA 
  37      E583E0AA 
  37      B0
  38 0032 4CB1D25A 		.ascii	"L\261\322ZB\330&j\245YM\333\232.Q\221H\357\245\024\030"
  38      42D8266A 
  38      A5594DDB 
  38      9A2E5191 
  38      48EFA514 
  39 0047 8AED5381 		.ascii	"\212\355S\201Z\347\316](\250\036\3522\367\314\275\347"
  39      5AE7CE5D 
  39      28A81EEA 
  39      32F7CCBD 
  39      E7
  40 0058 7CE79CEF 		.ascii	"|\347\234\357\273w\306\026B\234%!N\362\3730O\220\200"
  40      BB77C616 
  40      429C2521 
  40      4EF2FB30 
  40      4F9080
  41 006b 31F45A88 		.ascii	"1\364Z\210\244c\000j!\035\210\036\003=\030\244,\241"
  41      A463006A 
  41      211D881E 
  41      033D18A4 
  41      2CA1
  42 007d D4F771DE 		.ascii	"\324\367q\336h\272-y\370c\325Cr\322\207\307\351\243"
  42      68BA2D79 
  42      F863D543 
  42      72D287C7 
ARM GAS  /tmp/cco9MjcL.s 			page 3


  42      E9A3
  43 008f 3CD5C00C 		.ascii	"<\325\300\014\232\030\365\266\367\236G\327\310#\300"
  43      9A18F5B6 
  43      F79E47D7 
  43      C823C0
  44 009e E4ED9757 		.ascii	"\344\355\227W\271\365\210\332\032h\340\355\236\314\216"
  44      B9F588DA 
  44      1A68E0ED 
  44      9ECC8E
  45 00ad 462806C1 		.ascii	"F(\006\301\353\215\2277\207B\215\023R\246\244_.\220"
  45      EB8D9737 
  45      87428D13 
  45      52A6A45F 
  45      2E90
  46 00bf 3CE611E1 		.ascii	"<\346\021\341>\210\013b\016Q\314\"*\330%\360\000\215"
  46      3E880B62 
  46      0E51CC22 
  46      2AD825F0 
  46      008D
  47 00d1 0CBF93FA 		.ascii	"\014\277\223\372\264Et\"H\375\260\362>k\325R7&j\251"
  47      B4457422 
  47      48FDB0F2 
  47      3E6BD552 
  47      37266AA9 
  48 00e5 0FFF903A 		.ascii	"\017\377\220:\217\306\000?\275?Ro\233\232+\026`\013"
  48      8FC6003F 
  48      BD3F526F 
  48      9B9A2B16 
  48      600B
  49 00f7 F0A2B86A 		.ascii	"\360\242\270j\371r\377{\237\364\327na\354L\030\234c"
  49      F972FF7B 
  49      9FF4D76E 
  49      61EC4C18 
  49      9C63
  50 0109 1ACA101B 		.ascii	"\032\312\020\033\313T\306bc\333P\205\034(&B\364s\021"
  50      CB54C662 
  50      63DB5085 
  50      1C282642 
  50      F47311
  51 011c 3E1DE98B 		.ascii	">\035\351\213\0012\324*\355\213M\244\252}{\305:U;G\310"
  51      0132D42A 
  51      ED8B4DA4 
  51      AA7D7BC5 
  51      3A553B47 
  52 0131 91CDAEF4 		.ascii	"\221\315\256\364N\006\332a\260\357\327\263\261a\342"
  52      4E06DA61 
  52      B0EFD7B3 
  52      B161E2
  53 0140 1173DC44 		.ascii	"\021s\334Di\355\3527R \016\217^)\275\011\251p(\0209"
  53      69EDEA37 
  53      52200E8F 
  53      5E29BD09 
  53      A9702810 
  54 0155 3BBEFD35 		.ascii	";\276\3755\254\267\262\224\226\021v\315|\036^\017\345"
  54      ACB7B294 
  54      961176CD 
  54      7C1E5E0F 
ARM GAS  /tmp/cco9MjcL.s 			page 4


  54      E5
  55 0166 7123C977 		.ascii	"q#\311w\220?\342\221\203\307\254v\221+\251\204\245\301"
  55      903FE291 
  55      83C7AC76 
  55      912BA984 
  55      A5C1
  56 0178 E4789D3B 		.ascii	"\344x\235;%{\223\262\301\243\003x\202<F\202\333\341"
  56      257B93B2 
  56      C1A30378 
  56      823C4682 
  56      DBE1
  57 018a E0BBD5B9 		.ascii	"\340\273\325\271\231HsQ\005\363q\217\352\360\024n\216"
  57      99487351 
  57      05F3718F 
  57      EAF0146E 
  57      8E
  58 019b 9CE0E67C 		.ascii	"\234\340\346|43G\305x7s}z\322\320\244\211\303\2348\\"
  58      343347C5 
  58      7837737D 
  58      7AD2D0A4 
  58      89C39C38 
  59 01b0 B83B5FAF 		.ascii	"\270;_\257hX8\212g\001\351t53`i\220\251A\225\302\302"
  59      6858388A 
  59      6701E974 
  59      35336069 
  59      90A94195 
  60 01c6 6E582BB3 		.ascii	"nX+\263P\322\240\235L%\244A\226RS^\3168\032\001<G\224"
  60      50D2A09D 
  60      4C25A441 
  60      9652535E 
  60      CE381A01 
  61 01dd EBD7E45B 		.ascii	"\353\327\344[5\371\377\"\356 \312\2018\374.\256\333"
  61      35F9FF22 
  61      EE20CA81 
  61      38FC2EAE 
  61      DB
  62 01ee A3309694 		.ascii	"\2430\226\22483\020\367B\211\263t\257\251\351E\374W"
  62      383310F7 
  62      4289B374 
  62      AFA9E945 
  62      FC57
  63 0200 B7E5A09B 		.ascii	"\267\345\240\233\361\227n+?\273Ut\267m\244\362\305\301"
  63      F1976E2B 
  63      3FBB5574 
  63      B76DA4F2 
  63      C5C1
  64 0212 A057F073 		.ascii	"\240W\360s\3643S\376R\270\300\361X\314\325O\242\313"
  64      F43353FE 
  64      52B8C0F1 
  64      58CCD54F 
  64      A2CB
  65 0224 BD70FEA2 		.ascii	"\275p\376\242\333\221\350\274\324\345\266&\332\333\023"
  65      DB91E8BC 
  65      D4E5B626 
  65      DADB13
  66 0233 71F7D4B9 		.ascii	"q\367\324\271\226\323-\227\335xw[k\254U nvt\266%~\000"
  66      96D32D97 
ARM GAS  /tmp/cco9MjcL.s 			page 5


  66      DD78775B 
  66      6BAC5520 
  66      6E7674B6 
  67 024a EF051A21 		.ascii	"\357\005\032!"
  68              		.text
  69              		.section	.gnu.lto_nvicDisableVector.af44abb141683c75,"",%progbits
  70 0000 789C9551 		.ascii	"x\234\225Q]k\023Q\020\235sg?b?\362,\030\264\017B)B\226"
  70      5D6B1351 
  70      109D7367 
  70      3F623FF2 
  70      2C18B40F 
  71 0018 FC04117C 		.ascii	"\374\004\021|\353\213\377@\362\242h\023\261R|\353M\323"
  71      EB8BFF40 
  71      F2A26813 
  71      B1527CEB 
  71      4DD3
  72 002a A6AD5628 		.ascii	"\246\255V(\264\215\020\026\331b\304\202h\225\244j\352"
  72      B48D1016 
  72      D962C482 
  72      6895A46A 
  72      EA
  73 003b D7BA56A4 		.ascii	"\327\272V\244h\025\213\372\003L\021Q(*>T\250\325\271"
  73      68158BFA 
  73      034C1151 
  73      282A3E54 
  73      A8D5B9
  74 004e BB3E083E 		.ascii	"\273>\010>9\354\275;s\357\2319\347\3168DtB\021y\362"
  74      39ECBD3B 
  74      73EF9939 
  74      E7CE3844 
  74      74421179 
  75 0063 DF230B4C 		.ascii	"\337#\013LP\323/\211J)\005\030G\247@\303\012\303\230"
  75      50D32F89 
  75      4A290518 
  75      47A740C3 
  75      0AC398
  76 0076 E2594634 		.ascii	"\342YF4\376\241\245\372\256j\261\360b\323\251\350\261"
  76      FEA1A5FA 
  76      AE6AB1F0 
  76      62D3A9E8 
  76      B1
  77 0087 DD3E1355 		.ascii	"\335>\023Ue\031C\003}\202z=z\323\347\363\3543`I\370"
  77      65194303 
  77      7D827A3D 
  77      7AD3E7F3 
  77      EC336049 
  78 009c 75ADD64E 		.ascii	"u\255\326N\233P\241G\302\237z\266\232\346,H\374\215"
  78      9B50A147 
  78      C29F7AB6 
  78      9AE62C48 
  78      FC8D
  79 00ae E797A7DD 		.ascii	"\347\227\247\335\336+Z\217\350\360E\235\365~\237\031"
  79      DE2B5A8F 
  79      E8F0459D 
  79      F57E9F19 
  80 00be B7C15210 		.ascii	"\267\301R\020K\310\240\211\014\311\021\341\016z\015"
  80      4BC8A089 
ARM GAS  /tmp/cco9MjcL.s 			page 6


  80      0CC911E1 
  80      0E7A0D
  81 00cd FEFDAD9D 		.ascii	"\376\375\255\235\271n\307J\010q\027\016A\234\305u;\324"
  81      B96EC74A 
  81      0871170E 
  81      419CC575 
  81      3BD4
  82 00df 3BBFC675 		.ascii	";\277\306u\270Q\307\333\303\242\330gK\231\215e\263-"
  82      B851C7DB 
  82      C3A2D867 
  82      4B998D65 
  82      B32D
  83 00f1 C4E93421 		.ascii	"\304\3514!I\362$\035\322$+\343\225C\372\204\362ve\255"
  83      49F2241D 
  83      D2242BE3 
  83      9543FA84 
  83      F27665AD 
  84 0105 B1A04CB1 		.ascii	"\261\240L\261\032\243\306F\361L\375F\253\333(\266\260"
  84      1AA3C646 
  84      F14CFD46 
  84      ABDB28B6 
  84      B0
  85 0116 0F2DD120 		.ascii	"\017-\321 \260o\225I;\001\251\004\264Z_\336\3562 \033"
  85      B06F9549 
  85      3B01A904 
  85      B45A5FDE 
  85      EE32201B 
  86 012a 369613D0 		.ascii	"6\226\023\320\227\312\252\233\200L\267\232+\317*\251"
  86      97CAAA9B 
  86      804CB79A 
  86      2BCF2AA9 
  87 013a 0401DC43 		.ascii	"\004\001\334CF\352\013(zs\356G\\I\020\325\261\350\225"
  87      46EA0B28 
  87      7A73EE47 
  87      5C4910D5 
  87      B1E895
  88 014d 6B104EDC 		.ascii	"k\020N\334\216\346\374\346VW\022\352\250\254\323r\324"
  88      8EE6FCE6 
  88      565712EA 
  88      A8ACD372 
  88      D4
  89 015e F83CD376 		.ascii	"\370<\323v\003\\*I\313\203\275>\273x }\271/t&\341\351"
  89      035C2A49 
  89      CB83BD3E 
  89      BB78207D 
  89      B92F7426 
  90 0174 5469BEC3 		.ascii	"Ti\276\303\273\256GK\272\307\347\024\036\"\300\\<\014"
  90      BBAE474B 
  90      BAC7E714 
  90      1E22C05C 
  90      3C0C
  91 0186 B97CB7BE 		.ascii	"\271|\267\276\324H\347\026\315e0\344\363.<\202'\352"
  91      D448E716 
  91      CD6530E4 
  91      F32E3C82 
  91      27EA
  92 0198 E34185C8 		.ascii	"\343A\205\310\211F\243\346\373\307\205\266\373G\316"
ARM GAS  /tmp/cco9MjcL.s 			page 7


  92      8946A3E6 
  92      FBC785B6 
  92      FB47CE
  93 01a7 FF9075E0 		.ascii	"\377\220u\340qL\206\177\311\012>w\"2dVL\366\004\271"
  93      714C867F 
  93      C90A3E77 
  93      22326456 
  93      4CF604B9 
  94 01bb BFDFDA09 		.ascii	"\277\337\332\011\302\212\324\334\304Hp\355\002\3421"
  94      C28AD4DC 
  94      C44870ED 
  94      02E231
  95 01ca 1A9B905A 		.ascii	"\032\233\220Z2\025\021x \233\365\222\2578\350\035;z"
  95      32151178 
  95      209BF592 
  95      AF38E81D 
  95      3B7A
  96 01dc D23B553C 		.ascii	"\322;U<}f\320\313\027\007\006\212\005\357\340\221\376"
  96      7D66D0CB 
  96      1707068A 
  96      05EFE091 
  96      FE
  97 01ed 43FD67BD 		.ascii	"C\375g\275\302\320\361|6O(\374\006\027e\324\031"
  97      C2D0F17C 
  97      364F28FC 
  97      061765D4 
  97      19
  98              		.text
  99              		.section	.gnu.lto_nvicSetSystemHandlerPriority.af44abb141683c75,"",%progbits
 100 0000 789C6D51 		.ascii	"x\234mQ\315KTQ\024?\277{\336{\363\012\262\255\224\013"
 100      CD4B5451 
 100      143FBF7B 
 100      DE7BF30A 
 100      B2AD940B 
 101 0014 17C120C1 		.ascii	"\027\301 \301<\334\264h\027n\334\270\351?\220)P\320"
 101      3CDCB468 
 101      176EDCB8 
 101      E93F9029 
 101      50D0
 102 0026 79328AB4 		.ascii	"y2\212\264\363\316\214:f\"Q\243\306\360\210\267\021"
 102      F3CE8C3A 
 102      662251A3 
 102      C6F088B7 
 102      11
 103 0037 930815D3 		.ascii	"\223\010\025\323\032\035\3551\2536VJ\004\271\353\203"
 103      1A1DED31 
 103      AB36564A 
 103      04B9EB83 
 104 0047 8281A272 		.ascii	"\202\201\242r\026\255\254s\237#\264\350r?\316\327\357"
 104      16ADAC73 
 104      9F23B4E8 
 104      723FCED7 
 104      EF
 105 0058 DCDF39C7 		.ascii	"\334\3379\307!\242#\020]\225\367\242\0340A\335}E\224"
 105      21A22310 
 105      5D95F7A2 
 105      1C3041DD 
ARM GAS  /tmp/cco9MjcL.s 			page 8


 105      7D4594
 106 006b 73156004 		.ascii	"s\025`\004\355\202\306\024\3060\303%F\255\370\245\242"
 106      ED82C614 
 106      C630C325 
 106      46ADF8A5 
 106      A2
 107 007c 3A96B4AC 		.ascii	":\226\264\254h\241\341L\352\211\326\200\211\346\345"
 107      68A1E14C 
 107      EA89D680 
 107      89E6E5
 108 008b 98857574 		.ascii	"\230\205utH\324\376\370j\300w8`\300\022\365\347^\371"
 108      48D4FEF8 
 108      6AC07738 
 108      60C012F5 
 108      E75EF9
 109 009e 538B5115 		.ascii	"S\213Q\025\332E-\334\337\255\272\234\002\211|\260\376"
 109      DA452DDC 
 109      DFADBA9C 
 109      02897CB0 
 109      FE
 110 00af A03BB9A8 		.ascii	"\240;\271\250u^G\237\027Y_\012\230\261\011\226|\330"
 110      755E479F 
 110      17595F0A 
 110      98B10996 
 110      7CD8
 111 00c1 401B9EA2 		.ascii	"@\033\236\242\215\304Dx\206\244D?\316\177\375\306|%"
 111      8DC44478 
 111      86A4443F 
 111      CE7FFDC6 
 111      7C25
 112 00d3 467E7CF9 		.ascii	"F~|\371\241d7\241\215\245&\364\371\177\240\025$\343"
 112      A16437A1 
 112      8DA526F4 
 112      F97FA015 
 112      24E3
 113 00e5 F8B5E3B9 		.ascii	"\370\265\343\271s\216\025\236\262\305\026\034\222\312"
 113      738E159E 
 113      B2C5161C 
 113      92CA
 114 00f3 69E5C08E 		.ascii	"i\345\300\216\364\361\237\2420h=<r\023\020\230\245\314"
 114      F4F19FA2 
 114      30683D3C 
 114      72131098 
 114      A5CC
 115 0105 25F4056C 		.ascii	"%\364\005l\303\374N4%(i\210\216\3506+#\025\"\252#\377"
 115      C3FC4E34 
 115      25286988 
 115      8EE8362B 
 115      231522AA 
 116 011b ABB857A9 		.ascii	"\253\270W\251\302d+3\312\362a\035\205\037\223M\203\022"
 116      C2642B33 
 116      CAF2611D 
 116      851F934D 
 116      8312
 117 012d DBBFFDB0 		.ascii	"\333\277\375\260aa[\210\325Q{;\375\3366A\342\236\237"
 117      61615B88 
 117      D5517B3B 
ARM GAS  /tmp/cco9MjcL.s 			page 9


 117      FDDE3641 
 117      E29E9F
 118 0140 A8BD4E18 		.ascii	"\250\275N\030\267\023W\226\253TK\366\211\252\017\013"
 118      B7135796 
 118      AB544BF6 
 118      89AA0F0B 
 119 0150 BA454CF5 		.ascii	"\272EL\365\375\306\033;\304\303\234\364=\274\020p\002"
 119      FDC61B3B 
 119      C4C39CF4 
 119      3DBC1070 
 119      02
 120 0161 3B526255 		.ascii	";RbU2\031\300\275\351\345\345\263\336\023=\236\323\355"
 120      3219C0BD 
 120      E9E5E5B3 
 120      DE133D9E 
 120      D3ED
 121 0173 01BBD845 		.ascii	"\001\273\330E\210\271x\"\342|\367\350\367\302\371\316"
 121      88B97822 
 121      E27CF7E8 
 121      F7C2F9CE 
 122 0183 15E30C33 		.ascii	"\025\343\0143\001\237\301\013xe\266\343iE\350\024\216"
 122      019FC10B 
 122      7865B6E3 
 122      6945E814 
 122      8E
 123 0194 F41DF970 		.ascii	"\364\035\371p{6\246\034Oq\212a\352SD\227S)\357d\373"
 123      7B36A61C 
 123      4F718A61 
 123      EA534497 
 123      5329EF64 
 124 01a9 C35E5FEF 		.ascii	"\303^_\357\2007\344gG\206\275\264?8\350g\274k\327{\272"
 124      8037E467 
 124      4786BDB4 
 124      3F38E867 
 124      BC6BD77B 
 125 01be 7A6E7999 		.ascii	"zny\231\321\376t*M\211\276\336\314\215\201\233Yk(\333"
 125      D1FE742A 
 125      4D89BEDE 
 125      CC8D819B 
 125      596B28DB 
 126 01d2 EFFF056B 		.ascii	"\357\377\005k\035\261X"
 126      1DB158
 127              		.text
 128              		.section	.gnu.lto_nvicClearPending.af44abb141683c75,"",%progbits
 129 0000 789C3551 		.ascii	"x\2345Q\317KTQ\024>\337=\357\315\233Bg\0354\250\013"
 129      CF4B5451 
 129      143EDF3D 
 129      EFCD9B42 
 129      671D34A8 
 130 0015 4144988B 		.ascii	"AD\230\213\177B\264h\345\306\377 fS\2403\222!\355\274"
 130      7F42B468 
 130      E5C6FF20 
 130      6653A033 
 130      9221EDBC 
 131 0029 33A3335A 		.ascii	"3\2433ZB\202:\301\360\210'N\210\013\1771\232\315\330"
 131      42823AC1 
 131      F088274E 
ARM GAS  /tmp/cco9MjcL.s 			page 10


 131      880B7F31 
 131      9ACDD8
 132 003c 8FC7508B 		.ascii	"\217\307P\213\210\012%Z\265\312\010*\220\022\202\026"
 132      880A255A 
 132      B5CA082A 
 132      90128216 
 133 004c 6A9DFB1E 		.ascii	"j\235\373\036\035\356\217s\316=\337\271\337\375n\202"
 133      1DEE8F73 
 133      CE3DDFB9 
 133      DFFD6E82 
 134 005c 887E8348 		.ascii	"\210~\203H\313~Y&\230\240\346\337\021\025\222\012\260"
 134      CB7E5926 
 134      98A0E6DF 
 134      1115920A 
 134      B0
 135 006d 8E498226 		.ascii	"\216I\202&\025&1\307\213\214v\345kS\365\257\032\261"
 135      152631C7 
 135      8B8C76E5 
 135      6B53F5AF 
 135      1AB1
 136 007f F041CB2B 		.ascii	"\360A\313+\233\351K>\023UeZC\003\375Ru0\265\345\363"
 136      9BE94B3E 
 136      1355655A 
 136      4303FD52 
 136      7530B5E5 
 137 0094 3DF61970 		.ascii	"=\366\031p$\374\365\266v\224\262\241B\217\204gf\261"
 137      24FCF5B6 
 137      7694B2A1 
 137      428F8467 
 137      66B1
 138 00a6 9AE20C48 		.ascii	"\232\342\014H\374/oV\346\275\276G\306\024M\370\262\316"
 138      FC2F6F56 
 138      E6BDBE47 
 138      C6144DF8 
 138      B2CE
 139 00b8 A6D767C6 		.ascii	"\246\327g\306c\2604\304.\322\330A\232$E\330C\237\255"
 139      63B034C4 
 139      2ED2D841 
 139      9A2445D8 
 139      439FAD
 140 00cb FFBC7DBE 		.ascii	"\377\274}\276\324\231p\342\013\361\004\011\022\362\264"
 140      D49970E2 
 140      0BF10409 
 140      12F2B4
 141 00da 79E886E6 		.ascii	"y\350\206\346\374o\305\204\237\3528\270&\214}v\224,"
 141      FC6FC584 
 141      9FEA38B8 
 141      268C7D76 
 141      942C
 142 00ec 2E5BCFB1 		.ascii	".[\317\261\213\213\250\007\315\010R\336eB\232ee\275"
 142      8B8BA807 
 142      CD0852DE 
 142      65429A65 
 142      65BD
 143 00fe 5248DF51 		.ascii	"RH\337Q:-\237\355\007\312v\2541j\354\312]\013\365\215"
 143      3A2D9FED 
 143      07CA76AC 
ARM GAS  /tmp/cco9MjcL.s 			page 11


 143      316AECCA 
 143      5D0BF58D 
 144 0112 66A7A5ED 		.ascii	"f\247\245\355\240\033M!\"e?\313k^\\\2440\220\226R\233"
 144      A01B4D21 
 144      22653FCB 
 144      6B5E5CA4 
 144      30909652 
 145 0127 3C29CFBA 		.ascii	"<)\317\272q\222c\344\353z\353\264\303\"]\270hE\310\342"
 145      719263E4 
 145      EB7AEBB4 
 145      C3225DB8 
 145      6845C8E2 
 146 013b 49E53FD2 		.ascii	"I\345?\322\021\260d\332\037\356~\213`\002\250N\267\337"
 146      11B064DA 
 146      1FEE7E8B 
 146      6002A84E 
 146      B7DF
 147 014d 7B169088 		.ascii	"{\026\220\210T\331Y>\376\323\021\207\246]2)I5~,\034"
 147      54D9593E 
 147      FED31187 
 147      A65D3229 
 147      49357E2C 
 148 0162 79011E16 		.ascii	"y\001\036\026D\371\240\313g\017OE\236}\351m\001\257"
 148      44F9A0CB 
 148      670F4F45 
 148      9E7DE96D 
 148      01AF
 149 0174 E60ACB17 		.ascii	"\346\012\313\027\365\272\231*\230\036\237\223x\206\000"
 149      F5BA992A 
 149      981E9F93 
 149      788600
 150 0183 4BD19FC8 		.ascii	"K\321\237\310\341\307\303\335Fjp\323\036\006\023>_\300"
 150      E1C7C3DD 
 150      466A70D3 
 150      1E06133E 
 150      5FC0
 151 0195 7368A11A 		.ascii	"sh\241\032\375\327\013\014\012!:F1X\271\217HPk3\362"
 151      FDD70B0C 
 151      0A213A46 
 151      3158B98F 
 151      48506B33 
 152 01aa 30914611 		.ascii	"0\221F\021\015d2:\036\371q}\343\372\210\036\313\337"
 152      0D64323A 
 152      1EF9717D 
 152      E3FA881E 
 152      CBDF
 153 01bc BA3DAEB3 		.ascii	"\272=\256\263\371\321\321|N_\031\036\272:tG\347&nf3"
 153      F9D1D17C 
 153      4E5F191E 
 153      BA3A7447 
 153      E7266E66 
 154 01d1 5942EE1F 		.ascii	"YB\356\037\355\264\254\275"
 154      EDB4ACBD 
 155              		.text
 156              		.section	.gnu.lto_.symbol_nodes.af44abb141683c75,"",%progbits
 157 0000 789C6363 		.ascii	"x\234cc``\360\002b\006\246\371L\365\014\014\023\316"
 157      6060F002 
ARM GAS  /tmp/cco9MjcL.s 			page 12


 157      6206A6F9 
 157      4CF50C0C 
 157      13CE
 158 0012 313000A9 		.ascii	"10\000\251]\015\216@\221\005L\365\214\250\"\013\231"
 158      5D0D8E40 
 158      91054CF5 
 158      8CA8220B 
 158      99
 159 0023 EA995045 		.ascii	"\352\231PE\0261\3253\243\2100\000\000\300\212\022E"
 159      1631D533 
 159      A3883000 
 159      00C08A12 
 159      45
 160              		.text
 161              		.section	.gnu.lto_.refs.af44abb141683c75,"",%progbits
 162 0000 789C6363 		.ascii	"x\234cc```\004b\006\000\000D\000\010"
 162      60606004 
 162      62060000 
 162      440008
 163              		.text
 164              		.section	.gnu.lto_.decls.af44abb141683c75,"",%progbits
 165 0000 789CBD59 		.ascii	"x\234\275YkTT\327\025\236s\317\000\303\360\262\310j"
 165      6B5454D7 
 165      159E73CF 
 165      00C3F0B2 
 165      C86A
 166 0012 4C3B594D 		.ascii	"L;YM]f\205\325\007\243\261i\222?m\310\250\225\037\246"
 166      5D6685D5 
 166      07A3B169 
 166      923F6DC8 
 166      A8951FA6 
 167 0026 74485C2B 		.ascii	"tH\\+i\332\211AR\311R\310\002l\343\257^\004#J4\240\004"
 167      69DA8941 
 167      52C952C8 
 167      026CE3AF 
 167      5E04234A 
 168 003d 10302060 		.ascii	"\0200 `P\001\225\250\240\022t@y\310\323\240\240\310"
 168      500195A8 
 168      A0127440 
 168      79C8D3A0 
 168      A0C8
 169 004f 63100101 		.ascii	"c\020\001\001\021y\250\010\242t\237\307\235\271\\f\254"
 169      1179A808 
 169      A2749FC7 
 169      9DB95C66 
 169      AC
 170 0060 3FBA7A97 		.ascii	"?\272z\227{\356\354s\276\263\367w\366>g\2373\350\254"
 170      7BEEEC73 
 170      BEB3F777 
 170      F63E679F 
 170      33E8AC
 171 0073 52A94C2F 		.ascii	"R\251L/\252T\177\021T\252\014\244R\315\302\343\004m"
 171      AA547F11 
 171      54AA0CA4 
 171      52CDC2E3 
 171      046D
 172 0085 E520A0AA 		.ascii	"\345 \240\252\312T\354Q\203T\203\324\2014\2004\251\346"
ARM GAS  /tmp/cco9MjcL.s 			page 13


 172      CA54EC51 
 172      835483D4 
 172      81348034 
 172      A9E6
 173 0097 3F5FC300 		.ascii	"?_\303\000\017x\177\014\342\015\342\303\307\353@^\005"
 173      0F787F0C 
 173      E20DE2C3 
 173      C7EB405E 
 173      05
 174 00a8 F900E497 		.ascii	"\371\000\344\227\200\371\005\310\000|\277\015\362\010"
 174      80F905C8 
 174      007CBF0D 
 174      F208
 175 00b6 64120483 		.ascii	"d\022\004\203,\200v\035\210\027b\276\253\355\370H\201"
 175      2C80761D 
 175      881762BE 
 175      ABEDF848 
 175      81
 176 00c7 0E773B3E 		.ascii	"\016w;>\224\366%\273\222\037\230\236j!b>\020\237\207"
 176      94F625BB 
 176      921F989E 
 176      6A21623E 
 176      109F87
 177 00da F249870E 		.ascii	"\362I\207\016\255\003\376\304v\004\364\177\016\362."
 177      AD03FEC4 
 177      7604F47F 
 177      0EF22E
 178 00e9 6236899D 		.ascii	"b6\211\235\017\270\275\006\256G\243\27163\035\330$|"
 178      0FB8BD06 
 178      AE47A3B9 
 178      36331DD8 
 178      247C
 179 00fb 3FB4C397 		.ascii	"?\264\303\227\014\327q\233\366b\234\204Qg\315\341|\034"
 179      0CD7719B 
 179      F6629C84 
 179      5167CDE1 
 179      7C1C
 180 010d 8FD1AB5A 		.ascii	"\217\321\253ZD\262\345\005M\307\206\317Ly\260&\202h"
 180      44B2E505 
 180      4DC786CF 
 180      4C79B026 
 180      8268
 181 011f 2E4FF2C0 		.ascii	".O\362\300\002\375\332]\020\333\347\352W \262G\3637"
 181      02FDDA5D 
 181      10DBE7EA 
 181      5720B247 
 181      F337
 182 0131 153A85B0 		.ascii	"\025:\205\260d\251\371\353\361\\\027\374{\012\3741\366"
 182      64A9F9EB 
 182      F15C17FC 
 182      7B0AFC31 
 182      F6
 183 0142 7806B1EA 		.ascii	"x\006\261\352\255EjP\307\032\322ny\202\352\243E/'a\301"
 183      AD456A50 
 183      C71AD26E 
 183      7982EAA3 
 183      452F2761 
ARM GAS  /tmp/cco9MjcL.s 			page 14


 184 0157 D2F6B8C3 		.ascii	"\322\366\270\303\023i}\343Dq\253\230\025#\272\256V\241"
 184      13697DE3 
 184      4471AB98 
 184      1523BAAE 
 184      56A1
 185 0169 3348874E 		.ascii	"3H\207N#\235\012\225\"_\342\271\030\371\251\320Ih<\001"
 185      239D0A95 
 185      225FE2B9 
 185      18F9A9D0 
 185      49683C01 
 186 017d 8DDF1177 		.ascii	"\215\337\021w\346\246\324?\354\033\027\305\227\321Y"
 186      E6A6D43F 
 186      EC1B17C5 
 186      97D159
 187 018c A4452508 		.ascii	"\244E%\010S\014L\356U-#p871\333\031\207\023\002Biz_"
 187      530C4CEE 
 187      552D2370 
 187      383731DB 
 187      19871302 
 188 01a4 A5E0C8C5 		.ascii	"\245\340\310\3059\207.\2523\027Wm\023E\001\225\201\213"
 188      39872EAA 
 188      3317576D 
 188      13450195 
 188      818B
 189 01b6 1F6C2EC0 		.ascii	"\037l.\300#yA+\3709[^v\336\315\202:\021,\003\264\200"
 189      2379412B 
 189      F8395B5E 
 189      76DECD82 
 189      3A112C03 
 190 01cc 4E1F21F6 		.ascii	"N\037!\366\011o\"T\237\225\036\304\332\241U`/\016%\212"
 190      096F2254 
 190      9F951EC4 
 190      DAA15560 
 190      2F0E258A 
 191 01e0 3404595B 		.ascii	"4\004Y[\004nC\220\354\322\177\334\000\222[e\375\314"
 191      046E4390 
 191      ECD27FDC 
 191      00925B65 
 191      FDCC
 192 01f2 9DF4B0A4 		.ascii	"\235\364\260\244\263/\262q\254I\2609\223\015\231\307"
 192      B32FB271 
 192      AC49B039 
 192      930D99C7 
 193 0202 5565EDB6 		.ascii	"Ue\355\266\222\262M\022\361l\347e\354s\352F]\320\011"
 193      92B24D12 
 193      F16CE765 
 193      EC73EA46 
 193      5DD009
 194 0215 0B2F4113 		.ascii	"\013/A\023F\323\236~\265'G\300\351\210*\325\207N\225"
 194      46D39E7E 
 194      B52747C0 
 194      E9882AD5 
 194      874E95
 195 0228 23B5C0C2 		.ascii	"#\265\300\302\206\302\324\244\255n2\357\274\332\332"
 195      86C2D4A4 
 195      AD6E32EF 
 195      BCDADA
ARM GAS  /tmp/cco9MjcL.s 			page 15


 196 0237 56816863 		.ascii	"V\201hc\345\354\244\331\213-\026\201\254\243\321\372"
 196      E5ECA4D9 
 196      8B2D1681 
 196      ACA3D1FA 
 197 0247 FD6E6CB1 		.ascii	"\375nl\261, k\347\\W\262\260(\231\244'!F\\ \240\217"
 197      2C206BE7 
 197      5C57B2B0 
 197      2899A427 
 197      21465C20 
 198 025d 7F8A2A21 		.ascii	"\177\212*!i\027!i*T\205\026\301\347\005\244f\254\036"
 198      69172169 
 198      2A548516 
 198      C1E705A4 
 198      66AC1E
 199 0270 EEDE5EA0 		.ascii	"\356\336^\240]\234%fu\213\346\333\205Kn\237\024EH\247"
 199      5D9C2566 
 199      758BE6DB 
 199      854B6E9F 
 199      144548A7 
 200 0284 A8263854 		.ascii	"\250&8Tn\313g9Y\266\310\214\272\021:\217,0\211j\264"
 200      6ECB6739 
 200      59B6C88C 
 200      BA113A8F 
 200      2C30896A 
 201 0299 1886B774 		.ascii	"\030\206\267t\225\215b|\3351\377\224+\331g=\034\222"
 201      958D627C 
 201      DD31FF94 
 201      2BD9673D 
 201      1C92
 202 02ab A9A5642E 		.ascii	"\251\245d.Id\306\006\353\307<8\231\346\027\323D\363"
 202      4964C606 
 202      EBC73C38 
 202      99E617D3 
 202      44F3
 203 02bd 56912C2D 		.ascii	"V\221,-@\241\032\033\225\032%\225:J\245\350\321\235"
 203      40A11A1B 
 203      951A2595 
 203      3A4AA5E8 
 203      D19D
 204 02cf 188C8718 		.ascii	"\030\214\207\030\225')\015\242\253d\351\347VKdR\365"
 204      9527290D 
 204      A2AB64E9 
 204      E7564B64 
 204      52F5
 205 02e1 364BF54A 		.ascii	"6K\365JK\015\324RY^J\000\336\3166\360Tv\355agnh\350"
 205      4B0DD452 
 205      595E4A00 
 205      DECE36F0 
 205      5476ED61 
 206 02f9 A539941A 		.ascii	"\2459\224\032m\206\032\225\206\232\250\241\202\226\314"
 206      6D861A95 
 206      869AA8A1 
 206      8296CC
 207 0308 52779627 		.ascii	"Rw\226'QG\346W\276\375$\327G]@O*\274U\202\230\236\340"
 207      5147E657 
 207      BEFD24D7 
 207      475D404F 
ARM GAS  /tmp/cco9MjcL.s 			page 16


 207      2ABC5582 
 208 031f 03FA404B 		.ascii	"\003\372@K^\232\007K\244x\000A\303\376\231\231X5NeT"
 208      5E9A074B 
 208      A4780041 
 208      C3FE9999 
 208      58354E65 
 209 0334 6EB63EAD 		.ascii	"n\266>\255\343%\"\306\211,\215\276\216o<\264q$\264t"
 209      E32522C6 
 209      892C8DBE 
 209      8E6F3CB4 
 209      7124B474 
 210 0348 BF920E69 		.ascii	"\277\222\016i\307\252P+\331\200H\257C-\240\002:?9\373"
 210      C7AA502B 
 210      D98048AF 
 210      432DA002 
 210      3A3F39FB 
 211 035c 14F64EA0 		.ascii	"\024\366N\240\211\020\305\267\3254GW\000\336L\341\327"
 211      8910C5B7 
 211      D5344757 
 211      00DE4CE1 
 211      D7
 212 036d 90B73488 		.ascii	"\220\2674\210\240{\017\366f\271r\346\316\240\177\231"
 212      A07B0FF6 
 212      66B972E6 
 212      CEA07F99 
 213 037d D893E3C9 		.ascii	"\330\223\343\311\231\023b\227\023\277\332\253\346LI"
 213      99136297 
 213      13BFDAAB 
 213      E64C49
 214 038c 05DC7D2D 		.ascii	"\005\334}-\361\2178\233\361\274^\264\367\270\023\303"
 214      F18F389B 
 214      F1BC5EB4 
 214      F7B813C3 
 215 039c DE23D8B3 		.ascii	"\336#\330\263i\255in\016yvJ<;\030\317c\333z\017k`\264"
 215      69AD696E 
 215      0E79764A 
 215      3C3B18CF 
 215      63DB7A0F 
 216 03b3 0ECA2B92 		.ascii	"\016\312+\222\325V\035\253\255'\315\023\205j|\220z\022"
 216      D5561DAB 
 216      AD27CD13 
 216      856A7C90 
 216      7A12
 217 03c5 8A0A7B3F 		.ascii	"\212\012{?C\276Z\251\330\371m\333Nr\323\003\023\353"
 217      43BE5AA9 
 217      D8F96DDB 
 217      4E72D303 
 217      13EB
 218 03d7 B6E54647 		.ascii	"\266\345FG\246D\253\232\230#\342E*\264\\\207\226BM\273"
 218      A644AB9A 
 218      9823E245 
 218      2AB45C87 
 218      96424DBB 
 219 03eb 09354DC7 		.ascii	"\0115M\307k\232\005\350t1\377\2073\017]\364\300\307"
 219      6B9A05E8 
 219      7431FF87 
 219      330F5DF4 
ARM GAS  /tmp/cco9MjcL.s 			page 17


 219      C0C7
 220 03fd 9883AEC2 		.ascii	"\230\203\256\302{\215\330\352\001j\335\011Z\353\372"
 220      7B8DD8EA 
 220      016ADD09 
 220      5AEBFA
 221 040c C0C32D9B 		.ascii	"\300\303-\233\207\036\344\300E\257}\027-\226\344v7["
 221      871EE4C0 
 221      45AF7D17 
 221      2D96E476 
 221      375B
 222 041e 2A10B577 		.ascii	"*\020\265w\003\372\333hD\372i*:\245Tl\275\270\343\016"
 222      03FADB68 
 222      44FA692A 
 222      3AA5546C 
 222      BDB8E30E 
 223 0432 22E18B79 		.ascii	"\"\341\213y>\353\251\225S\367\324r\353\267\237e\275"
 223      3EEBA995 
 223      53F7D472 
 223      EBB79F65 
 223      BD
 224 0443 D892B483 		.ascii	"\330\222\264\203/\311,r\360\234\355\0343\2731\275\233"
 224      2FC92C72 
 224      F09CED1C 
 224      33BB31BD 
 224      9B
 225 0454 847F6A38 		.ascii	"\204\177j8\265E\303\023\355\011\372\205\211\2141w\\"
 225      B545C313 
 225      ED09FA85 
 225      898C3177 
 225      5C
 226 0465 C2325DD1 		.ascii	"\3022]\321^\026\3073\375\006\250\365\273\317\3649^\220"
 226      5E16C733 
 226      FD06A8F5 
 226      BBCFF439 
 226      5E90
 227 0477 2352A2EF 		.ascii	"#R\242\3572\236O\2632Z\005\345\202\274\003\360!\012"
 227      329E4FB3 
 227      325A05E5 
 227      82BC03F0 
 227      210A
 228 0489 BF47798E 		.ascii	"\277Gy\216H<S\356N\375\214\257G\371\371\350M\317Gtt"
 228      483C53EE 
 228      4EFD8CAF 
 228      47F9F9E8 
 228      4DCF4774 
 229 049e E07C8696 		.ascii	"\340|\206\226\263$\025\361\302\225\364|\027\\\316X\336"
 229      B32415F1 
 229      C295F47C 
 229      175CCE58 
 229      DE
 230 04af DFB96D92 		.ascii	"\337\271m\222\357\033\262\351zk\307\277\367t\310\362"
 230      EF1BB2E9 
 230      7A6BC7BF 
 230      F774C8F2 
 231 04bf 81C4F23E 		.ascii	"\201\304\362>c\231141\353\251d9\016\3601\012\177HY>"
 231      63993134 
 231      31EBA964 
ARM GAS  /tmp/cco9MjcL.s 			page 18


 231      390EF031 
 231      0A7F4859 
 232 04d4 9058A636 		.ascii	"\220X\2466\027\255d\251z\236\023\024\006\\97\335\344"
 232      17AD64A9 
 232      7A9E1314 
 232      065C3937 
 232      DDE4
 233 04e6 25373FF9 		.ascii	"%7?\371,\363\223\305\217\333\371\254\2630Y\032\245m"
 233      2CF393C5 
 233      8FDBF9AC 
 233      B330591A 
 233      A56D
 234 04f8 89FC1CE8 		.ascii	"\211\374\034\350\226\357Z\037\276k\243\007\216o\307"
 234      96EF5A1F 
 234      BE6BA307 
 234      8E6FC7
 235 0507 B88A8561 		.ascii	"\270\212\205a\"e\333\016\015\003\277\000\352\201c#\303"
 235      2265DB0E 
 235      0D03BF00 
 235      EA816323 
 235      C3
 236 0518 1A876178 		.ascii	"\032\207ax*\205\341\011\343\371\244\302\222\355\245"
 236      2A85E109 
 236      E3F9A4C2 
 236      92EDA5
 237 0527 0CC36380 		.ascii	"\014\303c\200OS\370,\345\371T\342y\262l\354\240T=\010"
 237      4F53F82C 
 237      E5F954E2 
 237      79B26CEC 
 237      A0543D08 
 238 053b CFBEFC9E 		.ascii	"\317\276\374\236\034-\276\314x\0341\307\327\360td\221"
 238      1C2DBECC 
 238      781C31C7 
 238      D7F07464 
 238      91
 239 054c 5CCDA68F 		.ascii	"\\\315\246\217\356w\307-\254SJ\2447Od\323`q\221\200"
 239      EE77C72D 
 239      AC534AA4 
 239      374F64D3 
 239      60719180 
 240 0560 2DACF389 		.ascii	"-\254\363\211%!\301\205\217$k\323\322\326R\344\216{"
 240      2521C185 
 240      8F246BD3 
 240      D2D652E4 
 240      8E7B
 241 0572 596771FF 		.ascii	"Ygq\377\245*i$\351\334q\254'\336\011\337\345\245\263"
 241      A52A6924 
 241      E9DC71AC 
 241      27DE09DF 
 241      E5A5B3
 242 0585 F3F64E4F 		.ascii	"\363\366NO<\316\224\352\252\255\237\341\031\366\275"
 242      3CCE94EA 
 242      AAAD9FE1 
 242      19F6BD
 243 0594 EE56EC6F 		.ascii	"\356V\354o\330\240XR\240+s\21321\013`\026]\376'\312"
 243      D8A05852 
 243      A02B738B 
ARM GAS  /tmp/cco9MjcL.s 			page 19


 243      32310B60 
 243      165DFE27 
 244 05a9 77C678E1 		.ascii	"w\306x\341hL\300^\226\351\030\213;Z\302\236\205K|\351"
 244      684CC05E 
 244      96E9188B 
 244      3B5AC29E 
 244      854B7CE9 
 245 05bd 3B5B8C8D 		.ascii	";[\214\215\026\315\223\003o\336\270\032+\212{\334\321"
 245      16CD9303 
 245      6FDEB81A 
 245      2B8A7BDC 
 245      D1
 246 05ce 23E48DE2 		.ascii	"#\344\215\342\005\214\222\205\205\326LB$!>\313\310M"
 246      058C9285 
 246      85D64C42 
 246      24213ECB 
 246      C84D
 247 05e0 96E12B3E 		.ascii	"\226\341+>\202\0170;\000\340v\304\300\322\036E\327\221"
 247      820F303B 
 247      00E076C4 
 247      C0D21E45 
 247      D791
 248 05f2 0C4D0ACF 		.ascii	"\014M\012\317\320_\001\035\213I\230\321\014GK\301GS"
 248      D05F011D 
 248      8B4998D1 
 248      0C474BC1 
 248      4753
 249 0604 48617B9C 		.ascii	"Ha{\234\243\011\221\011\244 2\252DW\310\320;\224\264"
 249      A3099109 
 249      A42032AA 
 249      4457C8D0 
 249      3B94B4
 250 0617 E3040593 		.ascii	"\343\004\005\223\0332&1\202\202\311V9:6\006N\336\217"
 250      1B322631 
 250      8282C956 
 250      393A3606 
 250      4EDE8F
 251 062a D2289A2C 		.ascii	"\322(\232,\352\335\034m\335\021\227mL\022\371\272\022"
 251      EADD1C6D 
 251      DD11976D 
 251      4C12F9BA 
 251      12
 252 063b E1228076 		.ascii	"\341\"\200v\011:\364\025\265D\340\260aP\252\340\213"
 252      093AF415 
 252      B544E0B0 
 252      6150AAE0 
 252      8B
 253 064c BE1696A0 		.ascii	"\276\026\226\2404\220\275 ) \373A\222@2@\022A\366\200"
 253      3490BD20 
 253      2920FB41 
 253      92403240 
 253      1241F680 
 254 0660 A4832480 		.ascii	"\244\203$\200\354\003\371FXB\257`\214v\255\214\366v"
 254      EC03F946 
 254      5842AF60 
 254      8C76AD8C 
 254      F676
ARM GAS  /tmp/cco9MjcL.s 			page 20


 255 0672 25ED2F6D 		.ascii	"%\355/m\264Y\235\357\277\341\035\015\\\010J\305k\274"
 255      B4599DEF 
 255      BFE11D0D 
 255      5C084AC5 
 255      6BBC
 256 0684 CD546387 		.ascii	"\315Tc\207\317\036Q\254YJNLt\225\207W:G\321\217\312"
 256      CF1E51AC 
 256      594A4E4C 
 256      74958757 
 256      3A47D18F 
 257 0699 D44D7F68 		.ascii	"\324M\177h\363\274S\351yl\036\232\363\204\342\207\206"
 257      F3BC53E9 
 257      796C1E9A 
 257      F384E287 
 257      86
 258 06aa B96DA924 		.ascii	"\271m\251$\242Ae\352zd\251\213V\246N\024\024\350f\031"
 258      A24165EA 
 258      7A64A98B 
 258      56A64E14 
 258      14E86619 
 259 06be 7A9B121D 		.ascii	"z\233\022\035kC\223\322\334j\271\210\260\231\256za\353"
 259      6B4393D2 
 259      DC6AB988 
 259      B099AE7A 
 259      61EB
 260 06d0 7451B113 		.ascii	"tQ\261\023Z\350k7I\260\205}\377'yb\221\357\352\320\300"
 260      5AE86B37 
 260      49B0857D 
 260      FF277962 
 260      91EFEAD0 
 261 06e5 AF249409 		.ascii	"\257$\224\011\006\277\025\254\347+\311\003\345\265\343"
 261      06BF15AC 
 261      E72BC903 
 261      E5B5E3
 262 06f4 F6741D76 		.ascii	"\366t\035v\337i\375\205B\201\266\242u@p\247\267nx\223"
 262      DF69FD85 
 262      4281B6A2 
 262      754070A7 
 262      B76E7893 
 263 0708 CB574375 		.ascii	"\313WCu\007\2573qd+\317\016\266\345\360\2424J/\2333"
 263      07AF3371 
 263      642BCF0E 
 263      B6E5F0A2 
 263      344A2F9B 
 264 071d FB4BB8EE 		.ascii	"\373K\270\356#+.>\274\270\014\247\306\307x9\254\217"
 264      232B2E3E 
 264      BCB80CA7 
 264      C6C77839 
 264      AC8F
 265 072f DF09BC3E 		.ascii	"\337\011\274>\236f\365\361jg_\262\273\262>\036\204 "
 265      9E66F5F1 
 265      6A675FB2 
 265      BBB23E1E 
 265      8420
 266 0741 E5D2C0E6 		.ascii	"\345\322\300\346\011\336\322 \202>\325|\355\241+\256"
 266      09DED220 
 266      823ED57C 
ARM GAS  /tmp/cco9MjcL.s 			page 21


 266      EDA12BAE 
 267 0751 A5F1456D 		.ascii	"\245\361Em\311;\207\235\244C#\356y\016\215\334\376\242"
 267      C93B879D 
 267      A44323EE 
 267      790E8DDC 
 267      FEA2
 268 0763 7BAE7267 		.ascii	"{\256rg\207\205g8\273\322\177 \226\237\360\227U\262"
 268      87856738 
 268      BBD27F20 
 268      969FF097 
 268      55B2
 269 0775 5F0BDEEC 		.ascii	"_\013\336\354\327\202T7}x\335,\255j\276\204p\023\343"
 269      D7825437 
 269      7D78DD2C 
 269      AD6ABE84 
 269      7013E3
 270 0788 56317E3C 		.ascii	"V1~<\217\217%u\274;\341\302\254\343\230\034\227brL\240"
 270      8F8F2575 
 270      BC3BE1C2 
 270      ACE3981C 
 270      9762724C 
 271 079d 341F241C 		.ascii	"4\037$\034_\245\014I!\260,\240,\213(\313\343\022\313"
 271      5FA50C49 
 271      21B02CA0 
 271      2C8B28CB 
 271      E312CB
 272 07b0 7DFB878E 		.ascii	"}\373\207\216\012\31299D\307W\236\252\342\271\255!z"
 272      0ACA3939 
 272      44C7579E 
 272      AAE2B9AD 
 272      217A
 273 07c2 FFD313B5 		.ascii	"\377\323\023\265.\370*#\275w\317\243Z\015"
 273      2EF82A23 
 273      BD77CFA3 
 273      5A0D
 274 07d0 BECE9492 		.ascii	"\276\316\224\222\221\374\022\017\2064\023=\255\364~"
 274      91FC120F 
 274      8634133D 
 274      ADF47E
 275 07df 2DBFB268 		.ascii	"-\277\262hd\335>\274{\"\177\364\2403\356`c\023G\307"
 275      64DD3EBC 
 275      7B227FF4 
 275      A033EE60 
 275      631347C7 
 276 07f3 F73A3B9C 		.ascii	"\367:;\234\356Yi\272K\351lKN\345\334\323(\247{\032&"
 276      EE5969BA 
 276      4BE96C4B 
 276      4EE5DCD3 
 276      28A77B1A 
 277 0808 50422750 		.ascii	"PB'PJ'pV\232@itn\013VN\327!\372P\177\306n\236\2067\311"
 277      4A277056 
 277      9A406974 
 277      6E0B564E 
 277      D721FA50 
 278 0823 2D63EAC0 		.ascii	"-c\352\300\220\007\356f$\357\216\314\034\363\304}L)"
 278      9007EE66 
 278      24EF8ECC 
ARM GAS  /tmp/cco9MjcL.s 			page 22


 278      1CF3C47D 
 278      4C29
 279 0835 2DF9A18A 		.ascii	"-\371\241\212\317n)\271\363\027\2247\272\341!\3267\223"
 279      CF6E29B9 
 279      F3179437 
 279      BAE121D6 
 279      3793
 280 0847 9079C215 		.ascii	"\220y\302\025\2172%}\242s\220/~_\222\347\234o\367\270"
 280      8F32257D 
 280      A273902F 
 280      7E5F92E7 
 280      9C6FF7B8 
 281 085b E207AC6F 		.ascii	"\342\007\254o6!n\237\013\236fJRcR\216\033\236e\312H"
 281      36216E9F 
 281      0B9E664A 
 281      5263528E 
 281      1B9E65CA 
 282 0870 6C5F375F 		.ascii	"l_7_:\213@}<\220\324\306\177\276\270\313n#>\3746r\364"
 282      3A8B407D 
 282      3C90D4C6 
 282      7FBEB8CB 
 282      6E233EFC 
 283 0887 E1EE1437 		.ascii	"\341\356\0247\274MM\207^k\213=\303\261n\240\306\024"
 283      BC4D4D87 
 283      5E6B8B3D 
 283      C3B16EA0 
 283      C614
 284 0899 9C2B7672 		.ascii	"\234+vr\030\332z)\264ul%\355:\232{\336Yya\276\004\321"
 284      18DA7A29 
 284      B4756C25 
 284      ED3A9A7B 
 284      DE597961 
 285 08b0 AAA1D16A 		.ascii	"\252\241\321j\240\321\252\227\242\325\330\037\337\344"
 285      A0D1AA97 
 285      A2D5D81F 
 285      DFE4
 286 08be A6BC003B 		.ascii	"\246\274\000;D\2275w\274\215w0\222\017\032;n\"\274\213"
 286      44973577 
 286      BC8D7730 
 286      920F1A3B 
 286      6E22BC8B 
 287 08d2 29B17597 		.ascii	")\261u\227\362\\p\"S\206\0177\3248\343\024\246\364\366"
 287      F25C7022 
 287      53860F37 
 287      D438E314 
 287      A6F4F6
 288 08e5 4F9FC638 		.ascii	"O\237\3068\203)\337\015g\357r\305\007\370\230\336\221"
 288      8329DF0D 
 288      67EF72C5 
 288      07F898DE 
 288      91
 289 08f6 461EA0AF 		.ascii	"F\036\240\257\310fz<Z|U\012\011YnC\017\372f58\217\202"
 289      C8667A3C 
 289      5A7C550A 
 289      09596E43 
 289      0FFA6635 
 290 090d 5F286AAE 		.ascii	"_(j\256\317rE\364*a{|\371;[L\202r\3358\310\017\233\357"
ARM GAS  /tmp/cco9MjcL.s 			page 23


 290      CF7245F4 
 290      2A617B7C 
 290      F93B5B4C 
 290      8272DD38 
 291 0925 056F7414 		.ascii	"\005ot\024*b;\024<iW\240|e\211\0377\261[E#\240k9Z\232"
 291      2A623B14 
 291      3C6957A0 
 291      7C65891F 
 291      37B15B45 
 292 093f 38AA96A3 		.ascii	"8\252\226\243\223\340t\256\010e\2473Yz'9\332ZzNP\364"
 292      93E074AE 
 292      0865A733 
 292      597A2739 
 292      DA5A7A4E 
 293 0955 1934EF78 		.ascii	"\0314\357xn\005{-\264\263\235\227\375\333P\366\207\240"
 293      6E057B2D 
 293      B4B39D97 
 293      FDDB50F6 
 293      87A0
 294 0967 9477810C 		.ascii	"\224w\201\014\200\334\005\351\006\271\011\322\0062\010"
 294      80DC05E9 
 294      06B909D2 
 294      063208
 295 0976 7207A417 		.ascii	"r\007\244\027\244\037\244\017\244\003d\030d\004\304"
 295      A41FA40F 
 295      A4036418 
 295      6404C4
 296 0985 027203E4 		.ascii	"\002r\003\344:H'\310-\220\036\353\361M\356\021=\033"
 296      3A4827C8 
 296      2D901EEB 
 296      F14DEE11 
 296      3D1B
 297 0997 6CF788F3 		.ascii	"l\367\210\363J\246es\346E\016\272Pv\320\035\201(\034"
 297      4AA66573 
 297      E6450EBA 
 297      5076D01D 
 297      81281C
 298 09aa E268A93A 		.ascii	"\342h\251:\362\373\252\354\216Rk\262\331\276\242\264"
 298      F2FBAAEC 
 298      8E526BB2 
 298      D9BEA2B4 
 299 09ba ADB70581 		.ascii	"\255\267\005\201\305lz\203-f\247\354\307Lf\273Gf\373"
 299      C56C7A83 
 299      2D66A7EC 
 299      C74C66BB 
 299      4766FB
 300 09cd B2125DA0 		.ascii	"\262\022]\240D\017\311\320M\366\321\022\025j<\324\006"
 300      440FC9D0 
 300      4DF6D112 
 300      156A3CD4 
 300      06
 301 09de BFA68467 		.ascii	"\277\246\204g\317\273\270\361\240\300\341@\357!s\202"
 301      CFBBB8F1 
 301      A0C0E140 
 301      EF217382 
 302 09ee 9233CF78 		.ascii	"\2223\317x\255,\342\027\225\306/\314\203\337\220\301"
 302      AD2CE217 
ARM GAS  /tmp/cco9MjcL.s 			page 24


 302      95C62FCC 
 302      83DF90C1 
 303 09fe CB9570F3 		.ascii	"\313\225p\363<x\263\014^a\037.\273\216=\354b\327\261"
 303      3C78B30C 
 303      5E611F2E 
 303      BB8E3DEC 
 303      62D7B1
 304 0a11 76E5758C 		.ascii	"v\345u\214\230j\265\370d\307\220\035Bl5+m\225(c<-\213"
 304      986AB5F8 
 304      64C7901D 
 304      426C352B 
 304      6D952863 
 305 0a28 719512CD 		.ascii	"q\225\022\315\256c\362tW\230l\351\276jwq\310lW\310f"
 305      AE63F274 
 305      57986CE9 
 305      BE6A7771 
 305      C86C57C8 
 306 0a3d 55693F66 		.ascii	"Ui?f\362l\313\320\347\354\257\3519\021\226\021\377\321"
 306      F26CCBD0 
 306      E7ECAFE9 
 306      39119611 
 306      FFD1
 307 0a4f FE34ADC4 		.ascii	"\3764\255\304I%\330\300\322\375\003\244\373\014\207"
 307      4925D8C0 
 307      D2FD03A4 
 307      FB0C87
 308 0a5e 4BC70B2A 		.ascii	"K\307\013*\236s\331k\264|\323\250\306\205\264&\011\235"
 308      9E73D96B 
 308      B47CD3A8 
 308      C685B426 
 308      099D
 309 0a70 8327E3DD 		.ascii	"\203'\343\335\224\227=i\313\2431\330\351\377\217]\317"
 309      94973D69 
 309      CBA331D8 
 309      E9FF8F5D 
 309      CF
 310 0a81 F23E32E8 		.ascii	"\362>2\350L.\203\243\340\360\236\3552\330.]\006s\372"
 310      4C2E83A3 
 310      E0F09EED 
 310      32D82E5D 
 310      0673FA
 311 0a94 7B2EA8E5 		.ascii	"{.\250\345\227\301\3219\227\301q~\031\034\247\227\301"
 311      97C1D139 
 311      97C1717E 
 311      191CA797 
 311      C1
 312 0aa5 B29A2365 		.ascii	"\262\232#e\010\027\263*\235=\320p\211\237\222/\221?"
 312      0817B32A 
 312      9D3DD070 
 312      899F922F 
 312      913F
 313 0ab7 C7EC1DDE 		.ascii	"\307\354\035\336\215X\221\036 E\373@\303D\262\026_d"
 313      8D58911E 
 313      2045FB40 
 313      C344B216 
 313      5F64
 314 0ac9 D8D36577 		.ascii	"\330\323ew_cP\362\373\2603\276\243\0359<\266\036I\307"
ARM GAS  /tmp/cco9MjcL.s 			page 25


 314      5F6350F2 
 314      FBB033BE 
 314      A31D393C 
 314      B61E49C7 
 315 0add D6243BB6 		.ascii	"\326$;\266Z\036\225M\273\343\006jH]\020sdT\215|u\010"
 315      5A1E954D 
 315      BBE3066A 
 315      485D1073 
 315      64548D7C 
 316 0af3 E088FD41 		.ascii	"\340\210\375A\211\374\217\200\012=\201\2655%`\351\177"
 316      89FC8F80 
 316      0A3D81B5 
 316      352560E9 
 316      7F
 317 0b04 18D24430 		.ascii	"\030\322D0?\372o\322\014\3375\364m\347OK\323\020\376"
 317      3FFA6FD2 
 317      0CDF35F4 
 317      6DE74F4B 
 317      D310FE
 318 0b17 27D4DF0C 		.ascii	"'\324\337\014d\3471s\230\231y\256\025\311O>b\373\001"
 318      64E73173 
 318      989979AE 
 318      15C94F3E 
 318      62FB01
 319 0b2a F4DFA719 		.ascii	"\364\337\247\031\177JO\276G\322\311W\224Q3\345\252\345"
 319      7F4A4FBE 
 319      47D2C957 
 319      945133E5 
 319      AAE5
 320 0b3c B6E3FE9B 		.ascii	"\266\343\376\233\355\374\361\334\2319\247\352\354\263"
 320      EDFCF1DC 
 320      9939A7EA 
 320      ECB3
 321 0b4a 6CC73754 		.ascii	"l\3077T>\304\257\344\210\227\315\242\371V\341\322\364"
 321      3EC4AFE4 
 321      8897CDA2 
 321      F956E1D2 
 321      F4
 322 0b5b AD6631E6 		.ascii	"\255f1\346m$bo\364\020R\331\200\026\313\206N@\313\337"
 322      6D24626F 
 322      F41052D9 
 322      8016CB86 
 322      4E40CBDF 
 323 0b6f 05158AC6 		.ascii	"\005\025\212\306\257\250~\345\347\247g\377\302#\365"
 323      AFA87EE5 
 323      E7A767FF 
 323      C223F5
 324 0b7e 1BD66DD4 		.ascii	"\033\326m\324\177\036\036\021\025\251\017\016\337\264"
 324      7F1E1E11 
 324      15A90F0E 
 324      DFB4
 325 0b8c 293C4CEF 		.ascii	")<L\357o\\cX\363\205>\354\237\241\301~\301\232?\275"
 325      6F5C6358 
 325      F3853EEC 
 325      9FA1C17E 
 325      C19A3FBD 
 326 0ba0 FBFECB86 		.ascii	"\373\376\313\206e\313TZ\223ishX\324\362\327LQ\277\325"
ARM GAS  /tmp/cco9MjcL.s 			page 26


 326      65CB545A 
 326      93697368 
 326      58D4F2D7 
 326      4C51BFD5 
 327 0bb4 6F8E8CD0 		.ascii	"o\216\214\320\207\206\005o\334\274>D\037\026\362\257"
 327      8786056F 
 327      DCBC3E44 
 327      1F16F2AF 
 328 0bc4 8DA19FE8 		.ascii	"\215\241\237\3507\255\013\336\020\032\026\2427\255\017"
 328      37AD0BDE 
 328      101A16A2 
 328      37AD0F
 329 0bd3 F974DDE6 		.ascii	"\371t\335\346\215Q\246\250-\237\207D\372mPi\244a\213"
 329      8D51A6A8 
 329      2D9F8744 
 329      FA6D5069 
 329      A4618B
 330 0be6 ED0D8BDC 		.ascii	"\355\015\213\334\022\2517EF\255\007\014`\027\020\247"
 330      12A93745 
 330      46AD070C 
 330      601710A7 
 331 0bf6 2BC3D67D 		.ascii	"+\303\326}\2621dmHpTx\304\257\237\237\251\352'\344\275"
 331      B231646D 
 331      48705478 
 331      C4AF9F9F 
 331      A9EA27E4 
 332 0c0b 2234D236 		.ascii	"\"4\3226ZGZ\202B\242\202\266DF\205lZ\275.l\375\306\220"
 332      5A475A82 
 332      42A282B6 
 332      4446856C 
 332      5ABD2E6C 
 333 0c22 88C088D0 		.ascii	"\210\300\210\320\360\210\320\250-\324\227ac\310\272"
 333      F088D0A8 
 333      2DD49761 
 333      63C8BA
 334 0c31 88C09030 		.ascii	"\210\300\2200\360\377\017W\343\312\240\225\306\265+"
 334      F0FF0F57 
 334      E3CAA095 
 334      C6B52B
 335 0c40 57BC2E04 		.ascii	"W\274.\004\004\272\262\351\276i\212r\341ok\367\357\324"
 335      04BAB2E9 
 335      BE698A72 
 335      E16F6BF7 
 335      EFD4
 336 0c52 01FEEF18 		.ascii	"\001\376\357\030\255\352ru\200!\320\246\276\246\016"
 336      ADEA7275 
 336      8021D0A6 
 336      BEA60E
 337 0c61 080A346A 		.ascii	"\010\0124j\214L[\006\235+m\235K\241s\245Q\035\364^\200"
 337      8C4C5B06 
 337      9D2B6D9D 
 337      4BA173A5 
 337      511DF45E 
 338 0c76 F12DF9CC 		.ascii	"\361-\371\314\370|B\276\210\"s\322\033\326\004\005\004"
 338      F87C42BE 
 338      882273D2 
 338      1BD60405 
ARM GAS  /tmp/cco9MjcL.s 			page 27


 338      04
 339 0c87 E90DE111 		.ascii	"\351\015\341\021!\372\000\036\256`PL\301\233\226C\220"
 339      21FA001E 
 339      AE60504C 
 339      C19B9643 
 339      90
 340 0c98 5CDF5D1B 		.ascii	"\\\337]\033`0\275\007\341\005k\376F\365\2325\253\214"
 340      6030BD07 
 340      E1056BFE 
 340      46F59A35 
 340      AB8C
 341 0caa D87F8511 		.ascii	"\330\177\205\021\257\200w\340*\243\332\177U\220Q\375"
 341      AF8077E0 
 341      2AA3DA7F 
 341      559051FD 
 342 0cba CE2A7FA3 		.ascii	"\316*\177\243\023t\001`\005\321W\223\017\003|8\005\255"
 342      13740160 
 342      05D15793 
 342      0F037C38 
 342      05AD
 343 0ccc 36041971 		.ascii	"6\004\031q\320\352@l0\300\333`t\362\0170\032\214\352"
 343      D0EA406C 
 343      30C0DB60 
 343      74F20F30 
 343      1A8CEA
 344 0cdf B5EFFDD9 		.ascii	"\265\357\375\331\010t\001a\010|?`\005|\372\033\214\232"
 344      08740161 
 344      087C3F60 
 344      057CFA1B 
 344      8C9A
 345 0cf1 20C33BD4 		.ascii	" \303;\324\227\207\311\364\351\346\260`\223\311\357"
 345      9787C9F4 
 345      E9E6B060 
 345      93C9EF
 346 0d00 8DD7DF5A 		.ascii	"\215\327\337Z\246\2214u\360\206u\021\377\001K\350\352"
 346      A6913475 
 346      F0867511 
 346      FF014BE8 
 346      EA
 347 0d11 87       		.ascii	"\207"
 348              		.text
 349              		.section	.gnu.lto_.symtab.af44abb141683c75,"",%progbits
 350 0000 6E766963 		.ascii	"nvicEnableVector\000"
 350      456E6162 
 350      6C655665 
 350      63746F72 
 350      00
 351 0011 00       		.ascii	"\000"
 352 0012 00       		.ascii	"\000"
 353 0013 00       		.ascii	"\000"
 354 0014 00000000 		.ascii	"\000\000\000\000\000\000\000\000"
 354      00000000 
 355 001c C7000000 		.ascii	"\307\000\000\000"
 356 0020 6E766963 		.ascii	"nvicDisableVector\000"
 356      44697361 
 356      626C6556 
 356      6563746F 
ARM GAS  /tmp/cco9MjcL.s 			page 28


 356      7200
 357 0032 00       		.ascii	"\000"
 358 0033 00       		.ascii	"\000"
 359 0034 00       		.ascii	"\000"
 360 0035 00000000 		.ascii	"\000\000\000\000\000\000\000\000"
 360      00000000 
 361 003d CB000000 		.ascii	"\313\000\000\000"
 362 0041 6E766963 		.ascii	"nvicSetSystemHandlerPriority\000"
 362      53657453 
 362      79737465 
 362      6D48616E 
 362      646C6572 
 363 005e 00       		.ascii	"\000"
 364 005f 00       		.ascii	"\000"
 365 0060 00       		.ascii	"\000"
 366 0061 00000000 		.ascii	"\000\000\000\000\000\000\000\000"
 366      00000000 
 367 0069 CD000000 		.ascii	"\315\000\000\000"
 368 006d 6E766963 		.ascii	"nvicClearPending\000"
 368      436C6561 
 368      7250656E 
 368      64696E67 
 368      00
 369 007e 00       		.ascii	"\000"
 370 007f 00       		.ascii	"\000"
 371 0080 00       		.ascii	"\000"
 372 0081 00000000 		.ascii	"\000\000\000\000\000\000\000\000"
 372      00000000 
 373 0089 CF000000 		.ascii	"\317\000\000\000"
 374              		.text
 375              		.section	.gnu.lto_.opts,"",%progbits
 376 0000 272D666D 		.ascii	"'-fmath-errno' '-fsigned-zeros' '-ftrapping-math' '"
 376      6174682D 
 376      6572726E 
 376      6F272027 
 376      2D667369 
 377 0033 2D666E6F 		.ascii	"-fno-trapv' '-fno-openmp' '-fno-openacc' '-mcpu=cor"
 377      2D747261 
 377      70762720 
 377      272D666E 
 377      6F2D6F70 
 378 0066 7465782D 		.ascii	"tex-m3' '-mthumb' '-O2' '-fomit-frame-pointer' '-fa"
 378      6D332720 
 378      272D6D74 
 378      68756D62 
 378      2720272D 
 379 0099 6C69676E 		.ascii	"lign-functions=16' '-ffunction-sections' '-fdata-se"
 379      2D66756E 
 379      6374696F 
 379      6E733D31 
 379      36272027 
 380 00cc 6374696F 		.ascii	"ctions' '-fno-common' '-flto'\000"
 380      6E732720 
 380      272D666E 
 380      6F2D636F 
 380      6D6D6F6E 
 381              		.text
ARM GAS  /tmp/cco9MjcL.s 			page 29


 382              		.comm	__gnu_lto_v1,1,1
 383              		.comm	__gnu_lto_slim,1,1
 384              		.ident	"GCC: (15:7-2018-q2-6) 7.3.1 20180622 (release) [ARM/embedded-7-branch revision 261907]"
ARM GAS  /tmp/cco9MjcL.s 			page 30


DEFINED SYMBOLS
                            *ABS*:0000000000000000 nvic.c
                            *COM*:0000000000000001 __gnu_lto_v1
                            *COM*:0000000000000001 __gnu_lto_slim

NO UNDEFINED SYMBOLS
