ARM GAS  /tmp/ccJIdOD6.s 			page 1


   1              		.cpu cortex-m3
   2              		.eabi_attribute 20, 1
   3              		.eabi_attribute 21, 1
   4              		.eabi_attribute 23, 3
   5              		.eabi_attribute 24, 1
   6              		.eabi_attribute 25, 1
   7              		.eabi_attribute 26, 1
   8              		.eabi_attribute 30, 2
   9              		.eabi_attribute 34, 1
  10              		.eabi_attribute 18, 4
  11              		.file	"board.c"
  12              		.section	.gnu.lto_.profile.6609d112940f5aa1,"",%progbits
  13 0000 789C6363 		.ascii	"x\234cc```\001bF\006>f\000\000\227\000\035"
  13      60606001 
  13      6246063E 
  13      66000097 
  13      001D
  14              		.text
  15              		.section	.gnu.lto_.icf.6609d112940f5aa1,"",%progbits
  16 0000 789C6363 		.ascii	"x\234cc``\020a@\000f\206\245\2177nfb\3747\363\365}F"
  16      60601061 
  16      40006686 
  16      A58F376E 
  16      6662FC37 
  17 0018 A67BEF9F 		.ascii	"\246{\357\237\177\344b\000\000h\023\012 "
  17      7FE46200 
  17      0068130A 
  17      20
  18              		.text
  19              		.section	.gnu.lto_.jmpfuncs.6609d112940f5aa1,"",%progbits
  20 0000 789C6363 		.ascii	"x\234cc``\340d@\000&\020\301\010\304\000\001\202\000"
  20      6060E064 
  20      40002610 
  20      C108C400 
  20      018200
  21 0013 13       		.ascii	"\023"
  22              		.text
  23              		.section	.gnu.lto_.inline.6609d112940f5aa1,"",%progbits
  24 0000 789C6363 		.ascii	"x\234cc``\320f@\000&\006\006\026\036F\020\305\300\266"
  24      6060D066 
  24      40002606 
  24      06161E46 
  24      10C5C0B6 
  25 0014 401E4431 		.ascii	"@\036D10r\201\010\006f&Ta\006\000-\266\001\351"
  25      30728108 
  25      06662654 
  25      6106002D 
  25      B601E9
  26              		.text
  27              		.section	.gnu.lto_.pureconst.6609d112940f5aa1,"",%progbits
  28 0000 789C6363 		.ascii	"x\234cc```\005b&\006\011F\006\000\000\334\000'"
  28      60606005 
  28      62260609 
  28      46060000 
  28      DC0027
  29              		.text
  30              		.section	.gnu.lto___early_init.6609d112940f5aa1,"",%progbits
ARM GAS  /tmp/ccJIdOD6.s 			page 2


  31 0000 789C6363 		.ascii	"x\234cc``X\001\304f@,\015\304\214\314\014\214L\023\316"
  31      60605801 
  31      C466402C 
  31      0DC48CCC 
  31      0C8C4C13 
  32 0015 31303472 		.ascii	"104r012\202\030\015\034\214\014\365L\214\365\214=\314"
  32      30313282 
  32      180D1C8C 
  32      0CF54C8C 
  32      F58C3DCC 
  33 0029 5398190F 		.ascii	"S\230\031\017\265?\333\311\244\271\274\001\010\016L"
  33      B53FDBC9 
  33      A4B9BC01 
  33      080E4C
  34 0038 DF20D9B0 		.ascii	"\337 \331\260\342\000\343\034f\006\206i@\014\002\214"
  34      E200E31C 
  34      66068669 
  34      400C028C 
  35 0048 9B193519 		.ascii	"\233\0315\031\200\312\036m\3747\225\227\215\005\"\316"
  35      80CA1E6D 
  35      FC379597 
  35      8D0522CE 
  36 0058 B885918D 		.ascii	"\270\205\221\215\201\021\310X\177\211\365@\303\277\377"
  36      8111C858 
  36      7F89F540 
  36      C3BFFF
  37 0067 ED0D07CE 		.ascii	"\355\015\007\316,f\334\316\012\224\353\000b\240%\015"
  37      2C66DCCE 
  37      0A94EB00 
  37      62A0250D 
  38 0077 07183A99 		.ascii	"\007\030:\231\231@\254\346\003\014o\030\233\027\274"
  38      9940ACE6 
  38      030C6F18 
  38      9B17BC
  39 0086 96026B02 		.ascii	"\226\002k\002\232\264s\347\233\333\354\365\177\0338"
  39      9AB473E7 
  39      9BDBECF5 
  39      7F1B38
  40 0095 E630334E 		.ascii	"\34603Nc\006\232\302\270\225\261\236a\016P\365;\306"
  40      63069AC2 
  40      B895B19E 
  40      610E50F5 
  40      3BC6
  41 00a7 A605EFB9 		.ascii	"\246\005\357\271\300\352@\240\003(\0114\200\211\201"
  41      C0EA40A0 
  41      03280934 
  41      808981
  42 00b6 C1444F4F 		.ascii	"\301DOO\037\202\362\213\3653\022s\364\223\362\023\213"
  42      1F82F28B 
  42      F5331273 
  42      F493F213 
  42      8B
  43 00c7 528AF57D 		.ascii	"R\212\365}\035\003|\\}=\375<\343\203C|\215\215\342\335"
  43      1D037C5C 
  43      7D3DFD3C 
  43      E383437C 
  43      8D8DE2DD 
ARM GAS  /tmp/ccJIdOD6.s 			page 3


  44 00db 0C0D8C21 		.ascii	"\014\015\214!rz\311\014\000\375_H\320"
  44      727AC90C 
  44      00FD5F48 
  44      D0
  45              		.text
  46              		.section	.gnu.lto_boardInit.6609d112940f5aa1,"",%progbits
  47 0000 789C6363 		.ascii	"x\234cc``\250\003b3 \226\006bFf\006F\246\011\347\030"
  47      6060A803 
  47      62332096 
  47      06624666 
  47      0646A609 
  48 0016 181A3998 		.ascii	"\030\0329\230\030\031A\214\006\016F\206z&\306z\306\036"
  48      1819418C 
  48      060E4686 
  48      7A26C67A 
  48      C61E
  49 0028 E629CC8C 		.ascii	"\346)\314\214\207\332\237\355d\322\\\336\000\004\007"
  49      87DA9FED 
  49      64D25CDE 
  49      000407
  50 0037 A65F906C 		.ascii	"\246_\220lXq\200q\0163\003\3034 \006\001\306\315\214"
  50      58718071 
  50      0E3303C3 
  50      34200601 
  50      C6CD8C
  51 004a 9A0C4065 		.ascii	"\232\014@e\2176\376\233\312\313\306\002\021g\334\302"
  51      8F36FE9B 
  51      CACBC602 
  51      1167DCC2 
  52 005a C8C6C008 		.ascii	"\310\306\300\010d\254\277\304z\240\341\337\377\366\206"
  52      64ACBFC4 
  52      7AA0E1DF 
  52      FFF686
  53 0069 035F1631 		.ascii	"\003_\0261^feb`\350\000\312\003-i8\300\320\311\314\004"
  53      5E666562 
  53      60E800CA 
  53      032D6938 
  53      C0D0C9CC 
  54 007e 62351F60 		.ascii	"b5\037`x\307\330\244\000\326\002\002\035\314\214 a\240"
  54      78C7D8A4 
  54      00D60202 
  54      1DCC8C20 
  54      61A0
  55 0090 52133D3D 		.ascii	"R\023==}\010\312/\326\317H\314\321O\312O,J)\326\367"
  55      7D08CA2F 
  55      D6CF48CC 
  55      D14FCA4F 
  55      2C4A29D6 
  56 00a5 750CF071 		.ascii	"u\014\360q\365\365\364\363\214\017\016\36156\212w34"
  56      F5F5F4F3 
  56      8C0F0EF1 
  56      35368A77 
  56      3334
  57 00b7 3086C8E9 		.ascii	"0\206\310\351%3\000\000\030\012:\321"
  57      25330000 
  57      180A3AD1 
  58              		.text
ARM GAS  /tmp/ccJIdOD6.s 			page 4


  59              		.section	.gnu.lto_pal_default_config.6609d112940f5aa1,"",%progbits
  60 0000 789C6363 		.ascii	"x\234cc``hcd`\000\"0\230\302\314xp\323\204U\314\335"
  60      60606863 
  60      64600022 
  60      3098C2CC 
  60      7870D384 
  61 0017 CC739819 		.ascii	"\314s\230\031\030;&.:\302\001\024\272{b\345j\250\320"
  61      183B262E 
  61      3AC20114 
  61      BA7B62E5 
  61      6AA8D0
  62 002a 7F20E007 		.ascii	"\177 \340\007\012}\271\177\355\006\267\305\266\206\216"
  62      0A7DB97F 
  62      ED06B7C5 
  62      B6868E
  63 0039 050D0673 		.ascii	"\005\015\006s\230\031\247\002\245\2660\312Lefd\334\014"
  63      9819A702 
  63      A5B630CA 
  63      4C656664 
  63      DC0C
  64 004b A2984014 		.ascii	"\242\230@\024\310\264?S^o\342\200h=2\001b\332\306\315"
  64      C8B43F53 
  64      5E6FE280 
  64      683D3201 
  64      62DAC6CD 
  65 005f B3FF3362 		.ascii	"\263\3773b\325\272\015E+\261V\354\377p\345\033\023\304"
  65      D5BA0D45 
  65      2BB156EC 
  65      FF70E51B 
  65      13C4
  66 0071 8A1D502B 		.ascii	"\212\035P+\216\255[\363\202\013.\364\007\344\340W\277"
  66      8EAD5BF3 
  66      820B2EF4 
  66      07E4E057 
  66      BF
  67 0082 7B6E3161 		.ascii	"{n1a5m\027\304\264\235\020\323~<kv\203\352\354\204\030"
  67      356D17C4 
  67      B49D10D3 
  67      7E3C6B76 
  67      83EAEC84 
  68 0097 B6E4C8BC 		.ascii	"\266\344\310\274~\026h\200\264/\004\013\275\352\330"
  68      7E166880 
  68      B42F040B 
  68      BDEAD8
  69 00a6 3A8F19AB 		.ascii	":\217\031\253a{!\206\355\201\030\266\362\324\335\035"
  69      617B2186 
  69      ED8118B6 
  69      F2D4DD1D 
  70 00b6 EC107501 		.ascii	"\354\020u\001s\230\231\246233\356c\264\230\312\314\302"
  70      739899A6 
  70      323333EE 
  70      63B498CA 
  70      CCC2
  71 00c8 B81B44B1 		.ascii	"\270\033D\2612\356\000Ql\214\333A\024;\343VF\013\006"
  71      32EE0051 
  71      6C8CDB41 
  71      143BE356 
ARM GAS  /tmp/ccJIdOD6.s 			page 5


  71      460B06
  72 00db C6FD4002 		.ascii	"\306\375@\002\000\275\272\202H"
  72      00BDBA82 
  72      48
  73              		.text
  74              		.section	.gnu.lto_.symbol_nodes.6609d112940f5aa1,"",%progbits
  75 0000 789C6363 		.ascii	"x\234cc``\360\000b\006\246\005L\365\014\014\023\316"
  75      6060F000 
  75      6206A605 
  75      4CF50C0C 
  75      13CE
  76 0012 313000A9 		.ascii	"10\000\251]\015\216@\221\205L\365\214(\"\254\363\231"
  76      5D0D8E40 
  76      91854CF5 
  76      8C2822AC 
  76      F399
  77 0024 181A9580 		.ascii	"\030\032\225\200\212\031\0271\3253\201\245\030\030\032"
  77      8A191731 
  77      D53381A5 
  77      18181A
  78 0033 1A1C1818 		.ascii	"\032\034\030\030\230\201p\311\203\177\214\014\000u8"
  78      988170C9 
  78      837F8C0C 
  78      007538
  79 0042 10DD     		.ascii	"\020\335"
  80              		.text
  81              		.section	.gnu.lto_.refs.6609d112940f5aa1,"",%progbits
  82 0000 789C6363 		.ascii	"x\234cc```\004b\006\000\000D\000\010"
  82      60606004 
  82      62060000 
  82      440008
  83              		.text
  84              		.section	.gnu.lto_.decls.6609d112940f5aa1,"",%progbits
  85 0000 789C9D55 		.ascii	"x\234\235UkL\223W\030>\357w\240@\333Y\002\313\342\017"
  85      6B4C9357 
  85      183EEF77 
  85      A040DB59 
  85      02CBE20F 
  86 0014 97115243 		.ascii	"\227\021RC\177l\024\346\366oY\342\274\215\004\035\311"
  86      7F6C14E6 
  86      F66F59E2 
  86      BC8D041D 
  86      C9
  87 0025 B63FFBB1 		.ascii	"\266?\373\261ZK\225f\265%\264L\215\311\366!\230\031"
  87      5A4B9566 
  87      B525B44C 
  87      8DC9F621 
  87      9819
  88 0037 34A28398 		.ascii	"4\242\203\230\2412\235\327\241f\260(^(\227\242\343\242"
  88      A1329DD7 
  88      A166B028 
  88      5E2897A2 
  88      E3A2
  89 0049 132F7845 		.ascii	"\023/xE\271T\224\202S\3201\247\361\022\331{\316\371"
  89      B9549482 
  89      53D031A7 
  89      F112D97B 
ARM GAS  /tmp/ccJIdOD6.s 			page 6


  89      CEF9
  90 005b DAAF5630 		.ascii	"\332\257V0f'\274\337\371\336s\236\367y\336\363\276\247"
  90      6627BCDF 
  90      F9DE739E 
  90      F779DEF3 
  90      BEA7
  91 006d 1F1A4248 		.ascii	"\037\032BHZ<!m@H\017\276\217\343\210\301\271\205\250"
  91      5A3C216D 
  91      40480FBE 
  91      8FE388C1 
  91      B985A8
  92 0080 83A2F9D0 		.ascii	"\203\242\371\320\032\321\232\321\020JF\311\213c\031"
  92      1AD19AD1 
  92      104A46C9 
  92      8B6319
  93 008f 08DC42B4 		.ascii	"\010\334B\264{h\365\312\272\244\3046\223\227\307J\020"
  93      7B68F5CA 
  93      BAA4C436 
  93      9397C74A 
  93      10
  94 00a0 5C0B151F 		.ascii	"\\\013\025\037\024\215\350\321\253p\247\021\221\343"
  94      148DE8D1 
  94      AB70A711 
  94      91E3
  95 00ae 081AA64C 		.ascii	"\010\032\246L.\243]A\273\2126\204v\033\355&\332-\264"
  95      2EA35D41 
  95      BB8A3684 
  95      761BED26 
  95      DA2DB4
  96 00c1 C10978D8 		.ascii	"\301\011x\330\250\240P\337\322\330\254\353\207^\300"
  96      A8A050DF 
  96      D2D8ACEB 
  96      875EC0
  97 00d0 DC205128 		.ascii	"\334 Q(\203x\342\314\214\373\343\241\001b\035W%1)P\346"
  97      8378E2CC 
  97      8CFBE3A1 
  97      01621D57 
  97      25312950 
  98 00e5 844220BC 		.ascii	"\204B \274\")\034R\210\227\377)\004\020\311*\366\205"
  98      22291C52 
  98      8897FF29 
  98      0410C92A 
  98      F685
  99 00f7 5C68882A 		.ascii	"\\h\210*\210\227\2108\261$\251b\021!/\345J\302\333\341"
  99      88978838 
  99      B124A962 
  99      11212FE5 
  99      4AC2DBE1 
 100 010b A4D44382 		.ascii	"\244\324C\202R\204\275[+c\003\320\207\233_\021\262!"
 100      5284BD5B 
 100      2B6303D0 
 100      879B5F11 
 100      B221
 101 011d DE056CF1 		.ascii	"\336\005l\361\357\221\2623\006*\361\367=\315u\003\011"
 101      EF91B233 
 101      062AF1F7 
 101      3DCD7503 
ARM GAS  /tmp/ccJIdOD6.s 			page 7


 101      09
 102 012e D4C0DFCF 		.ascii	"\324\300\337\317n\221\207\343\322\017\310b\304\257\245"
 102      6E9187E3 
 102      D20FC862 
 102      C4AFA5
 103 013d 040E030D 		.ascii	"\004\016\003\015\325\263u\374\221\337\260\226B\222\026"
 103      D5B375FC 
 103      91DFB096 
 103      429216
 104 014c 2474BBEE 		.ascii	"$t\273\356\237\256\322\241\373\246\026\022\321=\260"
 104      9FAED2A1 
 104      FBA61612 
 104      D13DB0
 105 015b 6EBC2276 		.ascii	"n\274\"v\352&\026\270\241XN\224`\341[p\014\246\301Q"
 105      EA2616B8 
 105      A1584E94 
 105      60E15B70 
 105      0CA6C151 
 106 016f 9886D9D4 		.ascii	"\230\206\331\324\303T|\272b\004Sy\337\277\027\364\251"
 106      C3547CBA 
 106      62045379 
 106      DFBF17F4 
 106      A9
 107 0180 DBE5ED01 		.ascii	"\333\345\355\001\331?T\2312xH\226Wc\\\014\203A\035P"
 107      D93F5499 
 107      32784896 
 107      57635C0C 
 107      83411D50 
 108 0194 3802E9EC 		.ascii	"8\002\351\354\014uL\034\016A\000\340 \364\343\031|\220"
 108      0C754C1C 
 108      0E4100E0 
 108      20F4E319 
 108      7C90
 109 01a6 8AE1A783 		.ascii	"\212\341\247\203\275+i\021\360\224\033ol\272\244C\252"
 109      BD2B6911 
 109      F0941B6F 
 109      6CBAA443 
 109      AA
 110 01b7 5AA43ABE 		.ascii	"Z\244:\276\207\312\025\310\223\310y\032T\236\206h\236"
 110      87CA15C8 
 110      93C8791A 
 110      549E8668 
 110      9E
 111 01c8 46CE230F 		.ascii	"F\316#\017\373z\014t\255 *\333W\332\224\200D\001\031"
 111      FB7A0C74 
 111      AD202ADB 
 111      57DA9480 
 111      440119
 112 01db 73DAFFAE 		.ascii	"s\332\377\256\257vX^\243\345\211C\223\312\324\244\224"
 112      AF76585E 
 112      A3E58943 
 112      93CAD4A4 
 112      94
 113 01ec 039A3943 		.ascii	"\003\2329C\307\211\337\036\352h\247\302P\334\367\235"
 113      C789DF1E 
 113      EA68A7C2 
 113      50DCF79D 
ARM GAS  /tmp/ccJIdOD6.s 			page 8


 114 01fc 28CF47E8 		.ascii	"(\317G\350\255\373i\357\006\215(O\200\242\357;\322\320"
 114      ADFB69EF 
 114      068D284F 
 114      80A2EF3B 
 114      D2D0
 115 020e 162BB633 		.ascii	"\026+\2663\320}:\\\321\015\302\325\243\273\312\327\275"
 115      D07D3A5C 
 115      D10DC2D5 
 115      A3BBCAD7 
 115      BD
 116 021f D1A0A079 		.ascii	"\321\240\240y\207:7\337\234\"\374\224\0107I\270\353"
 116      873A37DF 
 116      9C22FC94 
 116      083749B8 
 116      EB
 117 0230 CB0EFEAE 		.ascii	"\313\016\376\256\245\001!\273\331\367\340\224B\034\217"
 117      A50121BB 
 117      D9F7E094 
 117      421C8F
 118 023f EEF992DA 		.ascii	"\356\371\222\332\255T\2701\350\356l\255\177\242\243"
 118      AD54B831 
 118      E8EE6CAD 
 118      7FA2A3
 119 024e 4302DADB 		.ascii	"C\002\332\333Q\275\237\355\245i\201]\"\003.\325\334"
 119      51BD9FED 
 119      A569815D 
 119      22032ED5 
 119      DC
 120 025f 3DF6F80D 		.ascii	"=\366\370\015\261\304\020]ec\273\342\350\035\016\227"
 120      B1C4105D 
 120      6563BBE2 
 120      E81D0E97 
 121 026f FABB9FF6 		.ascii	"\372\273\237\366L\001\255i\215,\257\222\267\027\313"
 121      4C01AD69 
 121      8D2CAF92 
 121      B717CB
 122 027e 099F1268 		.ascii	"\011\237\022h\303\226\236\302\226\30290\261 V\027\350"
 122      C3969EC2 
 122      96C23930 
 122      B1205617 
 122      E8
 123 028f C4C5D3B8 		.ascii	"\304\305\323\270\270\207u\337\377\250\351\343\3121Y"
 123      B88775DF 
 123      FFA8E9E3 
 123      CA3159
 124 029e 4E81B3A0 		.ascii	"N\201\263\240\2053j\355\322\264\242\373\325\2736\356"
 124      85336AED 
 124      D2B4A2FB 
 124      D5BB36EE 
 125 02ae D0D05DFC 		.ascii	"\320\320]\374\372I\276-\203\255\322d\032\027&\325\270"
 125      FA49BE2D 
 125      83ADD264 
 125      1A1726D5 
 125      B8
 126 02bf D799DA86 		.ascii	"\327\231\332\206WF\202.\3248\257j\240\244\020\031\250"
 126      5746822E 
 126      D438AF6A 
ARM GAS  /tmp/ccJIdOD6.s 			page 9


 126      A0A41019 
 126      A8
 127 02d0 EF2992E8 		.ascii	"\357)\222\3509q\307\237\2276\334\247\364\"wb;\036<,"
 127      3971C79F 
 127      9736DCA7 
 127      F4227762 
 127      3B1E3C2C 
 128 02e4 D683D168 		.ascii	"\326\203\321hL6\355`\242\376\366\353\246\252\256aY\376"
 128      4C36ED60 
 128      A2FEF6EB 
 128      A6AAAE61 
 128      59FE
 129 02f6 51CFD92E 		.ascii	"Q\317\331.\"[7$\253Y\230\331\005\316\304\007\021\370"
 129      225B3724 
 129      AB5998D9 
 129      05CEC407 
 129      11F8
 130 0308 81B737CB 		.ascii	"\201\2677\313\376\022\312\301\177N\010n\003\025=\026"
 130      FE12CAC1 
 130      7F4E086E 
 130      03153D16 
 131 0318 81BE148D 		.ascii	"\201\276\024\215>\011a\356\215\374\227\203\0061\004"
 131      3E0961EE 
 131      8DFC9783 
 131      063104
 132 0327 5A11F007 		.ascii	"Z\021\360\007\337cp<\033\\\303R\\\006#\\A\273\012F~"
 132      DF63703C 
 132      1B5CC352 
 132      5C06235C 
 132      41BB0A46 
 133 033c 094529DA 		.ascii	"\011E)\332\252\222\2120\212!\211R\006\345\007\333\374"
 133      AA928A30 
 133      8A218952 
 133      06E507DB 
 133      FC
 134 034d BCE49C86 		.ascii	"\274\344\234\206\256\247\274\320\355\325\373\360\236"
 134      AEA7BCD0 
 134      EDD5FBF0 
 134      9E
 135 035a 269B26D4 		.ascii	"&\233&\324\301\217\244\3515\244\236Wi\360\263\000=\010"
 135      C18FA4E9 
 135      35A49E57 
 135      69F0B300 
 135      3D08
 136 036c BCAED69C 		.ascii	"\274\256\326\234\011s\275\321\222\301\200N\\\275\251"
 136      0973BDD1 
 136      92C1804E 
 136      5CBDA9
 137 037b E8D6751E 		.ascii	"\350\326u\036\355\213\245\277py\350\031\273\374\203"
 137      ED8BA5BF 
 137      7079E819 
 137      BBFC83
 138 038a 8EFE2A9C 		.ascii	"\216\376*\234\232g\025{5\264F8\245u\345;\015\3640w\342"
 138      9A67157B 
 138      35B44638 
 138      A575E53B 
 138      0DF43077 
ARM GAS  /tmp/ccJIdOD6.s 			page 10


 139 039f 56FFDC5E 		.ascii	"V\377\334^\025\307\233c4\031wp\321\207\333\222\312e"
 139      15C79B63 
 139      34197770 
 139      D187DB92 
 139      CA65
 140 03b1 B92383CB 		.ascii	"\271#\203\313\366\243l\020\347p\342}\020\331\035\204"
 140      F6A36C10 
 140      E770E27D 
 140      10D91D84 
 141 03c1 1F3715F1 		.ascii	"\0377\025\361z3tG4\272\035^h\017\302\257E\300\007\242"
 141      7A337447 
 141      34BA1D5E 
 141      680FC2AF 
 141      45C007A2 
 142 03d5 E1272669 		.ascii	"\341'&i\317q\004\264\360\275\240R\263a\254\331\020\326"
 142      CF7104B4 
 142      F0BDA052 
 142      B361ACD9 
 142      10D6
 143 03e7 EB36DA4D 		.ascii	"\3536\332M\264[h\203J\355\204P\327;\252\320\215h!\365"
 143      B45B6883 
 143      4AED8450 
 143      D73BAAD0 
 143      8D6821F5 
 144 03fb 8A293DDD 		.ascii	"\212)=\335&z\032|\261\247\202)\030Y\220@4\325\311\210"
 144      267A1A7C 
 144      B1A78229 
 144      18599040 
 144      34D5C988 
 145 040f 2362755B 		.ascii	"#bu[\036\337]m\240\215\342\016\324\214\334\377\036L"
 145      1EDF5D6D 
 145      A08DE20E 
 145      D48CDCFF 
 145      1E4C
 146 0421 C94263B4 		.ascii	"\311Bc\264\2327\363.\006\377\24563\310\2339\341i\341"
 146      9A37F32E 
 146      06FFA536 
 146      33C89B39 
 146      E169E1
 147 0434 0E1EF275 		.ascii	"\016\036\362u\016\214\262\027\237\374s\311\220\254\320"
 147      0E8CB217 
 147      9FFC73C9 
 147      90ACD0
 148 0443 AC999486 		.ascii	"\254\231\224\206\274\212#x\345\311ni\372N\271\326\317"
 148      BC8A2378 
 148      E5C96E69 
 148      FA4EB9D6 
 148      CF
 149 0454 FE4B18CB 		.ascii	"\376K\030\313w#\027\300\010F\372E\276\021}`+_K\004F"
 149      772317C0 
 149      0846FA45 
 149      BE117D60 
 149      2B5F4B04 
 150 0469 613A466E 		.ascii	"a:Fn{\366\264r\212\2764\374I\341_\361\320\217\216\300"
 150      7BF6B472 
 150      8ABE34FC 
 150      49E15FF1 
ARM GAS  /tmp/ccJIdOD6.s 			page 11


 150      D08F8EC0 
 151 047d 3DD0F36F 		.ascii	"=\320\363o8\233\365\026\213\335Z\340\\aq\270\034\336"
 151      389BF516 
 151      8BDD5AE0 
 151      5C6171B8 
 151      1CDE
 152 048f 19E9E966 		.ascii	"\031\351\351f\361\347\366\230\363\254N\363\"\267\265"
 152      F1E7F698 
 152      F3AC4EF3 
 152      22B7B5
 153 049e 20D7639E 		.ascii	" \327c\236?3'{\316\374\254\005Y\226\317\277\230?\343"
 153      3F33277B 
 153      CEFCAC05 
 153      5996CFBF 
 153      983FE3
 154 04b1 7DCBDCCC 		.ascii	"}\313\334\314\214\031b/\335\026?o\301\227)\26323\311"
 154      8C19622F 
 154      DD163F6F 
 154      C19729B3 
 154      3233C9
 155 04c4 07FF2398 		.ascii	"\007\377#\230$\360\227,\324N\364x\227\342\256\315\351"
 155      24F0972C 
 155      D44EF478 
 155      97E2AECD 
 155      E9
 156 04d5 B67DC393 		.ascii	"\266}\303\223\311\210\346\313w\027x=fN\"\236s3\227/"
 156      C988E6CB 
 156      7717783D 
 156      664E229E 
 156      7333972F 
 157 04e9 673B16A7 		.ascii	"g;\026\24737=\217$\345\343k\256}\261\265\320\351\265"
 157      33373D8F 
 157      24E5E36B 
 157      AE7DB1B5 
 157      D0E9B5
 158 04fc D8DCAEC5 		.ascii	"\330\334\256\305\216%\232\234\331\263\255^+\265\025"
 158      8E259A9C 
 158      D9B3AD5E 
 158      2BB515
 159 050b 38B5164B 		.ascii	"8\265\026K\241\303\345E\011\357{\346BO\201\331\341\262"
 159      A1C3E545 
 159      09EF7BE6 
 159      424F81D9 
 159      E1B2
 160 051d 390B73ED 		.ascii	"9\013s\355f\227}\231\323\261\310\274\324j\313s\270\354"
 160      66977D99 
 160      D3B1C8BC 
 160      D46ACB73 
 160      B8EC
 161 052f E6308377 		.ascii	"\3460\203wE\276\335\203\264\361\241\260\324\211\302"
 161      45BEDD83 
 161      B4F1A1B0 
 161      D489C2
 162 053e 3C2B3C66 		.ascii	"<+<f\213\307\233\213\030\304Rwn\001\212\345}\370\252"
 162      8BC79B8B 
 162      18C45277 
 162      6E018AE5 
ARM GAS  /tmp/ccJIdOD6.s 			page 12


 162      7DF8AA
 163 0551 DCB3B367 		.ascii	"\334\263\263g\233\347\345d}\366m&O>_=\200(\301\222|"
 163      9BE7E564 
 163      7DF66D26 
 163      4F3E5F3D 
 163      8028C192 
 164 0566 87DBE2B1 		.ascii	"\207\333\342\261{\013\363-^M\316,v\000M\316'b\232)\246"
 164      7B0BF32D 
 164      5E4DCE2C 
 164      76004DCE 
 164      27629A29 
 165 057b 396C4AC8 		.ascii	"9lJ\310\231\231=\213\037\363?\366<\343\277"
 165      99993D8B 
 165      1FF33FF6 
 165      3CE3BF
 166              		.text
 167              		.section	.gnu.lto_.symtab.6609d112940f5aa1,"",%progbits
 168 0000 5F5F6561 		.ascii	"__early_init\000"
 168      726C795F 
 168      696E6974 
 168      00
 169 000d 00       		.ascii	"\000"
 170 000e 00       		.ascii	"\000"
 171 000f 00       		.ascii	"\000"
 172 0010 00000000 		.ascii	"\000\000\000\000\000\000\000\000"
 172      00000000 
 173 0018 BB000000 		.ascii	"\273\000\000\000"
 174 001c 626F6172 		.ascii	"boardInit\000"
 174      64496E69 
 174      7400
 175 0026 00       		.ascii	"\000"
 176 0027 00       		.ascii	"\000"
 177 0028 00       		.ascii	"\000"
 178 0029 00000000 		.ascii	"\000\000\000\000\000\000\000\000"
 178      00000000 
 179 0031 BD000000 		.ascii	"\275\000\000\000"
 180 0035 70616C5F 		.ascii	"pal_default_config\000"
 180      64656661 
 180      756C745F 
 180      636F6E66 
 180      696700
 181 0048 00       		.ascii	"\000"
 182 0049 00       		.ascii	"\000"
 183 004a 00       		.ascii	"\000"
 184 004b 00000000 		.ascii	"\000\000\000\000\000\000\000\000"
 184      00000000 
 185 0053 EE000000 		.ascii	"\356\000\000\000"
 186 0057 73746D33 		.ascii	"stm32_clock_init\000"
 186      325F636C 
 186      6F636B5F 
 186      696E6974 
 186      00
 187 0068 00       		.ascii	"\000"
 188 0069 02       		.ascii	"\002"
 189 006a 00       		.ascii	"\000"
 190 006b 00000000 		.ascii	"\000\000\000\000\000\000\000\000"
 190      00000000 
ARM GAS  /tmp/ccJIdOD6.s 			page 13


 191 0073 BF000000 		.ascii	"\277\000\000\000"
 192              		.text
 193              		.section	.gnu.lto_.opts,"",%progbits
 194 0000 272D666D 		.ascii	"'-fmath-errno' '-fsigned-zeros' '-ftrapping-math' '"
 194      6174682D 
 194      6572726E 
 194      6F272027 
 194      2D667369 
 195 0033 2D666E6F 		.ascii	"-fno-trapv' '-fno-openmp' '-fno-openacc' '-mcpu=cor"
 195      2D747261 
 195      70762720 
 195      272D666E 
 195      6F2D6F70 
 196 0066 7465782D 		.ascii	"tex-m3' '-mthumb' '-O2' '-fomit-frame-pointer' '-fa"
 196      6D332720 
 196      272D6D74 
 196      68756D62 
 196      2720272D 
 197 0099 6C69676E 		.ascii	"lign-functions=16' '-ffunction-sections' '-fdata-se"
 197      2D66756E 
 197      6374696F 
 197      6E733D31 
 197      36272027 
 198 00cc 6374696F 		.ascii	"ctions' '-fno-common' '-flto'\000"
 198      6E732720 
 198      272D666E 
 198      6F2D636F 
 198      6D6D6F6E 
 199              		.text
 200              		.comm	__gnu_lto_v1,1,1
 201              		.comm	__gnu_lto_slim,1,1
 202              		.ident	"GCC: (15:7-2018-q2-6) 7.3.1 20180622 (release) [ARM/embedded-7-branch revision 261907]"
ARM GAS  /tmp/ccJIdOD6.s 			page 14


DEFINED SYMBOLS
                            *ABS*:0000000000000000 board.c
                            *COM*:0000000000000001 __gnu_lto_v1
                            *COM*:0000000000000001 __gnu_lto_slim

NO UNDEFINED SYMBOLS
