ARM GAS  /tmp/ccSQLkO5.s 			page 1


   1              		.cpu cortex-m3
   2              		.eabi_attribute 20, 1
   3              		.eabi_attribute 21, 1
   4              		.eabi_attribute 23, 3
   5              		.eabi_attribute 24, 1
   6              		.eabi_attribute 25, 1
   7              		.eabi_attribute 26, 1
   8              		.eabi_attribute 30, 2
   9              		.eabi_attribute 34, 1
  10              		.eabi_attribute 18, 4
  11              		.file	"chmemcore.c"
  12              		.section	.gnu.lto_.profile.86cbdd11509592c,"",%progbits
  13 0000 789C6363 		.ascii	"x\234cc```\001bF\006Og\000\001M\000\230"
  13      60606001 
  13      6246064F 
  13      6700014D 
  13      0098
  14              		.text
  15              		.section	.gnu.lto_.icf.86cbdd11509592c,"",%progbits
  16 0000 789C6363 		.ascii	"x\234cc``\320a@\000v\206\035w\277_ca\354\377\373\376"
  16      6060D061 
  16      40007686 
  16      1D77BF5F 
  16      6361ECFF 
  17 0016 392FCBF9 		.ascii	"9/\313\371%?\227\362\260.\275\372`\001\023\333\217k"
  17      253F97F2 
  17      B02EBDFA 
  17      600113DB 
  17      8F6B
  18 0028 071F70B3 		.ascii	"\007\037p\263o\376w\3659\027\307\302\027\033\027\261"
  18      6FFE77F5 
  18      3917C7C2 
  18      171B17B1 
  19 0038 33000014 		.ascii	"3\000\000\024I\027\033"
  19      49171B
  20              		.text
  21              		.section	.gnu.lto_.jmpfuncs.86cbdd11509592c,"",%progbits
  22 0000 789C6363 		.ascii	"x\234cc``\010`@\0006 fafddd\257\237\303\314\000\304"
  22      60600860 
  22      40003620 
  22      66616664 
  22      6464AF9F 
  23 0018 8C209A15 		.ascii	"\214 \232\025C\204\015C\204\035C\204\003h\026\0002b"
  23      43840D43 
  23      841D4384 
  23      03681600 
  23      3262
  24 002a 0E1B     		.ascii	"\016\033"
  25              		.text
  26              		.section	.gnu.lto_.inline.86cbdd11509592c,"",%progbits
  27 0000 789C6363 		.ascii	"x\234cc``8\301\200\000l\014\014\254,\214\014L,\013\344"
  27      606038C1 
  27      80006C0C 
  27      0CAC2C8C 
  27      0C4C2C0B 
  28 0015 19D816C8 		.ascii	"\031\330\026\3103\201\304X\030\004\370\031\031\031\025"
  28      3381C458 
ARM GAS  /tmp/ccSQLkO5.s 			page 2


  28      1804F819 
  28      191915
  29 0024 18191898 		.ascii	"\030\031\030\230%\032\2661B$\230.\360\263\200dYA\262"
  29      251AB631 
  29      4224982E 
  29      F0B38064 
  29      5941B2
  30 0037 CC0C2059 		.ascii	"\314\014 Y\260\022&\020\301*\362`\032\262: \301\001"
  30      B0122610 
  30      C12AF260 
  30      1AB23A20 
  30      C101
  31 0049 22042076 		.ascii	"\"\004 v\010\011\302\314\223Yp\025\315<v\220,\206yh"
  31      0809C2CC 
  31      93597015 
  31      CD3C7690 
  31      2C867968 
  32 005d F6A298C7 		.ascii	"\366\242\230\307\301\300\306\012t2\333\007=\270\223"
  32      C1C0C60A 
  32      7432DB07 
  32      3DB893
  33 006c 1900B110 		.ascii	"\031\000\261\020\026Q"
  33      1651
  34              		.text
  35              		.section	.gnu.lto_.pureconst.86cbdd11509592c,"",%progbits
  36 0000 789C6363 		.ascii	"x\234cc``\340\007b6\006\011\026\011V\011\266]\214\354"
  36      6060E007 
  36      62360609 
  36      16095609 
  36      B65D8CEC 
  37 0014 BB183958 		.ascii	"\273\0309X\000\016\000\001\374"
  37      000E0001 
  37      FC
  38              		.text
  39              		.section	.gnu.lto__core_init.86cbdd11509592c,"",%progbits
  40 0000 789C8591 		.ascii	"x\234\205\221\313K\033Q\024\306\31777\031\2630J\241"
  40      CB4B1B51 
  40      14C6CF37 
  40      3719B330 
  40      4AA1
  41 0012 0BB12E8A 		.ascii	"\013\261.\212\220\205\233\014\370\017\370\247\014\232"
  41      90859B0C 
  41      F80FF8A7 
  41      0C9A
  42 0020 0E44A855 		.ascii	"\016D\250U\014t\233\033E\023\265J\221jK\031d\300\205"
  42      0C749B1B 
  42      4513B54A 
  42      916A4B19 
  42      64C085
  43 0033 2B95D018 		.ascii	"+\225\320\030\235>t:\325\026\272PpSP)\305\327\242\224"
  43      9D3E743A 
  43      D516BA50 
  43      70535029 
  43      C5D7A294 
  44 0047 82881BC5 		.ascii	"\202\210\033\305\307\271\223\301'\350\345^\346\334;"
  44      C7B993C1 
  44      27E8E55E 
ARM GAS  /tmp/ccSQLkO5.s 			page 3


  44      E6DC3B
  45 0056 E7FBEEEF 		.ascii	"\347\373\356\357\234\253\023QZ#j\341\357\023^\020\004"
  45      9CAB1351 
  45      5A236AE1 
  45      EF135E10 
  45      04
  46 0067 EDF52A51 		.ascii	"\355\365*Q.\246\001*\2201PVC\026\257\304\033\001?\277"
  46      2EA6012A 
  46      90315056 
  46      4316AFC4 
  46      1B013FBF 
  47 007b EF6A4D53 		.ascii	"\357jMS\222\207\367v]\357\227}u\266 \032\347\245\006"
  47      9287F776 
  47      5DEF977D 
  47      75B6201A 
  47      E7A506
  48 008e 3EA08938 		.ascii	">\240\2118\355h\360p/.\022P\261\263\344\257\325&&\345"
  48      ED68F070 
  48      2F2E1250 
  48      B1B3E4AF 
  48      D52626E5 
  49 00a2 1F96ECBF 		.ascii	"\037\226\354\277\177<*\235w2b\013\240\004\021\352TH"
  49      7F3C2A9D 
  49      7732620B 
  49      A00411EA 
  49      5448
  50 00b4 2AF7D76E 		.ascii	"*\367\327n\251\010\321\034\350~\2733E=\324m\324\347"
  50      A908D11C 
  50      E87EBB33 
  50      453DD46D 
  50      D4E7
  51 00c6 A49F7BAA 		.ascii	"\244\237{\252T\345+U9Tm\027\317\306\342z\004\363H`\016"
  51      54E52B55 
  51      39546D17 
  51      CFC6E27A 
  51      04F34860 
  52 00db 890A0D16 		.ascii	"\211\012\015\026\240\0238\230]\217z\362\354</\275\325"
  52      A0133898 
  52      5D8F7AF2 
  52      EC3C2FBD 
  52      D5
  53 00ec FAD9D2EE 		.ascii	"\372\331\322\356\243\010Q\201\023\2706\351\321\200\320"
  53      A3085181 
  53      13B836E9 
  53      D180D0
  54 00fb 54D4EBD1 		.ascii	"T\324\353\321_\364\034\347O\347\026\240\204l:\336\347"
  54      5FF41CE7 
  54      4FE716A0 
  54      846C3ADE 
  54      E7
  55 010c AF550D09 		.ascii	"\257U\015\011[h\001\215\353\376\333\254\312\236\312"
  55      5B68018D 
  55      EBFEDBAC 
  55      CA9ECA
  56 011b 181F38CA 		.ascii	"\030\0378\312\237\317J\275\007\2435\016&`\013\201\217"
  56      9FCF4ABD 
  56      07A3350E 
ARM GAS  /tmp/ccSQLkO5.s 			page 4


  56      26600B81 
  56      8F
  57 012c DC22170D 		.ascii	"\334\"\027\015\301\217\362\217\255\223\2301\255\272"
  57      C18FF28F 
  57      AD939831 
  57      ADBA
  58 013a E4BCB445 		.ascii	"\344\274\264E\004\237\340`,\240\306g\030\327\335\243"
  58      049FE060 
  58      2CA0C667 
  58      18D7DDA3 
  59 014a B7DDA38E 		.ascii	"\267\335\243\216\300mw`\221\335\277\204\356\213\007"
  59      C06D7760 
  59      91DDBF84 
  59      EE8B07
  60 0159 3F776A38 		.ascii	"?wj8\271\300\356\333P\026Kl\317\326\036\262\2252\206"
  60      B9C0EEDB 
  60      50164B6C 
  60      CFD61EB2 
  60      953286
  61 016c E72FCB78 		.ascii	"\347/\313x\220\373\353}\334~\300\255\272\210o\001\367"
  61      90FBEB7D 
  61      DC7EC0AD 
  61      BA886F01 
  61      F7
  62 017d 4D50ED2E 		.ascii	"MP\355.\350\362\275\240+\025\320\357\014\372\037=\316"
  62      E8F2BDA0 
  62      2B15D0EF 
  62      0CFA1F3D 
  62      CE
  63 018e E4488019 		.ascii	"\344H\200\031\274f\201\257\341\227`\313\306d\322\250"
  63      BC6681AF 
  63      E19760CB 
  63      C664D2A8 
  64 019e CCCE0CCF 		.ascii	"\314\316\014\317\347\355mF\246;e\244\322\035VG\252\263"
  64      E7ED6D46 
  64      A63B65A4 
  64      D21D5647 
  64      AAB3
  65 01b0 DB4AA6A8 		.ascii	"\333J\246\250\3324\323Vk\227i\275xf\232\361p\323\326"
  65      DA34D356 
  65      6B9769BD 
  65      78669AF1 
  65      70D3D6
  66 01c3 9AB14CF3 		.ascii	"\232\261L\363\002\247i\346\206"
  66      02A769E6 
  66      86
  67              		.text
  68              		.section	.gnu.lto_chCoreAllocFromBaseI.86cbdd11509592c,"",%progbits
  69 0000 789C8D53 		.ascii	"x\234\215S\335KTQ\020\237\271\347\334\335uuW\351\251"
  69      DD4B5451 
  69      109FB9E7 
  69      DCDD7575 
  69      57E9A9
  70 0013 07098944 		.ascii	"\007\011\211D\354a\267\207\242\227z\014\372\027z\253"
  70      EC61B787 
  70      A2977A0C 
  70      FA177AAB 
ARM GAS  /tmp/ccSQLkO5.s 			page 5


  71 0023 96B5043F 		.ascii	"\226\265\004?\302\225\210^<\272~m\031H\245\306\262\310"
  71      C295885E 
  71      3CBA7E6D 
  71      1948A5C6 
  71      B2C8
  72 0035 A6964988 		.ascii	"\246\226I\210Ffi\2327\327\324\276,\303\302\312H*\003"
  72      4666699A 
  72      37D7D4BE 
  72      2CC3C2CA 
  72      482A03
  73 0048 23042B82 		.ascii	"#\004+\2024\265\231{\257\230!\341\341\356\354\2359\277"
  73      34B5997B 
  73      AF9821E1 
  73      E1EEEC9D 
  73      39BF
  74 005a DF9939BF 		.ascii	"\337\2319\277\231\353\000\2002\011\260\237\376\017\320"
  74      99EB0080 
  74      3209B09F 
  74      FE0FD0
  75 0069 0F1D805A 		.ascii	"\017\035\200Z\355\030@\251K\323\364r'(\267\250\031\001"
  75      ED1840A9 
  75      4BD3F472 
  75      2728B7A8 
  75      1901
  76 007b 5029C276 		.ascii	"P)\302v\245\345J\324-\230\216\310/\312\205P\242\011"
  76      A5E54AD4 
  76      2D988EC8 
  76      2FCA8550 
  76      A209
  77 008d A96309D6 		.ascii	"\251c\011\326\210\213\002\307\313;c\342\254\210\011"
  77      888B02C7 
  77      CB3B63E2 
  77      AC8809
  78 009c 4049EEFC 		.ascii	"@I\356\374\323\350G/\273\210\031\344\266U}\037wd\267"
  78      D3E8472F 
  78      BB8819E4 
  78      B6557D1F 
  78      7764B7
  79 00af 2A55A68C 		.ascii	"*U\246\214\206\347\316\326p\305\301\230\320\240\236"
  79      86E7CED6 
  79      70C5C198 
  79      D0A09E
  80 00be D05D988E 		.ascii	"\320]\230\21671\235\213\271\205\331\204m*}\371\330#"
  80      37319D8B 
  80      B985D984 
  80      6D2A7DF9 
  80      D823
  81 00d0 3211E87D 		.ascii	"2\021\350}:\322~Nf]1yS-B\355\210\011\201\335(\376&R"
  81      3AD27E4E 
  81      665D3179 
  81      532D42ED 
  81      880981DD 
  82 00e8 08F03666 		.ascii	"\010\3606f\021\274vqi\332)v\232\324\266\221\272j\267"
  82      11BC7671 
  82      69DA2976 
  82      9AD4B691 
  82      BA6AB7
ARM GAS  /tmp/ccSQLkO5.s 			page 6


  83 00fb 4D9DB86A 		.ascii	"M\235\270jR%\336\371\227*\001{L\352\217\013o\336{\305"
  83      5225DEF9 
  83      972A017B 
  83      4CEA8F0B 
  83      6FDE7BC5 
  84 010f 2E933AF1 		.ascii	".\223:\361\252r\217\315\034\332\032U\206\344\254\275"
  84      AA728FCD 
  84      1CDA1A55 
  84      86E4ACBD 
  85 011f 1B64BD8B 		.ascii	"\033d\275\213Y\214\257\235\372\325\227,\366\232\334"
  85      598CAF9D 
  85      FAD5972C 
  85      F69ADC
  86 012e 336AA013 		.ascii	"3j\240\0233\233M\362XcZSX\215*\342\353\330\267\236\317"
  86      339B4DF2 
  86      58635A53 
  86      588D2AE2 
  86      EBD8B79E 
  87 0143 8BE04F8C 		.ascii	"\213\340O\214H\207[\3543\251\213\015=3\322\246~\272"
  87      48875BEC 
  87      33A98B0D 
  87      3D33D2A6 
  87      7EBA
  88 0155 2C548BD2 		.ascii	",T\213\322\230xoC\342\207\033\313u\036\207\304\001\314"
  88      98786F43 
  88      E2871BCB 
  88      751E87C4 
  88      01CC
  89 0167 C47ECC8C 		.ascii	"\304~\314\214\013`5ID\203{\012\240\255\356t\274\320"
  89      0B603549 
  89      44837B0A 
  89      A0ADEE74 
  89      BCD0
  90 0179 0DB5BC52 		.ascii	"\015\265\274R\245\214\341m\227\022c\327\264-H\305k\202"
  90      A58CE16D 
  90      971263D7 
  90      B42D48C5 
  90      6B82
  91 018b 8C2ED9E8 		.ascii	"\214.\331\350,\203\203\215\223\215\213M\022\0337\357"
  91      2C83838D 
  91      938D8B4D 
  91      121B37EF 
  92 019b A620DFD2 		.ascii	"\246 \337\322\203,\223\027\370\320Td\265\323\200\017"
  92      832C9317 
  92      F8D05464 
  92      B5D3800F 
  93 01ab 07A8A6A4 		.ascii	"\007\250\246\2444\020\312\200\0105\224\336\302\006|"
  93      3410CA80 
  93      083594DE 
  93      C2067C
  94 01ba C1B2DED9 		.ascii	"\301\262\336\331\271\204\233k\211\012\236\216\372\212"
  94      B9849B6B 
  94      890A9E8E 
  94      FA8A
  95 01c8 C1674E1E 		.ascii	"\301gN\036\007\207y\323\236\236\257o\235%K\312E\201"
  95      078779D3 
  95      9E9EAF6F 
ARM GAS  /tmp/ccSQLkO5.s 			page 7


  95      9D254BCA 
  95      4581
  96 01da B840F342 		.ascii	"\270@\363B]\341\371\363\33686bL8q\220\306\352>_\226"
  96      5DE1F9F3 
  96      DE383662 
  96      4C387190 
  96      C6EA3E5F 
  97 01ef 36BA47A6 		.ascii	"6\272G\246\026]\376vE+\203\365H`\034\353\370\252\200"
  97      165DFE76 
  97      452B83F5 
  97      48601CEB 
  97      F8AA80
  98 0202 43E8A764 		.ascii	"C\350\247d\341X%Z\251$e\213\212\024.\340[\225\035\323"
  98      E158255A 
  98      A924658B 
  98      8A142EE0 
  98      5B951DD3 
  99 0216 29CCA0FA 		.ascii	")\314\240\372U\220\025\363\254\2139)L\251\336\215\266"
  99      559015F3 
  99      AC8B3929 
  99      4CA9DE8D 
  99      B6
 100 0227 5D378758 		.ascii	"]7\207X\342\012\255T|@5\320a\223\2538\227M\374\275\032"
 100      E20AAD54 
 100      7C4035D0 
 100      6193AB38 
 100      974DFCBD 
 101 023c 4832B92E 		.ascii	"H2\271.+\343!+\346\2450|\306\262\014vY1\012Ye.\365\037"
 101      2BE3212B 
 101      E6A5307C 
 101      C6B20C76 
 101      59310A59 
 102 0254 B6206926 		.ascii	"\266 i&*u\015\325\317\2504K\271\205f\257\205roF\252"
 102      2A750DD5 
 102      CFA8344B 
 102      B98566AF 
 102      85726F46 
 103 0269 E1FF4835 		.ascii	"\341\377H5bJ\205,\325(I5\203\345c\211\335\366\331\234"
 103      624A852C 
 103      D5284935 
 103      83E56389 
 103      DDF6D99C 
 104 027d 8E578406 		.ascii	"\216W\204\006\231\276qj\033mO&&\244\335\265\265}\011"
 104      99BE716A 
 104      1B6D4F26 
 104      26A4DDB5 
 104      B57D09
 105 0290 AF0DBBAD 		.ascii	"\257\015\273\255\365\263\313\211d\006l\246\262\207\033"
 105      F5B3CB89 
 105      64066CA6 
 105      B2871B
 106 029f 57163FC9 		.ascii	"W\026?\311\245=Z\353\342c\364[\311\"B\267'h\0165\210"
 106      A53D5AEB 
 106      E263F45B 
 106      C92242B7 
 106      27680E35 
 107 02b4 9A85FF44 		.ascii	"\232\205\377DD_\272XX\236F\322LF\233\306\331\327\330"
ARM GAS  /tmp/ccSQLkO5.s 			page 8


 107      445FBA58 
 107      589E46D2 
 107      4C469BC6 
 107      D9D7D8
 108 02c7 A7D943C6 		.ascii	"\247\331C\306k\000\333}>\277\365\024\206\350\311\313"
 108      6B00DB7D 
 108      3EBFF514 
 108      86E8C9CB 
 109 02d7 3DEA0F15 		.ascii	"=\352\017\025\005\374\201\343\371\301\374@aQ\320\027"
 109      05FC81E3 
 109      F9C1FC40 
 109      6151D017 
 110 02e7 0019CA3D 		.ascii	"\000\031\312=\035\324\217\344\345\036+p\024\346\344"
 110      1DD48FE4 
 110      E51E2B70 
 110      14E6E4
 111 02f6 8482C5B2 		.ascii	"\204\202\305\262 x\252\030O\374\001\2012|%"
 111      2078AA18 
 111      4FFC0181 
 111      327C25
 112              		.text
 113              		.section	.gnu.lto_chCoreAllocFromTopI.86cbdd11509592c,"",%progbits
 114 0000 789C8D53 		.ascii	"x\234\215S\315O\023Q\020\237\331\367\266[*-\215g\016"
 114      CD4F1351 
 114      109FD9F7 
 114      B65B2A2D 
 114      8D670E
 115 0013 C4D81048 		.ascii	"\304\330\020Hl=h\274\350\321\304\177\301\2436\005I@"
 115      6C3D68BC 
 115      E8D1C47F 
 115      C1A33605 
 115      4940
 116 0025 08351CBC 		.ascii	"\0105\034\274\260P\276\032!\022\025Hjc*\202\004#\251"
 116      B050BE1A 
 116      21121548 
 116      6A632A82 
 116      0423A9
 117 0038 1F881644 		.ascii	"\037\210\026DV*\202\212\030\010\"*\211\240b\2021&\250"
 117      562A828A 
 117      1808222A 
 117      89A06282 
 117      3126A8
 118 004b F1C287CE 		.ascii	"\361\302\207\316\354.A\0151l\266\257o~3\2777\363~3\353"
 118      EC2E410D 
 118      316CB6AF 
 118      6F7E33BF 
 118      37F37E33 
 119 0060 00804209 		.ascii	"\000\200B\011p\210\376\017\323\017\035\200J\363\004"
 119      7088FE0F 
 119      D30F1D80 
 119      4AF304
 120 006f 40955351 		.ascii	"@\225SQ\324\032\015t\227h\034\005\3203\205mJ\313\224"
 120      D41A0D74 
 120      97681C05 
 120      D033856D 
 120      4ACB94
 121 0082 A85A612A 		.ascii	"\250Za*\"ot'B\245\"\244\212\225\330(.\010\234\254\271"
ARM GAS  /tmp/ccSQLkO5.s 			page 9


 121      226F7427 
 121      42A522A4 
 121      8A95D828 
 121      2E089CAC 
 122 0097 11176744 		.ascii	"\021\027gD\\\000J2\227\237\307>x\330D\314!\263\273\376"
 122      5C004A32 
 122      979FC73E 
 122      78D844CC 
 122      21B3BBFE 
 123 00ab FBA423AF 		.ascii	"\373\244#\257K\327\253u\243m\312\325\025\251=\022\027"
 123      4BD7AB75 
 123      A36DCAD5 
 123      15A93D12 
 123      17
 124 00bc 0AB45274 		.ascii	"\012\264Rt/f\343m\314\346b\356`\036\305\266W\275|\346"
 124      2F66E36D 
 124      CCE662EE 
 124      601EC5B6 
 124      57BD7CE6 
 125 00d0 163E04DA 		.ascii	"\026>\004\332\317G{\232dn\247\311\233\356\020\372\356"
 125      CF477B9A 
 125      646EA7C9 
 125      9BEE10FA 
 125      EE
 126 00e1 B810D887 		.ascii	"\270\020\330\207\342O\"A\200w1\227\302\233W\326\346"
 126      E24F2241 
 126      80773197 
 126      C29B57D6 
 126      E6
 127 00f2 35916F52 		.ascii	"5\221oR\273G[\032\\6u\374\252I\225x\357_\252\004L\231"
 127      BB475B1A 
 127      5C3675FC 
 127      AA499578 
 127      EF5FAA04 
 128 0108 D41FE7DF 		.ascii	"\324\037\347\337\274\363\210\275&uz\246n\277\315\\\355"
 128      BCF388BD 
 128      26757AA6 
 128      6EBFCD5C 
 128      ED
 129 0119 B293F66F 		.ascii	"\262\223\366o\221t\000s9<1\274\260G\0340\231\027\007"
 129      91740073 
 129      393C31BC 
 129      B0471C30 
 129      991707
 130 012c 469A9CBE 		.ascii	"F\232\234\276+&u\346\232\267=\242\217\3512.T\274\377"
 130      2B2675E6 
 130      9AB73DA2 
 130      8FE9322E 
 130      54BCFF
 131 013f 379D1F0A 		.ascii	"7\235\037\012\0377\242I\2278hRW\332R\213\322\246~\274"
 131      1F37A249 
 131      97386852 
 131      57DA528B 
 131      D2A67EBC 
 132 0153 2CF40E5D 		.ascii	",\364\016]a\342\203-\211\357o\256\267\270\035\022\207"
 132      61E2832D 
 132      89EF6FAE 
ARM GAS  /tmp/ccSQLkO5.s 			page 10


 132      B7B81D12 
 132      87
 133 0164 D08783E8 		.ascii	"\320\207\203\350K\010`-IB\203;\012\240lx\222S\252\241"
 133      4B08602D 
 133      4942833B 
 133      0AA06C78 
 133      9253AAA1 
 134 0178 AFFFAAD7 		.ascii	"\257\377\252\327\215\211\374\263\351\231\353\312N\244"
 134      8D89FCB3 
 134      E999EBCA 
 134      4EA4
 135 0186 DA15418B 		.ascii	"\332\025A\213*i\001\225w\016VB\343\305\311K\006;\\\354"
 135      2A690195 
 135      770E5642 
 135      E3C5C94B 
 135      063B5CEC 
 136 019a C84456D6 		.ascii	"\310DV\326\215,\222\007\370\320,\344k{\201\017\007h"
 136      8D2C9207 
 136      F8D02CE4 
 136      6B7B810F 
 136      0768
 137 01ac A0A4340E 		.ascii	"\240\2444\016\272\001Qj'\355\"\006|\306\352\376\245"
 137      BA01516A 
 137      27ED2206 
 137      7CC6EAFE 
 137      A5
 138 01bd E4888B6B 		.ascii	"\344\210\213k\211\011\236\215\326\332\341\027\032\017"
 138      89099E8D 
 138      D6DAE117 
 138      1A0F
 139 01cb 83C3BC69 		.ascii	"\203\303\274i*\365\345\255V\271\246;\011H\0104/\324"
 139      2AF5E5AD 
 139      56B9A63B 
 139      09480834 
 139      2FD4
 140 01dd 1B593EE7 		.ascii	"\033Y>\347I\340%\214\013\015\207i\250\036\362e\311\321"
 140      49E0258C 
 140      0B0D8769 
 140      A81EF265 
 140      C9D1
 141 01ef 373AB7E2 		.ascii	"7:\267\342\014\364\350\364\344\260\036iL`\013_\025\360"
 141      0CF4E8F4 
 141      E4B01E69 
 141      4C600B5F 
 141      15F0
 142 0201 110638D9 		.ascii	"\021\0068\331l\035Z\251dLd\022\020\211o\000*\245'\230"
 142      6C1D5AA9 
 142      644C6412 
 142      10896F00 
 142      2AA52798 
 143 0215 83BED5DB 		.ascii	"\203\276\325\333\030\303\177\261\264\230p3ku\003p\232"
 143      18C37FB1 
 143      B4987033 
 143      6B750370 
 143      9A
 144 0226 419AC53A 		.ascii	"A\232\305:ja\036\202\341\023V\347\260\3112\020d\235"
 144      6A611E82 
ARM GAS  /tmp/ccSQLkO5.s 			page 11


 144      E11356E7 
 144      B0C93210 
 144      649D
 145 0238 D2F4AACC 		.ascii	"\322\364\252\314\012\311\210\211,+{TX\210\327\344el"
 145      0AC98889 
 145      2C2B7B54 
 145      5888D7E4 
 145      656C
 146 024a F20699E7 		.ascii	"\362\006\231\347\265\004\032\350\364XQ\256\355(2\362"
 146      B5041AE8 
 146      F45851AE 
 146      ED2832F2 
 147 025a 1F451E9B 		.ascii	"\037E\036\233\212 +2J\212,b\315lz\237}6\247\343'J\343"
 147      8A202B32 
 147      4A8A2C62 
 147      CD6C7A9F 
 147      7D36A7E3 
 148 0271 4A1F3275 		.ascii	"J\0372u\207\334\023\3519i7g\323/\341\265aw\257ui\250"
 148      87DC13E9 
 148      39693767 
 148      D32FE1B5 
 148      6177AF75 
 149 0287 7307076C 		.ascii	"s\007\007l\247\262\261\255+KTpiO6\233\365\024\003V\262"
 149      A7B2B1AD 
 149      2B4B5470 
 149      694F369B 
 149      F5140356 
 150 029c 28E96F0D 		.ascii	"(\351o\015\312WT f\026\376\023\021\375\331\"\226\\@"
 150      CA575420 
 150      6616FE13 
 150      11FDD922 
 150      965C40
 151 02af D24CF6DF 		.ascii	"\322L\366\337\232d[a\233F\0149^\001\330\345\367\007"
 151      9A645B61 
 151      9B460C39 
 151      5E01D8E5 
 151      F707
 152 02c1 ACB7344C 		.ascii	"\254\2674Loq\321\361@\270<\030\010\236(\011\225\004"
 152      6F71D1F1 
 152      40B83C18 
 152      089E2809 
 152      9504
 153 02d3 4BCB43FE 		.ascii	"K\313C\376 \310p\321\351\220z\254\270\250\360\244\243"
 153      20C870D1 
 153      E9907AAC 
 153      B8A8F0A4 
 153      A3
 154 02e4 B4A0201C 		.ascii	"\264\240 \034:%\313\312C\025X\366\033c\341o\222"
 154      3A25CBCA 
 154      431558F6 
 154      1B63E16F 
 154      92
 155              		.text
 156              		.section	.gnu.lto_chCoreAllocFromBase.86cbdd11509592c,"",%progbits
 157 0000 789C8D55 		.ascii	"x\234\215UoLSW\024\277\347\335\367\332\322B1\313>\232"
 157      6F4C5357 
 157      14BFE7DD 
ARM GAS  /tmp/ccSQLkO5.s 			page 12


 157      F7DAD242 
 157      31CB3E9A 
 158 0014 AC2C6B8C 		.ascii	"\254,k\214fk\315\302b\262\017\313\026\262d~ Y\344\223"
 158      666BCDC2 
 158      62B20FCB 
 158      16B2647E 
 158      2059E493 
 159 0028 9F1C7655 		.ascii	"\237\034vU\233\001%-3\272/<\012\212\235\212f\0160\244"
 159      9B01252D 
 159      33BA2F3C 
 159      0A8A9D8A 
 159      660E30A4 
 160 003c 1955744A 		.ascii	"\031UtJ\030\305)\323\001\242\235\235\224\011\302@`\210"
 160      18C529D3 
 160      01A29D9D 
 160      9409C240 
 160      6088
 161 004e FFAA801B 		.ascii	"\377\252\200\033\316\031u\213\361\037\270s\356{8\012"
 161      CE19758B 
 161      F11FB873 
 161      EE7B380A 
 162 005e 9DF1A5BD 		.ascii	"\235\361\245\275}\347\334\363;\347\334\3379\367\324"
 162      7DE7DCF3 
 162      3BE7DCDF 
 162      39F7D4
 163 006d C018AB30 		.ascii	"\300\030\25301v\013\177?\304/\030\030H\273\373\030+"
 163      31760B7F 
 163      3FC42F18 
 163      1848BBFB 
 163      182B
 164 007f 33499252 		.ascii	"3I\222Rad\252\231\357\2103\246\246s]\2245Q\006E3S\000"
 164      6164AA99 
 164      EF8833A6 
 164      A6735D94 
 164      35510645 
 165 0096 E8453501 		.ascii	"\350E5\001+\225\270\254@)\354\340_s\030\2508\022\342"
 165      2B95B8AC 
 165      4029ECE0 
 165      5F7318A8 
 165      3812E2
 166 00a9 DB798833 		.ascii	"\333y\2103\220Q\274w\276n\334J\"\200\015\305\306\312"
 166      9051BC77 
 166      BE6EDC4A 
 166      22800DC5 
 166      C6CA
 167 00bb BF070C4B 		.ascii	"\277\007\014K\017\251j@\215\326\016Y\016\225o\371(\304"
 167      0FA96A40 
 167      8DD60E59 
 167      0E956FF9 
 167      28C4
 168 00cd 255683D6 		.ascii	"%V\203\326\255\260\030\216\301bJ\346\007X\212\266\373"
 168      ADB0188E 
 168      C1624AE6 
 168      07588AB6 
 168      FB
 169 00de CB867B32 		.ascii	"\313\206{2\270\035\030\276'\202\315;\345%\007\005n\350"
 169      B81D18BE 
ARM GAS  /tmp/ccSQLkO5.s 			page 13


 169      2782CD3B 
 169      E5250705 
 169      6EE8
 170 00f0 0057DF08 		.ascii	"\000W\337\010q\016\307\201\317\005\242\212\301\011X"
 170      710EC781 
 170      CF05A28A 
 170      C10958
 171 00ff 82E6BB9F 		.ascii	"\202\346\273\237L'\214|\231\2006\306\253\267\231uh\357"
 171      4C278C7C 
 171      998036C6 
 171      ABB79975 
 171      68EF
 172 0111 B7022AC3 		.ascii	"\267\002*\303\217\363\2412\2036\001\375g\317\3305+_"
 172      8FF3A132 
 172      833601FD 
 172      67CFD835 
 172      2B5F
 173 0123 2EA04323 		.ascii	".\240C#[\337\321\221O\017\351A\333S\004\355\200%d\336"
 173      5BDFD191 
 173      4F0FE941 
 173      DB5304ED 
 173      802564DE 
 174 0137 1B0DB698 		.ascii	"\033\015\266\230\371\012\001\355z\330\220oo\020\320"
 174      F90A01ED 
 174      7AD8906F 
 174      6F10D0
 175 0146 AB9157F6 		.ascii	"\253\221W\366\225\253\335\252\214'\205\223\311pz\320"
 175      95ABDDAA 
 175      8C278593 
 175      C9707AD0 
 176 0156 FAC6F733 		.ascii	"\372\306\3673\325\031\006\031:\301N\\ \005\247\300\000"
 176      D5190619 
 176      3AC14E5C 
 176      2005A7C0 
 176      00
 177 0167 CF372A54 		.ascii	"\3177*T|\2423\021\203\320\327p\230\203ap\032M\243X\300"
 177      7CA23311 
 177      83D0D770 
 177      98836170 
 177      1A4DA358 
 178 017c 79E63DF1 		.ascii	"y\346=\361\367\024F\0335H0\356\035<7x\332\302Wk\234"
 178      F714461B 
 178      354830EE 
 178      1D3C3778 
 178      DAC2576B 
 179 0191 44F6ED4D 		.ascii	"D\366\355M\327\323\353\017eG\306\253v\252\341\300\242"
 179      D7D3EB0F 
 179      6547C6AB 
 179      76AAE1C0 
 179      A2
 180 01a2 1057E0CC 		.ascii	"\020W\340\314\013\022\324\034w\265 \0151\314\024~\""
 180      0B12D41C 
 180      77B5200D 
 180      31CC147E 
 180      22
 181 01b3 E73C2999 		.ascii	"\347<)\231\2371\231\263\324M\270\000c\022\025\343\362"
 181      9F3199B3 
ARM GAS  /tmp/ccSQLkO5.s 			page 14


 181      D44DB800 
 181      631215E3 
 181      F2
 182 01c4 A39316BE 		.ascii	"\243\223\026\276\013D\344/\325\323G@\217\\;h<\334\252"
 182      0B44E42F 
 182      D5D34740 
 182      8F5C3B68 
 182      3CDCAA
 183 01d7 AAC1F743 		.ascii	"\252\301\367C\334\000]\013\343B\034\354\010yR\3336)"
 183      DC005D0B 
 183      E3421CEC 
 183      087952DB 
 183      3629
 184 01e9 EB90897D 		.ascii	"\353\220\211}\\=\240J\004H\301$t\203\275eP\211\2523"
 184      5C3DA04A 
 184      0448C124 
 184      7483BD65 
 184      5089AA33 
 185 01fd CF2AD5E8 		.ascii	"\317*\325\350\210cWl\244EzU\002\352\012l@,\260\014T"
 185      8863576C 
 185      A4457A55 
 185      02EA0A6C 
 185      402CB00C 
 186 0212 2C05CB66 		.ascii	",\005\313f0\320b\244\322\233hI\243\305L\213\205\226"
 186      30D062A4 
 186      D29B6849 
 186      A3C54C8B 
 186      8596
 187 0224 74E12C43 		.ascii	"t\341,C\344`%\313LF\215\312\266au\260\357\325(\013\242"
 187      E46025CB 
 187      4C468DCA 
 187      B66175B0 
 187      EFD5280B 
 188 0239 886FE551 		.ascii	"\210o\345Qv\023\244\024\2446\275\230T\370E\034\256r"
 188      7613A414 
 188      A436BD98 
 188      54F8451C 
 188      AE72
 189 024b 4AED94E9 		.ascii	"J\355\224\351~(`\203s\270\367'\004n\034\253n\2776\277"
 189      7E286083 
 189      73B8F727 
 189      046E1CAB 
 189      6EBF36BF 
 190 025f FA7BC62C 		.ascii	"\372{\306,z\365\345\005\225\376\375m\254t\017\355)\013"
 190      7AF5E505 
 190      95FEFD6D 
 190      AC740FED 
 190      290B
 191 0271 F642D9DF 		.ascii	"\366B\331\337q\212\305\240wa\265\316c\221\372\250Z}"
 191      718AC5A0 
 191      7761B5CE 
 191      6391FAA8 
 191      5A7D
 192 0283 542D60FD 		.ascii	"T-`\375\024u\177\375\321\207\346\254\004\324\253{m!"
 192      14757FFD 
 192      D187E6AC 
 192      04D4AB7B 
ARM GAS  /tmp/ccSQLkO5.s 			page 15


 192      6D21
 193 0295 6E2440F3 		.ascii	"n$@\363x\207j\222\361\370\320\017Y\242!\356\336\036"
 193      78876A92 
 193      F1F8D00F 
 193      59A221EE 
 193      DE1E
 194 02a7 BA24A106 		.ascii	"\272$\241\006~\005Y\344\315`@\\\370\303\247b\223\351"
 194      7E0559E4 
 194      CD60405C 
 194      F8C3A762 
 194      93E9
 195 02b9 59E33ADA 		.ascii	"Y\343:\332D\266\367#G\207-\002=Hh\270\0002r\026\260"
 195      44B6F723 
 195      47872D02 
 195      3D4868B8 
 195      00327216 
 196 02ce 090E18BD 		.ascii	"\011\016\030\275&\202\177)t84n\252/k4\353,\216D\254"
 196      26827F29 
 196      7438346E 
 196      AA2F6B34 
 196      EB2C8E44 
 197 02e3 756AB4C2 		.ascii	"uj\264\302\226\342\262\013\012\207\300^\207U@\007\341"
 197      96E2B20B 
 197      0A87C05E 
 197      87554007 
 197      E1
 198 02f4 13B55C77 		.ascii	"\023\265\\w\260\363B\357\264\262\300\301\202+/\034\014"
 198      B0F342EF 
 198      B4B2C0C1 
 198      822B2F1C 
 198      0C
 199 0305 93033ECF 		.ascii	"\223\003>\317A\340\217\252>k\212\014\332S8\030!\007"
 199      41E08FAA 
 199      3E6B8A0C 
 199      DA533818 
 199      2107
 200 0317 32BB0581 		.ascii	"2\273\005\201\366\251;1\363<\362\037D\314dAa(W\275~"
 200      F6A93B31 
 200      F33CF21F 
 200      44CC6441 
 200      612857BD 
 201 032c 86B9371E 		.ascii	"\206\2717\036\233\214Z\214\301oX\201Q*\005.u\\A\223"
 201      9B8C5A8C 
 201      C16F5881 
 201      512A052E 
 201      755C4193 
 202 0340 9A2D67FA 		.ascii	"\232-g\372\215\324\032i\342\346\264\265\335\276d,\235"
 202      8DD41A69 
 202      E2E6B4B5 
 202      DDBE642C 
 202      9D
 203 0351 564DA808 		.ascii	"VM\250\010s\355Z\266\226\337\373\312\032\206o \304\315"
 203      73ED5AB6 
 203      96DFFBCA 
 203      1A866F20 
 203      C4CD
 204 0363 308623F8 		.ascii	"0\206#\370\"%\206\033\307\343\227\237\230\234\315\224"
ARM GAS  /tmp/ccSQLkO5.s 			page 16


 204      2225861B 
 204      C7E3979F 
 204      989CCD94 
 205 0373 45B863D7 		.ascii	"E\270c\3272\272/\227 \014\325\210\243H\014.\203\023"
 205      32BA2F97 
 205      200CD588 
 205      A3480C2E 
 205      8313
 206 0385 B32E0F6D 		.ascii	"\263.\017m\005- \305\324Or\277R\327\031QMF5\263F&$\013"
 206      052D20C5 
 206      D44F72BF 
 206      52D71951 
 206      4D4635B3 
 207 039d D549BA34 		.ascii	"\325I\2724Tc\300+\335\215Mb\354\313\360\014\237L\270"
 207      5463C02B 
 207      DD8D4D62 
 207      ECCBF00C 
 207      9F4CB8
 208 03b0 8299A0B3 		.ascii	"\202\231\240\263\321Y;3\021\215\300\247\263\012\213"
 208      D1593B33 
 208      118DC0A7 
 208      B30A8B
 209 03bf C09AB588 		.ascii	"\300\232\265\210\2535]:\252Ek\220H\334\240JKs\272\363"
 209      AB355D3A 
 209      AA456B90 
 209      48DCA04A 
 209      4B73BAF3 
 210 03d3 13CD2443 		.ascii	"\023\315$CXI\377Y\305\311*C+\301\343\006\253fe}\031"
 210      5849FF59 
 210      C5C92A43 
 210      2BC1E306 
 210      AB66657D 
 211 03e8 C2AEA626 		.ascii	"\302\256\246&\314Fl]\023l\201\316V\002\331\232\204\212"
 211      CC466C5D 
 211      136C81CE 
 211      5602D99A 
 211      848A
 212 03fa D158F6F3 		.ascii	"\321X\366\363$\254\242\001\202x(\374c\304! \266\207"
 212      24ACA201 
 212      827828FC 
 212      63C42120 
 212      B687
 213 040c 64BD7C94 		.ascii	"d\275|\224\221\266/\263\213Q\332\307\374j\246fb\026"
 213      91B62FB3 
 213      8B51DAC7 
 213      FC6AA666 
 213      6216
 214 041e 327899E4 		.ascii	"2x\231\344\256\377O57Rv7\222j9\016N-^\020\357\377\354"
 214      AEFF4F35 
 214      37527637 
 214      926A390E 
 214      4E2D5E10 
 215 0435 480A843B 		.ascii	"H\012\204;j\305\235\022\235\247\321E\322p\2224\222$"
 215      6AC59D12 
 215      9DA7D145 
 215      D2709234 
 215      9224
ARM GAS  /tmp/ccSQLkO5.s 			page 17


 216 0447 C593A4EE 		.ascii	"\305\223\244\356$\251S\223\360\306\307\304\340z\336"
 216      24A95393 
 216      F0C6C7C4 
 216      E07ADE
 217 0456 9D0A9234 		.ascii	"\235\012\22241wpi\243_\037&3\365\327OYf\347\304\204"
 217      31777069 
 217      A35F1F26 
 217      33F5D74F 
 217      5966E7C4 
 218 046b 98139362 		.ascii	"\230\023\223bN\314\037\0127\265\241\2208Xu\3673\021"
 218      4ECC1F0A 
 218      37B5A190 
 218      385875F7 
 218      3311
 219 047d 83B13B28 		.ascii	"\203\261;(n\177t\326@\361\353x&\036\360\001d\202c\261"
 219      6E7F74D6 
 219      40F1EB78 
 219      261EF001 
 219      648263B1 
 220 0491 F4782601 		.ascii	"\364x&\001\370\313%\354\005\271n\377\000\340X\006:9"
 220      F8CB25EC 
 220      05B96EFF 
 220      00E05806 
 220      3A39
 221 04a3 BA7BDDE1 		.ascii	"\272{\335\341pj\037\257\037?\005\236\265N\277\317\345"
 221      706A1FAF 
 221      1F3F059E 
 221      B54EBFCF 
 221      E5
 222 04b4 746D2874 		.ascii	"tm(t\027\272\274>\267\303\305d\277\347\013\267\222_"
 222      17BABC3E 
 222      B7C3C564 
 222      BFE70BB7 
 222      925F
 223 04c6 E0595F64 		.ascii	"\340Y_d\360\256[\347w\227@\361ksa\276\022\247\247\310"
 223      F0AE5BE7 
 223      779740F1 
 223      6B7361BE 
 223      12A7A7C8 
 224 04da 55F0F9A7 		.ascii	"U\360\371\247n\304\3717\373\035\033\230qm\276\337\375"
 224      6EC4F937 
 224      FB1D1B98 
 224      716DBEDF 
 224      FD
 225 04eb B1CFF3D6 		.ascii	"\261\317\363\326\\;\227\267\260\320[\344,\366\372J\374"
 225      5C3B97B7 
 225      B0D05BE4 
 225      2CF6FA4A 
 225      FC
 226 04fc CE0F56E5 		.ascii	"\316\017V\345\346\344nB\000EY\263qE!\242\344\"\367\246"
 226      E6E46E42 
 226      004559B3 
 226      714521A2 
 226      E422F7A6 
 227 0510 92775340 		.ascii	"\222wS@PM\000gNn\336\312<g\016\"\234+g#\026\372=\376"
 227      504D0067 
 227      4E6EDECA 
ARM GAS  /tmp/ccSQLkO5.s 			page 18


 227      3C670E22 
 227      9C2B6723 
 228 0528 35EB5D2E 		.ascii	"5\353].\304/\312\315[e\243\310\305>\317\2336\373r&\371"
 228      C42FCACD 
 228      5B65A3C8 
 228      C53ECF9B 
 228      36FB7226 
 229 053d 98110FE2 		.ascii	"\230\021\017\342\365mf\377\002\023\272\366-"
 229      F56D66FF 
 229      0213BAF6 
 229      2D
 230              		.text
 231              		.section	.gnu.lto_chCoreAllocFromTop.86cbdd11509592c,"",%progbits
 232 0000 789C8D55 		.ascii	"x\234\215UmLSg\024~\317}\357\275-\005\212Y\366\223d"
 232      6D4C5367 
 232      147ECF7D 
 232      EFBD2D05 
 232      8A59F693 
 233 0015 65596334 		.ascii	"eYc4\223\232\305\305l?\226-d\311\374A\262\350/\177\031"
 233      939AC5C5 
 233      6C3F962D 
 233      64C9FC41 
 233      B2E82F7F 
 234 002a EDAA76A3 		.ascii	"\355\252v\243\224\264\214\350\376p)(6\0123s\200a\335"
 234      94B48CE8 
 234      FE702928 
 234      360A3373 
 234      8061DD
 235 003d A81F4C89 		.ascii	"\250\037L\211S6E\267\226\001\035\010u\2020\020\360\003"
 235      533645B7 
 235      96011D08 
 235      75823010 
 235      F003
 236 004f 265FB24D 		.ascii	"&_\262Mf\026u\306\2310\330\316y\357\305Q\350\214\244"
 236      661675C6 
 236      9930D8CE 
 236      79EFC551 
 236      E88CA4
 237 0062 DCDEF3F1 		.ascii	"\334\336\363\361\234s\336\347\234\363Ve\214\275ofl\006"
 237      9C73DEE7 
 237      9CF35665 
 237      8CBD6F66 
 237      6C06
 238 0074 BFDFC67F 		.ascii	"\277\337\306\177P\031H\007{\031+1K\222Rfb\232\205\037"
 238      50194807 
 238      7B192B31 
 238      4B925266 
 238      629A851F 
 239 0088 8833A6A5 		.ascii	"\2103\246\245qC\224uQ\006EwS\000\350E3\003+\226\270"
 239      71439475 
 239      51064577 
 239      5300E845 
 239      33032B96 
 240 009d AC40311C 		.ascii	"\254@1\034\340\237r\350/\373:\304\367\363\020g \243"
 240      E09F72E8 
 240      2FFB3AC4 
 240      F7F31067 
ARM GAS  /tmp/ccSQLkO5.s 			page 19


 240      20A3
 241 00af 78FF4AED 		.ascii	"x\377J\355\224\225D\000\033\212\015\345\177\366\253"
 241      94954400 
 241      1B8A0DE5 
 241      7FF6AB
 242 00be AB4E685A 		.ascii	"\253NhZ@\213\3254YO\224\356y'\304%V\215\336M\220\011"
 242      408BD534 
 242      594F94EE 
 242      7927C425 
 242      568DDE4D 
 243 00d4 E720938A 		.ascii	"\347 \223\2129\017\253\320\367h\311Pw:\267\003\303\367"
 243      390FABD0 
 243      F768C950 
 243      773AB703 
 243      C3F7
 244 00e6 F1E0E90A 		.ascii	"\361\340\351\012ye\275\300\365\034\347\332K!\316\341"
 244      7965BDC0 
 244      F51CE7DA 
 244      4B21CEE1 
 245 00f6 02F0C540 		.ascii	"\002\360\305@T1\370\026V\242\373\301\331\271q\023_-"
 245      5431F816 
 245      56A2FBC1 
 245      D9B97113 
 245      5F2D
 246 0108 A00DF1AA 		.ascii	"\240\015\361\252}\026\003z\361K\001\225\341\273\245"
 246      7D16037A 
 246      F14B0195 
 246      E1BBA5
 247 0117 50994144 		.ascii	"P\231AD@\037\036\2729f\345k\005tpx\357\253\006\362\341"
 247      401F1EBA 
 247      3966E56B 
 247      05747078 
 247      EFAB06F2 
 248 012c 09236934 		.ascii	"\011#i4I\322fXI\356=\261`\243\205\257\027\320\256\307"
 248      49D26658 
 248      49EE3DB1 
 248      60A385AF 
 248      17D0AEC7 
 249 0140 C7B6DA8F 		.ascii	"\307\266\332\217\011\350\255\310sGJ\265K\232\214'\205"
 249      09E8ADC8 
 249      73474AB5 
 249      4B9A8C27 
 249      85
 250 0151 EF13E1F4 		.ascii	"\357\023\341\364\207\336\223\337\314W\245\2532\264\200"
 250      87DE93DF 
 250      CC57A5AB 
 250      32B480
 251 0160 9DB8400A 		.ascii	"\235\270@\012ZA\205'\2062\015\377b\363\021U\350\253"
 251      5A418527 
 251      86320DFF 
 251      62F31155 
 251      E8AB
 252 0172 392CC230 		.ascii	"9,\3020hC\327\0306p\211{w\374\015\205\221\241\032\011"
 252      6843D718 
 252      3670897B 
 252      77FC0D85 
 252      91A11A09 
ARM GAS  /tmp/ccSQLkO5.s 			page 20


 253 0186 465BFDE5 		.ascii	"F[\375\345\201\266T\276Y\347\344\314\221\303iFy}\241"
 253      81B654BE 
 253      59E7E4CC 
 253      91C36946 
 253      797DA1
 254 0199 7567A62A 		.ascii	"ug\246*+\264p`E\210+\320\376\224\002\365\300]\215HC"
 254      2BB47060 
 254      45882BD0 
 254      FE9402F5 
 254      C05D8D48 
 255 01ae 07560A3F 		.ascii	"\007V\012?Pp\236P\314E,\246\223\246\011\037\300\230"
 255      50709E50 
 255      CC452CA6 
 255      93A6091F 
 255      C098
 256 01c0 84B670FB 		.ascii	"\204\266p\373\304\032\3761\210\304\2375wV\230\215\304"
 256      C41AFE31 
 256      88C49F35 
 256      7756988D 
 256      C4
 257 01d1 35839693 		.ascii	"5\203\226\223M\232\026|3\304U\350Z\236\026\342`G\310"
 257      4D9A167C 
 257      33C455E8 
 257      5A9E16E2 
 257      6047C8
 258 01e4 6C4D645A 		.ascii	"lMdZ6 \267\217p\355\270&\021 \011\221p\011\354\215\003"
 258      3620B78F 
 258      70EDB826 
 258      11200991 
 258      7009EC8D 
 259 01f9 4A4C9BFF 		.ascii	"JL\233\377\247\\\213\015\277V\3311\034\225\236\227\200"
 259      A75C8B0D 
 259      BF56D931 
 259      1C959E97 
 259      80
 260 020a 8602E70F 		.ascii	"\206\002\347\017\373+\003\365J\301\256\251*>\230\211"
 260      FB2B03F5 
 260      4AC1AEA9 
 260      2A3E9889 
 261 021a DECCD4FE 		.ascii	"\336\314\324\376\024zX\350\221*\342\244\2219]\324`%"
 261      147A58E8 
 261      912AE2A4 
 261      91395DD4 
 261      6025
 262 022c A70C4673 		.ascii	"\247\014Fs\312\366asp\354\265\030\013\242\210o\2451"
 262      CAF66173 
 262      70ECB518 
 262      0BA2886F 
 262      A531
 263 023e F60B4849 		.ascii	"\366\013HI8=\365tN\341Gq\270\362;Z\213L\353\241\200"
 263      383DF574 
 263      4EE14771 
 263      B8F23B5A 
 263      8B4CEBA1 
 264 0253 0D2EA3ED 		.ascii	"\015.\243\355w\010L\236\253\212\216-m\376\241\250\325"
 264      77084C9E 
 264      AB8A8E2D 
ARM GAS  /tmp/ccSQLkO5.s 			page 21


 264      6DFEA1A8 
 264      D5
 265 0264 68BEBCAC 		.ascii	"h\276\274\254\321\277\276\202\215\356&\233\262\314\026"
 265      D1BFBE82 
 265      8DEE269B 
 265      B2CC16
 266 0273 5AF715A7 		.ascii	"Z\367\025\247\\\014z\2267\353\012\366\250\227\232\325"
 266      5C0C7A96 
 266      37EB0AF6 
 266      A8979AD5 
 267 0283 4BCD02D6 		.ascii	"K\315\002\326GY\217\326\235}l\311\032\207:\355\260-"
 267      47598FD6 
 267      9D7D6CC9 
 267      1A873AED 
 267      B02D
 268 0295 C44D0438 		.ascii	"\304M\0048=\325\254\231e<>\364A\226\230\207{w\007G$"
 268      3DD5AC99 
 268      653C3EF4 
 268      41969887 
 268      7B770747 
 269 02aa D4C04F20 		.ascii	"\324\300O \213\272\031\364\213}?\331\3321\235\2265e"
 269      8BBA19F4 
 269      8B7D3FD9 
 269      DA319D96 
 269      3565
 270 02bc A0CDE4FB 		.ascii	"\240\315\344\373\340\314\331\241T\201\036 4\\\005\031"
 270      E0CCD9A1 
 270      54811E20 
 270      345C0519 
 271 02cc 390BD804 		.ascii	"9\013\330\004\007\214^\307\203\237\233\350p\350|\252"
 271      078C5EC7 
 271      839F9BE8 
 271      70E87CAA 
 272 02dc AEA4C162 		.ascii	"\256\244\301b\2608\034\261\326j\2612[\222]\027\024\016"
 272      B0381CB1 
 272      D66AB132 
 272      5B925D17 
 272      140E
 273 02ee 82BD16BB 		.ascii	"\202\275\026\273\200\001\302\177\341\005\243\007\250"
 273      8001C27F 
 273      E105A307 
 273      A8
 274 02fb B8DA33A7 		.ascii	"\270\3323\247,\013\260l\343E\200!\012\300\227\004\010"
 274      2C0BB06C 
 274      E3458021 
 274      0AC09704 
 274      08
 275 030c FC56D96B 		.ascii	"\374V\331kMRA4I\200a\012 \263\031\010D\3574vZ\226\220"
 275      4D524134 
 275      4980610A 
 275      20B31908 
 275      44EF3476 
 276 0323 FF286221 		.ascii	"\377(b!\017JC\265\032\375S\027/<N\032\215\030\203k\330"
 276      0F4A43B5 
 276      1AFD5317 
 276      2F3C4E1A 
 276      8D18836B 
ARM GAS  /tmp/ccSQLkO5.s 			page 22


 277 0338 81EBD40A 		.ascii	"\201\353\324\012|\324r\005]\252\367\264\367\231h4R\304"
 277      7CD47205 
 277      5DAAF7B4 
 277      F7996834 
 277      52C4
 278 034a E6442277 		.ascii	"\346D\"wGL\305s\232\031\025a\256oeS\351\375O\254a\370"
 278      474CC573 
 278      9A191561 
 278      AE6F6553 
 278      E9FD4FAC 
 279 0360 0242DC02 		.ascii	"\002B\334\0027\361\006\276A\205\241\341B|t\326\3548"
 279      37F106BE 
 279      4185A1E1 
 279      427C74D6 
 279      EC38
 280 0372 4D5584DB 		.ascii	"MU\204\333\252V\323\276\214@\030\252\020G\231\030\214"
 280      AA56D3BE 
 280      8C4018AA 
 280      10479918 
 280      8C
 281 0383 8283AABE 		.ascii	"\202\203\252\276\276\027\364\204*\0219\003\245\241\005"
 281      BE17F484 
 281      2A113903 
 281      A5A105
 282 0392 85098B40 		.ascii	"\205\011\213@59=(7tfT'\240R\210=D\375\275\240\260\010"
 282      35393D28 
 282      37746654 
 282      27A05288 
 282      3D44FDBD 
 283 03a9 A7141DB5 		.ascii	"\247\024\035\265Y\327\245\242Z\364\233D:0\252\364(\025"
 283      59D7A5A2 
 283      5AF49B44 
 283      3A30AAF4 
 283      2815
 284 03bb D70A7497 		.ascii	"\327\012t\2274\235D\314\036\344\272&]\340\322\376\303"
 284      349D44CC 
 284      1EE4BA26 
 284      5DE0D2FE 
 284      C3
 285 03cc C50997AE 		.ascii	"\305\011\227\2563\335\\o\325\275\254\317\302\313\317"
 285      33DD5C6F 
 285      D5BDACCF 
 285      C2CBCF
 286 03db C979B111 		.ascii	"\311y\261\021)\267\004)`\2202\206\244LCYo\307\272'E"
 286      29B70429 
 286      60903286 
 286      A44C4359 
 286      6FC7BA27 
 287 03f0 58459F83 		.ascii	"XE\237\203xL\374\371\303]\027\346Q\331\350\022U\244"
 287      784CFCF9 
 287      C35D17E6 
 287      51D9E812 
 287      55A4
 288 0402 DB657623 		.ascii	"\333ev#Fv\254\257\372N[}*9<Kq\343\377\323\264\"\252"
 288      4676ACAF 
 288      FA4E5B7D 
 288      2A393C4B 
ARM GAS  /tmp/ccSQLkO5.s 			page 23


 288      71E3FFD3 
 289 0419 6E22A165 		.ascii	"n\"\241e\223\340\320\363\005q\315\027n\236@x6\244\210"
 289      93E0D0F3 
 289      0571CD17 
 289      6E9E4078 
 289      36A488
 290 042c 1F8B4163 		.ascii	"\037\213Ac\227lB\032J\220\206\023\244x\202t)Aj\321%"
 290      976C421A 
 290      4A908613 
 290      A4788274 
 290      29416AD1 
 291 0441 5CEC0E71 		.ascii	"\\\354\016q?=\031B\005I\232Z|?\351\027\274qg\314\327"
 291      3F3D1942 
 291      05499A5A 
 291      7C3FE917 
 291      BC7167CC 
 292 0456 4DB4A62E 		.ascii	"M\264\246.\\\007S\342:\270-\256\203\245\273?\255\357"
 292      5C0753E2 
 292      3AB82DAE 
 292      83A5BB3F 
 292      ADEF
 293 0468 FE787DE5 		.ascii	"\376x}\345\275\017D\016\306\376@q\177C\\\245\374\265"
 293      BD0F440E 
 293      C6FE4071 
 293      7F435CA5 
 293      FCB5
 294 047a 3C030FF8 		.ascii	"<\003\017\370\0102 ;S\252m\234\000\374\346\022\316\202"
 294      0832203B 
 294      53AA6D9C 
 294      00FCE612 
 294      CE82
 295 048c 1C3DDB0F 		.ascii	"\034=\333\017x\373\002\235\034\303\275\230\235\355\320"
 295      78FB029D 
 295      1CC3BD98 
 295      9DEDD0
 296 049b 3F5E3F7E 		.ascii	"?^?~\362\334\333\034~\237\323\341\334\351qy\234^\237"
 296      F2DCDB1C 
 296      7E9FD3E1 
 296      DCE97179 
 296      9C5E9F
 297 04ae 2BDBC964 		.ascii	"+\333\311d\277\373#\227\2625\317\275#_\365n\337\356"
 297      BFFB2397 
 297      B235CFBD 
 297      235FF56E 
 297      DFEE
 298 04c0 771542C1 		.ascii	"w\025B\301\013\213a\276B\207;\337\231\367\341{.\304"
 298      0B8B61BE 
 298      42873BDF 
 298      99F7E17B 
 298      2EC4
 299 04d2 F977FBB3 		.ascii	"\371w\373\263w2\323\266\255~\327\273>\367\232\305~N"
 299      7732D3B6 
 299      AD7ED7BB 
 299      3EF79AC5 
 299      7E4E
 300 04e4 AFC7E3CD 		.ascii	"\257\307\343\315w\024x}\205~\307[\033ssrw!\200\262l"
 300      7714787D 
ARM GAS  /tmp/ccSQLkO5.s 			page 24


 300      857EC75B 
 300      1B737372 
 300      772180B2 
 301 04f9 295AEF41 		.ascii	")Z\357A\224\\\340s\025\275\236\004\342\332UH\000GN\356"
 301      945CE073 
 301      15BD9E04 
 301      E2DA5548 
 301      00474EEE 
 302 050d A60D9B1C 		.ascii	"\246\015\233\0349\210plX\310\350\361\273\375[v8\235"
 302      3988706C 
 302      58C8E8F1 
 302      BBFD5B76 
 302      389D
 303 051f 885F91BB 		.ascii	"\210_\221\273i\243\2152\027\370\334/\333\354k\231\344"
 303      69A38D32 
 303      17F8DC2F 
 303      DBEC6B99 
 303      E4
 304 0530 63263C88 		.ascii	"c&<\210\327\267\233\375\013\255s\352\270"
 304      D7B79BFD 
 304      0BAD73EA 
 304      B8
 305              		.text
 306              		.section	.gnu.lto_chCoreGetStatusX.86cbdd11509592c,"",%progbits
 307 0000 789C8D90 		.ascii	"x\234\215\220\315J\002Q\024\307\317\231;_B\331\003\344"
 307      CD4A0251 
 307      14C7CF99 
 307      3B5F42D9 
 307      03E4
 308 0012 42A28D1B 		.ascii	"B\242\215\033\347Qz\207\006!!\021\364\001\274i\245Q"
 308      E7517A87 
 308      06212111 
 308      F401BC69 
 308      A551
 309 0024 8B8A3491 		.ascii	"\213\2124\221!\204\026\322\"*\232,\355\203\241E\321"
 309      218416D2 
 309      222A9A2C 
 309      ED83A145 
 309      D1
 310 0035 A2CF4510 		.ascii	"\242\317E\020\265\252U!\202-\332T\3269N\253\026\321"
 310      B5AA5521 
 310      822DDA54 
 310      D6394EAB 
 310      16D1
 311 0047 70E7CE39 		.ascii	"p\347\3169\377{\356\371\375\347\350\000p\213\000\303"
 311      FF7BEEF9 
 311      FDE7E800 
 311      708B00C3 
 312 0057 F41DA417 		.ascii	"\364\035\244\027\005\2402\177\0010a*\210\034H\023!\243"
 312      05A0327F 
 312      0130612A 
 312      881C4813 
 312      21A3
 313 0069 6006E7C4 		.ascii	"`\006\347\304\222\300\353\311MG\314\012\207\312TJ;\347"
 313      92C0EBC9 
 313      4D47CC0A 
 313      87CA544A 
ARM GAS  /tmp/ccSQLkO5.s 			page 25


 313      3BE7
 314 007b 95A720A7 		.ascii	"\225\247 \247\210aJ[\355\023\267/R\2232+\275\345\267"
 314      88614A5B 
 314      ED13B72F 
 314      5293322B 
 314      BDE5B7
 315 008e 60D9BD92 		.ascii	"`\331\275\222\001G(P\242r\027C\270\215!f\354`\004\250"
 315      01472850 
 315      A2721743 
 315      B88D2166 
 315      EC6004A8 
 316 00a2 FA71AB5B 		.ascii	"\372q\253[\354\327U>%\261\216:\220\021\330\270\321<"
 316      ECD7553E 
 316      25B18E3A 
 316      9011D8B8 
 316      D13C
 317 00b4 D9FDCA4B 		.ascii	"\331\375\312K\357c\025\027F\210\356\010j\341\010Up\244"
 317      EF631517 
 317      4688EE08 
 317      6AE10855 
 317      70A4
 318 00c6 72A4F166 		.ascii	"r\244\361f\000\267\206\002\335&\237\322\203\031J)\312"
 318      00B78602 
 318      DD269FD2 
 318      83194A29 
 318      CA
 319 00d7 79F082D9 		.ascii	"y\360\202\331\346\363Qm\200\233V\004\022\2534u|i\260"
 319      E6F3516D 
 319      809B5604 
 319      12AB3475 
 319      7C69B0
 320 00ea 510D19DD 		.ascii	"Q\015\031\335h\264\356\215\314\2474I\2502\23647\327"
 320      68B4EE8D 
 320      CCA73449 
 320      A8329E34 
 320      37D7
 321 00fc 590C5671 		.ascii	"Y\014Vq\005\035\241\343\036\375\360.\273\245\203\372"
 321      051DA1E3 
 321      1EFDF02E 
 321      BBA583FA 
 322 010c E9C3BB69 		.ascii	"\351\303\273i\255Kz\302\344\000\033X\305\"_\002l\242"
 322      AD4B7AC2 
 322      E4001B58 
 322      C5225F02 
 322      6CA2
 323 011e C5B0D7FC 		.ascii	"\305\260\327\374]\300g)\204\353\341\317\342\276 \376"
 323      5DC06729 
 323      84EBE1CF 
 323      E2BE20FE 
 324 012e 43DBFF83 		.ascii	"C\333\377\203v\320\243\361d\360\3607M\245\376\244\344"
 324      76D0A3F1 
 324      64F0F037 
 324      4DA5FEA4 
 324      E4
 325 013f CAD3E80B 		.ascii	"\312\323\350\013Z\317\201\352W\255\011_4H\2076f\303"
 325      5ACF81EA 
 325      57AD095F 
ARM GAS  /tmp/ccSQLkO5.s 			page 26


 325      34488736 
 325      66C3
 326 0151 3F293B2F 		.ascii	"?);/PG\232\025\315o(\032\265\374\225L\323\032\217\217"
 326      50479A15 
 326      CD6F281A 
 326      B5FC954C 
 326      D31A8F8F 
 327 0165 5AE9946D 		.ascii	"Z\351\224m\331c\211X\302N\246bQ\033\276\001\241\272"
 327      D9638958 
 327      C24EA662 
 327      511BBE01 
 327      A1BA
 328 0177 9F17     		.ascii	"\237\027"
 329              		.text
 330              		.section	.gnu.lto_.symbol_nodes.86cbdd11509592c,"",%progbits
 331 0000 789C55CA 		.ascii	"x\234U\312\273\015\200P\014CQ\333\020\346@l\302dyT\264"
 331      BB0D8050 
 331      0C4351DB 
 331      10E6406C 
 331      C2647954 
 332 0015 CCC310CC 		.ascii	"\314\303\020\314\303\037\362\312\024\321\225\216\323"
 332      C31FF2CA 
 332      14D1958E 
 332      D3
 333 0022 0198E3A0 		.ascii	"\001\230\343\240\203\016,\033\020Y\313\010\330NLCL\366"
 333      830E2C1B 
 333      1059CB08 
 333      D84E4C43 
 333      4CF6
 334 0034 917D6D91 		.ascii	"\221}m\221ju\322\231^u\321\225\345\2467Y\036z\233\345"
 334      6A75D299 
 334      5E75D195 
 334      E5A63759 
 334      1E7A9BE5 
 335 0048 A55B12FC 		.ascii	"\245[\022\374\236]!\016"
 335      9E5D210E 
 336              		.text
 337              		.section	.gnu.lto_.refs.86cbdd11509592c,"",%progbits
 338 0000 789C6363 		.ascii	"x\234cc``p\006b\026\006FFF&&0\301\314\304\014\34220"
 338      60607006 
 338      62160646 
 338      46462626 
 338      30C1CCC4 
 339 0018 F23032F2 		.ascii	"\36202\3623\263\"\230l\014\214\354\014\214B\214\214"
 339      33B32298 
 339      6C0C8CEC 
 339      0C8C428C 
 339      8C
 340 0029 A2CCEC70 		.ascii	"\242\314\354p&\023\007X\0013\003\000/\264\0017"
 340      26130758 
 340      01330300 
 340      2FB40137 
 341              		.text
 342              		.section	.gnu.lto_.decls.86cbdd11509592c,"",%progbits
 343 0000 789C9D56 		.ascii	"x\234\235V}PT\327\025\177\347\275ewY\226\325\001\322"
 343      7D5054D7 
 343      157FE7BD 
ARM GAS  /tmp/ccSQLkO5.s 			page 27


 343      65775996 
 343      D501D2
 344 0013 B12DD35A 		.ascii	"\261-\323Z\252\225f\306\335\250ic\372GG\343\264\321"
 344      AA9566C6 
 344      DDA86963 
 344      FA4747E3 
 344      B4D1
 345 0025 99D8E9C4 		.ascii	"\231\330\351\304f\246\366\217\276\340\272\011\264\260"
 345      66A6F68F 
 345      BEE0BA09 
 345      B4B0
 346 0033 38ECD2C4 		.ascii	"8\354\322\304Ng\372PP\024TT\202\262 ,b\024T\3746(\370"
 346      4E67FA50 
 346      50145454 
 346      82B2202C 
 346      621454FC 
 347 004a B1801FC8 		.ascii	"\261\200\037\3107$j\025\004D>\304 \212\250\250D\351"
 347      37246A15 
 347      04443EC4 
 347      208AA8A8 
 347      44E9
 348 005c B9F7BEDD 		.ascii	"\271\367\276\335},\254\231\366\015\207}\367\276s~\277"
 348      7D2CAC99 
 348      F60D877D 
 348      F7BE737E 
 348      BF
 349 006d DF39E7BE 		.ascii	"\3379\347\276\373\256\232\343\270\"\003\307\325\363"
 349      FBAE9AE3 
 349      B82203C7 
 349      D5F3
 350 007b 1CF72FB4 		.ascii	"\034\367/\2641\27448W\201\206C\256\014m9\307.5Z%Z5Z"
 350      31BC3438 
 350      57818643 
 350      AE0C6D39 
 350      C72E355A 
 351 0093 0D5A1D5A 		.ascii	"\015Z\035Z\003Z3\232\200\326\207v\017m\200\033\177\245"
 351      035A339A 
 351      80D68776 
 351      0F6D801B 
 351      7FA5
 352 00a5 008BFD18 		.ascii	"\000\213\375\030\255\037\355>Z\017Z;\332\240\314s\033"
 352      AD1FED3E 
 352      5A0F5A3B 
 352      DAA0CC73 
 352      1B
 353 00b6 AD0B0D64 		.ascii	"\255\013\015d\216\327\341mE'-\376\206\240\205\241\211"
 353      8ED7E16D 
 353      45272DFE 
 353      86A085A1 
 353      89
 354 00c7 0A9DED0A 		.ascii	"\012\235\355\012|_\334jy\356\245\214\255\274\276\370"
 354      7C5FDC6A 
 354      79EEA58C 
 354      ADBCBEF8 
 355 00d7 1F30BB64 		.ascii	"\0370\273d\\\220\353@\346T0\0213\033\347\202\374`\006"
 355      5C90EB40 
 355      E6543011 
ARM GAS  /tmp/ccSQLkO5.s 			page 28


 355      331BE782 
 355      FC6006
 356 00ea 01C335E0 		.ascii	"\001\3035\340o(L\256Y#\327\370\015|\376C\264\237\240"
 356      6F284CAE 
 356      5923D7F8 
 356      0D7CFE43 
 356      B49FA0
 357 00fd 4D47FB39 		.ascii	"MG\3739\260\\`\222<v\375\237\234\356\234\010g\203\037"
 357      B05C6092 
 357      3C76FD9F 
 357      9CEE9C08 
 357      67831F
 358 0110 CE1A3F9C 		.ascii	"\316\032?\234\205\300\342\334\234er\315\376\362\232"
 358      85C0E2DC 
 358      9C6572CD 
 358      FEF29A
 359 011f BA35FBC1 		.ascii	"\2725\373\301\312\024\340Vu\361\001!M\200\345: \253"
 359      CA14E056 
 359      75F10121 
 359      4D80E53A 
 359      20AB
 360 0131 710A4E1D 		.ascii	"q\012N\035\0368\375<\230M\021\217\274C{\033\203\005"
 360      1E38FD3C 
 360      984D118F 
 360      BC437B1B 
 360      8305
 361 0143 9EDEDF4E 		.ascii	"\236\336\337N\227\256\252\214\007%vi?\340\340$\010n"
 361      97AEAA8C 
 361      07257669 
 361      3FE0E024 
 361      086E
 362 0155 A83DCF1F 		.ascii	"\250=\317\037\224\352\205\331\324\2619\371H.\201\015"
 362      94EA85D9 
 362      D4B139F9 
 362      482E810D 
 363 0165 D1810A87 		.ascii	"\321\201\012\207C\365\216;\006\034\206\351`z\246\300"
 363      43F58E3B 
 363      061C86E9 
 363      607AA6C0 
 364 0175 D7378D94 		.ascii	"\3277\215\224iA\027\231*Ik$\347Z)p1\007\247!\034NA8"
 364      69411799 
 364      2A496B24 
 364      E75A2970 
 364      3107A721 
 365 018d 07E51049 		.ascii	"\007\345\020I\250\277\002#\007'p\3628N\356%t\256\276"
 365      A8BF0223 
 365      072770F2 
 365      384EEE25 
 365      74AEBE
 366 01a0 2CE3708A 		.ascii	",\343p\212$\361P\006:(\005\201\372`f\313u\344?N\"SY"
 366      24F15006 
 366      3A280581 
 366      FA6066CB 
 366      75E43F4E 
 367 01b7 C5D9F341 		.ascii	"\305\331\363A\035p\013\260\0060\225J\003`\377\361\227"
 367      1D700BB0 
 367      0630954A 
ARM GAS  /tmp/ccSQLkO5.s 			page 29


 367      0360FFF1 
 367      97
 368 01c8 181D8FB9 		.ascii	"\030\035\217\271/`\3638\313\263\037\331\225\014\334"
 368      2F60F338 
 368      CBB31FD9 
 368      950CDC
 369 01d7 21E099E1 		.ascii	"!\340\231\341e\014\336\215K\377d\000P\242\262\347\214"
 369      650CDE8D 
 369      4BFF6400 
 369      50A2B2E7 
 369      8C
 370 01e8 CE7DB12E 		.ascii	"\316}\261.\260\033E\034\233\342\275d\212\220\011Z9\317"
 370      B01B451C 
 370      9BE2BD64 
 370      8A90095A 
 370      39CF
 371 01fa 638F286F 		.ascii	"c\217(o\222 wb_nv@'\264\343C\\\025\031Z+m\311\275\243"
 371      92207762 
 371      5F6E7640 
 371      27B4E343 
 371      5C15195A 
 372 0213 6D0506E1 		.ascii	"m\005\006\341Sz\177ql\3045\205\265\207\307a\313\303"
 372      537A7F71 
 372      6CC43585 
 372      B587C761 
 372      CBC3
 373 0225 BA5D41AC 		.ascii	"\272]A\254=Sqx0},3`Z\026\251y\306Zi*\017\037\377\000"
 373      3D537178 
 373      307D2C33 
 373      605A16A9 
 373      79C65A69 
 374 023e 5CD889F3 		.ascii	"\\\330\211\363\330\011\016*`\032\376\267\252\030U\321"
 374      D8090E2A 
 374      601AFEB7 
 374      AA1855D1 
 375 024e D3947586 		.ascii	"\323\224u\206\010\247\324\331)\271\256\347\315p\324"
 375      08A7D4D9 
 375      29B9AEE7 
 375      CD70D4
 376 025d AD939A30 		.ascii	"\255\223\2320n\001\365\203s\336&\235#\013\005\316B'"
 376      6E01F583 
 376      73DE269D 
 376      230B05CE 
 376      4227
 377 026f C019E840 		.ascii	"\300\031\350@i\225\020\201\361\007\332\232\307\202\204"
 377      69951081 
 377      F107DA9A 
 377      C78284
 378 027e 2F80CACA 		.ascii	"/\200\312\312\355\336\2649@\305\263f\022\012\234\253"
 378      EDDEB439 
 378      40C5B366 
 378      120A9CAB 
 379 028e 2A197509 		.ascii	"*\031u\011t\016\027\305\005\240s\335\227\356wk<~\027"
 379      740E17C5 
 379      05A073DD 
 379      97EE776B 
 379      3C7E17
ARM GAS  /tmp/ccSQLkO5.s 			page 30


 380 02a1 D964EF70 		.ascii	"\331d\357pY\272F\251Z\324+T_\246\252/\201,\273\357\311"
 380      59BA46A9 
 380      5AD42B54 
 380      5FA6AA2F 
 380      812CBBEF 
 381 02b6 CE2CAD2C 		.ascii	"\316,\255,\373R\236\301!\271\326HR\022O\334\240\312"
 381      FB529EC1 
 381      21B9D648 
 381      52124FDC 
 381      A0CA
 382 02c8 2BBACA57 		.ascii	"+\272\312Wt5\025]\327z\371p\200\260\237\211.\037\276"
 382      7435155D 
 382      D77AF970 
 382      80B09F89 
 382      2E1FBE
 383 02db 79432F43 		.ascii	"yC/C\325\2749\016\351\212\027\351\212/R\015Ez\221\326"
 383      D5BC390E 
 383      E98A17E9 
 383      8A2F520D 
 383      457A91D6 
 384 02ef 735C2F9C 		.ascii	"s\\/\234cH\256\323\247*5\210\344D\244\026#C\222\030"
 384      6348AED3 
 384      A72A3588 
 384      E444A416 
 384      23439218 
 385 0303 52AD17A9 		.ascii	"R\255\027\251\326\027\251\216\"m\371\266\032\221Z\030"
 385      D617A98E 
 385      226DF9B6 
 385      1A915A18 
 386 0313 5266C9D1 		.ascii	"Rf\311\321*wWZ\336\035\207T\357E\252\367Ej\240H\207"
 386      2A77575A 
 386      DE1D8754 
 386      EF45AAF7 
 386      456AA048 
 387 0328 878EE468 		.ascii	"\207\216\344h\204\036\2064\274\256*U\245\254*\251\270"
 387      841E8634 
 387      BCAE2A55 
 387      A5AC2AA9 
 387      B8
 388 0339 B7AC4DE3 		.ascii	"\267\254M\343\026C\377\272\253\207\334\011\264\227O"
 388      1643FFBA 
 388      AB87DC09 
 388      B4974F
 389 0348 2D582B15 		.ascii	"-X+\025a\234\223'n\320\350%n\364%n\246\304;\357\366"
 389      619C9327 
 389      6ED0E825 
 389      6EF4256E 
 389      A6C43BEF 
 390 035d B874C253 		.ascii	"\270t\302SF\354(\177\\\023\300\226\250\026\207\245\203"
 390      46EC287F 
 390      5C13C096 
 390      A81687A5 
 390      83
 391 036e 074A83D9 		.ascii	"\007J\203\331\022u\221\307gzGR\005!\211mK\207S\272\213"
 391      127591C7 
 391      677A4752 
 391      0521896D 
ARM GAS  /tmp/ccSQLkO5.s 			page 31


 391      4B8753BA 
 392 0383 B5F8301C 		.ascii	"\265\3700\03471P\354`\341l\007;\341\032.Q\011\033\250"
 392      373150EC 
 392      60E16C07 
 392      3BE11A2E 
 392      51091BA8 
 393 0397 2F7FB4A4 		.ascii	"/\177\264\244\373o\020\251c;JG\2151e=\251\314M\314\352"
 393      FB6F10A9 
 393      633B4A47 
 393      8D31653D 
 393      A9CC4DCC 
 394 03ac 3F5E81E1 		.ascii	"?^\201\341dG\241\273\223T(\011\3238\230\027\016o\341"
 394      6447A1BB 
 394      93542809 
 394      D3389817 
 394      0E6FE1
 395 03bf DE7403F7 		.ascii	"\336t\003\367\246pyo\272\216E\270\206E@\202\342\374"
 395      A670796F 
 395      BA8E45B8 
 395      86454082 
 395      E2FC
 396 03d1 A20BC142 		.ascii	"\242\013\301B\005#h/y\320 x\030\032oD\034\247{\326-"
 396      0523682F 
 396      79D02078 
 396      181A6F44 
 396      1CA77BD6 
 397 03e6 6468F532 		.ascii	"dh\3652 \341\344\024m\223S\354?qp\357\024\375F\317\206"
 397      20E1E414 
 397      6D9353EC 
 397      3F7170EF 
 397      14FD46CF 
 398 03fb 49F1DC7B 		.ascii	"I\361\334{&\207\357\272^~\367\373\006\034mja\200jQ\355"
 398      2687EFBA 
 398      5E7EF7FB 
 398      061C6D6A 
 398      61806A51 
 399 0410 6B3835AA 		.ascii	"k85\252\205\320\0313\"\267\322\016\242\341\033\000\337"
 399      85D01933 
 399      22B7D20E 
 399      A2E11B00 
 399      DF
 400 0421 60DCD734 		.ascii	"`\334\3274\256\023B\011\025\334A\326\3330\003\272`\006"
 400      AE134209 
 400      15DC41D6 
 400      DB3003BA 
 400      6006
 401 0433 DD4E7613 		.ascii	"\335Nv\023\"WG\373\333\216Sw%i\233\236\020\300U\224"
 401      225747FB 
 401      DB8E5377 
 401      25699B9E 
 401      10C05594 
 402 0447 4F023C5B 		.ascii	"O\002<[\265\211@\314\011\367\370\327\374\030\227Z\262"
 402      B58940CC 
 402      09F7F8D7 
 402      FC18975A 
 402      B2
 403 0458 409D3B26 		.ascii	"@\235;&u>MX\345\355\274\301\021\222\204z\210\027'\227"
ARM GAS  /tmp/ccSQLkO5.s 			page 32


 403      753E4D58 
 403      E5EDBCC1 
 403      1192847A 
 403      88172797 
 404 046c 45CEA1A9 		.ascii	"E\316\241\251\352&6\327!\320z\346\344\245\014\002\204"
 404      EA2636D7 
 404      21D07AE6 
 404      E4A50C02 
 404      84
 405 047d 4E9E01F4 		.ascii	"N\236\001\364\242p\177I0\232k9j\374TA\017:u{\353OH)"
 405      A2707F49 
 405      309A6B39 
 405      6AFC5441 
 405      0F3A757B 
 406 0495 574BE1AE 		.ascii	"WK\341\256ot3\013%\247\213l`\221\245\205H\002\324\273"
 406      6F74330B 
 406      25A78B6C 
 406      6091A585 
 406      4802D4BB 
 407 04a9 85792BAA 		.ascii	"\205y+\252\325B\327m\037\314\304\270\353\335'\216\202"
 407      D542D76D 
 407      1FCCC4B8 
 407      EBDD278E 
 407      82
 408 04ba B0876A84 		.ascii	"\260\207j\204'\025\307\253\325!\031\262\302\005@\272"
 408      2715C7AB 
 408      D52119B2 
 408      C20540BA 
 409 04ca 4377E57E 		.ascii	"Cw\345~\010\361du&\373U\211\032\231:QT\273#l\233\344"
 409      08F16475 
 409      26FB5589 
 409      1A993A51 
 409      54BB236C 
 410 04e0 9C469EC3 		.ascii	"\234F\236\303]\371\023\312n\340\036\205\177\262q\270"
 410      5DF913CA 
 410      6EE01E85 
 410      7FB271B8 
 411 04f0 275838C6 		.ascii	"'X8\306\340w\024\227|%\310\221]?J\222*\201\006~\353"
 411      E0771497 
 411      7C25C891 
 411      5D3F4A92 
 411      2A81067E 
 412 0505 0EA43730 		.ascii	"\016\24470@\003+\216\025\346\004*\027J\217\242\011\034"
 412      40032B8E 
 412      15E6042A 
 412      174A8FA2 
 412      091C
 413 0517 DC670B85 		.ascii	"\334g\013\205\374\242sm\366\246\014\275\322\231\300"
 413      FCA2736D 
 413      F6A60CBD 
 413      D299C0
 414 0526 7A9D0765 		.ascii	"z\235\007e\347A\352\374\345\261\3212A8\317$\335\331"
 414      E741EAFC 
 414      E5B1D132 
 414      4138CF24 
 414      DDD9
 415 0538 F76A879A 		.ascii	"\367j\207\232\275\236o\220m\242\350X\236\226\275\236"
ARM GAS  /tmp/ccSQLkO5.s 			page 33


 415      BD9E6F90 
 415      6DA2E858 
 415      9E96BD9E 
 416 0548 45E40D2C 		.ascii	"E\344\015,\250\037\316\322\011\365\314w\350\273]\245"
 416      A81FCED2 
 416      09F5CC77 
 416      E8BB5DA5 
 417 0558 81CC370C 		.ascii	"\201\3147\014\207R\305\203\236)\272TR,F\032\242\\\311"
 417      8752C583 
 417      9E29BA54 
 417      522C461A 
 417      A25CC9
 418 056b 8F49E570 		.ascii	"\217I\345p\261\3000[\370W\237\235}\241\027\256Q$\325"
 418      B1C0305B 
 418      F8579F9D 
 418      7DA117AE 
 418      5124D5
 419 057e C1B5FB1F 		.ascii	"\301\265\373\037\252 2\034\320\035\330\033F\316!\034"
 419      AA20321C 
 419      D01DD81B 
 419      46CE211C 
 420 058e 3CC7B7E1 		.ascii	"<\307\267\341\211\\\016\274\034\022\302?\3747\231\306"
 420      895C0EBC 
 420      1C12C23F 
 420      FC3799C6 
 421 059e 7B2DFD9D 		.ascii	"{-\375\235\344]{\212\013\3469\345{\206\200#\214p0\377"
 421      E45D7B8A 
 421      0BE639E5 
 421      7B868023 
 421      8C7030FF 
 422 05b2 F67A83B2 		.ascii	"\366z\203\262\227\004{\010\237?\244\372^\220\2162\225"
 422      97047B08 
 422      9F3FA4FA 
 422      5E908E32 
 422      95
 423 05c3 C4FB686E 		.ascii	"\304\373hn\365\363@\235\214\235\372}\330\003[\016\015"
 423      F5F3409D 
 423      8C9DFA7D 
 423      D8035B0E 
 423      0D
 424 05d4 052BB147 		.ascii	"\005+\261G_\207\335\220[\377\245\001\333\336\204K\263"
 424      5F87DD90 
 424      5BFFA501 
 424      DBDE844B 
 424      B3
 425 05e5 374F9DE4 		.ascii	"7O\235\344t%M\207\357\260C\217pe\342\227H\021\371\000"
 425      74254D87 
 425      EFB0438F 
 425      7065E297 
 425      4811F900 
 426 05f9 67FECA73 		.ascii	"g\376\312s\360\222\256\2013\035[Nj\204VV\375\227\035"
 426      F092AE81 
 426      331D5B4E 
 426      6A845656 
 426      FD971D
 427 060c 19191AD6 		.ascii	"\031\031\032\326\032'i\315\343\323\353^\030X7B\311\347"
 427      1A2769CD 
ARM GAS  /tmp/ccSQLkO5.s 			page 34


 427      E3D3EB5E 
 427      18583742 
 427      C9E7
 428 061e 2BE5D57D 		.ascii	"+\345\325}\275\337n$\361r7$\236&\220\274/\247?\320\267"
 428      BDDF6E24 
 428      F1723724 
 428      9E2690BC 
 428      2FA73FD0 
 429 0633 3863C0BA 		.ascii	"8c\300\272\305\301\032>\304\035D\274\263\252\016\227"
 429      C5C11A3E 
 429      C41D44BC 
 429      B3AA0E97 
 430 0643 A87DD3F5 		.ascii	"\250}\323\365\353=\220\326\372T%\247{\357M\226\355Z"
 430      EB3D90D6 
 430      FA5425A7 
 430      7BEF4D96 
 430      ED5A
 431 0655 9E658B5F 		.ascii	"\236e\213_KE\340+9\333d~\246\342\010;k\342\021v\026"
 431      4B45E02B 
 431      39DB647E 
 431      A6E2083B 
 431      6BE21176 
 432 066a FB00B46C 		.ascii	"\373\000\264ly\264G#\364\263\375\244\343\306h\233\301"
 432      79B44723 
 432      F4B3FDA4 
 432      E3C6689B 
 432      C1
 433 067b DFE17303 		.ascii	"\337\341s\003\037I\202\350\356\273\216\017\207\024\336"
 433      1F4982E8 
 433      EEBB8E0F 
 433      8714DE
 434 068a 7DF8ECA8 		.ascii	"}\370\354\250\371m\366#I\232\016\251\274\016\326\363"
 434      F96DF623 
 434      499A0EA9 
 434      BC0ED6F3 
 435 069a 9E8D6496 		.ascii	"\236\215d\226\254\276x\317\326\335j\3411\343(\317\351"
 435      ACBE78CF 
 435      D6DD6AE1 
 435      31E328CF 
 435      E9
 436 06ab B9C8FBE3 		.ascii	"\271\310\373\343H\367\313\201\037\213K\364c\221\206"
 436      48F7CB81 
 436      1F8B4BF4 
 436      639186
 437 06ba 1C1BBD1C 		.ascii	"\034\033\275\034\251\264Dd\026\211\266>|\264]\355\267"
 437      A9B44464 
 437      1689B63E 
 437      7CB45DED 
 437      B7
 438 06cb 619BDC0D 		.ascii	"a\233\334\015{\213\366kM\371\340\250\312\267_\336\317"
 438      7B8BF66B 
 438      4DF9E0A8 
 438      CAB75FDE 
 438      CF
 439 06dc F766DA81 		.ascii	"\367f\332\201M\014\036\007\344l5ZR&/\0175\016\317\327"
 439      4D0C1E07 
 439      E46C355A 
ARM GAS  /tmp/ccSQLkO5.s 			page 35


 439      52262F0F 
 439      350ECFD7 
 440 06f0 259F09F2 		.ascii	"%\237\011\362\313\226\341f\333\302\226\307\343\215)"
 440      CB96E166 
 440      DBC296C7 
 440      E38D29
 441 06ff 23F2B15F 		.ascii	"#\362\261_C\016\207\275\271\233\365l\351\315'g\275\256"
 441      430E87BD 
 441      B99BF56C 
 441      E9CD2767 
 441      BDAE
 442 0711 CC5AF015 		.ascii	"\314Z\360\025\263\015+\260\225'`\333\251\230\014&f;"
 442      B30D2BB0 
 442      952760DB 
 442      A9980C26 
 442      663B
 443 0723 15D33458 		.ascii	"\025\3234X\236\036$\274d\013\271\253\336\331\026\204"
 443      9E1E24BC 
 443      640BB9AB 
 443      DED91684 
 444 0733 A70B179E 		.ascii	"\247\013\027\236.j7\010\267j\351Q\323\271\230\03553"
 444      2E6A3708 
 444      B76AE951 
 444      D3B9981D 
 444      3533
 445 0745 BDE5C2DB 		.ascii	"\275\345\302\333\361\307\213/xr\274\350\314\357\333"
 445      F1C78B2F 
 445      7872BCE8 
 445      CCEFDB
 446 0754 1E2C14AB 		.ascii	"\036,\024\253(\330\376\222\274#\006\341$\033\244UV\345"
 446      28D8FE92 
 446      BC2306E1 
 446      241BA455 
 446      56E5
 447 0766 AAF13C09 		.ascii	"\252\361<\011;H$\231)\221\232w\273\271:v\012\367O\016"
 447      3B482499 
 447      29919A77 
 447      BBB93A76 
 447      0AF74F0E 
 448 077a 34274961 		.ascii	"4'Ia\311\277\244TYn*\330\311\253\310h<[6e\273\336[\271"
 448      C9BFA454 
 448      596E2AD8 
 448      C9ABC868 
 448      3C5B3665 
 449 0792 5218F287 		.ascii	"R\030\362\207\177\271\350d\005\320\023,i5;\351\356\370"
 449      7FB9E864 
 449      05D0132C 
 449      69353BE9 
 449      EEF8
 450 07a4 7A7759B0 		.ascii	"zwY\260\337c\367.\236\234\264ry\371\250\325z\365\345"
 450      DF63F72E 
 450      9E9CB472 
 450      79F9A8D5 
 450      7AF5E5
 451 07b7 15952C70 		.ascii	"\025\225,p4_hm\224\213\001\304\021\034\036\2059\250"
 451      345F686D 
 451      948B01C4 
ARM GAS  /tmp/ccSQLkO5.s 			page 36


 451      111C1E85 
 451      39A8
 452 07c9 D0E1AB30 		.ascii	"\320\341\2530\217*L"
 452      8F2A4C
 453 07d0 4FD99FA4 		.ascii	"O\331\237\244\021\312\002\250\304\015\375\322\210 \343"
 453      11CA02A8 
 453      C40DFDD2 
 453      8820E3
 454 07df 356E10AE 		.ascii	"5n\020\256\244\245m\222\234I\322\202\3054\343|oq\363"
 454      A4A56D92 
 454      9C49D282 
 454      C534E37C 
 454      6F71F3
 455 07f2 7DC19C14 		.ascii	"}\301\234\024l\357\310\2634\203p!\300O\276\255\005O"
 455      6CEFC8B3 
 455      34837021 
 455      C04FBEAD 
 455      054F
 456 0804 ADDE729E 		.ascii	"\255\336r\236\035W\316\002\217\330\335(\266\300\027"
 456      1D57CE02 
 456      8FD8DD28 
 456      B6C017
 457 0813 BF908FE0 		.ascii	"\277\220\217\340~f4\232\330_\274\015\377bcV\230l\011"
 457      7E66349A 
 457      D85FBC0D 
 457      FF626356 
 457      986C09
 458 0826 6693393A 		.ascii	"f\2239:\316\022g\216O\260\030\315\332\367\377\360\321"
 458      CE12678E 
 458      4FB018CD 
 458      DAF7FFF0 
 458      D1
 459 0837 F44573E6 		.ascii	"\364Es\346pj[\314?-\242}\256)\321\226`\"\216\237\232"
 459      706A5BCC 
 459      3F2DA27D 
 459      AE29D196 
 459      60228E9F 
 460 084c CDA6A884 		.ascii	"\315\246\250\204\270\331\326x\253e\266%jE\214\351\035"
 460      B8D9D678 
 460      AB65B625 
 460      6A458CE9 
 460      1D
 461 085d E33CE31C 		.ascii	"\343<\343\034S\214\325\034\233\270\322b\262\331W\256"
 461      538CD51C 
 461      9BB8D262 
 461      B2D957AE 
 462 086d B47C628C 		.ascii	"\264|b\214\346t\"\201\022c\2541\366\210\357\345\343"
 462      E6742281 
 462      1263AC31 
 462      F688EFE5 
 462      E3
 463 087e C2CCD18B 		.ascii	"\302\314\321\213\360nall\274\371\367\011\361q\357E\331"
 463      F06E616C 
 463      6CBCF9F7 
 463      09F171EF 
 463      45D9
 464 0890 2C4B427D 		.ascii	",KB}&\377\024\277j\302\034q\014\231\3507\225M\275o\261"
ARM GAS  /tmp/ccSQLkO5.s 			page 37


 464      26FF14BF 
 464      6AC21C71 
 464      0C99E837 
 464      954DBD6F 
 465 08a5 2FB347D9 		.ascii	"/\263G\331\023m\177\326\231\243E\231N\263\002c\360>"
 465      136D7FD6 
 465      99A34599 
 465      4EB30263 
 465      F03E
 466 08b7 50141363 		.ascii	"P\024\023c\254\366\371\242}6M\317\235\202\325\362\031"
 466      ACF6F9A2 
 466      7D364DCF 
 466      9D82D5F2 
 466      19
 467 08c8 91181765 		.ascii	"\221\030\027e\216\216\261ZL\"\346\023\225\030k\027\355"
 467      8E8EB15A 
 467      4C22E613 
 467      95186B17 
 467      ED
 468 08d9 AB57596C 		.ascii	"\253WYl\230\231F\216\212\230,\312\266\332f\022\261\010"
 468      9899468E 
 468      8A982CCA 
 468      B6DA6612 
 468      B108
 469 08eb E882AE6A 		.ascii	"\350\202\256j{\374*d\372\305\304\002\270\303\274E\210"
 469      7BFC2A64 
 469      FAC5C402 
 469      B8C3BC45 
 469      88
 470 08fc E602E55B 		.ascii	"\346\002\345[\321\036,\212\321\226\250U\"Q*\212zyd\261"
 470      D11E2C8A 
 470      D196A855 
 470      22512A8A 
 470      7A7964B1 
 471 0910 AE14457C 		.ascii	"\256\024E|\364I\242\325,\212\306_\377j\376\333Z\367"
 471      F449A2D5 
 471      2C8AC65F 
 471      FF6AFEDB 
 471      5AF7
 472 0922 48658E8E 		.ascii	"He\216\216JP>{w\256\216\3457o\256h\327\272o\202\314"
 472      4A503E7B 
 472      77AE8EE5 
 472      376FAE68 
 472      D7BA6F82 
 473 0937 D1CB56DB 		.ascii	"\321\313V\333>\262b\245\376\376S\245\252\004\273B\022"
 473      3EB262A5 
 473      FEFE53A5 
 473      AA04BB42 
 473      12
 474 0948 26817282 		.ascii	"&\201r\202V\305'\330\305D\352\033\034\025\373Y\324j"
 474      56C527D8 
 474      C544EA1B 
 474      1C15FB59 
 474      D46A
 475 095a 1BB63316 		.ascii	"\033\2663\026k2[\031i\216\217\213\213\267\232\210\263"
 475      6B325B19 
 475      698E8F8B 
ARM GAS  /tmp/ccSQLkO5.s 			page 38


 475      8BB79A88 
 475      B3
 476 096b CDB4F0C3 		.ascii	"\315\264\360\303\245\213\226~\216\0204\217\177\274\023"
 476      A58B967E 
 476      8E10348F 
 476      7FBC13
 477 097a 8738A8CA 		.ascii	"\2078\250\312f\261\213\357-\\\366\273?~\270\3447\223"
 477      66B18BEF 
 477      2D5CF6BB 
 477      3F7EB8E4 
 477      3793
 478 098c C45A3EB7 		.ascii	"\304Z>\267\223H\323\242\245\313\226,3\221\306\231\226"
 478      9348D3A2 
 478      A5CB962C 
 478      3391C699 
 478      96
 479 099d B8C5C4D9 		.ascii	"\270\305\304\331bl\"\256:R\037*\376\003\224\023H\245"
 479      626C22AE 
 479      3A521F2A 
 479      FE039413 
 479      48A5
 480 09af 1161FF05 		.ascii	"\021a\377\005\375\370i\232"
 480      FDF8699A 
 481              		.text
 482              		.section	.gnu.lto_.symtab.86cbdd11509592c,"",%progbits
 483 0000 5F636F72 		.ascii	"_core_init\000"
 483      655F696E 
 483      697400
 484 000b 00       		.ascii	"\000"
 485 000c 00       		.ascii	"\000"
 486 000d 00       		.ascii	"\000"
 487 000e 00000000 		.ascii	"\000\000\000\000\000\000\000\000"
 487      00000000 
 488 0016 C2000000 		.ascii	"\302\000\000\000"
 489 001a 63685F6D 		.ascii	"ch_memcore\000"
 489      656D636F 
 489      726500
 490 0025 00       		.ascii	"\000"
 491 0026 00       		.ascii	"\000"
 492 0027 00       		.ascii	"\000"
 493 0028 00000000 		.ascii	"\000\000\000\000\000\000\000\000"
 493      00000000 
 494 0030 E7000000 		.ascii	"\347\000\000\000"
 495 0034 6368436F 		.ascii	"chCoreAllocFromBaseI\000"
 495      7265416C 
 495      6C6F6346 
 495      726F6D42 
 495      61736549 
 496 0049 00       		.ascii	"\000"
 497 004a 00       		.ascii	"\000"
 498 004b 00       		.ascii	"\000"
 499 004c 00000000 		.ascii	"\000\000\000\000\000\000\000\000"
 499      00000000 
 500 0054 C8000000 		.ascii	"\310\000\000\000"
 501 0058 6368436F 		.ascii	"chCoreAllocFromTopI\000"
 501      7265416C 
 501      6C6F6346 
ARM GAS  /tmp/ccSQLkO5.s 			page 39


 501      726F6D54 
 501      6F704900 
 502 006c 00       		.ascii	"\000"
 503 006d 00       		.ascii	"\000"
 504 006e 00       		.ascii	"\000"
 505 006f 00000000 		.ascii	"\000\000\000\000\000\000\000\000"
 505      00000000 
 506 0077 CA000000 		.ascii	"\312\000\000\000"
 507 007b 6368436F 		.ascii	"chCoreAllocFromBase\000"
 507      7265416C 
 507      6C6F6346 
 507      726F6D42 
 507      61736500 
 508 008f 00       		.ascii	"\000"
 509 0090 00       		.ascii	"\000"
 510 0091 00       		.ascii	"\000"
 511 0092 00000000 		.ascii	"\000\000\000\000\000\000\000\000"
 511      00000000 
 512 009a CC000000 		.ascii	"\314\000\000\000"
 513 009e 6368436F 		.ascii	"chCoreAllocFromTop\000"
 513      7265416C 
 513      6C6F6346 
 513      726F6D54 
 513      6F7000
 514 00b1 00       		.ascii	"\000"
 515 00b2 00       		.ascii	"\000"
 516 00b3 00       		.ascii	"\000"
 517 00b4 00000000 		.ascii	"\000\000\000\000\000\000\000\000"
 517      00000000 
 518 00bc CE000000 		.ascii	"\316\000\000\000"
 519 00c0 6368436F 		.ascii	"chCoreGetStatusX\000"
 519      72654765 
 519      74537461 
 519      74757358 
 519      00
 520 00d1 00       		.ascii	"\000"
 521 00d2 00       		.ascii	"\000"
 522 00d3 00       		.ascii	"\000"
 523 00d4 00000000 		.ascii	"\000\000\000\000\000\000\000\000"
 523      00000000 
 524 00dc D1000000 		.ascii	"\321\000\000\000"
 525 00e0 5F5F6865 		.ascii	"__heap_base__\000"
 525      61705F62 
 525      6173655F 
 525      5F00
 526 00ee 00       		.ascii	"\000"
 527 00ef 02       		.ascii	"\002"
 528 00f0 00       		.ascii	"\000"
 529 00f1 00000000 		.ascii	"\000\000\000\000\000\000\000\000"
 529      00000000 
 530 00f9 EA000000 		.ascii	"\352\000\000\000"
 531 00fd 5F5F6865 		.ascii	"__heap_end__\000"
 531      61705F65 
 531      6E645F5F 
 531      00
 532 010a 00       		.ascii	"\000"
 533 010b 02       		.ascii	"\002"
ARM GAS  /tmp/ccSQLkO5.s 			page 40


 534 010c 00       		.ascii	"\000"
 535 010d 00000000 		.ascii	"\000\000\000\000\000\000\000\000"
 535      00000000 
 536 0115 EC000000 		.ascii	"\354\000\000\000"
 537              		.text
 538              		.section	.gnu.lto_.opts,"",%progbits
 539 0000 272D666D 		.ascii	"'-fmath-errno' '-fsigned-zeros' '-ftrapping-math' '"
 539      6174682D 
 539      6572726E 
 539      6F272027 
 539      2D667369 
 540 0033 2D666E6F 		.ascii	"-fno-trapv' '-fno-openmp' '-fno-openacc' '-mcpu=cor"
 540      2D747261 
 540      70762720 
 540      272D666E 
 540      6F2D6F70 
 541 0066 7465782D 		.ascii	"tex-m3' '-mthumb' '-O2' '-fomit-frame-pointer' '-fa"
 541      6D332720 
 541      272D6D74 
 541      68756D62 
 541      2720272D 
 542 0099 6C69676E 		.ascii	"lign-functions=16' '-ffunction-sections' '-fdata-se"
 542      2D66756E 
 542      6374696F 
 542      6E733D31 
 542      36272027 
 543 00cc 6374696F 		.ascii	"ctions' '-fno-common' '-flto'\000"
 543      6E732720 
 543      272D666E 
 543      6F2D636F 
 543      6D6D6F6E 
 544              		.text
 545              		.comm	__gnu_lto_v1,1,1
 546              		.comm	__gnu_lto_slim,1,1
 547              		.ident	"GCC: (15:7-2018-q2-6) 7.3.1 20180622 (release) [ARM/embedded-7-branch revision 261907]"
ARM GAS  /tmp/ccSQLkO5.s 			page 41


DEFINED SYMBOLS
                            *ABS*:0000000000000000 chmemcore.c
                            *COM*:0000000000000001 __gnu_lto_v1
                            *COM*:0000000000000001 __gnu_lto_slim

NO UNDEFINED SYMBOLS
