ARM GAS  /tmp/ccYPRBI7.s 			page 1


   1              		.cpu cortex-m3
   2              		.eabi_attribute 20, 1
   3              		.eabi_attribute 21, 1
   4              		.eabi_attribute 23, 3
   5              		.eabi_attribute 24, 1
   6              		.eabi_attribute 25, 1
   7              		.eabi_attribute 26, 1
   8              		.eabi_attribute 30, 2
   9              		.eabi_attribute 34, 1
  10              		.eabi_attribute 18, 4
  11              		.file	"crt1.c"
  12              		.section	.gnu.lto_.profile.540bb830e3e54556,"",%progbits
  13 0000 789C6363 		.ascii	"x\234cc```\001bF\006IQ\000\000\277\000:"
  13      60606001 
  13      62460649 
  13      510000BF 
  13      003A
  14              		.text
  15              		.section	.gnu.lto_.icf.540bb830e3e54556,"",%progbits
  16 0000 789C6363 		.ascii	"x\234cc``Pc@\0006\206\1773_\337gd\004\223L`\222\271"
  16      60605063 
  16      40003686 
  16      7F335FDF 
  16      67640493 
  17 0018 F7C899EB 		.ascii	"\367\310\231\353\034,o6\036\352\344d\275\370mc\017\037"
  17      1C2C6F36 
  17      1EEAE464 
  17      BDF86D63 
  17      0F1F
  18 002a 03008A45 		.ascii	"\003\000\212E\023g"
  18      1367
  19              		.text
  20              		.section	.gnu.lto_.jmpfuncs.540bb830e3e54556,"",%progbits
  21 0000 789C6363 		.ascii	"x\234cc``\020d@\000V fd``b``f``\001r\000\003o\000'"
  21      60601064 
  21      40005620 
  21      66646060 
  21      62606066 
  22              		.text
  23              		.section	.gnu.lto_.inline.540bb830e3e54556,"",%progbits
  24 0000 789C6363 		.ascii	"x\234cc``\210c@\000V\006\006f&F\006& \223m\201<\210"
  24      60608863 
  24      40005606 
  24      06662646 
  24      06262093 
  25 0018 6260C410 		.ascii	"b`\304\020a\302\020a\006\362 \",`\022H\211\374`\001"
  25      61C21061 
  25      06F22022 
  25      2C601248 
  25      89FC6001 
  26 002c 8A289DF8 		.ascii	"\212(\235\370\341\303\300\326\001Q\305\000\000\376\366"
  26      E1C3C0D6 
  26      0151C500 
  26      00FEF6
  27 003b 06DC     		.ascii	"\006\334"
  28              		.text
  29              		.section	.gnu.lto_.pureconst.540bb830e3e54556,"",%progbits
ARM GAS  /tmp/ccYPRBI7.s 			page 2


  30 0000 789C6363 		.ascii	"x\234cc``\340\006bV\006\011F\011&\011f\023\026)\000"
  30      6060E006 
  30      62560609 
  30      46092609 
  30      66131629 
  31 0015 043700B7 		.ascii	"\0047\000\267"
  32              		.text
  33              		.section	.gnu.lto___core_init.540bb830e3e54556,"",%progbits
  34 0000 789C6363 		.ascii	"x\234cc``\250\003bK \226\006bFf\006F\246\011\347\030"
  34      6060A803 
  34      624B2096 
  34      06624666 
  34      0646A609 
  35 0016 181A3998 		.ascii	"\030\0329\230\030\031A\214\006\016F\206z&\306z\306\036"
  35      1819418C 
  35      060E4686 
  35      7A26C67A 
  35      C61E
  36 0028 E629CC8C 		.ascii	"\346)\314\214\207\332\237\355d\322\\\336\000\004\007"
  36      87DA9FED 
  36      64D25CDE 
  36      000407
  37 0037 A66FE26A 		.ascii	"\246o\342jkh\225\230\303\314\3000\015\210A\200q3\243"
  37      6B689598 
  37      C3CCC030 
  37      0D884180 
  37      7133A3
  38 004a 260350D9 		.ascii	"&\003P\331\243\215\377\246\362\262\261@\304\031\267"
  38      A38DFFA6 
  38      F2B2B140 
  38      C419B7
  39 0059 30B23130 		.ascii	"0\26210\002\031\353/\261\036h\370\367\277\275\341\300"
  39      0219EB2F 
  39      B11E68F8 
  39      F7BFBDE1 
  39      C0
  40 006a 91C58CFB 		.ascii	"\221\305\214\373\275\230\030\030:\200\362@K\032\016"
  40      BD981818 
  40      3A80F240 
  40      4B1A0E
  41 0079 30743233 		.ascii	"0t23\201X\315\007\030\33616)\200\265\200@\0073#H\030"
  41      8158CD07 
  41      18DE3136 
  41      2980B580 
  41      40073323 
  42 008f A8D45C4F 		.ascii	"\250\324\\OO\037\202\362\213\365\223\363ss\363\363\364"
  42      4F1F82F2 
  42      8BF593F3 
  42      7373F3F3 
  42      F4
  43 00a0 8B4B128B 		.ascii	"\213K\022\213JJ\013\364\035\203|\235}+@\242\005\231"
  43      4A4A0BF4 
  43      1D837C9D 
  43      7D2B40A2 
  43      0599
  44 00b2 39A945C5 		.ascii	"9\251E\305\372\356\316\316\372\311E%\206z\311\014\000"
  44      FAEECECE 
ARM GAS  /tmp/ccYPRBI7.s 			page 3


  44      FAC94525 
  44      867AC90C 
  44      00
  45 00c3 B3093D18 		.ascii	"\263\011=\030"
  46              		.text
  47              		.section	.gnu.lto___early_init.540bb830e3e54556,"",%progbits
  48 0000 789C6363 		.ascii	"x\234cc``\250\001bK \226\006bFf\006F\246\011\347\030"
  48      6060A801 
  48      624B2096 
  48      06624666 
  48      0646A609 
  49 0016 181A3998 		.ascii	"\030\0329\230\030\031A\214\006\016F\206z&\306z\306\036"
  49      1819418C 
  49      060E4686 
  49      7A26C67A 
  49      C61E
  50 0028 E629CC8C 		.ascii	"\346)\314\214\207\332\237\355d\322\\\336\000\004\007"
  50      87DA9FED 
  50      64D25CDE 
  50      000407
  51 0037 A6FFE06A 		.ascii	"\246\377\340jkh\225\230\303\314\3000\015\210A\200q3"
  51      6B689598 
  51      C3CCC030 
  51      0D884180 
  51      7133
  52 0049 A3260350 		.ascii	"\243&\003P\331\243\215\377\246\362\262\261@\304\031"
  52      D9A38DFF 
  52      A6F2B2B1 
  52      40C419
  53 0058 B730B231 		.ascii	"\2670\26210\002\031\353/\261\036h\370\367\277\275\341"
  53      300219EB 
  53      2FB11E68 
  53      F8F7BFBD 
  53      E1
  54 0069 C0196566 		.ascii	"\300\031ef&\006\206\016\240,\320\212\206\003\014\235"
  54      2606860E 
  54      A02CD08A 
  54      86030C9D 
  55 0079 402E90D5 		.ascii	"@.\220\325|\200\341\035c\223\002X\003\010t03\202\204"
  55      7C80E11D 
  55      63930258 
  55      03087430 
  55      338284
  56 008c 814ACDF5 		.ascii	"\201J\315\365\364\364!(\277X?9?77?O\277\270$\261\250"
  56      F4F42128 
  56      BF583F39 
  56      3F37373F 
  56      4FBFB824 
  57 00a2 A4B440DF 		.ascii	"\244\264@\3371\310\327\331\267\002$Z\220\231\223ZT\254"
  57      31C8D7D9 
  57      B702245A 
  57      9099935A 
  57      54AC
  58 00b4 EFEEECAC 		.ascii	"\357\356\354\254\237\\Tb\250\227\314\000\000\003\237"
  58      9F5C5462 
  58      A897CC00 
  58      00039F
ARM GAS  /tmp/ccYPRBI7.s 			page 4


  59 00c3 3BDD     		.ascii	";\335"
  60              		.text
  61              		.section	.gnu.lto___late_init.540bb830e3e54556,"",%progbits
  62 0000 789C6363 		.ascii	"x\234cc``\250\001bK \226\006bFf\006F\246\011\347\030"
  62      6060A801 
  62      624B2096 
  62      06624666 
  62      0646A609 
  63 0016 181A3998 		.ascii	"\030\0329\230\030\031A\214\006\016F\206z&\306z\306\036"
  63      1819418C 
  63      060E4686 
  63      7A26C67A 
  63      C61E
  64 0028 E629CC8C 		.ascii	"\346)\314\214\207\332\237\355d\322\\\336\000\004\007"
  64      87DA9FED 
  64      64D25CDE 
  64      000407
  65 0037 A66FE16E 		.ascii	"\246o\341nkh\225\230\303\314\3000\015\210A\200q3\243"
  65      6B689598 
  65      C3CCC030 
  65      0D884180 
  65      7133A3
  66 004a 260350D9 		.ascii	"&\003P\331\243\215\377\246\362\262\261@\304\031\267"
  66      A38DFFA6 
  66      F2B2B140 
  66      C419B7
  67 0059 30B23130 		.ascii	"0\26210\002\031\353/\261\036h\370\367\277\275\341\300"
  67      0219EB2F 
  67      B11E68F8 
  67      F7BFBDE1 
  67      C0
  68 006a 11656626 		.ascii	"\021ef&\006\206\016\240,\320\212\206\003\014\235@.\220"
  68      06860EA0 
  68      2CD08A86 
  68      030C9D40 
  68      2E90
  69 007c D57C80E1 		.ascii	"\325|\200\341\035c\223\002X\003\010t03\202\204\201J"
  69      1D639302 
  69      58030874 
  69      30338284 
  69      814A
  70 008e CDF5F4F4 		.ascii	"\315\365\364\364!(\277X?9?77?O\277\270$\261\250\244"
  70      2128BF58 
  70      3F393F37 
  70      373F4FBF 
  70      B824B1A8 
  71 00a3 B440DF31 		.ascii	"\264@\3371\310\327\331\267\002$Z\220\231\223ZT\254\357"
  71      C8D7D9B7 
  71      02245A90 
  71      99935A54 
  71      ACEF
  72 00b5 EEECAC9F 		.ascii	"\356\354\254\237\\Tb\250\227\314\000\000\325\236;\222"
  72      5C5462A8 
  72      97CC0000 
  72      D59E3B92 
  73              		.text
  74              		.section	.gnu.lto___default_exit.540bb830e3e54556,"",%progbits
ARM GAS  /tmp/ccYPRBI7.s 			page 5


  75 0000 789C6363 		.ascii	"x\234cc``\250\005bK 6\007bFV\006F\246\011\347\030\030"
  75      6060A805 
  75      624B2036 
  75      07624656 
  75      0646A609 
  76 0017 1A399818 		.ascii	"\0329\230\030\231!\014fF\026\010\203\005\"\342\310\310"
  76      99210C66 
  76      46160883 
  76      0522E2C8 
  76      C8
  77 0028 50CFC4CC 		.ascii	"P\317\304\314\302\010$\030\240\240\207y\0123\343\241"
  77      C2082418 
  77      A0A08779 
  77      0A33E3A1 
  78 0038 F6673B99 		.ascii	"\366g;\2314\2277\000\301\201\351\367\270\333\032Z%\346"
  78      34973700 
  78      C181E9F7 
  78      B8DB1A5A 
  78      25E6
  79 004a 00554C83 		.ascii	"\000UL\203\252b\334\314\250\311\000T\366h\343\277\251"
  79      AA62DCCC 
  79      A8C90054 
  79      F668E3BF 
  79      A9
  80 005b BC6C2C10 		.ascii	"\274l,\020q\306-\214l\014\214@\306\372K\254\007\032"
  80      71C62D8C 
  80      6C0C8C40 
  80      C6FA4BAC 
  80      071A
  81 006d FEFD6F6F 		.ascii	"\376\375oo8pg1\343Oo\240P\007P\236\261\341\000\220f"
  81      38706731 
  81      E34F6FA0 
  81      5007509E 
  81      B1E10090 
  82 0082 62606C04 		.ascii	"b`l\004\321\314\014@\353\233A,\026\020\213\261\203\231"
  82      D1CC0C40 
  82      EB9B412C 
  82      16108BB1 
  82      8399
  83 0094 116CB2B9 		.ascii	"\021l\262\271\236\236>\004\345\027\353'\347\347\346"
  83      9E9E3E04 
  83      E517EB27 
  83      E7E7E6
  84 00a3 E6E7E917 		.ascii	"\346\347\351\027\227$\026\225\224\026\350;\006\371:"
  84      97241695 
  84      9416E83B 
  84      06F93A
  85 00b2 FB568044 		.ascii	"\373V\200D\0132sR\213\212\365\335\235\235\365\223\213"
  85      0B327352 
  85      8B8AF5DD 
  85      9D9DF593 
  85      8B
  86 00c3 4A0CF592 		.ascii	"J\014\365\222\031\000\364\036@\013"
  86      1900F41E 
  86      400B
  87              		.text
  88              		.section	.gnu.lto___init_ram_areas.540bb830e3e54556,"",%progbits
ARM GAS  /tmp/ccYPRBI7.s 			page 6


  89 0000 789C9555 		.ascii	"x\234\225UKo[U\020>s\317}\371^\333\262\342.XTU6Yt\023"
  89      4B6F5B55 
  89      103E73CF 
  89      7DF95EDB 
  89      B2E22E58 
  90 001a 2B2BAA2E 		.ascii	"++\252.\020%\013\330t\303/\240\012,\220(\261\222Tb\205"
  90      10250BD8 
  90      74C32FA0 
  90      0A2C9028 
  90      B1925462 
  91 002f 4FF3689D 		.ascii	"O\363h\235\026AU\321\207,\247\030\212T\202\000\203Z"
  91      164155D1 
  91      872CA718 
  91      8A548200 
  91      835A
  92 0041 20715E37 		.ascii	" q^7Nh\323\022\247\304\264UU\005\026-\251!\345U\022"
  92      4E68D312 
  92      A7C4B455 
  92      5505162D 
  92      A921E555 
  93 0056 2A3594C0 		.ascii	"*5\224\300\314\034\233\272\011\024\260\354{\317\271"
  93      CC1C9BBA 
  93      0914B0EC 
  93      7BCFB9
  94 0065 E79B996F 		.ascii	"\347\233\231o\276\231;\266\205\020'l!\236\300\373{\370"
  94      BE993BB6 
  94      8510276C 
  94      219EC0FB 
  94      7BF8
  95 0077 838800E3 		.ascii	"\203\210\000\343\320\234\020{]\003\244^H\260\364\302"
  95      D09C107B 
  95      5D03A45E 
  95      48B0F4C2 
  96 0087 D48B49D7 		.ascii	"\324\213I\3272\3143E!\224\347/\370B\205}p\35198\372"
  96      32CC3345 
  96      2194E72F 
  96      F842857D 
  96      70E93938 
  97 009c 3EE9BA86 		.ascii	">\351\272\206\243\317C|\0362\302\037L\323\326\273\036"
  97      A3CF437C 
  97      1E32C21F 
  97      4CD3D6BB 
  97      1E
  98 00ad C26D583B 		.ascii	"\302mX;\336\341\001\320]\271 R\2064-\337qCa\017R\246"
  98      DEE101D0 
  98      5DB92052 
  98      86342DDF 
  98      7143610F 
  99 00c3 141098E8 		.ascii	"\024\020\230\350\355\257\013\022\023\226\250~\334\332"
  99      EDAF0B12 
  99      1396A87E 
  99      DCDA
 100 00d1 E215F9BA 		.ascii	"\342\025\371\272\204\342\376\233\303\306\326S\012?\301"
 100      84E2FE9B 
 100      C3C6D653 
 100      0A3FC1
 101 00e0 B1C3D17D 		.ascii	"\261\303\321}\252\357\221\254\024\342\250\324\0308\015"
ARM GAS  /tmp/ccYPRBI7.s 			page 7


 101      AAEF91AC 
 101      14E2A8D4 
 101      18380D
 102 00ef 5B05C2E6 		.ascii	"[\005\302\346{?\314\312\2032+\001L\334\336.enDik@#n"
 102      7B3FCCCA 
 102      83322B01 
 102      4CDCDE2E 
 102      656E4469 
 103 0107 7BDF7827 		.ascii	"{\337x'o\312\355@\310\237\322\213\337D\233N*\325\255"
 103      6FCAED40 
 103      C89FD28B 
 103      DF449B4E 
 103      2AD5AD
 104 011a 82AF8736 		.ascii	"\202\257\2076\235\354Q3\312\314J\011\237\200D\257\360"
 104      9DEC5133 
 104      CACC4A09 
 104      9F8044AF 
 104      F0
 105 012b 316C8633 		.ascii	"1l\2063\260\231\275#\374\372GkG\"\266\011\237B\223\016"
 105      B099BD23 
 105      FCFA476B 
 105      4722B609 
 105      9F42930E 
 106 013f 0A436003 		.ascii	"\012C`\003\036\314\006\375yO>\306>\177;6\274hV}\256"
 106      1ECC06FD 
 106      794F3EC6 
 106      3E7F3B36 
 106      BC68567D 
 107 0154 0D6D79B3 		.ascii	"\015my\263\352\323\204\341\277\3659\275x\257\354\313"
 107      EAD384E1 
 107      BFF539BD 
 107      78AFECCB 
 108 0164 C7D9F456 		.ascii	"\307\331\364Vz\346\224[5\375e[F\005\275\215d8\362P2"
 108      7AE6945B 
 108      35FD655B 
 108      4605BD8D 
 108      6438F250 
 109 0179 A3D00405 		.ascii	"\243\320\004\005$D\\\220\321\0302\022B\022\307\332Q"
 109      24445C90 
 109      D1183212 
 109      4212C7DA 
 109      51
 110 018a BE6C056A 		.ascii	"\276l\005j\355\217\375*\230\3336\266\262\020\337\004"
 110      ED8FFD2A 
 110      98DB36B6 
 110      B210DF04 
 111 019a 222B2D03 		.ascii	"\"+-\003/\250>^LAhK\020\336\026d\341\3605\314O\"\274"
 111      2FA83E5E 
 111      4C41684B 
 111      10DE1664 
 111      E1F035CC 
 112 01b1 8E3226C6 		.ascii	"\2162&\306\353\006\276\306\371T\2104\0121\012*\020\375"
 112      EB06BEC6 
 112      F9548834 
 112      0A310A2A 
 112      10FD
 113 01c3 D2C0454F 		.ascii	"\322\300EO nBw.\237\335\316\342\240\021r=\332W\274\350"
ARM GAS  /tmp/ccYPRBI7.s 			page 8


 113      206E4277 
 113      2E9FDDCE 
 113      E2A01172 
 113      3DDA57BC 
 114 01d8 50096CCE 		.ascii	"P\011l\316\263gub9\232\372]a\365\354\234\324\351\334"
 114      B3677562 
 114      399AFA5D 
 114      61F5EC9C 
 114      D4E9DC
 115 01eb 9DFF21ED 		.ascii	"\235\377!\355\347\340\304\336XV:0\001)\030\247\\\011"
 115      E7E0C4DE 
 115      58563A30 
 115      012918A7 
 115      5C09
 116 01fd FDF6E93E 		.ascii	"\375\366\351>@\364q\245ro\031\344#\200\034\346\010\223"
 116      40F471A5 
 116      726F19E4 
 116      23801CE6 
 116      0893
 117 020f 9042DB7E 		.ascii	"\220B\333~)\305\202\317a\015&\231\221\246X\202\356\302"
 117      29C582CF 
 117      610D2699 
 117      91A65882 
 117      EEC2
 118 0221 77AF561C 		.ascii	"w\257V\034\222##\303\365\024$S\030-\226\316\332\024"
 118      922323C3 
 118      F5142453 
 118      182D96CE 
 118      DA14
 119 0233 0E7B2937 		.ascii	"\016{)7N\202\270h\007\305j\314\333\007\017_\205\304"
 119      4E82B868 
 119      07C56ACC 
 119      DB070F5F 
 119      85C4
 120 0245 FBEA9052 		.ascii	"\373\352\220RX\202\020La\304#\334f0\015\011\316\360"
 120      5882104C 
 120      61C423DC 
 120      66300D09 
 120      CEF0
 121 0257 65967A94 		.ascii	"e\226z\224\342\2059\336\340k\325p\221\365\376\013\377"
 121      E28539DE 
 121      E06BD570 
 121      91F5FE0B 
 121      FF
 122 0268 EAFF33F6 		.ascii	"\352\3773\366\017\344\377\354\003\376\013\344?\"\304"
 122      0FE4FFEC 
 122      03FE0BE4 
 122      3F22C4
 123 0277 1D6EE59A 		.ascii	"\035n\345\232p$E>\373TM>8\007)\243\034\315\310h\270"
 123      7024453E 
 123      FB544D3E 
 123      380729A3 
 123      1CCDC868 
 124 028c 706B1250 		.ascii	"pk\022P\022S\340;\211\232 \257{\007\306\226\223\232"
 124      1253E03B 
 124      899A20AF 
 124      7B07C696 
ARM GAS  /tmp/ccYPRBI7.s 			page 9


 124      939A
 125 029e 18D4EB60 		.ascii	"\030\324\353`n\320\001\231x\031i\301\014\221\204\363"
 125      6ED00199 
 125      781969C1 
 125      0C9184F3 
 126 02ae 2432DA5F 		.ascii	"$2\332_:0(\311|}R[\030mW\321\027\020\215\001\320\240"
 126      3A3028C9 
 126      7C7D525B 
 126      186D57D1 
 126      17108D01 
 127 02c4 27BBAFB4 		.ascii	"'\273\257\264\374\214\016\330@\000\352YL\250\361~>\015"
 127      FC8C0ED8 
 127      4000EA59 
 127      4CA8F17E 
 127      3E0D
 128 02d6 1AF6D5F2 		.ascii	"\032\366\325\362\263\032\026\247\250\017\300X\3268W"
 128      B31A16A7 
 128      A80FC058 
 128      D63857
 129 02e5 D7123838 		.ascii	"\327\02288j\345es[\257\031c\351Rg*\236vel\314\351\241"
 129      6AE56573 
 129      5BAF1963 
 129      E952672A 
 129      9E76656C 
 130 02fc C27FCEC2 		.ascii	"\302\177\316\302\033$\342,\012\277\010\275W\247\026"
 130      1B24E22C 
 130      0ABF08BD 
 130      57A716
 131 030b A0EA8B42 		.ascii	"\240\352\213B\011\322\336\302\032\313k7\356b\212q\263"
 131      09D2DEC2 
 131      1ACB6B37 
 131      EE628A71 
 131      B3
 132 031c 50390F77 		.ascii	"P9\017w\270\316r\225\0375\230\231\012\252\236\226>6"
 132      B8CE7295 
 132      1F359899 
 132      0AAA9E96 
 132      3E36
 133 032e 22F44BE7 		.ascii	"\"\364K\347\276\370+\337\276{\316\376g\365\234\252z"
 133      BEF82BDF 
 133      BE7BCEFE 
 133      67F59CAA 
 133      7A
 134 033f 2564515F 		.ascii	"%dQ_\033\017\004\314\341\011\3134\366kU\315\030\031"
 134      1B0F04CC 
 134      E109CB34 
 134      F66B55CD 
 134      1819
 135 0351 6C5433C6 		.ascii	"lT3\3062\271\033dr\2644\2035i\344\377\224\346\"K\303"
 135      32B91B64 
 135      72B43483 
 135      3569E4FF 
 135      94E6224B 
 136 0366 FDF5C57A 		.ascii	"\375\365\305zi$\271gi\034\024\311\027\310\302Y]\342"
 136      6924B967 
 136      691C14C9 
 136      17C8C259 
ARM GAS  /tmp/ccYPRBI7.s 			page 10


 136      5DE2
 137 0378 D60BE9B7 		.ascii	"\326\013\351\267\221\251_\336\243\341\330\232\324\276"
 137      91A95FDE 
 137      A3E1D89A 
 137      D4BE
 138 0386 E59F6707 		.ascii	"\345\237g\007|=\230c0_\237\010\277\266Q\21217\265V\260"
 138      7C3D9863 
 138      305F9F08 
 138      BFB6518A 
 138      3137B556 
 139 039b 6974E01E 		.ascii	"it\340\036M2#+\027,2\301\377\235\37749\276\254\233\034"
 139      4D32232B 
 139      172C32C1 
 139      FF9DFF34 
 139      39BEAC9B 
 140 03b0 13D7C68F 		.ascii	"\023\327\306\217\233-y\312(\267\004\230.\\\302\234\240"
 140      9B2D79CA 
 140      28B70498 
 140      2E5CC29C 
 140      A0
 141 03c1 AC872802 		.ascii	"\254\207(\002J\003\337_\261k\243\005h6\\\206\026\314"
 141      4A03DF5F 
 141      B16BA305 
 141      68365C86 
 141      16CC
 142 03d3 F70A4F16 		.ascii	"\367\012O\026\232ma\221\363\260\244\236\030\241\311"
 142      9A6D6191 
 142      F3B0A49E 
 142      18A1C9
 143 03e2 F623BE97 		.ascii	"\366#\276\227\225\001\320\243\226\317\001\017\260{\036"
 143      9501D0A3 
 143      96CF010F 
 143      B07B1E
 144 03f1 6D6E4EE8 		.ascii	"mnN\350o{g\242\255}\367\356\366\027\023\235]\273:\272"
 144      6F7B67A2 
 144      AD7DF7EE 
 144      F617139D 
 144      5DBB3ABA 
 145 0405 F624133B 		.ascii	"\366$\023;\236\336\331\272\363%z\232|\376\205\347::"
 145      9EDED9BA 
 145      F3257A9A 
 145      7CFE85E7 
 145      3A3A
 146 0417 134FB6B6 		.ascii	"\023O\266\266&\332:\272Z\232\333\204\354\330\225\204"
 146      26DA3ABA 
 146      5A9ADB84 
 146      ECD89584 
 147 0427 A4D195FC 		.ascii	"\244\321\225\374\023\215\233>\376"
 147      138D9B3E 
 147      FE
 148              		.text
 149              		.section	.gnu.lto_ram_areas.540bb830e3e54556,"",%progbits
 150 0000 789C75D1 		.ascii	"x\234u\321\313k\023Q\024\006\360{r\233\207\265M\333"
 150      CB6B1351 
 150      1406F07B 
 150      729B87B5 
 150      4DDB
ARM GAS  /tmp/ccYPRBI7.s 			page 11


 151 0012 A855DB54 		.ascii	"\250U\333T\377\203\014\351\246qW\311B\\d\343\177 \301"
 151      FF830CE9 
 151      A67157C9 
 151      425C64E3 
 151      7F20C1
 152 0025 85604C49 		.ascii	"\205`LIR(\335d\026\021B\203\256\232\225Y\004Z\350\252"
 152      5228DD64 
 152      16114283 
 152      AE9A9559 
 152      045AE8AA 
 153 0039 58A85693 		.ascii	"X\250V\223\330\207\255Q\343\263\325\372\350\323\010"
 153      D887AD51 
 153      E3B3D5FA 
 153      E8D308
 154 0048 A14271A5 		.ascii	"\241Bq\245\226\200Q\352M\276Y\224\011g\030\346\203s"
 154      968051EA 
 154      4DBE5994 
 154      096718E6 
 154      8373
 155 005a 2E1F3FEE 		.ascii	".\037?\356\330\204\020\227\255B\\\020x\306%\345r?\266"
 155      D8841097 
 155      AD425C10 
 155      78C625E5 
 155      723FB6
 156 006d ECF17F7A 		.ascii	"\354\361\177zR\327\313\251}9\232\221\"+\233V\331=Kc"
 156      52D7CBA9 
 156      7D399A91 
 156      222B9B56 
 156      D93D4B63 
 157 0081 41CD0B6A 		.ascii	"A\315\013j,,M\013Wc.\033\363\203\275\312\242\3037\247"
 157      2C2C4D0B 
 157      57632E1B 
 157      F383BDCA 
 157      A2C337A7 
 158 0095 27B3FA60 		.ascii	"'\263\372`FRZ\012\232\243xZ\022=\250\207\205\356\327"
 158      46525A0A 
 158      9AA3785A 
 158      123DA887 
 158      85EED7
 159 00a8 43D22CC5 		.ascii	"C\322,\305\353\307\177\217\335\252\312\224\314\250\205"
 159      EBC77F8F 
 159      DDAACA94 
 159      CCA885
 160 00b7 DDD47A78 		.ascii	"\335\324zx\007\302\026Nh\345\2046Fh\347\204\217!,@\230"
 160      07C2164E 
 160      68E58436 
 160      4668E784 
 160      8F212C40 
 161 00cc 87300761 		.ascii	"\2070\007a\2456\235wBh3\265\3762\204\016Nx\214\023\266"
 161      A5369D77 
 161      426833B5 
 161      FE32840E 
 161      4E788C13 
 162 00e1 32C2E39C 		.ascii	"2\302\343\234p\031\302'\020.A\270\010ai2\377\267\015"
 162      7019C227 
 162      102E41B8 
 162      08616932 
ARM GAS  /tmp/ccYPRBI7.s 			page 12


 162      FFB70D
 163 00f4 42ABA9F5 		.ascii	"B\253\251\365\273!l\343\204\355\234\320\311\010;8\341"
 163      BB216CE3 
 163      84ED9CD0 
 163      C9083B38 
 163      E1
 164 0105 0B089F43 		.ascii	"\013\010\237C\370\014\302\"\204k\211\231\214\361\227"
 164      F80CC222 
 164      846B8999 
 164      8CF197
 165 0114 5B4CAD05 		.ascii	"[L\255\005C\330\311\011\2738\241\213\021\236\340\204"
 165      43D8C909 
 165      BB38A18B 
 165      119EE084 
 166 0124 6F217C03 		.ascii	"o!|\003\341k\010_A\270\374sf\312\270Cij\275g\010Or\302"
 166      E16B085F 
 166      41B8FC73 
 166      66CAB843 
 166      696ABD67 
 167 013c 539CB09B 		.ascii	"S\234\260\233\021\236\346\204\353\020~\200\360=\204"
 167      119EE684 
 167      EB107E80 
 167      F03D84
 168 014b 6B10160F 		.ascii	"k\020\026\017\253K\035\020ZL\255\023\206\360\014'<\313"
 168      AB4B1D10 
 168      5A4CAD13 
 168      86F00C27 
 168      3CCB
 169 015d 097B1861 		.ascii	"\011{\030a/'\334\204p\003\302/\020~\206\360hM\3556H"
 169      2F27DC84 
 169      7003C22F 
 169      107E86F0 
 169      684DED36 
 170 0172 6E8ED4C7 		.ascii	"n\216\324\307\221\3161\244\363\034\351+H\273 \355\200"
 170      91CE31A4 
 170      F31CE92B 
 170      48BB20ED 
 170      80
 171 0183 B40D52E2 		.ascii	"\264\015R\342n\361\217\035\307uuu\222\274n*\223\217"
 171      6EF18F1D 
 171      C7757575 
 171      92BC6E2A 
 171      938F
 172 0195 FADDB4A5 		.ascii	"\372\335\264\245\342\023\271\351\243\312U\225\357T\276"
 172      E213B9E9 
 172      A3CA5595 
 172      EF54BE
 173 01a4 545952F9 		.ascii	"TYR\371T\345\212\312\005\225\363*\037\251|H>A\337\324"
 173      54E58ACA 
 173      0595F32A 
 173      1FA97C48 
 173      3E41DFD4 
 174 01b8 67C0E3D1 		.ascii	"g\300\343\321\360\206\243Z0\034\012\205oj\321\330\325"
 174      F086A35A 
 174      301C0A85 
 174      6F6AD1D8 
 174      D5
ARM GAS  /tmp/ccYPRBI7.s 			page 13


 175 01c9 486C7848 		.ascii	"HlxH\273x%\340\017\214\324\247C\327o\\\213D\265K~\277"
 175      BB7825E0 
 175      0F8CD4A7 
 175      43D76F5C 
 175      8B44B54B 
 176 01df 168CC4BC 		.ascii	"\026\214\304\274\236\240\370\017!.\014U"
 176      9EA0F80F 
 176      212E0C55 
 177              		.text
 178              		.section	.gnu.lto_.symbol_nodes.540bb830e3e54556,"",%progbits
 179 0000 789C55CD 		.ascii	"x\234U\315\311Q\002a\024E\341\323\023\203\0108 \212"
 179      C9510261 
 179      1445E1D3 
 179      13830838 
 179      208A
 180 0012 20829910 		.ascii	" \202\231\020\214q\374\035\002\361\270cp\000\264\001"
 180      8C71FC1D 
 180      02F1B863 
 180      7000B401 
 181 0022 41440541 		.ascii	"AD\005A\004\343\260\373n\250\336\274\257\352\324\255"
 181      04E3B0FB 
 181      6EA8DEBC 
 181      AFEAD4AD 
 182 0032 7A09E0D6 		.ascii	"z\011\340\326\012\217\335\306@3 \342\316o\204\245\203"
 182      0A8FDDC6 
 182      403320E2 
 182      CE6F84A5 
 182      83
 183 0043 B1E2A58B 		.ascii	"\261\342\245\213\261\343\345\036\343\354K=,\017\030"
 183      B1E3E51E 
 183      E3EC4B3D 
 183      2C0F18
 184 0052 37B6F15A 		.ascii	"7\266\361Z\340\337\200\343=b\325\302W\336\023\266\354"
 184      E0DF80E3 
 184      3D62D5C2 
 184      57DE13B6 
 184      EC
 185 0063 E1C83EAE 		.ascii	"\341\310>\256\034\340\311g\022\362\205\244\014H\311"
 185      1CE0C967 
 185      12F285A4 
 185      0C48C9
 186 0072 216939E2 		.ascii	"!i9\342@\216\311\310W\016\345\204\254\234\222\223o\344"
 186      408EC9C8 
 186      570EE584 
 186      AC9C9293 
 186      6FE4
 187 0084 E58C23F9 		.ascii	"\345\214#\371\316\261\234s\"?8\225\237\024\344\027g"
 187      CEB19C73 
 187      223F3895 
 187      9F14E417 
 187      67
 188 0095 7241512E 		.ascii	"rAQ.9\227\337\\\310\025%\271\346R\376P\226\033*\362"
 188      3997DF5C 
 188      C81525B9 
 188      E652FE50 
 188      961B2AF2 
 189 00a9 972BB9A5 		.ascii	"\227+\271\245*w\\\313?j\221\374\003\244\033:S"
ARM GAS  /tmp/ccYPRBI7.s 			page 14


 189      2A775CCB 
 189      3F6A91FC 
 189      03A41B3A 
 189      53
 190              		.text
 191              		.section	.gnu.lto_.refs.540bb830e3e54556,"",%progbits
 192 0000 789C0DC3 		.ascii	"x\234\015\303\007\016\202@\000\000\260K\3031\004\007"
 192      070E8240 
 192      0000B04B 
 192      C3310407 
 193 0010 20C301A2 		.ascii	" \303\001\242\340k\374\377\177\244I\323\020\302o/\021"
 193      E06BFCFF 
 193      7FA449D3 
 193      10C26F2F 
 193      11
 194 0021 89D312A5 		.ascii	"\211\323\022\2452\271\302A\251rtrvQk\264\256:\275\301"
 194      32B9C241 
 194      A9727472 
 194      76516BB4 
 194      AE3ABDC1 
 195 0035 E8E6EEE1 		.ascii	"\350\346\356\341i2{Y\274}\2546\337\360\007|\323\003"
 195      69327B59 
 195      BC7DAC36 
 195      DFF0077C 
 195      D303
 196 0047 9A       		.ascii	"\232"
 197              		.text
 198              		.section	.gnu.lto_.decls.540bb830e3e54556,"",%progbits
 199 0000 789C9D96 		.ascii	"x\234\235\226YPT\331\031\307\357\351\323@\3234K\241"
 199      595054D9 
 199      19C7EFE9 
 199      D340D334 
 199      4BA1
 200 0012 3545A598 		.ascii	"5E\245\230\204XL\244\222\031zp#O\251I\3710\3632yHU^"
 200      84584CA4 
 200      92197A70 
 200      234FA949 
 200      F930F332 
 201 002a F2901E06 		.ascii	"\362\220\036\006I\015\025\004\013\232\214V\362p\025"
 201      490D1504 
 201      0B9A8C56 
 201      F27015
 202 0039 1151181A 		.ascii	"\021Q\030\032QY\005\024\004A\020QAeQ\026Y\005\004u\300"
 202      51590514 
 202      04411051 
 202      41655116 
 202      59050475 
 203 004e 854DC01D 		.ascii	"\205M\300\035\020\021\025D \337\371\316\355\365@R\225"
 203      10111544 
 203      20DFF9CE 
 203      EDF54052 
 203      95
 204 005f 5BFDEFBE 		.ascii	"[\375\357\276\347\334\357\377\373\276\373\235so\265"
 204      E7DCEFFF 
 204      FBBEFB9D 
 204      736FB5
 205 006e B3244939 		.ascii	"\263$I9^\222\364o*I\373U\222\264\002\207\013\3145J\326"
ARM GAS  /tmp/ccYPRBI7.s 			page 15


 205      5E92F46F 
 205      2A49FB55 
 205      92B40287 
 205      0BCC354A 
 206 0083 C309540F 		.ascii	"\303\011T\017j\0005\203\332A\235\240_\203\246A3\240"
 206      6A003583 
 206      DA419DA0 
 206      5F83A641 
 206      33A0
 207 0095 59D01CE8 		.ascii	"Y\320\034\350\035h\036\364\001\364\021\264\314\000D"
 207      1D681EF4 
 207      01F411B4 
 207      CC0044
 208 00a4 92542035 		.ascii	"\222T 5\310\031\244\001iA:\220\007\310\013\344\015Z"
 208      C819A401 
 208      69413A90 
 208      07C80BE4 
 208      0D5A
 209 00b6 0FFA04E4 		.ascii	"\017\372\004\344\003\372\005\310\027\364K\220\037h\003"
 209      03FA05C8 
 209      17F44B90 
 209      1F6803
 210 00c5 C81FF41B 		.ascii	"\310\037\364\033P\000\350\267\240\317A\201D\262;\376"
 210      5000E8B7 
 210      A0CF4181 
 210      44B23BFE 
 211 00d5 45309DF4 		.ascii	"E0\235\364\2352&J\355\216\307\336U\342\032V\211KX%\256"
 211      9D32264A 
 211      ED8EC7DE 
 211      55E21A56 
 211      894B5825 
 212 00ea 7995B8D4 		.ascii	"y\225\270\324U\342\332W\211;\306\356[\211\363\006\255"
 212      55E2DA57 
 212      893BC6EE 
 212      5B89F306 
 212      AD
 213 00fb 07E9616E 		.ascii	"\007\351an\020~7\202\276\204\363)\370\235\004\005\301"
 213      107E3782 
 213      BE84F329 
 213      F89D0405 
 213      C1
 214 010c F903F8FD 		.ascii	"\371\003\370\375+H\015z\014\032\007\215\201&\224\034"
 214      2B480D7A 
 214      0C1A078D 
 214      8126941C 
 215 011c 9DCAEFB4 		.ascii	"\235\312\357\264C\236!\302=\203\012\213\345\231Z\203"
 215      439E21C2 
 215      3D830A8B 
 215      E5995A83 
 216 012c C30E3F89 		.ascii	"\303\016?\211\367\362s\245\267\001J\257\375\225\336"
 216      F7F273A5 
 216      B7014AAF 
 216      FD95DE
 217 013b FB296BE1 		.ascii	"\373)k\341\253\254\215\217\262V\353\225\265\363R\326"
 217      ABAC8D8F 
 217      B256EB95 
 217      B5F352D6 
ARM GAS  /tmp/ccYPRBI7.s 			page 16


 218 014b 52A7ACAD 		.ascii	"R\247\254\255FYk\265\262\366\254H\266\027\330\236`{"
 218      46596BB5 
 218      B2F6AC48 
 218      B617D89E 
 218      607B
 219 015d 83ED11B6 		.ascii	"\203\355\021\266W\330\236a{g\306\241\376\243\224\324"
 219      57D89E61 
 219      7B67C6A1 
 219      FEA394D4 
 220 016d 34D65F77 		.ascii	"4\326_w\033!C\004\266%\361\342]%\374\033~\231p\274b"
 220      1B214304 
 220      B625F1E2 
 220      5D25FC1B 
 220      7E9970BC 
 221 0182 3E089F87 		.ascii	">\010\237\207Y\025\377QB\331\300l!\226\031\225\302P"
 221      5915FF51 
 221      42D9C06C 
 221      21961995 
 221      C250
 222 0194 99B9F851 		.ascii	"\231\271\370Q\000\304\226\312\257\363t\346\203\337\020"
 222      00C496CA 
 222      AFF374E6 
 222      83DF10
 223 01a3 3FB1F1F1 		.ascii	"?\261\361\361)\2255\231\215E\250U\262\\\266\024e\275"
 223      29953599 
 223      8D45A855 
 223      B25CB614 
 223      65BD
 224 01b5 49A234A1 		.ascii	"I\2424\2418'\323i\224\014\303E\330\005&M$a\223\227\037"
 224      3827D369 
 224      940CC345 
 224      D805264D 
 224      24619397 
 225 01ca A4B43953 		.ascii	"\244\2649S\025\236w\017N\2259Q\017<?\237\363\261O\243"
 225      159E770F 
 225      4E953951 
 225      0F3C3F9F 
 225      F3B14FA3 
 226 01de 5649A49A 		.ascii	"VI\244\232Pn\257\315I\270\353N\327\341\325\242\243\271"
 226      506EAFCD 
 226      49B8EB4E 
 226      D7E1D5A2 
 226      A3B9
 227 01f0 75EE8165 		.ascii	"u\356\201e2?4YT\"W0\016#[V\3367x\036\246\304[KT0\274"
 227      323F3459 
 227      54225730 
 227      0E235B56 
 227      DE37781E 
 228 020b 3DD375C2 		.ascii	"=\323u\302\015\206\353\265\304\013\206eI+G\235|\216"
 228      0D86EBB5 
 228      C40B8665 
 228      492B479D 
 228      7C8E
 229 021d 33A3294E 		.ascii	"3\243)N\366R\221\357>!\265\304\227\324\020_\250\265"
 229      F65291EF 
 229      3E21B5C4 
 229      97D4105F 
ARM GAS  /tmp/ccYPRBI7.s 			page 17


 229      A8B5
 230 022f 8EF8C077 		.ascii	"\216\370\300w\244\232\223N\217-\246\3516\344\313\371"
 230      A49A934E 
 230      8F2DA6E9 
 230      36E4CBF9 
 231 023f 0D72C348 		.ascii	"\015r\303H\226\177I\327\001\2717_\226\277\3028RE(\271"
 231      967F49D7 
 231      01B9375F 
 231      96BFC238 
 231      524528B9 
 232 0253 4A0221FE 		.ascii	"J\002!\3762Q\263\021\234]\"\243\204\\$#p\227\365d\003"
 232      3251B311 
 232      9C5D22A3 
 232      845C2423 
 232      7097F564 
 233 0268 205E4FA5 		.ascii	" ^O\245\364x\322\303d\215\273\212_zY\250Q2\214\375."
 233      F478D2C3 
 233      648DBB8A 
 233      5F7A59A8 
 233      51328CFD 
 234 027d 4B6ED8B7 		.ascii	"Kn\330\267W\226U\210\277f\301_\007\3745G|\003\342_\335"
 234      57965588 
 234      BF66C15F 
 234      07FC3547 
 234      7C03E25F 
 235 0292 9D19A634 		.ascii	"\235\031\2464c-|\363H\341\242\207\202\277\375\205\035"
 235      632D7CF3 
 235      48E1A287 
 235      82BFFD85 
 235      1D
 236 02a3 BED1826F 		.ascii	"\276\321\202o\002|\243#\276\031\361%\367\3376\271\321"
 236      027CA323 
 236      BE19F125 
 236      F7DF36B9 
 236      D1
 237 02b4 428ECFEB 		.ascii	"B\216\317\353\030;\251\243\027\371\340\371\263\273\017"
 237      183BA9A3 
 237      17F9E0F9 
 237      B3BB0F
 238 02c3 3D59AE16 		.ascii	"=Y\256\026s\256\361\304\276:Wsv\322J\324l\262>\241|"
 238      73AEF1C4 
 238      BE3A5773 
 238      76D24AD4 
 238      6CB23EA1 
 239 02d8 DE8515D0 		.ascii	"\336\205\025\320(7|\010\264+\340\206\245\2006(\340\206"
 239      28377C08 
 239      B42BE086 
 239      A5803628 
 239      E086
 240 02ea 6301ED58 		.ascii	"c\001\355X@o\306\341\003\204\326\361\234M\223\363\017"
 240      406FC6E1 
 240      0384D6F1 
 240      9C4D93F3 
 240      0F
 241 02fb 5D196C54 		.ascii	"]\031lTn\350\374=\203\311fX\207\031&\261S{R'\222\256"
 241      6EE8FC3D 
 241      83C96658 
ARM GAS  /tmp/ccYPRBI7.s 			page 18


 241      871926B1 
 241      537B5227 
 242 0311 F6A4357B 		.ascii	"\366\2445{\320nN\252~\322\321\252\345[D&0^\352\177y"
 242      D06E4EAA 
 242      7ED2D1AA 
 242      E55B4426 
 242      305EEA7F 
 243 0326 83F03D22 		.ascii	"\203\360=\"k`<w(\376=\345\327]`\330\267\377|\2162T\263"
 243      6B603C77 
 243      28FE3DE5 
 243      D75D60D8 
 243      B7FF7C8E 
 244 033d 35EDCE1A 		.ascii	"5\355\316\032\367\340\321~0\234\350\234\275\340\241"
 244      F7E0D17E 
 244      309CE89C 
 244      BDE0A1
 245 034c 3DC87654 		.ascii	"=\310vT~\234\354\372\015\013\353\205\035u\013wT\037"
 245      7E9CECFA 
 245      0D0BEB85 
 245      1D750B77 
 245      541F
 246 035e D1C2B7DE 		.ascii	"\321\302\267\336\227\364\300\020\242\263j\347:\2358"
 246      97F4C010 
 246      A2B36AE7 
 246      3A9D38
 247 036d 8B654A78 		.ascii	"\213eJxsc\237\232\016\360\262\206\332K\316\262<\033"
 247      73639F9A 
 247      0EF0B286 
 247      DA4BCEB2 
 247      3C1B
 248 037f B5843D5A 		.ascii	"\265\204=Z\2360U1yu\301\235O\261\210\333)\263\205.t"
 248      9E305531 
 248      7975C19D 
 248      4FB188DB 
 248      29B3852E 
 249 0394 0CC35523 		.ascii	"\014\303U#\367\027\007=\2106\000R\357\343\251%Kbr\217"
 249      F717073D 
 249      88360052 
 249      EFE3A925 
 249      4B62728F 
 250 03a8 0430136B 		.ascii	"\0040\023k\012\371\031&\357\302d\021\253\261\341U\375"
 250      0AF91926 
 250      EFC26411 
 250      ABB1E155 
 250      FD
 251 03b9 1F326765 		.ascii	"\0372ge\331\217\014\020-\351\2676n\243\226/dIa\352)"
 251      D98F0C10 
 251      2DE9B736 
 251      6EA3962F 
 251      644961EA 
 252 03ce 679A8D0F 		.ascii	"g\232\215\017\245\2526\373q\213j\255\034\017\327\314"
 252      A5AA36FB 
 252      718B6AAD 
 252      1C0FD7CC 
 253 03de F1B46B43 		.ascii	"\361\264kCk<[\234\007\220\343\2765\307\000Q\222\254"
 253      6B3C5B9C 
 253      0790E3BE 
ARM GAS  /tmp/ccYPRBI7.s 			page 19


 253      35C70051 
 253      92AC
 254 03f0 0CDDE970 		.ascii	"\014\335\351p\326\035\262P1\320\332\265A\242S\236\346"
 254      D61DB250 
 254      31D0DAB5 
 254      41A2539E 
 254      E6
 255 0401 9B5DC9D7 		.ascii	"\233]\311\327\\h\033\177E\230\246s\352\335h\037\037"
 255      5C681B7F 
 255      4598A673 
 255      EADD681F 
 255      1F
 256 0412 981F6C6F 		.ascii	"\230\037lo\376`\233\327t\275\262\246\267&\337_\321\322"
 256      FE609BD7 
 256      74BDB2A6 
 256      B726DF5F 
 256      D1D2
 257 0424 518C75BE 		.ascii	"Q\214u\276\331\226\363\223;\361\207#`\335)\226\024\236"
 257      D996F393 
 257      3BF18723 
 257      60DD2996 
 257      149E
 258 0436 67BFE2B6 		.ascii	"g\277\342\266\003\262)\204\345\"w\240\304\247d\235\365"
 258      03B22984 
 258      E52277A0 
 258      C4A7649D 
 258      F5
 259 0447 D66E6319 		.ascii	"\326nc\031A\360%\361\370\017ET.\364\301\340!\307`=\213"
 259      41F025F1 
 259      F80F4554 
 259      2EF4C1E0 
 259      21C7603D 
 260 045c ED25D6E0 		.ascii	"\355%\326\340\316bK\360\243\325\311\266\321\263V\364"
 260      CE624BF0 
 260      A3D5C9B6 
 260      D1B356F4 
 261 046c F0AA682C 		.ascii	"\360\252h,\2037v\3728\2057\036\213\221\224\236\262#"
 261      833776FA 
 261      3885371E 
 261      8B91949E 
 261      B223
 262 047e 155F6720 		.ascii	"\025_g x\352`\343\373\302\276g>F\202 \362\004\326\351"
 262      78EA60E3 
 262      FBC2BE67 
 262      3E468220 
 262      F204D6E9 
 263 0492 31F127E3 		.ascii	"1\361'\343\2401\320\004\3617\277,\373\357\365\265\272"
 263      A031D004 
 263      F137BF2C 
 263      FBEFF5B5 
 263      BA
 264 04a3 D229BED8 		.ascii	"\322)\276\330g\356]h\326\222u\001\253\342\310\013\240"
 264      67EE5D68 
 264      D6927501 
 264      ABE2C80B 
 264      A0
 265 04b4 FC2F222F 		.ascii	"\374/\"/\262?\230\325\370\034b\237Y\227\236\225\214"
ARM GAS  /tmp/ccYPRBI7.s 			page 20


 265      B23F98D5 
 265      F81C629F 
 265      59979E95 
 265      8C
 266 04c5 29BB9346 		.ascii	")\273\223FKU\336&%\307Wj\014\354\206,]X\364K\342m~l"
 266      4B55DE26 
 266      25C7576A 
 266      0CEC862C 
 266      5D58F44B 
 267 04dd F0B5327A 		.ascii	"\360\2652z\345\270\307:\245\242\203kV$\255u\203\027"
 267      E5B8C73A 
 267      A5A2836B 
 267      5624AD75 
 267      8317
 268 04ef 5B9F8EEA 		.ascii	"[\237\216\352l\263M\376\267lg\226+\313\310g\005r/\274"
 268      6CB34DFE 
 268      B76C6796 
 268      2BCBC867 
 268      05722FBC 
 269 0503 30A7B37D 		.ascii	"0\247\263}\323d\371\0332E\274\311M~\0376F6\3637x\333"
 269      D364F91B 
 269      3245BCC9 
 269      4D7E1F36 
 269      4636F337 
 270 0519 4D93CFC0 		.ascii	"M\223\317\3007;\227|\311\223.\361\215\3313\226\326\352"
 270      373B977C 
 270      C9932EF1 
 270      8DD93396 
 270      D6EA
 271 052b 09905158 		.ascii	"\011\220QX\333\236\014\357Sq\371|{\277R \326m\376\012"
 271      DB9E0CEF 
 271      5371F97C 
 271      7BBF5220 
 271      D66DFE0A 
 272 053f DF553388 		.ascii	"\337U3\210x\221\374\363\212'5QD\234\030Xl\321(\210\311"
 272      7891FCF3 
 272      8A273551 
 272      449C1858 
 272      6CD12888 
 273 0554 426AF247 		.ascii	"Bj\362G\300k\001\360\032\001\263\010(Z\276[\355Ls9\340"
 273      C06B01F0 
 273      1A01B308 
 273      285ABE5B 
 273      ED4C7339 
 274 0569 E1DECB8B 		.ascii	"\341\336\313\213Z\0050Qd\006\274\021\000o\0200\207\200"
 274      5A053051 
 274      6406BC11 
 274      006F1030 
 274      8780
 275 057b CCD2A94C 		.ascii	"\314\322\251L--\347\200[\003\0055\356f\200O\226\334"
 275      2D2DE780 
 275      5B030535 
 275      EE66804F 
 275      96DC
 276 058d A446C25B 		.ascii	"\244F\302[\201\360\026\011\357\220\360\270\271\375\221"
 276      81F01609 
 276      EF90F0B8 
ARM GAS  /tmp/ccYPRBI7.s 			page 21


 276      B9FD91
 277 059c 86D673C2 		.ascii	"\206\326s\302\310hW\251\233Bxb\323\206\367\002\342="
 277      C86857A9 
 277      9B427862 
 277      D386F702 
 277      E23D
 278 05ae 22E611B1 		.ascii	"\"\346\021\261o&\275\322\215\366rD\356\365\244v*\264"
 278      6F26BDD2 
 278      8DF67244 
 278      EEF5A476 
 278      2AB4
 279 05c0 6141002C 		.ascii	"aA\000, \340\003\002\372\032\252J]\3500\007\334Ln\373"
 279      20E00302 
 279      FA1AAA4A 
 279      5DE83007 
 279      DC4C6EFB 
 280 05d4 E824B461 		.ascii	"\350$\264aQ\000,\"\340#\002\236\214'U:\323)\0168R\233"
 280      51002C22 
 280      E023029E 
 280      8C27553A 
 280      D3290E38 
 281 05ea 747C9536 		.ascii	"t|\2256,\011\204%$,#a0\257xAG\227\224\225\310\270\\"
 281      2C098425 
 281      242C2361 
 281      30AF7841 
 281      47979495 
 282 0601 605E8965 		.ascii	"`^\211e\2336\254\010\210\025D\310*\206H\257\351\272"
 282      9B36AC08 
 282      881544C8 
 282      2A8648AF 
 282      E9BA
 283 0613 EC424D6A 		.ascii	"\354BMjD,\226W\252\205.\354U9\372a\006\276\367\241\177"
 283      442C9657 
 283      AA852EEC 
 283      5539FA61 
 283      06BEF7A1 
 284 0628 A527AF5B 		.ascii	"\245'\257[Es\271\177\246q\370\261N\350B\234\000\210"
 284      4573B97F 
 284      A671F8B1 
 284      4EE8429C 
 284      0088
 285 063a 43C07E04 		.ascii	"C\300~\004t\326\035\251\205\315\300\001\025\247\367"
 285      74D61DA9 
 285      85CDC001 
 285      15A7F7
 286 0649 EED7895D 		.ascii	"\356\327\211]\210\027\010\361H8\200\204\214\244\304"
 286      881708F1 
 286      48388084 
 286      8CA4C4
 287 0658 4F693D07 		.ascii	"Oi=\007\014t\244\317\230\233\320\237imB\202@H@\302A"
 287      0C74A4CF 
 287      989BD09F 
 287      696D4282 
 287      404840C2 
 288 066d 24BC3877 		.ascii	"$\2748w\265\312\225\366rDcj\345-g\241\013\211\002 \021"
 288      B5CA95F6 
 288      7244636A 
ARM GAS  /tmp/ccYPRBI7.s 			page 22


 288      E52D67A1 
 288      0B890220 
 289 0682 018710B0 		.ascii	"\001\207\020\260xr\241TM\2079\340\354\304\375C\342#"
 289      7872A154 
 289      4D8739E0 
 289      ECC4FD43 
 289      E223
 290 0694 7158001C 		.ascii	"qX\000\034F@\022\002\262srkut\212\003\012\216\\\315"
 290      46401202 
 290      B273726B 
 290      75748A03 
 290      0A8E5CCD 
 291 06a8 D5885D48 		.ascii	"\325\210]H\026\010\311H\370\011\011\347\256\015\325"
 291      1608C948 
 291      F80909E7 
 291      AE0DD5
 292 06b7 B8D2254E 		.ascii	"\270\322%N\350\271\360\266\337\374f\230\266iC\212\200"
 292      E8B9F0B6 
 292      DFFC6698 
 292      B669438A 
 292      80
 293 06c8 48418409 		.ascii	"HA\204\011\021\361\363\007\2625\324\344\204\210cO\237"
 293      11F1F307 
 293      B235D4E4 
 293      8488634F 
 293      9F
 294 06d9 995C8436 		.ascii	"\231\\\2046\244\012\200T\004\034A@kz\362%7\232\313\001"
 294      A40A8054 
 294      041C4140 
 294      6B7AF225 
 294      379ACB01 
 295 06ed A52DF77F 		.ascii	"\245-\367\177%t!M\360\247\241\377(\372O\317\231:\324"
 295      2574214D 
 295      F0A7A1FF 
 295      28FA4FCF 
 295      993AD4
 296 0700 B49CFB13 		.ascii	"\264\234\373\023\363\306+\211\330\205c\002\341\030\022"
 296      F3C62B89 
 296      D8856302 
 296      E11812
 297 070f 8E2321B1 		.ascii	"\216#!\261\261\250DK\3539\341N\331b\226\371\026Z\263"
 297      B1A8444B 
 297      EB39E14E 
 297      D96296F9 
 297      165AB3
 298 0722 AC5D4817 		.ascii	"\254]H\027\020\351\210\310@D\315\231\212Yx1pDS\375\323"
 298      10E988C8 
 298      4044CD99 
 298      8A597831 
 298      704453FD 
 299 0737 024FA10B 		.ascii	"\002O\241\013\231\002 \023\001Y\010\2702\365`\336\231"
 299      99022013 
 299      015908B8 
 299      32F560DE 
 299      99
 300 0748 0E73C0C2 		.ascii	"\016s\300\302\354T\246\213\320\206l\001\220\215\200"
 300      EC54A68B 
ARM GAS  /tmp/ccYPRBI7.s 			page 23


 300      D0866C01 
 300      908D80
 301 0757 1C04BCB9 		.ascii	"\034\004\274\271i\202Gb\212\003R\256\027-\250\3046\234"
 301      69824762 
 301      8A0352AE 
 301      172DA8C4 
 301      369C
 302 0769 10082790 		.ascii	"\020\010'\220\220\213\204\332\272\305O\351\022\007t"
 302      908B84DA 
 302      BAC54FE9 
 302      120774
 303 0778 34B5589E 		.ascii	"4\265X\236\251a\233.\344\011\204<$\344#\301Tq\362#\354"
 303      A9619B2E 
 303      E409843C 
 303      24E423C1 
 303      5471F223 
 304 078d 0567FE8E 		.ascii	"\005g\376\216\256\255\256&B\027N\012\200\223\0108\305"
 304      AEADAE26 
 304      42174E0A 
 304      80930838 
 304      C5
 305 079e 6FE24ED9 		.ascii	"o\342N\331\200;\315\345\200\353U\347\336\211\257\307"
 305      803BCDE5 
 305      80EB55E7 
 305      DE89AFC7 
 306 07ae 02015080 		.ascii	"\002\001P\200\200B\004\214VUWx\320r\016X\2349\022\277"
 306      8042048C 
 306      56555778 
 306      D0720E58 
 306      9C3912BF 
 307 07c2 4A174E0B 		.ascii	"J\027N\013\204\323H(BB\271i<\335"
 307      84D34828 
 307      4242B969 
 307      3CDD
 308 07d0 85D67342 		.ascii	"\205\326sBFM\332\210\371\345\366\316\246\015\305\002"
 308      464DDA88 
 308      F9E5F6CE 
 308      A60DC502 
 309 07e0 A2181167 		.ascii	"\242\030\021g\020\221u\347h-\241\275\034\361\254\244"
 309      109175E7 
 309      682DA1BD 
 309      1CF1ACA4 
 310 07f0 BBC85D68 		.ascii	"\273\310]hC\211\000(A@)\002&\023F\206a3p@\353\363\326"
 310      43890028 
 310      41402902 
 310      26134686 
 310      61337040 
 311 0807 2657A10D 		.ascii	"&W\241\015g\005\300Y\004\224\361\027\364\233\017q\260"
 311      6705C059 
 311      0494F117 
 311      F49B0F71 
 311      B0
 312 0818 1938A02A 		.ascii	"\0318\240*/\365\237b\027\312\005@9\002\316!\240pr\242"
 312      2FF59F62 
 312      17CA0540 
 312      3902CE21 
 312      A07072A2 
ARM GAS  /tmp/ccYPRBI7.s 			page 24


 313 082c 4D65FB0F 		.ascii	"Me\373\017x\322\346\177\237D*T\370\017\230\375Bp\345"
 313      78D2E67F 
 313      9F442A54 
 313      F80F98FD 
 313      4270E5
 314 083f 93AA47AE 		.ascii	"\223\252G\256\266\301\354O\2115\370\274\022|\036\203"
 314      B6C1EC4F 
 314      8935F8BC 
 314      127C1E83 
 315 084f BB96FBE7 		.ascii	"\273\226\373\347\\\314\301\007\327\372oM*\301\344f0"
 315      5CCCC107 
 315      D7FA6F4D 
 315      2AC1E466 
 315      30
 316 0860 84464587 		.ascii	"\204FE\207\031\302#\303\215\352\037\303B\376\261-0P"
 316      19C223C3 
 316      8DEA1FC3 
 316      42FEB12D 
 316      3050
 317 0872 CF3F5131 		.ascii	"\317?Q1\372\320\250\235;\243\"\3651\306\220hc\354.\375"
 317      FAD0A89D 
 317      3BA322F5 
 317      31C69068 
 317      63EC2EFD 
 318 0886 1FFFFCED 		.ascii	"\037\377\374\355\366ow\263\331]\341\021a\3211\372\257"
 318      F66F77B3 
 318      D95DE111 
 318      61D131FA 
 318      AF
 319 0897 B76FD787 		.ascii	"\267o\327\207F\033\203\002C5_\377\351/~\333\203\202"
 319      461B8302 
 319      43355FFF 
 319      E92F7EDB 
 319      8382
 320 08a9 A4E0FFCF 		.ascii	"\244\340\377\317/\351\014\206\260\220\350\210=X\011"
 320      2FE90C86 
 320      B090E888 
 320      3D5809
 321 08b8 54151162 		.ascii	"T\025\021b\344Uy\030\014;\302\376\036\022\033a4\204"
 321      E4557918 
 321      0C3BC2FE 
 321      1E121B61 
 321      3484
 322 08ca ED0E376A 		.ascii	"\355\0167j\"\241\\clt\244\227\001/\033\242Cv\032B\242"
 322      22A15C63 
 322      6C74A497 
 322      012F1BA2 
 322      43761A42 
 323 08df C342625C 		.ascii	"\303Bb\\-g\332\320\010`\341\271\326`\210\015\2174n\336"
 323      2D67DAD0 
 323      0860E1B9 
 323      D660880D 
 323      8F346EDE 
 324 08f3 64307EA1 		.ascii	"d0~\241\217\215\211\326\207G\206F\304\356\010\323G\206"
 324      8F8D89D6 
 324      87478646 
 324      C4EE08D3 
ARM GAS  /tmp/ccYPRBI7.s 			page 25


 324      4786
 325 0905 FD1811FE 		.ascii	"\375\030\021\376\275~gH\350\017\341\221azK\016\343\236"
 325      BD7E6748 
 325      E80FE191 
 325      617A4B0E 
 325      E39E
 326 0917 5D613181 		.ascii	"]a1\201?H\032\263m\303j\266\230=1zC\214q\007\304@\254"
 326      3F481AB3 
 326      6DC36AB6 
 326      983D317A 
 326      438C7107 
 327 092e 2B16C2D2 		.ascii	"+\026\302\322y\340\2311l7\037\352\"\243\014\226k\236"
 327      79E09931 
 327      6C371FEA 
 327      22A30C96 
 327      6B9E
 328 0940 AC3ECBC8 		.ascii	"\254>\313\310`\3646\260\332\2774X-\006w\333)\203\207"
 328      60F436B0 
 328      DABF3458 
 328      2D0677DB 
 328      298387
 329 0953 32E27763 		.ascii	"2\342wc\360T\206\221Q\3742\367\007\211\376 ;\177\220"
 329      F0548691 
 329      51FC32F7 
 329      0789FE20 
 329      3B7F90
 330 0966 BD3FC8C1 		.ascii	"\275?\310\301\277I\364o\262\363o\262\367or\360o\026"
 330      BF49F46F 
 330      B2F36FB2 
 330      F76F72F0 
 330      6F16
 331 0978 FD9BEDFC 		.ascii	"\375\233\355\374\233\355\375\233\035\374[D\377\026;"
 331      9BEDFD9B 
 331      1DFC5B44 
 331      FF163B
 332 0987 FF167BFF 		.ascii	"\377\026{\377\026\007\377V\321\277\325\316\277\325\336"
 332      1607FF56 
 332      D1BFD5CE 
 332      BFD5DE
 333 0996 BFD5C1BF 		.ascii	"\277\325\301\277M\364o\263\363o\263\367os\360\007\213"
 333      4DF46FB3 
 333      F36FB3F7 
 333      6F73F007 
 333      8B
 334 09a7 FE603B7F 		.ascii	"\376`;\177\260\275?\330\342\377\017\361y]\377"
 334      B0BD3FD8 
 334      E2FF0FF1 
 334      795DFF
 335              		.text
 336              		.section	.gnu.lto_.symtab.540bb830e3e54556,"",%progbits
 337 0000 5F5F636F 		.ascii	"__core_init\000"
 337      72655F69 
 337      6E697400 
 338 000c 00       		.ascii	"\000"
 339 000d 01       		.ascii	"\001"
 340 000e 00       		.ascii	"\000"
 341 000f 00000000 		.ascii	"\000\000\000\000\000\000\000\000"
ARM GAS  /tmp/ccYPRBI7.s 			page 26


 341      00000000 
 342 0017 BD000000 		.ascii	"\275\000\000\000"
 343 001b 5F5F6561 		.ascii	"__early_init\000"
 343      726C795F 
 343      696E6974 
 343      00
 344 0028 00       		.ascii	"\000"
 345 0029 01       		.ascii	"\001"
 346 002a 00       		.ascii	"\000"
 347 002b 00000000 		.ascii	"\000\000\000\000\000\000\000\000"
 347      00000000 
 348 0033 C0000000 		.ascii	"\300\000\000\000"
 349 0037 5F5F6C61 		.ascii	"__late_init\000"
 349      74655F69 
 349      6E697400 
 350 0043 00       		.ascii	"\000"
 351 0044 01       		.ascii	"\001"
 352 0045 00       		.ascii	"\000"
 353 0046 00000000 		.ascii	"\000\000\000\000\000\000\000\000"
 353      00000000 
 354 004e C3000000 		.ascii	"\303\000\000\000"
 355 0052 5F5F6465 		.ascii	"__default_exit\000"
 355      6661756C 
 355      745F6578 
 355      697400
 356 0061 00       		.ascii	"\000"
 357 0062 01       		.ascii	"\001"
 358 0063 00       		.ascii	"\000"
 359 0064 00000000 		.ascii	"\000\000\000\000\000\000\000\000"
 359      00000000 
 360 006c C8000000 		.ascii	"\310\000\000\000"
 361 0070 5F5F696E 		.ascii	"__init_ram_areas\000"
 361      69745F72 
 361      616D5F61 
 361      72656173 
 361      00
 362 0081 00       		.ascii	"\000"
 363 0082 00       		.ascii	"\000"
 364 0083 00       		.ascii	"\000"
 365 0084 00000000 		.ascii	"\000\000\000\000\000\000\000\000"
 365      00000000 
 366 008c CA000000 		.ascii	"\312\000\000\000"
 367 0090 5F5F7261 		.ascii	"__ram0_init_text__\000"
 367      6D305F69 
 367      6E69745F 
 367      74657874 
 367      5F5F00
 368 00a3 00       		.ascii	"\000"
 369 00a4 02       		.ascii	"\002"
 370 00a5 00       		.ascii	"\000"
 371 00a6 00000000 		.ascii	"\000\000\000\000\000\000\000\000"
 371      00000000 
 372 00ae F0000000 		.ascii	"\360\000\000\000"
 373 00b2 5F5F7261 		.ascii	"__ram0_init__\000"
 373      6D305F69 
 373      6E69745F 
 373      5F00
ARM GAS  /tmp/ccYPRBI7.s 			page 27


 374 00c0 00       		.ascii	"\000"
 375 00c1 02       		.ascii	"\002"
 376 00c2 00       		.ascii	"\000"
 377 00c3 00000000 		.ascii	"\000\000\000\000\000\000\000\000"
 377      00000000 
 378 00cb F2000000 		.ascii	"\362\000\000\000"
 379 00cf 5F5F7261 		.ascii	"__ram0_clear__\000"
 379      6D305F63 
 379      6C656172 
 379      5F5F00
 380 00de 00       		.ascii	"\000"
 381 00df 02       		.ascii	"\002"
 382 00e0 00       		.ascii	"\000"
 383 00e1 00000000 		.ascii	"\000\000\000\000\000\000\000\000"
 383      00000000 
 384 00e9 F4000000 		.ascii	"\364\000\000\000"
 385 00ed 5F5F7261 		.ascii	"__ram0_noinit__\000"
 385      6D305F6E 
 385      6F696E69 
 385      745F5F00 
 386 00fd 00       		.ascii	"\000"
 387 00fe 02       		.ascii	"\002"
 388 00ff 00       		.ascii	"\000"
 389 0100 00000000 		.ascii	"\000\000\000\000\000\000\000\000"
 389      00000000 
 390 0108 F6000000 		.ascii	"\366\000\000\000"
 391 010c 5F5F7261 		.ascii	"__ram1_init_text__\000"
 391      6D315F69 
 391      6E69745F 
 391      74657874 
 391      5F5F00
 392 011f 00       		.ascii	"\000"
 393 0120 02       		.ascii	"\002"
 394 0121 00       		.ascii	"\000"
 395 0122 00000000 		.ascii	"\000\000\000\000\000\000\000\000"
 395      00000000 
 396 012a F8000000 		.ascii	"\370\000\000\000"
 397 012e 5F5F7261 		.ascii	"__ram1_init__\000"
 397      6D315F69 
 397      6E69745F 
 397      5F00
 398 013c 00       		.ascii	"\000"
 399 013d 02       		.ascii	"\002"
 400 013e 00       		.ascii	"\000"
 401 013f 00000000 		.ascii	"\000\000\000\000\000\000\000\000"
 401      00000000 
 402 0147 FA000000 		.ascii	"\372\000\000\000"
 403 014b 5F5F7261 		.ascii	"__ram1_clear__\000"
 403      6D315F63 
 403      6C656172 
 403      5F5F00
 404 015a 00       		.ascii	"\000"
 405 015b 02       		.ascii	"\002"
 406 015c 00       		.ascii	"\000"
 407 015d 00000000 		.ascii	"\000\000\000\000\000\000\000\000"
 407      00000000 
 408 0165 FC000000 		.ascii	"\374\000\000\000"
ARM GAS  /tmp/ccYPRBI7.s 			page 28


 409 0169 5F5F7261 		.ascii	"__ram1_noinit__\000"
 409      6D315F6E 
 409      6F696E69 
 409      745F5F00 
 410 0179 00       		.ascii	"\000"
 411 017a 02       		.ascii	"\002"
 412 017b 00       		.ascii	"\000"
 413 017c 00000000 		.ascii	"\000\000\000\000\000\000\000\000"
 413      00000000 
 414 0184 FE000000 		.ascii	"\376\000\000\000"
 415 0188 5F5F7261 		.ascii	"__ram2_init_text__\000"
 415      6D325F69 
 415      6E69745F 
 415      74657874 
 415      5F5F00
 416 019b 00       		.ascii	"\000"
 417 019c 02       		.ascii	"\002"
 418 019d 00       		.ascii	"\000"
 419 019e 00000000 		.ascii	"\000\000\000\000\000\000\000\000"
 419      00000000 
 420 01a6 00010000 		.ascii	"\000\001\000\000"
 421 01aa 5F5F7261 		.ascii	"__ram2_init__\000"
 421      6D325F69 
 421      6E69745F 
 421      5F00
 422 01b8 00       		.ascii	"\000"
 423 01b9 02       		.ascii	"\002"
 424 01ba 00       		.ascii	"\000"
 425 01bb 00000000 		.ascii	"\000\000\000\000\000\000\000\000"
 425      00000000 
 426 01c3 02010000 		.ascii	"\002\001\000\000"
 427 01c7 5F5F7261 		.ascii	"__ram2_clear__\000"
 427      6D325F63 
 427      6C656172 
 427      5F5F00
 428 01d6 00       		.ascii	"\000"
 429 01d7 02       		.ascii	"\002"
 430 01d8 00       		.ascii	"\000"
 431 01d9 00000000 		.ascii	"\000\000\000\000\000\000\000\000"
 431      00000000 
 432 01e1 04010000 		.ascii	"\004\001\000\000"
 433 01e5 5F5F7261 		.ascii	"__ram2_noinit__\000"
 433      6D325F6E 
 433      6F696E69 
 433      745F5F00 
 434 01f5 00       		.ascii	"\000"
 435 01f6 02       		.ascii	"\002"
 436 01f7 00       		.ascii	"\000"
 437 01f8 00000000 		.ascii	"\000\000\000\000\000\000\000\000"
 437      00000000 
 438 0200 06010000 		.ascii	"\006\001\000\000"
 439 0204 5F5F7261 		.ascii	"__ram3_init_text__\000"
 439      6D335F69 
 439      6E69745F 
 439      74657874 
 439      5F5F00
 440 0217 00       		.ascii	"\000"
ARM GAS  /tmp/ccYPRBI7.s 			page 29


 441 0218 02       		.ascii	"\002"
 442 0219 00       		.ascii	"\000"
 443 021a 00000000 		.ascii	"\000\000\000\000\000\000\000\000"
 443      00000000 
 444 0222 08010000 		.ascii	"\010\001\000\000"
 445 0226 5F5F7261 		.ascii	"__ram3_init__\000"
 445      6D335F69 
 445      6E69745F 
 445      5F00
 446 0234 00       		.ascii	"\000"
 447 0235 02       		.ascii	"\002"
 448 0236 00       		.ascii	"\000"
 449 0237 00000000 		.ascii	"\000\000\000\000\000\000\000\000"
 449      00000000 
 450 023f 0A010000 		.ascii	"\012\001\000\000"
 451 0243 5F5F7261 		.ascii	"__ram3_clear__\000"
 451      6D335F63 
 451      6C656172 
 451      5F5F00
 452 0252 00       		.ascii	"\000"
 453 0253 02       		.ascii	"\002"
 454 0254 00       		.ascii	"\000"
 455 0255 00000000 		.ascii	"\000\000\000\000\000\000\000\000"
 455      00000000 
 456 025d 0C010000 		.ascii	"\014\001\000\000"
 457 0261 5F5F7261 		.ascii	"__ram3_noinit__\000"
 457      6D335F6E 
 457      6F696E69 
 457      745F5F00 
 458 0271 00       		.ascii	"\000"
 459 0272 02       		.ascii	"\002"
 460 0273 00       		.ascii	"\000"
 461 0274 00000000 		.ascii	"\000\000\000\000\000\000\000\000"
 461      00000000 
 462 027c 0E010000 		.ascii	"\016\001\000\000"
 463 0280 5F5F7261 		.ascii	"__ram4_init_text__\000"
 463      6D345F69 
 463      6E69745F 
 463      74657874 
 463      5F5F00
 464 0293 00       		.ascii	"\000"
 465 0294 02       		.ascii	"\002"
 466 0295 00       		.ascii	"\000"
 467 0296 00000000 		.ascii	"\000\000\000\000\000\000\000\000"
 467      00000000 
 468 029e 10010000 		.ascii	"\020\001\000\000"
 469 02a2 5F5F7261 		.ascii	"__ram4_init__\000"
 469      6D345F69 
 469      6E69745F 
 469      5F00
 470 02b0 00       		.ascii	"\000"
 471 02b1 02       		.ascii	"\002"
 472 02b2 00       		.ascii	"\000"
 473 02b3 00000000 		.ascii	"\000\000\000\000\000\000\000\000"
 473      00000000 
 474 02bb 12010000 		.ascii	"\022\001\000\000"
 475 02bf 5F5F7261 		.ascii	"__ram4_clear__\000"
ARM GAS  /tmp/ccYPRBI7.s 			page 30


 475      6D345F63 
 475      6C656172 
 475      5F5F00
 476 02ce 00       		.ascii	"\000"
 477 02cf 02       		.ascii	"\002"
 478 02d0 00       		.ascii	"\000"
 479 02d1 00000000 		.ascii	"\000\000\000\000\000\000\000\000"
 479      00000000 
 480 02d9 14010000 		.ascii	"\024\001\000\000"
 481 02dd 5F5F7261 		.ascii	"__ram4_noinit__\000"
 481      6D345F6E 
 481      6F696E69 
 481      745F5F00 
 482 02ed 00       		.ascii	"\000"
 483 02ee 02       		.ascii	"\002"
 484 02ef 00       		.ascii	"\000"
 485 02f0 00000000 		.ascii	"\000\000\000\000\000\000\000\000"
 485      00000000 
 486 02f8 16010000 		.ascii	"\026\001\000\000"
 487 02fc 5F5F7261 		.ascii	"__ram5_init_text__\000"
 487      6D355F69 
 487      6E69745F 
 487      74657874 
 487      5F5F00
 488 030f 00       		.ascii	"\000"
 489 0310 02       		.ascii	"\002"
 490 0311 00       		.ascii	"\000"
 491 0312 00000000 		.ascii	"\000\000\000\000\000\000\000\000"
 491      00000000 
 492 031a 18010000 		.ascii	"\030\001\000\000"
 493 031e 5F5F7261 		.ascii	"__ram5_init__\000"
 493      6D355F69 
 493      6E69745F 
 493      5F00
 494 032c 00       		.ascii	"\000"
 495 032d 02       		.ascii	"\002"
 496 032e 00       		.ascii	"\000"
 497 032f 00000000 		.ascii	"\000\000\000\000\000\000\000\000"
 497      00000000 
 498 0337 1A010000 		.ascii	"\032\001\000\000"
 499 033b 5F5F7261 		.ascii	"__ram5_clear__\000"
 499      6D355F63 
 499      6C656172 
 499      5F5F00
 500 034a 00       		.ascii	"\000"
 501 034b 02       		.ascii	"\002"
 502 034c 00       		.ascii	"\000"
 503 034d 00000000 		.ascii	"\000\000\000\000\000\000\000\000"
 503      00000000 
 504 0355 1C010000 		.ascii	"\034\001\000\000"
 505 0359 5F5F7261 		.ascii	"__ram5_noinit__\000"
 505      6D355F6E 
 505      6F696E69 
 505      745F5F00 
 506 0369 00       		.ascii	"\000"
 507 036a 02       		.ascii	"\002"
 508 036b 00       		.ascii	"\000"
ARM GAS  /tmp/ccYPRBI7.s 			page 31


 509 036c 00000000 		.ascii	"\000\000\000\000\000\000\000\000"
 509      00000000 
 510 0374 1E010000 		.ascii	"\036\001\000\000"
 511 0378 5F5F7261 		.ascii	"__ram6_init_text__\000"
 511      6D365F69 
 511      6E69745F 
 511      74657874 
 511      5F5F00
 512 038b 00       		.ascii	"\000"
 513 038c 02       		.ascii	"\002"
 514 038d 00       		.ascii	"\000"
 515 038e 00000000 		.ascii	"\000\000\000\000\000\000\000\000"
 515      00000000 
 516 0396 20010000 		.ascii	" \001\000\000"
 517 039a 5F5F7261 		.ascii	"__ram6_init__\000"
 517      6D365F69 
 517      6E69745F 
 517      5F00
 518 03a8 00       		.ascii	"\000"
 519 03a9 02       		.ascii	"\002"
 520 03aa 00       		.ascii	"\000"
 521 03ab 00000000 		.ascii	"\000\000\000\000\000\000\000\000"
 521      00000000 
 522 03b3 22010000 		.ascii	"\"\001\000\000"
 523 03b7 5F5F7261 		.ascii	"__ram6_clear__\000"
 523      6D365F63 
 523      6C656172 
 523      5F5F00
 524 03c6 00       		.ascii	"\000"
 525 03c7 02       		.ascii	"\002"
 526 03c8 00       		.ascii	"\000"
 527 03c9 00000000 		.ascii	"\000\000\000\000\000\000\000\000"
 527      00000000 
 528 03d1 24010000 		.ascii	"$\001\000\000"
 529 03d5 5F5F7261 		.ascii	"__ram6_noinit__\000"
 529      6D365F6E 
 529      6F696E69 
 529      745F5F00 
 530 03e5 00       		.ascii	"\000"
 531 03e6 02       		.ascii	"\002"
 532 03e7 00       		.ascii	"\000"
 533 03e8 00000000 		.ascii	"\000\000\000\000\000\000\000\000"
 533      00000000 
 534 03f0 26010000 		.ascii	"&\001\000\000"
 535 03f4 5F5F7261 		.ascii	"__ram7_init_text__\000"
 535      6D375F69 
 535      6E69745F 
 535      74657874 
 535      5F5F00
 536 0407 00       		.ascii	"\000"
 537 0408 02       		.ascii	"\002"
 538 0409 00       		.ascii	"\000"
 539 040a 00000000 		.ascii	"\000\000\000\000\000\000\000\000"
 539      00000000 
 540 0412 28010000 		.ascii	"(\001\000\000"
 541 0416 5F5F7261 		.ascii	"__ram7_init__\000"
 541      6D375F69 
ARM GAS  /tmp/ccYPRBI7.s 			page 32


 541      6E69745F 
 541      5F00
 542 0424 00       		.ascii	"\000"
 543 0425 02       		.ascii	"\002"
 544 0426 00       		.ascii	"\000"
 545 0427 00000000 		.ascii	"\000\000\000\000\000\000\000\000"
 545      00000000 
 546 042f 2A010000 		.ascii	"*\001\000\000"
 547 0433 5F5F7261 		.ascii	"__ram7_clear__\000"
 547      6D375F63 
 547      6C656172 
 547      5F5F00
 548 0442 00       		.ascii	"\000"
 549 0443 02       		.ascii	"\002"
 550 0444 00       		.ascii	"\000"
 551 0445 00000000 		.ascii	"\000\000\000\000\000\000\000\000"
 551      00000000 
 552 044d 2C010000 		.ascii	",\001\000\000"
 553 0451 5F5F7261 		.ascii	"__ram7_noinit__\000"
 553      6D375F6E 
 553      6F696E69 
 553      745F5F00 
 554 0461 00       		.ascii	"\000"
 555 0462 02       		.ascii	"\002"
 556 0463 00       		.ascii	"\000"
 557 0464 00000000 		.ascii	"\000\000\000\000\000\000\000\000"
 557      00000000 
 558 046c 2E010000 		.ascii	".\001\000\000"
 559              		.text
 560              		.section	.gnu.lto_.opts,"",%progbits
 561 0000 272D666D 		.ascii	"'-fmath-errno' '-fsigned-zeros' '-ftrapping-math' '"
 561      6174682D 
 561      6572726E 
 561      6F272027 
 561      2D667369 
 562 0033 2D666E6F 		.ascii	"-fno-trapv' '-fno-openmp' '-fno-openacc' '-mcpu=cor"
 562      2D747261 
 562      70762720 
 562      272D666E 
 562      6F2D6F70 
 563 0066 7465782D 		.ascii	"tex-m3' '-mthumb' '-O2' '-fomit-frame-pointer' '-fa"
 563      6D332720 
 563      272D6D74 
 563      68756D62 
 563      2720272D 
 564 0099 6C69676E 		.ascii	"lign-functions=16' '-ffunction-sections' '-fdata-se"
 564      2D66756E 
 564      6374696F 
 564      6E733D31 
 564      36272027 
 565 00cc 6374696F 		.ascii	"ctions' '-fno-common' '-flto'\000"
 565      6E732720 
 565      272D666E 
 565      6F2D636F 
 565      6D6D6F6E 
 566              		.text
 567              		.comm	__gnu_lto_v1,1,1
ARM GAS  /tmp/ccYPRBI7.s 			page 33


 568              		.comm	__gnu_lto_slim,1,1
 569              		.ident	"GCC: (15:7-2018-q2-6) 7.3.1 20180622 (release) [ARM/embedded-7-branch revision 261907]"
ARM GAS  /tmp/ccYPRBI7.s 			page 34


DEFINED SYMBOLS
                            *ABS*:0000000000000000 crt1.c
                            *COM*:0000000000000001 __gnu_lto_v1
                            *COM*:0000000000000001 __gnu_lto_slim

NO UNDEFINED SYMBOLS
