ARM GAS  /tmp/ccSZ16rL.s 			page 1


   1              		.cpu cortex-m3
   2              		.eabi_attribute 20, 1
   3              		.eabi_attribute 21, 1
   4              		.eabi_attribute 23, 3
   5              		.eabi_attribute 24, 1
   6              		.eabi_attribute 25, 1
   7              		.eabi_attribute 26, 1
   8              		.eabi_attribute 30, 2
   9              		.eabi_attribute 34, 1
  10              		.eabi_attribute 18, 4
  11              		.file	"hal.c"
  12              		.section	.gnu.lto_.profile.2921e5914c6a553a,"",%progbits
  13 0000 789C6363 		.ascii	"x\234cc```\001bF\206Xn\000\001=\000t"
  13      60606001 
  13      62468658 
  13      6E00013D 
  13      0074
  14              		.text
  15              		.section	.gnu.lto_.icf.2921e5914c6a553a,"",%progbits
  16 0000 789C6363 		.ascii	"x\234cc``\340`@\000F\206\206\375+zy\031\000\014l\002"
  16      6060E060 
  16      40004686 
  16      86FD2B7A 
  16      7919000C 
  17 0016 91       		.ascii	"\221"
  18              		.text
  19              		.section	.gnu.lto_.jmpfuncs.2921e5914c6a553a,"",%progbits
  20 0000 789C6363 		.ascii	"x\234cc``\360c@\000F\004\223\211q\0123c\363\257\375"
  20      6060F063 
  20      40004604 
  20      9389710A 
  20      3363F3AF 
  21 0015 9FF9EAFF 		.ascii	"\237\371\352\3776H\314afX\300\014R\260\231\261\236\201"
  21      3648CC61 
  21      6658C00C 
  21      52B099B1 
  21      9E81
  22 0027 F1000B23 		.ascii	"\361\000\013#\003\020\377\371\377\377??#\023P\335\264"
  22      0310FFF9 
  22      FFFF3F3F 
  22      231350DD 
  22      B4
  23 0038 D643E7D9 		.ascii	"\326C\347\331\273\231\201\252\030\031\030\2670\312\200"
  23      BB9981AA 
  23      181918B7 
  23      30CA80
  24 0047 30030300 		.ascii	"0\003\003\000\011\210\024k"
  24      0988146B 
  25              		.text
  26              		.section	.gnu.lto_.inline.2921e5914c6a553a,"",%progbits
  27 0000 789C6363 		.ascii	"x\234cc``pf@\000F\006\006\336\273@\222\011\310f[ \317"
  27      60607066 
  27      40004606 
  27      06DEBB40 
  27      9209C866 
  28 0017 0416E322 		.ascii	"\004\026\343\"H0q\203\264\202\231\014\000\205\223\002"
  28      48307183 
ARM GAS  /tmp/ccSZ16rL.s 			page 2


  28      B482990C 
  28      00859302 
  29 0027 65       		.ascii	"e"
  30              		.text
  31              		.section	.gnu.lto_.pureconst.2921e5914c6a553a,"",%progbits
  32 0000 789C6363 		.ascii	"x\234cc```\006bF\006\011\000\000}\000#"
  32      60606006 
  32      62460609 
  32      00007D00 
  32      23
  33              		.text
  34              		.section	.gnu.lto_halInit.2921e5914c6a553a,"",%progbits
  35 0000 789C75D1 		.ascii	"x\234u\321=K\303@\030\007\360\347\237k\323Hmu\021\324"
  35      3D4BC340 
  35      1807F0E7 
  35      9F6BD348 
  35      6D7511D4 
  36 0014 7670EDD2 		.ascii	"vp\355\322~\013\007\277\205tq\020\004\373\001r5\226"
  36      7E0B07BF 
  36      85747110 
  36      04FB0172 
  36      3596
  37 0026 567470B0 		.ascii	"Vtp\260\325!H\020A\235\244\324\267\370\326\330\017\240"
  37      D5214810 
  37      419DA4D4 
  37      B7F8D6D8 
  37      0FA0
  38 0038 E8EA5451 		.ascii	"\350\352TQA\250/\340 U\254>iD2\244G\216\273\334\363"
  38      41A82FE0 
  38      2055AC3E 
  38      694432A4 
  38      478EBBDC 
  39 004d BB27CFE5 		.ascii	"\273'\317\345T\"\032W\210\222<&\270C\020\224\345K\242"
  39      54221A57 
  39      88923C26 
  39      B8431094 
  39      E54BA2
  40 0060 BCA600EE 		.ascii	"\274\246\000\356Dj ]\201\216%\261\"\320(>\332JjKrsV"
  40      446A205D 
  40      818E25B1 
  40      22D0283E 
  40      DA4A6A4B 
  41 0077 DF46E4B6 		.ascii	"\337F\344\266\003S\020U\270\273\0155\244\210\331]\265"
  41      03531055 
  41      B8BB0D35 
  41      A488D95D 
  41      B5
  42 0088 538EA921 		.ascii	"S\216\251!o\035{P\011<\331\275\011;\262\363S\224\316"
  42      6F1D7B50 
  42      093CD9BD 
  42      093BB2F3 
  42      5394CE
  43 009b FD063E26 		.ascii	"\375\006>&\242D%\216\363G\244C\013Bqg\206C-\030\326"
  43      A244258E 
  43      F347A443 
  43      0B427167 
  43      86432D18 
ARM GAS  /tmp/ccSZ16rL.s 			page 3


  44 00b0 57A2BB89 		.ascii	"W\242\273\2113\331v\3536\242\177K\315\024\250\010\316"
  44      33D976EB 
  44      36A27F4B 
  44      CD14A808 
  44      CE
  45 00c1 827DE864 		.ascii	"\202}\350d\262na\336\252\366\0078Q\341(\341\200\035"
  45      B26E61DE 
  45      AAF60738 
  45      51E128E1 
  45      801D
  46 00d3 072A85C6 		.ascii	"\007*\205\306UdQ\230\"\004\367\325\370\254\277\307\331"
  46      55645198 
  46      2204F7D5 
  46      F8ACBFC7 
  46      D9
  47 00e4 0DF382E5 		.ascii	"\015\363\202\345V\307k\355\353\347R\324\302z~\320\024"
  47      56C76BED 
  47      EBE752D4 
  47      C27A7ED0 
  47      14
  48 00f5 611CF159 		.ascii	"a\034\361Y\017\221\354F\214\315Z\001\254\327\244\034"
  48      0F91EC46 
  48      8CCD5A01 
  48      ACD7A41C 
  49 0105 7333D8B0 		.ascii	"s3\330\260\340\035\347\030\272)\324n\261\315\240\"\270"
  49      E01DE718 
  49      BA29D46E 
  49      B1CDA022 
  49      B8
  50 0116 58CE8E93 		.ascii	"X\316\216\223\377b\015\353)\026\354B\354N}\356!\036"
  50      FF620DEB 
  50      2916EC42 
  50      EC4E7DEE 
  50      211E
  51 0128 ECC2ECCE 		.ascii	"\354\302\354\316|\2569\020\354Tv\347>\327\356\341\""
  51      7CAE3910 
  51      EC5476E7 
  51      3ED7EEE1 
  51      22
  52 0139 ECEA3EB7 		.ascii	"\354\352>\2673\024\3544v\216\277\276\036\256\217\335"
  52      3314EC34 
  52      768EBFBE 
  52      1EAE8FDD 
  53 0149 C59F7BC1 		.ascii	"\305\237{\301\234\365Z\366\376\225\333J|u|\275|/\243"
  53      9CF55AF6 
  53      FE95DB4A 
  53      7C757CBD 
  53      7C2FA3
  54 015c E974C67B 		.ascii	"\351t\306{fr\231\251\311\351Ln6\353\216\351,\375\002"
  54      667299A9 
  54      C9E94C6E 
  54      36EB8EE9 
  54      2CFD02
  55 016f 3BCDC623 		.ascii	";\315\306#"
  56              		.text
  57              		.section	.gnu.lto_.symbol_nodes.2921e5914c6a553a,"",%progbits
  58 0000 789C55C9 		.ascii	"x\234U\311\271\015\302@\024E\321\3537\336\240\011(\005"
ARM GAS  /tmp/ccSZ16rL.s 			page 4


  58      B90DC240 
  58      1445D1EB 
  58      37DEA009 
  58      2805
  59 0012 2AFB0E2C 		.ascii	"*\373\016,b:`\033\266\026\210\035S\003H\016i\001\304"
  59      623A601B 
  59      B616881D 
  59      5303480E 
  59      6901C4
  60 0025 30113F78 		.ascii	"0\021?x\272\322y5\360NC\033\031\254\357\220r\353\226"
  60      BAD27935 
  60      F04E431B 
  60      19ACEF90 
  60      72EB96
  61 0038 50EDC53C 		.ascii	"P\355\305<=\305UV\344\007\272n\221\340\"\223\203\263"
  61      3DC55556 
  61      E407BA6E 
  61      91E02293 
  61      83B3
  62 004a 2C3838C9 		.ascii	",88\311J\007GY\345 \312j\007\007Y\343`'k\035le\223\177"
  62      4A074759 
  62      E520CA6A 
  62      070759E3 
  62      60276B1D 
  63 0062 084C898F 		.ascii	"\010L\211\217O\021\2300\344\266\214\271\015\375\363"
  63      4F119830 
  63      E4B68CB9 
  63      0DFDF3
  64 0071 D79A985B 		.ascii	"\327\232\230[1\344\226\214\271\201~\365\232\005DL\345"
  64      31E4968C 
  64      B9817EF5 
  64      9A05444C 
  64      E5
  65 0082 0B621C3F 		.ascii	"\013b\034?3"
  65      33
  66              		.text
  67              		.section	.gnu.lto_.refs.2921e5914c6a553a,"",%progbits
  68 0000 789C6363 		.ascii	"x\234cc```\003bF\006&F&\006\000\000\263\000\023"
  68      60606003 
  68      62460626 
  68      46260600 
  68      00B30013 
  69              		.text
  70              		.section	.gnu.lto_.decls.2921e5914c6a553a,"",%progbits
  71 0000 789C8D56 		.ascii	"x\234\215VkLTG\024\276\347\016\354\302\002b\240ilcS"
  71      6B4C5447 
  71      14BEE70E 
  71      ECC20262 
  71      A0696C63 
  72 0015 4A306E93 		.ascii	"J0n\223\226\005\265I\177\364\217\365U\023\037$m\377"
  72      9605B549 
  72      7FF48FF5 
  72      55131F24 
  72      6DFF
  73 0027 B43F5604 		.ascii	"\264?V\004\224M\020\010\273XM\223\366\362\260\022\244"
  73      944D1008 
  73      BB584D93 
ARM GAS  /tmp/ccSZ16rL.s 			page 5


  73      F6F2B012 
  73      A4
  74 0038 A295AAB0 		.ascii	"\242\225\252\260\240\024\254\0265b\253\370\000\254\250"
  74      A014AC16 
  74      3562ABF8 
  74      00ACA8
  75 0047 0551C107 		.ascii	"\005Q\301\007\370\002Q\020EQ\004V@V\336=3s\357\336e"
  75      F8025110 
  75      45510456 
  75      4056DE3D 
  75      3373EFDE 
  76 005c 2BD09B3D 		.ascii	"+\320\233=w\356\231\371\276\357\234\2313w\356j\004A"
  76      77EE99F9 
  76      BEEF9C99 
  76      3377EE6A 
  76      0441
  77 006e 58AF1384 		.ascii	"X\257\023\204[\242 \224\343\363\030^\370(\234C\003\264"
  77      5BA22094 
  77      E3F3185E 
  77      F8289C43 
  77      03B4
  78 0080 56815F08 		.ascii	"V\201_\010\021\236\241u\240u\242u\243\275D\353E{\205"
  78      119EA175 
  78      A075A275 
  78      A3BD44EB 
  78      457B85
  79 0093 66471B42 		.ascii	"fG\033B\033\221yc\302\370\253\036;\265\330\256\0228"
  79      1B917963 
  79      C2F8AB1E 
  79      3BB5D8AE 
  79      1238
  80 00a5 A09D36C0 		.ascii	"\240\2356\300\365\037\242\015\272\304\031\221\365\354"
  80      F51FA20D 
  80      BAC41991 
  80      F5EC
  81 00b3 B27EAF1C 		.ascii	"\262~\257\034\257[\216\3371A\234,\0027R\217\346\222"
  81      AF5B8EDF 
  81      31419C2C 
  81      0237528F 
  81      E692
  82 00c5 2D04FC74 		.ascii	"-\004\374t\340\206\356\313\332\234G\323\320}K\007\001"
  82      E086EECB 
  82      DA9C47D3 
  82      D07D4B07 
  82      01
  83 00d6 E8969D2C 		.ascii	"\350\226\235,\257r\347\243!\350\016\265g5\000w\275\321"
  83      AF72E7A3 
  83      21E80EB5 
  83      67350077 
  83      BDD1
  84 00e8 4D2E6BD8 		.ascii	"M.k\330\356\313\301-\202\023\331\217\223\267f\036\373"
  84      EECBC12D 
  84      8213D98F 
  84      93B7661E 
  84      FB
  85 00f9 534744A0 		.ascii	"SGD\240C9e}\227e!\017t\013+K\007\275\210'\033\272_]"
  85      4339657D 
ARM GAS  /tmp/ccSZ16rL.s 			page 6


  85      9765210F 
  85      740B2B4B 
  85      07BD8827 
  86 0111 74886630 		.ascii	"t\210f0[\007t=}\261\253\370\305\351\001\037\336E\021"
  86      5B07743D 
  86      7DB1ABF8 
  86      C5E9011F 
  86      DE4511
  87 0124 37FB330B 		.ascii	"7\3733\013<\210\017{.l,\330\251\015>,\361\313c\245\000"
  87      3C880F7B 
  87      2E6C2CD8 
  87      A90D3E2C 
  87      F1CB63A5 
  88 0139 7F035126 		.ascii	"\177\003Q&S\227\331\263OKB(Pln\030j\232\006:}\232$%"
  88      5397D9B3 
  88      4F4B4228 
  88      506C6E18 
  88      6A9A063A 
  89 0151 4BF92992 		.ascii	"K\371)\222\347\027\002\034\207\231p\014f\012p\036\364"
  89      E717021C 
  89      8799700C 
  89      660A701E 
  89      F4
  90 0162 54FC2C04 		.ascii	"T\374,\004\013p\006;\313\261s?\025\254h\266\317\336"
  90      0B70063B 
  90      CBB1733F 
  90      15AC68B6 
  90      CFDE
  91 0174 BE599244 		.ascii	"\276Y\222D8\007:\250\000\3020\270z\263u<D\321\276\355"
  91      38073AA8 
  91      00C230B8 
  91      7AB3753C 
  91      44D1BEED 
  92 0188 051A6262 		.ascii	"\005\032bb!\312\254m\225\342D!*'\014qgO`\325&\032\342"
  92      21CAAC6D 
  92      95E24421 
  92      2A270C71 
  92      674F60D5 
  93 019f 1F0C7141 		.ascii	"\037\014qA\015\201\021y\214\326\322\246$\221\374\012"
  93      0D811179 
  93      8CD6D2A6 
  93      2491FC0A 
  94 01af 6CC2A3E9 		.ascii	"l\302\243\351\3456B\262\231\343^\335\327\237\342\015"
  94      E53642B2 
  94      99E35EDD 
  94      D79FE20D 
  95 01bf 414141FE 		.ascii	"AAA\376\372\002\032\264\242\373\220>\257\256]\222~\361"
  95      FA021AB4 
  95      A2FB903E 
  95      AFAE5D92 
  95      7EF1
  96 01d1 666A55A8 		.ascii	"fjU\250v\005\374\325,\0143Q8\024o\002\307\267\276\227"
  96      7605FCD5 
  96      2C0C3351 
  96      38146F02 
  96      C7B7BE97 
  97 01e5 2355A412 		.ascii	"#U\244\022\006.{#\030=\007\272\307\011}\321\025]\012"
ARM GAS  /tmp/ccSZ16rL.s 			page 7


  97      062E7B23 
  97      183D07BA 
  97      C7097DD1 
  97      155D0A
  98 01f8 0EEDED74 		.ascii	"\016\355\355t^\333\320\300M\200\223\0108\301\306(\034"
  98      5EDBD0C0 
  98      4D809308 
  98      38C1C628 
  98      1C
  99 0209 E70635B8 		.ascii	"\347\0065\270\024\325\020\004\227\320.C\020\253\026"
  99      14D51004 
  99      97D02E43 
  99      10AB16
 100 0218 5F8AAA3C 		.ascii	"_\212\252<\277$dQ\244 /\203\\\312\263\243\251\3275\244"
 100      BF246451 
 100      A4202F83 
 100      5CCAB3A3 
 100      A9D735A4 
 101 022c 9E4D5BBC 		.ascii	"\236M[\274Xt\260\026\300_\377\3068p\015\345\247\016"
 101      5874B016 
 101      C05FFFC6 
 101      38700DE5 
 101      A70E
 102 023e 359AA7C1 		.ascii	"5\232\247\301\375\002W\021X\253\2569\015\314\342u\245"
 102      FD025711 
 102      58ABAE39 
 102      0DCCE275 
 102      A5
 103 024f B6B578F1 		.ascii	"\266\265x\361\015:\003\335\222\332S\017\334\311\023"
 103      0D3A03DD 
 103      92DA530F 
 103      DCC913
 104 025e 5E82A69E 		.ascii	"^\202\246\236\333\233\275H'w\212\207\263\016hH\037w"
 104      DB9BBD48 
 104      27778A87 
 104      B30E6848 
 104      1F77
 105 0270 32531EFC 		.ascii	"2S\036\374\300I\237\241\227\261\373\3006\215\374>\020"
 105      C0499FA1 
 105      97B1FBC0 
 105      368DFC3E 
 105      10
 106 0281 F4D34B76 		.ascii	"\364\323Kv\024\372\222!\006\325n\332s1O\313J\027\244"
 106      14FA9221 
 106      06D56EDA 
 106      73314FCB 
 106      4A17A4
 107 0294 0F2A6029 		.ascii	"\017*`)\365\357\365\333!I\325!,\251\033\230T#\266\216"
 107      F5EFF5DB 
 107      2149D521 
 107      2CA91B98 
 107      5423B68E 
 108 02a8 695D07E7 		.ascii	"i]\007\347\332!\374\274>\211U\203\242O\273\242O\301"
 108      DA21FCBC 
 108      3E895583 
 108      A24FBBA2 
 108      4FC1
ARM GAS  /tmp/ccSZ16rL.s 			page 8


 109 02ba B8E221BC 		.ascii	"\270\342!\274\321\011~\333\025^2A\361n!\340&\033k\224"
 109      D1097EDB 
 109      155E3241 
 109      F16E21E0 
 109      261B6B94 
 110 02ce 57B40957 		.ascii	"W\264\011W\364\036\256\346}\264;hw\321\032\344\225\345"
 110      F41EAEE6 
 110      7DB43B68 
 110      77D11AE4 
 110      95E5
 111 02e0 81EADE57 		.ascii	"\201\352\336W\003\325\273\006R7\240\\\361\275\274\342"
 111      03D5BB06 
 111      5237A05C 
 111      F1BDBCE2 
 112 02f0 8DE32BCE 		.ascii	"\215\343+\316\225\2368/H\235\253T\251\323\024qu\317"
 112      959E382F 
 112      489DAB54 
 112      A9D31471 
 112      75CF
 113 0302 0DBCD8E4 		.ascii	"\015\274\330\344K\222\331\371\"\026w\332~\004\275?\217"
 113      4B92D9F9 
 113      221677DA 
 113      7E04BD3F 
 113      8F
 114 0313 D155C44A 		.ascii	"\321U\304J\335\202\344\007j\251\033Y\251\3378[h\306"
 114      DD82E407 
 114      6AA91B59 
 114      A9DF385B 
 114      68C6
 115 0325 49FE9F09 		.ascii	"I\376\237\011\323\303h\260\367\226\257\277,\2236\241"
 115      D3C368B0 
 115      F796AFBF 
 115      2C9336A1 
 116 0335 8C309986 		.ascii	"\2140\231\2065\273\256\335\323;\335ql\300C\247\027K"
 116      35BBAEDD 
 116      D33BDD71 
 116      6CC043A7 
 116      174B
 117 0347 8056F066 		.ascii	"\200V\360f\007\177+;eK\317\2359\353\325\214R\370\245"
 117      077F2B3B 
 117      654BCF9D 
 117      39EBD58C 
 117      52F8A5
 118 035a 81E94C82 		.ascii	"\201\351L\202~\013\350\035[j\314\037S.\340\375\330+"
 118      7E0BE81D 
 118      5B6ACC1F 
 118      532EE0FD 
 118      D82B
 119 036c F2468652 		.ascii	"\362F\206RG\241\200\243G\2245DE\227\375d\001pV\345\343"
 119      47A180A3 
 119      47943544 
 119      4597FD64 
 119      017056E5 
 120 0381 3C9C72F1 		.ascii	"<\234r\361\357\012\177p\342\361.Q\015\346D\371O\256"
 120      EF0A7F70 
 120      E2F12E51 
 120      0DE644F9 
ARM GAS  /tmp/ccSZ16rL.s 			page 9


 120      4FAE
 121 0393 8263D891 		.ascii	"\202c\330\221\224:I\220W\354@n\266{\013VS\200o\004a"
 121      943A4990 
 121      57EC406E 
 121      B67B0B56 
 121      53806F04 
 122 03a8 9B472C7B 		.ascii	"\233G,{\373l\307\244V\035\311\340_\230\3121{\205/\177"
 122      FB6CC7A4 
 122      561DC9E0 
 122      5F98CA31 
 122      7B852F7F 
 123 03bc 1745FA29 		.ascii	"\027E\372)\260\325\344y\361wq:\272\2073\306\262\334"
 123      B0D5E479 
 123      F177713A 
 123      BA8733C6 
 123      B2DC
 124 03ce 67EC6455 		.ascii	"g\354dUK\221\246\213\260\352mx\212\013\376\204-x;\314"
 124      4B91A68B 
 124      B0EA6D78 
 124      8A0BFE84 
 124      2D783BCC 
 125 03e2 C07BAC1B 		.ascii	"\300{\254\033\217eK\273>\"\006\346K\371-R\305\323\313"
 125      8F654BBB 
 125      3E2206E6 
 125      4BF92D52 
 125      C5D3CB
 126 03f5 014F8F4B 		.ascii	"\001O\217K\022\036\327\222\033\205A\233\272\241\332"
 126      121ED792 
 126      1B85419B 
 126      BAA1DA
 127 0404 E887071E 		.ascii	"\350\207\007\036\343>\203GXz\001\236A \3227\377\325"
 127      E33E8347 
 127      587A019E 
 127      4120D237 
 127      FFD5
 128 0416 D5EC4E8A 		.ascii	"\325\354N\212yV\031\217\313J|Q\253\005\267\245\375\352"
 128      7956198F 
 128      CB4A7C51 
 128      AB05B7A5 
 128      FDEA
 129 0428 A7BB8FB6 		.ascii	"\247\273\217\266Ki:\026\020\236\253J\317\345O\030t0"
 129      4B693A16 
 129      109EAB4A 
 129      CFE54F18 
 129      7430
 130 043a 859A27F7 		.ascii	"\205\232'\367\277'w\271\300\241\312\364$7Y\240\276\351"
 130      BF2777B9 
 130      C0A1CAF4 
 130      243759A0 
 130      BEE9
 131 044c A3E2E352 		.ascii	"\243\342\343R\252;\243\277P\351/\024z'\243\347\332\255"
 131      AA3BA3BF 
 131      50E92F14 
 131      7A27A3E7 
 131      DAAD
 132 045e 2522D945 		.ascii	"%\"\331E\030\177\377\026\273\225\310\374\241\216\200"
 132      187FFF16 
ARM GAS  /tmp/ccSZ16rL.s 			page 10


 132      BB95C8FC 
 132      A18E80
 133 046d 230E7E97 		.ascii	"#\016~\227\312\357R\370\335\214\177l \315\012\344\022"
 133      CAEF52F8 
 133      DD8C7F6C 
 133      20CD0AE4 
 133      12
 134 047e E7973D38 		.ascii	"\347\227=8\331\241\225\371W\006\347Y/\374T\021\306\363"
 134      D9A195F9 
 134      5706E759 
 134      2FFC5411 
 134      C6F3
 135 0490 B7A90236 		.ascii	"\267\251\0026E\340%\023\270v\271p\330\207\364q\201\372"
 135      45E02513 
 135      B876B970 
 135      D887F471 
 135      81FA
 136 04a2 ACA2011F 		.ascii	"\254\242\001\037Y\340\336\230\276\306\221@\217\312\357"
 136      59E0DE98 
 136      BEC69140 
 136      8FCAEF
 137 04b1 51F8BD8C 		.ascii	"Q\370\275\214_v\373\352\267\34477F\3377\220\373\273"
 137      5F76FBEA 
 137      B7E43737 
 137      46DF3790 
 137      FBBB
 138 04c3 A8C4FF99 		.ascii	"\250\304\377\231X+\035\361\373T~\237\302\177\305\370"
 138      582B1DF1 
 138      FB547E9F 
 138      C27FC5F8 
 139 04d3 5B7755DC 		.ascii	"[wU\334\323\220\032.\220\373\320:\246L\340Q\016I\253"
 139      D3901A2E 
 139      90FBD03A 
 139      A64CE051 
 139      0E49AB
 140 04e6 7508F4AB 		.ascii	"u\010\364\253\002\375\212\200\235\011\034<\234\335\346"
 140      02FD8A80 
 140      9D091C3C 
 140      9CDDE6
 141 04f5 49EC5CE0 		.ascii	"I\354\\\340D\326\363nO7\221\277\217t\223\320?BU9\267"
 141      44D6F36E 
 141      4F3791BF 
 141      8F7493D0 
 141      3F425539 
 142 050a B4136EA7 		.ascii	"\264\023n\247A\266\235\006@\336O=)Y\371\0329\203\216"
 142      41B69D06 
 142      40DE4F3D 
 142      2959F91A 
 142      39838E
 143 051d 4341DD6C 		.ascii	"CA\335l\005\020\003\257\325\004^+\011\014\261\004\262"
 143      051003AF 
 143      D5045E2B 
 143      090CB104 
 143      B2
 144 052e F7641E25 		.ascii	"\367d\036%d\223;K\240\353l\3573\307\0268HJ/:f0\254\012"
 144      64933B4B 
 144      A0EB6CEF 
ARM GAS  /tmp/ccSZ16rL.s 			page 11


 144      33C71638 
 144      484A2F3A 
 145 0546 0C2B0223 		.ascii	"\014+\002#L\240\372\302\221~/r\201\013\214\224\326\226"
 145      4CA0FAC2 
 145      917E2F72 
 145      810B8C94 
 145      D696
 146 0558 B8CD2A94 		.ascii	"\270\315*\224l\022\375\303\020\320eK\225\322\374\330"
 146      6C12FDC3 
 146      10D0654B 
 146      95D2FCD8 
 147 0568 9933CA05 		.ascii	"\2313\312\005\234\216\375Q\266\251\307`\026\362\366"
 147      9C8EFD51 
 147      B6A9C760 
 147      16F2F6
 148 0577 0E0F654F 		.ascii	"\016\017eOs>\246hL\365\230\222D~La\213\340?\254\311"
 148      733EA668 
 148      4CF59892 
 148      447E4C61 
 148      8BE03FAC 
 149 058c 8FBC9DC1 		.ascii	"\217\274\235\301\203\343\300I2\230\266\232\260\205\013"
 149      83E3C049 
 149      3298B69A 
 149      B0850B
 150 059b C32DE124 		.ascii	"\303-\341$\"!\346\235\340`\003\377\305\231\015\321\341"
 150      2221E69D 
 150      E06003FF 
 150      C5990DD1 
 150      E1
 151 05ac 31067342 		.ascii	"1\006sB\004m\203#<\226\254\370:`Ah\250\2403\032\023"
 151      046D8323 
 151      3C96ACF8 
 151      3A604168 
 151      A8A0331A 
 152 05c1 4DB196B9 		.ascii	"M\261\226\271s\214\226\217\015\211\346\004\203)6\"&"
 152      738C968F 
 152      0D89E604 
 152      83293622 
 152      26
 153 05d2 3132CA10 		.ascii	"12\312\020\033\365]\214i\265a]xD\264)6\312`\214\214"
 153      1BF55D8C 
 153      69B5615D 
 153      7844B429 
 153      36CA608C 
 154 05e7 5A139E18 		.ascii	"Z\023\236\030c1Z6\306G\231\203\243\005\017\205\026\370"
 154      63315A36 
 154      C6479983 
 154      A3050F85 
 154      16F8
 155 05f9 269A79A3 		.ascii	"&\232y\243\331`4[\"\021\203X\022\027\231\200\371D\177"
 155      D960345B 
 155      22118358 
 155      12179980 
 155      F9447F
 156 060c E29A4F7C 		.ascii	"\342\232O|\\\202\305l\370\362\253\345s\347\030\226-"
 156      5C82C56C 
 156      F8F2ABE5 
ARM GAS  /tmp/ccSZ16rL.s 			page 12


 156      73E71896 
 156      2D
 157 061d 5B685812 		.ascii	"[hX\022\266t\345\372P:d\214G\213\211\211D\266\237\331"
 157      B674E5FA 
 157      503A648C 
 157      478B8989 
 157      44B69FD9 
 158 0631 B20E03AD 		.ascii	"\262\016\003\255\2157\305\031\315Q\226\304x\243E\023"
 158      8D37C519 
 158      CD5196C4 
 158      78A34513 
 159 0641 B680CE51 		.ascii	"\266\200\316Q\023\3669o\346\363f\021m<\303\346/[\020"
 159      13F6396F 
 159      E6F36611 
 159      6D3CC3E6 
 159      2F5B10
 160 0654 17BBC6B4 		.ascii	"\027\273\306\264V\213:KcM\226w'\\\006Ac\266P\304\007"
 160      568B3A4B 
 160      634D9677 
 160      275C0641 
 160      63B650C4 
 161 0669 AE08653A 		.ascii	"\256\010e:4\0233\235\202\347\352\270\360\204H\212\235"
 161      3413339D 
 161      82E7EAB8 
 161      F084488A 
 161      9D
 162 067a E78A6523 		.ascii	"\347\212e#f\303\362\371a\313\026-_\272b\251\221\315"
 162      66C3F2F9 
 162      61CB162D 
 162      5FBA62A9 
 162      91CD
 163 068c C7B83834 		.ascii	"\307\27084d.\037C\272\326\034\231H\311\037N\032(*\301"
 163      642E1F43 
 163      BAD61C99 
 163      48C91F4E 
 163      1A282AC1 
 164 06a0 844DA279 		.ascii	"\204M\242y5e`C\031\201\22318Tcf\211\315\232Z\233\352"
 164      35656043 
 164      19819331 
 164      38546366 
 164      89CD9A5A 
 165 06b6 9AE6444C 		.ascii	"\232\346DL\251\213\030\012\015\217\234\032\212\030\204"
 165      A98B180A 
 165      0D8F9C1A 
 165      8A1884
 166 06c5 FA28F532 		.ascii	"\372(\3652\232\220\340\035\355\344\204LVtv_\034\272"
 166      9A90E01D 
 166      EDE4844C 
 166      5674765F 
 166      1CBA
 167 06d7 6183215A 		.ascii	"a\203!Z\2557\225R\266[\004\253\344\277{\253\370\377"
 167      AD379552 
 167      B65B04AB 
 167      E4BF7BAB 
 167      F8FF
 168              		.text
 169              		.section	.gnu.lto_.symtab.2921e5914c6a553a,"",%progbits
ARM GAS  /tmp/ccSZ16rL.s 			page 13


 170 0000 68616C49 		.ascii	"halInit\000"
 170      6E697400 
 171 0008 00       		.ascii	"\000"
 172 0009 00       		.ascii	"\000"
 173 000a 00       		.ascii	"\000"
 174 000b 00000000 		.ascii	"\000\000\000\000\000\000\000\000"
 174      00000000 
 175 0013 E9000000 		.ascii	"\351\000\000\000"
 176 0017 70616C5F 		.ascii	"pal_default_config\000"
 176      64656661 
 176      756C745F 
 176      636F6E66 
 176      696700
 177 002a 00       		.ascii	"\000"
 178 002b 02       		.ascii	"\002"
 179 002c 00       		.ascii	"\000"
 180 002d 00000000 		.ascii	"\000\000\000\000\000\000\000\000"
 180      00000000 
 181 0035 FF000000 		.ascii	"\377\000\000\000"
 182 0039 7374496E 		.ascii	"stInit\000"
 182      697400
 183 0040 00       		.ascii	"\000"
 184 0041 02       		.ascii	"\002"
 185 0042 00       		.ascii	"\000"
 186 0043 00000000 		.ascii	"\000\000\000\000\000\000\000\000"
 186      00000000 
 187 004b EB000000 		.ascii	"\353\000\000\000"
 188 004f 626F6172 		.ascii	"boardInit\000"
 188      64496E69 
 188      7400
 189 0059 00       		.ascii	"\000"
 190 005a 02       		.ascii	"\002"
 191 005b 00       		.ascii	"\000"
 192 005c 00000000 		.ascii	"\000\000\000\000\000\000\000\000"
 192      00000000 
 193 0064 ED000000 		.ascii	"\355\000\000\000"
 194 0068 73647549 		.ascii	"sduInit\000"
 194      6E697400 
 195 0070 00       		.ascii	"\000"
 196 0071 02       		.ascii	"\002"
 197 0072 00       		.ascii	"\000"
 198 0073 00000000 		.ascii	"\000\000\000\000\000\000\000\000"
 198      00000000 
 199 007b EF000000 		.ascii	"\357\000\000\000"
 200 007f 75736249 		.ascii	"usbInit\000"
 200      6E697400 
 201 0087 00       		.ascii	"\000"
 202 0088 02       		.ascii	"\002"
 203 0089 00       		.ascii	"\000"
 204 008a 00000000 		.ascii	"\000\000\000\000\000\000\000\000"
 204      00000000 
 205 0092 F1000000 		.ascii	"\361\000\000\000"
 206 0096 7364496E 		.ascii	"sdInit\000"
 206      697400
 207 009d 00       		.ascii	"\000"
 208 009e 02       		.ascii	"\002"
 209 009f 00       		.ascii	"\000"
ARM GAS  /tmp/ccSZ16rL.s 			page 14


 210 00a0 00000000 		.ascii	"\000\000\000\000\000\000\000\000"
 210      00000000 
 211 00a8 F3000000 		.ascii	"\363\000\000\000"
 212 00ac 69326349 		.ascii	"i2cInit\000"
 212      6E697400 
 213 00b4 00       		.ascii	"\000"
 214 00b5 02       		.ascii	"\002"
 215 00b6 00       		.ascii	"\000"
 216 00b7 00000000 		.ascii	"\000\000\000\000\000\000\000\000"
 216      00000000 
 217 00bf F5000000 		.ascii	"\365\000\000\000"
 218 00c3 61646349 		.ascii	"adcInit\000"
 218      6E697400 
 219 00cb 00       		.ascii	"\000"
 220 00cc 02       		.ascii	"\002"
 221 00cd 00       		.ascii	"\000"
 222 00ce 00000000 		.ascii	"\000\000\000\000\000\000\000\000"
 222      00000000 
 223 00d6 F7000000 		.ascii	"\367\000\000\000"
 224 00da 5F70616C 		.ascii	"_pal_lld_init\000"
 224      5F6C6C64 
 224      5F696E69 
 224      7400
 225 00e8 00       		.ascii	"\000"
 226 00e9 02       		.ascii	"\002"
 227 00ea 00       		.ascii	"\000"
 228 00eb 00000000 		.ascii	"\000\000\000\000\000\000\000\000"
 228      00000000 
 229 00f3 FB000000 		.ascii	"\373\000\000\000"
 230 00f7 68616C5F 		.ascii	"hal_lld_init\000"
 230      6C6C645F 
 230      696E6974 
 230      00
 231 0104 00       		.ascii	"\000"
 232 0105 02       		.ascii	"\002"
 233 0106 00       		.ascii	"\000"
 234 0107 00000000 		.ascii	"\000\000\000\000\000\000\000\000"
 234      00000000 
 235 010f FD000000 		.ascii	"\375\000\000\000"
 236              		.text
 237              		.section	.gnu.lto_.opts,"",%progbits
 238 0000 272D666D 		.ascii	"'-fmath-errno' '-fsigned-zeros' '-ftrapping-math' '"
 238      6174682D 
 238      6572726E 
 238      6F272027 
 238      2D667369 
 239 0033 2D666E6F 		.ascii	"-fno-trapv' '-fno-openmp' '-fno-openacc' '-mcpu=cor"
 239      2D747261 
 239      70762720 
 239      272D666E 
 239      6F2D6F70 
 240 0066 7465782D 		.ascii	"tex-m3' '-mthumb' '-O2' '-fomit-frame-pointer' '-fa"
 240      6D332720 
 240      272D6D74 
 240      68756D62 
 240      2720272D 
 241 0099 6C69676E 		.ascii	"lign-functions=16' '-ffunction-sections' '-fdata-se"
ARM GAS  /tmp/ccSZ16rL.s 			page 15


 241      2D66756E 
 241      6374696F 
 241      6E733D31 
 241      36272027 
 242 00cc 6374696F 		.ascii	"ctions' '-fno-common' '-flto'\000"
 242      6E732720 
 242      272D666E 
 242      6F2D636F 
 242      6D6D6F6E 
 243              		.text
 244              		.comm	__gnu_lto_v1,1,1
 245              		.comm	__gnu_lto_slim,1,1
 246              		.ident	"GCC: (15:7-2018-q2-6) 7.3.1 20180622 (release) [ARM/embedded-7-branch revision 261907]"
ARM GAS  /tmp/ccSZ16rL.s 			page 16


DEFINED SYMBOLS
                            *ABS*:0000000000000000 hal.c
                            *COM*:0000000000000001 __gnu_lto_v1
                            *COM*:0000000000000001 __gnu_lto_slim

NO UNDEFINED SYMBOLS
