ARM GAS  /tmp/ccqbRAT8.s 			page 1


   1              		.cpu cortex-m3
   2              		.eabi_attribute 20, 1
   3              		.eabi_attribute 21, 1
   4              		.eabi_attribute 23, 3
   5              		.eabi_attribute 24, 1
   6              		.eabi_attribute 25, 1
   7              		.eabi_attribute 26, 1
   8              		.eabi_attribute 30, 2
   9              		.eabi_attribute 34, 1
  10              		.eabi_attribute 18, 4
  11              		.file	"hal_lld.c"
  12              		.section	.gnu.lto_.profile.520f4b1ec5f882c7,"",%progbits
  13 0000 789C6363 		.ascii	"x\234cc```\001bF\2060'\000\001f\000\244"
  13      60606001 
  13      62468630 
  13      27000166 
  13      00A4
  14              		.text
  15              		.section	.gnu.lto_.icf.520f4b1ec5f882c7,"",%progbits
  16 0000 789C6363 		.ascii	"x\234cc``\020b@\000f\206\337\267{\343\031\317\037~~"
  16      60601062 
  16      40006686 
  16      DFB77BE3 
  16      19CF1F7E 
  17 0015 9D99A96D 		.ascii	"\235\231\251m\351\314b\006\000S\270\010k"
  17      E9CC6206 
  17      0053B808 
  17      6B
  18              		.text
  19              		.section	.gnu.lto_.jmpfuncs.520f4b1ec5f882c7,"",%progbits
  20 0000 789C6363 		.ascii	"x\234cc``\340b@\000&0\311\010\304\000\001\252\000\024"
  20      6060E062 
  20      40002630 
  20      C908C400 
  20      01AA0014 
  21              		.text
  22              		.section	.gnu.lto_.inline.520f4b1ec5f882c7,"",%progbits
  23 0000 789C6363 		.ascii	"x\234cc``0e@\000&\006\006)mF\006&\255\011'\230\030\330"
  23      60603065 
  23      40002606 
  23      06296D46 
  23      0626AD09 
  24 0018 16C83381 		.ascii	"\026\3103\201\004\031\271\340\004\203\316\034F\240t"
  24      0419B9E0 
  24      0483CE1C 
  24      46A074
  25 0027 D082D742 		.ascii	"\320\202\327Bpi\006\000\2560\006j"
  25      70690600 
  25      AE30066A 
  26              		.text
  27              		.section	.gnu.lto_.pureconst.520f4b1ec5f882c7,"",%progbits
  28 0000 789C6363 		.ascii	"x\234cc```\005b&\006)F)\000\000\374\000C"
  28      60606005 
  28      62260629 
  28      46290000 
  28      FC0043
  29              		.text
ARM GAS  /tmp/ccqbRAT8.s 			page 2


  30              		.section	.gnu.lto_hal_lld_init.520f4b1ec5f882c7,"",%progbits
  31 0000 789C9D55 		.ascii	"x\234\235UKO\023Q\030\275gn\231\016\305\206\020\"hd"
  31      4B4F1351 
  31      18BD676E 
  31      990EC586 
  31      10226864 
  32 0014 E1960DA3 		.ascii	"\341\226\015\243\230\370\023\\\230\260\322\2551FM\\"
  32      98F8135C 
  32      98B0D2AD 
  32      31464D5C 
  33 0024 9060C405 		.ascii	"\220`\304\005\273N\345\351#\321\030)DFS\243\2116F\032"
  33      BB4EE5E9 
  33      23D11829 
  33      444653A3 
  33      8936461A 
  34 0038 023E5A45 		.ascii	"\002>ZEJQD\345\241\210O@\021\037\021%\272\320\250h\000"
  34      4A5144E5 
  34      A1884F40 
  34      111F1125 
  34      BAD0A868 
  35 004d EF776F61 		.ascii	"\357woa\012q\301t\3229\235\3077\347\234\357t\372]\235"
  35      0A71C174 
  35      D2399DC7 
  35      37E79CEF 
  35      74FA5D9D 
  36 0061 3156E665 		.ascii	"1V\346e\254T|\257\023;8\203vb\220\261\240\241\001t`"
  36      AC547CAF 
  36      133B3883 
  36      766290B1 
  36      A0A10174 
  37 0076 1960010D 		.ascii	"\031`\001\015\001\034\343\2478\222\365\037cZ\361EKl"
  37      011CE3A7 
  37      3892F51F 
  37      635AF145 
  37      4B6C
  38 0088 89A6665F 		.ascii	"\211\246f_\235U\273\306\346\214\205\304N\033\332Q\314"
  38      9D55BBC6 
  38      E68C85C4 
  38      4E1BDA51 
  38      CC
  39 0099 44D964DB 		.ascii	"D\331d\333\\\243_\367\250\353\350\200\316 \016\242\303"
  39      5CA35FF7 
  39      A8EBE880 
  39      CE200EA2 
  39      C3
  40 00aa 59096B6E 		.ascii	"Y\011kn\276\336J\364\237\307\337\255k\301l\016\215\200"
  40      BEDE4AF4 
  40      9FC7DFAD 
  40      6BC16C0E 
  40      8D80
  41 00bc 13780874 		.ascii	"\023x\010t\002\203\300G\220C\340'\310%\310#\310'( ("
  41      0283C047 
  41      9043E027 
  41      C825C823 
  41      C8272820 
  42 00d1 2460AC41 		.ascii	"$`\254A\250\010\253V\202\035\346\032\035U'\330g$\343"
  42      A808AB56 
ARM GAS  /tmp/ccqbRAT8.s 			page 3


  42      821DE61A 
  42      1D5527D8 
  42      6724E3
  43 00e4 53C7F792 		.ascii	"S\307\367\222\366i\256\013K\241\332\344\220\367(\267"
  43      F669AE0B 
  43      4BA1DAE4 
  43      90F728B7 
  44 00f4 B9067238 		.ascii	"\271\006r8\032\035\370b\250S+\334`y\304\245\013\321"
  44      1A1DF862 
  44      A8532BDC 
  44      6079C4A5 
  44      0BD1
  45 0106 B6168471 		.ascii	"\266\026\204q6(\232[os\216k(\302U\0241\252?\331>\262"
  45      36289A5B 
  45      6F738E6B 
  45      28C25514 
  45      31AA3FD9 
  46 011c C3BC62D5 		.ascii	"\303\274b\325\300\346\036\\\027e\215\262e\334\200IZ"
  46      C0E61E5C 
  46      17658DB2 
  46      65DC8049 
  46      5A
  47 012d 3F0C5272 		.ascii	"?\014RrE\022sH\3420\305\335\361\276\310eN\226\200y\261"
  47      45127348 
  47      E230C5DD 
  47      F1BEC865 
  47      4E968079 
  48 0142 E5E2A678 		.ascii	"\345\342\246x\214\372\310V]\030\256\350o9\364\235\031"
  48      8CFAC856 
  48      5D18AEE8 
  48      6F39F49D 
  48      19
  49 0153 7BBCED90 		.ascii	"{\274\355\220tI\217\321\351\330\214_ydH,\365\347[)u"
  49      74498FD1 
  49      E9D88C5F 
  49      7964482C 
  49      F5E75B29 
  50 0168 906E79D0 		.ascii	"\220ny\320\355\220'\225\303x\2449Kq\345\270\262\331"
  50      ED902795 
  50      C378A439 
  50      4B71E5B8 
  50      B2D9
  51 017a 2399E815 		.ascii	"#\231\350\025\303\235\214{\275\353\220\364\302\\\036"
  51      C39D8C7B 
  51      BDEB90F4 
  51      C25C1E
  52 0189 BEDF15D7 		.ascii	"\276\337\025\327=\207\253/cC\367\035\222\007\302\320"
  52      3D87AB2F 
  52      6343F71D 
  52      9207C2D0 
  53 0199 B2B4735D 		.ascii	"\262\264s]\246\375\320a\353_H\273%\2256\\\371\032\220"
  53      A6FDD061 
  53      EB5F48BB 
  53      2595365C 
  53      F91A90
  54 01ac 4C1A310D 		.ascii	"L\0321\015J\246\352\337uPD\232\342\352\215\377\371\276"
  54      4AA6EADF 
ARM GAS  /tmp/ccqbRAT8.s 			page 4


  54      7550449A 
  54      E2EA8DFF 
  54      F9BE
  55 01be 4ABD2534 		.ascii	"J\275%4)\200!\345}\344\010\\\247\360\310Q{\014SH\244"
  55      298021E5 
  55      7DE4085C 
  55      A7F0C851 
  55      7B0C5348 
  56 01d3 8790E732 		.ascii	"\207\220\3472\204a\207\354\311B\010v*\004\356\312\326"
  56      846187EC 
  56      C9420876 
  56      2A04EECA 
  56      D6
  57 01e4 88C3F474 		.ascii	"\210\303\364tY\010\036\305\325\372\263'\222\265\030"
  57      59081EC5 
  57      D5FAB327 
  57      92B518
  58 01f3 4282E159 		.ascii	"B\202\341Y\346!<w\324^P\010\236\364\020\362]\206\360"
  58      E6213C77 
  58      D45E5008 
  58      9EF410F2 
  58      5D86F0
  59 0206 D2217B95 		.ascii	"\322!{\225\012ajf\363\342\324\256\221\303}.\242\313"
  59      0A616A66 
  59      F3E2D4AE 
  59      91C37D2E 
  59      A2CB
  60 0218 C11DE248 		.ascii	"\301\035\342H\037\350\030\205\2161\232\347c$]\220>X"
  60      1FE81885 
  60      8E319AE7 
  60      63245D90 
  60      3E58
  61 022a B364E5B9 		.ascii	"\263d\345\271\331\232\326lujM\004\345`\275\324\035\267"
  61      D99AD66C 
  61      756A4D04 
  61      E560BDD4 
  61      1DB7
  62 023c B28539D1 		.ascii	"\262\2059\321\212\216\327\302\330x\312XgSG=\026\233"
  62      8A8ED7C2 
  62      D878CA58 
  62      6753473D 
  62      169B
  63 024e 7C237D71 		.ascii	"|#}q\251\3010\261\220\352\231o\272\022+Tz\255\237\272"
  63      A9C130B1 
  63      90EA996F 
  63      BA122B54 
  63      7AAD9FBA 
  64 0262 6C5F2A57 		.ascii	"l_*W\015o\235P\307d\250+\024\233\\\"\366\216B-d\323"
  64      0D6F9D50 
  64      C764A82B 
  64      149B5C22 
  64      F68E422D 
  65 0278 A80E47C5 		.ascii	"\250\016G\305\237\204\026,\361D,6=\352\015\314Z\206"
  65      9F84162C 
  65      F1442C36 
  65      3DEA0DCC 
  65      5A86
ARM GAS  /tmp/ccqbRAT8.s 			page 5


  66 028a CDBD210A 		.ascii	"\315\275!\012\014\357\021\020K\216!\013;W\377\277NL"
  66      0CEF1110 
  66      4B8E210B 
  66      3B57FFBF 
  66      4E4C
  67 029c 347C48D5 		.ascii	"4|H\325}\305\241\360\257F\371{\313\365\261A\244)\326"
  67      7DC5A1F0 
  67      AF46F97B 
  67      CBF5B141 
  67      A429D6
  68 02af 2741B5A1 		.ascii	"'A\265\241\244\304T\237\212Js\337\256rs\177\305\201"
  68      A4C4549F 
  68      8A4A73DF 
  68      AE72737F 
  68      C581
  69 02c1 8395E6B6 		.ascii	"\203\225\346\266\355e\233J\025n\331XUEwv\226\227\357"
  69      ED659B4A 
  69      156ED958 
  69      55457776 
  69      9697EF
  70 02d4 29D9CDFE 		.ascii	")\331\315\376\001\2337H\350"
  70      019B3748 
  70      E8
  71              		.text
  72              		.section	.gnu.lto_stm32_clock_init.520f4b1ec5f882c7,"",%progbits
  73 0000 789C9D55 		.ascii	"x\234\235U\315oTU\024\277\347\335\3679o\276)\2151,t"
  73      CD6F5455 
  73      14BFE7DD 
  73      F7396FBE 
  73      298D312C 
  74 0015 C9A683F0 		.ascii	"\311\246\203\360\027\314\306\235q\241[c\374X\270h\202"
  74      17CCC69D 
  74      71A15B63 
  74      FC58B868 
  74      82
  75 0026 1117EC78 		.ascii	"\021\027\354x\205\266t\240\013C($0\031\233\250\251D"
  75      85B674A0 
  75      0B432824 
  75      30199BA8 
  75      A944
  76 0038 7142A81F 		.ascii	"qB\250\037-\026\307)\343\264@[\301\242\224\026?\320"
  76      2D16C729 
  76      E3B4405B 
  76      C1A29416 
  76      3FD0
  77 004a A1D30FCA 		.ascii	"\241\323\017\312f\014\026\224z\317;\367\315{\031M\364"
  77      660C1694 
  77      7ACF3BF7 
  77      CD7B194D 
  77      F4
  78 005b CD4BFB9B 		.ascii	"\315K\373\233;\367\334\371\235\337\375\235s\357\323"
  78      3BF7DCF9 
  78      9DDFFD9D 
  78      73EFD3
  79 006a 1963AB16 		.ascii	"\031c\253\026c\273\305\347\003\361\017i\006\312;\263"
  79      63BBC5E7 
  79      03F10F69 
ARM GAS  /tmp/ccqbRAT8.s 			page 6


  79      06CA3BB3 
  80 007a 8CF5980A 		.ascii	"\214\365\230\012p\032p%5Zf\314\211\250K6s\242)\232\317"
  80      701A7025 
  80      355A66CC 
  80      89A84B36 
  80      73A2299A 
  81 008f AAA0515C 		.ascii	"\252\240Q\\S\222\024\327\335x\222\346\263:\030\0247"
  81      539214D7 
  81      DD7892E6 
  81      B33A1814 
  81      37
  82 00a0 9404C54D 		.ascii	"\224\004\305M7\236\240\371\254\011\026\305-%N\361\210"
  82      379EA0F9 
  82      AC0916C5 
  82      2D254EF1 
  82      88
  83 00b1 1B8FD37C 		.ascii	"\033\217\323|6\0026\305m%F\361\250\033\217\321|6\012"
  83      360236C5 
  83      6D2546F1 
  83      A81B8FD1 
  83      7C360A
  84 00c4 809F8E09 		.ascii	"\200\237\216\011\354\200\302S\252\226\324\215\204i\305"
  84      EC80C253 
  84      AA96D48D 
  84      8469C5
  85 00d3 23762C0A 		.ascii	"#v,\012\007t\316\344\243y\003\303\033X\336\300\366\006"
  85      0774CEE4 
  85      A37903C3 
  85      1B58DEC0 
  85      F606
  86 00e5 83FC3887 		.ascii	"\203\3748\207\362\341\273c\312\316\021G<\245\223\343"
  86      F2E1BB63 
  86      CACE1147 
  86      3CA593E3 
  87 00f5 76BFD3F7 		.ascii	"v\277\323\367D^\260\234\220Lp\036v2\261\354\316\271"
  87      445EB09C 
  87      904C701E 
  87      7632B1EC 
  87      CEB9
  88 0107 C743315D 		.ascii	"\307C1]\245y\030\005\235\201\030\024\257k%\347\361\326"
  88      A5791805 
  88      9D811814 
  88      AF6B25E7 
  88      F1D6
  89 0119 61A7B4FE 		.ascii	"a\247\264\376\036L<\3774\260<\007\005\201#\250\010\032"
  89      1E4C3CFF 
  89      34B03C07 
  89      058123A8 
  89      081A
  90 012b 828E6020 		.ascii	"\202\216` \230\010\026B\004\301F\210\"\304\020\342\010"
  90      98081642 
  90      04C14688 
  90      22C410E2 
  90      08
  91 013c 09842442 		.ascii	"\011\204$B\012!\215\260\015\241\003a;B'\002c\003B\315"
  91      0A218DB0 
  91      0DA10361 
ARM GAS  /tmp/ccqbRAT8.s 			page 7


  91      3B422702 
  91      630342CD 
  92 0150 92ED9458 		.ascii	"\222\355\224X\216+bp\250\304V\241<\276\262Z\323Q\342"
  92      8E2B6270 
  92      A8C456A1 
  92      3CBEB25A 
  92      D351E2
  93 0163 290E42F9 		.ascii	")\016B\371\211\276\362\234q\224\347\271\002\270\221"
  93      89BEF29C 
  93      7194E7B9 
  93      02B891
  94 0172 C5E2CC9A 		.ascii	"\305\342\314\232I_\235\341\001G\025S\357\027\317\235"
  94      495F9DE1 
  94      01471553 
  94      EF17CF9D 
  95 0182 866128F4 		.ascii	"\206a(\364\010\017\236\312s\016\237\301\016\370\024"
  95      080F9ECA 
  95      730E9FC1 
  95      0EF814
  96 0191 76305C7F 		.ascii	"v0\\\177\354\374\374K\231\263N/\344\271\012\237\213"
  96      ECFCFC4B 
  96      99B34E2F 
  96      E4B90A9F 
  96      8B
  97 01a2 6543AE33 		.ascii	"eC\2563\360\005dD\262C\177\364\003\245R(\333\350\245"
  97      F0056444 
  97      B2437FF4 
  97      03A55228 
  97      DBE8A5
  98 01b5 6ABF4B0F 		.ascii	"j\277K\017\342\031\023\034B\320\374\021wM\250L\343~"
  98      E219131C 
  98      42D0FC11 
  98      774DA84C 
  98      E37E
  99 01c7 A60B9011 		.ascii	"\246\013\220\021\364b\224\343\234\211\342{\273\\\253"
  99      F46294E3 
  99      9C89E27B 
  99      BB5CAB
 100 01d6 19949AFF 		.ascii	"\031\224\232\377_\346\036\014\251\360\245\317=A\273"
 100      5FE61E0C 
 100      A9F0A5CF 
 100      3D41BB
 101 01e5 F8B37F5A 		.ascii	"\370\263\177Z#.\225\350*[\017J\011\332\206\002\027\005"
 101      232E95E8 
 101      2A5B0F4A 
 101      09DA8602 
 101      1705
 102 01f7 4D0D7A6F 		.ascii	"M\015zoM^\225{E\323\212\353c\2331Z\301\340+L\304\260"
 102      4D5E957B 
 102      45D38AEB 
 102      639B315A 
 102      C1E02B4C 
 103 020d 1E2926BA 		.ascii	"\036)&\272\026r\\\015\224\343\236W\016-\224\005%_\346"
 103      16725C0D 
 103      94E39E57 
 103      0E2D9405 
 103      255FE6
ARM GAS  /tmp/ccqbRAT8.s 			page 8


 104 0220 D79E4C29 		.ascii	"\327\236L)@r\025\247\373\252@\0326\001\312\355\273="
 104      407215A7 
 104      FBAA401A 
 104      3601CAED 
 104      BB3D
 105 0232 E9A7BA84 		.ascii	"\351\247\272\204n\353H\324\250o|`\374\013\325\360\223"
 105      6EEB48D4 
 105      A86F7C60 
 105      FC0BD5F0 
 105      93
 106 0243 FFE16FC5 		.ascii	"\377\341o\305e\303\363\001\337@&\330\202\252\360\252"
 106      65C3F301 
 106      DF4026D8 
 106      82AAF0AA 
 107 0253 EA7A95E3 		.ascii	"\352z\225\343Z\260\226\367+\262\226F\310ZN\371\271\246"
 107      5AB096F7 
 107      2BB29646 
 107      C85A4EF9 
 107      B9A6
 108 0265 3D931664 		.ascii	"=\223\026d-M\242{T?\276 ]\212\302e\252\345b\263\226"
 108      2D4DA27B 
 108      543FBE20 
 108      5D8AC265 
 108      AAE562B3 
 109 027a 66A07849 		.ascii	"f\240xIY<=P\274\201eY<+\224\243W|G\257\266\234\224\010"
 109      593C3D50 
 109      BC816559 
 109      3C2B94A3 
 109      577C47AF 
 110 0292 712D6F7C 		.ascii	"q-o|<h\220,\307Qa\246\375\352\315\372\271\346\260z\021"
 110      3C68902C 
 110      C75161A6 
 110      FDEACDFA 
 110      B9E6B07A 
 111 02a7 D75F23E8 		.ascii	"\327_#\350onY\372k\207\364\367[\237\373Z\353Y\211\022"
 111      6F6E59FA 
 111      6B87F4F7 
 111      5B9FFB5A 
 111      EB598912 
 112 02bb DD64A1D0 		.ascii	"\335d\241\320\253x\0331\341z\353i\211\006\034NH\207"
 112      AB781B31 
 112      E17AEB69 
 112      89061C4E 
 112      4887
 113 02cd CD80C385 		.ascii	"\315\200\303\205\021\251-\026j\327\337\371\225\237o"
 113      11A92D16 
 113      6AD7DFF9 
 113      959F6F
 114 02dc 71384E5C 		.ascii	"q8N\\\037\035\353\333j:\334`p\243}\213\277\367\223\375"
 114      1F1DEBDB 
 114      6A3ADC60 
 114      70A37D8B 
 114      BFF793FD 
 115 02f0 8016C75D 		.ascii	"\200\026\307]\351g\336\225\312\023\241\310n\372\236"
 115      E967DE95 
 115      CA13A1C8 
 115      6EFA9E
ARM GAS  /tmp/ccqbRAT8.s 			page 9


 116 02ff 2EB4284F 		.ascii	".\264(O\022\327\265\332\3039\313S.<\275\325\276\362"
 116      12D7B5DA 
 116      C339CB53 
 116      2E3CBDD5 
 116      BEF2
 117 0311 453FD912 		.ascii	"E?\331\022*O\272\315a\005\233\343C\2579R!\233\343\266"
 117      2A4FBACD 
 117      61059BE3 
 117      43AF3952 
 117      219BE3B6 
 118 0325 CFFD636B 		.ascii	"\317\375cks\244\211\356\312\326\340}\255\271\223$\374"
 118      73A489EE 
 118      CAD6E07D 
 118      ADB99324 
 118      FC
 119 0336 D4DA1DE9 		.ascii	"\324\332\035\351@w\304ewD\232\335\321\250\1772\322\326"
 119      4077C465 
 119      77449ADD 
 119      D1A87F32 
 119      D2D6
 120 0348 1DF4B35F 		.ascii	"\035\364\263_\260_\334;\350\314\305\315\2031\272\203"
 120      B05FDC3B 
 120      E8CCC5CD 
 120      8331BA83 
 121 0358 9CA9DF19 		.ascii	"\234\251\337\031\334!K\033\365\251\252\227\240yMi\356"
 121      DC214B1B 
 121      F5A9AA97 
 121      A0794D69 
 121      EE
 122 0369 9BF261AD 		.ascii	"\233\362a\255r\324\244\257N\211\336\224k\247\317\336"
 122      72D4A4AF 
 122      4E89DE94 
 122      6BA7CFDE 
 123 0379 B63C09AF 		.ascii	"\266<\011\257\212w\260\016\277\011\015\277J\015c\177"
 123      8A77B00E 
 123      BF090DBF 
 123      4A0D637F 
 124 0389 55261201 		.ascii	"U&\022\001\0215W\004\276\272\340\256+bhf\342&'\021i"
 124      11355704 
 124      BEBAE0AE 
 124      2B626866 
 124      E2262711 
 125 039e 582605E3 		.ascii	"X&\005\343+3\336\001\330\026\252\262u\177\213+-m\324"
 125      2B33DE01 
 125      D816AAB2 
 125      757F8B2B 
 125      2D6DD4
 126 03b1 21B8DCD7 		.ascii	"!\270\334\327V\233M\263\352S\257a\323t\270Mc\007\233"
 126      569B4DB3 
 126      EA53AF61 
 126      D374B84D 
 126      63079B
 127 03c4 66B62A45 		.ascii	"f\266*Eo\017\3314\353>\367\275\326\033\273S\320\375"
 127      6F0FD934 
 127      EB3EF7BD 
 127      D61BBB53 
 127      D0FD
ARM GAS  /tmp/ccqbRAT8.s 			page 10


 128 03d6 F38AEE14 		.ascii	"\363\212\356\024$\247.4.\313>2a\243\33111\3311Q\352"
 128      24A72E34 
 128      2ECB3E32 
 128      61A3D931 
 128      31D93151 
 129 03eb 980D3838 		.ascii	"\230\01588\374\250\340\376L.\000\021\020\005\330\325"
 129      FCA8E0FE 
 129      4C2E0011 
 129      1005D8D5 
 130 03fb D595A1BF 		.ascii	"\325\225\241\277\275\3732o\274\322\235ys\357[o\357\313"
 130      BDFB326F 
 130      BCD29D79 
 130      73EF5B6F 
 130      EFCB
 131 040d BCF0E273 		.ascii	"\274\360\342s{v\023>\373\314\376\375\030y\271\273\373"
 131      7B76133E 
 131      FBCCFEFD 
 131      1879B9BB 
 131      FB
 132 041e F5AED7D8 		.ascii	"\365\256\327\330\337\350\260?c"
 132      DFE8B03F 
 132      63
 133              		.text
 134              		.section	.gnu.lto_.symbol_nodes.520f4b1ec5f882c7,"",%progbits
 135 0000 789C6363 		.ascii	"x\234cc``H\004b\006\246\205L\365\014\014\023\31610\000"
 135      60604804 
 135      6206A685 
 135      4CF50C0C 
 135      13CE3130 
 136 0015 A95D0D8E 		.ascii	"\251]\015\216@\221EL\365\214(\"\254\363\231\030\032"
 136      4091454C 
 136      F58C2822 
 136      ACF39918 
 136      1A
 137 0026 95808A19 		.ascii	"\225\200\212\031\2270\3253\201\245\030\030\032\032\034"
 137      9730D533 
 137      81A51818 
 137      1A1A1C
 138 0035 80028B99 		.ascii	"\200\002\213\231\352\231\221\005\230\031X\030\216t\277"
 138      EA999105 
 138      98195818 
 138      8E74BF
 139 0044 916706B2 		.ascii	"\221g\006\262\236\000i\006\000g\304\027\030"
 139      9E006906 
 139      0067C417 
 139      18
 140              		.text
 141              		.section	.gnu.lto_.refs.520f4b1ec5f882c7,"",%progbits
 142 0000 789C6363 		.ascii	"x\234cc```\004b\006\000\000D\000\010"
 142      60606004 
 142      62060000 
 142      440008
 143              		.text
 144              		.section	.gnu.lto_.decls.520f4b1ec5f882c7,"",%progbits
 145 0000 789C9D56 		.ascii	"x\234\235VmPT\327\031\276\357=\313\262\354\362\341@"
 145      6D5054D7 
 145      19BEEF3D 
ARM GAS  /tmp/ccqbRAT8.s 			page 11


 145      CBB2ECF2 
 145      E140
 146 0012 A6E364FC 		.ascii	"\246\343d\374\341\230\315\310\217\206\025\354\217\374"
 146      E198CDC8 
 146      8F8615EC 
 146      8FFC
 147 0020 E8748A0B 		.ascii	"\350t\212\013\306LMd\026\323L?f6\010\353\270\023X,\273"
 147      C64C4D64 
 147      16D34C3F 
 147      663608EB 
 147      B813582C 
 148 0035 3438FD91 		.ascii	"48\375\221+\020\242\250\001\224\244\005c\245HM@R\211"
 148      2B10A2A8 
 148      0194A405 
 148      63A5484D 
 148      405289
 149 0048 D5DA1590 		.ascii	"\325\332\025\220\225\257 \365\003i\242((\013\012!\220"
 149      95AF20F5 
 149      0369A228 
 149      280B0A21 
 149      90
 150 0059 A0A0123E 		.ascii	"\240\240\022>R\311{\316\271\313\275,K\222\346\316\276"
 150      52C97BCE 
 150      B9CBBD2C 
 150      4B92E6CE 
 150      BE
 151 006a F79CF79C 		.ascii	"\367\234\367\234\347\375>\347\275\253\025\004\341\225"
 151      E7FD3EE7 
 151      BDAB1504 
 151      E195
 152 0078 3041D822 		.ascii	"0A\330\"\012\302\010\316\347\361!8^\020\224G\203T\217"
 152      0AC208CE 
 152      E7F12138 
 152      5E109447 
 152      83548F
 153 008b D488D424 		.ascii	"\324\210\324$\357\001\322\025a\361\363\006.\206\340"
 153      EF01D215 
 153      61F1F306 
 153      2E86E0
 154 009a F81AD25A 		.ascii	"\370\032\322Z\244\373H_!]C\232F\232B\232A:'\353\244"
 154      A4FB485F 
 154      215D439A 
 154      469A429A 
 154      413A27EB 
 155 00af F6EE2179 		.ascii	"\366\356!y\221&Tv\346d\033M\302\322\347Oh#x\031\033"
 155      91265476 
 155      E6641B4D 
 155      C2D2E74F 
 155      68237819 
 156 00c4 4FE15E14 		.ascii	"O\341^\024\022\365\377.\322 R8p_\033\003\350*%p\356"
 156      12F5FF2E 
 156      D2205238 
 156      705F1B03 
 156      E82A2570 
 157 00d9 426393A1 		.ascii	"Bc\223\241\037n\003\206\017+\330*\000\177\343H\211\361"
 157      1F6E0386 
 157      0F2BD82A 
ARM GAS  /tmp/ccqbRAT8.s 			page 12


 157      007FE348 
 157      89F1
 158 00eb F3BE07F8 		.ascii	"\363\276\007\370:\256\212|\220\241\224\361\211\300\302"
 158      3AAE8A7C 
 158      90A194F1 
 158      89C0C2
 159 00fa 8A28EB10 		.ascii	"\212(\353\020}z\331OV\000j\255|\237\233\363=<\313|\242"
 159      7D7AD94F 
 159      56006AAD 
 159      7C9F9BF3 
 159      3D3CCB7C 
 160 010f 92E34BA2 		.ascii	"\222\343K\242bL%\262\304Waa{\301)%H\220\223\360\301"
 160      624C25B2 
 160      C4576161 
 160      7BC12925 
 160      489093F0 
 161 0124 FB65415E 		.ascii	"\373eA^\270\203\233\277\025\204b\235\003\350b\331_\213"
 161      B8839BBF 
 161      1584629D 
 161      03E862D9 
 161      5F8B
 162 0136 EA0811D9 		.ascii	"\352\010\021\331\274;\367\314\307Z\022\301\346\215S"
 162      BC3BF7CC 
 162      C75A12C1 
 162      E68D53
 163 0145 D268784C 		.ascii	"\322hxL\255\304\037\335\233\002\374\013\210/\235m\363"
 163      ADC41FDD 
 163      9B02FC0B 
 163      882F9D6D 
 163      F3
 164 0156 5F7B22F6 		.ascii	"_{\"\366\021\210\324\203H\345\036\\:b@\366)=\254@\266"
 164      1188D483 
 164      48E51E5C 
 164      3A6240F6 
 164      293DAC40 
 165 016b 76FF7C69 		.ascii	"v\377|i\320\312\367\250\\q\236\264B\204\327~\002nX\005"
 165      D0CAF7A8 
 165      5C719EB4 
 165      4284D77E 
 165      026E5805 
 166 017f FF8655E8 		.ascii	"\377\206U\350\3149X\211o\207\206k\332\377\367\"/YS!"
 166      CC395889 
 166      6F87866B 
 166      DAFFF722 
 166      2F595321 
 167 0193 557825CF 		.ascii	"Ux%\317'e\353>\274T u\241\334/\031\016\316\000\201\263"
 167      2765EB3E 
 167      BC542075 
 167      A1DC2F19 
 167      0ECE0081 
 168 01a8 10436338 		.ascii	"\020Cc8C\255\303i\360\002\374\023\3721\206zX\203\362"
 168      43ADC369 
 168      F002FC13 
 168      FA31867A 
 168      5883F2
 169 01bb D2487D5F 		.ascii	"\322H}_\004\331\305\\\276\332\361\321)\275\254k\364"
 169      04D9C55C 
ARM GAS  /tmp/ccqbRAT8.s 			page 13


 169      BEDAF1D1 
 169      29BDAC6B 
 169      F4
 170 01cc B972C993 		.ascii	"\271r\311\223\213\232D\246\250AQ\324\340\257\250\221"
 170      8B9A44A6 
 170      A84151D4 
 170      E0AFA891 
 171 01dc 29DA3736 		.ascii	")\33276[\004\244\020\230\246\335\015\365\255Z\324\344"
 171      5B04A410 
 171      98A6DD0D 
 171      F5AD5AD4 
 171      E4
 172 01ed 9524CF8D 		.ascii	"\225$\317\215\232\350\216\272\021i\217\236\273t^\321"
 172      9AE88EBA 
 172      11698F9E 
 172      BB745ED1 
 173 01fd 745E4E08 		.ascii	"t^N\01041\015\027?o\276CH\033\327p\"w\377\2750Y\303"
 173      34310D17 
 173      3F6FBE43 
 173      481BD770 
 173      2277FFBD 
 174 0214 98FB6785 		.ascii	"\230\373g\205-\005\236$\256\300\243(\360\370\024\\`"
 174      2D059E24 
 174      AEC0A328 
 174      F0F8145C 
 174      60
 175 0225 0A6E7754 		.ascii	"\012nwT\237 \230\306\265z\240u\215\300\245\223_\272"
 175      9F2098C6 
 175      B57AA075 
 175      8DC0A593 
 175      5FBA
 176 0237 67C2F812 		.ascii	"g\302\370\022+P\321dU0\221x\265\256\345\327\275Ox\021"
 176      2B50D164 
 176      55309178 
 176      B5AEE5D7 
 176      BD4F7811 
 177 024b 34C84E5C 		.ascii	"4\310N\\.\277\033\316\213\260\272\224\210\3757\347\372"
 177      2EBF1BCE 
 177      8BB0BA94 
 177      88FD37E7 
 177      FA
 178 025c C2411FBD 		.ascii	"\302A\037\275G\222r\245\212<)d\223\000\355X\2046,\002"
 178      479272A5 
 178      8A3C2964 
 178      9300ED58 
 178      84362C02 
 179 0270 74403455 		.ascii	"t@4UI\335\200\026\\l\306\305\343\264^\236\376\213\277"
 179      49DD8016 
 179      5C6CC6C5 
 179      E3B45E9E 
 179      FE8BBF
 180 0283 289B94A4 		.ascii	"(\233\224\244\325\360\011\350\241Uqu\255\236\327\253"
 180      D5F009E8 
 180      A1557175 
 180      AD9ED7AB 
 181 0293 BAAAA452 		.ascii	"\272\252\244RK\334\314\003\261\376\360P\233\270\234"
 181      4BDCCC03 
ARM GAS  /tmp/ccqbRAT8.s 			page 14


 181      B1FEF050 
 181      9BB89C
 182 02a2 8DFF2C6B 		.ascii	"\215\377,k\343F\317\232\366\267he:\321\306E\305\006"
 182      E346CF9A 
 182      F6B76865 
 182      3AD1C645 
 182      C506
 183 02b4 9AE446DE 		.ascii	"\232\344F\336\233\357\370\210FF\367\245\326\032\232"
 183      9BEFF888 
 183      4646F7A5 
 183      D61A9A
 184 02c3 9BBAAAA1 		.ascii	"\233\272\252\241g\310\020\017\374\235\017\257\366i\237"
 184      67C8100F 
 184      FC9D0FAF 
 184      F6699F
 185 02d2 3D265534 		.ascii	"=&U4\3233\363\363\252\226\002\251\030\030\3702W\266"
 185      D333F3F3 
 185      AA9602A9 
 185      1818F832 
 185      57B6
 186 02e4 E084C056 		.ascii	"\340\204\300V.Qw\256\300\263\252$E\262$AI\313\343\207"
 186      2E5177AE 
 186      C0B3AA24 
 186      45B22441 
 186      49CBE387 
 187 02f8 06F298AB 		.ascii	"\006\362\230\253\375K\367\307\211z\014%\357\007\205"
 187      FD4BF7C7 
 187      897A0C25 
 187      EF0785
 188 0307 8202E3F9 		.ascii	"\202\002\343\371C^\003W\266\022\331\313{\017\276+\222"
 188      435E0357 
 188      B612D9CB 
 188      7B0FBE2B 
 188      92
 189 0318 59AE6CA2 		.ascii	"Y\256l\242\253\2450\204\344\022^6\371~D\362\373Qx\341"
 189      ABA53084 
 189      E4125E36 
 189      F97E44F2 
 189      FB5178E1 
 190 032c 66410829 		.ascii	"fA\010)\344{\177\033q\037\212 %\234)\257\177\324\031"
 190      E47B7F1B 
 190      711F8A20 
 190      259C29AF 
 190      7FD419
 191 033f C4813A64 		.ascii	"\304\201:d\033z\317\230H9\337\252v\037\030\010\"\307"
 191      1B7ACF98 
 191      4839DFAA 
 191      761F1808 
 191      22C7
 192 0351 3873F76C 		.ascii	"8s\367l\376\224\206|\300\231\256s\336\241pR\313\231"
 192      FE94867C 
 192      C099AE73 
 192      DEA17052 
 192      CB99
 193 0363 C30F6F7F 		.ascii	"\303\017o\177\021\3025D#[\324u\264W\307\017\205\207"
 193      11C23544 
 193      235BD475 
ARM GAS  /tmp/ccqbRAT8.s 			page 15


 193      B457C70F 
 193      8587
 194 0375 DED43FBB 		.ascii	"\336\324?\273\007\037\204\223\223\014\033zj\357\334"
 194      071F8493 
 194      930C1B7A 
 194      6AEFDC
 195 0384 3630F227 		.ascii	"60\362'\312h\2146VJ\371yx\004\306\177:\335=\"I\007C"
 195      CA688C36 
 195      564AF979 
 195      7804C67F 
 195      3ADD3D22 
 196 039b E11AE6F4 		.ascii	"\341\032\346\364\277\230\301\317!J\311F7Kl;}\013\\\242"
 196      BF98C1CF 
 196      214AC946 
 196      374B6C3B 
 196      7D0B5CA2 
 197 03af 33072F5B 		.ascii	"3\007/[>a\360\353\376\360\317\226\300G3\025x\257?\334"
 197      3E61F0EB 
 197      FEF0CF96 
 197      C0473315 
 197      78AF3FDC 
 198 03c3 E48F1E54 		.ascii	"\344\217\036T\241\373\002\242c\025\360\254\012|\323"
 198      A1FB02A2 
 198      6315F0AC 
 198      0A7CD3
 199 03d2 1FDCB3C4 		.ascii	"\037\334\263\304\223n\225\343\237\006\216S\245|P\205"
 199      936E95E3 
 199      9F068E53 
 199      A57C5085 
 200 03e2 EEF2475F 		.ascii	"\356\362G_U\320%\254\363!\201F\300v\273\012?;t\217\302"
 200      55D025AC 
 200      F3218146 
 200      C076BB0A 
 200      3F3B748F 
 201 03f7 E9E11CC5 		.ascii	"\351\341\034\305\323t\027\2140\2104\206t\017i\004i\000"
 201      D374178C 
 201      30883486 
 201      740F6904 
 201      6900
 202 0409 6908C98B 		.ascii	"i\010\311\2134\214\364\005\030Yw\340\306\233U\306o\004"
 202      348CF405 
 202      185977E0 
 202      C69B55C6 
 202      6F04
 203 041b CEB1CAD5 		.ascii	"\316\261\312\325Q\025\272?\260\253<\017\374F^\277\037"
 203      5115BA3F 
 203      B0AB3C0F 
 203      FC465EBF 
 203      1F
 204 042c B91BDDA5 		.ascii	"\271\033\335\2450A\276\215\212\345\251\373\221\225y"
 204      3041BE8D 
 204      8AE5A9FB 
 204      919579
 205 043b 52C73AA6 		.ascii	"R\307:\246\354V\340\2442\323x\276\036\327\326\3366\220"
 205      EC56E0A4 
 205      32D378BE 
 205      1ED7D6DE 
ARM GAS  /tmp/ccqbRAT8.s 			page 16


 205      3690
 206 044d 6176BEC4 		.ascii	"av\276\304\003\263\207\206# *:`>`\034\323\360cS\302"
 206      03B38786 
 206      23202A3A 
 206      603E601C 
 206      D3F06353 
 207 0462 BD6E9FD1 		.ascii	"\275n\237\321\342\227\011\276B%_*]\204\306\300|9\331"
 207      E29709BE 
 207      42255F2A 
 207      5D84C6C0 
 207      7C39D9
 208 0475 565CA30B 		.ascii	"V\\\243\013-\\\350M\014\250t\206\373\020\312z/\216\010"
 208      2D5CE84D 
 208      0CA87486 
 208      FB10CA7A 
 208      2F8E08
 209 0488 3E3B7EE2 		.ascii	">;~\342l\230|QPX\323W\373\366\230\026\214Q\276Kq}\\"
 209      6C987C51 
 209      5058D357 
 209      FBF69816 
 209      8C51BE4B 
 210 049f 95047A0C 		.ascii	"\225\004z\014'\003\037\303E\261>\300}\236\237I9\320"
 210      27031FC3 
 210      45B13EC0 
 210      7D9E9F49 
 210      39D0
 211 04b1 8718E804 		.ascii	"\207\030\350\004\006\362hq \343<\375\223\201\322\177"
 211      06F26871 
 211      20E33CFD 
 211      9381D27F 
 212 04c1 476DB93F 		.ascii	"Gm\271?\240e^J\332?N\2656\005\223I9\375\365su\340\237"
 212      A0655E4A 
 212      DA3F4EB5 
 212      36059349 
 212      39FDF573 
 213 04d8 7E9F4BF0 		.ascii	"~\237K\3605z\362\335^\015\217\263\364N!\350\261\222"
 213      357AF2DD 
 213      5E0D8FB3 
 213      F44E21E8 
 213      B192
 214 04ea DE495F7A 		.ascii	"\336I_z\373z\272;\211:\275S\213\322;-\247w\232\245\367"
 214      FB7ABA3B 
 214      893ABD53 
 214      8BD23B2D 
 214      A7779AA5 
 215 04ff E8377365 		.ascii	"\3507se\341j0\375\022*\340\031\031<\303\300Gz*\317\213"
 215      E16A30FD 
 215      122AE019 
 215      193CC3C0 
 215      477A2ACF 
 216 0514 E4096F68 		.ascii	"\344\011oh\322D\365\243\020\374\220z\330\037\204\347"
 216      D244F5A3 
 216      10FC907A 
 216      D81F84E7 
 217 0524 AFB7B03F 		.ascii	"\257\267\260?\010\025\362\037\204Y\305\261Y\377\357"
 217      0815F21F 
 217      8459C5B1 
ARM GAS  /tmp/ccqbRAT8.s 			page 17


 217      59FFEF
 218 0533 FA1CFBA8 		.ascii	"\372\034\373\250\016W\271\257\210\244L\303\224\2157"
 218      0E57B9AF 
 218      88A44CC3 
 218      948D37
 219 0542 1FB49323 		.ascii	"\037\264\223#|~\353\324\300\200\226\034\347\314dy\373"
 219      7C7EEBD4 
 219      C080961C 
 219      E7CC6479 
 219      FB
 220 0553 989E5473 		.ascii	"\230\236Ts\346\360?j\362\011\251\345L_\303\356\326p"
 220      E6F03F6A 
 220      F209A9E5 
 220      4C5FC3EE 
 220      D670
 221 0565 729A3303 		.ascii	"r\2323\003Gs\357\005\0217g\246\033\256U\212\274\325"
 221      4773EF05 
 221      113767A6 
 221      1BAE558A 
 221      BCD5
 222 0577 1A91ADF1 		.ascii	"\032\221\255\361\354\353 \374\004U\320V{\374\352L)\220"
 222      ECEB20FC 
 222      0455D056 
 222      7BFCEA4C 
 222      2990
 223 0589 4686351C 		.ascii	"F\2065\034\033\3604\210\300\332,m\264\306\205V\373|"
 223      1BF03488 
 223      C0DA2C6D 
 223      B4C68556 
 223      FB7C
 224 059b AFAAD53E 		.ascii	"\257\252\325>\301h\366\210\337\331;;\177\257\\\354\267"
 224      C168F688 
 224      DFD93B3B 
 224      7FAF5CEC 
 224      B7
 225 05ac 443FF872 		.ascii	"D?\370r=(_\\\005y\"\335\243pZ\361\003b4\274#\032a?R"
 225      3D285F5C 
 225      057922DD 
 225      A3705AF1 
 225      036234BC 
 226 05c5 21D23EA4 		.ascii	"!\322>\244\275H\005HEH\305Ho\213\352\3763\372\273\305"
 226      BD480548 
 226      4548C548 
 226      6F8BEAFE 
 226      33FABBC5 
 227 05d9 6D38809F 		.ascii	"m8\200\237\252\376sK\205\226\374\335\354Y\322XU\350"
 227      AAFE734B 
 227      8596FCDD 
 227      EC59D258 
 227      55E8
 228 05eb 797FDD01 		.ascii	"y\177\335\001\272\266\012\276\333_\271\311\277\267="
 228      BAB60ABE 
 228      DB5FB9C9 
 228      BFB73D
 229 05fa B9C52F17 		.ascii	"\271\305/\027\242\226^\256+\275\252\313\225\033P\227"
 229      A2965EAE 
 229      2BBDAACB 
ARM GAS  /tmp/ccqbRAT8.s 			page 18


 229      951B5097 
 230 060a FAEBA232 		.ascii	"\372\353\2422\374?\177?\227|.\232U\245\372&0z\341\342"
 230      FC3F7F3F 
 230      977C2E9A 
 230      55A5FA26 
 230      307AE1E2 
 231 061e 16DC947A 		.ascii	"\026\334\224z\014\244\231\035\026qjb\244S\013\321Qr"
 231      0CA4991D 
 231      16716A62 
 231      A4530BD1 
 231      5172
 232 0630 6FEE63D7 		.ascii	"o\356c\327\360\020J\227\210\013\247\235F\263L\225\341"
 232      F0104A97 
 232      880BA79D 
 232      46B34C95 
 232      E1
 233 0641 2016F7C7 		.ascii	" \026\367\307\024\032\375\250/\367\236\016Q\337\323"
 233      141AFDA8 
 233      2FF79E0E 
 233      51DFD3
 234 0650 43A2FA52 		.ascii	"C\242\372R\227\212\374\236\3221tGJ\2725==\315jw\330"
 234      978AFC9E 
 234      D2317447 
 234      4ABA353D 
 234      3DCD6A77 
 235 0665 5DA69818 		.ascii	"]\246\230\030\371\227\3514\341\206igf\226\313iJ\336"
 235      F997E934 
 235      E1866967 
 235      6696CB69 
 235      4ADE
 236 0677 FAD2FA38 		.ascii	"\372\322\3728\376\336\030\233\223c\222EbRu/\274\374"
 236      FEDE189B 
 236      93639245 
 236      6252752F 
 236      BCFC
 237 0689 CA6A736C 		.ascii	"\312jsl\254\260\356\377\024\024V8]\031\353\343\254\251"
 237      ACB0EEFF 
 237      14145638 
 237      5D19EBE3 
 237      ACA9
 238 069b E999A9AF 		.ascii	"\351\231\251\2573\323\301\366\254?\274\210c\334\017"
 238      33D3C1F6 
 238      AC3FBC88 
 238      63DC0F
 239 06aa D3C4C5ED 		.ascii	"\323\304\305\355\316\254\230\035BpZF\312\367\212n\336"
 239      CEAC981D 
 239      42705A46 
 239      CAF78A6E 
 239      DE
 240 06bb 9C604A78 		.ascii	"\234`Jx)\376\217\261\262(\312\240\250\336j\315\266;"
 240      29FE8FB1 
 240      B228CAA0 
 240      A8DE6ACD 
 240      B63B
 241 06cd 5CC8BB9E 		.ascii	"\\\310\273\2363e;\263LvGjzv\232\315\344\260\275\221"
 241      33653BB3 
 241      4C76476A 
ARM GAS  /tmp/ccqbRAT8.s 			page 19


 241      7A769ACD 
 241      E4B0BD91 
 242 06e1 6EDF66CA 		.ascii	"n\337f\312HI\335aw\330L\3264\333\366\224\354t\227\325"
 242      4849DD61 
 242      77D84CD6 
 242      34DBF694 
 242      EC7497D5 
 243 06f5 B56BA7CD 		.ascii	"\265k\247\315\211\202:\237\330\232@b\316]N\223\325\351"
 243      89823A9F 
 243      D89A4062 
 243      CE5D4E93 
 243      D5E9
 244 0707 4A430C62 		.ascii	"JC\014b#\222w9]\266\014sf\226\315L\343\325lH0[\202\343"
 244      23927739 
 244      5DB60C73 
 244      6696CD4C 
 244      E3D56C48 
 245 071f 9336C426 		.ascii	"\2236\304&\276\314\3068\034\265\361\2336\340\240\243"
 245      BECCC638 
 245      1CB5F19B 
 245      36E0A0A3 
 246 072f CB96E4AD 		.ascii	"\313\226\344\255l\022G'\304\374\242Ec\336\370\202E4"
 246      6C124727 
 246      C4FCA245 
 246      63DEF882 
 246      4534
 247 0741 E33CD9B2 		.ascii	"\343<\331\262(\312\324\314\214\214L\207\311\226\343"
 247      28CAD4CC 
 247      8C8C4C87 
 247      C996E3
 248 0750 C230FDD3 		.ascii	"\3020\375\323\263=v\335\372\234m\350\200\301b6[\267"
 248      B33D76DD 
 248      FA9C6DE8 
 248      80C16236 
 248      5BB7
 249 0762 A2E709B6 		.ascii	"\242\347\011\266\355\206\244W-\276\371\323\276\332o"
 249      ED86A457 
 249      2DBEF9D3 
 249      BEDA6F
 250 0771 4B497D3D 		.ascii	"KI}={\2475-3#\305\356`\345 [6Xt\226\304\344D\313\257"
 250      7BA7352D 
 250      3323C5EE 
 250      60E5205B 
 250      36587496 
 251 078a 1313C478 		.ascii	"\023\023\304x\213\230l\011\336\222\264\365W\211\277"
 251      8B986C09 
 251      DE92B4F5 
 251      5789BF
 252 0799 B168E88B 		.ascii	"\261h\350\213\304\233-\232W-I\226\260\215\233\343\223"
 252      C49B2D9A 
 252      572D4996 
 252      B08D9BE3 
 252      93
 253 07aa 37F9347E 		.ascii	"7\3714~\013\202v\210J"
 253      0B827688 
 253      4A
 254              		.text
ARM GAS  /tmp/ccqbRAT8.s 			page 20


 255              		.section	.gnu.lto_.symtab.520f4b1ec5f882c7,"",%progbits
 256 0000 68616C5F 		.ascii	"hal_lld_init\000"
 256      6C6C645F 
 256      696E6974 
 256      00
 257 000d 00       		.ascii	"\000"
 258 000e 00       		.ascii	"\000"
 259 000f 00       		.ascii	"\000"
 260 0010 00000000 		.ascii	"\000\000\000\000\000\000\000\000"
 260      00000000 
 261 0018 BB000000 		.ascii	"\273\000\000\000"
 262 001c 73746D33 		.ascii	"stm32_clock_init\000"
 262      325F636C 
 262      6F636B5F 
 262      696E6974 
 262      00
 263 002d 00       		.ascii	"\000"
 264 002e 00       		.ascii	"\000"
 265 002f 00       		.ascii	"\000"
 266 0030 00000000 		.ascii	"\000\000\000\000\000\000\000\000"
 266      00000000 
 267 0038 BD000000 		.ascii	"\275\000\000\000"
 268 003c 53797374 		.ascii	"SystemCoreClock\000"
 268      656D436F 
 268      7265436C 
 268      6F636B00 
 269 004c 00       		.ascii	"\000"
 270 004d 00       		.ascii	"\000"
 271 004e 00       		.ascii	"\000"
 272 004f 00000000 		.ascii	"\000\000\000\000\000\000\000\000"
 272      00000000 
 273 0057 CE000000 		.ascii	"\316\000\000\000"
 274 005b 69727149 		.ascii	"irqInit\000"
 274      6E697400 
 275 0063 00       		.ascii	"\000"
 276 0064 02       		.ascii	"\002"
 277 0065 00       		.ascii	"\000"
 278 0066 00000000 		.ascii	"\000\000\000\000\000\000\000\000"
 278      00000000 
 279 006e BF000000 		.ascii	"\277\000\000\000"
 280 0072 646D6149 		.ascii	"dmaInit\000"
 280      6E697400 
 281 007a 00       		.ascii	"\000"
 282 007b 02       		.ascii	"\002"
 283 007c 00       		.ascii	"\000"
 284 007d 00000000 		.ascii	"\000\000\000\000\000\000\000\000"
 284      00000000 
 285 0085 C1000000 		.ascii	"\301\000\000\000"
 286              		.text
 287              		.section	.gnu.lto_.opts,"",%progbits
 288 0000 272D666D 		.ascii	"'-fmath-errno' '-fsigned-zeros' '-ftrapping-math' '"
 288      6174682D 
 288      6572726E 
 288      6F272027 
 288      2D667369 
 289 0033 2D666E6F 		.ascii	"-fno-trapv' '-fno-openmp' '-fno-openacc' '-mcpu=cor"
 289      2D747261 
ARM GAS  /tmp/ccqbRAT8.s 			page 21


 289      70762720 
 289      272D666E 
 289      6F2D6F70 
 290 0066 7465782D 		.ascii	"tex-m3' '-mthumb' '-O2' '-fomit-frame-pointer' '-fa"
 290      6D332720 
 290      272D6D74 
 290      68756D62 
 290      2720272D 
 291 0099 6C69676E 		.ascii	"lign-functions=16' '-ffunction-sections' '-fdata-se"
 291      2D66756E 
 291      6374696F 
 291      6E733D31 
 291      36272027 
 292 00cc 6374696F 		.ascii	"ctions' '-fno-common' '-flto'\000"
 292      6E732720 
 292      272D666E 
 292      6F2D636F 
 292      6D6D6F6E 
 293              		.text
 294              		.comm	__gnu_lto_v1,1,1
 295              		.comm	__gnu_lto_slim,1,1
 296              		.ident	"GCC: (15:7-2018-q2-6) 7.3.1 20180622 (release) [ARM/embedded-7-branch revision 261907]"
ARM GAS  /tmp/ccqbRAT8.s 			page 22


DEFINED SYMBOLS
                            *ABS*:0000000000000000 hal_lld.c
                            *COM*:0000000000000001 __gnu_lto_v1
                            *COM*:0000000000000001 __gnu_lto_slim

NO UNDEFINED SYMBOLS
