ARM GAS  /tmp/ccPOfq3x.s 			page 1


   1              		.cpu cortex-m3
   2              		.eabi_attribute 20, 1
   3              		.eabi_attribute 21, 1
   4              		.eabi_attribute 23, 3
   5              		.eabi_attribute 24, 1
   6              		.eabi_attribute 25, 1
   7              		.eabi_attribute 26, 1
   8              		.eabi_attribute 30, 2
   9              		.eabi_attribute 34, 1
  10              		.eabi_attribute 18, 4
  11              		.file	"nvic.c"
  12              		.section	.gnu.lto_.profile.8054ef302cd51027,"",%progbits
  13 0000 789C6363 		.ascii	"x\234cc```\001bF\006)1\000\000\302\000<"
  13      60606001 
  13      62460629 
  13      310000C2 
  13      003C
  14              		.text
  15              		.section	.gnu.lto_.icf.8054ef302cd51027,"",%progbits
  16 0000 789C6363 		.ascii	"x\234cc``\220b@\000\026\206\005\373?\336dd\334\361\372"
  16      60609062 
  16      40001686 
  16      05FB3FDE 
  16      6464DCF1 
  17 0015 CB5156A6 		.ascii	"\313QV\246\015Kf7r27Lo\375\306\310\000\000\251\036\013"
  17      0D4B6637 
  17      7232374C 
  17      6FFDC6C8 
  17      0000A91E 
  18 002a C2       		.ascii	"\302"
  19              		.text
  20              		.section	.gnu.lto_.jmpfuncs.8054ef302cd51027,"",%progbits
  21 0000 789C6363 		.ascii	"x\234cc``\320a@\000\026\006&FF\346\3729\314\014 \314"
  21      6060D061 
  21      40001606 
  21      264646E6 
  21      FA39CC0C 
  22 0016 0804209A 		.ascii	"\010\004 \232\011Y\220\031*\310\000\000\237-\007\005"
  22      09599019 
  22      2AC80000 
  22      9F2D0705 
  23              		.text
  24              		.section	.gnu.lto_.inline.8054ef302cd51027,"",%progbits
  25 0000 789C4D8C 		.ascii	"x\234M\214\321\021\2000\014B!\215i\364\307\021\352\004"
  25      D1118030 
  25      0C42218D 
  25      69F4C711 
  25      EA04
  26 0012 2ED9453A 		.ascii	".\331E:\222\2438\202\261\236U>\270\343\036`\000*>)\260"
  26      92A33882 
  26      B19E553E 
  26      B8E31E60 
  26      002A3E29 
  27 0027 CC146E8C 		.ascii	"\314\024n\214p\233\332\271\303Z\021\310\261*\"y\020"
  27      709BDAB9 
  27      C35A11C8 
  27      B12A2279 
ARM GAS  /tmp/ccPOfq3x.s 			page 2


  27      10
  28 0038 07E199EC 		.ascii	"\007\341\231\354\225\244\255<\225\240\332O\004\223\222"
  28      95A4AD3C 
  28      95A0DA4F 
  28      049392
  29 0047 FD25C5EE 		.ascii	"\375%\305\356w\020J\310\366N\007\034S\\\2260\015\244"
  29      77104AC8 
  29      F64E071C 
  29      535C9630 
  29      0DA4
  30              		.text
  31              		.section	.gnu.lto_.pureconst.8054ef302cd51027,"",%progbits
  32 0000 789C6363 		.ascii	"x\234cc``\340\004b\026\006)F)&)f)\000\002\304\000\202"
  32      6060E004 
  32      62160629 
  32      46292629 
  32      66290002 
  33              		.text
  34              		.section	.gnu.lto_nvicEnableVector.8054ef302cd51027,"",%progbits
  35 0000 789C9D53 		.ascii	"x\234\235SQK\024Q\024\276\337\234\231\331\311\326}\217"
  35      514B1451 
  35      14BEDF9C 
  35      99D9C9D6 
  35      7D8F
  36 0012 96F22110 		.ascii	"\226\362!\020\011v\022\372\003\021\364\020\370\322?"
  36      097612FA 
  36      0311F410 
  36      F8D23F
  37 0021 085F1272 		.ascii	"\010_\022rW4\2447\357\356\332\252\345\203\340\252\260"
  37      5734A437 
  37      EFEEDAAA 
  37      E583E0AA 
  37      B0
  38 0032 4CB1D25A 		.ascii	"L\261\322ZB\330&j\245YM\333\232.Q\221H\357\245\024\030"
  38      42D8266A 
  38      A5594DDB 
  38      9A2E5191 
  38      48EFA514 
  39 0047 8AED5381 		.ascii	"\212\355S\201Z\347\316](\250\036\3522\367\314\275\347"
  39      5AE7CE5D 
  39      28A81EEA 
  39      32F7CCBD 
  39      E7
  40 0058 7CE79CEF 		.ascii	"|\347\234\357\273w\306\026B\234%!N\362\3730O\220\200"
  40      BB77C616 
  40      429C2521 
  40      4EF2FB30 
  40      4F9080
  41 006b 31F45A88 		.ascii	"1\364Z\210\244c\000j!\035\210\036\003=\030\244,\241"
  41      A463006A 
  41      211D881E 
  41      033D18A4 
  41      2CA1
  42 007d D4F771DE 		.ascii	"\324\367q\336h\272-y\370c\325Cr\322\207\307\351\243"
  42      68BA2D79 
  42      F863D543 
  42      72D287C7 
ARM GAS  /tmp/ccPOfq3x.s 			page 3


  42      E9A3
  43 008f 3CD5C00C 		.ascii	"<\325\300\014\232\030\365\266\367\236G\327\310#\300"
  43      9A18F5B6 
  43      F79E47D7 
  43      C823C0
  44 009e E4ED9757 		.ascii	"\344\355\227W\271\365\210\332\032h\340\355\236\314\216"
  44      B9F588DA 
  44      1A68E0ED 
  44      9ECC8E
  45 00ad 462806C1 		.ascii	"F(\006\301\353\215\2277\207B\215\023R\246\244_.\220"
  45      EB8D9737 
  45      87428D13 
  45      52A6A45F 
  45      2E90
  46 00bf 3CE611E1 		.ascii	"<\346\021\341>\210\013b\016Q\314\"*\330%\360\000\215"
  46      3E880B62 
  46      0E51CC22 
  46      2AD825F0 
  46      008D
  47 00d1 0CBF93FA 		.ascii	"\014\277\223\372\264Et\"H\375\260\362>k\325R7&j\251"
  47      B4457422 
  47      48FDB0F2 
  47      3E6BD552 
  47      37266AA9 
  48 00e5 0FFF903A 		.ascii	"\017\377\220:\217\306\000?\275?Ro\233\232+\026`\013"
  48      8FC6003F 
  48      BD3F526F 
  48      9B9A2B16 
  48      600B
  49 00f7 F0A2B86A 		.ascii	"\360\242\270j\371r\377{\237\364\327na\354L\030\234c"
  49      F972FF7B 
  49      9FF4D76E 
  49      61EC4C18 
  49      9C63
  50 0109 1ACA101B 		.ascii	"\032\312\020\033\313T\306bc\333P\205\034(&B\364s\021"
  50      CB54C662 
  50      63DB5085 
  50      1C282642 
  50      F47311
  51 011c 3E1DE98B 		.ascii	">\035\351\213\0012\324*\355\213M\244\252}{\305:U;G\310"
  51      0132D42A 
  51      ED8B4DA4 
  51      AA7D7BC5 
  51      3A553B47 
  52 0131 91CDAEF4 		.ascii	"\221\315\256\364N\006\332a\260\357\327\263\261a\342"
  52      4E06DA61 
  52      B0EFD7B3 
  52      B161E2
  53 0140 1173DC44 		.ascii	"\021s\334Di\355\3527R \016\217^)\275\011\251p(\0209"
  53      69EDEA37 
  53      52200E8F 
  53      5E29BD09 
  53      A9702810 
  54 0155 3BBEFD35 		.ascii	";\276\3755\254\267\262\224\226\021v\315|\036^\017\345"
  54      ACB7B294 
  54      961176CD 
  54      7C1E5E0F 
ARM GAS  /tmp/ccPOfq3x.s 			page 4


  54      E5
  55 0166 7123C977 		.ascii	"q#\311w\220?\342\221\203\307\254v\221+\251\204\245\301"
  55      903FE291 
  55      83C7AC76 
  55      912BA984 
  55      A5C1
  56 0178 E4789D3B 		.ascii	"\344x\235;%{\223\262\301\243\003x\202<F\202\333\341"
  56      257B93B2 
  56      C1A30378 
  56      823C4682 
  56      DBE1
  57 018a E0BBD5B9 		.ascii	"\340\273\325\271\231HsQ\005\363q\217\352\360\024n\216"
  57      99487351 
  57      05F3718F 
  57      EAF0146E 
  57      8E
  58 019b 9CE0E67C 		.ascii	"\234\340\346|43G\305x7s}z\322\320\244\211\303\2348\\"
  58      343347C5 
  58      7837737D 
  58      7AD2D0A4 
  58      89C39C38 
  59 01b0 B83B5FAF 		.ascii	"\270;_\257hX8\212g\001\351t53`i\220\251A\225\302\302"
  59      6858388A 
  59      6701E974 
  59      35336069 
  59      90A94195 
  60 01c6 6E582BB3 		.ascii	"nX+\263P\322\240\235L%\244A\226RS^\3168\032\001<G\224"
  60      50D2A09D 
  60      4C25A441 
  60      9652535E 
  60      CE381A01 
  61 01dd EBD7E45B 		.ascii	"\353\327\344[5\371\377\"\356 \312\2018\374.\256\333"
  61      35F9FF22 
  61      EE20CA81 
  61      38FC2EAE 
  61      DB
  62 01ee A3309694 		.ascii	"\2430\226\22483\020\367B\211\263t\257\251\351E\374W"
  62      383310F7 
  62      4289B374 
  62      AFA9E945 
  62      FC57
  63 0200 B7E5A09B 		.ascii	"\267\345\240\233\361\227n+?\273Ut\267m\244\362\305\301"
  63      F1976E2B 
  63      3FBB5574 
  63      B76DA4F2 
  63      C5C1
  64 0212 A057F073 		.ascii	"\240W\360s\3643S\376R\270\300\361X\314\325O\242\313"
  64      F43353FE 
  64      52B8C0F1 
  64      58CCD54F 
  64      A2CB
  65 0224 BD70FEA2 		.ascii	"\275p\376\242\333\221\350\274\324\345\266&\332\333\023"
  65      DB91E8BC 
  65      D4E5B626 
  65      DADB13
  66 0233 71F7D4B9 		.ascii	"q\367\324\271\226\323-\227\335xw[k\254U nvt\266%~\000"
  66      96D32D97 
ARM GAS  /tmp/ccPOfq3x.s 			page 5


  66      DD78775B 
  66      6BAC5520 
  66      6E7674B6 
  67 024a EF051A21 		.ascii	"\357\005\032!"
  68              		.text
  69              		.section	.gnu.lto_nvicDisableVector.8054ef302cd51027,"",%progbits
  70 0000 789C9551 		.ascii	"x\234\225Q]k\023Q\020\235sg?b?\362,\030\264\017B)B\226"
  70      5D6B1351 
  70      109D7367 
  70      3F623FF2 
  70      2C18B40F 
  71 0018 FC04117C 		.ascii	"\374\004\021|\353\213\377@\362\242h\023\261R|\353M\323"
  71      EB8BFF40 
  71      F2A26813 
  71      B1527CEB 
  71      4DD3
  72 002a A6AD5628 		.ascii	"\246\255V(\264\215\020\026\331b\304\202h\225\244j\352"
  72      B48D1016 
  72      D962C482 
  72      6895A46A 
  72      EA
  73 003b D7BA56A4 		.ascii	"\327\272V\244h\025\213\372\003L\021Q(*>T\250\325\271"
  73      68158BFA 
  73      034C1151 
  73      282A3E54 
  73      A8D5B9
  74 004e BB3E083E 		.ascii	"\273>\010>9\354\275;s\357\2319\347\3168DtB\021y\362"
  74      39ECBD3B 
  74      73EF9939 
  74      E7CE3844 
  74      74421179 
  75 0063 DF230B4C 		.ascii	"\337#\013LP\323/\211J)\005\030G\247@\303\012\303\230"
  75      50D32F89 
  75      4A290518 
  75      47A740C3 
  75      0AC398
  76 0076 E2594634 		.ascii	"\342YF4\376\241\245\372\256j\261\360b\323\251\350\261"
  76      FEA1A5FA 
  76      AE6AB1F0 
  76      62D3A9E8 
  76      B1
  77 0087 DD3E1355 		.ascii	"\335>\023Ue\031C\003}\202z=z\323\347\363\3543`I\370"
  77      65194303 
  77      7D827A3D 
  77      7AD3E7F3 
  77      EC336049 
  78 009c 75ADD64E 		.ascii	"u\255\326N\233P\241G\302\237z\266\232\346,H\374\215"
  78      9B50A147 
  78      C29F7AB6 
  78      9AE62C48 
  78      FC8D
  79 00ae E797A7DD 		.ascii	"\347\227\247\335\336+Z\217\350\360E\235\365~\237\031"
  79      DE2B5A8F 
  79      E8F0459D 
  79      F57E9F19 
  80 00be B7C15210 		.ascii	"\267\301R\020K\310\240\211\014\311\021\341\016z\015"
  80      4BC8A089 
ARM GAS  /tmp/ccPOfq3x.s 			page 6


  80      0CC911E1 
  80      0E7A0D
  81 00cd FEFDAD9D 		.ascii	"\376\375\255\235\271n\307J\010q\027\016A\234\305u;\324"
  81      B96EC74A 
  81      0871170E 
  81      419CC575 
  81      3BD4
  82 00df 3BBFC675 		.ascii	";\277\306u\270Q\307\333\303\242\330gK\231\215e\263-"
  82      B851C7DB 
  82      C3A2D867 
  82      4B998D65 
  82      B32D
  83 00f1 C4E93421 		.ascii	"\304\3514!I\362$\035\322$+\343\225C\372\204\362ve\255"
  83      49F2241D 
  83      D2242BE3 
  83      9543FA84 
  83      F27665AD 
  84 0105 B1A04CB1 		.ascii	"\261\240L\261\032\243\306F\361L\375F\253\333(\266\260"
  84      1AA3C646 
  84      F14CFD46 
  84      ABDB28B6 
  84      B0
  85 0116 0F2DD120 		.ascii	"\017-\321 \260o\225I;\001\251\004\264Z_\336\3562 \033"
  85      B06F9549 
  85      3B01A904 
  85      B45A5FDE 
  85      EE32201B 
  86 012a 369613D0 		.ascii	"6\226\023\320\227\312\252\233\200L\267\232+\317*\251"
  86      97CAAA9B 
  86      804CB79A 
  86      2BCF2AA9 
  87 013a 0401DC43 		.ascii	"\004\001\334CF\352\013(zs\356G\\I\020\325\261\350\225"
  87      46EA0B28 
  87      7A73EE47 
  87      5C4910D5 
  87      B1E895
  88 014d 6B104EDC 		.ascii	"k\020N\334\216\346\374\346VW\022\352\250\254\323r\324"
  88      8EE6FCE6 
  88      565712EA 
  88      A8ACD372 
  88      D4
  89 015e F83CD376 		.ascii	"\370<\323v\003\\*I\313\203\275>\273x }\271/t&\341\351"
  89      035C2A49 
  89      CB83BD3E 
  89      BB78207D 
  89      B92F7426 
  90 0174 5469BEC3 		.ascii	"Ti\276\303\273\256GK\272\307\347\024\036\"\300\\<\014"
  90      BBAE474B 
  90      BAC7E714 
  90      1E22C05C 
  90      3C0C
  91 0186 B97CB7BE 		.ascii	"\271|\267\276\324H\347\026\315e0\344\363.<\202'\352"
  91      D448E716 
  91      CD6530E4 
  91      F32E3C82 
  91      27EA
  92 0198 E34185C8 		.ascii	"\343A\205\310\211F\243\346\373\307\205\266\373G\316"
ARM GAS  /tmp/ccPOfq3x.s 			page 7


  92      8946A3E6 
  92      FBC785B6 
  92      FB47CE
  93 01a7 FF9075E0 		.ascii	"\377\220u\340qL\206\177\311\012>w\"2dVL\366\004\271"
  93      714C867F 
  93      C90A3E77 
  93      22326456 
  93      4CF604B9 
  94 01bb BFDFDA09 		.ascii	"\277\337\332\011\302\212\324\334\304Hp\355\002\3421"
  94      C28AD4DC 
  94      C44870ED 
  94      02E231
  95 01ca 1A9B905A 		.ascii	"\032\233\220Z2\025\021x \233\365\222\2578\350\035;z"
  95      32151178 
  95      209BF592 
  95      AF38E81D 
  95      3B7A
  96 01dc D23B553C 		.ascii	"\322;U<}f\320\313\027\007\006\212\005\357\340\221\376"
  96      7D66D0CB 
  96      1707068A 
  96      05EFE091 
  96      FE
  97 01ed 43FD67BD 		.ascii	"C\375g\275\302\320\361|6O(\374\006\027e\324\031"
  97      C2D0F17C 
  97      364F28FC 
  97      061765D4 
  97      19
  98              		.text
  99              		.section	.gnu.lto_nvicSetSystemHandlerPriority.8054ef302cd51027,"",%progbits
 100 0000 789C6D51 		.ascii	"x\234mQ\315KTQ\024?\277{\336{\363\012\262\255\224\013"
 100      CD4B5451 
 100      143FBF7B 
 100      DE7BF30A 
 100      B2AD940B 
 101 0014 17C120C1 		.ascii	"\027\301 \301<\334\264h\027n\334\270\351?\220)P\320"
 101      3CDCB468 
 101      176EDCB8 
 101      E93F9029 
 101      50D0
 102 0026 79328AB4 		.ascii	"y2\212\264\363\316\214:f\"Q\243\306\360\210\267\021"
 102      F3CE8C3A 
 102      662251A3 
 102      C6F088B7 
 102      11
 103 0037 930815D3 		.ascii	"\223\010\025\323\032\035\3551\2536VJ\004\271\353\203"
 103      1A1DED31 
 103      AB36564A 
 103      04B9EB83 
 104 0047 8281A272 		.ascii	"\202\201\242r\026\255\254s\237#\264\350r?\316\327\357"
 104      16ADAC73 
 104      9F23B4E8 
 104      723FCED7 
 104      EF
 105 0058 DCDF39C7 		.ascii	"\334\3379\307!\242#\020]\225\367\242\0340A\335}E\224"
 105      21A22310 
 105      5D95F7A2 
 105      1C3041DD 
ARM GAS  /tmp/ccPOfq3x.s 			page 8


 105      7D4594
 106 006b 73156004 		.ascii	"s\025`\004\355\202\306\024\3060\303%F\255\370\245\242"
 106      ED82C614 
 106      C630C325 
 106      46ADF8A5 
 106      A2
 107 007c 3A96B4AC 		.ascii	":\226\264\254h\241\341L\352\211\326\200\211\346\345"
 107      68A1E14C 
 107      EA89D680 
 107      89E6E5
 108 008b 98857574 		.ascii	"\230\205utH\324\376\370j\300w8`\300\022\365\347^\371"
 108      48D4FEF8 
 108      6AC07738 
 108      60C012F5 
 108      E75EF9
 109 009e 538B5115 		.ascii	"S\213Q\025\332E-\334\337\255\272\234\002\211|\260\376"
 109      DA452DDC 
 109      DFADBA9C 
 109      02897CB0 
 109      FE
 110 00af A03BB9A8 		.ascii	"\240;\271\250u^G\237\027Y_\012\230\261\011\226|\330"
 110      755E479F 
 110      17595F0A 
 110      98B10996 
 110      7CD8
 111 00c1 401B9EA2 		.ascii	"@\033\236\242\215\304Dx\206\244D?\316\177\375\306|%"
 111      8DC44478 
 111      86A4443F 
 111      CE7FFDC6 
 111      7C25
 112 00d3 467E7CF9 		.ascii	"F~|\371\241d7\241\215\245&\364\371\177\240\025$\343"
 112      A16437A1 
 112      8DA526F4 
 112      F97FA015 
 112      24E3
 113 00e5 F8B5E3B9 		.ascii	"\370\265\343\271s\216\025\236\262\305\026\034\222\312"
 113      738E159E 
 113      B2C5161C 
 113      92CA
 114 00f3 69E5C08E 		.ascii	"i\345\300\216\364\361\237\2420h=<r\023\020\230\245\314"
 114      F4F19FA2 
 114      30683D3C 
 114      72131098 
 114      A5CC
 115 0105 25F4056C 		.ascii	"%\364\005l\303\374N4%(i\210\216\3506+#\025\"\252#\377"
 115      C3FC4E34 
 115      25286988 
 115      8EE8362B 
 115      231522AA 
 116 011b ABB857A9 		.ascii	"\253\270W\251\302d+3\312\362a\035\205\037\223M\203\022"
 116      C2642B33 
 116      CAF2611D 
 116      851F934D 
 116      8312
 117 012d DBBFFDB0 		.ascii	"\333\277\375\260aa[\210\325Q{;\375\3366A\342\236\237"
 117      61615B88 
 117      D5517B3B 
ARM GAS  /tmp/ccPOfq3x.s 			page 9


 117      FDDE3641 
 117      E29E9F
 118 0140 A8BD4E18 		.ascii	"\250\275N\030\267\023W\226\253TK\366\211\252\017\013"
 118      B7135796 
 118      AB544BF6 
 118      89AA0F0B 
 119 0150 BA454CF5 		.ascii	"\272EL\365\375\306\033;\304\303\234\364=\274\020p\002"
 119      FDC61B3B 
 119      C4C39CF4 
 119      3DBC1070 
 119      02
 120 0161 3B526255 		.ascii	";RbU2\031\300\275\351\345\345\263\336\023=\236\323\355"
 120      3219C0BD 
 120      E9E5E5B3 
 120      DE133D9E 
 120      D3ED
 121 0173 01BBD845 		.ascii	"\001\273\330E\210\271x\"\342|\367\350\367\302\371\316"
 121      88B97822 
 121      E27CF7E8 
 121      F7C2F9CE 
 122 0183 15E30C33 		.ascii	"\025\343\0143\001\237\301\013xe\266\343iE\350\024\216"
 122      019FC10B 
 122      7865B6E3 
 122      6945E814 
 122      8E
 123 0194 F41DF970 		.ascii	"\364\035\371p{6\246\034Oq\212a\352SD\227S)\357d\373"
 123      7B36A61C 
 123      4F718A61 
 123      EA534497 
 123      5329EF64 
 124 01a9 C35E5FEF 		.ascii	"\303^_\357\2007\344gG\206\275\264?8\350g\274k\327{\272"
 124      8037E467 
 124      4786BDB4 
 124      3F38E867 
 124      BC6BD77B 
 125 01be 7A6E7999 		.ascii	"zny\231\321\376t*M\211\276\336\314\215\201\233Yk(\333"
 125      D1FE742A 
 125      4D89BEDE 
 125      CC8D819B 
 125      596B28DB 
 126 01d2 EFFF056B 		.ascii	"\357\377\005k\035\261X"
 126      1DB158
 127              		.text
 128              		.section	.gnu.lto_nvicClearPending.8054ef302cd51027,"",%progbits
 129 0000 789C3551 		.ascii	"x\2345Q\317KTQ\024>\337=\357\315\233Bg\0354\250\013"
 129      CF4B5451 
 129      143EDF3D 
 129      EFCD9B42 
 129      671D34A8 
 130 0015 4144988B 		.ascii	"AD\230\213\177B\264h\345\306\377 fS\2403\222!\355\274"
 130      7F42B468 
 130      E5C6FF20 
 130      6653A033 
 130      9221EDBC 
 131 0029 33A3335A 		.ascii	"3\2433ZB\202:\301\360\210'N\210\013\1771\232\315\330"
 131      42823AC1 
 131      F088274E 
ARM GAS  /tmp/ccPOfq3x.s 			page 10


 131      880B7F31 
 131      9ACDD8
 132 003c 8FC7508B 		.ascii	"\217\307P\213\210\012%Z\265\312\010*\220\022\202\026"
 132      880A255A 
 132      B5CA082A 
 132      90128216 
 133 004c 6A9DFB1E 		.ascii	"j\235\373\036\035\356\217s\316=\337\271\337\375n\202"
 133      1DEE8F73 
 133      CE3DDFB9 
 133      DFFD6E82 
 134 005c 887E8348 		.ascii	"\210~\203H\313~Y&\230\240\346\337\021\025\222\012\260"
 134      CB7E5926 
 134      98A0E6DF 
 134      1115920A 
 134      B0
 135 006d 8E498226 		.ascii	"\216I\202&\025&1\307\213\214v\345kS\365\257\032\261"
 135      152631C7 
 135      8B8C76E5 
 135      6B53F5AF 
 135      1AB1
 136 007f F041CB2B 		.ascii	"\360A\313+\233\351K>\023UeZC\003\375Ru0\265\345\363"
 136      9BE94B3E 
 136      1355655A 
 136      4303FD52 
 136      7530B5E5 
 137 0094 3DF61970 		.ascii	"=\366\031p$\374\365\266v\224\262\241B\217\204gf\261"
 137      24FCF5B6 
 137      7694B2A1 
 137      428F8467 
 137      66B1
 138 00a6 9AE20C48 		.ascii	"\232\342\014H\374/oV\346\275\276G\306\024M\370\262\316"
 138      FC2F6F56 
 138      E6BDBE47 
 138      C6144DF8 
 138      B2CE
 139 00b8 A6D767C6 		.ascii	"\246\327g\306c\2604\304.\322\330A\232$E\330C\237\255"
 139      63B034C4 
 139      2ED2D841 
 139      9A2445D8 
 139      439FAD
 140 00cb FFBC7DBE 		.ascii	"\377\274}\276\324\231p\342\013\361\004\011\022\362\264"
 140      D49970E2 
 140      0BF10409 
 140      12F2B4
 141 00da 79E886E6 		.ascii	"y\350\206\346\374o\305\204\237\3528\270&\214}v\224,"
 141      FC6FC584 
 141      9FEA38B8 
 141      268C7D76 
 141      942C
 142 00ec 2E5BCFB1 		.ascii	".[\317\261\213\213\250\007\315\010R\336eB\232ee\275"
 142      8B8BA807 
 142      CD0852DE 
 142      65429A65 
 142      65BD
 143 00fe 5248DF51 		.ascii	"RH\337Q:-\237\355\007\312v\2541j\354\312]\013\365\215"
 143      3A2D9FED 
 143      07CA76AC 
ARM GAS  /tmp/ccPOfq3x.s 			page 11


 143      316AECCA 
 143      5D0BF58D 
 144 0112 66A7A5ED 		.ascii	"f\247\245\355\240\033M!\"e?\313k^\\\2440\220\226R\233"
 144      A01B4D21 
 144      22653FCB 
 144      6B5E5CA4 
 144      30909652 
 145 0127 3C29CFBA 		.ascii	"<)\317\272q\222c\344\353z\353\264\303\"]\270hE\310\342"
 145      719263E4 
 145      EB7AEBB4 
 145      C3225DB8 
 145      6845C8E2 
 146 013b 49E53FD2 		.ascii	"I\345?\322\021\260d\332\037\356~\213`\002\250N\267\337"
 146      11B064DA 
 146      1FEE7E8B 
 146      6002A84E 
 146      B7DF
 147 014d 7B169088 		.ascii	"{\026\220\210T\331Y>\376\323\021\207\246]2)I5~,\034"
 147      54D9593E 
 147      FED31187 
 147      A65D3229 
 147      49357E2C 
 148 0162 79011E16 		.ascii	"y\001\036\026D\371\240\313g\017OE\236}\351m\001\257"
 148      44F9A0CB 
 148      670F4F45 
 148      9E7DE96D 
 148      01AF
 149 0174 E60ACB17 		.ascii	"\346\012\313\027\365\272\231*\230\036\237\223x\206\000"
 149      F5BA992A 
 149      981E9F93 
 149      788600
 150 0183 4BD19FC8 		.ascii	"K\321\237\310\341\307\303\335Fjp\323\036\006\023>_\300"
 150      E1C7C3DD 
 150      466A70D3 
 150      1E06133E 
 150      5FC0
 151 0195 7368A11A 		.ascii	"sh\241\032\375\327\013\014\012!:F1X\271\217HPk3\362"
 151      FDD70B0C 
 151      0A213A46 
 151      3158B98F 
 151      48506B33 
 152 01aa 30914611 		.ascii	"0\221F\021\015d2:\036\371q}\343\372\210\036\313\337"
 152      0D64323A 
 152      1EF9717D 
 152      E3FA881E 
 152      CBDF
 153 01bc BA3DAEB3 		.ascii	"\272=\256\263\371\321\321|N_\031\036\272:tG\347&nf3"
 153      F9D1D17C 
 153      4E5F191E 
 153      BA3A7447 
 153      E7266E66 
 154 01d1 5942EE1F 		.ascii	"YB\356\037\355\264\254\275"
 154      EDB4ACBD 
 155              		.text
 156              		.section	.gnu.lto_.symbol_nodes.8054ef302cd51027,"",%progbits
 157 0000 789C6363 		.ascii	"x\234cc``\360\002b\006\246\371L\365\014\014\023\316"
 157      6060F002 
ARM GAS  /tmp/ccPOfq3x.s 			page 12


 157      6206A6F9 
 157      4CF50C0C 
 157      13CE
 158 0012 313000A9 		.ascii	"10\000\251]\015\216@\221\005L\365\214\250\"\013\231"
 158      5D0D8E40 
 158      91054CF5 
 158      8CA8220B 
 158      99
 159 0023 EA995045 		.ascii	"\352\231PE\0261\3253\243\2100\000\000\300\212\022E"
 159      1631D533 
 159      A3883000 
 159      00C08A12 
 159      45
 160              		.text
 161              		.section	.gnu.lto_.refs.8054ef302cd51027,"",%progbits
 162 0000 789C6363 		.ascii	"x\234cc```\004b\006\000\000D\000\010"
 162      60606004 
 162      62060000 
 162      440008
 163              		.text
 164              		.section	.gnu.lto_.decls.8054ef302cd51027,"",%progbits
 165 0000 789CBD59 		.ascii	"x\234\275YkTT\327\025\236s\317\000\303\360\262\310j"
 165      6B5454D7 
 165      159E73CF 
 165      00C3F0B2 
 165      C86A
 166 0012 4C3B594D 		.ascii	"L;YM\\f\205\325\007\243\261i\354\2376d\324\312\017S"
 166      5C6685D5 
 166      07A3B169 
 166      EC9F3664 
 166      D4CA0F53 
 167 0026 3A24AE95 		.ascii	":$\256\2254\355\304 \251d)d\001\266\361W/\202\021%\032"
 167      34EDC420 
 167      A9642964 
 167      01B6F157 
 167      2F821125 
 168 003b 50020A18 		.ascii	"P\002\012\030\0200h\000\225\310C%\350\200\012\310\323"
 168      10306800 
 168      95C84325 
 168      E8800AC8 
 168      D3
 169 004c A0A0C863 		.ascii	"\240\240\310c\020\001\001\021y\250\010\242t\237\307"
 169      10010111 
 169      79A808A2 
 169      749FC7
 170 005b 9DB95C66 		.ascii	"\235\271\\f\254?\272z\227{\356\354s\276\263\367w\366"
 170      AC3FBA7A 
 170      977BEEEC 
 170      73BEB3F7 
 170      77F6
 171 006d 3E679F33 		.ascii	">g\2373\350\254R\251L/\252T\177\021T\252t\244R\315\302"
 171      E8AC52A9 
 171      4C2FAA54 
 171      7F1154AA 
 171      74A452CD 
 172 0082 E3046D15 		.ascii	"\343\004m\025 \240\252\312U\354Q\203T\203\324\2014\200"
 172      20A0AACA 
ARM GAS  /tmp/ccPOfq3x.s 			page 13


 172      55EC5183 
 172      5483D481 
 172      3480
 173 0094 34A9E63F 		.ascii	"4\251\346?_\301\000\017x\177\004\342\015\342\303\307"
 173      5FC1000F 
 173      787F04E2 
 173      0DE2C3C7 
 174 00a4 EB405E03 		.ascii	"\353@^\003y\037\344\025\300\374\002d\000\276\337\006"
 174      791FE415 
 174      C0FC0264 
 174      00BEDF06 
 175 00b4 79043209 		.ascii	"y\0042\011\202A\026@\273\016\304\0131\337\325v|\244"
 175      82411640 
 175      BB0EC40B 
 175      31DFD576 
 175      7CA4
 176 00c6 4087BB1D 		.ascii	"@\207\273\035\037J\373\222]\311\017LO\265\0201\037\210"
 176      1F4AFB92 
 176      5DC90F4C 
 176      4FB51031 
 176      1F88
 177 00d8 CF43F9A4 		.ascii	"\317C\371\244A\207\326\001\177b;\002\372?\003y\0071"
 177      4187D601 
 177      7F623B02 
 177      FA3F0379 
 177      0731
 178 00ea 9BC4CEFB 		.ascii	"\233\304\316\373\334^\003\327\243\321\\\233\031\016"
 178      DC5E03D7 
 178      A3D15C9B 
 178      190E
 179 00f8 6C12BE1F 		.ascii	"l\022\276\037\330\341K\206\353\270M{1N\302\250\263\346"
 179      D8E14B86 
 179      EBB84D7B 
 179      314EC2A8 
 179      B3E6
 180 010a 681E8EC7 		.ascii	"h\036\216\307\3505-\"\331\362\202\246\343\303\247\247"
 180      E8352D22 
 180      D9F282A6 
 180      E3C3A7A7 
 181 011a 3C581341 		.ascii	"<X\023A4W$y`\201~\355\316\217\355s\365\313\027\331\243"
 181      34572479 
 181      60817EED 
 181      CE8FED73 
 181      F5CB17D9 
 182 012f F99B0A15 		.ascii	"\371\233\012\025#,Yj\376j<\307\005\377\216\002\177\214"
 182      232C596A 
 182      FE6A3CC7 
 182      05FF8E02 
 182      7F8C
 183 0141 3D914EAC 		.ascii	"=\221N\254zk\221\032\324\261\206\324[\236\240\372h\321"
 183      7A6B911A 
 183      D4B186D4 
 183      5B9EA0FA 
 183      68D1
 184 0153 CB4958B0 		.ascii	"\313IX\260\264=\356\360DZ\3378Q\334&f\306\210\256kT"
 184      B43DEEF0 
 184      445ADF38 
ARM GAS  /tmp/ccPOfq3x.s 			page 14


 184      51DC2666 
 184      C688AE6B 
 185 0168 E834D2A1 		.ascii	"\3504\322\241SH\247Be\310\227x.A~*T\004\215'\241\361"
 185      5348A742 
 185      65C89778 
 185      2E417E2A 
 185      54048D27 
 186 017e 5BE2CEDC 		.ascii	"[\342\316\334\264\377\017\007\306E\361et\006iQ)\302"
 186      B4FF0F07 
 186      C645F165 
 186      74066951 
 186      29C2
 187 0190 1403937B 		.ascii	"\024\003\223{M\313\010\034\315I\314r\306\341\204\200"
 187      4DCB081C 
 187      CD49CC72 
 187      C6E18480 
 188 01a0 5096D677 		.ascii	"P\226\326wQp\344\342\254C\027\325\031\213\253\266\213"
 188      5170E4E2 
 188      AC4317D5 
 188      198BABB6 
 188      8B
 189 01b1 A280CAC1 		.ascii	"\242\200\312\301\305\0176\027\340\221\274\240\025\374"
 189      C50F3617 
 189      E091BCA0 
 189      15FC
 190 01bf 9CA9283F 		.ascii	"\234\251(?\347fA\235\010\226\001Z@\247\217\020\373\204"
 190      E766419D 
 190      0896015A 
 190      40A78F10 
 190      FB84
 191 01d1 3711AACF 		.ascii	"7\021\252\317J\017b\355\320*\260\027\207\022E\032\202"
 191      4A0F62ED 
 191      D02AB017 
 191      8712451A 
 191      82
 192 01e2 AC2D02B7 		.ascii	"\254-\002\267!Hv\351?n\000\311\255\262~\346NzX\322\331"
 192      214876E9 
 192      3F6E00C9 
 192      ADB27EE6 
 192      4E7A58D2 
 193 01f7 17D938D6 		.ascii	"\027\3318\326$\330\234\311\206\314\343\252\262v[I\331"
 193      24D89CC9 
 193      86CCE3AA 
 193      B2765B49 
 193      D9
 194 0208 268978B6 		.ascii	"&\211x\266s\323\0178u\243.\350\204\205\227\240\011\243"
 194      73D30F38 
 194      75A32EE8 
 194      848597A0 
 194      09A3
 195 021a 694FBBDA 		.ascii	"iO\273\332\223-\3404D\225\352#\305\025H-\260\260\241"
 195      932DE034 
 195      4495EA23 
 195      C515482D 
 195      B0B0A1
 196 022d 303569AB 		.ascii	"05i\253\233\314=\247\266\266U\"\332xqv\322\354\305\026"
 196      9BCC3DA7 
ARM GAS  /tmp/ccPOfq3x.s 			page 15


 196      B6B65522 
 196      DA787176 
 196      D2ECC516 
 197 0241 8B40D6D1 		.ascii	"\213@\326\321h\375A7\266X\026\220\265s\266+YX\224L\322"
 197      68FD4137 
 197      B6581690 
 197      B573B62B 
 197      5958944C 
 198 0256 9310232E 		.ascii	"\223\020#.\020\320G?E\027!i\027 i*T\205\026\301\347"
 198      10D0473F 
 198      45172169 
 198      1720692A 
 198      548516C1 
 199 026b 79A466AC 		.ascii	"y\244f\254\036\356\331\221\257]\234)fv\213\346\333\005"
 199      1EEED991 
 199      AF5D9C29 
 199      66768BE6 
 199      DB05
 200 027d 4B6E1789 		.ascii	"Kn\027\211\"\244ST\023\034\252\260\345\263\202,[dF\335"
 200      22A45354 
 200      131CAAB0 
 200      E5B3822C 
 200      5B6446DD 
 201 0291 089D4316 		.ascii	"\010\235C\026\230D5Z\014\303[\272\312G1\276\356\230"
 201      9844355A 
 201      0CC35BBA 
 201      CA4731BE 
 201      EE98
 202 02a3 7FCA95AC 		.ascii	"\177\312\225\2543\036\016\311\324R2\227$2c\203\365c"
 202      331E0EC9 
 202      D4523297 
 202      24326383 
 202      F563
 203 02b5 1E9C4CF3 		.ascii	"\036\234L\363\213\251\242y\233H\226\026\240P\215\215"
 203      8BA9A279 
 203      9B489616 
 203      A0508D8D 
 204 02c5 4A8D924A 		.ascii	"J\215\222J\035\245R\370\350N\014\306C\214\312\223\224"
 204      1DA552F8 
 204      E84E0CC6 
 204      438CCA93 
 204      94
 205 02d6 06D155B2 		.ascii	"\006\321U\262\364s\253%2\251z\233\245z\245\245\006j"
 205      F473AB25 
 205      32A97A9B 
 205      A57AA5A5 
 205      066A
 206 02e8 A93C3725 		.ascii	"\251<7%\000\357`\033x*\253\366\250374\364\322\034J\215"
 206      00EF601B 
 206      782AABF6 
 206      A8333734 
 206      F4D21C4A 
 207 02fd 36438D4A 		.ascii	"6C\215JCM\324P~KF\231;\313\223\250#\363\253\330Q\304"
 207      434DD450 
 207      7E4B4699 
 207      3BCB93A8 
 207      23F3ABD8 
ARM GAS  /tmp/ccPOfq3x.s 			page 16


 208 0313 F55117D0 		.ascii	"\365Q\027\320\223\012n\225\"\246'\370\200>\320\222\233"
 208      930A6E95 
 208      22A627F8 
 208      803ED092 
 208      9B
 209 0324 EAC11229 		.ascii	"\352\301\022)\036B\320ppf&V\215\3673*7[\237\326\361"
 209      1E42D070 
 209      70662656 
 209      8DF7332A 
 209      375B9FD6 
 210 0339 1211E344 		.ascii	"\022\021\343D\226F_\307\327\036\3328\022Z\272_I\207"
 210      96465FC7 
 210      D71EDA38 
 210      125ABA5F 
 210      4987
 211 034b B46355A8 		.ascii	"\264cU\250\225l@\244\327\241\026P\001\235\227\234U\214"
 211      956C40A4 
 211      D7A11650 
 211      019D979C 
 211      558C
 212 035d BD136822 		.ascii	"\275\023h\"D\361-5\315\321\025\2007S\3705\344-\015\""
 212      44F12D35 
 212      CDD11580 
 212      3753F835 
 212      E42D0D22 
 213 0371 E8DEC3BD 		.ascii	"\350\336\303\275\231\256\234\2713\350_$\366d{r\346\204"
 213      99AE9CB9 
 213      33E85F24 
 213      F6647B72 
 213      E684
 214 0383 D8E5C42F 		.ascii	"\330\345\304/\367\2519SR\001\367\\K\374#\316b<\257\027"
 214      F7A93953 
 214      5201F75C 
 214      4BFC23CE 
 214      623CAF17 
 215 0397 EE3BE1C4 		.ascii	"\356;\341\304\260\367\010\366Ljk\252\233C\236\235\022"
 215      B0F708F6 
 215      4C6A6BAA 
 215      9B439E9D 
 215      12
 216 03a8 CF0EC6F3 		.ascii	"\317\016\306\363\370\366\336\243\032\030\255\203\362"
 216      F8F6DEA3 
 216      1A18AD83 
 216      F2
 217 03b5 8A64B555 		.ascii	"\212d\265U\307jk\221y\242@\215\017SOBaA\357\247\310"
 217      C76A6B91 
 217      79A2408D 
 217      0F534F42 
 217      6141EFA7 
 218 03ca 572B153B 		.ascii	"W+\025;\277\355;Hnz`b\335\266\334\350\310\224hU\023"
 218      BFED3B48 
 218      6E7A6062 
 218      DDB6DCE8 
 218      C8946855 
 219 03df B345BC48 		.ascii	"\263E\274H\205\226\353\320R\250i7\241\246\351xM\263"
 219      8596EBD0 
 219      52A86937 
ARM GAS  /tmp/ccPOfq3x.s 			page 17


 219      A1A6E978 
 219      4DB3
 220 03f1 009D2EE6 		.ascii	"\000\235.\346\377h\306\221\013\036\3708s\320Up\257\021"
 220      FF68C691 
 220      0B1EF838 
 220      73D05570 
 220      AF11
 221 0403 5B3D40AD 		.ascii	"[=@\255;Ik]\037x\270e\363\320\203\034\270\350\265\357"
 221      3B496B5D 
 221      1F78B865 
 221      F3D0831C 
 221      B8E8B5EF 
 222 0417 A2C592DC 		.ascii	"\242\305\222\334\356fK\005\242\366n@\177\033\215H?M"
 222      EE664B05 
 222      A2F66E40 
 222      7F1B8D48 
 222      3F4D
 223 0429 45A7948A 		.ascii	"E\247\224\212m\027v\336A$|1\317g}\377\305\251{j\271"
 223      6D1776DE 
 223      41247C31 
 223      CF677DFF 
 223      C5A97B6A 
 224 043e F5DBCFB2 		.ascii	"\365\333\317\262^bI\332\311\227d&9x\316t\216\231\335"
 224      5E6249DA 
 224      C9976426 
 224      3978CE74 
 224      8E99DD
 225 0451 98DE4DC2 		.ascii	"\230\336M\302?5\274\277E\303\023\355\011\372\371\211"
 225      3F35BCBF 
 225      45C313ED 
 225      09FAF989 
 226 0461 F431775C 		.ascii	"\3641w\\\3122]\331^\036\3073\375&\250\365{N\3679^\220"
 226      CA325DD9 
 226      5E1EC733 
 226      FD26A8F5 
 226      7B4EF739 
 227 0477 2352A2EF 		.ascii	"#R\242\3572\236O3\323[\005\345\202\274\003\360!\012"
 227      329E4F33 
 227      D35B05E5 
 227      82BC03F0 
 227      210A
 228 0489 BF47798E 		.ascii	"\277Gy\216H<S\356N\375\214\257G\371\371\350M\317Gtl"
 228      483C53EE 
 228      4EFD8CAF 
 228      47F9F9E8 
 228      4DCF4774 
 229 049e E05CBA96 		.ascii	"\340\\\272\226\263$\025\361\374\225\264<\027\\\301X"
 229      B32415F1 
 229      FC95B43C 
 229      175CC158 
 230 04ae DEDFB57D 		.ascii	"\336\337\265}\222\357\033\262\351zk\307\277\367t\310"
 230      92EF1BB2 
 230      E97A6BC7 
 230      BFF774C8 
 231 04be F281C4F2 		.ascii	"\362\201\304\362>c\231>41\353\251d9\016\3601\012\177"
 231      3E63993E 
 231      3431EBA9 
ARM GAS  /tmp/ccPOfq3x.s 			page 18


 231      64390EF0 
 231      310A7F
 232 04d1 48593E90 		.ascii	"HY>\220X\356o.\\\305R\365<'(\014\270rv\272\311Kn~\362"
 232      58EE6F2E 
 232      5CC552F5 
 232      3C27280C 
 232      B87276BA 
 233 04ea 59E6274B 		.ascii	"Y\346'K\036\267\363Ygb\2624\312\332\022\3719\320-\337"
 233      1EB7F359 
 233      6762B234 
 233      CADA12F9 
 233      39D02DDF 
 234 04fe B53E7CD7 		.ascii	"\265>|\327F\017\234\330\201q\025\013\303D\312\366\235"
 234      460F9CD8 
 234      8171150B 
 234      C344CAF6 
 234      9D
 235 050f 1A067E01 		.ascii	"\032\006~\001\324C\307G\2065\016\303\360T\012\303\023"
 235      D443C747 
 235      86350EC3 
 235      F0540AC3 
 235      13
 236 0520 C6F349A5 		.ascii	"\306\363I\245%\313K\031\206\307\000\237\246\360Y\312"
 236      25CB4B19 
 236      86C7009F 
 236      A6F059CA 
 237 0530 F3A9C4B3 		.ascii	"\363\251\304\263\250|\354\260T=\010\317\276\274\236"
 237      A87CECB0 
 237      543D08CF 
 237      BEBC9E
 238 053f 6C2DBECC 		.ascii	"l-\276\314x|g\216\257\341\351\310$\271\232M\033=\350"
 238      787C678E 
 238      AFE1E9C8 
 238      24B99A4D 
 238      1B3DE8
 239 0552 8E5B58A7 		.ascii	"\216[X\247\224Ho\236\310\246\301\222B\001[X\347\023"
 239      94486F9E 
 239      C8A6C192 
 239      42015B58 
 239      E713
 240 0564 4B42820B 		.ascii	"KB\202\013\037I\326\246\245\255\245\320\035\367\262"
 240      1F49D6A6 
 240      A5ADA5D0 
 240      1DF7B2
 241 0573 CE92FE4B 		.ascii	"\316\222\376KU\322H\322\271\363xO\274\023\276\313Kg"
 241      55D248D2 
 241      B9F3784F 
 241      BC13BECB 
 241      4B67
 242 0585 E7ED5D9E 		.ascii	"\347\355]\236x\234)\325U\333>\3053\354{\335\255\330"
 242      789C29D5 
 242      55DB3EC5 
 242      33EC7BDD 
 242      ADD8
 243 0597 5FB341B1 		.ascii	"_\263A\261\244@_\314)\314\300,\200\231t\371\237\254"
 243      A4405FCC 
 243      29CCC02C 
ARM GAS  /tmp/ccPOfq3x.s 			page 19


 243      809974F9 
 243      9FAC
 244 05a9 D815E385 		.ascii	"\330\025\343\205\2431\001{Y\246c,\356h\011{\026.\361"
 244      A331017B 
 244      59A6632C 
 244      EE68097B 
 244      162EF1
 245 05bc A5EF2C31 		.ascii	"\245\357,16Z4O\016\254\270q5V\024\367\272\243G\310\033"
 245      365A344F 
 245      0EACB871 
 245      355614F7 
 245      BAA347C8 
 246 05d1 C50B1825 		.ascii	"\305\013\030%\013\013\255\231\204HB|\226\221\233,\303"
 246      0B0BAD99 
 246      8448427C 
 246      96919B2C 
 246      C3
 247 05e2 577E081F 		.ascii	"W~\010\037`v\000\300\355\210\201\245=\212\256#\031\232"
 247      607600C0 
 247      ED8881A5 
 247      3D8AAE23 
 247      199A
 248 05f4 149EA1BF 		.ascii	"\024\236\241\277\002:\026\2230\243\031\216\226\202\217"
 248      023A1693 
 248      30A3198E 
 248      96828F
 249 0603 A690C2F6 		.ascii	"\246\220\302\3668G\023\"\023HAdT\211\256\224\241w*i"
 249      38471322 
 249      13484164 
 249      5489AE94 
 249      A1772A69 
 250 0617 C7090A26 		.ascii	"\307\011\012&7dLb\004\005\223mrtl\014\234\274\037\246"
 250      37644C62 
 250      0405936D 
 250      72746C0C 
 250      9CBC1FA6 
 251 062b 523459D4 		.ascii	"R4Y\324{8\332\272#.\333\230$\362u%\302E\000\355\026"
 251      7B38DABA 
 251      232EDB98 
 251      24F27525 
 251      C24500ED 
 252 0640 74E84B6A 		.ascii	"t\350Kj\211\300a\303\240\375\202/\372JX\202RA\366\201"
 252      89C061C3 
 252      A0FD822F 
 252      FA4A5882 
 252      5241F681 
 253 0654 A4801C04 		.ascii	"\244\200\034\004I\002I\007I\004\331\013\222\006\222"
 253      49024907 
 253      4904D90B 
 253      920692
 254 0663 007200E4 		.ascii	"\000r\000\344ka\011\275\2021\332\2652\332;\224\264\277"
 254      6B6109BD 
 254      8231DAB5 
 254      32DA3B94 
 254      B4BF
 255 0675 B0D16675 		.ascii	"\260\321fu\276\377\206w4p!(\025\257\3616S\215\035>{"
 255      BEFF8677 
ARM GAS  /tmp/ccPOfq3x.s 			page 20


 255      34702128 
 255      15AFF136 
 255      538D1D3E 
 256 068a 45B16629 		.ascii	"E\261f)91\321U\036^\351\034E?*S7\375\201\315\363.\245"
 256      3931D155 
 256      1E5EE91C 
 256      453F2A53 
 256      37FD81CD 
 257 06a1 E7B17968 		.ascii	"\347\261yh\316\023\212\037\032\346\266\245\222\210\006"
 257      CE138A1F 
 257      1AE6B6A5 
 257      928806
 258 06b0 95A9EB91 		.ascii	"\225\251\353\221\245.Z\231:QP\240\233e\350\355Jt\254"
 258      A52E5A99 
 258      3A5150A0 
 258      9B65E8ED 
 258      4A74AC
 259 06c3 0D4D4A73 		.ascii	"\015MJs\253\345\002\302f\272\352\205m\323\205%Nh\241"
 259      ABE502C2 
 259      66BAEA85 
 259      6DD38525 
 259      4E68A1
 260 06d6 AFDD24C1 		.ascii	"\257\335$\301\026\366\375\237\344\211E\276\253C\003"
 260      16F6FD9F 
 260      E48945BE 
 260      AB4303
 261 06e5 BF925006 		.ascii	"\277\222P\006\030\374F\260\236\257$\017\224\327\316"
 261      18FC46B0 
 261      9EAF240F 
 261      94D7CE
 262 06f4 DBD375D8 		.ascii	"\333\323u\330}\227\365\027\012\005\332\212\326!\301"
 262      7D97F517 
 262      0A05DA8A 
 262      D621C1
 263 0703 9DDEBAE1 		.ascii	"\235\336\272\341M._\015\325\035\274\316\304\221\255"
 263      4D2E5F0D 
 263      D51DBCCE 
 263      C491AD
 264 0712 3C3BD896 		.ascii	"<;\330\226\315\213\322(\275l\316\034,\345\272\217\254"
 264      CD8BD228 
 264      BD6CCE1C 
 264      2CE5BA8F 
 264      AC
 265 0723 B8F8F0E2 		.ascii	"\270\370\360\3422\274?>\306\313a}\374V\340\365\361\024"
 265      32BC3F3E 
 265      C6CB617D 
 265      FC56E0F5 
 265      F114
 266 0735 AB8F573B 		.ascii	"\253\217W;\373\222\335\225\365\3610\004)\207\0066W\360"
 266      FB92DD95 
 266      F5F13004 
 266      29870636 
 266      57F0
 267 0747 96061174 		.ascii	"\226\006\021tq\363\265\207\256\270\226\306\027\265%"
 267      71F3B587 
 267      AEB896C6 
 267      17B525
ARM GAS  /tmp/ccPOfq3x.s 			page 21


 268 0756 EF1A7692 		.ascii	"\357\032v\222\016\215\270\34794r\372\013\357\271\312"
 268      0E8DB8E7 
 268      393472FA 
 268      0BEFB9CA 
 269 0766 9D1D159E 		.ascii	"\235\035\025\236\341\354J\377\241X~\302_V\311~-x\263"
 269      E1EC4AFF 
 269      A1587EC2 
 269      5F56C97E 
 269      2D78B3
 270 0779 5F0B52DD 		.ascii	"_\013R\335\364\341u\263\254\252\371\022\302M\214[\345"
 270      F4E175B3 
 270      ACAAF912 
 270      C24D8C5B 
 270      E5
 271 078a F8895C3E 		.ascii	"\370\211\\>\226\324\361\356\204\363\263\216crB\212\311"
 271      96D4F1EE 
 271      84F3B38E 
 271      6372428A 
 271      C9
 272 079b 7181D27C 		.ascii	"q\201\322|\220pb\2652$\005\3002\237\262,\244,OH,\017"
 272      907062B5 
 272      322405C0 
 272      329FB22C 
 272      A42C4F48 
 273 07b1 1C1C3A26 		.ascii	"\034\034:&(\347\344\020\035\177\261\270\212\347\266"
 273      28E7E410 
 273      1D7FB1B8 
 273      8AE7B6
 274 07c0 86E8FD4F 		.ascii	"\206\350\375OO\326\272\340\253\214\364\276\275\217j"
 274      4FD6BAE0 
 274      AB8CF4BE 
 274      BD8F6A
 275 07cf 35       		.ascii	"5"
 276 07d0 F83A534A 		.ascii	"\370:SJG\362J=\030\322L\364\324\262\373\265\374\312"
 276      47F24A3D 
 276      18D24CF4 
 276      D4B2FBB5 
 276      FCCA
 277 07e2 A29175FB 		.ascii	"\242\221u\373\360\356\211\274\321\303\316\270\203\215"
 277      F0EE89BC 
 277      D1C3CEB8 
 277      838D
 278 07f0 4D1C1DDF 		.ascii	"M\034\035\337\347\354p\272g\244\351.\245\263--\316\276"
 278      E7EC70BA 
 278      67A4E92E 
 278      A5B32D2D 
 278      CEBE
 279 0802 A7514EF7 		.ascii	"\247QN\367\024L\240\224N\240\214N\340\2144\201\262\350"
 279      144CA094 
 279      4EA08C4E 
 279      E08C3481 
 279      B2E8
 280 0814 9C16AC9C 		.ascii	"\234\026\254\234\256C\364\221\376\364=<\015+\310-c\352"
 280      AE43F491 
 280      FEF43D3C 
 280      0D2BC82D 
 280      63EA
ARM GAS  /tmp/ccPOfq3x.s 			page 22


 281 0826 D09007EE 		.ascii	"\320\220\007\356f$\357\216\314\034\367\304}L)+\375\241"
 281      6624EF8E 
 281      CC1CF7C4 
 281      7D4C292B 
 281      FDA1
 282 0838 8ACF6E29 		.ascii	"\212\317n)\271\363\347W4\272\341!\3267\223\220q\322"
 282      B9F3E757 
 282      34BAE121 
 282      D6379390 
 282      71D2
 283 084a 158F3225 		.ascii	"\025\2172%m\242s\220/~_\222\347\354o\366\272\342\007"
 283      6DA27390 
 283      2F7E5F92 
 283      E7EC6FF6 
 283      BAE207
 284 085d AC6F3621 		.ascii	"\254o6!\356\200\013\236fJRcR\266\033\236e\312Hl_7_:"
 284      EE800B9E 
 284      664A5263 
 284      52B61B9E 
 284      65CA486C 
 285 0875 8B407D3C 		.ascii	"\213@}<\220\324\306\177\276\270\313n#>\3746r\354\341"
 285      90D4C67F 
 285      BEB8CB6E 
 285      233EFC36 
 285      72ECE1
 286 0888 9E1437BC 		.ascii	"\236\0247\274]M\207^k\213=\315\261n\240\306\344\237"
 286      5D4D875E 
 286      6B8B3DCD 
 286      B16EA0C6 
 286      E49F
 287 089a 2D717218 		.ascii	"-qr\030\332z)\264ul%\355>\226s\316Yya\276\004\321\252"
 287      DA7A29B4 
 287      756C25ED 
 287      3E9673CE 
 287      597961BE 
 288 08b1 A1D16AA0 		.ascii	"\241\321j\240\321\252\227\242\325\330\037\337\344\246"
 288      D1AA97A2 
 288      D5D81FDF 
 288      E4A6
 289 08bf BC003B44 		.ascii	"\274\000;D\2277w\274\205w2\222\017\032;n\"\274\233)"
 289      973777BC 
 289      85773292 
 289      0F1A3B6E 
 289      22BC9B29 
 290 08d3 B1759772 		.ascii	"\261u\227r]p\"S\206\2176\3248\343\024\246\364\366O\237"
 290      5D702253 
 290      868F36D4 
 290      38E314A6 
 290      F4F64F9F 
 291 08e7 C2389D29 		.ascii	"\3028\235)\337\016g\355v\305\207\370\230\336\221F\036"
 291      DF0E67ED 
 291      76C587F8 
 291      98DE9146 
 291      1E
 292 08f8 A02FC966 		.ascii	"\240/\311fz<ZrU\012\011YnC\017\372f58\227\202_(l\256"
 292      7A3C5A72 
 292      550A0959 
ARM GAS  /tmp/ccPOfq3x.s 			page 23


 292      6E430FFA 
 292      66353897 
 293 0911 CF7445F4 		.ascii	"\317tE\364*a{|\371;KL\202r\3358\310\017\233\357\005"
 293      2A617B7C 
 293      F93B4B4C 
 293      8272DD38 
 293      C80F9BEF 
 294 0926 6F740C2A 		.ascii	"ot\014*b;\024<iW\240<e\211\0377\261[E#\240k9Z\2328\252"
 294      623B143C 
 294      6957A03C 
 294      65891F37 
 294      B15B4523 
 295 0941 96A393E0 		.ascii	"\226\243\223\340t\256\014e\2473YzE\034m-=')\3724\232"
 295      74AE0C65 
 295      A733597A 
 295      451C6D2D 
 295      3D2729FA 
 296 0957 773CB782 		.ascii	"w<\267\202\275\026\332\331\316\313\376m(\373CP\312\273"
 296      BD16DAD9 
 296      CECBFE6D 
 296      28FB4350 
 296      CABB
 297 0969 400640EE 		.ascii	"@\006@\356\202t\203\334\004i\003\031\004\271\003\322"
 297      827483DC 
 297      04690319 
 297      04B903D2 
 298 0979 0BD20FD2 		.ascii	"\013\322\017\322\007\322\0012\0142\002b\001\271\001"
 298      07D20132 
 298      0C320262 
 298      01B901
 299 0988 721DA413 		.ascii	"r\035\244\023\344\026H\217\365\370&\367\210\236\215"
 299      E416488F 
 299      F5F826F7 
 299      889E8D
 300 0997 B67BC439 		.ascii	"\266{\3049%\323\3629\363\"\007](;\350\276\203(\034\341"
 300      25D3F239 
 300      F322075D 
 300      283BE8BE 
 300      83281CE1 
 301 09ab 68A93AF2 		.ascii	"h\251:\362\373\252\354\216Rk\262\331\276\242\264\255"
 301      FBAAEC8E 
 301      526BB2D9 
 301      BEA2B4AD 
 302 09bb B70581C5 		.ascii	"\267\005\201\305lz\243-f\305\366c&\263\335#\263}Y\211"
 302      6C7AA32D 
 302      66C5F663 
 302      26B3DD23 
 302      B37D5989 
 303 09cf CE57A287 		.ascii	"\316W\242\207d\350&\373h\211\0125\036j\203_S\302\263"
 303      64E826FB 
 303      68890A35 
 303      1E6A835F 
 303      53C2B3
 304 09e2 E65DDC78 		.ascii	"\346]\334xP\340p\240\367\2209A\311\236g\274V\026\361"
 304      50E070A0 
 304      F7903941 
 304      C99E67BC 
ARM GAS  /tmp/ccPOfq3x.s 			page 24


 304      5616F1
 305 09f5 0B4AE3E7 		.ascii	"\013J\343\347\347\301o\310\340\025J\270y\036\274Y\006"
 305      E7C16FC8 
 305      E0154AB8 
 305      791EBC59 
 305      06
 306 0a06 AFB40F97 		.ascii	"\257\264\017\227]\307\036v\261\353X\273\362:FL\265Z"
 306      5DC71E76 
 306      B1EB58BB 
 306      F23A464C 
 306      B55A
 307 0a18 7CB262C8 		.ascii	"|\262b\310\016!\266\232\225\266J\2251\236\226\305\270"
 307      0E21B69A 
 307      95B64A95 
 307      319E96C5 
 307      B8
 308 0a29 4A8966D7 		.ascii	"J\211f\3271y\272+M\266t_\265\2738d\266+e\263\272h?f"
 308      3179BA2B 
 308      4DB6745F 
 308      B5BB3864 
 308      B62B65B3 
 309 0a41 F26CCBD0 		.ascii	"\362l\313\320g\355\257\3519\021\226\021\377\321\376"
 309      67EDAFE9 
 309      39119611 
 309      FFD1FE
 310 0a50 34ADC449 		.ascii	"4\255\304I%\330\310\322\375\003\244\3734\207K\307\013"
 310      25D8C8D2 
 310      FD03A4FB 
 310      34874BC7 
 310      0B
 311 0a61 2A9973D9 		.ascii	"*\231s\331k\264|\335\250\306\005\264&\011\235\203E\361"
 311      6BB47CDD 
 311      A8C605B4 
 311      26099D83 
 311      45F1
 312 0a73 6ECACB9E 		.ascii	"n\312\313\236\264\345\321\030\354\364\377\307\256gy"
 312      B4E5D118 
 312      ECF4FFC7 
 312      AE6779
 313 0a82 1F197426 		.ascii	"\037\031t&\227\301Qpx\317v\031l\227.\203\331\375=\347"
 313      97C15170 
 313      78CF7619 
 313      6C972E83 
 313      D9FD3DE7 
 314 0a96 D5F2CBE0 		.ascii	"\325\362\313\340\350\234\313\3408\277\014\216\323\313"
 314      E89CCBE0 
 314      38BF0C8E 
 314      D3CB
 315 0aa4 E0EEAAA4 		.ascii	"\340\356\252\244k\030\227\260*\2355\320p\211\237\222"
 315      6B1897B0 
 315      2A9D35D0 
 315      70899F92 
 316 0ab4 2F913FC7 		.ascii	"/\221?\307\354\033\336\203X\221\036 E\373P\303D\262"
 316      EC1BDE83 
 316      58911E20 
 316      45FB50C3 
 316      44B2
ARM GAS  /tmp/ccPOfq3x.s 			page 25


 317 0ac6 165F60D8 		.ascii	"\026_`\330S\345w_gP\362\373\2603\276\243\0359<\266\036"
 317      53E5775F 
 317      6750F2FB 
 317      B033BEA3 
 317      1D393CB6 
 318 0adb 49C7D624 		.ascii	"I\307\326$;\266Z\036\225O\273\343\006jH\235\037\363"
 318      3BB65A1E 
 318      954FBBE3 
 318      066A489D 
 318      1FF3
 319 0aed DDA81AF9 		.ascii	"\335\250\032\371\352\020\300\021\373\203\022\371\037"
 319      EA10C011 
 319      FB8312F9 
 319      1F
 320 0afa 01157A02 		.ascii	"\001\025z\002kkJ\300\322\3770\244\212`~\364\337\244"
 320      6B6B4AC0 
 320      D2FF30A4 
 320      8A607EF4 
 320      DFA4
 321 0b0c 19BE6BE8 		.ascii	"\031\276k\350\333\316\237\226\246!\374O\250\277\031"
 321      DBCE9F96 
 321      A621FC4F 
 321      A8BF19
 322 0b1b C8CE63E6 		.ascii	"\310\316c\3460#\343l+\222\237|\304\366\003\350\277O"
 322      3023E36C 
 322      2B929F7C 
 322      C4F603E8 
 322      BF4F
 323 0b2d 33FE949E 		.ascii	"3\376\224\236|\217\244\223\2570\275f\312U\313m\307\375"
 323      7C8FA493 
 323      AF30BD66 
 323      CA55CB6D 
 323      C7FD
 324 0b3f 37DB79E3 		.ascii	"7\333y\34393sN\325\331g\331\356\350\276?\242y5[\274"
 324      3933734E 
 324      D5D967D9 
 324      EEE8BE3F 
 324      A279355B 
 325 0b54 6C16CDB7 		.ascii	"l\026\315\267\012\226\246m3\2131o!\021{\243\207\220"
 325      0A96A66D 
 325      338B316F 
 325      21117BA3 
 325      8790
 326 0b66 CA06B458 		.ascii	"\312\006\264X6t\002Z\376.\250P4~U\365K??=\373\027\036"
 326      3674025A 
 326      FE2EA850 
 326      347E55F5 
 326      4B3F3F3D 
 327 0b7d A9DFB87E 		.ascii	"\251\337\270~\223\376\263\360\210\250H}p\370\346\315"
 327      93FEB3F0 
 327      88A8487D 
 327      70F8E6CD 
 328 0b8d E1617A7F 		.ascii	"\341az\177\343Z\303\332\317\365a\377\014\015\366\013"
 328      E35AC3DA 
 328      CFF561FF 
 328      0C0DF60B 
 329 0b9d D6FCE99D 		.ascii	"\326\374\351\235\367^6,[\246\322\232L[B\303\242\226"
ARM GAS  /tmp/ccPOfq3x.s 			page 26


 329      F75E362C 
 329      5BA6D29A 
 329      4C5B42C3 
 329      A296
 330 0baf BF6E8AFA 		.ascii	"\277n\212\372\215~Kd\204>4,x\323\226\015!\372\260\220"
 330      8D7E4B64 
 330      843E342C 
 330      78D3960D 
 330      21FAB090 
 331 0bc3 7F6D0AFD 		.ascii	"\177m\012\375X\277y}\360\306\320\260\020\275iC\310'"
 331      58BF797D 
 331      F0C6D0B0 
 331      10BD6943 
 331      C827
 332 0bd5 EBB76C8A 		.ascii	"\353\267l\2122Em\375,$\322o\243J#\015[loX\344\326H\275"
 332      32456DFD 
 332      2C24D26F 
 332      A34A230D 
 332      5B6C6F58 
 333 0bed 29326A03 		.ascii	")2j\003`\000\273\2008]\025\266\376\343M!\353B\202\243"
 333      6000BB80 
 333      385D15B6 
 333      FEE34D21 
 333      EB4282A3 
 334 0c01 C2237EF5 		.ascii	"\302#~\365\374LU?!\357\225\241\221\266\321:\322\022"
 334      FC4C553F 
 334      21EF95A1 
 334      91B6D13A 
 334      D212
 335 0c13 141215B4 		.ascii	"\024\022\025\26452*d\363\232\365a\0336\205D\004F\204"
 335      35322A64 
 335      F39AF561 
 335      1B368544 
 335      044684
 336 0c26 86478446 		.ascii	"\206G\204Fm\245\276\014\233B\326G\004\206\204\201\377"
 336      6DA5BE0C 
 336      9B42D647 
 336      04868481 
 336      FF
 337 0c37 7FB81A57 		.ascii	"\177\270\032W\005\2552\256[\265\362\015! \320\225Mw"
 337      05AD32AE 
 337      5BB5F20D 
 337      2120D095 
 337      4D77
 338 0c49 8529CA85 		.ascii	"\205)\312\205\277\255\335\277U\007\370\277m\264\252"
 338      BFADDDBF 
 338      5507F8BF 
 338      6DB4AA
 339 0c58 CBD50186 		.ascii	"\313\325\001\206@\233\372\272: (\320\25012m\031t\256"
 339      409BFABA 
 339      3A2028D0 
 339      A831326D 
 339      1974AE
 340 0c6b B2752E85 		.ascii	"\262u.\205\316UFu\320\273\001\306\337\313g\306\347\023"
 340      CE554675 
 340      D0BB01C6 
 340      DFCB67C6 
ARM GAS  /tmp/ccPOfq3x.s 			page 27


 340      E713
 341 0c7d F2791499 		.ascii	"\362y\024\231\223\336\2606( Ho\010\217\010\321\007\360"
 341      93DEB036 
 341      2820486F 
 341      088F08D1 
 341      07F0
 342 0c8f 70058362 		.ascii	"p\005\203b\012\336\274\034\202\344\372\316\272\000\203"
 342      0ADEBC1C 
 342      82E4FACE 
 342      BA0083
 343 0c9e E95D082F 		.ascii	"\351]\010/X\3637\252\327\256]m\304\376+\215x%\274\003"
 343      58F337AA 
 343      D7AE5D6D 
 343      C4FE2B8D 
 343      7825BC03 
 344 0cb2 571BD5FE 		.ascii	"W\033\325\376\253\203\214\352\267W\373\033\235\240\013"
 344      AB838CEA 
 344      B757FB1B 
 344      9DA00B
 345 0cc1 002B89BE 		.ascii	"\000+\211\276\206|\030\340\303)h\215!\310\210\203\326"
 345      867C18E0 
 345      C329688D 
 345      21C88883 
 345      D6
 346 0cd2 04628301 		.ascii	"\004b\203\001\336\006\243\223\177\200\321`T\257{\367"
 346      DE06A393 
 346      7F80D160 
 346      54AF7BF7 
 347 0ce2 CF46A00B 		.ascii	"\317F\240\013\010C\340{\001+\341\323\337`\324\004\031"
 347      0843E07B 
 347      012BE1D3 
 347      DF60D404 
 347      19
 348 0cf3 DEA6BE3C 		.ascii	"\336\246\276<L\246O\266\204\005\233L~o\256xc\205F\322"
 348      4CA64FB6 
 348      84059B4C 
 348      7E6FAE78 
 348      638546D2 
 349 0d07 D4C11BD7 		.ascii	"\324\301\033\327G\374\007\011\236\352\361"
 349      47FC0709 
 349      9EEAF1
 350              		.text
 351              		.section	.gnu.lto_.symtab.8054ef302cd51027,"",%progbits
 352 0000 6E766963 		.ascii	"nvicEnableVector\000"
 352      456E6162 
 352      6C655665 
 352      63746F72 
 352      00
 353 0011 00       		.ascii	"\000"
 354 0012 00       		.ascii	"\000"
 355 0013 00       		.ascii	"\000"
 356 0014 00000000 		.ascii	"\000\000\000\000\000\000\000\000"
 356      00000000 
 357 001c C7000000 		.ascii	"\307\000\000\000"
 358 0020 6E766963 		.ascii	"nvicDisableVector\000"
 358      44697361 
 358      626C6556 
ARM GAS  /tmp/ccPOfq3x.s 			page 28


 358      6563746F 
 358      7200
 359 0032 00       		.ascii	"\000"
 360 0033 00       		.ascii	"\000"
 361 0034 00       		.ascii	"\000"
 362 0035 00000000 		.ascii	"\000\000\000\000\000\000\000\000"
 362      00000000 
 363 003d CB000000 		.ascii	"\313\000\000\000"
 364 0041 6E766963 		.ascii	"nvicSetSystemHandlerPriority\000"
 364      53657453 
 364      79737465 
 364      6D48616E 
 364      646C6572 
 365 005e 00       		.ascii	"\000"
 366 005f 00       		.ascii	"\000"
 367 0060 00       		.ascii	"\000"
 368 0061 00000000 		.ascii	"\000\000\000\000\000\000\000\000"
 368      00000000 
 369 0069 CD000000 		.ascii	"\315\000\000\000"
 370 006d 6E766963 		.ascii	"nvicClearPending\000"
 370      436C6561 
 370      7250656E 
 370      64696E67 
 370      00
 371 007e 00       		.ascii	"\000"
 372 007f 00       		.ascii	"\000"
 373 0080 00       		.ascii	"\000"
 374 0081 00000000 		.ascii	"\000\000\000\000\000\000\000\000"
 374      00000000 
 375 0089 CF000000 		.ascii	"\317\000\000\000"
 376              		.text
 377              		.section	.gnu.lto_.opts,"",%progbits
 378 0000 272D666D 		.ascii	"'-fmath-errno' '-fsigned-zeros' '-ftrapping-math' '"
 378      6174682D 
 378      6572726E 
 378      6F272027 
 378      2D667369 
 379 0033 2D666E6F 		.ascii	"-fno-trapv' '-fno-openmp' '-fno-openacc' '-mcpu=cor"
 379      2D747261 
 379      70762720 
 379      272D666E 
 379      6F2D6F70 
 380 0066 7465782D 		.ascii	"tex-m3' '-mthumb' '-O2' '-fomit-frame-pointer' '-fa"
 380      6D332720 
 380      272D6D74 
 380      68756D62 
 380      2720272D 
 381 0099 6C69676E 		.ascii	"lign-functions=16' '-ffunction-sections' '-fdata-se"
 381      2D66756E 
 381      6374696F 
 381      6E733D31 
 381      36272027 
 382 00cc 6374696F 		.ascii	"ctions' '-fno-common' '-flto'\000"
 382      6E732720 
 382      272D666E 
 382      6F2D636F 
 382      6D6D6F6E 
ARM GAS  /tmp/ccPOfq3x.s 			page 29


 383              		.text
 384              		.comm	__gnu_lto_v1,1,1
 385              		.comm	__gnu_lto_slim,1,1
 386              		.ident	"GCC: (15:7-2018-q2-6) 7.3.1 20180622 (release) [ARM/embedded-7-branch revision 261907]"
ARM GAS  /tmp/ccPOfq3x.s 			page 30


DEFINED SYMBOLS
                            *ABS*:0000000000000000 nvic.c
                            *COM*:0000000000000001 __gnu_lto_v1
                            *COM*:0000000000000001 __gnu_lto_slim

NO UNDEFINED SYMBOLS
