ARM GAS  /tmp/ccS4N3yh.s 			page 1


   1              		.cpu cortex-m4
   2              		.eabi_attribute 27, 1
   3              		.eabi_attribute 28, 1
   4              		.eabi_attribute 20, 1
   5              		.eabi_attribute 21, 1
   6              		.eabi_attribute 23, 3
   7              		.eabi_attribute 24, 1
   8              		.eabi_attribute 25, 1
   9              		.eabi_attribute 26, 1
  10              		.eabi_attribute 30, 1
  11              		.eabi_attribute 34, 1
  12              		.eabi_attribute 18, 4
  13              		.file	"gpio.c"
  14              		.text
  15              	.Ltext0:
  16              		.cfi_sections	.debug_frame
  17              		.section	.text.MX_GPIO_Init,"ax",%progbits
  18              		.align	1
  19              		.global	MX_GPIO_Init
  20              		.syntax unified
  21              		.thumb
  22              		.thumb_func
  23              		.fpu fpv4-sp-d16
  25              	MX_GPIO_Init:
  26              	.LFB130:
  27              		.file 1 "Core/Src/gpio.c"
   1:Core/Src/gpio.c **** /* USER CODE BEGIN Header */
   2:Core/Src/gpio.c **** /**
   3:Core/Src/gpio.c ****   ******************************************************************************
   4:Core/Src/gpio.c ****   * @file    gpio.c
   5:Core/Src/gpio.c ****   * @brief   This file provides code for the configuration
   6:Core/Src/gpio.c ****   *          of all used GPIO pins.
   7:Core/Src/gpio.c ****   ******************************************************************************
   8:Core/Src/gpio.c ****   * @attention
   9:Core/Src/gpio.c ****   *
  10:Core/Src/gpio.c ****   * Copyright (c) 2022 STMicroelectronics.
  11:Core/Src/gpio.c ****   * All rights reserved.
  12:Core/Src/gpio.c ****   *
  13:Core/Src/gpio.c ****   * This software is licensed under terms that can be found in the LICENSE file
  14:Core/Src/gpio.c ****   * in the root directory of this software component.
  15:Core/Src/gpio.c ****   * If no LICENSE file comes with this software, it is provided AS-IS.
  16:Core/Src/gpio.c ****   *
  17:Core/Src/gpio.c ****   ******************************************************************************
  18:Core/Src/gpio.c ****   */
  19:Core/Src/gpio.c **** /* USER CODE END Header */
  20:Core/Src/gpio.c **** 
  21:Core/Src/gpio.c **** /* Includes ------------------------------------------------------------------*/
  22:Core/Src/gpio.c **** #include "gpio.h"
  23:Core/Src/gpio.c **** 
  24:Core/Src/gpio.c **** /* USER CODE BEGIN 0 */
  25:Core/Src/gpio.c **** 
  26:Core/Src/gpio.c **** /* USER CODE END 0 */
  27:Core/Src/gpio.c **** 
  28:Core/Src/gpio.c **** /*----------------------------------------------------------------------------*/
  29:Core/Src/gpio.c **** /* Configure GPIO                                                             */
  30:Core/Src/gpio.c **** /*----------------------------------------------------------------------------*/
  31:Core/Src/gpio.c **** /* USER CODE BEGIN 1 */
ARM GAS  /tmp/ccS4N3yh.s 			page 2


  32:Core/Src/gpio.c **** 
  33:Core/Src/gpio.c **** /* USER CODE END 1 */
  34:Core/Src/gpio.c **** 
  35:Core/Src/gpio.c **** /** Configure pins as
  36:Core/Src/gpio.c ****         * Analog
  37:Core/Src/gpio.c ****         * Input
  38:Core/Src/gpio.c ****         * Output
  39:Core/Src/gpio.c ****         * EVENT_OUT
  40:Core/Src/gpio.c ****         * EXTI
  41:Core/Src/gpio.c ****      PA2   ------> USART2_TX
  42:Core/Src/gpio.c ****      PA3   ------> USART2_RX
  43:Core/Src/gpio.c **** */
  44:Core/Src/gpio.c **** void MX_GPIO_Init(void)
  45:Core/Src/gpio.c **** {
  28              		.loc 1 45 0
  29              		.cfi_startproc
  30              		@ args = 0, pretend = 0, frame = 40
  31              		@ frame_needed = 0, uses_anonymous_args = 0
  32 0000 30B5     		push	{r4, r5, lr}
  33              	.LCFI0:
  34              		.cfi_def_cfa_offset 12
  35              		.cfi_offset 4, -12
  36              		.cfi_offset 5, -8
  37              		.cfi_offset 14, -4
  38 0002 8BB0     		sub	sp, sp, #44
  39              	.LCFI1:
  40              		.cfi_def_cfa_offset 56
  46:Core/Src/gpio.c **** 
  47:Core/Src/gpio.c ****   GPIO_InitTypeDef GPIO_InitStruct = {0};
  41              		.loc 1 47 0
  42 0004 0024     		movs	r4, #0
  43 0006 0594     		str	r4, [sp, #20]
  44 0008 0694     		str	r4, [sp, #24]
  45 000a 0794     		str	r4, [sp, #28]
  46 000c 0894     		str	r4, [sp, #32]
  47 000e 0994     		str	r4, [sp, #36]
  48              	.LBB2:
  48:Core/Src/gpio.c **** 
  49:Core/Src/gpio.c ****   /* GPIO Ports Clock Enable */
  50:Core/Src/gpio.c ****   __HAL_RCC_GPIOC_CLK_ENABLE();
  49              		.loc 1 50 0
  50 0010 0194     		str	r4, [sp, #4]
  51 0012 294B     		ldr	r3, .L3
  52 0014 1A6B     		ldr	r2, [r3, #48]
  53 0016 42F00402 		orr	r2, r2, #4
  54 001a 1A63     		str	r2, [r3, #48]
  55 001c 1A6B     		ldr	r2, [r3, #48]
  56 001e 02F00402 		and	r2, r2, #4
  57 0022 0192     		str	r2, [sp, #4]
  58 0024 019A     		ldr	r2, [sp, #4]
  59              	.LBE2:
  60              	.LBB3:
  51:Core/Src/gpio.c ****   __HAL_RCC_GPIOH_CLK_ENABLE();
  61              		.loc 1 51 0
  62 0026 0294     		str	r4, [sp, #8]
  63 0028 1A6B     		ldr	r2, [r3, #48]
  64 002a 42F08002 		orr	r2, r2, #128
ARM GAS  /tmp/ccS4N3yh.s 			page 3


  65 002e 1A63     		str	r2, [r3, #48]
  66 0030 1A6B     		ldr	r2, [r3, #48]
  67 0032 02F08002 		and	r2, r2, #128
  68 0036 0292     		str	r2, [sp, #8]
  69 0038 029A     		ldr	r2, [sp, #8]
  70              	.LBE3:
  71              	.LBB4:
  52:Core/Src/gpio.c ****   __HAL_RCC_GPIOA_CLK_ENABLE();
  72              		.loc 1 52 0
  73 003a 0394     		str	r4, [sp, #12]
  74 003c 1A6B     		ldr	r2, [r3, #48]
  75 003e 42F00102 		orr	r2, r2, #1
  76 0042 1A63     		str	r2, [r3, #48]
  77 0044 1A6B     		ldr	r2, [r3, #48]
  78 0046 02F00102 		and	r2, r2, #1
  79 004a 0392     		str	r2, [sp, #12]
  80 004c 039A     		ldr	r2, [sp, #12]
  81              	.LBE4:
  82              	.LBB5:
  53:Core/Src/gpio.c ****   __HAL_RCC_GPIOB_CLK_ENABLE();
  83              		.loc 1 53 0
  84 004e 0494     		str	r4, [sp, #16]
  85 0050 1A6B     		ldr	r2, [r3, #48]
  86 0052 42F00202 		orr	r2, r2, #2
  87 0056 1A63     		str	r2, [r3, #48]
  88 0058 1B6B     		ldr	r3, [r3, #48]
  89 005a 03F00203 		and	r3, r3, #2
  90 005e 0493     		str	r3, [sp, #16]
  91 0060 049B     		ldr	r3, [sp, #16]
  92              	.LBE5:
  54:Core/Src/gpio.c **** 
  55:Core/Src/gpio.c ****   /*Configure GPIO pin Output Level */
  56:Core/Src/gpio.c ****   HAL_GPIO_WritePin(LD2_GPIO_Port, LD2_Pin, GPIO_PIN_RESET);
  93              		.loc 1 56 0
  94 0062 164D     		ldr	r5, .L3+4
  95 0064 2246     		mov	r2, r4
  96 0066 2021     		movs	r1, #32
  97 0068 2846     		mov	r0, r5
  98 006a FFF7FEFF 		bl	HAL_GPIO_WritePin
  99              	.LVL0:
  57:Core/Src/gpio.c **** 
  58:Core/Src/gpio.c ****   /*Configure GPIO pin : PtPin */
  59:Core/Src/gpio.c ****   GPIO_InitStruct.Pin = B1_Pin;
 100              		.loc 1 59 0
 101 006e 4FF40053 		mov	r3, #8192
 102 0072 0593     		str	r3, [sp, #20]
  60:Core/Src/gpio.c ****   GPIO_InitStruct.Mode = GPIO_MODE_IT_FALLING;
 103              		.loc 1 60 0
 104 0074 4FF40413 		mov	r3, #2162688
 105 0078 0693     		str	r3, [sp, #24]
  61:Core/Src/gpio.c ****   GPIO_InitStruct.Pull = GPIO_NOPULL;
 106              		.loc 1 61 0
 107 007a 0794     		str	r4, [sp, #28]
  62:Core/Src/gpio.c ****   HAL_GPIO_Init(B1_GPIO_Port, &GPIO_InitStruct);
 108              		.loc 1 62 0
 109 007c 05A9     		add	r1, sp, #20
 110 007e 1048     		ldr	r0, .L3+8
ARM GAS  /tmp/ccS4N3yh.s 			page 4


 111 0080 FFF7FEFF 		bl	HAL_GPIO_Init
 112              	.LVL1:
  63:Core/Src/gpio.c **** 
  64:Core/Src/gpio.c ****   /*Configure GPIO pins : PAPin PAPin */
  65:Core/Src/gpio.c ****   GPIO_InitStruct.Pin = USART_TX_Pin|USART_RX_Pin;
 113              		.loc 1 65 0
 114 0084 0C23     		movs	r3, #12
 115 0086 0593     		str	r3, [sp, #20]
  66:Core/Src/gpio.c ****   GPIO_InitStruct.Mode = GPIO_MODE_AF_PP;
 116              		.loc 1 66 0
 117 0088 0223     		movs	r3, #2
 118 008a 0693     		str	r3, [sp, #24]
  67:Core/Src/gpio.c ****   GPIO_InitStruct.Pull = GPIO_NOPULL;
 119              		.loc 1 67 0
 120 008c 0794     		str	r4, [sp, #28]
  68:Core/Src/gpio.c ****   GPIO_InitStruct.Speed = GPIO_SPEED_FREQ_VERY_HIGH;
 121              		.loc 1 68 0
 122 008e 0323     		movs	r3, #3
 123 0090 0893     		str	r3, [sp, #32]
  69:Core/Src/gpio.c ****   GPIO_InitStruct.Alternate = GPIO_AF7_USART2;
 124              		.loc 1 69 0
 125 0092 0723     		movs	r3, #7
 126 0094 0993     		str	r3, [sp, #36]
  70:Core/Src/gpio.c ****   HAL_GPIO_Init(GPIOA, &GPIO_InitStruct);
 127              		.loc 1 70 0
 128 0096 05A9     		add	r1, sp, #20
 129 0098 2846     		mov	r0, r5
 130 009a FFF7FEFF 		bl	HAL_GPIO_Init
 131              	.LVL2:
  71:Core/Src/gpio.c **** 
  72:Core/Src/gpio.c ****   /*Configure GPIO pin : PtPin */
  73:Core/Src/gpio.c ****   GPIO_InitStruct.Pin = LD2_Pin;
 132              		.loc 1 73 0
 133 009e 2023     		movs	r3, #32
 134 00a0 0593     		str	r3, [sp, #20]
  74:Core/Src/gpio.c ****   GPIO_InitStruct.Mode = GPIO_MODE_OUTPUT_PP;
 135              		.loc 1 74 0
 136 00a2 0123     		movs	r3, #1
 137 00a4 0693     		str	r3, [sp, #24]
  75:Core/Src/gpio.c ****   GPIO_InitStruct.Pull = GPIO_NOPULL;
 138              		.loc 1 75 0
 139 00a6 0794     		str	r4, [sp, #28]
  76:Core/Src/gpio.c ****   GPIO_InitStruct.Speed = GPIO_SPEED_FREQ_LOW;
 140              		.loc 1 76 0
 141 00a8 0894     		str	r4, [sp, #32]
  77:Core/Src/gpio.c ****   HAL_GPIO_Init(LD2_GPIO_Port, &GPIO_InitStruct);
 142              		.loc 1 77 0
 143 00aa 05A9     		add	r1, sp, #20
 144 00ac 2846     		mov	r0, r5
 145 00ae FFF7FEFF 		bl	HAL_GPIO_Init
 146              	.LVL3:
  78:Core/Src/gpio.c **** 
  79:Core/Src/gpio.c **** }
 147              		.loc 1 79 0
 148 00b2 0BB0     		add	sp, sp, #44
 149              	.LCFI2:
 150              		.cfi_def_cfa_offset 12
ARM GAS  /tmp/ccS4N3yh.s 			page 5


 151              		@ sp needed
 152 00b4 30BD     		pop	{r4, r5, pc}
 153              	.L4:
 154 00b6 00BF     		.align	2
 155              	.L3:
 156 00b8 00380240 		.word	1073887232
 157 00bc 00000240 		.word	1073872896
 158 00c0 00080240 		.word	1073874944
 159              		.cfi_endproc
 160              	.LFE130:
 162              		.text
 163              	.Letext0:
 164              		.file 2 "/usr/include/newlib/machine/_default_types.h"
 165              		.file 3 "/usr/include/newlib/sys/_stdint.h"
 166              		.file 4 "Drivers/CMSIS/Include/core_cm4.h"
 167              		.file 5 "Drivers/CMSIS/Device/ST/STM32F4xx/Include/system_stm32f4xx.h"
 168              		.file 6 "Drivers/CMSIS/Device/ST/STM32F4xx/Include/stm32f411xe.h"
 169              		.file 7 "Drivers/STM32F4xx_HAL_Driver/Inc/stm32f4xx_hal_gpio.h"
 170              		.file 8 "Drivers/STM32F4xx_HAL_Driver/Inc/stm32f4xx_hal.h"
ARM GAS  /tmp/ccS4N3yh.s 			page 6


DEFINED SYMBOLS
                            *ABS*:0000000000000000 gpio.c
     /tmp/ccS4N3yh.s:18     .text.MX_GPIO_Init:0000000000000000 $t
     /tmp/ccS4N3yh.s:25     .text.MX_GPIO_Init:0000000000000000 MX_GPIO_Init
     /tmp/ccS4N3yh.s:156    .text.MX_GPIO_Init:00000000000000b8 $d

UNDEFINED SYMBOLS
HAL_GPIO_WritePin
HAL_GPIO_Init
