ARM GAS  /tmp/ccRq4urM.s 			page 1


   1              		.cpu cortex-m4
   2              		.eabi_attribute 27, 1
   3              		.eabi_attribute 28, 1
   4              		.eabi_attribute 20, 1
   5              		.eabi_attribute 21, 1
   6              		.eabi_attribute 23, 3
   7              		.eabi_attribute 24, 1
   8              		.eabi_attribute 25, 1
   9              		.eabi_attribute 26, 1
  10              		.eabi_attribute 30, 1
  11              		.eabi_attribute 34, 1
  12              		.eabi_attribute 18, 4
  13              		.file	"tx_block_release.c"
  14              		.text
  15              	.Ltext0:
  16              		.cfi_sections	.debug_frame
  17              		.section	.text._tx_block_release,"ax",%progbits
  18              		.align	1
  19              		.global	_tx_block_release
  20              		.syntax unified
  21              		.thumb
  22              		.thumb_func
  23              		.fpu fpv4-sp-d16
  25              	_tx_block_release:
  26              	.LFB8:
  27              		.file 1 "ThreadX/common/src/tx_block_release.c"
   1:ThreadX/common/src/tx_block_release.c **** /**************************************************************************/
   2:ThreadX/common/src/tx_block_release.c **** /*                                                                        */
   3:ThreadX/common/src/tx_block_release.c **** /*       Copyright (c) Microsoft Corporation. All rights reserved.        */
   4:ThreadX/common/src/tx_block_release.c **** /*                                                                        */
   5:ThreadX/common/src/tx_block_release.c **** /*       This software is licensed under the Microsoft Software License   */
   6:ThreadX/common/src/tx_block_release.c **** /*       Terms for Microsoft Azure RTOS. Full text of the license can be  */
   7:ThreadX/common/src/tx_block_release.c **** /*       found in the LICENSE file at https://aka.ms/AzureRTOS_EULA       */
   8:ThreadX/common/src/tx_block_release.c **** /*       and in the root directory of this software.                      */
   9:ThreadX/common/src/tx_block_release.c **** /*                                                                        */
  10:ThreadX/common/src/tx_block_release.c **** /**************************************************************************/
  11:ThreadX/common/src/tx_block_release.c **** 
  12:ThreadX/common/src/tx_block_release.c **** 
  13:ThreadX/common/src/tx_block_release.c **** /**************************************************************************/
  14:ThreadX/common/src/tx_block_release.c **** /**************************************************************************/
  15:ThreadX/common/src/tx_block_release.c **** /**                                                                       */
  16:ThreadX/common/src/tx_block_release.c **** /** ThreadX Component                                                     */
  17:ThreadX/common/src/tx_block_release.c **** /**                                                                       */
  18:ThreadX/common/src/tx_block_release.c **** /**   Block Pool                                                          */
  19:ThreadX/common/src/tx_block_release.c **** /**                                                                       */
  20:ThreadX/common/src/tx_block_release.c **** /**************************************************************************/
  21:ThreadX/common/src/tx_block_release.c **** /**************************************************************************/
  22:ThreadX/common/src/tx_block_release.c **** 
  23:ThreadX/common/src/tx_block_release.c **** #define TX_SOURCE_CODE
  24:ThreadX/common/src/tx_block_release.c **** 
  25:ThreadX/common/src/tx_block_release.c **** 
  26:ThreadX/common/src/tx_block_release.c **** /* Include necessary system files.  */
  27:ThreadX/common/src/tx_block_release.c **** 
  28:ThreadX/common/src/tx_block_release.c **** #include "tx_api.h"
  29:ThreadX/common/src/tx_block_release.c **** #include "tx_trace.h"
  30:ThreadX/common/src/tx_block_release.c **** #include "tx_thread.h"
  31:ThreadX/common/src/tx_block_release.c **** #include "tx_block_pool.h"
ARM GAS  /tmp/ccRq4urM.s 			page 2


  32:ThreadX/common/src/tx_block_release.c **** 
  33:ThreadX/common/src/tx_block_release.c **** 
  34:ThreadX/common/src/tx_block_release.c **** /**************************************************************************/
  35:ThreadX/common/src/tx_block_release.c **** /*                                                                        */
  36:ThreadX/common/src/tx_block_release.c **** /*  FUNCTION                                               RELEASE        */
  37:ThreadX/common/src/tx_block_release.c **** /*                                                                        */
  38:ThreadX/common/src/tx_block_release.c **** /*    _tx_block_release                                   PORTABLE C      */
  39:ThreadX/common/src/tx_block_release.c **** /*                                                           6.1          */
  40:ThreadX/common/src/tx_block_release.c **** /*  AUTHOR                                                                */
  41:ThreadX/common/src/tx_block_release.c **** /*                                                                        */
  42:ThreadX/common/src/tx_block_release.c **** /*    William E. Lamie, Microsoft Corporation                             */
  43:ThreadX/common/src/tx_block_release.c **** /*                                                                        */
  44:ThreadX/common/src/tx_block_release.c **** /*  DESCRIPTION                                                           */
  45:ThreadX/common/src/tx_block_release.c **** /*                                                                        */
  46:ThreadX/common/src/tx_block_release.c **** /*    This function returns a previously allocated block to its           */
  47:ThreadX/common/src/tx_block_release.c **** /*    associated memory block pool.                                       */
  48:ThreadX/common/src/tx_block_release.c **** /*                                                                        */
  49:ThreadX/common/src/tx_block_release.c **** /*  INPUT                                                                 */
  50:ThreadX/common/src/tx_block_release.c **** /*                                                                        */
  51:ThreadX/common/src/tx_block_release.c **** /*    block_ptr                         Pointer to memory block           */
  52:ThreadX/common/src/tx_block_release.c **** /*                                                                        */
  53:ThreadX/common/src/tx_block_release.c **** /*  OUTPUT                                                                */
  54:ThreadX/common/src/tx_block_release.c **** /*                                                                        */
  55:ThreadX/common/src/tx_block_release.c **** /*    TX_SUCCESS                        Successful completion status      */
  56:ThreadX/common/src/tx_block_release.c **** /*                                                                        */
  57:ThreadX/common/src/tx_block_release.c **** /*  CALLS                                                                 */
  58:ThreadX/common/src/tx_block_release.c **** /*                                                                        */
  59:ThreadX/common/src/tx_block_release.c **** /*    _tx_thread_system_resume          Resume thread service             */
  60:ThreadX/common/src/tx_block_release.c **** /*    _tx_thread_system_ni_resume       Non-interruptable resume thread   */
  61:ThreadX/common/src/tx_block_release.c **** /*                                                                        */
  62:ThreadX/common/src/tx_block_release.c **** /*  CALLED BY                                                             */
  63:ThreadX/common/src/tx_block_release.c **** /*                                                                        */
  64:ThreadX/common/src/tx_block_release.c **** /*    Application Code                                                    */
  65:ThreadX/common/src/tx_block_release.c **** /*                                                                        */
  66:ThreadX/common/src/tx_block_release.c **** /*  RELEASE HISTORY                                                       */
  67:ThreadX/common/src/tx_block_release.c **** /*                                                                        */
  68:ThreadX/common/src/tx_block_release.c **** /*    DATE              NAME                      DESCRIPTION             */
  69:ThreadX/common/src/tx_block_release.c **** /*                                                                        */
  70:ThreadX/common/src/tx_block_release.c **** /*  05-19-2020     William E. Lamie         Initial Version 6.0           */
  71:ThreadX/common/src/tx_block_release.c **** /*  09-30-2020     Yuxin Zhou               Modified comment(s),          */
  72:ThreadX/common/src/tx_block_release.c **** /*                                            resulting in version 6.1    */
  73:ThreadX/common/src/tx_block_release.c **** /*                                                                        */
  74:ThreadX/common/src/tx_block_release.c **** /**************************************************************************/
  75:ThreadX/common/src/tx_block_release.c **** UINT  _tx_block_release(VOID *block_ptr)
  76:ThreadX/common/src/tx_block_release.c **** {
  28              		.loc 1 76 0
  29              		.cfi_startproc
  30              		@ args = 0, pretend = 0, frame = 0
  31              		@ frame_needed = 0, uses_anonymous_args = 0
  32              	.LVL0:
  33 0000 10B5     		push	{r4, lr}
  34              	.LCFI0:
  35              		.cfi_def_cfa_offset 8
  36              		.cfi_offset 4, -8
  37              		.cfi_offset 14, -4
  38              	.LBB12:
  39              	.LBB13:
ARM GAS  /tmp/ccRq4urM.s 			page 3


  40              	.LBB14:
  41              	.LBB15:
  42              		.file 2 "ThreadX/ports/cortex_m4/gnu/inc/tx_port.h"
   1:ThreadX/ports/cortex_m4/gnu/inc/tx_port.h **** /**************************************************************************/
   2:ThreadX/ports/cortex_m4/gnu/inc/tx_port.h **** /*                                                                        */
   3:ThreadX/ports/cortex_m4/gnu/inc/tx_port.h **** /*       Copyright (c) Microsoft Corporation. All rights reserved.        */
   4:ThreadX/ports/cortex_m4/gnu/inc/tx_port.h **** /*                                                                        */
   5:ThreadX/ports/cortex_m4/gnu/inc/tx_port.h **** /*       This software is licensed under the Microsoft Software License   */
   6:ThreadX/ports/cortex_m4/gnu/inc/tx_port.h **** /*       Terms for Microsoft Azure RTOS. Full text of the license can be  */
   7:ThreadX/ports/cortex_m4/gnu/inc/tx_port.h **** /*       found in the LICENSE file at https://aka.ms/AzureRTOS_EULA       */
   8:ThreadX/ports/cortex_m4/gnu/inc/tx_port.h **** /*       and in the root directory of this software.                      */
   9:ThreadX/ports/cortex_m4/gnu/inc/tx_port.h **** /*                                                                        */
  10:ThreadX/ports/cortex_m4/gnu/inc/tx_port.h **** /**************************************************************************/
  11:ThreadX/ports/cortex_m4/gnu/inc/tx_port.h **** 
  12:ThreadX/ports/cortex_m4/gnu/inc/tx_port.h **** 
  13:ThreadX/ports/cortex_m4/gnu/inc/tx_port.h **** /**************************************************************************/
  14:ThreadX/ports/cortex_m4/gnu/inc/tx_port.h **** /**************************************************************************/
  15:ThreadX/ports/cortex_m4/gnu/inc/tx_port.h **** /**                                                                       */
  16:ThreadX/ports/cortex_m4/gnu/inc/tx_port.h **** /** ThreadX Component                                                     */
  17:ThreadX/ports/cortex_m4/gnu/inc/tx_port.h **** /**                                                                       */
  18:ThreadX/ports/cortex_m4/gnu/inc/tx_port.h **** /**   Port Specific                                                       */
  19:ThreadX/ports/cortex_m4/gnu/inc/tx_port.h **** /**                                                                       */
  20:ThreadX/ports/cortex_m4/gnu/inc/tx_port.h **** /**************************************************************************/
  21:ThreadX/ports/cortex_m4/gnu/inc/tx_port.h **** /**************************************************************************/
  22:ThreadX/ports/cortex_m4/gnu/inc/tx_port.h **** 
  23:ThreadX/ports/cortex_m4/gnu/inc/tx_port.h **** 
  24:ThreadX/ports/cortex_m4/gnu/inc/tx_port.h **** /**************************************************************************/
  25:ThreadX/ports/cortex_m4/gnu/inc/tx_port.h **** /*                                                                        */
  26:ThreadX/ports/cortex_m4/gnu/inc/tx_port.h **** /*  PORT SPECIFIC C INFORMATION                            RELEASE        */
  27:ThreadX/ports/cortex_m4/gnu/inc/tx_port.h **** /*                                                                        */
  28:ThreadX/ports/cortex_m4/gnu/inc/tx_port.h **** /*    tx_port.h                                         Cortex-M4/GNU     */
  29:ThreadX/ports/cortex_m4/gnu/inc/tx_port.h **** /*                                                           6.1.10       */
  30:ThreadX/ports/cortex_m4/gnu/inc/tx_port.h **** /*                                                                        */
  31:ThreadX/ports/cortex_m4/gnu/inc/tx_port.h **** /*  AUTHOR                                                                */
  32:ThreadX/ports/cortex_m4/gnu/inc/tx_port.h **** /*                                                                        */
  33:ThreadX/ports/cortex_m4/gnu/inc/tx_port.h **** /*    Scott Larson, Microsoft Corporation                                 */
  34:ThreadX/ports/cortex_m4/gnu/inc/tx_port.h **** /*                                                                        */
  35:ThreadX/ports/cortex_m4/gnu/inc/tx_port.h **** /*  DESCRIPTION                                                           */
  36:ThreadX/ports/cortex_m4/gnu/inc/tx_port.h **** /*                                                                        */
  37:ThreadX/ports/cortex_m4/gnu/inc/tx_port.h **** /*    This file contains data type definitions that make the ThreadX      */
  38:ThreadX/ports/cortex_m4/gnu/inc/tx_port.h **** /*    real-time kernel function identically on a variety of different     */
  39:ThreadX/ports/cortex_m4/gnu/inc/tx_port.h **** /*    processor architectures.  For example, the size or number of bits   */
  40:ThreadX/ports/cortex_m4/gnu/inc/tx_port.h **** /*    in an "int" data type vary between microprocessor architectures and */
  41:ThreadX/ports/cortex_m4/gnu/inc/tx_port.h **** /*    even C compilers for the same microprocessor.  ThreadX does not     */
  42:ThreadX/ports/cortex_m4/gnu/inc/tx_port.h **** /*    directly use native C data types.  Instead, ThreadX creates its     */
  43:ThreadX/ports/cortex_m4/gnu/inc/tx_port.h **** /*    own special types that can be mapped to actual data types by this   */
  44:ThreadX/ports/cortex_m4/gnu/inc/tx_port.h **** /*    file to guarantee consistency in the interface and functionality.   */
  45:ThreadX/ports/cortex_m4/gnu/inc/tx_port.h **** /*                                                                        */
  46:ThreadX/ports/cortex_m4/gnu/inc/tx_port.h **** /*    This file replaces the previous Cortex-M3/M4/M7 files. It unifies   */
  47:ThreadX/ports/cortex_m4/gnu/inc/tx_port.h **** /*    the ARMv7-M architecture and compilers into one common file.        */
  48:ThreadX/ports/cortex_m4/gnu/inc/tx_port.h **** /*                                                                        */
  49:ThreadX/ports/cortex_m4/gnu/inc/tx_port.h **** /*  RELEASE HISTORY                                                       */
  50:ThreadX/ports/cortex_m4/gnu/inc/tx_port.h **** /*                                                                        */
  51:ThreadX/ports/cortex_m4/gnu/inc/tx_port.h **** /*    DATE              NAME                      DESCRIPTION             */
  52:ThreadX/ports/cortex_m4/gnu/inc/tx_port.h **** /*                                                                        */
  53:ThreadX/ports/cortex_m4/gnu/inc/tx_port.h **** /*  06-02-2021      Scott Larson            Initial Version 6.1.7         */
  54:ThreadX/ports/cortex_m4/gnu/inc/tx_port.h **** /*  01-31-2022      Scott Larson            Modified comments, updated    */
ARM GAS  /tmp/ccRq4urM.s 			page 4


  55:ThreadX/ports/cortex_m4/gnu/inc/tx_port.h **** /*                                            typedef to fix misra        */
  56:ThreadX/ports/cortex_m4/gnu/inc/tx_port.h **** /*                                            violation,                  */
  57:ThreadX/ports/cortex_m4/gnu/inc/tx_port.h **** /*                                            fixed predefined macro,     */
  58:ThreadX/ports/cortex_m4/gnu/inc/tx_port.h **** /*                                            resulting in version 6.1.10 */
  59:ThreadX/ports/cortex_m4/gnu/inc/tx_port.h **** /*                                                                        */
  60:ThreadX/ports/cortex_m4/gnu/inc/tx_port.h **** /**************************************************************************/
  61:ThreadX/ports/cortex_m4/gnu/inc/tx_port.h **** 
  62:ThreadX/ports/cortex_m4/gnu/inc/tx_port.h **** #ifndef TX_PORT_H
  63:ThreadX/ports/cortex_m4/gnu/inc/tx_port.h **** #define TX_PORT_H
  64:ThreadX/ports/cortex_m4/gnu/inc/tx_port.h **** 
  65:ThreadX/ports/cortex_m4/gnu/inc/tx_port.h **** 
  66:ThreadX/ports/cortex_m4/gnu/inc/tx_port.h **** /* Determine if the optional ThreadX user define file should be used.  */
  67:ThreadX/ports/cortex_m4/gnu/inc/tx_port.h **** 
  68:ThreadX/ports/cortex_m4/gnu/inc/tx_port.h **** #ifdef TX_INCLUDE_USER_DEFINE_FILE
  69:ThreadX/ports/cortex_m4/gnu/inc/tx_port.h **** 
  70:ThreadX/ports/cortex_m4/gnu/inc/tx_port.h **** /* Yes, include the user defines in tx_user.h. The defines in this file may
  71:ThreadX/ports/cortex_m4/gnu/inc/tx_port.h ****    alternately be defined on the command line.  */
  72:ThreadX/ports/cortex_m4/gnu/inc/tx_port.h **** 
  73:ThreadX/ports/cortex_m4/gnu/inc/tx_port.h **** #include "tx_user.h"
  74:ThreadX/ports/cortex_m4/gnu/inc/tx_port.h **** #endif
  75:ThreadX/ports/cortex_m4/gnu/inc/tx_port.h **** 
  76:ThreadX/ports/cortex_m4/gnu/inc/tx_port.h **** 
  77:ThreadX/ports/cortex_m4/gnu/inc/tx_port.h **** /* Define compiler library include files.  */
  78:ThreadX/ports/cortex_m4/gnu/inc/tx_port.h **** 
  79:ThreadX/ports/cortex_m4/gnu/inc/tx_port.h **** #include <stdlib.h>
  80:ThreadX/ports/cortex_m4/gnu/inc/tx_port.h **** #include <string.h>
  81:ThreadX/ports/cortex_m4/gnu/inc/tx_port.h **** 
  82:ThreadX/ports/cortex_m4/gnu/inc/tx_port.h **** #ifdef __ICCARM__
  83:ThreadX/ports/cortex_m4/gnu/inc/tx_port.h **** #include <intrinsics.h>                     /* IAR Intrinsics */
  84:ThreadX/ports/cortex_m4/gnu/inc/tx_port.h **** #define __asm__ __asm                       /* Define to make all inline asm look similar */
  85:ThreadX/ports/cortex_m4/gnu/inc/tx_port.h **** #ifdef  TX_ENABLE_IAR_LIBRARY_SUPPORT
  86:ThreadX/ports/cortex_m4/gnu/inc/tx_port.h **** #include <yvals.h>
  87:ThreadX/ports/cortex_m4/gnu/inc/tx_port.h **** #endif
  88:ThreadX/ports/cortex_m4/gnu/inc/tx_port.h **** #endif /* __ICCARM__ */
  89:ThreadX/ports/cortex_m4/gnu/inc/tx_port.h **** 
  90:ThreadX/ports/cortex_m4/gnu/inc/tx_port.h **** #ifdef __ghs__
  91:ThreadX/ports/cortex_m4/gnu/inc/tx_port.h **** #include <arm_ghs.h>
  92:ThreadX/ports/cortex_m4/gnu/inc/tx_port.h **** #include "tx_ghs.h"
  93:ThreadX/ports/cortex_m4/gnu/inc/tx_port.h **** #endif  /* __ghs__ */
  94:ThreadX/ports/cortex_m4/gnu/inc/tx_port.h **** 
  95:ThreadX/ports/cortex_m4/gnu/inc/tx_port.h **** 
  96:ThreadX/ports/cortex_m4/gnu/inc/tx_port.h **** #if !defined(__GNUC__) && !defined(__CC_ARM)
  97:ThreadX/ports/cortex_m4/gnu/inc/tx_port.h **** #define __get_control_value __get_CONTROL
  98:ThreadX/ports/cortex_m4/gnu/inc/tx_port.h **** #define __set_control_value __set_CONTROL
  99:ThreadX/ports/cortex_m4/gnu/inc/tx_port.h **** #endif
 100:ThreadX/ports/cortex_m4/gnu/inc/tx_port.h **** 
 101:ThreadX/ports/cortex_m4/gnu/inc/tx_port.h **** #ifndef __GNUC__
 102:ThreadX/ports/cortex_m4/gnu/inc/tx_port.h **** #define __get_ipsr_value __get_IPSR
 103:ThreadX/ports/cortex_m4/gnu/inc/tx_port.h **** #endif
 104:ThreadX/ports/cortex_m4/gnu/inc/tx_port.h **** 
 105:ThreadX/ports/cortex_m4/gnu/inc/tx_port.h **** /* Define ThreadX basic types for this port.  */
 106:ThreadX/ports/cortex_m4/gnu/inc/tx_port.h **** 
 107:ThreadX/ports/cortex_m4/gnu/inc/tx_port.h **** #define VOID                                    void
 108:ThreadX/ports/cortex_m4/gnu/inc/tx_port.h **** typedef char                                    CHAR;
 109:ThreadX/ports/cortex_m4/gnu/inc/tx_port.h **** typedef unsigned char                           UCHAR;
 110:ThreadX/ports/cortex_m4/gnu/inc/tx_port.h **** typedef int                                     INT;
 111:ThreadX/ports/cortex_m4/gnu/inc/tx_port.h **** typedef unsigned int                            UINT;
ARM GAS  /tmp/ccRq4urM.s 			page 5


 112:ThreadX/ports/cortex_m4/gnu/inc/tx_port.h **** typedef long                                    LONG;
 113:ThreadX/ports/cortex_m4/gnu/inc/tx_port.h **** typedef unsigned long                           ULONG;
 114:ThreadX/ports/cortex_m4/gnu/inc/tx_port.h **** typedef unsigned long long                      ULONG64;
 115:ThreadX/ports/cortex_m4/gnu/inc/tx_port.h **** typedef short                                   SHORT;
 116:ThreadX/ports/cortex_m4/gnu/inc/tx_port.h **** typedef unsigned short                          USHORT;
 117:ThreadX/ports/cortex_m4/gnu/inc/tx_port.h **** #define ULONG64_DEFINED
 118:ThreadX/ports/cortex_m4/gnu/inc/tx_port.h **** 
 119:ThreadX/ports/cortex_m4/gnu/inc/tx_port.h **** /* Define the priority levels for ThreadX.  Legal values range
 120:ThreadX/ports/cortex_m4/gnu/inc/tx_port.h ****    from 32 to 1024 and MUST be evenly divisible by 32.  */
 121:ThreadX/ports/cortex_m4/gnu/inc/tx_port.h **** 
 122:ThreadX/ports/cortex_m4/gnu/inc/tx_port.h **** #ifndef TX_MAX_PRIORITIES
 123:ThreadX/ports/cortex_m4/gnu/inc/tx_port.h **** #define TX_MAX_PRIORITIES                       32
 124:ThreadX/ports/cortex_m4/gnu/inc/tx_port.h **** #endif
 125:ThreadX/ports/cortex_m4/gnu/inc/tx_port.h **** 
 126:ThreadX/ports/cortex_m4/gnu/inc/tx_port.h **** 
 127:ThreadX/ports/cortex_m4/gnu/inc/tx_port.h **** /* Define the minimum stack for a ThreadX thread on this processor. If the size supplied during
 128:ThreadX/ports/cortex_m4/gnu/inc/tx_port.h ****    thread creation is less than this value, the thread create call will return an error.  */
 129:ThreadX/ports/cortex_m4/gnu/inc/tx_port.h **** 
 130:ThreadX/ports/cortex_m4/gnu/inc/tx_port.h **** #ifndef TX_MINIMUM_STACK
 131:ThreadX/ports/cortex_m4/gnu/inc/tx_port.h **** #define TX_MINIMUM_STACK                        200         /* Minimum stack size for this port  */
 132:ThreadX/ports/cortex_m4/gnu/inc/tx_port.h **** #endif
 133:ThreadX/ports/cortex_m4/gnu/inc/tx_port.h **** 
 134:ThreadX/ports/cortex_m4/gnu/inc/tx_port.h **** 
 135:ThreadX/ports/cortex_m4/gnu/inc/tx_port.h **** /* Define the system timer thread's default stack size and priority.  These are only applicable
 136:ThreadX/ports/cortex_m4/gnu/inc/tx_port.h ****    if TX_TIMER_PROCESS_IN_ISR is not defined.  */
 137:ThreadX/ports/cortex_m4/gnu/inc/tx_port.h **** 
 138:ThreadX/ports/cortex_m4/gnu/inc/tx_port.h **** #ifndef TX_TIMER_THREAD_STACK_SIZE
 139:ThreadX/ports/cortex_m4/gnu/inc/tx_port.h **** #define TX_TIMER_THREAD_STACK_SIZE              1024        /* Default timer thread stack size  */
 140:ThreadX/ports/cortex_m4/gnu/inc/tx_port.h **** #endif
 141:ThreadX/ports/cortex_m4/gnu/inc/tx_port.h **** 
 142:ThreadX/ports/cortex_m4/gnu/inc/tx_port.h **** #ifndef TX_TIMER_THREAD_PRIORITY
 143:ThreadX/ports/cortex_m4/gnu/inc/tx_port.h **** #define TX_TIMER_THREAD_PRIORITY                0           /* Default timer thread priority    */
 144:ThreadX/ports/cortex_m4/gnu/inc/tx_port.h **** #endif
 145:ThreadX/ports/cortex_m4/gnu/inc/tx_port.h **** 
 146:ThreadX/ports/cortex_m4/gnu/inc/tx_port.h **** 
 147:ThreadX/ports/cortex_m4/gnu/inc/tx_port.h **** /* Define various constants for the ThreadX Cortex-M port.  */
 148:ThreadX/ports/cortex_m4/gnu/inc/tx_port.h **** 
 149:ThreadX/ports/cortex_m4/gnu/inc/tx_port.h **** #define TX_INT_DISABLE                          1           /* Disable interrupts               */
 150:ThreadX/ports/cortex_m4/gnu/inc/tx_port.h **** #define TX_INT_ENABLE                           0           /* Enable interrupts                */
 151:ThreadX/ports/cortex_m4/gnu/inc/tx_port.h **** 
 152:ThreadX/ports/cortex_m4/gnu/inc/tx_port.h **** 
 153:ThreadX/ports/cortex_m4/gnu/inc/tx_port.h **** /* Define the clock source for trace event entry time stamp. The following two item are port specif
 154:ThreadX/ports/cortex_m4/gnu/inc/tx_port.h ****    For example, if the time source is at the address 0x0a800024 and is 16-bits in size, the clock
 155:ThreadX/ports/cortex_m4/gnu/inc/tx_port.h ****    source constants would be:
 156:ThreadX/ports/cortex_m4/gnu/inc/tx_port.h **** 
 157:ThreadX/ports/cortex_m4/gnu/inc/tx_port.h **** #define TX_TRACE_TIME_SOURCE                    *((ULONG *) 0x0a800024)
 158:ThreadX/ports/cortex_m4/gnu/inc/tx_port.h **** #define TX_TRACE_TIME_MASK                      0x0000FFFFUL
 159:ThreadX/ports/cortex_m4/gnu/inc/tx_port.h **** 
 160:ThreadX/ports/cortex_m4/gnu/inc/tx_port.h **** */
 161:ThreadX/ports/cortex_m4/gnu/inc/tx_port.h **** 
 162:ThreadX/ports/cortex_m4/gnu/inc/tx_port.h **** #ifndef TX_MISRA_ENABLE
 163:ThreadX/ports/cortex_m4/gnu/inc/tx_port.h **** #ifndef TX_TRACE_TIME_SOURCE
 164:ThreadX/ports/cortex_m4/gnu/inc/tx_port.h **** #define TX_TRACE_TIME_SOURCE                    *((ULONG *) 0xE0001004)
 165:ThreadX/ports/cortex_m4/gnu/inc/tx_port.h **** #endif
 166:ThreadX/ports/cortex_m4/gnu/inc/tx_port.h **** #else
 167:ThreadX/ports/cortex_m4/gnu/inc/tx_port.h **** ULONG   _tx_misra_time_stamp_get(VOID);
 168:ThreadX/ports/cortex_m4/gnu/inc/tx_port.h **** #define TX_TRACE_TIME_SOURCE                    _tx_misra_time_stamp_get()
ARM GAS  /tmp/ccRq4urM.s 			page 6


 169:ThreadX/ports/cortex_m4/gnu/inc/tx_port.h **** #endif
 170:ThreadX/ports/cortex_m4/gnu/inc/tx_port.h **** 
 171:ThreadX/ports/cortex_m4/gnu/inc/tx_port.h **** #ifndef TX_TRACE_TIME_MASK
 172:ThreadX/ports/cortex_m4/gnu/inc/tx_port.h **** #define TX_TRACE_TIME_MASK                      0xFFFFFFFFUL
 173:ThreadX/ports/cortex_m4/gnu/inc/tx_port.h **** #endif
 174:ThreadX/ports/cortex_m4/gnu/inc/tx_port.h **** 
 175:ThreadX/ports/cortex_m4/gnu/inc/tx_port.h **** #ifdef __ghs__
 176:ThreadX/ports/cortex_m4/gnu/inc/tx_port.h **** /* Define constants for Green Hills EventAnalyzer.  */
 177:ThreadX/ports/cortex_m4/gnu/inc/tx_port.h **** 
 178:ThreadX/ports/cortex_m4/gnu/inc/tx_port.h **** /* Define the number of ticks per second. This informs the EventAnalyzer what the timestamps
 179:ThreadX/ports/cortex_m4/gnu/inc/tx_port.h ****    represent.  By default, this is set to 1,000,000 i.e., one tick every microsecond. */
 180:ThreadX/ports/cortex_m4/gnu/inc/tx_port.h **** 
 181:ThreadX/ports/cortex_m4/gnu/inc/tx_port.h **** #define TX_EL_TICKS_PER_SECOND                  1000000
 182:ThreadX/ports/cortex_m4/gnu/inc/tx_port.h **** 
 183:ThreadX/ports/cortex_m4/gnu/inc/tx_port.h **** /* Define the method of how to get the upper and lower 32-bits of the time stamp. By default, simpl
 184:ThreadX/ports/cortex_m4/gnu/inc/tx_port.h ****    simulate the time-stamp source with a counter.  */
 185:ThreadX/ports/cortex_m4/gnu/inc/tx_port.h **** 
 186:ThreadX/ports/cortex_m4/gnu/inc/tx_port.h **** #define read_tbu()                              _tx_el_time_base_upper
 187:ThreadX/ports/cortex_m4/gnu/inc/tx_port.h **** #define read_tbl()                              ++_tx_el_time_base_lower
 188:ThreadX/ports/cortex_m4/gnu/inc/tx_port.h **** #endif  /* __ghs__ */
 189:ThreadX/ports/cortex_m4/gnu/inc/tx_port.h **** 
 190:ThreadX/ports/cortex_m4/gnu/inc/tx_port.h **** /* Define the port specific options for the _tx_build_options variable. This variable indicates
 191:ThreadX/ports/cortex_m4/gnu/inc/tx_port.h ****    how the ThreadX library was built.  */
 192:ThreadX/ports/cortex_m4/gnu/inc/tx_port.h **** 
 193:ThreadX/ports/cortex_m4/gnu/inc/tx_port.h **** #define TX_PORT_SPECIFIC_BUILD_OPTIONS          (0)
 194:ThreadX/ports/cortex_m4/gnu/inc/tx_port.h **** 
 195:ThreadX/ports/cortex_m4/gnu/inc/tx_port.h **** 
 196:ThreadX/ports/cortex_m4/gnu/inc/tx_port.h **** /* Define the in-line initialization constant so that modules with in-line
 197:ThreadX/ports/cortex_m4/gnu/inc/tx_port.h ****    initialization capabilities can prevent their initialization from being
 198:ThreadX/ports/cortex_m4/gnu/inc/tx_port.h ****    a function call.  */
 199:ThreadX/ports/cortex_m4/gnu/inc/tx_port.h **** 
 200:ThreadX/ports/cortex_m4/gnu/inc/tx_port.h **** #ifdef TX_MISRA_ENABLE
 201:ThreadX/ports/cortex_m4/gnu/inc/tx_port.h **** #define TX_DISABLE_INLINE
 202:ThreadX/ports/cortex_m4/gnu/inc/tx_port.h **** #else
 203:ThreadX/ports/cortex_m4/gnu/inc/tx_port.h **** #define TX_INLINE_INITIALIZATION
 204:ThreadX/ports/cortex_m4/gnu/inc/tx_port.h **** #endif
 205:ThreadX/ports/cortex_m4/gnu/inc/tx_port.h **** 
 206:ThreadX/ports/cortex_m4/gnu/inc/tx_port.h **** 
 207:ThreadX/ports/cortex_m4/gnu/inc/tx_port.h **** /* Determine whether or not stack checking is enabled. By default, ThreadX stack checking is
 208:ThreadX/ports/cortex_m4/gnu/inc/tx_port.h ****    disabled. When the following is defined, ThreadX thread stack checking is enabled.  If stack
 209:ThreadX/ports/cortex_m4/gnu/inc/tx_port.h ****    checking is enabled (TX_ENABLE_STACK_CHECKING is defined), the TX_DISABLE_STACK_FILLING
 210:ThreadX/ports/cortex_m4/gnu/inc/tx_port.h ****    define is negated, thereby forcing the stack fill which is necessary for the stack checking
 211:ThreadX/ports/cortex_m4/gnu/inc/tx_port.h ****    logic.  */
 212:ThreadX/ports/cortex_m4/gnu/inc/tx_port.h **** 
 213:ThreadX/ports/cortex_m4/gnu/inc/tx_port.h **** #ifndef TX_MISRA_ENABLE
 214:ThreadX/ports/cortex_m4/gnu/inc/tx_port.h **** #ifdef TX_ENABLE_STACK_CHECKING
 215:ThreadX/ports/cortex_m4/gnu/inc/tx_port.h **** #undef TX_DISABLE_STACK_FILLING
 216:ThreadX/ports/cortex_m4/gnu/inc/tx_port.h **** #endif
 217:ThreadX/ports/cortex_m4/gnu/inc/tx_port.h **** #endif
 218:ThreadX/ports/cortex_m4/gnu/inc/tx_port.h **** 
 219:ThreadX/ports/cortex_m4/gnu/inc/tx_port.h **** 
 220:ThreadX/ports/cortex_m4/gnu/inc/tx_port.h **** /* Define the TX_THREAD control block extensions for this port. The main reason
 221:ThreadX/ports/cortex_m4/gnu/inc/tx_port.h ****    for the multiple macros is so that backward compatibility can be maintained with
 222:ThreadX/ports/cortex_m4/gnu/inc/tx_port.h ****    existing ThreadX kernel awareness modules.  */
 223:ThreadX/ports/cortex_m4/gnu/inc/tx_port.h **** 
 224:ThreadX/ports/cortex_m4/gnu/inc/tx_port.h **** #define TX_THREAD_EXTENSION_0
 225:ThreadX/ports/cortex_m4/gnu/inc/tx_port.h **** #define TX_THREAD_EXTENSION_1
ARM GAS  /tmp/ccRq4urM.s 			page 7


 226:ThreadX/ports/cortex_m4/gnu/inc/tx_port.h **** #ifdef  TX_ENABLE_IAR_LIBRARY_SUPPORT
 227:ThreadX/ports/cortex_m4/gnu/inc/tx_port.h **** #define TX_THREAD_EXTENSION_2           VOID    *tx_thread_iar_tls_pointer;
 228:ThreadX/ports/cortex_m4/gnu/inc/tx_port.h **** #elif defined(__ghs__)
 229:ThreadX/ports/cortex_m4/gnu/inc/tx_port.h **** #define TX_THREAD_EXTENSION_2           VOID *  tx_thread_eh_globals;                           \
 230:ThreadX/ports/cortex_m4/gnu/inc/tx_port.h ****                                         int     Errno;             /* errno.  */                \
 231:ThreadX/ports/cortex_m4/gnu/inc/tx_port.h ****                                         char *  strtok_saved_pos;  /* strtok() position.  */
 232:ThreadX/ports/cortex_m4/gnu/inc/tx_port.h **** #else
 233:ThreadX/ports/cortex_m4/gnu/inc/tx_port.h **** #define TX_THREAD_EXTENSION_2
 234:ThreadX/ports/cortex_m4/gnu/inc/tx_port.h **** #endif
 235:ThreadX/ports/cortex_m4/gnu/inc/tx_port.h **** 
 236:ThreadX/ports/cortex_m4/gnu/inc/tx_port.h **** 
 237:ThreadX/ports/cortex_m4/gnu/inc/tx_port.h **** #define TX_THREAD_EXTENSION_3
 238:ThreadX/ports/cortex_m4/gnu/inc/tx_port.h **** 
 239:ThreadX/ports/cortex_m4/gnu/inc/tx_port.h **** 
 240:ThreadX/ports/cortex_m4/gnu/inc/tx_port.h **** 
 241:ThreadX/ports/cortex_m4/gnu/inc/tx_port.h **** /* Define the port extensions of the remaining ThreadX objects.  */
 242:ThreadX/ports/cortex_m4/gnu/inc/tx_port.h **** 
 243:ThreadX/ports/cortex_m4/gnu/inc/tx_port.h **** #define TX_BLOCK_POOL_EXTENSION
 244:ThreadX/ports/cortex_m4/gnu/inc/tx_port.h **** #define TX_BYTE_POOL_EXTENSION
 245:ThreadX/ports/cortex_m4/gnu/inc/tx_port.h **** #define TX_EVENT_FLAGS_GROUP_EXTENSION
 246:ThreadX/ports/cortex_m4/gnu/inc/tx_port.h **** #define TX_MUTEX_EXTENSION
 247:ThreadX/ports/cortex_m4/gnu/inc/tx_port.h **** #define TX_QUEUE_EXTENSION
 248:ThreadX/ports/cortex_m4/gnu/inc/tx_port.h **** #define TX_SEMAPHORE_EXTENSION
 249:ThreadX/ports/cortex_m4/gnu/inc/tx_port.h **** #define TX_TIMER_EXTENSION
 250:ThreadX/ports/cortex_m4/gnu/inc/tx_port.h **** 
 251:ThreadX/ports/cortex_m4/gnu/inc/tx_port.h **** 
 252:ThreadX/ports/cortex_m4/gnu/inc/tx_port.h **** /* Define the user extension field of the thread control block.  Nothing
 253:ThreadX/ports/cortex_m4/gnu/inc/tx_port.h ****    additional is needed for this port so it is defined as white space.  */
 254:ThreadX/ports/cortex_m4/gnu/inc/tx_port.h **** 
 255:ThreadX/ports/cortex_m4/gnu/inc/tx_port.h **** #ifndef TX_THREAD_USER_EXTENSION
 256:ThreadX/ports/cortex_m4/gnu/inc/tx_port.h **** #define TX_THREAD_USER_EXTENSION
 257:ThreadX/ports/cortex_m4/gnu/inc/tx_port.h **** #endif
 258:ThreadX/ports/cortex_m4/gnu/inc/tx_port.h **** 
 259:ThreadX/ports/cortex_m4/gnu/inc/tx_port.h **** 
 260:ThreadX/ports/cortex_m4/gnu/inc/tx_port.h **** /* Define the macros for processing extensions in tx_thread_create, tx_thread_delete,
 261:ThreadX/ports/cortex_m4/gnu/inc/tx_port.h ****    tx_thread_shell_entry, and tx_thread_terminate.  */
 262:ThreadX/ports/cortex_m4/gnu/inc/tx_port.h **** 
 263:ThreadX/ports/cortex_m4/gnu/inc/tx_port.h **** 
 264:ThreadX/ports/cortex_m4/gnu/inc/tx_port.h **** #ifdef  TX_ENABLE_IAR_LIBRARY_SUPPORT
 265:ThreadX/ports/cortex_m4/gnu/inc/tx_port.h **** #if (__VER__ < 8000000)
 266:ThreadX/ports/cortex_m4/gnu/inc/tx_port.h **** #define TX_THREAD_CREATE_EXTENSION(thread_ptr)                      thread_ptr -> tx_thread_iar_tls
 267:ThreadX/ports/cortex_m4/gnu/inc/tx_port.h **** #define TX_THREAD_DELETE_EXTENSION(thread_ptr)                      __iar_dlib_perthread_deallocate
 268:ThreadX/ports/cortex_m4/gnu/inc/tx_port.h ****                                                                     thread_ptr -> tx_thread_iar_tls
 269:ThreadX/ports/cortex_m4/gnu/inc/tx_port.h **** #define TX_PORT_SPECIFIC_PRE_SCHEDULER_INITIALIZATION               __iar_dlib_perthread_access(0);
 270:ThreadX/ports/cortex_m4/gnu/inc/tx_port.h **** #else
 271:ThreadX/ports/cortex_m4/gnu/inc/tx_port.h **** void    *_tx_iar_create_per_thread_tls_area(void);
 272:ThreadX/ports/cortex_m4/gnu/inc/tx_port.h **** void    _tx_iar_destroy_per_thread_tls_area(void *tls_ptr);
 273:ThreadX/ports/cortex_m4/gnu/inc/tx_port.h **** void    __iar_Initlocks(void);
 274:ThreadX/ports/cortex_m4/gnu/inc/tx_port.h **** 
 275:ThreadX/ports/cortex_m4/gnu/inc/tx_port.h **** #define TX_THREAD_CREATE_EXTENSION(thread_ptr)                      thread_ptr -> tx_thread_iar_tls
 276:ThreadX/ports/cortex_m4/gnu/inc/tx_port.h **** #define TX_THREAD_DELETE_EXTENSION(thread_ptr)                      do {_tx_iar_destroy_per_thread_
 277:ThreadX/ports/cortex_m4/gnu/inc/tx_port.h ****                                                                         thread_ptr -> tx_thread_iar
 278:ThreadX/ports/cortex_m4/gnu/inc/tx_port.h **** #define TX_PORT_SPECIFIC_PRE_SCHEDULER_INITIALIZATION               do {__iar_Initlocks();} while(0
 279:ThreadX/ports/cortex_m4/gnu/inc/tx_port.h **** #endif
 280:ThreadX/ports/cortex_m4/gnu/inc/tx_port.h **** #else
 281:ThreadX/ports/cortex_m4/gnu/inc/tx_port.h **** #define TX_THREAD_CREATE_EXTENSION(thread_ptr)
 282:ThreadX/ports/cortex_m4/gnu/inc/tx_port.h **** #define TX_THREAD_DELETE_EXTENSION(thread_ptr)
ARM GAS  /tmp/ccRq4urM.s 			page 8


 283:ThreadX/ports/cortex_m4/gnu/inc/tx_port.h **** #endif
 284:ThreadX/ports/cortex_m4/gnu/inc/tx_port.h **** 
 285:ThreadX/ports/cortex_m4/gnu/inc/tx_port.h **** #if defined(__ARMVFP__) || defined(__ARM_PCS_VFP) || defined(__ARM_FP) || defined(__TARGET_FPU_VFP)
 286:ThreadX/ports/cortex_m4/gnu/inc/tx_port.h **** 
 287:ThreadX/ports/cortex_m4/gnu/inc/tx_port.h **** #ifdef TX_MISRA_ENABLE
 288:ThreadX/ports/cortex_m4/gnu/inc/tx_port.h **** 
 289:ThreadX/ports/cortex_m4/gnu/inc/tx_port.h **** ULONG  _tx_misra_control_get(void);
 290:ThreadX/ports/cortex_m4/gnu/inc/tx_port.h **** void   _tx_misra_control_set(ULONG value);
 291:ThreadX/ports/cortex_m4/gnu/inc/tx_port.h **** ULONG  _tx_misra_fpccr_get(void);
 292:ThreadX/ports/cortex_m4/gnu/inc/tx_port.h **** void   _tx_misra_vfp_touch(void);
 293:ThreadX/ports/cortex_m4/gnu/inc/tx_port.h **** 
 294:ThreadX/ports/cortex_m4/gnu/inc/tx_port.h **** #else   /* TX_MISRA_ENABLE not defined */
 295:ThreadX/ports/cortex_m4/gnu/inc/tx_port.h **** 
 296:ThreadX/ports/cortex_m4/gnu/inc/tx_port.h **** /* Define some helper functions (these are intrinsics in some compilers). */
 297:ThreadX/ports/cortex_m4/gnu/inc/tx_port.h **** #ifdef __GNUC__ /* GCC and ARM Compiler 6 */
 298:ThreadX/ports/cortex_m4/gnu/inc/tx_port.h **** 
 299:ThreadX/ports/cortex_m4/gnu/inc/tx_port.h **** __attribute__( ( always_inline ) ) static inline ULONG __get_control_value(void)
 300:ThreadX/ports/cortex_m4/gnu/inc/tx_port.h **** {
 301:ThreadX/ports/cortex_m4/gnu/inc/tx_port.h **** ULONG  control_value;
 302:ThreadX/ports/cortex_m4/gnu/inc/tx_port.h **** 
 303:ThreadX/ports/cortex_m4/gnu/inc/tx_port.h ****     __asm__ volatile (" MRS  %0,CONTROL ": "=r" (control_value) );
 304:ThreadX/ports/cortex_m4/gnu/inc/tx_port.h ****     return(control_value);
 305:ThreadX/ports/cortex_m4/gnu/inc/tx_port.h **** }
 306:ThreadX/ports/cortex_m4/gnu/inc/tx_port.h **** 
 307:ThreadX/ports/cortex_m4/gnu/inc/tx_port.h **** __attribute__( ( always_inline ) ) static inline void __set_control_value(ULONG control_value)
 308:ThreadX/ports/cortex_m4/gnu/inc/tx_port.h **** {
 309:ThreadX/ports/cortex_m4/gnu/inc/tx_port.h ****     __asm__ volatile (" MSR  CONTROL,%0": : "r" (control_value): "memory" );
 310:ThreadX/ports/cortex_m4/gnu/inc/tx_port.h **** }
 311:ThreadX/ports/cortex_m4/gnu/inc/tx_port.h **** 
 312:ThreadX/ports/cortex_m4/gnu/inc/tx_port.h **** #define TX_VFP_TOUCH()  __asm__ volatile ("VMOV.F32 s0, s0");
 313:ThreadX/ports/cortex_m4/gnu/inc/tx_port.h **** 
 314:ThreadX/ports/cortex_m4/gnu/inc/tx_port.h **** #elif defined(__CC_ARM) /* ARM Compiler 5 */
 315:ThreadX/ports/cortex_m4/gnu/inc/tx_port.h **** 
 316:ThreadX/ports/cortex_m4/gnu/inc/tx_port.h **** __attribute__( ( always_inline ) ) ULONG __get_control_value(void)
 317:ThreadX/ports/cortex_m4/gnu/inc/tx_port.h **** {
 318:ThreadX/ports/cortex_m4/gnu/inc/tx_port.h **** ULONG  control_value;
 319:ThreadX/ports/cortex_m4/gnu/inc/tx_port.h **** 
 320:ThreadX/ports/cortex_m4/gnu/inc/tx_port.h ****     __asm volatile ("MRS control_value,CONTROL");
 321:ThreadX/ports/cortex_m4/gnu/inc/tx_port.h ****     return(control_value);
 322:ThreadX/ports/cortex_m4/gnu/inc/tx_port.h **** }
 323:ThreadX/ports/cortex_m4/gnu/inc/tx_port.h **** 
 324:ThreadX/ports/cortex_m4/gnu/inc/tx_port.h **** __attribute__( ( always_inline ) ) void __set_control_value(ULONG control_value)
 325:ThreadX/ports/cortex_m4/gnu/inc/tx_port.h **** {
 326:ThreadX/ports/cortex_m4/gnu/inc/tx_port.h ****     __asm__ volatile ("MSR CONTROL,control_value");
 327:ThreadX/ports/cortex_m4/gnu/inc/tx_port.h **** }
 328:ThreadX/ports/cortex_m4/gnu/inc/tx_port.h **** /* Can't access VFP registers with inline asm, so define this in tx_thread_schedule.  */
 329:ThreadX/ports/cortex_m4/gnu/inc/tx_port.h **** void _tx_vfp_access(void);
 330:ThreadX/ports/cortex_m4/gnu/inc/tx_port.h **** #define TX_VFP_TOUCH()  _tx_vfp_access();
 331:ThreadX/ports/cortex_m4/gnu/inc/tx_port.h **** 
 332:ThreadX/ports/cortex_m4/gnu/inc/tx_port.h **** #elif defined(__ICCARM__)  /* IAR */
 333:ThreadX/ports/cortex_m4/gnu/inc/tx_port.h **** #define TX_VFP_TOUCH()  __asm__ volatile ("VMOV.F32 s0, s0");
 334:ThreadX/ports/cortex_m4/gnu/inc/tx_port.h **** #endif  /* Helper functions for different compilers */
 335:ThreadX/ports/cortex_m4/gnu/inc/tx_port.h **** 
 336:ThreadX/ports/cortex_m4/gnu/inc/tx_port.h **** #endif  /* TX_MISRA_ENABLE */
 337:ThreadX/ports/cortex_m4/gnu/inc/tx_port.h **** 
 338:ThreadX/ports/cortex_m4/gnu/inc/tx_port.h **** 
 339:ThreadX/ports/cortex_m4/gnu/inc/tx_port.h **** /* A completed thread falls into _thread_shell_entry and we can simply deactivate the FPU via CONTR
ARM GAS  /tmp/ccRq4urM.s 			page 9


 340:ThreadX/ports/cortex_m4/gnu/inc/tx_port.h ****    in order to ensure no lazy stacking will occur. */
 341:ThreadX/ports/cortex_m4/gnu/inc/tx_port.h **** 
 342:ThreadX/ports/cortex_m4/gnu/inc/tx_port.h **** #ifndef TX_MISRA_ENABLE
 343:ThreadX/ports/cortex_m4/gnu/inc/tx_port.h **** 
 344:ThreadX/ports/cortex_m4/gnu/inc/tx_port.h **** #define TX_THREAD_COMPLETED_EXTENSION(thread_ptr)   {                                              
 345:ThreadX/ports/cortex_m4/gnu/inc/tx_port.h ****                                                     ULONG  _tx_vfp_state;                          
 346:ThreadX/ports/cortex_m4/gnu/inc/tx_port.h ****                                                         _tx_vfp_state =  __get_control_value();    
 347:ThreadX/ports/cortex_m4/gnu/inc/tx_port.h ****                                                         _tx_vfp_state =  _tx_vfp_state & ~((ULONG) 
 348:ThreadX/ports/cortex_m4/gnu/inc/tx_port.h ****                                                         __set_control_value(_tx_vfp_state);        
 349:ThreadX/ports/cortex_m4/gnu/inc/tx_port.h ****                                                     }
 350:ThreadX/ports/cortex_m4/gnu/inc/tx_port.h **** #else
 351:ThreadX/ports/cortex_m4/gnu/inc/tx_port.h **** 
 352:ThreadX/ports/cortex_m4/gnu/inc/tx_port.h **** #define TX_THREAD_COMPLETED_EXTENSION(thread_ptr)   {                                              
 353:ThreadX/ports/cortex_m4/gnu/inc/tx_port.h ****                                                     ULONG  _tx_vfp_state;                          
 354:ThreadX/ports/cortex_m4/gnu/inc/tx_port.h ****                                                         _tx_vfp_state =  _tx_misra_control_get();  
 355:ThreadX/ports/cortex_m4/gnu/inc/tx_port.h ****                                                         _tx_vfp_state =  _tx_vfp_state & ~((ULONG) 
 356:ThreadX/ports/cortex_m4/gnu/inc/tx_port.h ****                                                         _tx_misra_control_set(_tx_vfp_state);      
 357:ThreadX/ports/cortex_m4/gnu/inc/tx_port.h ****                                                     }
 358:ThreadX/ports/cortex_m4/gnu/inc/tx_port.h **** 
 359:ThreadX/ports/cortex_m4/gnu/inc/tx_port.h **** #endif
 360:ThreadX/ports/cortex_m4/gnu/inc/tx_port.h **** 
 361:ThreadX/ports/cortex_m4/gnu/inc/tx_port.h **** /* A thread can be terminated by another thread, so we first check if it's self-terminating and not
 362:ThreadX/ports/cortex_m4/gnu/inc/tx_port.h ****    If so, deactivate the FPU via CONTROL.FPCA. Otherwise we are in an interrupt or another thread i
 363:ThreadX/ports/cortex_m4/gnu/inc/tx_port.h ****    this one, so if the FPCCR.LSPACT bit is set, we need to save the CONTROL.FPCA state, touch the F
 364:ThreadX/ports/cortex_m4/gnu/inc/tx_port.h ****    the lazy FPU save, then restore the CONTROL.FPCA state. */
 365:ThreadX/ports/cortex_m4/gnu/inc/tx_port.h **** 
 366:ThreadX/ports/cortex_m4/gnu/inc/tx_port.h **** #ifndef TX_MISRA_ENABLE
 367:ThreadX/ports/cortex_m4/gnu/inc/tx_port.h **** 
 368:ThreadX/ports/cortex_m4/gnu/inc/tx_port.h **** #define TX_THREAD_TERMINATED_EXTENSION(thread_ptr)  {                                              
 369:ThreadX/ports/cortex_m4/gnu/inc/tx_port.h ****                                                     ULONG  _tx_system_state;                       
 370:ThreadX/ports/cortex_m4/gnu/inc/tx_port.h ****                                                         _tx_system_state =  TX_THREAD_GET_SYSTEM_ST
 371:ThreadX/ports/cortex_m4/gnu/inc/tx_port.h ****                                                         if ((_tx_system_state == ((ULONG) 0)) && ((
 372:ThreadX/ports/cortex_m4/gnu/inc/tx_port.h ****                                                         {                                          
 373:ThreadX/ports/cortex_m4/gnu/inc/tx_port.h ****                                                         ULONG  _tx_vfp_state;                      
 374:ThreadX/ports/cortex_m4/gnu/inc/tx_port.h ****                                                             _tx_vfp_state =  __get_control_value();
 375:ThreadX/ports/cortex_m4/gnu/inc/tx_port.h ****                                                             _tx_vfp_state =  _tx_vfp_state & ~((ULO
 376:ThreadX/ports/cortex_m4/gnu/inc/tx_port.h ****                                                             __set_control_value(_tx_vfp_state);    
 377:ThreadX/ports/cortex_m4/gnu/inc/tx_port.h ****                                                         }                                          
 378:ThreadX/ports/cortex_m4/gnu/inc/tx_port.h ****                                                         else                                       
 379:ThreadX/ports/cortex_m4/gnu/inc/tx_port.h ****                                                         {                                          
 380:ThreadX/ports/cortex_m4/gnu/inc/tx_port.h ****                                                         ULONG  _tx_fpccr;                          
 381:ThreadX/ports/cortex_m4/gnu/inc/tx_port.h ****                                                             _tx_fpccr =  *((ULONG *) 0xE000EF34);  
 382:ThreadX/ports/cortex_m4/gnu/inc/tx_port.h ****                                                             _tx_fpccr =  _tx_fpccr & ((ULONG) 0x01)
 383:ThreadX/ports/cortex_m4/gnu/inc/tx_port.h ****                                                             if (_tx_fpccr == ((ULONG) 0x01))       
 384:ThreadX/ports/cortex_m4/gnu/inc/tx_port.h ****                                                             {                                      
 385:ThreadX/ports/cortex_m4/gnu/inc/tx_port.h ****                                                             ULONG _tx_vfp_state;                   
 386:ThreadX/ports/cortex_m4/gnu/inc/tx_port.h ****                                                                 _tx_vfp_state = __get_control_value
 387:ThreadX/ports/cortex_m4/gnu/inc/tx_port.h ****                                                                 _tx_vfp_state =  _tx_vfp_state & ((
 388:ThreadX/ports/cortex_m4/gnu/inc/tx_port.h ****                                                                 TX_VFP_TOUCH();                    
 389:ThreadX/ports/cortex_m4/gnu/inc/tx_port.h ****                                                                 if (_tx_vfp_state == ((ULONG) 0))  
 390:ThreadX/ports/cortex_m4/gnu/inc/tx_port.h ****                                                                 {                                  
 391:ThreadX/ports/cortex_m4/gnu/inc/tx_port.h ****                                                                     _tx_vfp_state =  __get_control_
 392:ThreadX/ports/cortex_m4/gnu/inc/tx_port.h ****                                                                     _tx_vfp_state =  _tx_vfp_state 
 393:ThreadX/ports/cortex_m4/gnu/inc/tx_port.h ****                                                                     __set_control_value(_tx_vfp_sta
 394:ThreadX/ports/cortex_m4/gnu/inc/tx_port.h ****                                                                 }                                  
 395:ThreadX/ports/cortex_m4/gnu/inc/tx_port.h ****                                                             }                                      
 396:ThreadX/ports/cortex_m4/gnu/inc/tx_port.h ****                                                         }                                          
ARM GAS  /tmp/ccRq4urM.s 			page 10


 397:ThreadX/ports/cortex_m4/gnu/inc/tx_port.h ****                                                     }
 398:ThreadX/ports/cortex_m4/gnu/inc/tx_port.h **** #else
 399:ThreadX/ports/cortex_m4/gnu/inc/tx_port.h **** 
 400:ThreadX/ports/cortex_m4/gnu/inc/tx_port.h **** #define TX_THREAD_TERMINATED_EXTENSION(thread_ptr)  {                                              
 401:ThreadX/ports/cortex_m4/gnu/inc/tx_port.h ****                                                     ULONG  _tx_system_state;                       
 402:ThreadX/ports/cortex_m4/gnu/inc/tx_port.h ****                                                         _tx_system_state =  TX_THREAD_GET_SYSTEM_ST
 403:ThreadX/ports/cortex_m4/gnu/inc/tx_port.h ****                                                         if ((_tx_system_state == ((ULONG) 0)) && ((
 404:ThreadX/ports/cortex_m4/gnu/inc/tx_port.h ****                                                         {                                          
 405:ThreadX/ports/cortex_m4/gnu/inc/tx_port.h ****                                                         ULONG  _tx_vfp_state;                      
 406:ThreadX/ports/cortex_m4/gnu/inc/tx_port.h ****                                                             _tx_vfp_state =  _tx_misra_control_get(
 407:ThreadX/ports/cortex_m4/gnu/inc/tx_port.h ****                                                             _tx_vfp_state =  _tx_vfp_state & ~((ULO
 408:ThreadX/ports/cortex_m4/gnu/inc/tx_port.h ****                                                             _tx_misra_control_set(_tx_vfp_state);  
 409:ThreadX/ports/cortex_m4/gnu/inc/tx_port.h ****                                                         }                                          
 410:ThreadX/ports/cortex_m4/gnu/inc/tx_port.h ****                                                         else                                       
 411:ThreadX/ports/cortex_m4/gnu/inc/tx_port.h ****                                                         {                                          
 412:ThreadX/ports/cortex_m4/gnu/inc/tx_port.h ****                                                         ULONG  _tx_fpccr;                          
 413:ThreadX/ports/cortex_m4/gnu/inc/tx_port.h ****                                                             _tx_fpccr =  _tx_misra_fpccr_get();    
 414:ThreadX/ports/cortex_m4/gnu/inc/tx_port.h ****                                                             _tx_fpccr =  _tx_fpccr & ((ULONG) 0x01)
 415:ThreadX/ports/cortex_m4/gnu/inc/tx_port.h ****                                                             if (_tx_fpccr == ((ULONG) 0x01))       
 416:ThreadX/ports/cortex_m4/gnu/inc/tx_port.h ****                                                             {                                      
 417:ThreadX/ports/cortex_m4/gnu/inc/tx_port.h ****                                                             ULONG _tx_vfp_state;                   
 418:ThreadX/ports/cortex_m4/gnu/inc/tx_port.h ****                                                                 _tx_vfp_state = _tx_misra_control_g
 419:ThreadX/ports/cortex_m4/gnu/inc/tx_port.h ****                                                                 _tx_vfp_state =  _tx_vfp_state & ((
 420:ThreadX/ports/cortex_m4/gnu/inc/tx_port.h ****                                                                 _tx_misra_vfp_touch();             
 421:ThreadX/ports/cortex_m4/gnu/inc/tx_port.h ****                                                                 if (_tx_vfp_state == ((ULONG) 0))  
 422:ThreadX/ports/cortex_m4/gnu/inc/tx_port.h ****                                                                 {                                  
 423:ThreadX/ports/cortex_m4/gnu/inc/tx_port.h ****                                                                     _tx_vfp_state =  _tx_misra_cont
 424:ThreadX/ports/cortex_m4/gnu/inc/tx_port.h ****                                                                     _tx_vfp_state =  _tx_vfp_state 
 425:ThreadX/ports/cortex_m4/gnu/inc/tx_port.h ****                                                                     _tx_misra_control_set(_tx_vfp_s
 426:ThreadX/ports/cortex_m4/gnu/inc/tx_port.h ****                                                                 }                                  
 427:ThreadX/ports/cortex_m4/gnu/inc/tx_port.h ****                                                             }                                      
 428:ThreadX/ports/cortex_m4/gnu/inc/tx_port.h ****                                                         }                                          
 429:ThreadX/ports/cortex_m4/gnu/inc/tx_port.h ****                                                     }
 430:ThreadX/ports/cortex_m4/gnu/inc/tx_port.h **** #endif
 431:ThreadX/ports/cortex_m4/gnu/inc/tx_port.h **** 
 432:ThreadX/ports/cortex_m4/gnu/inc/tx_port.h **** #else   /* No VFP in use */
 433:ThreadX/ports/cortex_m4/gnu/inc/tx_port.h **** 
 434:ThreadX/ports/cortex_m4/gnu/inc/tx_port.h **** #define TX_THREAD_COMPLETED_EXTENSION(thread_ptr)
 435:ThreadX/ports/cortex_m4/gnu/inc/tx_port.h **** #define TX_THREAD_TERMINATED_EXTENSION(thread_ptr)
 436:ThreadX/ports/cortex_m4/gnu/inc/tx_port.h **** 
 437:ThreadX/ports/cortex_m4/gnu/inc/tx_port.h **** #endif  /* defined(__ARMVFP__) || defined(__ARM_PCS_VFP) || defined(__ARM_FP) || defined(__TARGET_F
 438:ThreadX/ports/cortex_m4/gnu/inc/tx_port.h **** 
 439:ThreadX/ports/cortex_m4/gnu/inc/tx_port.h **** 
 440:ThreadX/ports/cortex_m4/gnu/inc/tx_port.h **** /* Define the ThreadX object creation extensions for the remaining objects.  */
 441:ThreadX/ports/cortex_m4/gnu/inc/tx_port.h **** 
 442:ThreadX/ports/cortex_m4/gnu/inc/tx_port.h **** #define TX_BLOCK_POOL_CREATE_EXTENSION(pool_ptr)
 443:ThreadX/ports/cortex_m4/gnu/inc/tx_port.h **** #define TX_BYTE_POOL_CREATE_EXTENSION(pool_ptr)
 444:ThreadX/ports/cortex_m4/gnu/inc/tx_port.h **** #define TX_EVENT_FLAGS_GROUP_CREATE_EXTENSION(group_ptr)
 445:ThreadX/ports/cortex_m4/gnu/inc/tx_port.h **** #define TX_MUTEX_CREATE_EXTENSION(mutex_ptr)
 446:ThreadX/ports/cortex_m4/gnu/inc/tx_port.h **** #define TX_QUEUE_CREATE_EXTENSION(queue_ptr)
 447:ThreadX/ports/cortex_m4/gnu/inc/tx_port.h **** #define TX_SEMAPHORE_CREATE_EXTENSION(semaphore_ptr)
 448:ThreadX/ports/cortex_m4/gnu/inc/tx_port.h **** #define TX_TIMER_CREATE_EXTENSION(timer_ptr)
 449:ThreadX/ports/cortex_m4/gnu/inc/tx_port.h **** 
 450:ThreadX/ports/cortex_m4/gnu/inc/tx_port.h **** 
 451:ThreadX/ports/cortex_m4/gnu/inc/tx_port.h **** /* Define the ThreadX object deletion extensions for the remaining objects.  */
 452:ThreadX/ports/cortex_m4/gnu/inc/tx_port.h **** 
 453:ThreadX/ports/cortex_m4/gnu/inc/tx_port.h **** #define TX_BLOCK_POOL_DELETE_EXTENSION(pool_ptr)
ARM GAS  /tmp/ccRq4urM.s 			page 11


 454:ThreadX/ports/cortex_m4/gnu/inc/tx_port.h **** #define TX_BYTE_POOL_DELETE_EXTENSION(pool_ptr)
 455:ThreadX/ports/cortex_m4/gnu/inc/tx_port.h **** #define TX_EVENT_FLAGS_GROUP_DELETE_EXTENSION(group_ptr)
 456:ThreadX/ports/cortex_m4/gnu/inc/tx_port.h **** #define TX_MUTEX_DELETE_EXTENSION(mutex_ptr)
 457:ThreadX/ports/cortex_m4/gnu/inc/tx_port.h **** #define TX_QUEUE_DELETE_EXTENSION(queue_ptr)
 458:ThreadX/ports/cortex_m4/gnu/inc/tx_port.h **** #define TX_SEMAPHORE_DELETE_EXTENSION(semaphore_ptr)
 459:ThreadX/ports/cortex_m4/gnu/inc/tx_port.h **** #define TX_TIMER_DELETE_EXTENSION(timer_ptr)
 460:ThreadX/ports/cortex_m4/gnu/inc/tx_port.h **** 
 461:ThreadX/ports/cortex_m4/gnu/inc/tx_port.h **** 
 462:ThreadX/ports/cortex_m4/gnu/inc/tx_port.h **** /* Define the get system state macro.  */
 463:ThreadX/ports/cortex_m4/gnu/inc/tx_port.h **** 
 464:ThreadX/ports/cortex_m4/gnu/inc/tx_port.h **** #ifndef TX_THREAD_GET_SYSTEM_STATE
 465:ThreadX/ports/cortex_m4/gnu/inc/tx_port.h **** #ifndef TX_MISRA_ENABLE
 466:ThreadX/ports/cortex_m4/gnu/inc/tx_port.h **** 
 467:ThreadX/ports/cortex_m4/gnu/inc/tx_port.h **** #ifdef __CC_ARM /* ARM Compiler 5 */
 468:ThreadX/ports/cortex_m4/gnu/inc/tx_port.h **** 
 469:ThreadX/ports/cortex_m4/gnu/inc/tx_port.h **** register unsigned int _ipsr __asm("ipsr");
 470:ThreadX/ports/cortex_m4/gnu/inc/tx_port.h **** #define TX_THREAD_GET_SYSTEM_STATE()        (_tx_thread_system_state | _ipsr)
 471:ThreadX/ports/cortex_m4/gnu/inc/tx_port.h **** 
 472:ThreadX/ports/cortex_m4/gnu/inc/tx_port.h **** #elif defined(__GNUC__) /* GCC and ARM Compiler 6 */
 473:ThreadX/ports/cortex_m4/gnu/inc/tx_port.h **** 
 474:ThreadX/ports/cortex_m4/gnu/inc/tx_port.h **** __attribute__( ( always_inline ) ) static inline unsigned int __get_ipsr_value(void)
 475:ThreadX/ports/cortex_m4/gnu/inc/tx_port.h **** {
 476:ThreadX/ports/cortex_m4/gnu/inc/tx_port.h **** unsigned int  ipsr_value;
 477:ThreadX/ports/cortex_m4/gnu/inc/tx_port.h ****     __asm__ volatile (" MRS  %0,IPSR ": "=r" (ipsr_value) );
 478:ThreadX/ports/cortex_m4/gnu/inc/tx_port.h ****     return(ipsr_value);
 479:ThreadX/ports/cortex_m4/gnu/inc/tx_port.h **** }
 480:ThreadX/ports/cortex_m4/gnu/inc/tx_port.h **** 
 481:ThreadX/ports/cortex_m4/gnu/inc/tx_port.h **** #define TX_THREAD_GET_SYSTEM_STATE()        (_tx_thread_system_state | __get_ipsr_value())
 482:ThreadX/ports/cortex_m4/gnu/inc/tx_port.h **** 
 483:ThreadX/ports/cortex_m4/gnu/inc/tx_port.h **** #elif defined(__ICCARM__)   /* IAR */
 484:ThreadX/ports/cortex_m4/gnu/inc/tx_port.h **** 
 485:ThreadX/ports/cortex_m4/gnu/inc/tx_port.h **** #define TX_THREAD_GET_SYSTEM_STATE()        (_tx_thread_system_state | __get_IPSR())
 486:ThreadX/ports/cortex_m4/gnu/inc/tx_port.h **** 
 487:ThreadX/ports/cortex_m4/gnu/inc/tx_port.h **** #endif  /* TX_THREAD_GET_SYSTEM_STATE for different compilers */
 488:ThreadX/ports/cortex_m4/gnu/inc/tx_port.h **** 
 489:ThreadX/ports/cortex_m4/gnu/inc/tx_port.h **** #else   /* TX_MISRA_ENABLE is defined, use MISRA function. */
 490:ThreadX/ports/cortex_m4/gnu/inc/tx_port.h **** ULONG   _tx_misra_ipsr_get(VOID);
 491:ThreadX/ports/cortex_m4/gnu/inc/tx_port.h **** #define TX_THREAD_GET_SYSTEM_STATE()        (_tx_thread_system_state | _tx_misra_ipsr_get())
 492:ThreadX/ports/cortex_m4/gnu/inc/tx_port.h **** #endif  /* TX_MISRA_ENABLE */
 493:ThreadX/ports/cortex_m4/gnu/inc/tx_port.h **** #endif  /* TX_THREAD_GET_SYSTEM_STATE */
 494:ThreadX/ports/cortex_m4/gnu/inc/tx_port.h **** 
 495:ThreadX/ports/cortex_m4/gnu/inc/tx_port.h **** 
 496:ThreadX/ports/cortex_m4/gnu/inc/tx_port.h **** /* Define the check for whether or not to call the _tx_thread_system_return function.  A non-zero v
 497:ThreadX/ports/cortex_m4/gnu/inc/tx_port.h ****    indicates that _tx_thread_system_return should not be called. This overrides the definition in t
 498:ThreadX/ports/cortex_m4/gnu/inc/tx_port.h ****    for Cortex-M since so we don't waste time checking the _tx_thread_system_state variable that is 
 499:ThreadX/ports/cortex_m4/gnu/inc/tx_port.h ****    zero after initialization for Cortex-M ports. */
 500:ThreadX/ports/cortex_m4/gnu/inc/tx_port.h **** 
 501:ThreadX/ports/cortex_m4/gnu/inc/tx_port.h **** #ifndef TX_THREAD_SYSTEM_RETURN_CHECK
 502:ThreadX/ports/cortex_m4/gnu/inc/tx_port.h **** #define TX_THREAD_SYSTEM_RETURN_CHECK(c)    (c) = ((ULONG) _tx_thread_preempt_disable);
 503:ThreadX/ports/cortex_m4/gnu/inc/tx_port.h **** #endif
 504:ThreadX/ports/cortex_m4/gnu/inc/tx_port.h **** 
 505:ThreadX/ports/cortex_m4/gnu/inc/tx_port.h **** /* Define the macro to ensure _tx_thread_preempt_disable is set early in initialization in order to
 506:ThreadX/ports/cortex_m4/gnu/inc/tx_port.h ****    prevent early scheduling on Cortex-M parts.  */
 507:ThreadX/ports/cortex_m4/gnu/inc/tx_port.h **** 
 508:ThreadX/ports/cortex_m4/gnu/inc/tx_port.h **** #define TX_PORT_SPECIFIC_POST_INITIALIZATION    _tx_thread_preempt_disable++;
 509:ThreadX/ports/cortex_m4/gnu/inc/tx_port.h **** 
 510:ThreadX/ports/cortex_m4/gnu/inc/tx_port.h **** 
ARM GAS  /tmp/ccRq4urM.s 			page 12


 511:ThreadX/ports/cortex_m4/gnu/inc/tx_port.h **** 
 512:ThreadX/ports/cortex_m4/gnu/inc/tx_port.h **** 
 513:ThreadX/ports/cortex_m4/gnu/inc/tx_port.h **** #ifndef TX_DISABLE_INLINE
 514:ThreadX/ports/cortex_m4/gnu/inc/tx_port.h **** 
 515:ThreadX/ports/cortex_m4/gnu/inc/tx_port.h **** /* Define the TX_LOWEST_SET_BIT_CALCULATE macro for each compiler. */
 516:ThreadX/ports/cortex_m4/gnu/inc/tx_port.h **** #ifdef __ICCARM__       /* IAR Compiler */
 517:ThreadX/ports/cortex_m4/gnu/inc/tx_port.h **** #define TX_LOWEST_SET_BIT_CALCULATE(m, b)       (b) = (UINT) __CLZ(__RBIT((m)));
 518:ThreadX/ports/cortex_m4/gnu/inc/tx_port.h **** #elif defined(__CC_ARM) /* AC5 Compiler */
 519:ThreadX/ports/cortex_m4/gnu/inc/tx_port.h **** #define TX_LOWEST_SET_BIT_CALCULATE(m, b)       (b) = (UINT) __clz(__rbit((m)));
 520:ThreadX/ports/cortex_m4/gnu/inc/tx_port.h **** #elif defined(__GNUC__) /* GCC and AC6 Compiler */
 521:ThreadX/ports/cortex_m4/gnu/inc/tx_port.h **** #define TX_LOWEST_SET_BIT_CALCULATE(m, b)       __asm__ volatile (" RBIT %0,%1 ": "=r" (m) : "r" (m
 522:ThreadX/ports/cortex_m4/gnu/inc/tx_port.h ****                                                 __asm__ volatile (" CLZ  %0,%1 ": "=r" (b) : "r" (m
 523:ThreadX/ports/cortex_m4/gnu/inc/tx_port.h **** #endif
 524:ThreadX/ports/cortex_m4/gnu/inc/tx_port.h **** 
 525:ThreadX/ports/cortex_m4/gnu/inc/tx_port.h **** 
 526:ThreadX/ports/cortex_m4/gnu/inc/tx_port.h **** 
 527:ThreadX/ports/cortex_m4/gnu/inc/tx_port.h **** /* Define the interrupt disable/restore macros for each compiler. */
 528:ThreadX/ports/cortex_m4/gnu/inc/tx_port.h **** 
 529:ThreadX/ports/cortex_m4/gnu/inc/tx_port.h **** #if defined(__GNUC__) || defined(__ICCARM__)
 530:ThreadX/ports/cortex_m4/gnu/inc/tx_port.h **** 
 531:ThreadX/ports/cortex_m4/gnu/inc/tx_port.h **** /*** GCC/AC6 and IAR ***/
 532:ThreadX/ports/cortex_m4/gnu/inc/tx_port.h **** 
 533:ThreadX/ports/cortex_m4/gnu/inc/tx_port.h **** __attribute__( ( always_inline ) ) static inline unsigned int __get_interrupt_posture(void)
 534:ThreadX/ports/cortex_m4/gnu/inc/tx_port.h **** {
 535:ThreadX/ports/cortex_m4/gnu/inc/tx_port.h **** unsigned int posture;
 536:ThreadX/ports/cortex_m4/gnu/inc/tx_port.h **** #ifdef TX_PORT_USE_BASEPRI
 537:ThreadX/ports/cortex_m4/gnu/inc/tx_port.h ****     __asm__ volatile ("MRS  %0, BASEPRI ": "=r" (posture));
 538:ThreadX/ports/cortex_m4/gnu/inc/tx_port.h **** #else
 539:ThreadX/ports/cortex_m4/gnu/inc/tx_port.h ****     __asm__ volatile ("MRS  %0, PRIMASK ": "=r" (posture));
  43              		.loc 2 539 0
  44              		.syntax unified
  45              	@ 539 "ThreadX/ports/cortex_m4/gnu/inc/tx_port.h" 1
  46 0002 EFF31084 		MRS  r4, PRIMASK 
  47              	@ 0 "" 2
  48              		.thumb
  49              		.syntax unified
  50              	.LBE15:
  51              	.LBE14:
 540:ThreadX/ports/cortex_m4/gnu/inc/tx_port.h **** #endif
 541:ThreadX/ports/cortex_m4/gnu/inc/tx_port.h ****     return(posture);
 542:ThreadX/ports/cortex_m4/gnu/inc/tx_port.h **** }
 543:ThreadX/ports/cortex_m4/gnu/inc/tx_port.h **** 
 544:ThreadX/ports/cortex_m4/gnu/inc/tx_port.h **** #ifdef TX_PORT_USE_BASEPRI
 545:ThreadX/ports/cortex_m4/gnu/inc/tx_port.h **** __attribute__( ( always_inline ) ) static inline void __set_basepri_value(unsigned int basepri_valu
 546:ThreadX/ports/cortex_m4/gnu/inc/tx_port.h **** {
 547:ThreadX/ports/cortex_m4/gnu/inc/tx_port.h ****     __asm__ volatile ("MSR  BASEPRI,%0 ": : "r" (basepri_value));
 548:ThreadX/ports/cortex_m4/gnu/inc/tx_port.h **** }
 549:ThreadX/ports/cortex_m4/gnu/inc/tx_port.h **** #else
 550:ThreadX/ports/cortex_m4/gnu/inc/tx_port.h **** __attribute__( ( always_inline ) ) static inline void __enable_interrupts(void)
 551:ThreadX/ports/cortex_m4/gnu/inc/tx_port.h **** {
 552:ThreadX/ports/cortex_m4/gnu/inc/tx_port.h ****     __asm__ volatile ("CPSIE  i": : : "memory");
 553:ThreadX/ports/cortex_m4/gnu/inc/tx_port.h **** }
 554:ThreadX/ports/cortex_m4/gnu/inc/tx_port.h **** #endif
 555:ThreadX/ports/cortex_m4/gnu/inc/tx_port.h **** 
 556:ThreadX/ports/cortex_m4/gnu/inc/tx_port.h **** __attribute__( ( always_inline ) ) static inline void __restore_interrupt(unsigned int int_posture)
 557:ThreadX/ports/cortex_m4/gnu/inc/tx_port.h **** {
 558:ThreadX/ports/cortex_m4/gnu/inc/tx_port.h **** #ifdef TX_PORT_USE_BASEPRI
ARM GAS  /tmp/ccRq4urM.s 			page 13


 559:ThreadX/ports/cortex_m4/gnu/inc/tx_port.h ****     __set_basepri_value(int_posture);
 560:ThreadX/ports/cortex_m4/gnu/inc/tx_port.h ****     //__asm__ volatile ("MSR  BASEPRI,%0": : "r" (int_posture): "memory");
 561:ThreadX/ports/cortex_m4/gnu/inc/tx_port.h **** #else
 562:ThreadX/ports/cortex_m4/gnu/inc/tx_port.h ****     __asm__ volatile ("MSR  PRIMASK,%0": : "r" (int_posture): "memory");
 563:ThreadX/ports/cortex_m4/gnu/inc/tx_port.h **** #endif
 564:ThreadX/ports/cortex_m4/gnu/inc/tx_port.h **** }
 565:ThreadX/ports/cortex_m4/gnu/inc/tx_port.h **** 
 566:ThreadX/ports/cortex_m4/gnu/inc/tx_port.h **** __attribute__( ( always_inline ) ) static inline unsigned int __disable_interrupts(void)
 567:ThreadX/ports/cortex_m4/gnu/inc/tx_port.h **** {
 568:ThreadX/ports/cortex_m4/gnu/inc/tx_port.h **** unsigned int int_posture;
 569:ThreadX/ports/cortex_m4/gnu/inc/tx_port.h **** 
 570:ThreadX/ports/cortex_m4/gnu/inc/tx_port.h ****     int_posture = __get_interrupt_posture();
 571:ThreadX/ports/cortex_m4/gnu/inc/tx_port.h **** 
 572:ThreadX/ports/cortex_m4/gnu/inc/tx_port.h **** #ifdef TX_PORT_USE_BASEPRI
 573:ThreadX/ports/cortex_m4/gnu/inc/tx_port.h ****     __set_basepri_value(TX_PORT_BASEPRI);
 574:ThreadX/ports/cortex_m4/gnu/inc/tx_port.h **** #else
 575:ThreadX/ports/cortex_m4/gnu/inc/tx_port.h ****     __asm__ volatile ("CPSID i" : : : "memory");
  52              		.loc 2 575 0
  53              		.syntax unified
  54              	@ 575 "ThreadX/ports/cortex_m4/gnu/inc/tx_port.h" 1
  55 0006 72B6     		CPSID i
  56              	@ 0 "" 2
  57              	.LVL1:
  58              		.thumb
  59              		.syntax unified
  60              	.LBE13:
  61              	.LBE12:
  77:ThreadX/common/src/tx_block_release.c **** 
  78:ThreadX/common/src/tx_block_release.c **** TX_INTERRUPT_SAVE_AREA
  79:ThreadX/common/src/tx_block_release.c **** 
  80:ThreadX/common/src/tx_block_release.c **** TX_BLOCK_POOL       *pool_ptr;
  81:ThreadX/common/src/tx_block_release.c **** TX_THREAD           *thread_ptr;
  82:ThreadX/common/src/tx_block_release.c **** UCHAR               *work_ptr;
  83:ThreadX/common/src/tx_block_release.c **** UCHAR               **return_block_ptr;
  84:ThreadX/common/src/tx_block_release.c **** UCHAR               **next_block_ptr;
  85:ThreadX/common/src/tx_block_release.c **** UINT                suspended_count;
  86:ThreadX/common/src/tx_block_release.c **** TX_THREAD           *next_thread;
  87:ThreadX/common/src/tx_block_release.c **** TX_THREAD           *previous_thread;
  88:ThreadX/common/src/tx_block_release.c **** 
  89:ThreadX/common/src/tx_block_release.c **** 
  90:ThreadX/common/src/tx_block_release.c ****     /* Disable interrupts to put this block back in the pool.  */
  91:ThreadX/common/src/tx_block_release.c ****     TX_DISABLE
  92:ThreadX/common/src/tx_block_release.c **** 
  93:ThreadX/common/src/tx_block_release.c ****     /* Pickup the pool pointer which is just previous to the starting
  94:ThreadX/common/src/tx_block_release.c ****        address of the block that the caller sees.  */
  95:ThreadX/common/src/tx_block_release.c ****     work_ptr =        TX_VOID_TO_UCHAR_POINTER_CONVERT(block_ptr);
  96:ThreadX/common/src/tx_block_release.c ****     work_ptr =        TX_UCHAR_POINTER_SUB(work_ptr, (sizeof(UCHAR *)));
  97:ThreadX/common/src/tx_block_release.c ****     next_block_ptr =  TX_UCHAR_TO_INDIRECT_UCHAR_POINTER_CONVERT(work_ptr);
  98:ThreadX/common/src/tx_block_release.c ****     pool_ptr =        TX_UCHAR_TO_BLOCK_POOL_POINTER_CONVERT((*next_block_ptr));
  62              		.loc 1 98 0
  63 0008 50F8042C 		ldr	r2, [r0, #-4]
  64              	.LVL2:
  99:ThreadX/common/src/tx_block_release.c **** 
 100:ThreadX/common/src/tx_block_release.c **** #ifdef TX_BLOCK_POOL_ENABLE_PERFORMANCE_INFO
 101:ThreadX/common/src/tx_block_release.c **** 
 102:ThreadX/common/src/tx_block_release.c ****     /* Increment the total releases counter.  */
 103:ThreadX/common/src/tx_block_release.c ****     _tx_block_pool_performance_release_count++;
ARM GAS  /tmp/ccRq4urM.s 			page 14


 104:ThreadX/common/src/tx_block_release.c **** 
 105:ThreadX/common/src/tx_block_release.c ****     /* Increment the number of releases on this pool.  */
 106:ThreadX/common/src/tx_block_release.c ****     pool_ptr -> tx_block_pool_performance_release_count++;
 107:ThreadX/common/src/tx_block_release.c **** #endif
 108:ThreadX/common/src/tx_block_release.c **** 
 109:ThreadX/common/src/tx_block_release.c ****     /* If trace is enabled, insert this event into the trace buffer.  */
 110:ThreadX/common/src/tx_block_release.c ****     TX_TRACE_IN_LINE_INSERT(TX_TRACE_BLOCK_RELEASE, pool_ptr, TX_POINTER_TO_ULONG_CONVERT(block_ptr
 111:ThreadX/common/src/tx_block_release.c **** 
 112:ThreadX/common/src/tx_block_release.c ****     /* Log this kernel call.  */
 113:ThreadX/common/src/tx_block_release.c ****     TX_EL_BLOCK_RELEASE_INSERT
 114:ThreadX/common/src/tx_block_release.c **** 
 115:ThreadX/common/src/tx_block_release.c ****     /* Determine if there are any threads suspended on the block pool.  */
 116:ThreadX/common/src/tx_block_release.c ****     thread_ptr =  pool_ptr -> tx_block_pool_suspension_list;
  65              		.loc 1 116 0
  66 000c 136A     		ldr	r3, [r2, #32]
  67              	.LVL3:
 117:ThreadX/common/src/tx_block_release.c ****     if (thread_ptr != TX_NULL)
  68              		.loc 1 117 0
  69 000e DBB1     		cbz	r3, .L2
 118:ThreadX/common/src/tx_block_release.c ****     {
 119:ThreadX/common/src/tx_block_release.c **** 
 120:ThreadX/common/src/tx_block_release.c ****         /* Remove the suspended thread from the list.  */
 121:ThreadX/common/src/tx_block_release.c **** 
 122:ThreadX/common/src/tx_block_release.c ****         /* Decrement the number of threads suspended.  */
 123:ThreadX/common/src/tx_block_release.c ****         (pool_ptr -> tx_block_pool_suspended_count)--;
  70              		.loc 1 123 0
  71 0010 516A     		ldr	r1, [r2, #36]
  72 0012 0139     		subs	r1, r1, #1
  73 0014 5162     		str	r1, [r2, #36]
  74              	.LVL4:
 124:ThreadX/common/src/tx_block_release.c **** 
 125:ThreadX/common/src/tx_block_release.c ****         /* Pickup the suspended count.  */
 126:ThreadX/common/src/tx_block_release.c ****         suspended_count =  (pool_ptr -> tx_block_pool_suspended_count);
 127:ThreadX/common/src/tx_block_release.c **** 
 128:ThreadX/common/src/tx_block_release.c ****         /* See if this is the only suspended thread on the list.  */
 129:ThreadX/common/src/tx_block_release.c ****         if (suspended_count == TX_NO_SUSPENSIONS)
  75              		.loc 1 129 0
  76 0016 89B9     		cbnz	r1, .L3
 130:ThreadX/common/src/tx_block_release.c ****         {
 131:ThreadX/common/src/tx_block_release.c **** 
 132:ThreadX/common/src/tx_block_release.c ****             /* Yes, the only suspended thread.  */
 133:ThreadX/common/src/tx_block_release.c **** 
 134:ThreadX/common/src/tx_block_release.c ****             /* Update the head pointer.  */
 135:ThreadX/common/src/tx_block_release.c ****             pool_ptr -> tx_block_pool_suspension_list =  TX_NULL;
  77              		.loc 1 135 0
  78 0018 1162     		str	r1, [r2, #32]
  79              	.LVL5:
  80              	.L4:
 136:ThreadX/common/src/tx_block_release.c ****         }
 137:ThreadX/common/src/tx_block_release.c ****         else
 138:ThreadX/common/src/tx_block_release.c ****         {
 139:ThreadX/common/src/tx_block_release.c **** 
 140:ThreadX/common/src/tx_block_release.c ****             /* At least one more thread is on the same expiration list.  */
 141:ThreadX/common/src/tx_block_release.c **** 
 142:ThreadX/common/src/tx_block_release.c ****             /* Update the list head pointer.  */
 143:ThreadX/common/src/tx_block_release.c ****             next_thread =                                thread_ptr -> tx_thread_suspended_next;
 144:ThreadX/common/src/tx_block_release.c ****             pool_ptr -> tx_block_pool_suspension_list =  next_thread;
ARM GAS  /tmp/ccRq4urM.s 			page 15


 145:ThreadX/common/src/tx_block_release.c **** 
 146:ThreadX/common/src/tx_block_release.c ****             /* Update the links of the adjacent threads.  */
 147:ThreadX/common/src/tx_block_release.c ****             previous_thread =                              thread_ptr -> tx_thread_suspended_previo
 148:ThreadX/common/src/tx_block_release.c ****             next_thread -> tx_thread_suspended_previous =  previous_thread;
 149:ThreadX/common/src/tx_block_release.c ****             previous_thread -> tx_thread_suspended_next =  next_thread;
 150:ThreadX/common/src/tx_block_release.c ****         }
 151:ThreadX/common/src/tx_block_release.c **** 
 152:ThreadX/common/src/tx_block_release.c ****         /* Prepare for resumption of the first thread.  */
 153:ThreadX/common/src/tx_block_release.c **** 
 154:ThreadX/common/src/tx_block_release.c ****         /* Clear cleanup routine to avoid timeout.  */
 155:ThreadX/common/src/tx_block_release.c ****         thread_ptr -> tx_thread_suspend_cleanup =  TX_NULL;
  81              		.loc 1 155 0
  82 001a 0022     		movs	r2, #0
  83 001c 9A66     		str	r2, [r3, #104]
 156:ThreadX/common/src/tx_block_release.c **** 
 157:ThreadX/common/src/tx_block_release.c ****         /* Return this block pointer to the suspended thread waiting for
 158:ThreadX/common/src/tx_block_release.c ****            a block.  */
 159:ThreadX/common/src/tx_block_release.c ****         return_block_ptr =  TX_VOID_TO_INDIRECT_UCHAR_POINTER_CONVERT(thread_ptr -> tx_thread_addit
  84              		.loc 1 159 0
  85 001e D96F     		ldr	r1, [r3, #124]
  86              	.LVL6:
 160:ThreadX/common/src/tx_block_release.c ****         work_ptr =          TX_VOID_TO_UCHAR_POINTER_CONVERT(block_ptr);
 161:ThreadX/common/src/tx_block_release.c ****         *return_block_ptr =  work_ptr;
  87              		.loc 1 161 0
  88 0020 0860     		str	r0, [r1]
 162:ThreadX/common/src/tx_block_release.c **** 
 163:ThreadX/common/src/tx_block_release.c ****         /* Put return status into the thread control block.  */
 164:ThreadX/common/src/tx_block_release.c ****         thread_ptr -> tx_thread_suspend_status =  TX_SUCCESS;
  89              		.loc 1 164 0
  90 0022 C3F88420 		str	r2, [r3, #132]
 165:ThreadX/common/src/tx_block_release.c **** 
 166:ThreadX/common/src/tx_block_release.c **** #ifdef TX_NOT_INTERRUPTABLE
 167:ThreadX/common/src/tx_block_release.c **** 
 168:ThreadX/common/src/tx_block_release.c ****         /* Resume the thread!  */
 169:ThreadX/common/src/tx_block_release.c ****         _tx_thread_system_ni_resume(thread_ptr);
 170:ThreadX/common/src/tx_block_release.c **** 
 171:ThreadX/common/src/tx_block_release.c ****         /* Restore interrupts.  */
 172:ThreadX/common/src/tx_block_release.c ****         TX_RESTORE
 173:ThreadX/common/src/tx_block_release.c **** #else
 174:ThreadX/common/src/tx_block_release.c **** 
 175:ThreadX/common/src/tx_block_release.c ****         /* Temporarily disable preemption.  */
 176:ThreadX/common/src/tx_block_release.c ****         _tx_thread_preempt_disable++;
  91              		.loc 1 176 0
  92 0026 0E49     		ldr	r1, .L7
  93              	.LVL7:
  94 0028 0A68     		ldr	r2, [r1]
  95 002a 0132     		adds	r2, r2, #1
  96 002c 0A60     		str	r2, [r1]
  97              	.LVL8:
  98              	.LBB16:
  99              	.LBB17:
 562:ThreadX/ports/cortex_m4/gnu/inc/tx_port.h **** #endif
 100              		.loc 2 562 0
 101              		.syntax unified
 102              	@ 562 "ThreadX/ports/cortex_m4/gnu/inc/tx_port.h" 1
 103 002e 84F31088 		MSR  PRIMASK,r4
 104              	@ 0 "" 2
ARM GAS  /tmp/ccRq4urM.s 			page 16


 105              	.LVL9:
 106              		.thumb
 107              		.syntax unified
 108              	.LBE17:
 109              	.LBE16:
 177:ThreadX/common/src/tx_block_release.c **** 
 178:ThreadX/common/src/tx_block_release.c ****         /* Restore interrupts.  */
 179:ThreadX/common/src/tx_block_release.c ****         TX_RESTORE
 180:ThreadX/common/src/tx_block_release.c **** 
 181:ThreadX/common/src/tx_block_release.c ****         /* Resume thread.  */
 182:ThreadX/common/src/tx_block_release.c ****         _tx_thread_system_resume(thread_ptr);
 110              		.loc 1 182 0
 111 0032 1846     		mov	r0, r3
 112              	.LVL10:
 113 0034 FFF7FEFF 		bl	_tx_thread_system_resume
 114              	.LVL11:
 115              	.L5:
 183:ThreadX/common/src/tx_block_release.c **** #endif
 184:ThreadX/common/src/tx_block_release.c ****     }
 185:ThreadX/common/src/tx_block_release.c ****     else
 186:ThreadX/common/src/tx_block_release.c ****     {
 187:ThreadX/common/src/tx_block_release.c **** 
 188:ThreadX/common/src/tx_block_release.c ****         /* No thread is suspended for a memory block.  */
 189:ThreadX/common/src/tx_block_release.c **** 
 190:ThreadX/common/src/tx_block_release.c ****         /* Put the block back in the available list.  */
 191:ThreadX/common/src/tx_block_release.c ****         *next_block_ptr =  pool_ptr -> tx_block_pool_available_list;
 192:ThreadX/common/src/tx_block_release.c **** 
 193:ThreadX/common/src/tx_block_release.c ****         /* Adjust the head pointer.  */
 194:ThreadX/common/src/tx_block_release.c ****         pool_ptr -> tx_block_pool_available_list =  work_ptr;
 195:ThreadX/common/src/tx_block_release.c **** 
 196:ThreadX/common/src/tx_block_release.c ****         /* Increment the count of available blocks.  */
 197:ThreadX/common/src/tx_block_release.c ****         pool_ptr -> tx_block_pool_available++;
 198:ThreadX/common/src/tx_block_release.c **** 
 199:ThreadX/common/src/tx_block_release.c ****         /* Restore interrupts.  */
 200:ThreadX/common/src/tx_block_release.c ****         TX_RESTORE
 201:ThreadX/common/src/tx_block_release.c ****     }
 202:ThreadX/common/src/tx_block_release.c **** 
 203:ThreadX/common/src/tx_block_release.c ****     /* Return successful completion status.  */
 204:ThreadX/common/src/tx_block_release.c ****     return(TX_SUCCESS);
 205:ThreadX/common/src/tx_block_release.c **** }
 116              		.loc 1 205 0
 117 0038 0020     		movs	r0, #0
 118 003a 10BD     		pop	{r4, pc}
 119              	.LVL12:
 120              	.L3:
 143:ThreadX/common/src/tx_block_release.c ****             pool_ptr -> tx_block_pool_suspension_list =  next_thread;
 121              		.loc 1 143 0
 122 003c 196F     		ldr	r1, [r3, #112]
 123              	.LVL13:
 144:ThreadX/common/src/tx_block_release.c **** 
 124              		.loc 1 144 0
 125 003e 1162     		str	r1, [r2, #32]
 147:ThreadX/common/src/tx_block_release.c ****             next_thread -> tx_thread_suspended_previous =  previous_thread;
 126              		.loc 1 147 0
 127 0040 5A6F     		ldr	r2, [r3, #116]
 128              	.LVL14:
 148:ThreadX/common/src/tx_block_release.c ****             previous_thread -> tx_thread_suspended_next =  next_thread;
ARM GAS  /tmp/ccRq4urM.s 			page 17


 129              		.loc 1 148 0
 130 0042 4A67     		str	r2, [r1, #116]
 149:ThreadX/common/src/tx_block_release.c ****         }
 131              		.loc 1 149 0
 132 0044 1167     		str	r1, [r2, #112]
 133 0046 E8E7     		b	.L4
 134              	.LVL15:
 135              	.L2:
 136 0048 011F     		subs	r1, r0, #4
 191:ThreadX/common/src/tx_block_release.c **** 
 137              		.loc 1 191 0
 138 004a 1369     		ldr	r3, [r2, #16]
 139              	.LVL16:
 140 004c 40F8043C 		str	r3, [r0, #-4]
 141              	.LVL17:
 194:ThreadX/common/src/tx_block_release.c **** 
 142              		.loc 1 194 0
 143 0050 1161     		str	r1, [r2, #16]
 197:ThreadX/common/src/tx_block_release.c **** 
 144              		.loc 1 197 0
 145 0052 9368     		ldr	r3, [r2, #8]
 146 0054 0133     		adds	r3, r3, #1
 147 0056 9360     		str	r3, [r2, #8]
 148              	.LVL18:
 149              	.LBB18:
 150              	.LBB19:
 562:ThreadX/ports/cortex_m4/gnu/inc/tx_port.h **** #endif
 151              		.loc 2 562 0
 152              		.syntax unified
 153              	@ 562 "ThreadX/ports/cortex_m4/gnu/inc/tx_port.h" 1
 154 0058 84F31088 		MSR  PRIMASK,r4
 155              	@ 0 "" 2
 156              		.thumb
 157              		.syntax unified
 158 005c ECE7     		b	.L5
 159              	.L8:
 160 005e 00BF     		.align	2
 161              	.L7:
 162 0060 00000000 		.word	_tx_thread_preempt_disable
 163              	.LBE19:
 164              	.LBE18:
 165              		.cfi_endproc
 166              	.LFE8:
 168              		.text
 169              	.Letext0:
 170              		.file 3 "/usr/include/newlib/sys/lock.h"
 171              		.file 4 "/usr/include/newlib/sys/_types.h"
 172              		.file 5 "/usr/lib/gcc/arm-none-eabi/7.3.1/include/stddef.h"
 173              		.file 6 "/usr/include/newlib/sys/reent.h"
 174              		.file 7 "/usr/include/newlib/stdlib.h"
 175              		.file 8 "ThreadX/common/inc/tx_api.h"
 176              		.file 9 "ThreadX/common/inc/tx_thread.h"
 177              		.file 10 "ThreadX/common/inc/tx_block_pool.h"
ARM GAS  /tmp/ccRq4urM.s 			page 18


DEFINED SYMBOLS
                            *ABS*:0000000000000000 tx_block_release.c
     /tmp/ccRq4urM.s:18     .text._tx_block_release:0000000000000000 $t
     /tmp/ccRq4urM.s:25     .text._tx_block_release:0000000000000000 _tx_block_release
     /tmp/ccRq4urM.s:162    .text._tx_block_release:0000000000000060 $d

UNDEFINED SYMBOLS
_tx_thread_system_resume
_tx_thread_preempt_disable
