ARM GAS  /tmp/ccSRHUdc.s 			page 1


   1              		.cpu cortex-m4
   2              		.eabi_attribute 27, 1
   3              		.eabi_attribute 28, 1
   4              		.eabi_attribute 20, 1
   5              		.eabi_attribute 21, 1
   6              		.eabi_attribute 23, 3
   7              		.eabi_attribute 24, 1
   8              		.eabi_attribute 25, 1
   9              		.eabi_attribute 26, 1
  10              		.eabi_attribute 30, 1
  11              		.eabi_attribute 34, 1
  12              		.eabi_attribute 18, 4
  13              		.file	"tx_queue_performance_system_info_get.c"
  14              		.text
  15              	.Ltext0:
  16              		.cfi_sections	.debug_frame
  17              		.section	.text._tx_queue_performance_system_info_get,"ax",%progbits
  18              		.align	1
  19              		.global	_tx_queue_performance_system_info_get
  20              		.syntax unified
  21              		.thumb
  22              		.thumb_func
  23              		.fpu fpv4-sp-d16
  25              	_tx_queue_performance_system_info_get:
  26              	.LFB8:
  27              		.file 1 "ThreadX/common/src/tx_queue_performance_system_info_get.c"
   1:ThreadX/common/src/tx_queue_performance_system_info_get.c **** /**************************************************************************/
   2:ThreadX/common/src/tx_queue_performance_system_info_get.c **** /*                                                                        */
   3:ThreadX/common/src/tx_queue_performance_system_info_get.c **** /*       Copyright (c) Microsoft Corporation. All rights reserved.        */
   4:ThreadX/common/src/tx_queue_performance_system_info_get.c **** /*                                                                        */
   5:ThreadX/common/src/tx_queue_performance_system_info_get.c **** /*       This software is licensed under the Microsoft Software License   */
   6:ThreadX/common/src/tx_queue_performance_system_info_get.c **** /*       Terms for Microsoft Azure RTOS. Full text of the license can be  */
   7:ThreadX/common/src/tx_queue_performance_system_info_get.c **** /*       found in the LICENSE file at https://aka.ms/AzureRTOS_EULA       */
   8:ThreadX/common/src/tx_queue_performance_system_info_get.c **** /*       and in the root directory of this software.                      */
   9:ThreadX/common/src/tx_queue_performance_system_info_get.c **** /*                                                                        */
  10:ThreadX/common/src/tx_queue_performance_system_info_get.c **** /**************************************************************************/
  11:ThreadX/common/src/tx_queue_performance_system_info_get.c **** 
  12:ThreadX/common/src/tx_queue_performance_system_info_get.c **** 
  13:ThreadX/common/src/tx_queue_performance_system_info_get.c **** /**************************************************************************/
  14:ThreadX/common/src/tx_queue_performance_system_info_get.c **** /**************************************************************************/
  15:ThreadX/common/src/tx_queue_performance_system_info_get.c **** /**                                                                       */
  16:ThreadX/common/src/tx_queue_performance_system_info_get.c **** /** ThreadX Component                                                     */
  17:ThreadX/common/src/tx_queue_performance_system_info_get.c **** /**                                                                       */
  18:ThreadX/common/src/tx_queue_performance_system_info_get.c **** /**   Queue                                                               */
  19:ThreadX/common/src/tx_queue_performance_system_info_get.c **** /**                                                                       */
  20:ThreadX/common/src/tx_queue_performance_system_info_get.c **** /**************************************************************************/
  21:ThreadX/common/src/tx_queue_performance_system_info_get.c **** /**************************************************************************/
  22:ThreadX/common/src/tx_queue_performance_system_info_get.c **** 
  23:ThreadX/common/src/tx_queue_performance_system_info_get.c **** #define TX_SOURCE_CODE
  24:ThreadX/common/src/tx_queue_performance_system_info_get.c **** 
  25:ThreadX/common/src/tx_queue_performance_system_info_get.c **** 
  26:ThreadX/common/src/tx_queue_performance_system_info_get.c **** /* Include necessary system files.  */
  27:ThreadX/common/src/tx_queue_performance_system_info_get.c **** 
  28:ThreadX/common/src/tx_queue_performance_system_info_get.c **** #include "tx_api.h"
  29:ThreadX/common/src/tx_queue_performance_system_info_get.c **** #include "tx_queue.h"
  30:ThreadX/common/src/tx_queue_performance_system_info_get.c **** #ifdef TX_QUEUE_ENABLE_PERFORMANCE_INFO
  31:ThreadX/common/src/tx_queue_performance_system_info_get.c **** #include "tx_trace.h"
ARM GAS  /tmp/ccSRHUdc.s 			page 2


  32:ThreadX/common/src/tx_queue_performance_system_info_get.c **** #endif
  33:ThreadX/common/src/tx_queue_performance_system_info_get.c **** 
  34:ThreadX/common/src/tx_queue_performance_system_info_get.c **** 
  35:ThreadX/common/src/tx_queue_performance_system_info_get.c **** /**************************************************************************/
  36:ThreadX/common/src/tx_queue_performance_system_info_get.c **** /*                                                                        */
  37:ThreadX/common/src/tx_queue_performance_system_info_get.c **** /*  FUNCTION                                               RELEASE        */
  38:ThreadX/common/src/tx_queue_performance_system_info_get.c **** /*                                                                        */
  39:ThreadX/common/src/tx_queue_performance_system_info_get.c **** /*    _tx_queue_performance_system_info_get               PORTABLE C      */
  40:ThreadX/common/src/tx_queue_performance_system_info_get.c **** /*                                                           6.1          */
  41:ThreadX/common/src/tx_queue_performance_system_info_get.c **** /*  AUTHOR                                                                */
  42:ThreadX/common/src/tx_queue_performance_system_info_get.c **** /*                                                                        */
  43:ThreadX/common/src/tx_queue_performance_system_info_get.c **** /*    William E. Lamie, Microsoft Corporation                             */
  44:ThreadX/common/src/tx_queue_performance_system_info_get.c **** /*                                                                        */
  45:ThreadX/common/src/tx_queue_performance_system_info_get.c **** /*  DESCRIPTION                                                           */
  46:ThreadX/common/src/tx_queue_performance_system_info_get.c **** /*                                                                        */
  47:ThreadX/common/src/tx_queue_performance_system_info_get.c **** /*    This function retrieves queue system performance information.       */
  48:ThreadX/common/src/tx_queue_performance_system_info_get.c **** /*                                                                        */
  49:ThreadX/common/src/tx_queue_performance_system_info_get.c **** /*  INPUT                                                                 */
  50:ThreadX/common/src/tx_queue_performance_system_info_get.c **** /*                                                                        */
  51:ThreadX/common/src/tx_queue_performance_system_info_get.c **** /*    messages_sent                     Destination for total messages    */
  52:ThreadX/common/src/tx_queue_performance_system_info_get.c **** /*                                        sent                            */
  53:ThreadX/common/src/tx_queue_performance_system_info_get.c **** /*    messages_received                 Destination for total messages    */
  54:ThreadX/common/src/tx_queue_performance_system_info_get.c **** /*                                        received                        */
  55:ThreadX/common/src/tx_queue_performance_system_info_get.c **** /*    empty_suspensions                 Destination for total empty       */
  56:ThreadX/common/src/tx_queue_performance_system_info_get.c **** /*                                        queue suspensions               */
  57:ThreadX/common/src/tx_queue_performance_system_info_get.c **** /*    full_suspensions                  Destination for total full        */
  58:ThreadX/common/src/tx_queue_performance_system_info_get.c **** /*                                        queue suspensions               */
  59:ThreadX/common/src/tx_queue_performance_system_info_get.c **** /*    full_errors                       Destination for total queue full  */
  60:ThreadX/common/src/tx_queue_performance_system_info_get.c **** /*                                        errors returned - no suspension */
  61:ThreadX/common/src/tx_queue_performance_system_info_get.c **** /*    timeouts                          Destination for total number of   */
  62:ThreadX/common/src/tx_queue_performance_system_info_get.c **** /*                                        timeouts                        */
  63:ThreadX/common/src/tx_queue_performance_system_info_get.c **** /*                                                                        */
  64:ThreadX/common/src/tx_queue_performance_system_info_get.c **** /*  OUTPUT                                                                */
  65:ThreadX/common/src/tx_queue_performance_system_info_get.c **** /*                                                                        */
  66:ThreadX/common/src/tx_queue_performance_system_info_get.c **** /*    status                            Completion status                 */
  67:ThreadX/common/src/tx_queue_performance_system_info_get.c **** /*                                                                        */
  68:ThreadX/common/src/tx_queue_performance_system_info_get.c **** /*  CALLS                                                                 */
  69:ThreadX/common/src/tx_queue_performance_system_info_get.c **** /*                                                                        */
  70:ThreadX/common/src/tx_queue_performance_system_info_get.c **** /*    None                                                                */
  71:ThreadX/common/src/tx_queue_performance_system_info_get.c **** /*                                                                        */
  72:ThreadX/common/src/tx_queue_performance_system_info_get.c **** /*  CALLED BY                                                             */
  73:ThreadX/common/src/tx_queue_performance_system_info_get.c **** /*                                                                        */
  74:ThreadX/common/src/tx_queue_performance_system_info_get.c **** /*    Application Code                                                    */
  75:ThreadX/common/src/tx_queue_performance_system_info_get.c **** /*                                                                        */
  76:ThreadX/common/src/tx_queue_performance_system_info_get.c **** /*  RELEASE HISTORY                                                       */
  77:ThreadX/common/src/tx_queue_performance_system_info_get.c **** /*                                                                        */
  78:ThreadX/common/src/tx_queue_performance_system_info_get.c **** /*    DATE              NAME                      DESCRIPTION             */
  79:ThreadX/common/src/tx_queue_performance_system_info_get.c **** /*                                                                        */
  80:ThreadX/common/src/tx_queue_performance_system_info_get.c **** /*  05-19-2020     William E. Lamie         Initial Version 6.0           */
  81:ThreadX/common/src/tx_queue_performance_system_info_get.c **** /*  09-30-2020     Yuxin Zhou               Modified comment(s),          */
  82:ThreadX/common/src/tx_queue_performance_system_info_get.c **** /*                                            resulting in version 6.1    */
  83:ThreadX/common/src/tx_queue_performance_system_info_get.c **** /*                                                                        */
  84:ThreadX/common/src/tx_queue_performance_system_info_get.c **** /**************************************************************************/
  85:ThreadX/common/src/tx_queue_performance_system_info_get.c **** UINT  _tx_queue_performance_system_info_get(ULONG *messages_sent, ULONG *messages_received,
  86:ThreadX/common/src/tx_queue_performance_system_info_get.c ****                     ULONG *empty_suspensions, ULONG *full_suspensions, ULONG *full_errors, ULONG *t
  87:ThreadX/common/src/tx_queue_performance_system_info_get.c **** {
  28              		.loc 1 87 0
ARM GAS  /tmp/ccSRHUdc.s 			page 3


  29              		.cfi_startproc
  30              		@ args = 8, pretend = 0, frame = 0
  31              		@ frame_needed = 0, uses_anonymous_args = 0
  32              		@ link register save eliminated.
  33              	.LVL0:
  88:ThreadX/common/src/tx_queue_performance_system_info_get.c **** 
  89:ThreadX/common/src/tx_queue_performance_system_info_get.c **** #ifdef TX_QUEUE_ENABLE_PERFORMANCE_INFO
  90:ThreadX/common/src/tx_queue_performance_system_info_get.c **** 
  91:ThreadX/common/src/tx_queue_performance_system_info_get.c **** TX_INTERRUPT_SAVE_AREA
  92:ThreadX/common/src/tx_queue_performance_system_info_get.c **** 
  93:ThreadX/common/src/tx_queue_performance_system_info_get.c **** 
  94:ThreadX/common/src/tx_queue_performance_system_info_get.c ****     /* Disable interrupts.  */
  95:ThreadX/common/src/tx_queue_performance_system_info_get.c ****     TX_DISABLE
  96:ThreadX/common/src/tx_queue_performance_system_info_get.c **** 
  97:ThreadX/common/src/tx_queue_performance_system_info_get.c ****     /* If trace is enabled, insert this event into the trace buffer.  */
  98:ThreadX/common/src/tx_queue_performance_system_info_get.c ****     TX_TRACE_IN_LINE_INSERT(TX_TRACE_QUEUE_PERFORMANCE_SYSTEM_INFO_GET, 0, 0, 0, 0, TX_TRACE_QUEUE_
  99:ThreadX/common/src/tx_queue_performance_system_info_get.c **** 
 100:ThreadX/common/src/tx_queue_performance_system_info_get.c ****     /* Log this kernel call.  */
 101:ThreadX/common/src/tx_queue_performance_system_info_get.c ****     TX_EL_QUEUE_PERFORMANCE_SYSTEM_INFO_GET_INSERT
 102:ThreadX/common/src/tx_queue_performance_system_info_get.c **** 
 103:ThreadX/common/src/tx_queue_performance_system_info_get.c ****     /* Retrieve all the pertinent information and return it in the supplied
 104:ThreadX/common/src/tx_queue_performance_system_info_get.c ****        destinations.  */
 105:ThreadX/common/src/tx_queue_performance_system_info_get.c **** 
 106:ThreadX/common/src/tx_queue_performance_system_info_get.c ****     /* Retrieve the total number of queue messages sent.  */
 107:ThreadX/common/src/tx_queue_performance_system_info_get.c ****     if (messages_sent != TX_NULL)
 108:ThreadX/common/src/tx_queue_performance_system_info_get.c ****     {
 109:ThreadX/common/src/tx_queue_performance_system_info_get.c **** 
 110:ThreadX/common/src/tx_queue_performance_system_info_get.c ****         *messages_sent =  _tx_queue_performance_messages_sent_count;
 111:ThreadX/common/src/tx_queue_performance_system_info_get.c ****     }
 112:ThreadX/common/src/tx_queue_performance_system_info_get.c **** 
 113:ThreadX/common/src/tx_queue_performance_system_info_get.c ****     /* Retrieve the total number of queue messages received.  */
 114:ThreadX/common/src/tx_queue_performance_system_info_get.c ****     if (messages_received != TX_NULL)
 115:ThreadX/common/src/tx_queue_performance_system_info_get.c ****     {
 116:ThreadX/common/src/tx_queue_performance_system_info_get.c **** 
 117:ThreadX/common/src/tx_queue_performance_system_info_get.c ****         *messages_received =  _tx_queue_performance__messages_received_count;
 118:ThreadX/common/src/tx_queue_performance_system_info_get.c ****     }
 119:ThreadX/common/src/tx_queue_performance_system_info_get.c **** 
 120:ThreadX/common/src/tx_queue_performance_system_info_get.c ****     /* Retrieve the total number of empty queue suspensions.  */
 121:ThreadX/common/src/tx_queue_performance_system_info_get.c ****     if (empty_suspensions != TX_NULL)
 122:ThreadX/common/src/tx_queue_performance_system_info_get.c ****     {
 123:ThreadX/common/src/tx_queue_performance_system_info_get.c **** 
 124:ThreadX/common/src/tx_queue_performance_system_info_get.c ****         *empty_suspensions =  _tx_queue_performance_empty_suspension_count;
 125:ThreadX/common/src/tx_queue_performance_system_info_get.c ****     }
 126:ThreadX/common/src/tx_queue_performance_system_info_get.c **** 
 127:ThreadX/common/src/tx_queue_performance_system_info_get.c ****     /* Retrieve the total number of full queue suspensions.  */
 128:ThreadX/common/src/tx_queue_performance_system_info_get.c ****     if (full_suspensions != TX_NULL)
 129:ThreadX/common/src/tx_queue_performance_system_info_get.c ****     {
 130:ThreadX/common/src/tx_queue_performance_system_info_get.c **** 
 131:ThreadX/common/src/tx_queue_performance_system_info_get.c ****         *full_suspensions =  _tx_queue_performance_full_suspension_count;
 132:ThreadX/common/src/tx_queue_performance_system_info_get.c ****     }
 133:ThreadX/common/src/tx_queue_performance_system_info_get.c **** 
 134:ThreadX/common/src/tx_queue_performance_system_info_get.c ****     /* Retrieve the total number of full errors.  */
 135:ThreadX/common/src/tx_queue_performance_system_info_get.c ****     if (full_errors != TX_NULL)
 136:ThreadX/common/src/tx_queue_performance_system_info_get.c ****     {
 137:ThreadX/common/src/tx_queue_performance_system_info_get.c **** 
 138:ThreadX/common/src/tx_queue_performance_system_info_get.c ****         *full_errors =  _tx_queue_performance_full_error_count;
 139:ThreadX/common/src/tx_queue_performance_system_info_get.c ****     }
ARM GAS  /tmp/ccSRHUdc.s 			page 4


 140:ThreadX/common/src/tx_queue_performance_system_info_get.c **** 
 141:ThreadX/common/src/tx_queue_performance_system_info_get.c ****     /* Retrieve the total number of queue timeouts.  */
 142:ThreadX/common/src/tx_queue_performance_system_info_get.c ****     if (timeouts != TX_NULL)
 143:ThreadX/common/src/tx_queue_performance_system_info_get.c ****     {
 144:ThreadX/common/src/tx_queue_performance_system_info_get.c **** 
 145:ThreadX/common/src/tx_queue_performance_system_info_get.c ****         *timeouts =  _tx_queue_performance_timeout_count;
 146:ThreadX/common/src/tx_queue_performance_system_info_get.c ****     }
 147:ThreadX/common/src/tx_queue_performance_system_info_get.c **** 
 148:ThreadX/common/src/tx_queue_performance_system_info_get.c ****     /* Restore interrupts.  */
 149:ThreadX/common/src/tx_queue_performance_system_info_get.c ****     TX_RESTORE
 150:ThreadX/common/src/tx_queue_performance_system_info_get.c **** 
 151:ThreadX/common/src/tx_queue_performance_system_info_get.c ****     /* Return completion status.  */
 152:ThreadX/common/src/tx_queue_performance_system_info_get.c ****     return(TX_SUCCESS);
 153:ThreadX/common/src/tx_queue_performance_system_info_get.c **** 
 154:ThreadX/common/src/tx_queue_performance_system_info_get.c **** #else
 155:ThreadX/common/src/tx_queue_performance_system_info_get.c **** 
 156:ThreadX/common/src/tx_queue_performance_system_info_get.c **** UINT        status;
 157:ThreadX/common/src/tx_queue_performance_system_info_get.c **** 
 158:ThreadX/common/src/tx_queue_performance_system_info_get.c **** 
 159:ThreadX/common/src/tx_queue_performance_system_info_get.c ****     /* Access input arguments just for the sake of lint, MISRA, etc.  */
 160:ThreadX/common/src/tx_queue_performance_system_info_get.c ****     if (messages_sent != TX_NULL)
 161:ThreadX/common/src/tx_queue_performance_system_info_get.c ****     {
 162:ThreadX/common/src/tx_queue_performance_system_info_get.c **** 
 163:ThreadX/common/src/tx_queue_performance_system_info_get.c ****         /* Not enabled, return error.  */
 164:ThreadX/common/src/tx_queue_performance_system_info_get.c ****         status =  TX_FEATURE_NOT_ENABLED;
 165:ThreadX/common/src/tx_queue_performance_system_info_get.c ****     }
 166:ThreadX/common/src/tx_queue_performance_system_info_get.c ****     else if (messages_received != TX_NULL)
 167:ThreadX/common/src/tx_queue_performance_system_info_get.c ****     {
 168:ThreadX/common/src/tx_queue_performance_system_info_get.c **** 
 169:ThreadX/common/src/tx_queue_performance_system_info_get.c ****         /* Not enabled, return error.  */
 170:ThreadX/common/src/tx_queue_performance_system_info_get.c ****         status =  TX_FEATURE_NOT_ENABLED;
 171:ThreadX/common/src/tx_queue_performance_system_info_get.c ****     }
 172:ThreadX/common/src/tx_queue_performance_system_info_get.c ****     else if (empty_suspensions != TX_NULL)
 173:ThreadX/common/src/tx_queue_performance_system_info_get.c ****     {
 174:ThreadX/common/src/tx_queue_performance_system_info_get.c **** 
 175:ThreadX/common/src/tx_queue_performance_system_info_get.c ****         /* Not enabled, return error.  */
 176:ThreadX/common/src/tx_queue_performance_system_info_get.c ****         status =  TX_FEATURE_NOT_ENABLED;
 177:ThreadX/common/src/tx_queue_performance_system_info_get.c ****     }
 178:ThreadX/common/src/tx_queue_performance_system_info_get.c ****     else if (full_suspensions != TX_NULL)
 179:ThreadX/common/src/tx_queue_performance_system_info_get.c ****     {
 180:ThreadX/common/src/tx_queue_performance_system_info_get.c **** 
 181:ThreadX/common/src/tx_queue_performance_system_info_get.c ****         /* Not enabled, return error.  */
 182:ThreadX/common/src/tx_queue_performance_system_info_get.c ****         status =  TX_FEATURE_NOT_ENABLED;
 183:ThreadX/common/src/tx_queue_performance_system_info_get.c ****     }
 184:ThreadX/common/src/tx_queue_performance_system_info_get.c ****     else if (full_errors != TX_NULL)
 185:ThreadX/common/src/tx_queue_performance_system_info_get.c ****     {
 186:ThreadX/common/src/tx_queue_performance_system_info_get.c **** 
 187:ThreadX/common/src/tx_queue_performance_system_info_get.c ****         /* Not enabled, return error.  */
 188:ThreadX/common/src/tx_queue_performance_system_info_get.c ****         status =  TX_FEATURE_NOT_ENABLED;
 189:ThreadX/common/src/tx_queue_performance_system_info_get.c ****     }
 190:ThreadX/common/src/tx_queue_performance_system_info_get.c ****     else if (timeouts != TX_NULL)
 191:ThreadX/common/src/tx_queue_performance_system_info_get.c ****     {
 192:ThreadX/common/src/tx_queue_performance_system_info_get.c **** 
 193:ThreadX/common/src/tx_queue_performance_system_info_get.c ****         /* Not enabled, return error.  */
 194:ThreadX/common/src/tx_queue_performance_system_info_get.c ****         status =  TX_FEATURE_NOT_ENABLED;
 195:ThreadX/common/src/tx_queue_performance_system_info_get.c ****     }
 196:ThreadX/common/src/tx_queue_performance_system_info_get.c ****     else
ARM GAS  /tmp/ccSRHUdc.s 			page 5


 197:ThreadX/common/src/tx_queue_performance_system_info_get.c ****     {
 198:ThreadX/common/src/tx_queue_performance_system_info_get.c **** 
 199:ThreadX/common/src/tx_queue_performance_system_info_get.c ****         /* Not enabled, return error.  */
 200:ThreadX/common/src/tx_queue_performance_system_info_get.c ****         status =  TX_FEATURE_NOT_ENABLED;
 201:ThreadX/common/src/tx_queue_performance_system_info_get.c ****     }
 202:ThreadX/common/src/tx_queue_performance_system_info_get.c **** 
 203:ThreadX/common/src/tx_queue_performance_system_info_get.c ****     /* Return completion status.  */
 204:ThreadX/common/src/tx_queue_performance_system_info_get.c ****     return(status);
 205:ThreadX/common/src/tx_queue_performance_system_info_get.c **** #endif
 206:ThreadX/common/src/tx_queue_performance_system_info_get.c **** }
  34              		.loc 1 206 0
  35 0000 FF20     		movs	r0, #255
  36              	.LVL1:
  37 0002 7047     		bx	lr
  38              		.cfi_endproc
  39              	.LFE8:
  41              		.text
  42              	.Letext0:
  43              		.file 2 "/usr/include/newlib/sys/lock.h"
  44              		.file 3 "/usr/include/newlib/sys/_types.h"
  45              		.file 4 "/usr/lib/gcc/arm-none-eabi/7.3.1/include/stddef.h"
  46              		.file 5 "/usr/include/newlib/sys/reent.h"
  47              		.file 6 "/usr/include/newlib/stdlib.h"
  48              		.file 7 "ThreadX/ports/cortex_m4/gnu/inc/tx_port.h"
  49              		.file 8 "ThreadX/common/inc/tx_api.h"
  50              		.file 9 "ThreadX/common/inc/tx_queue.h"
ARM GAS  /tmp/ccSRHUdc.s 			page 6


DEFINED SYMBOLS
                            *ABS*:0000000000000000 tx_queue_performance_system_info_get.c
     /tmp/ccSRHUdc.s:18     .text._tx_queue_performance_system_info_get:0000000000000000 $t
     /tmp/ccSRHUdc.s:25     .text._tx_queue_performance_system_info_get:0000000000000000 _tx_queue_performance_system_info_get

NO UNDEFINED SYMBOLS
