ARM GAS  /tmp/ccBT8lt3.s 			page 1


   1              		.cpu cortex-m4
   2              		.eabi_attribute 27, 1
   3              		.eabi_attribute 28, 1
   4              		.eabi_attribute 20, 1
   5              		.eabi_attribute 21, 1
   6              		.eabi_attribute 23, 3
   7              		.eabi_attribute 24, 1
   8              		.eabi_attribute 25, 1
   9              		.eabi_attribute 26, 1
  10              		.eabi_attribute 30, 1
  11              		.eabi_attribute 34, 1
  12              		.eabi_attribute 18, 4
  13              		.file	"tx_timer_info_get.c"
  14              		.text
  15              	.Ltext0:
  16              		.cfi_sections	.debug_frame
  17              		.section	.text._tx_timer_info_get,"ax",%progbits
  18              		.align	1
  19              		.global	_tx_timer_info_get
  20              		.syntax unified
  21              		.thumb
  22              		.thumb_func
  23              		.fpu fpv4-sp-d16
  25              	_tx_timer_info_get:
  26              	.LFB8:
  27              		.file 1 "ThreadX/common/src/tx_timer_info_get.c"
   1:ThreadX/common/src/tx_timer_info_get.c **** /**************************************************************************/
   2:ThreadX/common/src/tx_timer_info_get.c **** /*                                                                        */
   3:ThreadX/common/src/tx_timer_info_get.c **** /*       Copyright (c) Microsoft Corporation. All rights reserved.        */
   4:ThreadX/common/src/tx_timer_info_get.c **** /*                                                                        */
   5:ThreadX/common/src/tx_timer_info_get.c **** /*       This software is licensed under the Microsoft Software License   */
   6:ThreadX/common/src/tx_timer_info_get.c **** /*       Terms for Microsoft Azure RTOS. Full text of the license can be  */
   7:ThreadX/common/src/tx_timer_info_get.c **** /*       found in the LICENSE file at https://aka.ms/AzureRTOS_EULA       */
   8:ThreadX/common/src/tx_timer_info_get.c **** /*       and in the root directory of this software.                      */
   9:ThreadX/common/src/tx_timer_info_get.c **** /*                                                                        */
  10:ThreadX/common/src/tx_timer_info_get.c **** /**************************************************************************/
  11:ThreadX/common/src/tx_timer_info_get.c **** 
  12:ThreadX/common/src/tx_timer_info_get.c **** 
  13:ThreadX/common/src/tx_timer_info_get.c **** /**************************************************************************/
  14:ThreadX/common/src/tx_timer_info_get.c **** /**************************************************************************/
  15:ThreadX/common/src/tx_timer_info_get.c **** /**                                                                       */
  16:ThreadX/common/src/tx_timer_info_get.c **** /** ThreadX Component                                                     */
  17:ThreadX/common/src/tx_timer_info_get.c **** /**                                                                       */
  18:ThreadX/common/src/tx_timer_info_get.c **** /**   Timer                                                               */
  19:ThreadX/common/src/tx_timer_info_get.c **** /**                                                                       */
  20:ThreadX/common/src/tx_timer_info_get.c **** /**************************************************************************/
  21:ThreadX/common/src/tx_timer_info_get.c **** /**************************************************************************/
  22:ThreadX/common/src/tx_timer_info_get.c **** 
  23:ThreadX/common/src/tx_timer_info_get.c **** #define TX_SOURCE_CODE
  24:ThreadX/common/src/tx_timer_info_get.c **** 
  25:ThreadX/common/src/tx_timer_info_get.c **** 
  26:ThreadX/common/src/tx_timer_info_get.c **** /* Include necessary system files.  */
  27:ThreadX/common/src/tx_timer_info_get.c **** 
  28:ThreadX/common/src/tx_timer_info_get.c **** #include "tx_api.h"
  29:ThreadX/common/src/tx_timer_info_get.c **** #include "tx_trace.h"
  30:ThreadX/common/src/tx_timer_info_get.c **** #include "tx_timer.h"
  31:ThreadX/common/src/tx_timer_info_get.c **** 
ARM GAS  /tmp/ccBT8lt3.s 			page 2


  32:ThreadX/common/src/tx_timer_info_get.c **** 
  33:ThreadX/common/src/tx_timer_info_get.c **** /**************************************************************************/
  34:ThreadX/common/src/tx_timer_info_get.c **** /*                                                                        */
  35:ThreadX/common/src/tx_timer_info_get.c **** /*  FUNCTION                                               RELEASE        */
  36:ThreadX/common/src/tx_timer_info_get.c **** /*                                                                        */
  37:ThreadX/common/src/tx_timer_info_get.c **** /*    _tx_timer_info_get                                  PORTABLE C      */
  38:ThreadX/common/src/tx_timer_info_get.c **** /*                                                           6.1          */
  39:ThreadX/common/src/tx_timer_info_get.c **** /*  AUTHOR                                                                */
  40:ThreadX/common/src/tx_timer_info_get.c **** /*                                                                        */
  41:ThreadX/common/src/tx_timer_info_get.c **** /*    William E. Lamie, Microsoft Corporation                             */
  42:ThreadX/common/src/tx_timer_info_get.c **** /*                                                                        */
  43:ThreadX/common/src/tx_timer_info_get.c **** /*  DESCRIPTION                                                           */
  44:ThreadX/common/src/tx_timer_info_get.c **** /*                                                                        */
  45:ThreadX/common/src/tx_timer_info_get.c **** /*    This function retrieves information from the specified timer.       */
  46:ThreadX/common/src/tx_timer_info_get.c **** /*                                                                        */
  47:ThreadX/common/src/tx_timer_info_get.c **** /*  INPUT                                                                 */
  48:ThreadX/common/src/tx_timer_info_get.c **** /*                                                                        */
  49:ThreadX/common/src/tx_timer_info_get.c **** /*    timer_ptr                         Pointer to timer control block    */
  50:ThreadX/common/src/tx_timer_info_get.c **** /*    name                              Destination for the timer name    */
  51:ThreadX/common/src/tx_timer_info_get.c **** /*    active                            Destination for active flag       */
  52:ThreadX/common/src/tx_timer_info_get.c **** /*    remaining_ticks                   Destination for remaining ticks   */
  53:ThreadX/common/src/tx_timer_info_get.c **** /*                                        before expiration               */
  54:ThreadX/common/src/tx_timer_info_get.c **** /*    reschedule_ticks                  Destination for reschedule ticks  */
  55:ThreadX/common/src/tx_timer_info_get.c **** /*    next_timer                        Destination for next timer on the */
  56:ThreadX/common/src/tx_timer_info_get.c **** /*                                        created list                    */
  57:ThreadX/common/src/tx_timer_info_get.c **** /*                                                                        */
  58:ThreadX/common/src/tx_timer_info_get.c **** /*  OUTPUT                                                                */
  59:ThreadX/common/src/tx_timer_info_get.c **** /*                                                                        */
  60:ThreadX/common/src/tx_timer_info_get.c **** /*    status                            Completion status                 */
  61:ThreadX/common/src/tx_timer_info_get.c **** /*                                                                        */
  62:ThreadX/common/src/tx_timer_info_get.c **** /*  CALLS                                                                 */
  63:ThreadX/common/src/tx_timer_info_get.c **** /*                                                                        */
  64:ThreadX/common/src/tx_timer_info_get.c **** /*    None                                                                */
  65:ThreadX/common/src/tx_timer_info_get.c **** /*                                                                        */
  66:ThreadX/common/src/tx_timer_info_get.c **** /*  CALLED BY                                                             */
  67:ThreadX/common/src/tx_timer_info_get.c **** /*                                                                        */
  68:ThreadX/common/src/tx_timer_info_get.c **** /*    Application Code                                                    */
  69:ThreadX/common/src/tx_timer_info_get.c **** /*                                                                        */
  70:ThreadX/common/src/tx_timer_info_get.c **** /*  RELEASE HISTORY                                                       */
  71:ThreadX/common/src/tx_timer_info_get.c **** /*                                                                        */
  72:ThreadX/common/src/tx_timer_info_get.c **** /*    DATE              NAME                      DESCRIPTION             */
  73:ThreadX/common/src/tx_timer_info_get.c **** /*                                                                        */
  74:ThreadX/common/src/tx_timer_info_get.c **** /*  05-19-2020     William E. Lamie         Initial Version 6.0           */
  75:ThreadX/common/src/tx_timer_info_get.c **** /*  09-30-2020     Yuxin Zhou               Modified comment(s),          */
  76:ThreadX/common/src/tx_timer_info_get.c **** /*                                            resulting in version 6.1    */
  77:ThreadX/common/src/tx_timer_info_get.c **** /*                                                                        */
  78:ThreadX/common/src/tx_timer_info_get.c **** /**************************************************************************/
  79:ThreadX/common/src/tx_timer_info_get.c **** UINT  _tx_timer_info_get(TX_TIMER *timer_ptr, CHAR **name, UINT *active, ULONG *remaining_ticks,
  80:ThreadX/common/src/tx_timer_info_get.c ****                 ULONG *reschedule_ticks, TX_TIMER **next_timer)
  81:ThreadX/common/src/tx_timer_info_get.c **** {
  28              		.loc 1 81 0
  29              		.cfi_startproc
  30              		@ args = 8, pretend = 0, frame = 0
  31              		@ frame_needed = 0, uses_anonymous_args = 0
  32              	.LVL0:
  33 0000 2DE9F041 		push	{r4, r5, r6, r7, r8, lr}
  34              	.LCFI0:
ARM GAS  /tmp/ccBT8lt3.s 			page 3


  35              		.cfi_def_cfa_offset 24
  36              		.cfi_offset 4, -24
  37              		.cfi_offset 5, -20
  38              		.cfi_offset 6, -16
  39              		.cfi_offset 7, -12
  40              		.cfi_offset 8, -8
  41              		.cfi_offset 14, -4
  42 0004 069E     		ldr	r6, [sp, #24]
  43 0006 079D     		ldr	r5, [sp, #28]
  44              	.LBB10:
  45              	.LBB11:
  46              	.LBB12:
  47              	.LBB13:
  48              		.file 2 "ThreadX/ports/cortex_m4/gnu/inc/tx_port.h"
   1:ThreadX/ports/cortex_m4/gnu/inc/tx_port.h **** /**************************************************************************/
   2:ThreadX/ports/cortex_m4/gnu/inc/tx_port.h **** /*                                                                        */
   3:ThreadX/ports/cortex_m4/gnu/inc/tx_port.h **** /*       Copyright (c) Microsoft Corporation. All rights reserved.        */
   4:ThreadX/ports/cortex_m4/gnu/inc/tx_port.h **** /*                                                                        */
   5:ThreadX/ports/cortex_m4/gnu/inc/tx_port.h **** /*       This software is licensed under the Microsoft Software License   */
   6:ThreadX/ports/cortex_m4/gnu/inc/tx_port.h **** /*       Terms for Microsoft Azure RTOS. Full text of the license can be  */
   7:ThreadX/ports/cortex_m4/gnu/inc/tx_port.h **** /*       found in the LICENSE file at https://aka.ms/AzureRTOS_EULA       */
   8:ThreadX/ports/cortex_m4/gnu/inc/tx_port.h **** /*       and in the root directory of this software.                      */
   9:ThreadX/ports/cortex_m4/gnu/inc/tx_port.h **** /*                                                                        */
  10:ThreadX/ports/cortex_m4/gnu/inc/tx_port.h **** /**************************************************************************/
  11:ThreadX/ports/cortex_m4/gnu/inc/tx_port.h **** 
  12:ThreadX/ports/cortex_m4/gnu/inc/tx_port.h **** 
  13:ThreadX/ports/cortex_m4/gnu/inc/tx_port.h **** /**************************************************************************/
  14:ThreadX/ports/cortex_m4/gnu/inc/tx_port.h **** /**************************************************************************/
  15:ThreadX/ports/cortex_m4/gnu/inc/tx_port.h **** /**                                                                       */
  16:ThreadX/ports/cortex_m4/gnu/inc/tx_port.h **** /** ThreadX Component                                                     */
  17:ThreadX/ports/cortex_m4/gnu/inc/tx_port.h **** /**                                                                       */
  18:ThreadX/ports/cortex_m4/gnu/inc/tx_port.h **** /**   Port Specific                                                       */
  19:ThreadX/ports/cortex_m4/gnu/inc/tx_port.h **** /**                                                                       */
  20:ThreadX/ports/cortex_m4/gnu/inc/tx_port.h **** /**************************************************************************/
  21:ThreadX/ports/cortex_m4/gnu/inc/tx_port.h **** /**************************************************************************/
  22:ThreadX/ports/cortex_m4/gnu/inc/tx_port.h **** 
  23:ThreadX/ports/cortex_m4/gnu/inc/tx_port.h **** 
  24:ThreadX/ports/cortex_m4/gnu/inc/tx_port.h **** /**************************************************************************/
  25:ThreadX/ports/cortex_m4/gnu/inc/tx_port.h **** /*                                                                        */
  26:ThreadX/ports/cortex_m4/gnu/inc/tx_port.h **** /*  PORT SPECIFIC C INFORMATION                            RELEASE        */
  27:ThreadX/ports/cortex_m4/gnu/inc/tx_port.h **** /*                                                                        */
  28:ThreadX/ports/cortex_m4/gnu/inc/tx_port.h **** /*    tx_port.h                                         Cortex-M4/GNU     */
  29:ThreadX/ports/cortex_m4/gnu/inc/tx_port.h **** /*                                                           6.1.10       */
  30:ThreadX/ports/cortex_m4/gnu/inc/tx_port.h **** /*                                                                        */
  31:ThreadX/ports/cortex_m4/gnu/inc/tx_port.h **** /*  AUTHOR                                                                */
  32:ThreadX/ports/cortex_m4/gnu/inc/tx_port.h **** /*                                                                        */
  33:ThreadX/ports/cortex_m4/gnu/inc/tx_port.h **** /*    Scott Larson, Microsoft Corporation                                 */
  34:ThreadX/ports/cortex_m4/gnu/inc/tx_port.h **** /*                                                                        */
  35:ThreadX/ports/cortex_m4/gnu/inc/tx_port.h **** /*  DESCRIPTION                                                           */
  36:ThreadX/ports/cortex_m4/gnu/inc/tx_port.h **** /*                                                                        */
  37:ThreadX/ports/cortex_m4/gnu/inc/tx_port.h **** /*    This file contains data type definitions that make the ThreadX      */
  38:ThreadX/ports/cortex_m4/gnu/inc/tx_port.h **** /*    real-time kernel function identically on a variety of different     */
  39:ThreadX/ports/cortex_m4/gnu/inc/tx_port.h **** /*    processor architectures.  For example, the size or number of bits   */
  40:ThreadX/ports/cortex_m4/gnu/inc/tx_port.h **** /*    in an "int" data type vary between microprocessor architectures and */
  41:ThreadX/ports/cortex_m4/gnu/inc/tx_port.h **** /*    even C compilers for the same microprocessor.  ThreadX does not     */
  42:ThreadX/ports/cortex_m4/gnu/inc/tx_port.h **** /*    directly use native C data types.  Instead, ThreadX creates its     */
  43:ThreadX/ports/cortex_m4/gnu/inc/tx_port.h **** /*    own special types that can be mapped to actual data types by this   */
ARM GAS  /tmp/ccBT8lt3.s 			page 4


  44:ThreadX/ports/cortex_m4/gnu/inc/tx_port.h **** /*    file to guarantee consistency in the interface and functionality.   */
  45:ThreadX/ports/cortex_m4/gnu/inc/tx_port.h **** /*                                                                        */
  46:ThreadX/ports/cortex_m4/gnu/inc/tx_port.h **** /*    This file replaces the previous Cortex-M3/M4/M7 files. It unifies   */
  47:ThreadX/ports/cortex_m4/gnu/inc/tx_port.h **** /*    the ARMv7-M architecture and compilers into one common file.        */
  48:ThreadX/ports/cortex_m4/gnu/inc/tx_port.h **** /*                                                                        */
  49:ThreadX/ports/cortex_m4/gnu/inc/tx_port.h **** /*  RELEASE HISTORY                                                       */
  50:ThreadX/ports/cortex_m4/gnu/inc/tx_port.h **** /*                                                                        */
  51:ThreadX/ports/cortex_m4/gnu/inc/tx_port.h **** /*    DATE              NAME                      DESCRIPTION             */
  52:ThreadX/ports/cortex_m4/gnu/inc/tx_port.h **** /*                                                                        */
  53:ThreadX/ports/cortex_m4/gnu/inc/tx_port.h **** /*  06-02-2021      Scott Larson            Initial Version 6.1.7         */
  54:ThreadX/ports/cortex_m4/gnu/inc/tx_port.h **** /*  01-31-2022      Scott Larson            Modified comments, updated    */
  55:ThreadX/ports/cortex_m4/gnu/inc/tx_port.h **** /*                                            typedef to fix misra        */
  56:ThreadX/ports/cortex_m4/gnu/inc/tx_port.h **** /*                                            violation,                  */
  57:ThreadX/ports/cortex_m4/gnu/inc/tx_port.h **** /*                                            fixed predefined macro,     */
  58:ThreadX/ports/cortex_m4/gnu/inc/tx_port.h **** /*                                            resulting in version 6.1.10 */
  59:ThreadX/ports/cortex_m4/gnu/inc/tx_port.h **** /*                                                                        */
  60:ThreadX/ports/cortex_m4/gnu/inc/tx_port.h **** /**************************************************************************/
  61:ThreadX/ports/cortex_m4/gnu/inc/tx_port.h **** 
  62:ThreadX/ports/cortex_m4/gnu/inc/tx_port.h **** #ifndef TX_PORT_H
  63:ThreadX/ports/cortex_m4/gnu/inc/tx_port.h **** #define TX_PORT_H
  64:ThreadX/ports/cortex_m4/gnu/inc/tx_port.h **** 
  65:ThreadX/ports/cortex_m4/gnu/inc/tx_port.h **** 
  66:ThreadX/ports/cortex_m4/gnu/inc/tx_port.h **** /* Determine if the optional ThreadX user define file should be used.  */
  67:ThreadX/ports/cortex_m4/gnu/inc/tx_port.h **** 
  68:ThreadX/ports/cortex_m4/gnu/inc/tx_port.h **** #ifdef TX_INCLUDE_USER_DEFINE_FILE
  69:ThreadX/ports/cortex_m4/gnu/inc/tx_port.h **** 
  70:ThreadX/ports/cortex_m4/gnu/inc/tx_port.h **** /* Yes, include the user defines in tx_user.h. The defines in this file may
  71:ThreadX/ports/cortex_m4/gnu/inc/tx_port.h ****    alternately be defined on the command line.  */
  72:ThreadX/ports/cortex_m4/gnu/inc/tx_port.h **** 
  73:ThreadX/ports/cortex_m4/gnu/inc/tx_port.h **** #include "tx_user.h"
  74:ThreadX/ports/cortex_m4/gnu/inc/tx_port.h **** #endif
  75:ThreadX/ports/cortex_m4/gnu/inc/tx_port.h **** 
  76:ThreadX/ports/cortex_m4/gnu/inc/tx_port.h **** 
  77:ThreadX/ports/cortex_m4/gnu/inc/tx_port.h **** /* Define compiler library include files.  */
  78:ThreadX/ports/cortex_m4/gnu/inc/tx_port.h **** 
  79:ThreadX/ports/cortex_m4/gnu/inc/tx_port.h **** #include <stdlib.h>
  80:ThreadX/ports/cortex_m4/gnu/inc/tx_port.h **** #include <string.h>
  81:ThreadX/ports/cortex_m4/gnu/inc/tx_port.h **** 
  82:ThreadX/ports/cortex_m4/gnu/inc/tx_port.h **** #ifdef __ICCARM__
  83:ThreadX/ports/cortex_m4/gnu/inc/tx_port.h **** #include <intrinsics.h>                     /* IAR Intrinsics */
  84:ThreadX/ports/cortex_m4/gnu/inc/tx_port.h **** #define __asm__ __asm                       /* Define to make all inline asm look similar */
  85:ThreadX/ports/cortex_m4/gnu/inc/tx_port.h **** #ifdef  TX_ENABLE_IAR_LIBRARY_SUPPORT
  86:ThreadX/ports/cortex_m4/gnu/inc/tx_port.h **** #include <yvals.h>
  87:ThreadX/ports/cortex_m4/gnu/inc/tx_port.h **** #endif
  88:ThreadX/ports/cortex_m4/gnu/inc/tx_port.h **** #endif /* __ICCARM__ */
  89:ThreadX/ports/cortex_m4/gnu/inc/tx_port.h **** 
  90:ThreadX/ports/cortex_m4/gnu/inc/tx_port.h **** #ifdef __ghs__
  91:ThreadX/ports/cortex_m4/gnu/inc/tx_port.h **** #include <arm_ghs.h>
  92:ThreadX/ports/cortex_m4/gnu/inc/tx_port.h **** #include "tx_ghs.h"
  93:ThreadX/ports/cortex_m4/gnu/inc/tx_port.h **** #endif  /* __ghs__ */
  94:ThreadX/ports/cortex_m4/gnu/inc/tx_port.h **** 
  95:ThreadX/ports/cortex_m4/gnu/inc/tx_port.h **** 
  96:ThreadX/ports/cortex_m4/gnu/inc/tx_port.h **** #if !defined(__GNUC__) && !defined(__CC_ARM)
  97:ThreadX/ports/cortex_m4/gnu/inc/tx_port.h **** #define __get_control_value __get_CONTROL
  98:ThreadX/ports/cortex_m4/gnu/inc/tx_port.h **** #define __set_control_value __set_CONTROL
  99:ThreadX/ports/cortex_m4/gnu/inc/tx_port.h **** #endif
 100:ThreadX/ports/cortex_m4/gnu/inc/tx_port.h **** 
ARM GAS  /tmp/ccBT8lt3.s 			page 5


 101:ThreadX/ports/cortex_m4/gnu/inc/tx_port.h **** #ifndef __GNUC__
 102:ThreadX/ports/cortex_m4/gnu/inc/tx_port.h **** #define __get_ipsr_value __get_IPSR
 103:ThreadX/ports/cortex_m4/gnu/inc/tx_port.h **** #endif
 104:ThreadX/ports/cortex_m4/gnu/inc/tx_port.h **** 
 105:ThreadX/ports/cortex_m4/gnu/inc/tx_port.h **** /* Define ThreadX basic types for this port.  */
 106:ThreadX/ports/cortex_m4/gnu/inc/tx_port.h **** 
 107:ThreadX/ports/cortex_m4/gnu/inc/tx_port.h **** #define VOID                                    void
 108:ThreadX/ports/cortex_m4/gnu/inc/tx_port.h **** typedef char                                    CHAR;
 109:ThreadX/ports/cortex_m4/gnu/inc/tx_port.h **** typedef unsigned char                           UCHAR;
 110:ThreadX/ports/cortex_m4/gnu/inc/tx_port.h **** typedef int                                     INT;
 111:ThreadX/ports/cortex_m4/gnu/inc/tx_port.h **** typedef unsigned int                            UINT;
 112:ThreadX/ports/cortex_m4/gnu/inc/tx_port.h **** typedef long                                    LONG;
 113:ThreadX/ports/cortex_m4/gnu/inc/tx_port.h **** typedef unsigned long                           ULONG;
 114:ThreadX/ports/cortex_m4/gnu/inc/tx_port.h **** typedef unsigned long long                      ULONG64;
 115:ThreadX/ports/cortex_m4/gnu/inc/tx_port.h **** typedef short                                   SHORT;
 116:ThreadX/ports/cortex_m4/gnu/inc/tx_port.h **** typedef unsigned short                          USHORT;
 117:ThreadX/ports/cortex_m4/gnu/inc/tx_port.h **** #define ULONG64_DEFINED
 118:ThreadX/ports/cortex_m4/gnu/inc/tx_port.h **** 
 119:ThreadX/ports/cortex_m4/gnu/inc/tx_port.h **** /* Define the priority levels for ThreadX.  Legal values range
 120:ThreadX/ports/cortex_m4/gnu/inc/tx_port.h ****    from 32 to 1024 and MUST be evenly divisible by 32.  */
 121:ThreadX/ports/cortex_m4/gnu/inc/tx_port.h **** 
 122:ThreadX/ports/cortex_m4/gnu/inc/tx_port.h **** #ifndef TX_MAX_PRIORITIES
 123:ThreadX/ports/cortex_m4/gnu/inc/tx_port.h **** #define TX_MAX_PRIORITIES                       32
 124:ThreadX/ports/cortex_m4/gnu/inc/tx_port.h **** #endif
 125:ThreadX/ports/cortex_m4/gnu/inc/tx_port.h **** 
 126:ThreadX/ports/cortex_m4/gnu/inc/tx_port.h **** 
 127:ThreadX/ports/cortex_m4/gnu/inc/tx_port.h **** /* Define the minimum stack for a ThreadX thread on this processor. If the size supplied during
 128:ThreadX/ports/cortex_m4/gnu/inc/tx_port.h ****    thread creation is less than this value, the thread create call will return an error.  */
 129:ThreadX/ports/cortex_m4/gnu/inc/tx_port.h **** 
 130:ThreadX/ports/cortex_m4/gnu/inc/tx_port.h **** #ifndef TX_MINIMUM_STACK
 131:ThreadX/ports/cortex_m4/gnu/inc/tx_port.h **** #define TX_MINIMUM_STACK                        200         /* Minimum stack size for this port  */
 132:ThreadX/ports/cortex_m4/gnu/inc/tx_port.h **** #endif
 133:ThreadX/ports/cortex_m4/gnu/inc/tx_port.h **** 
 134:ThreadX/ports/cortex_m4/gnu/inc/tx_port.h **** 
 135:ThreadX/ports/cortex_m4/gnu/inc/tx_port.h **** /* Define the system timer thread's default stack size and priority.  These are only applicable
 136:ThreadX/ports/cortex_m4/gnu/inc/tx_port.h ****    if TX_TIMER_PROCESS_IN_ISR is not defined.  */
 137:ThreadX/ports/cortex_m4/gnu/inc/tx_port.h **** 
 138:ThreadX/ports/cortex_m4/gnu/inc/tx_port.h **** #ifndef TX_TIMER_THREAD_STACK_SIZE
 139:ThreadX/ports/cortex_m4/gnu/inc/tx_port.h **** #define TX_TIMER_THREAD_STACK_SIZE              1024        /* Default timer thread stack size  */
 140:ThreadX/ports/cortex_m4/gnu/inc/tx_port.h **** #endif
 141:ThreadX/ports/cortex_m4/gnu/inc/tx_port.h **** 
 142:ThreadX/ports/cortex_m4/gnu/inc/tx_port.h **** #ifndef TX_TIMER_THREAD_PRIORITY
 143:ThreadX/ports/cortex_m4/gnu/inc/tx_port.h **** #define TX_TIMER_THREAD_PRIORITY                0           /* Default timer thread priority    */
 144:ThreadX/ports/cortex_m4/gnu/inc/tx_port.h **** #endif
 145:ThreadX/ports/cortex_m4/gnu/inc/tx_port.h **** 
 146:ThreadX/ports/cortex_m4/gnu/inc/tx_port.h **** 
 147:ThreadX/ports/cortex_m4/gnu/inc/tx_port.h **** /* Define various constants for the ThreadX Cortex-M port.  */
 148:ThreadX/ports/cortex_m4/gnu/inc/tx_port.h **** 
 149:ThreadX/ports/cortex_m4/gnu/inc/tx_port.h **** #define TX_INT_DISABLE                          1           /* Disable interrupts               */
 150:ThreadX/ports/cortex_m4/gnu/inc/tx_port.h **** #define TX_INT_ENABLE                           0           /* Enable interrupts                */
 151:ThreadX/ports/cortex_m4/gnu/inc/tx_port.h **** 
 152:ThreadX/ports/cortex_m4/gnu/inc/tx_port.h **** 
 153:ThreadX/ports/cortex_m4/gnu/inc/tx_port.h **** /* Define the clock source for trace event entry time stamp. The following two item are port specif
 154:ThreadX/ports/cortex_m4/gnu/inc/tx_port.h ****    For example, if the time source is at the address 0x0a800024 and is 16-bits in size, the clock
 155:ThreadX/ports/cortex_m4/gnu/inc/tx_port.h ****    source constants would be:
 156:ThreadX/ports/cortex_m4/gnu/inc/tx_port.h **** 
 157:ThreadX/ports/cortex_m4/gnu/inc/tx_port.h **** #define TX_TRACE_TIME_SOURCE                    *((ULONG *) 0x0a800024)
ARM GAS  /tmp/ccBT8lt3.s 			page 6


 158:ThreadX/ports/cortex_m4/gnu/inc/tx_port.h **** #define TX_TRACE_TIME_MASK                      0x0000FFFFUL
 159:ThreadX/ports/cortex_m4/gnu/inc/tx_port.h **** 
 160:ThreadX/ports/cortex_m4/gnu/inc/tx_port.h **** */
 161:ThreadX/ports/cortex_m4/gnu/inc/tx_port.h **** 
 162:ThreadX/ports/cortex_m4/gnu/inc/tx_port.h **** #ifndef TX_MISRA_ENABLE
 163:ThreadX/ports/cortex_m4/gnu/inc/tx_port.h **** #ifndef TX_TRACE_TIME_SOURCE
 164:ThreadX/ports/cortex_m4/gnu/inc/tx_port.h **** #define TX_TRACE_TIME_SOURCE                    *((ULONG *) 0xE0001004)
 165:ThreadX/ports/cortex_m4/gnu/inc/tx_port.h **** #endif
 166:ThreadX/ports/cortex_m4/gnu/inc/tx_port.h **** #else
 167:ThreadX/ports/cortex_m4/gnu/inc/tx_port.h **** ULONG   _tx_misra_time_stamp_get(VOID);
 168:ThreadX/ports/cortex_m4/gnu/inc/tx_port.h **** #define TX_TRACE_TIME_SOURCE                    _tx_misra_time_stamp_get()
 169:ThreadX/ports/cortex_m4/gnu/inc/tx_port.h **** #endif
 170:ThreadX/ports/cortex_m4/gnu/inc/tx_port.h **** 
 171:ThreadX/ports/cortex_m4/gnu/inc/tx_port.h **** #ifndef TX_TRACE_TIME_MASK
 172:ThreadX/ports/cortex_m4/gnu/inc/tx_port.h **** #define TX_TRACE_TIME_MASK                      0xFFFFFFFFUL
 173:ThreadX/ports/cortex_m4/gnu/inc/tx_port.h **** #endif
 174:ThreadX/ports/cortex_m4/gnu/inc/tx_port.h **** 
 175:ThreadX/ports/cortex_m4/gnu/inc/tx_port.h **** #ifdef __ghs__
 176:ThreadX/ports/cortex_m4/gnu/inc/tx_port.h **** /* Define constants for Green Hills EventAnalyzer.  */
 177:ThreadX/ports/cortex_m4/gnu/inc/tx_port.h **** 
 178:ThreadX/ports/cortex_m4/gnu/inc/tx_port.h **** /* Define the number of ticks per second. This informs the EventAnalyzer what the timestamps
 179:ThreadX/ports/cortex_m4/gnu/inc/tx_port.h ****    represent.  By default, this is set to 1,000,000 i.e., one tick every microsecond. */
 180:ThreadX/ports/cortex_m4/gnu/inc/tx_port.h **** 
 181:ThreadX/ports/cortex_m4/gnu/inc/tx_port.h **** #define TX_EL_TICKS_PER_SECOND                  1000000
 182:ThreadX/ports/cortex_m4/gnu/inc/tx_port.h **** 
 183:ThreadX/ports/cortex_m4/gnu/inc/tx_port.h **** /* Define the method of how to get the upper and lower 32-bits of the time stamp. By default, simpl
 184:ThreadX/ports/cortex_m4/gnu/inc/tx_port.h ****    simulate the time-stamp source with a counter.  */
 185:ThreadX/ports/cortex_m4/gnu/inc/tx_port.h **** 
 186:ThreadX/ports/cortex_m4/gnu/inc/tx_port.h **** #define read_tbu()                              _tx_el_time_base_upper
 187:ThreadX/ports/cortex_m4/gnu/inc/tx_port.h **** #define read_tbl()                              ++_tx_el_time_base_lower
 188:ThreadX/ports/cortex_m4/gnu/inc/tx_port.h **** #endif  /* __ghs__ */
 189:ThreadX/ports/cortex_m4/gnu/inc/tx_port.h **** 
 190:ThreadX/ports/cortex_m4/gnu/inc/tx_port.h **** /* Define the port specific options for the _tx_build_options variable. This variable indicates
 191:ThreadX/ports/cortex_m4/gnu/inc/tx_port.h ****    how the ThreadX library was built.  */
 192:ThreadX/ports/cortex_m4/gnu/inc/tx_port.h **** 
 193:ThreadX/ports/cortex_m4/gnu/inc/tx_port.h **** #define TX_PORT_SPECIFIC_BUILD_OPTIONS          (0)
 194:ThreadX/ports/cortex_m4/gnu/inc/tx_port.h **** 
 195:ThreadX/ports/cortex_m4/gnu/inc/tx_port.h **** 
 196:ThreadX/ports/cortex_m4/gnu/inc/tx_port.h **** /* Define the in-line initialization constant so that modules with in-line
 197:ThreadX/ports/cortex_m4/gnu/inc/tx_port.h ****    initialization capabilities can prevent their initialization from being
 198:ThreadX/ports/cortex_m4/gnu/inc/tx_port.h ****    a function call.  */
 199:ThreadX/ports/cortex_m4/gnu/inc/tx_port.h **** 
 200:ThreadX/ports/cortex_m4/gnu/inc/tx_port.h **** #ifdef TX_MISRA_ENABLE
 201:ThreadX/ports/cortex_m4/gnu/inc/tx_port.h **** #define TX_DISABLE_INLINE
 202:ThreadX/ports/cortex_m4/gnu/inc/tx_port.h **** #else
 203:ThreadX/ports/cortex_m4/gnu/inc/tx_port.h **** #define TX_INLINE_INITIALIZATION
 204:ThreadX/ports/cortex_m4/gnu/inc/tx_port.h **** #endif
 205:ThreadX/ports/cortex_m4/gnu/inc/tx_port.h **** 
 206:ThreadX/ports/cortex_m4/gnu/inc/tx_port.h **** 
 207:ThreadX/ports/cortex_m4/gnu/inc/tx_port.h **** /* Determine whether or not stack checking is enabled. By default, ThreadX stack checking is
 208:ThreadX/ports/cortex_m4/gnu/inc/tx_port.h ****    disabled. When the following is defined, ThreadX thread stack checking is enabled.  If stack
 209:ThreadX/ports/cortex_m4/gnu/inc/tx_port.h ****    checking is enabled (TX_ENABLE_STACK_CHECKING is defined), the TX_DISABLE_STACK_FILLING
 210:ThreadX/ports/cortex_m4/gnu/inc/tx_port.h ****    define is negated, thereby forcing the stack fill which is necessary for the stack checking
 211:ThreadX/ports/cortex_m4/gnu/inc/tx_port.h ****    logic.  */
 212:ThreadX/ports/cortex_m4/gnu/inc/tx_port.h **** 
 213:ThreadX/ports/cortex_m4/gnu/inc/tx_port.h **** #ifndef TX_MISRA_ENABLE
 214:ThreadX/ports/cortex_m4/gnu/inc/tx_port.h **** #ifdef TX_ENABLE_STACK_CHECKING
ARM GAS  /tmp/ccBT8lt3.s 			page 7


 215:ThreadX/ports/cortex_m4/gnu/inc/tx_port.h **** #undef TX_DISABLE_STACK_FILLING
 216:ThreadX/ports/cortex_m4/gnu/inc/tx_port.h **** #endif
 217:ThreadX/ports/cortex_m4/gnu/inc/tx_port.h **** #endif
 218:ThreadX/ports/cortex_m4/gnu/inc/tx_port.h **** 
 219:ThreadX/ports/cortex_m4/gnu/inc/tx_port.h **** 
 220:ThreadX/ports/cortex_m4/gnu/inc/tx_port.h **** /* Define the TX_THREAD control block extensions for this port. The main reason
 221:ThreadX/ports/cortex_m4/gnu/inc/tx_port.h ****    for the multiple macros is so that backward compatibility can be maintained with
 222:ThreadX/ports/cortex_m4/gnu/inc/tx_port.h ****    existing ThreadX kernel awareness modules.  */
 223:ThreadX/ports/cortex_m4/gnu/inc/tx_port.h **** 
 224:ThreadX/ports/cortex_m4/gnu/inc/tx_port.h **** #define TX_THREAD_EXTENSION_0
 225:ThreadX/ports/cortex_m4/gnu/inc/tx_port.h **** #define TX_THREAD_EXTENSION_1
 226:ThreadX/ports/cortex_m4/gnu/inc/tx_port.h **** #ifdef  TX_ENABLE_IAR_LIBRARY_SUPPORT
 227:ThreadX/ports/cortex_m4/gnu/inc/tx_port.h **** #define TX_THREAD_EXTENSION_2           VOID    *tx_thread_iar_tls_pointer;
 228:ThreadX/ports/cortex_m4/gnu/inc/tx_port.h **** #elif defined(__ghs__)
 229:ThreadX/ports/cortex_m4/gnu/inc/tx_port.h **** #define TX_THREAD_EXTENSION_2           VOID *  tx_thread_eh_globals;                           \
 230:ThreadX/ports/cortex_m4/gnu/inc/tx_port.h ****                                         int     Errno;             /* errno.  */                \
 231:ThreadX/ports/cortex_m4/gnu/inc/tx_port.h ****                                         char *  strtok_saved_pos;  /* strtok() position.  */
 232:ThreadX/ports/cortex_m4/gnu/inc/tx_port.h **** #else
 233:ThreadX/ports/cortex_m4/gnu/inc/tx_port.h **** #define TX_THREAD_EXTENSION_2
 234:ThreadX/ports/cortex_m4/gnu/inc/tx_port.h **** #endif
 235:ThreadX/ports/cortex_m4/gnu/inc/tx_port.h **** 
 236:ThreadX/ports/cortex_m4/gnu/inc/tx_port.h **** 
 237:ThreadX/ports/cortex_m4/gnu/inc/tx_port.h **** #define TX_THREAD_EXTENSION_3
 238:ThreadX/ports/cortex_m4/gnu/inc/tx_port.h **** 
 239:ThreadX/ports/cortex_m4/gnu/inc/tx_port.h **** 
 240:ThreadX/ports/cortex_m4/gnu/inc/tx_port.h **** 
 241:ThreadX/ports/cortex_m4/gnu/inc/tx_port.h **** /* Define the port extensions of the remaining ThreadX objects.  */
 242:ThreadX/ports/cortex_m4/gnu/inc/tx_port.h **** 
 243:ThreadX/ports/cortex_m4/gnu/inc/tx_port.h **** #define TX_BLOCK_POOL_EXTENSION
 244:ThreadX/ports/cortex_m4/gnu/inc/tx_port.h **** #define TX_BYTE_POOL_EXTENSION
 245:ThreadX/ports/cortex_m4/gnu/inc/tx_port.h **** #define TX_EVENT_FLAGS_GROUP_EXTENSION
 246:ThreadX/ports/cortex_m4/gnu/inc/tx_port.h **** #define TX_MUTEX_EXTENSION
 247:ThreadX/ports/cortex_m4/gnu/inc/tx_port.h **** #define TX_QUEUE_EXTENSION
 248:ThreadX/ports/cortex_m4/gnu/inc/tx_port.h **** #define TX_SEMAPHORE_EXTENSION
 249:ThreadX/ports/cortex_m4/gnu/inc/tx_port.h **** #define TX_TIMER_EXTENSION
 250:ThreadX/ports/cortex_m4/gnu/inc/tx_port.h **** 
 251:ThreadX/ports/cortex_m4/gnu/inc/tx_port.h **** 
 252:ThreadX/ports/cortex_m4/gnu/inc/tx_port.h **** /* Define the user extension field of the thread control block.  Nothing
 253:ThreadX/ports/cortex_m4/gnu/inc/tx_port.h ****    additional is needed for this port so it is defined as white space.  */
 254:ThreadX/ports/cortex_m4/gnu/inc/tx_port.h **** 
 255:ThreadX/ports/cortex_m4/gnu/inc/tx_port.h **** #ifndef TX_THREAD_USER_EXTENSION
 256:ThreadX/ports/cortex_m4/gnu/inc/tx_port.h **** #define TX_THREAD_USER_EXTENSION
 257:ThreadX/ports/cortex_m4/gnu/inc/tx_port.h **** #endif
 258:ThreadX/ports/cortex_m4/gnu/inc/tx_port.h **** 
 259:ThreadX/ports/cortex_m4/gnu/inc/tx_port.h **** 
 260:ThreadX/ports/cortex_m4/gnu/inc/tx_port.h **** /* Define the macros for processing extensions in tx_thread_create, tx_thread_delete,
 261:ThreadX/ports/cortex_m4/gnu/inc/tx_port.h ****    tx_thread_shell_entry, and tx_thread_terminate.  */
 262:ThreadX/ports/cortex_m4/gnu/inc/tx_port.h **** 
 263:ThreadX/ports/cortex_m4/gnu/inc/tx_port.h **** 
 264:ThreadX/ports/cortex_m4/gnu/inc/tx_port.h **** #ifdef  TX_ENABLE_IAR_LIBRARY_SUPPORT
 265:ThreadX/ports/cortex_m4/gnu/inc/tx_port.h **** #if (__VER__ < 8000000)
 266:ThreadX/ports/cortex_m4/gnu/inc/tx_port.h **** #define TX_THREAD_CREATE_EXTENSION(thread_ptr)                      thread_ptr -> tx_thread_iar_tls
 267:ThreadX/ports/cortex_m4/gnu/inc/tx_port.h **** #define TX_THREAD_DELETE_EXTENSION(thread_ptr)                      __iar_dlib_perthread_deallocate
 268:ThreadX/ports/cortex_m4/gnu/inc/tx_port.h ****                                                                     thread_ptr -> tx_thread_iar_tls
 269:ThreadX/ports/cortex_m4/gnu/inc/tx_port.h **** #define TX_PORT_SPECIFIC_PRE_SCHEDULER_INITIALIZATION               __iar_dlib_perthread_access(0);
 270:ThreadX/ports/cortex_m4/gnu/inc/tx_port.h **** #else
 271:ThreadX/ports/cortex_m4/gnu/inc/tx_port.h **** void    *_tx_iar_create_per_thread_tls_area(void);
ARM GAS  /tmp/ccBT8lt3.s 			page 8


 272:ThreadX/ports/cortex_m4/gnu/inc/tx_port.h **** void    _tx_iar_destroy_per_thread_tls_area(void *tls_ptr);
 273:ThreadX/ports/cortex_m4/gnu/inc/tx_port.h **** void    __iar_Initlocks(void);
 274:ThreadX/ports/cortex_m4/gnu/inc/tx_port.h **** 
 275:ThreadX/ports/cortex_m4/gnu/inc/tx_port.h **** #define TX_THREAD_CREATE_EXTENSION(thread_ptr)                      thread_ptr -> tx_thread_iar_tls
 276:ThreadX/ports/cortex_m4/gnu/inc/tx_port.h **** #define TX_THREAD_DELETE_EXTENSION(thread_ptr)                      do {_tx_iar_destroy_per_thread_
 277:ThreadX/ports/cortex_m4/gnu/inc/tx_port.h ****                                                                         thread_ptr -> tx_thread_iar
 278:ThreadX/ports/cortex_m4/gnu/inc/tx_port.h **** #define TX_PORT_SPECIFIC_PRE_SCHEDULER_INITIALIZATION               do {__iar_Initlocks();} while(0
 279:ThreadX/ports/cortex_m4/gnu/inc/tx_port.h **** #endif
 280:ThreadX/ports/cortex_m4/gnu/inc/tx_port.h **** #else
 281:ThreadX/ports/cortex_m4/gnu/inc/tx_port.h **** #define TX_THREAD_CREATE_EXTENSION(thread_ptr)
 282:ThreadX/ports/cortex_m4/gnu/inc/tx_port.h **** #define TX_THREAD_DELETE_EXTENSION(thread_ptr)
 283:ThreadX/ports/cortex_m4/gnu/inc/tx_port.h **** #endif
 284:ThreadX/ports/cortex_m4/gnu/inc/tx_port.h **** 
 285:ThreadX/ports/cortex_m4/gnu/inc/tx_port.h **** #if defined(__ARMVFP__) || defined(__ARM_PCS_VFP) || defined(__ARM_FP) || defined(__TARGET_FPU_VFP)
 286:ThreadX/ports/cortex_m4/gnu/inc/tx_port.h **** 
 287:ThreadX/ports/cortex_m4/gnu/inc/tx_port.h **** #ifdef TX_MISRA_ENABLE
 288:ThreadX/ports/cortex_m4/gnu/inc/tx_port.h **** 
 289:ThreadX/ports/cortex_m4/gnu/inc/tx_port.h **** ULONG  _tx_misra_control_get(void);
 290:ThreadX/ports/cortex_m4/gnu/inc/tx_port.h **** void   _tx_misra_control_set(ULONG value);
 291:ThreadX/ports/cortex_m4/gnu/inc/tx_port.h **** ULONG  _tx_misra_fpccr_get(void);
 292:ThreadX/ports/cortex_m4/gnu/inc/tx_port.h **** void   _tx_misra_vfp_touch(void);
 293:ThreadX/ports/cortex_m4/gnu/inc/tx_port.h **** 
 294:ThreadX/ports/cortex_m4/gnu/inc/tx_port.h **** #else   /* TX_MISRA_ENABLE not defined */
 295:ThreadX/ports/cortex_m4/gnu/inc/tx_port.h **** 
 296:ThreadX/ports/cortex_m4/gnu/inc/tx_port.h **** /* Define some helper functions (these are intrinsics in some compilers). */
 297:ThreadX/ports/cortex_m4/gnu/inc/tx_port.h **** #ifdef __GNUC__ /* GCC and ARM Compiler 6 */
 298:ThreadX/ports/cortex_m4/gnu/inc/tx_port.h **** 
 299:ThreadX/ports/cortex_m4/gnu/inc/tx_port.h **** __attribute__( ( always_inline ) ) static inline ULONG __get_control_value(void)
 300:ThreadX/ports/cortex_m4/gnu/inc/tx_port.h **** {
 301:ThreadX/ports/cortex_m4/gnu/inc/tx_port.h **** ULONG  control_value;
 302:ThreadX/ports/cortex_m4/gnu/inc/tx_port.h **** 
 303:ThreadX/ports/cortex_m4/gnu/inc/tx_port.h ****     __asm__ volatile (" MRS  %0,CONTROL ": "=r" (control_value) );
 304:ThreadX/ports/cortex_m4/gnu/inc/tx_port.h ****     return(control_value);
 305:ThreadX/ports/cortex_m4/gnu/inc/tx_port.h **** }
 306:ThreadX/ports/cortex_m4/gnu/inc/tx_port.h **** 
 307:ThreadX/ports/cortex_m4/gnu/inc/tx_port.h **** __attribute__( ( always_inline ) ) static inline void __set_control_value(ULONG control_value)
 308:ThreadX/ports/cortex_m4/gnu/inc/tx_port.h **** {
 309:ThreadX/ports/cortex_m4/gnu/inc/tx_port.h ****     __asm__ volatile (" MSR  CONTROL,%0": : "r" (control_value): "memory" );
 310:ThreadX/ports/cortex_m4/gnu/inc/tx_port.h **** }
 311:ThreadX/ports/cortex_m4/gnu/inc/tx_port.h **** 
 312:ThreadX/ports/cortex_m4/gnu/inc/tx_port.h **** #define TX_VFP_TOUCH()  __asm__ volatile ("VMOV.F32 s0, s0");
 313:ThreadX/ports/cortex_m4/gnu/inc/tx_port.h **** 
 314:ThreadX/ports/cortex_m4/gnu/inc/tx_port.h **** #elif defined(__CC_ARM) /* ARM Compiler 5 */
 315:ThreadX/ports/cortex_m4/gnu/inc/tx_port.h **** 
 316:ThreadX/ports/cortex_m4/gnu/inc/tx_port.h **** __attribute__( ( always_inline ) ) ULONG __get_control_value(void)
 317:ThreadX/ports/cortex_m4/gnu/inc/tx_port.h **** {
 318:ThreadX/ports/cortex_m4/gnu/inc/tx_port.h **** ULONG  control_value;
 319:ThreadX/ports/cortex_m4/gnu/inc/tx_port.h **** 
 320:ThreadX/ports/cortex_m4/gnu/inc/tx_port.h ****     __asm volatile ("MRS control_value,CONTROL");
 321:ThreadX/ports/cortex_m4/gnu/inc/tx_port.h ****     return(control_value);
 322:ThreadX/ports/cortex_m4/gnu/inc/tx_port.h **** }
 323:ThreadX/ports/cortex_m4/gnu/inc/tx_port.h **** 
 324:ThreadX/ports/cortex_m4/gnu/inc/tx_port.h **** __attribute__( ( always_inline ) ) void __set_control_value(ULONG control_value)
 325:ThreadX/ports/cortex_m4/gnu/inc/tx_port.h **** {
 326:ThreadX/ports/cortex_m4/gnu/inc/tx_port.h ****     __asm__ volatile ("MSR CONTROL,control_value");
 327:ThreadX/ports/cortex_m4/gnu/inc/tx_port.h **** }
 328:ThreadX/ports/cortex_m4/gnu/inc/tx_port.h **** /* Can't access VFP registers with inline asm, so define this in tx_thread_schedule.  */
ARM GAS  /tmp/ccBT8lt3.s 			page 9


 329:ThreadX/ports/cortex_m4/gnu/inc/tx_port.h **** void _tx_vfp_access(void);
 330:ThreadX/ports/cortex_m4/gnu/inc/tx_port.h **** #define TX_VFP_TOUCH()  _tx_vfp_access();
 331:ThreadX/ports/cortex_m4/gnu/inc/tx_port.h **** 
 332:ThreadX/ports/cortex_m4/gnu/inc/tx_port.h **** #elif defined(__ICCARM__)  /* IAR */
 333:ThreadX/ports/cortex_m4/gnu/inc/tx_port.h **** #define TX_VFP_TOUCH()  __asm__ volatile ("VMOV.F32 s0, s0");
 334:ThreadX/ports/cortex_m4/gnu/inc/tx_port.h **** #endif  /* Helper functions for different compilers */
 335:ThreadX/ports/cortex_m4/gnu/inc/tx_port.h **** 
 336:ThreadX/ports/cortex_m4/gnu/inc/tx_port.h **** #endif  /* TX_MISRA_ENABLE */
 337:ThreadX/ports/cortex_m4/gnu/inc/tx_port.h **** 
 338:ThreadX/ports/cortex_m4/gnu/inc/tx_port.h **** 
 339:ThreadX/ports/cortex_m4/gnu/inc/tx_port.h **** /* A completed thread falls into _thread_shell_entry and we can simply deactivate the FPU via CONTR
 340:ThreadX/ports/cortex_m4/gnu/inc/tx_port.h ****    in order to ensure no lazy stacking will occur. */
 341:ThreadX/ports/cortex_m4/gnu/inc/tx_port.h **** 
 342:ThreadX/ports/cortex_m4/gnu/inc/tx_port.h **** #ifndef TX_MISRA_ENABLE
 343:ThreadX/ports/cortex_m4/gnu/inc/tx_port.h **** 
 344:ThreadX/ports/cortex_m4/gnu/inc/tx_port.h **** #define TX_THREAD_COMPLETED_EXTENSION(thread_ptr)   {                                              
 345:ThreadX/ports/cortex_m4/gnu/inc/tx_port.h ****                                                     ULONG  _tx_vfp_state;                          
 346:ThreadX/ports/cortex_m4/gnu/inc/tx_port.h ****                                                         _tx_vfp_state =  __get_control_value();    
 347:ThreadX/ports/cortex_m4/gnu/inc/tx_port.h ****                                                         _tx_vfp_state =  _tx_vfp_state & ~((ULONG) 
 348:ThreadX/ports/cortex_m4/gnu/inc/tx_port.h ****                                                         __set_control_value(_tx_vfp_state);        
 349:ThreadX/ports/cortex_m4/gnu/inc/tx_port.h ****                                                     }
 350:ThreadX/ports/cortex_m4/gnu/inc/tx_port.h **** #else
 351:ThreadX/ports/cortex_m4/gnu/inc/tx_port.h **** 
 352:ThreadX/ports/cortex_m4/gnu/inc/tx_port.h **** #define TX_THREAD_COMPLETED_EXTENSION(thread_ptr)   {                                              
 353:ThreadX/ports/cortex_m4/gnu/inc/tx_port.h ****                                                     ULONG  _tx_vfp_state;                          
 354:ThreadX/ports/cortex_m4/gnu/inc/tx_port.h ****                                                         _tx_vfp_state =  _tx_misra_control_get();  
 355:ThreadX/ports/cortex_m4/gnu/inc/tx_port.h ****                                                         _tx_vfp_state =  _tx_vfp_state & ~((ULONG) 
 356:ThreadX/ports/cortex_m4/gnu/inc/tx_port.h ****                                                         _tx_misra_control_set(_tx_vfp_state);      
 357:ThreadX/ports/cortex_m4/gnu/inc/tx_port.h ****                                                     }
 358:ThreadX/ports/cortex_m4/gnu/inc/tx_port.h **** 
 359:ThreadX/ports/cortex_m4/gnu/inc/tx_port.h **** #endif
 360:ThreadX/ports/cortex_m4/gnu/inc/tx_port.h **** 
 361:ThreadX/ports/cortex_m4/gnu/inc/tx_port.h **** /* A thread can be terminated by another thread, so we first check if it's self-terminating and not
 362:ThreadX/ports/cortex_m4/gnu/inc/tx_port.h ****    If so, deactivate the FPU via CONTROL.FPCA. Otherwise we are in an interrupt or another thread i
 363:ThreadX/ports/cortex_m4/gnu/inc/tx_port.h ****    this one, so if the FPCCR.LSPACT bit is set, we need to save the CONTROL.FPCA state, touch the F
 364:ThreadX/ports/cortex_m4/gnu/inc/tx_port.h ****    the lazy FPU save, then restore the CONTROL.FPCA state. */
 365:ThreadX/ports/cortex_m4/gnu/inc/tx_port.h **** 
 366:ThreadX/ports/cortex_m4/gnu/inc/tx_port.h **** #ifndef TX_MISRA_ENABLE
 367:ThreadX/ports/cortex_m4/gnu/inc/tx_port.h **** 
 368:ThreadX/ports/cortex_m4/gnu/inc/tx_port.h **** #define TX_THREAD_TERMINATED_EXTENSION(thread_ptr)  {                                              
 369:ThreadX/ports/cortex_m4/gnu/inc/tx_port.h ****                                                     ULONG  _tx_system_state;                       
 370:ThreadX/ports/cortex_m4/gnu/inc/tx_port.h ****                                                         _tx_system_state =  TX_THREAD_GET_SYSTEM_ST
 371:ThreadX/ports/cortex_m4/gnu/inc/tx_port.h ****                                                         if ((_tx_system_state == ((ULONG) 0)) && ((
 372:ThreadX/ports/cortex_m4/gnu/inc/tx_port.h ****                                                         {                                          
 373:ThreadX/ports/cortex_m4/gnu/inc/tx_port.h ****                                                         ULONG  _tx_vfp_state;                      
 374:ThreadX/ports/cortex_m4/gnu/inc/tx_port.h ****                                                             _tx_vfp_state =  __get_control_value();
 375:ThreadX/ports/cortex_m4/gnu/inc/tx_port.h ****                                                             _tx_vfp_state =  _tx_vfp_state & ~((ULO
 376:ThreadX/ports/cortex_m4/gnu/inc/tx_port.h ****                                                             __set_control_value(_tx_vfp_state);    
 377:ThreadX/ports/cortex_m4/gnu/inc/tx_port.h ****                                                         }                                          
 378:ThreadX/ports/cortex_m4/gnu/inc/tx_port.h ****                                                         else                                       
 379:ThreadX/ports/cortex_m4/gnu/inc/tx_port.h ****                                                         {                                          
 380:ThreadX/ports/cortex_m4/gnu/inc/tx_port.h ****                                                         ULONG  _tx_fpccr;                          
 381:ThreadX/ports/cortex_m4/gnu/inc/tx_port.h ****                                                             _tx_fpccr =  *((ULONG *) 0xE000EF34);  
 382:ThreadX/ports/cortex_m4/gnu/inc/tx_port.h ****                                                             _tx_fpccr =  _tx_fpccr & ((ULONG) 0x01)
 383:ThreadX/ports/cortex_m4/gnu/inc/tx_port.h ****                                                             if (_tx_fpccr == ((ULONG) 0x01))       
 384:ThreadX/ports/cortex_m4/gnu/inc/tx_port.h ****                                                             {                                      
 385:ThreadX/ports/cortex_m4/gnu/inc/tx_port.h ****                                                             ULONG _tx_vfp_state;                   
ARM GAS  /tmp/ccBT8lt3.s 			page 10


 386:ThreadX/ports/cortex_m4/gnu/inc/tx_port.h ****                                                                 _tx_vfp_state = __get_control_value
 387:ThreadX/ports/cortex_m4/gnu/inc/tx_port.h ****                                                                 _tx_vfp_state =  _tx_vfp_state & ((
 388:ThreadX/ports/cortex_m4/gnu/inc/tx_port.h ****                                                                 TX_VFP_TOUCH();                    
 389:ThreadX/ports/cortex_m4/gnu/inc/tx_port.h ****                                                                 if (_tx_vfp_state == ((ULONG) 0))  
 390:ThreadX/ports/cortex_m4/gnu/inc/tx_port.h ****                                                                 {                                  
 391:ThreadX/ports/cortex_m4/gnu/inc/tx_port.h ****                                                                     _tx_vfp_state =  __get_control_
 392:ThreadX/ports/cortex_m4/gnu/inc/tx_port.h ****                                                                     _tx_vfp_state =  _tx_vfp_state 
 393:ThreadX/ports/cortex_m4/gnu/inc/tx_port.h ****                                                                     __set_control_value(_tx_vfp_sta
 394:ThreadX/ports/cortex_m4/gnu/inc/tx_port.h ****                                                                 }                                  
 395:ThreadX/ports/cortex_m4/gnu/inc/tx_port.h ****                                                             }                                      
 396:ThreadX/ports/cortex_m4/gnu/inc/tx_port.h ****                                                         }                                          
 397:ThreadX/ports/cortex_m4/gnu/inc/tx_port.h ****                                                     }
 398:ThreadX/ports/cortex_m4/gnu/inc/tx_port.h **** #else
 399:ThreadX/ports/cortex_m4/gnu/inc/tx_port.h **** 
 400:ThreadX/ports/cortex_m4/gnu/inc/tx_port.h **** #define TX_THREAD_TERMINATED_EXTENSION(thread_ptr)  {                                              
 401:ThreadX/ports/cortex_m4/gnu/inc/tx_port.h ****                                                     ULONG  _tx_system_state;                       
 402:ThreadX/ports/cortex_m4/gnu/inc/tx_port.h ****                                                         _tx_system_state =  TX_THREAD_GET_SYSTEM_ST
 403:ThreadX/ports/cortex_m4/gnu/inc/tx_port.h ****                                                         if ((_tx_system_state == ((ULONG) 0)) && ((
 404:ThreadX/ports/cortex_m4/gnu/inc/tx_port.h ****                                                         {                                          
 405:ThreadX/ports/cortex_m4/gnu/inc/tx_port.h ****                                                         ULONG  _tx_vfp_state;                      
 406:ThreadX/ports/cortex_m4/gnu/inc/tx_port.h ****                                                             _tx_vfp_state =  _tx_misra_control_get(
 407:ThreadX/ports/cortex_m4/gnu/inc/tx_port.h ****                                                             _tx_vfp_state =  _tx_vfp_state & ~((ULO
 408:ThreadX/ports/cortex_m4/gnu/inc/tx_port.h ****                                                             _tx_misra_control_set(_tx_vfp_state);  
 409:ThreadX/ports/cortex_m4/gnu/inc/tx_port.h ****                                                         }                                          
 410:ThreadX/ports/cortex_m4/gnu/inc/tx_port.h ****                                                         else                                       
 411:ThreadX/ports/cortex_m4/gnu/inc/tx_port.h ****                                                         {                                          
 412:ThreadX/ports/cortex_m4/gnu/inc/tx_port.h ****                                                         ULONG  _tx_fpccr;                          
 413:ThreadX/ports/cortex_m4/gnu/inc/tx_port.h ****                                                             _tx_fpccr =  _tx_misra_fpccr_get();    
 414:ThreadX/ports/cortex_m4/gnu/inc/tx_port.h ****                                                             _tx_fpccr =  _tx_fpccr & ((ULONG) 0x01)
 415:ThreadX/ports/cortex_m4/gnu/inc/tx_port.h ****                                                             if (_tx_fpccr == ((ULONG) 0x01))       
 416:ThreadX/ports/cortex_m4/gnu/inc/tx_port.h ****                                                             {                                      
 417:ThreadX/ports/cortex_m4/gnu/inc/tx_port.h ****                                                             ULONG _tx_vfp_state;                   
 418:ThreadX/ports/cortex_m4/gnu/inc/tx_port.h ****                                                                 _tx_vfp_state = _tx_misra_control_g
 419:ThreadX/ports/cortex_m4/gnu/inc/tx_port.h ****                                                                 _tx_vfp_state =  _tx_vfp_state & ((
 420:ThreadX/ports/cortex_m4/gnu/inc/tx_port.h ****                                                                 _tx_misra_vfp_touch();             
 421:ThreadX/ports/cortex_m4/gnu/inc/tx_port.h ****                                                                 if (_tx_vfp_state == ((ULONG) 0))  
 422:ThreadX/ports/cortex_m4/gnu/inc/tx_port.h ****                                                                 {                                  
 423:ThreadX/ports/cortex_m4/gnu/inc/tx_port.h ****                                                                     _tx_vfp_state =  _tx_misra_cont
 424:ThreadX/ports/cortex_m4/gnu/inc/tx_port.h ****                                                                     _tx_vfp_state =  _tx_vfp_state 
 425:ThreadX/ports/cortex_m4/gnu/inc/tx_port.h ****                                                                     _tx_misra_control_set(_tx_vfp_s
 426:ThreadX/ports/cortex_m4/gnu/inc/tx_port.h ****                                                                 }                                  
 427:ThreadX/ports/cortex_m4/gnu/inc/tx_port.h ****                                                             }                                      
 428:ThreadX/ports/cortex_m4/gnu/inc/tx_port.h ****                                                         }                                          
 429:ThreadX/ports/cortex_m4/gnu/inc/tx_port.h ****                                                     }
 430:ThreadX/ports/cortex_m4/gnu/inc/tx_port.h **** #endif
 431:ThreadX/ports/cortex_m4/gnu/inc/tx_port.h **** 
 432:ThreadX/ports/cortex_m4/gnu/inc/tx_port.h **** #else   /* No VFP in use */
 433:ThreadX/ports/cortex_m4/gnu/inc/tx_port.h **** 
 434:ThreadX/ports/cortex_m4/gnu/inc/tx_port.h **** #define TX_THREAD_COMPLETED_EXTENSION(thread_ptr)
 435:ThreadX/ports/cortex_m4/gnu/inc/tx_port.h **** #define TX_THREAD_TERMINATED_EXTENSION(thread_ptr)
 436:ThreadX/ports/cortex_m4/gnu/inc/tx_port.h **** 
 437:ThreadX/ports/cortex_m4/gnu/inc/tx_port.h **** #endif  /* defined(__ARMVFP__) || defined(__ARM_PCS_VFP) || defined(__ARM_FP) || defined(__TARGET_F
 438:ThreadX/ports/cortex_m4/gnu/inc/tx_port.h **** 
 439:ThreadX/ports/cortex_m4/gnu/inc/tx_port.h **** 
 440:ThreadX/ports/cortex_m4/gnu/inc/tx_port.h **** /* Define the ThreadX object creation extensions for the remaining objects.  */
 441:ThreadX/ports/cortex_m4/gnu/inc/tx_port.h **** 
 442:ThreadX/ports/cortex_m4/gnu/inc/tx_port.h **** #define TX_BLOCK_POOL_CREATE_EXTENSION(pool_ptr)
ARM GAS  /tmp/ccBT8lt3.s 			page 11


 443:ThreadX/ports/cortex_m4/gnu/inc/tx_port.h **** #define TX_BYTE_POOL_CREATE_EXTENSION(pool_ptr)
 444:ThreadX/ports/cortex_m4/gnu/inc/tx_port.h **** #define TX_EVENT_FLAGS_GROUP_CREATE_EXTENSION(group_ptr)
 445:ThreadX/ports/cortex_m4/gnu/inc/tx_port.h **** #define TX_MUTEX_CREATE_EXTENSION(mutex_ptr)
 446:ThreadX/ports/cortex_m4/gnu/inc/tx_port.h **** #define TX_QUEUE_CREATE_EXTENSION(queue_ptr)
 447:ThreadX/ports/cortex_m4/gnu/inc/tx_port.h **** #define TX_SEMAPHORE_CREATE_EXTENSION(semaphore_ptr)
 448:ThreadX/ports/cortex_m4/gnu/inc/tx_port.h **** #define TX_TIMER_CREATE_EXTENSION(timer_ptr)
 449:ThreadX/ports/cortex_m4/gnu/inc/tx_port.h **** 
 450:ThreadX/ports/cortex_m4/gnu/inc/tx_port.h **** 
 451:ThreadX/ports/cortex_m4/gnu/inc/tx_port.h **** /* Define the ThreadX object deletion extensions for the remaining objects.  */
 452:ThreadX/ports/cortex_m4/gnu/inc/tx_port.h **** 
 453:ThreadX/ports/cortex_m4/gnu/inc/tx_port.h **** #define TX_BLOCK_POOL_DELETE_EXTENSION(pool_ptr)
 454:ThreadX/ports/cortex_m4/gnu/inc/tx_port.h **** #define TX_BYTE_POOL_DELETE_EXTENSION(pool_ptr)
 455:ThreadX/ports/cortex_m4/gnu/inc/tx_port.h **** #define TX_EVENT_FLAGS_GROUP_DELETE_EXTENSION(group_ptr)
 456:ThreadX/ports/cortex_m4/gnu/inc/tx_port.h **** #define TX_MUTEX_DELETE_EXTENSION(mutex_ptr)
 457:ThreadX/ports/cortex_m4/gnu/inc/tx_port.h **** #define TX_QUEUE_DELETE_EXTENSION(queue_ptr)
 458:ThreadX/ports/cortex_m4/gnu/inc/tx_port.h **** #define TX_SEMAPHORE_DELETE_EXTENSION(semaphore_ptr)
 459:ThreadX/ports/cortex_m4/gnu/inc/tx_port.h **** #define TX_TIMER_DELETE_EXTENSION(timer_ptr)
 460:ThreadX/ports/cortex_m4/gnu/inc/tx_port.h **** 
 461:ThreadX/ports/cortex_m4/gnu/inc/tx_port.h **** 
 462:ThreadX/ports/cortex_m4/gnu/inc/tx_port.h **** /* Define the get system state macro.  */
 463:ThreadX/ports/cortex_m4/gnu/inc/tx_port.h **** 
 464:ThreadX/ports/cortex_m4/gnu/inc/tx_port.h **** #ifndef TX_THREAD_GET_SYSTEM_STATE
 465:ThreadX/ports/cortex_m4/gnu/inc/tx_port.h **** #ifndef TX_MISRA_ENABLE
 466:ThreadX/ports/cortex_m4/gnu/inc/tx_port.h **** 
 467:ThreadX/ports/cortex_m4/gnu/inc/tx_port.h **** #ifdef __CC_ARM /* ARM Compiler 5 */
 468:ThreadX/ports/cortex_m4/gnu/inc/tx_port.h **** 
 469:ThreadX/ports/cortex_m4/gnu/inc/tx_port.h **** register unsigned int _ipsr __asm("ipsr");
 470:ThreadX/ports/cortex_m4/gnu/inc/tx_port.h **** #define TX_THREAD_GET_SYSTEM_STATE()        (_tx_thread_system_state | _ipsr)
 471:ThreadX/ports/cortex_m4/gnu/inc/tx_port.h **** 
 472:ThreadX/ports/cortex_m4/gnu/inc/tx_port.h **** #elif defined(__GNUC__) /* GCC and ARM Compiler 6 */
 473:ThreadX/ports/cortex_m4/gnu/inc/tx_port.h **** 
 474:ThreadX/ports/cortex_m4/gnu/inc/tx_port.h **** __attribute__( ( always_inline ) ) static inline unsigned int __get_ipsr_value(void)
 475:ThreadX/ports/cortex_m4/gnu/inc/tx_port.h **** {
 476:ThreadX/ports/cortex_m4/gnu/inc/tx_port.h **** unsigned int  ipsr_value;
 477:ThreadX/ports/cortex_m4/gnu/inc/tx_port.h ****     __asm__ volatile (" MRS  %0,IPSR ": "=r" (ipsr_value) );
 478:ThreadX/ports/cortex_m4/gnu/inc/tx_port.h ****     return(ipsr_value);
 479:ThreadX/ports/cortex_m4/gnu/inc/tx_port.h **** }
 480:ThreadX/ports/cortex_m4/gnu/inc/tx_port.h **** 
 481:ThreadX/ports/cortex_m4/gnu/inc/tx_port.h **** #define TX_THREAD_GET_SYSTEM_STATE()        (_tx_thread_system_state | __get_ipsr_value())
 482:ThreadX/ports/cortex_m4/gnu/inc/tx_port.h **** 
 483:ThreadX/ports/cortex_m4/gnu/inc/tx_port.h **** #elif defined(__ICCARM__)   /* IAR */
 484:ThreadX/ports/cortex_m4/gnu/inc/tx_port.h **** 
 485:ThreadX/ports/cortex_m4/gnu/inc/tx_port.h **** #define TX_THREAD_GET_SYSTEM_STATE()        (_tx_thread_system_state | __get_IPSR())
 486:ThreadX/ports/cortex_m4/gnu/inc/tx_port.h **** 
 487:ThreadX/ports/cortex_m4/gnu/inc/tx_port.h **** #endif  /* TX_THREAD_GET_SYSTEM_STATE for different compilers */
 488:ThreadX/ports/cortex_m4/gnu/inc/tx_port.h **** 
 489:ThreadX/ports/cortex_m4/gnu/inc/tx_port.h **** #else   /* TX_MISRA_ENABLE is defined, use MISRA function. */
 490:ThreadX/ports/cortex_m4/gnu/inc/tx_port.h **** ULONG   _tx_misra_ipsr_get(VOID);
 491:ThreadX/ports/cortex_m4/gnu/inc/tx_port.h **** #define TX_THREAD_GET_SYSTEM_STATE()        (_tx_thread_system_state | _tx_misra_ipsr_get())
 492:ThreadX/ports/cortex_m4/gnu/inc/tx_port.h **** #endif  /* TX_MISRA_ENABLE */
 493:ThreadX/ports/cortex_m4/gnu/inc/tx_port.h **** #endif  /* TX_THREAD_GET_SYSTEM_STATE */
 494:ThreadX/ports/cortex_m4/gnu/inc/tx_port.h **** 
 495:ThreadX/ports/cortex_m4/gnu/inc/tx_port.h **** 
 496:ThreadX/ports/cortex_m4/gnu/inc/tx_port.h **** /* Define the check for whether or not to call the _tx_thread_system_return function.  A non-zero v
 497:ThreadX/ports/cortex_m4/gnu/inc/tx_port.h ****    indicates that _tx_thread_system_return should not be called. This overrides the definition in t
 498:ThreadX/ports/cortex_m4/gnu/inc/tx_port.h ****    for Cortex-M since so we don't waste time checking the _tx_thread_system_state variable that is 
 499:ThreadX/ports/cortex_m4/gnu/inc/tx_port.h ****    zero after initialization for Cortex-M ports. */
ARM GAS  /tmp/ccBT8lt3.s 			page 12


 500:ThreadX/ports/cortex_m4/gnu/inc/tx_port.h **** 
 501:ThreadX/ports/cortex_m4/gnu/inc/tx_port.h **** #ifndef TX_THREAD_SYSTEM_RETURN_CHECK
 502:ThreadX/ports/cortex_m4/gnu/inc/tx_port.h **** #define TX_THREAD_SYSTEM_RETURN_CHECK(c)    (c) = ((ULONG) _tx_thread_preempt_disable);
 503:ThreadX/ports/cortex_m4/gnu/inc/tx_port.h **** #endif
 504:ThreadX/ports/cortex_m4/gnu/inc/tx_port.h **** 
 505:ThreadX/ports/cortex_m4/gnu/inc/tx_port.h **** /* Define the macro to ensure _tx_thread_preempt_disable is set early in initialization in order to
 506:ThreadX/ports/cortex_m4/gnu/inc/tx_port.h ****    prevent early scheduling on Cortex-M parts.  */
 507:ThreadX/ports/cortex_m4/gnu/inc/tx_port.h **** 
 508:ThreadX/ports/cortex_m4/gnu/inc/tx_port.h **** #define TX_PORT_SPECIFIC_POST_INITIALIZATION    _tx_thread_preempt_disable++;
 509:ThreadX/ports/cortex_m4/gnu/inc/tx_port.h **** 
 510:ThreadX/ports/cortex_m4/gnu/inc/tx_port.h **** 
 511:ThreadX/ports/cortex_m4/gnu/inc/tx_port.h **** 
 512:ThreadX/ports/cortex_m4/gnu/inc/tx_port.h **** 
 513:ThreadX/ports/cortex_m4/gnu/inc/tx_port.h **** #ifndef TX_DISABLE_INLINE
 514:ThreadX/ports/cortex_m4/gnu/inc/tx_port.h **** 
 515:ThreadX/ports/cortex_m4/gnu/inc/tx_port.h **** /* Define the TX_LOWEST_SET_BIT_CALCULATE macro for each compiler. */
 516:ThreadX/ports/cortex_m4/gnu/inc/tx_port.h **** #ifdef __ICCARM__       /* IAR Compiler */
 517:ThreadX/ports/cortex_m4/gnu/inc/tx_port.h **** #define TX_LOWEST_SET_BIT_CALCULATE(m, b)       (b) = (UINT) __CLZ(__RBIT((m)));
 518:ThreadX/ports/cortex_m4/gnu/inc/tx_port.h **** #elif defined(__CC_ARM) /* AC5 Compiler */
 519:ThreadX/ports/cortex_m4/gnu/inc/tx_port.h **** #define TX_LOWEST_SET_BIT_CALCULATE(m, b)       (b) = (UINT) __clz(__rbit((m)));
 520:ThreadX/ports/cortex_m4/gnu/inc/tx_port.h **** #elif defined(__GNUC__) /* GCC and AC6 Compiler */
 521:ThreadX/ports/cortex_m4/gnu/inc/tx_port.h **** #define TX_LOWEST_SET_BIT_CALCULATE(m, b)       __asm__ volatile (" RBIT %0,%1 ": "=r" (m) : "r" (m
 522:ThreadX/ports/cortex_m4/gnu/inc/tx_port.h ****                                                 __asm__ volatile (" CLZ  %0,%1 ": "=r" (b) : "r" (m
 523:ThreadX/ports/cortex_m4/gnu/inc/tx_port.h **** #endif
 524:ThreadX/ports/cortex_m4/gnu/inc/tx_port.h **** 
 525:ThreadX/ports/cortex_m4/gnu/inc/tx_port.h **** 
 526:ThreadX/ports/cortex_m4/gnu/inc/tx_port.h **** 
 527:ThreadX/ports/cortex_m4/gnu/inc/tx_port.h **** /* Define the interrupt disable/restore macros for each compiler. */
 528:ThreadX/ports/cortex_m4/gnu/inc/tx_port.h **** 
 529:ThreadX/ports/cortex_m4/gnu/inc/tx_port.h **** #if defined(__GNUC__) || defined(__ICCARM__)
 530:ThreadX/ports/cortex_m4/gnu/inc/tx_port.h **** 
 531:ThreadX/ports/cortex_m4/gnu/inc/tx_port.h **** /*** GCC/AC6 and IAR ***/
 532:ThreadX/ports/cortex_m4/gnu/inc/tx_port.h **** 
 533:ThreadX/ports/cortex_m4/gnu/inc/tx_port.h **** __attribute__( ( always_inline ) ) static inline unsigned int __get_interrupt_posture(void)
 534:ThreadX/ports/cortex_m4/gnu/inc/tx_port.h **** {
 535:ThreadX/ports/cortex_m4/gnu/inc/tx_port.h **** unsigned int posture;
 536:ThreadX/ports/cortex_m4/gnu/inc/tx_port.h **** #ifdef TX_PORT_USE_BASEPRI
 537:ThreadX/ports/cortex_m4/gnu/inc/tx_port.h ****     __asm__ volatile ("MRS  %0, BASEPRI ": "=r" (posture));
 538:ThreadX/ports/cortex_m4/gnu/inc/tx_port.h **** #else
 539:ThreadX/ports/cortex_m4/gnu/inc/tx_port.h ****     __asm__ volatile ("MRS  %0, PRIMASK ": "=r" (posture));
  49              		.loc 2 539 0
  50              		.syntax unified
  51              	@ 539 "ThreadX/ports/cortex_m4/gnu/inc/tx_port.h" 1
  52 0008 EFF31087 		MRS  r7, PRIMASK 
  53              	@ 0 "" 2
  54              		.thumb
  55              		.syntax unified
  56              	.LBE13:
  57              	.LBE12:
 540:ThreadX/ports/cortex_m4/gnu/inc/tx_port.h **** #endif
 541:ThreadX/ports/cortex_m4/gnu/inc/tx_port.h ****     return(posture);
 542:ThreadX/ports/cortex_m4/gnu/inc/tx_port.h **** }
 543:ThreadX/ports/cortex_m4/gnu/inc/tx_port.h **** 
 544:ThreadX/ports/cortex_m4/gnu/inc/tx_port.h **** #ifdef TX_PORT_USE_BASEPRI
 545:ThreadX/ports/cortex_m4/gnu/inc/tx_port.h **** __attribute__( ( always_inline ) ) static inline void __set_basepri_value(unsigned int basepri_valu
 546:ThreadX/ports/cortex_m4/gnu/inc/tx_port.h **** {
 547:ThreadX/ports/cortex_m4/gnu/inc/tx_port.h ****     __asm__ volatile ("MSR  BASEPRI,%0 ": : "r" (basepri_value));
ARM GAS  /tmp/ccBT8lt3.s 			page 13


 548:ThreadX/ports/cortex_m4/gnu/inc/tx_port.h **** }
 549:ThreadX/ports/cortex_m4/gnu/inc/tx_port.h **** #else
 550:ThreadX/ports/cortex_m4/gnu/inc/tx_port.h **** __attribute__( ( always_inline ) ) static inline void __enable_interrupts(void)
 551:ThreadX/ports/cortex_m4/gnu/inc/tx_port.h **** {
 552:ThreadX/ports/cortex_m4/gnu/inc/tx_port.h ****     __asm__ volatile ("CPSIE  i": : : "memory");
 553:ThreadX/ports/cortex_m4/gnu/inc/tx_port.h **** }
 554:ThreadX/ports/cortex_m4/gnu/inc/tx_port.h **** #endif
 555:ThreadX/ports/cortex_m4/gnu/inc/tx_port.h **** 
 556:ThreadX/ports/cortex_m4/gnu/inc/tx_port.h **** __attribute__( ( always_inline ) ) static inline void __restore_interrupt(unsigned int int_posture)
 557:ThreadX/ports/cortex_m4/gnu/inc/tx_port.h **** {
 558:ThreadX/ports/cortex_m4/gnu/inc/tx_port.h **** #ifdef TX_PORT_USE_BASEPRI
 559:ThreadX/ports/cortex_m4/gnu/inc/tx_port.h ****     __set_basepri_value(int_posture);
 560:ThreadX/ports/cortex_m4/gnu/inc/tx_port.h ****     //__asm__ volatile ("MSR  BASEPRI,%0": : "r" (int_posture): "memory");
 561:ThreadX/ports/cortex_m4/gnu/inc/tx_port.h **** #else
 562:ThreadX/ports/cortex_m4/gnu/inc/tx_port.h ****     __asm__ volatile ("MSR  PRIMASK,%0": : "r" (int_posture): "memory");
 563:ThreadX/ports/cortex_m4/gnu/inc/tx_port.h **** #endif
 564:ThreadX/ports/cortex_m4/gnu/inc/tx_port.h **** }
 565:ThreadX/ports/cortex_m4/gnu/inc/tx_port.h **** 
 566:ThreadX/ports/cortex_m4/gnu/inc/tx_port.h **** __attribute__( ( always_inline ) ) static inline unsigned int __disable_interrupts(void)
 567:ThreadX/ports/cortex_m4/gnu/inc/tx_port.h **** {
 568:ThreadX/ports/cortex_m4/gnu/inc/tx_port.h **** unsigned int int_posture;
 569:ThreadX/ports/cortex_m4/gnu/inc/tx_port.h **** 
 570:ThreadX/ports/cortex_m4/gnu/inc/tx_port.h ****     int_posture = __get_interrupt_posture();
 571:ThreadX/ports/cortex_m4/gnu/inc/tx_port.h **** 
 572:ThreadX/ports/cortex_m4/gnu/inc/tx_port.h **** #ifdef TX_PORT_USE_BASEPRI
 573:ThreadX/ports/cortex_m4/gnu/inc/tx_port.h ****     __set_basepri_value(TX_PORT_BASEPRI);
 574:ThreadX/ports/cortex_m4/gnu/inc/tx_port.h **** #else
 575:ThreadX/ports/cortex_m4/gnu/inc/tx_port.h ****     __asm__ volatile ("CPSID i" : : : "memory");
  58              		.loc 2 575 0
  59              		.syntax unified
  60              	@ 575 "ThreadX/ports/cortex_m4/gnu/inc/tx_port.h" 1
  61 000c 72B6     		CPSID i
  62              	@ 0 "" 2
  63              		.thumb
  64              		.syntax unified
  65              	.LBE11:
  66              	.LBE10:
  82:ThreadX/common/src/tx_timer_info_get.c **** 
  83:ThreadX/common/src/tx_timer_info_get.c **** TX_INTERRUPT_SAVE_AREA
  84:ThreadX/common/src/tx_timer_info_get.c **** 
  85:ThreadX/common/src/tx_timer_info_get.c **** TX_TIMER_INTERNAL   *internal_ptr;
  86:ThreadX/common/src/tx_timer_info_get.c **** TX_TIMER_INTERNAL   **list_head;
  87:ThreadX/common/src/tx_timer_info_get.c **** ULONG               ticks_left;
  88:ThreadX/common/src/tx_timer_info_get.c **** UINT                timer_active;
  89:ThreadX/common/src/tx_timer_info_get.c **** UINT                active_timer_list;
  90:ThreadX/common/src/tx_timer_info_get.c **** 
  91:ThreadX/common/src/tx_timer_info_get.c **** 
  92:ThreadX/common/src/tx_timer_info_get.c ****     /* Disable interrupts.  */
  93:ThreadX/common/src/tx_timer_info_get.c ****     TX_DISABLE
  94:ThreadX/common/src/tx_timer_info_get.c **** 
  95:ThreadX/common/src/tx_timer_info_get.c ****     /* If trace is enabled, insert this event into the trace buffer.  */
  96:ThreadX/common/src/tx_timer_info_get.c ****     TX_TRACE_IN_LINE_INSERT(TX_TRACE_TIMER_INFO_GET, timer_ptr, TX_POINTER_TO_ULONG_CONVERT(&ticks_
  97:ThreadX/common/src/tx_timer_info_get.c **** 
  98:ThreadX/common/src/tx_timer_info_get.c ****     /* Log this kernel call.  */
  99:ThreadX/common/src/tx_timer_info_get.c ****     TX_EL_TIMER_INFO_GET_INSERT
 100:ThreadX/common/src/tx_timer_info_get.c **** 
 101:ThreadX/common/src/tx_timer_info_get.c ****     /* Retrieve the name of the timer.  */
ARM GAS  /tmp/ccBT8lt3.s 			page 14


 102:ThreadX/common/src/tx_timer_info_get.c ****     if (name != TX_NULL)
  67              		.loc 1 102 0
  68 000e 09B1     		cbz	r1, .L2
 103:ThreadX/common/src/tx_timer_info_get.c ****     {
 104:ThreadX/common/src/tx_timer_info_get.c **** 
 105:ThreadX/common/src/tx_timer_info_get.c ****         *name =  timer_ptr -> tx_timer_name;
  69              		.loc 1 105 0
  70 0010 4468     		ldr	r4, [r0, #4]
  71 0012 0C60     		str	r4, [r1]
  72              	.L2:
 106:ThreadX/common/src/tx_timer_info_get.c ****     }
 107:ThreadX/common/src/tx_timer_info_get.c **** 
 108:ThreadX/common/src/tx_timer_info_get.c ****     /* Pickup address of internal timer structure.  */
 109:ThreadX/common/src/tx_timer_info_get.c ****     internal_ptr =  &(timer_ptr -> tx_timer_internal);
  73              		.loc 1 109 0
  74 0014 00F1080E 		add	lr, r0, #8
  75              	.LVL1:
 110:ThreadX/common/src/tx_timer_info_get.c **** 
 111:ThreadX/common/src/tx_timer_info_get.c ****     /* Retrieve all the pertinent information and return it in the supplied
 112:ThreadX/common/src/tx_timer_info_get.c ****        destinations.  */
 113:ThreadX/common/src/tx_timer_info_get.c **** 
 114:ThreadX/common/src/tx_timer_info_get.c ****     /* Default active to false.  */
 115:ThreadX/common/src/tx_timer_info_get.c ****     timer_active =  TX_FALSE;
 116:ThreadX/common/src/tx_timer_info_get.c **** 
 117:ThreadX/common/src/tx_timer_info_get.c ****     /* Default the ticks left to the remaining ticks.  */
 118:ThreadX/common/src/tx_timer_info_get.c ****     ticks_left =  internal_ptr -> tx_timer_internal_remaining_ticks;
  76              		.loc 1 118 0
  77 0018 8468     		ldr	r4, [r0, #8]
  78              	.LVL2:
 119:ThreadX/common/src/tx_timer_info_get.c **** 
 120:ThreadX/common/src/tx_timer_info_get.c ****     /* Determine if the timer is still active.  */
 121:ThreadX/common/src/tx_timer_info_get.c ****     if (internal_ptr -> tx_timer_internal_list_head != TX_NULL)
  79              		.loc 1 121 0
  80 001a 016A     		ldr	r1, [r0, #32]
  81              	.LVL3:
  82 001c 71B3     		cbz	r1, .L11
  83              	.LVL4:
 122:ThreadX/common/src/tx_timer_info_get.c ****     {
 123:ThreadX/common/src/tx_timer_info_get.c **** 
 124:ThreadX/common/src/tx_timer_info_get.c ****         /* Indicate this timer is active.  */
 125:ThreadX/common/src/tx_timer_info_get.c ****         timer_active =  TX_TRUE;
 126:ThreadX/common/src/tx_timer_info_get.c **** 
 127:ThreadX/common/src/tx_timer_info_get.c ****         /* Default the active timer list flag to false.  */
 128:ThreadX/common/src/tx_timer_info_get.c ****         active_timer_list =  TX_FALSE;
 129:ThreadX/common/src/tx_timer_info_get.c **** 
 130:ThreadX/common/src/tx_timer_info_get.c ****         /* Determine if the timer is still active.  */
 131:ThreadX/common/src/tx_timer_info_get.c ****         if (internal_ptr -> tx_timer_internal_list_head >= _tx_timer_list_start)
  84              		.loc 1 131 0
  85 001e DFF894C0 		ldr	ip, .L16+4
  86 0022 DCF80080 		ldr	r8, [ip]
  87 0026 4145     		cmp	r1, r8
  88 0028 1FD3     		bcc	.L4
 132:ThreadX/common/src/tx_timer_info_get.c ****         {
 133:ThreadX/common/src/tx_timer_info_get.c **** 
 134:ThreadX/common/src/tx_timer_info_get.c ****             /* Determine if the list head is before the end of the list.  */
 135:ThreadX/common/src/tx_timer_info_get.c ****             if (internal_ptr -> tx_timer_internal_list_head < _tx_timer_list_end)
  89              		.loc 1 135 0
ARM GAS  /tmp/ccBT8lt3.s 			page 15


  90 002a DFF88CC0 		ldr	ip, .L16+8
  91 002e DCF800C0 		ldr	ip, [ip]
  92 0032 6145     		cmp	r1, ip
  93 0034 19D2     		bcs	.L4
  94              	.LVL5:
 136:ThreadX/common/src/tx_timer_info_get.c ****             {
 137:ThreadX/common/src/tx_timer_info_get.c **** 
 138:ThreadX/common/src/tx_timer_info_get.c ****                 /* This timer is active and has not yet expired.  */
 139:ThreadX/common/src/tx_timer_info_get.c ****                 active_timer_list =  TX_TRUE;
 140:ThreadX/common/src/tx_timer_info_get.c ****             }
 141:ThreadX/common/src/tx_timer_info_get.c ****         }
 142:ThreadX/common/src/tx_timer_info_get.c **** 
 143:ThreadX/common/src/tx_timer_info_get.c ****         /* Determine if the timer is on the active timer list.  */
 144:ThreadX/common/src/tx_timer_info_get.c ****         if (active_timer_list == TX_TRUE)
 145:ThreadX/common/src/tx_timer_info_get.c ****         {
 146:ThreadX/common/src/tx_timer_info_get.c **** 
 147:ThreadX/common/src/tx_timer_info_get.c ****             /* Calculate the amount of time that has elapsed since the timer
 148:ThreadX/common/src/tx_timer_info_get.c ****                was activated.  */
 149:ThreadX/common/src/tx_timer_info_get.c **** 
 150:ThreadX/common/src/tx_timer_info_get.c ****             /* Setup the list head pointer.  */
 151:ThreadX/common/src/tx_timer_info_get.c ****             list_head =  internal_ptr -> tx_timer_internal_list_head;
 152:ThreadX/common/src/tx_timer_info_get.c **** 
 153:ThreadX/common/src/tx_timer_info_get.c ****             /* Is this timer's entry after the current timer pointer?  */
 154:ThreadX/common/src/tx_timer_info_get.c ****             if (internal_ptr -> tx_timer_internal_list_head >= _tx_timer_current_ptr)
  95              		.loc 1 154 0
  96 0036 DFF884E0 		ldr	lr, .L16+12
  97              	.LVL6:
  98 003a DEF800E0 		ldr	lr, [lr]
  99 003e 7145     		cmp	r1, lr
 100 0040 09D3     		bcc	.L5
 155:ThreadX/common/src/tx_timer_info_get.c ****             {
 156:ThreadX/common/src/tx_timer_info_get.c **** 
 157:ThreadX/common/src/tx_timer_info_get.c ****                 /* Calculate ticks left to expiration - just the difference between this
 158:ThreadX/common/src/tx_timer_info_get.c ****                    timer's entry and the current timer pointer.  */
 159:ThreadX/common/src/tx_timer_info_get.c ****                 ticks_left =  ((TX_TIMER_POINTER_DIF(list_head, _tx_timer_current_ptr)) + ((ULONG) 
 101              		.loc 1 159 0
 102 0042 A1EB0E01 		sub	r1, r1, lr
 103              	.LVL7:
 104 0046 8910     		asrs	r1, r1, #2
 105 0048 0131     		adds	r1, r1, #1
 106              	.LVL8:
 107              	.L6:
 160:ThreadX/common/src/tx_timer_info_get.c ****             }
 161:ThreadX/common/src/tx_timer_info_get.c ****             else
 162:ThreadX/common/src/tx_timer_info_get.c ****             {
 163:ThreadX/common/src/tx_timer_info_get.c **** 
 164:ThreadX/common/src/tx_timer_info_get.c ****                 /* Calculate the ticks left with a wrapped list condition.  */
 165:ThreadX/common/src/tx_timer_info_get.c ****                 ticks_left =  ((TX_TIMER_POINTER_DIF(list_head, _tx_timer_list_start)));
 166:ThreadX/common/src/tx_timer_info_get.c **** 
 167:ThreadX/common/src/tx_timer_info_get.c ****                 ticks_left =  ticks_left + ((TX_TIMER_POINTER_DIF(_tx_timer_list_end, _tx_timer_cur
 168:ThreadX/common/src/tx_timer_info_get.c ****             }
 169:ThreadX/common/src/tx_timer_info_get.c **** 
 170:ThreadX/common/src/tx_timer_info_get.c ****             /* Adjust the remaining ticks accordingly.  */
 171:ThreadX/common/src/tx_timer_info_get.c ****             if (internal_ptr -> tx_timer_internal_remaining_ticks > TX_TIMER_ENTRIES)
 108              		.loc 1 171 0
 109 004a 202C     		cmp	r4, #32
 110 004c 26D9     		bls	.L12
ARM GAS  /tmp/ccBT8lt3.s 			page 16


 172:ThreadX/common/src/tx_timer_info_get.c ****             {
 173:ThreadX/common/src/tx_timer_info_get.c **** 
 174:ThreadX/common/src/tx_timer_info_get.c ****                 /* Subtract off the last full pass through the timer list and add the
 175:ThreadX/common/src/tx_timer_info_get.c ****                    time left.  */
 176:ThreadX/common/src/tx_timer_info_get.c ****                 ticks_left =  (internal_ptr -> tx_timer_internal_remaining_ticks - TX_TIMER_ENTRIES
 111              		.loc 1 176 0
 112 004e 0C44     		add	r4, r4, r1
 113 0050 203C     		subs	r4, r4, #32
 114              	.LVL9:
 125:ThreadX/common/src/tx_timer_info_get.c **** 
 115              		.loc 1 125 0
 116 0052 0121     		movs	r1, #1
 117 0054 13E0     		b	.L3
 118              	.LVL10:
 119              	.L5:
 165:ThreadX/common/src/tx_timer_info_get.c **** 
 120              		.loc 1 165 0
 121 0056 A1EB0801 		sub	r1, r1, r8
 122              	.LVL11:
 167:ThreadX/common/src/tx_timer_info_get.c ****             }
 123              		.loc 1 167 0
 124 005a ACEB0E0C 		sub	ip, ip, lr
 125 005e 4FEAAC0C 		asr	ip, ip, #2
 126 0062 0CEBA101 		add	r1, ip, r1, asr #2
 127              	.LVL12:
 128 0066 0131     		adds	r1, r1, #1
 129              	.LVL13:
 130 0068 EFE7     		b	.L6
 131              	.LVL14:
 132              	.L4:
 177:ThreadX/common/src/tx_timer_info_get.c ****             }
 178:ThreadX/common/src/tx_timer_info_get.c **** 
 179:ThreadX/common/src/tx_timer_info_get.c ****         }
 180:ThreadX/common/src/tx_timer_info_get.c ****         else
 181:ThreadX/common/src/tx_timer_info_get.c ****         {
 182:ThreadX/common/src/tx_timer_info_get.c **** 
 183:ThreadX/common/src/tx_timer_info_get.c ****             /* The timer is not on the actual timer list so it must either be being processed
 184:ThreadX/common/src/tx_timer_info_get.c ****                or on a temporary list to be processed.   */
 185:ThreadX/common/src/tx_timer_info_get.c **** 
 186:ThreadX/common/src/tx_timer_info_get.c ****             /* Check to see if this timer is the timer currently being processed.  */
 187:ThreadX/common/src/tx_timer_info_get.c ****             if (_tx_timer_expired_timer_ptr == internal_ptr)
 133              		.loc 1 187 0
 134 006a 1149     		ldr	r1, .L16
 135 006c 0968     		ldr	r1, [r1]
 136 006e 7145     		cmp	r1, lr
 137 0070 17D0     		beq	.L13
 188:ThreadX/common/src/tx_timer_info_get.c ****             {
 189:ThreadX/common/src/tx_timer_info_get.c **** 
 190:ThreadX/common/src/tx_timer_info_get.c ****                 /* Timer dispatch routine is executing, waiting to execute, or just finishing. No m
 191:ThreadX/common/src/tx_timer_info_get.c ****                 ticks_left =  ((ULONG) 0);
 192:ThreadX/common/src/tx_timer_info_get.c ****             }
 193:ThreadX/common/src/tx_timer_info_get.c ****             else
 194:ThreadX/common/src/tx_timer_info_get.c ****             {
 195:ThreadX/common/src/tx_timer_info_get.c **** 
 196:ThreadX/common/src/tx_timer_info_get.c ****                 /* Timer is not the one being processed, which means it must be on the temporary ex
 197:ThreadX/common/src/tx_timer_info_get.c ****                    waiting to be processed.  */
 198:ThreadX/common/src/tx_timer_info_get.c **** 
ARM GAS  /tmp/ccBT8lt3.s 			page 17


 199:ThreadX/common/src/tx_timer_info_get.c ****                 /* Calculate the remaining ticks for a timer in the process of expiring.  */
 200:ThreadX/common/src/tx_timer_info_get.c ****                 if (ticks_left > TX_TIMER_ENTRIES)
 138              		.loc 1 200 0
 139 0072 202C     		cmp	r4, #32
 140 0074 18D9     		bls	.L14
 201:ThreadX/common/src/tx_timer_info_get.c ****                 {
 202:ThreadX/common/src/tx_timer_info_get.c **** 
 203:ThreadX/common/src/tx_timer_info_get.c ****                     /* Calculate the number of ticks remaining.  */
 204:ThreadX/common/src/tx_timer_info_get.c ****                     ticks_left =  internal_ptr -> tx_timer_internal_remaining_ticks - TX_TIMER_ENTR
 141              		.loc 1 204 0
 142 0076 203C     		subs	r4, r4, #32
 143              	.LVL15:
 125:ThreadX/common/src/tx_timer_info_get.c **** 
 144              		.loc 1 125 0
 145 0078 0121     		movs	r1, #1
 146 007a 00E0     		b	.L3
 147              	.LVL16:
 148              	.L11:
 115:ThreadX/common/src/tx_timer_info_get.c **** 
 149              		.loc 1 115 0
 150 007c 0021     		movs	r1, #0
 151              	.LVL17:
 152              	.L3:
 205:ThreadX/common/src/tx_timer_info_get.c ****                 }
 206:ThreadX/common/src/tx_timer_info_get.c ****                 else
 207:ThreadX/common/src/tx_timer_info_get.c ****                 {
 208:ThreadX/common/src/tx_timer_info_get.c **** 
 209:ThreadX/common/src/tx_timer_info_get.c ****                     /* Timer dispatch routine is waiting to execute, no more remaining ticks for th
 210:ThreadX/common/src/tx_timer_info_get.c ****                     ticks_left =  ((ULONG) 0);
 211:ThreadX/common/src/tx_timer_info_get.c ****                 }
 212:ThreadX/common/src/tx_timer_info_get.c ****             }
 213:ThreadX/common/src/tx_timer_info_get.c ****         }
 214:ThreadX/common/src/tx_timer_info_get.c ****     }
 215:ThreadX/common/src/tx_timer_info_get.c **** 
 216:ThreadX/common/src/tx_timer_info_get.c ****     /* Setup return values for an inactive timer.  */
 217:ThreadX/common/src/tx_timer_info_get.c ****     if (active != TX_NULL)
 153              		.loc 1 217 0
 154 007e 02B1     		cbz	r2, .L7
 218:ThreadX/common/src/tx_timer_info_get.c ****     {
 219:ThreadX/common/src/tx_timer_info_get.c **** 
 220:ThreadX/common/src/tx_timer_info_get.c ****        /* Setup the timer active indication.  */
 221:ThreadX/common/src/tx_timer_info_get.c ****        *active =  timer_active;
 155              		.loc 1 221 0
 156 0080 1160     		str	r1, [r2]
 157              	.L7:
 222:ThreadX/common/src/tx_timer_info_get.c ****     }
 223:ThreadX/common/src/tx_timer_info_get.c ****     if (remaining_ticks != TX_NULL)
 158              		.loc 1 223 0
 159 0082 03B1     		cbz	r3, .L8
 224:ThreadX/common/src/tx_timer_info_get.c ****     {
 225:ThreadX/common/src/tx_timer_info_get.c **** 
 226:ThreadX/common/src/tx_timer_info_get.c ****         /* Setup the default remaining ticks value.  */
 227:ThreadX/common/src/tx_timer_info_get.c ****         *remaining_ticks =  ticks_left;
 160              		.loc 1 227 0
 161 0084 1C60     		str	r4, [r3]
 162              	.L8:
 228:ThreadX/common/src/tx_timer_info_get.c ****     }
ARM GAS  /tmp/ccBT8lt3.s 			page 18


 229:ThreadX/common/src/tx_timer_info_get.c **** 
 230:ThreadX/common/src/tx_timer_info_get.c ****     /* Pickup the reschedule ticks value.  */
 231:ThreadX/common/src/tx_timer_info_get.c ****     if (reschedule_ticks != TX_NULL)
 163              		.loc 1 231 0
 164 0086 0EB1     		cbz	r6, .L9
 232:ThreadX/common/src/tx_timer_info_get.c ****     {
 233:ThreadX/common/src/tx_timer_info_get.c **** 
 234:ThreadX/common/src/tx_timer_info_get.c ****         *reschedule_ticks =  internal_ptr -> tx_timer_internal_re_initialize_ticks;
 165              		.loc 1 234 0
 166 0088 C368     		ldr	r3, [r0, #12]
 167              	.LVL18:
 168 008a 3360     		str	r3, [r6]
 169              	.L9:
 235:ThreadX/common/src/tx_timer_info_get.c ****     }
 236:ThreadX/common/src/tx_timer_info_get.c **** 
 237:ThreadX/common/src/tx_timer_info_get.c ****     /* Pickup the next created application timer.  */
 238:ThreadX/common/src/tx_timer_info_get.c ****     if (next_timer != TX_NULL)
 170              		.loc 1 238 0
 171 008c 0DB1     		cbz	r5, .L10
 239:ThreadX/common/src/tx_timer_info_get.c ****     {
 240:ThreadX/common/src/tx_timer_info_get.c **** 
 241:ThreadX/common/src/tx_timer_info_get.c ****         *next_timer =  timer_ptr -> tx_timer_created_next;
 172              		.loc 1 241 0
 173 008e 436A     		ldr	r3, [r0, #36]
 174 0090 2B60     		str	r3, [r5]
 175              	.L10:
 176              	.LVL19:
 177              	.LBB14:
 178              	.LBB15:
 562:ThreadX/ports/cortex_m4/gnu/inc/tx_port.h **** #endif
 179              		.loc 2 562 0
 180              		.syntax unified
 181              	@ 562 "ThreadX/ports/cortex_m4/gnu/inc/tx_port.h" 1
 182 0092 87F31088 		MSR  PRIMASK,r7
 183              	@ 0 "" 2
 184              	.LVL20:
 185              		.thumb
 186              		.syntax unified
 187              	.LBE15:
 188              	.LBE14:
 242:ThreadX/common/src/tx_timer_info_get.c ****     }
 243:ThreadX/common/src/tx_timer_info_get.c **** 
 244:ThreadX/common/src/tx_timer_info_get.c ****     /* Restore interrupts.  */
 245:ThreadX/common/src/tx_timer_info_get.c ****     TX_RESTORE
 246:ThreadX/common/src/tx_timer_info_get.c **** 
 247:ThreadX/common/src/tx_timer_info_get.c ****     /* Return completion status.  */
 248:ThreadX/common/src/tx_timer_info_get.c ****     return(TX_SUCCESS);
 249:ThreadX/common/src/tx_timer_info_get.c **** }
 189              		.loc 1 249 0
 190 0096 0020     		movs	r0, #0
 191              	.LVL21:
 192 0098 BDE8F081 		pop	{r4, r5, r6, r7, r8, pc}
 193              	.LVL22:
 194              	.L12:
 195 009c 0C46     		mov	r4, r1
 125:ThreadX/common/src/tx_timer_info_get.c **** 
 196              		.loc 1 125 0
ARM GAS  /tmp/ccBT8lt3.s 			page 19


 197 009e 0121     		movs	r1, #1
 198              	.LVL23:
 199 00a0 EDE7     		b	.L3
 200              	.LVL24:
 201              	.L13:
 202 00a2 0121     		movs	r1, #1
 191:ThreadX/common/src/tx_timer_info_get.c ****             }
 203              		.loc 1 191 0
 204 00a4 0024     		movs	r4, #0
 205              	.LVL25:
 206 00a6 EAE7     		b	.L3
 207              	.LVL26:
 208              	.L14:
 125:ThreadX/common/src/tx_timer_info_get.c **** 
 209              		.loc 1 125 0
 210 00a8 0121     		movs	r1, #1
 210:ThreadX/common/src/tx_timer_info_get.c ****                 }
 211              		.loc 1 210 0
 212 00aa 0024     		movs	r4, #0
 213              	.LVL27:
 214 00ac E7E7     		b	.L3
 215              	.L17:
 216 00ae 00BF     		.align	2
 217              	.L16:
 218 00b0 00000000 		.word	_tx_timer_expired_timer_ptr
 219 00b4 00000000 		.word	_tx_timer_list_start
 220 00b8 00000000 		.word	_tx_timer_list_end
 221 00bc 00000000 		.word	_tx_timer_current_ptr
 222              		.cfi_endproc
 223              	.LFE8:
 225              		.text
 226              	.Letext0:
 227              		.file 3 "/usr/include/newlib/sys/lock.h"
 228              		.file 4 "/usr/include/newlib/sys/_types.h"
 229              		.file 5 "/usr/lib/gcc/arm-none-eabi/7.3.1/include/stddef.h"
 230              		.file 6 "/usr/include/newlib/sys/reent.h"
 231              		.file 7 "/usr/include/newlib/stdlib.h"
 232              		.file 8 "ThreadX/common/inc/tx_api.h"
 233              		.file 9 "ThreadX/common/inc/tx_timer.h"
ARM GAS  /tmp/ccBT8lt3.s 			page 20


DEFINED SYMBOLS
                            *ABS*:0000000000000000 tx_timer_info_get.c
     /tmp/ccBT8lt3.s:18     .text._tx_timer_info_get:0000000000000000 $t
     /tmp/ccBT8lt3.s:25     .text._tx_timer_info_get:0000000000000000 _tx_timer_info_get
     /tmp/ccBT8lt3.s:218    .text._tx_timer_info_get:00000000000000b0 $d

UNDEFINED SYMBOLS
_tx_timer_expired_timer_ptr
_tx_timer_list_start
_tx_timer_list_end
_tx_timer_current_ptr
