ARM GAS  /tmp/ccZh1frQ.s 			page 1


   1              		.cpu cortex-m4
   2              		.eabi_attribute 27, 1
   3              		.eabi_attribute 28, 1
   4              		.eabi_attribute 20, 1
   5              		.eabi_attribute 21, 1
   6              		.eabi_attribute 23, 3
   7              		.eabi_attribute 24, 1
   8              		.eabi_attribute 25, 1
   9              		.eabi_attribute 26, 1
  10              		.eabi_attribute 30, 1
  11              		.eabi_attribute 34, 1
  12              		.eabi_attribute 18, 4
  13              		.file	"tx_trace_interrupt_control.c"
  14              		.text
  15              	.Ltext0:
  16              		.cfi_sections	.debug_frame
  17              		.section	.text._tx_trace_interrupt_control,"ax",%progbits
  18              		.align	1
  19              		.global	_tx_trace_interrupt_control
  20              		.syntax unified
  21              		.thumb
  22              		.thumb_func
  23              		.fpu fpv4-sp-d16
  25              	_tx_trace_interrupt_control:
  26              	.LFB8:
  27              		.file 1 "ThreadX/common/src/tx_trace_interrupt_control.c"
   1:ThreadX/common/src/tx_trace_interrupt_control.c **** /**************************************************************************/
   2:ThreadX/common/src/tx_trace_interrupt_control.c **** /*                                                                        */
   3:ThreadX/common/src/tx_trace_interrupt_control.c **** /*       Copyright (c) Microsoft Corporation. All rights reserved.        */
   4:ThreadX/common/src/tx_trace_interrupt_control.c **** /*                                                                        */
   5:ThreadX/common/src/tx_trace_interrupt_control.c **** /*       This software is licensed under the Microsoft Software License   */
   6:ThreadX/common/src/tx_trace_interrupt_control.c **** /*       Terms for Microsoft Azure RTOS. Full text of the license can be  */
   7:ThreadX/common/src/tx_trace_interrupt_control.c **** /*       found in the LICENSE file at https://aka.ms/AzureRTOS_EULA       */
   8:ThreadX/common/src/tx_trace_interrupt_control.c **** /*       and in the root directory of this software.                      */
   9:ThreadX/common/src/tx_trace_interrupt_control.c **** /*                                                                        */
  10:ThreadX/common/src/tx_trace_interrupt_control.c **** /**************************************************************************/
  11:ThreadX/common/src/tx_trace_interrupt_control.c **** 
  12:ThreadX/common/src/tx_trace_interrupt_control.c **** 
  13:ThreadX/common/src/tx_trace_interrupt_control.c **** /**************************************************************************/
  14:ThreadX/common/src/tx_trace_interrupt_control.c **** /**************************************************************************/
  15:ThreadX/common/src/tx_trace_interrupt_control.c **** /**                                                                       */
  16:ThreadX/common/src/tx_trace_interrupt_control.c **** /** ThreadX Component                                                     */
  17:ThreadX/common/src/tx_trace_interrupt_control.c **** /**                                                                       */
  18:ThreadX/common/src/tx_trace_interrupt_control.c **** /**   Trace                                                               */
  19:ThreadX/common/src/tx_trace_interrupt_control.c **** /**                                                                       */
  20:ThreadX/common/src/tx_trace_interrupt_control.c **** /**************************************************************************/
  21:ThreadX/common/src/tx_trace_interrupt_control.c **** /**************************************************************************/
  22:ThreadX/common/src/tx_trace_interrupt_control.c **** 
  23:ThreadX/common/src/tx_trace_interrupt_control.c **** #define TX_SOURCE_CODE
  24:ThreadX/common/src/tx_trace_interrupt_control.c **** 
  25:ThreadX/common/src/tx_trace_interrupt_control.c **** 
  26:ThreadX/common/src/tx_trace_interrupt_control.c **** /* Include necessary system files.  */
  27:ThreadX/common/src/tx_trace_interrupt_control.c **** 
  28:ThreadX/common/src/tx_trace_interrupt_control.c **** #include "tx_api.h"
  29:ThreadX/common/src/tx_trace_interrupt_control.c **** #include "tx_trace.h"
  30:ThreadX/common/src/tx_trace_interrupt_control.c **** #include "tx_thread.h"
  31:ThreadX/common/src/tx_trace_interrupt_control.c **** 
ARM GAS  /tmp/ccZh1frQ.s 			page 2


  32:ThreadX/common/src/tx_trace_interrupt_control.c **** 
  33:ThreadX/common/src/tx_trace_interrupt_control.c **** /**************************************************************************/
  34:ThreadX/common/src/tx_trace_interrupt_control.c **** /*                                                                        */
  35:ThreadX/common/src/tx_trace_interrupt_control.c **** /*  FUNCTION                                               RELEASE        */
  36:ThreadX/common/src/tx_trace_interrupt_control.c **** /*                                                                        */
  37:ThreadX/common/src/tx_trace_interrupt_control.c **** /*    _tx_trace_interrupt_control                         PORTABLE C      */
  38:ThreadX/common/src/tx_trace_interrupt_control.c **** /*                                                           6.1          */
  39:ThreadX/common/src/tx_trace_interrupt_control.c **** /*  AUTHOR                                                                */
  40:ThreadX/common/src/tx_trace_interrupt_control.c **** /*                                                                        */
  41:ThreadX/common/src/tx_trace_interrupt_control.c **** /*    William E. Lamie, Microsoft Corporation                             */
  42:ThreadX/common/src/tx_trace_interrupt_control.c **** /*                                                                        */
  43:ThreadX/common/src/tx_trace_interrupt_control.c **** /*  DESCRIPTION                                                           */
  44:ThreadX/common/src/tx_trace_interrupt_control.c **** /*                                                                        */
  45:ThreadX/common/src/tx_trace_interrupt_control.c **** /*    This function provides a shell for the tx_interrupt_control         */
  46:ThreadX/common/src/tx_trace_interrupt_control.c **** /*    function so that a trace event can be logged for its use.           */
  47:ThreadX/common/src/tx_trace_interrupt_control.c **** /*                                                                        */
  48:ThreadX/common/src/tx_trace_interrupt_control.c **** /*  INPUT                                                                 */
  49:ThreadX/common/src/tx_trace_interrupt_control.c **** /*                                                                        */
  50:ThreadX/common/src/tx_trace_interrupt_control.c **** /*    new_posture                           New interrupt posture         */
  51:ThreadX/common/src/tx_trace_interrupt_control.c **** /*                                                                        */
  52:ThreadX/common/src/tx_trace_interrupt_control.c **** /*  OUTPUT                                                                */
  53:ThreadX/common/src/tx_trace_interrupt_control.c **** /*                                                                        */
  54:ThreadX/common/src/tx_trace_interrupt_control.c **** /*    Previous Interrupt Posture                                          */
  55:ThreadX/common/src/tx_trace_interrupt_control.c **** /*                                                                        */
  56:ThreadX/common/src/tx_trace_interrupt_control.c **** /*  CALLS                                                                 */
  57:ThreadX/common/src/tx_trace_interrupt_control.c **** /*                                                                        */
  58:ThreadX/common/src/tx_trace_interrupt_control.c **** /*    _tx_thread_interrupt_control          Interrupt control service     */
  59:ThreadX/common/src/tx_trace_interrupt_control.c **** /*                                                                        */
  60:ThreadX/common/src/tx_trace_interrupt_control.c **** /*  CALLED BY                                                             */
  61:ThreadX/common/src/tx_trace_interrupt_control.c **** /*                                                                        */
  62:ThreadX/common/src/tx_trace_interrupt_control.c **** /*    Application Code                                                    */
  63:ThreadX/common/src/tx_trace_interrupt_control.c **** /*                                                                        */
  64:ThreadX/common/src/tx_trace_interrupt_control.c **** /*  RELEASE HISTORY                                                       */
  65:ThreadX/common/src/tx_trace_interrupt_control.c **** /*                                                                        */
  66:ThreadX/common/src/tx_trace_interrupt_control.c **** /*    DATE              NAME                      DESCRIPTION             */
  67:ThreadX/common/src/tx_trace_interrupt_control.c **** /*                                                                        */
  68:ThreadX/common/src/tx_trace_interrupt_control.c **** /*  05-19-2020     William E. Lamie         Initial Version 6.0           */
  69:ThreadX/common/src/tx_trace_interrupt_control.c **** /*  09-30-2020     Yuxin Zhou               Modified comment(s),          */
  70:ThreadX/common/src/tx_trace_interrupt_control.c **** /*                                            resulting in version 6.1    */
  71:ThreadX/common/src/tx_trace_interrupt_control.c **** /*                                                                        */
  72:ThreadX/common/src/tx_trace_interrupt_control.c **** /**************************************************************************/
  73:ThreadX/common/src/tx_trace_interrupt_control.c **** UINT  _tx_trace_interrupt_control(UINT new_posture)
  74:ThreadX/common/src/tx_trace_interrupt_control.c **** {
  28              		.loc 1 74 0
  29              		.cfi_startproc
  30              		@ args = 0, pretend = 0, frame = 0
  31              		@ frame_needed = 0, uses_anonymous_args = 0
  32              	.LVL0:
  33 0000 08B5     		push	{r3, lr}
  34              	.LCFI0:
  35              		.cfi_def_cfa_offset 8
  36              		.cfi_offset 3, -8
  37              		.cfi_offset 14, -4
  75:ThreadX/common/src/tx_trace_interrupt_control.c **** 
  76:ThreadX/common/src/tx_trace_interrupt_control.c **** #ifdef TX_ENABLE_EVENT_TRACE
  77:ThreadX/common/src/tx_trace_interrupt_control.c **** 
  78:ThreadX/common/src/tx_trace_interrupt_control.c **** TX_INTERRUPT_SAVE_AREA
ARM GAS  /tmp/ccZh1frQ.s 			page 3


  79:ThreadX/common/src/tx_trace_interrupt_control.c **** UINT    saved_posture;
  80:ThreadX/common/src/tx_trace_interrupt_control.c **** 
  81:ThreadX/common/src/tx_trace_interrupt_control.c ****     /* Disable interrupts.  */
  82:ThreadX/common/src/tx_trace_interrupt_control.c ****     TX_DISABLE
  83:ThreadX/common/src/tx_trace_interrupt_control.c **** 
  84:ThreadX/common/src/tx_trace_interrupt_control.c ****     /* Insert this event into the trace buffer.  */
  85:ThreadX/common/src/tx_trace_interrupt_control.c ****     TX_TRACE_IN_LINE_INSERT(TX_TRACE_INTERRUPT_CONTROL, TX_ULONG_TO_POINTER_CONVERT(new_posture), T
  86:ThreadX/common/src/tx_trace_interrupt_control.c **** 
  87:ThreadX/common/src/tx_trace_interrupt_control.c ****     /* Restore interrupts.  */
  88:ThreadX/common/src/tx_trace_interrupt_control.c ****     TX_RESTORE
  89:ThreadX/common/src/tx_trace_interrupt_control.c **** 
  90:ThreadX/common/src/tx_trace_interrupt_control.c ****     /* Perform the interrupt service.  */
  91:ThreadX/common/src/tx_trace_interrupt_control.c ****     saved_posture =  _tx_thread_interrupt_control(new_posture);
  92:ThreadX/common/src/tx_trace_interrupt_control.c **** 
  93:ThreadX/common/src/tx_trace_interrupt_control.c ****     /* Return saved posture.  */
  94:ThreadX/common/src/tx_trace_interrupt_control.c ****     return(saved_posture);
  95:ThreadX/common/src/tx_trace_interrupt_control.c **** #else
  96:ThreadX/common/src/tx_trace_interrupt_control.c **** 
  97:ThreadX/common/src/tx_trace_interrupt_control.c **** UINT    saved_posture;
  98:ThreadX/common/src/tx_trace_interrupt_control.c **** 
  99:ThreadX/common/src/tx_trace_interrupt_control.c ****     /* Perform the interrupt service.  */
 100:ThreadX/common/src/tx_trace_interrupt_control.c ****     saved_posture =  _tx_thread_interrupt_control(new_posture);
  38              		.loc 1 100 0
  39 0002 FFF7FEFF 		bl	_tx_thread_interrupt_control
  40              	.LVL1:
 101:ThreadX/common/src/tx_trace_interrupt_control.c **** 
 102:ThreadX/common/src/tx_trace_interrupt_control.c ****     /* Return saved posture.  */
 103:ThreadX/common/src/tx_trace_interrupt_control.c ****     return(saved_posture);
 104:ThreadX/common/src/tx_trace_interrupt_control.c **** #endif
 105:ThreadX/common/src/tx_trace_interrupt_control.c **** }
  41              		.loc 1 105 0
  42 0006 08BD     		pop	{r3, pc}
  43              		.cfi_endproc
  44              	.LFE8:
  46              		.text
  47              	.Letext0:
  48              		.file 2 "/usr/include/newlib/sys/lock.h"
  49              		.file 3 "/usr/include/newlib/sys/_types.h"
  50              		.file 4 "/usr/lib/gcc/arm-none-eabi/7.3.1/include/stddef.h"
  51              		.file 5 "/usr/include/newlib/sys/reent.h"
  52              		.file 6 "/usr/include/newlib/stdlib.h"
  53              		.file 7 "ThreadX/ports/cortex_m4/gnu/inc/tx_port.h"
  54              		.file 8 "ThreadX/common/inc/tx_api.h"
  55              		.file 9 "ThreadX/common/inc/tx_thread.h"
ARM GAS  /tmp/ccZh1frQ.s 			page 4


DEFINED SYMBOLS
                            *ABS*:0000000000000000 tx_trace_interrupt_control.c
     /tmp/ccZh1frQ.s:18     .text._tx_trace_interrupt_control:0000000000000000 $t
     /tmp/ccZh1frQ.s:25     .text._tx_trace_interrupt_control:0000000000000000 _tx_trace_interrupt_control

UNDEFINED SYMBOLS
_tx_thread_interrupt_control
