ARM GAS  /tmp/ccHXRHDe.s 			page 1


   1              		.cpu cortex-m4
   2              		.eabi_attribute 27, 1
   3              		.eabi_attribute 28, 1
   4              		.eabi_attribute 20, 1
   5              		.eabi_attribute 21, 1
   6              		.eabi_attribute 23, 3
   7              		.eabi_attribute 24, 1
   8              		.eabi_attribute 25, 1
   9              		.eabi_attribute 26, 1
  10              		.eabi_attribute 30, 1
  11              		.eabi_attribute 34, 1
  12              		.eabi_attribute 18, 4
  13              		.file	"tx_trace_initialize.c"
  14              		.text
  15              	.Ltext0:
  16              		.cfi_sections	.debug_frame
  17              		.section	.text._tx_trace_initialize,"ax",%progbits
  18              		.align	1
  19              		.global	_tx_trace_initialize
  20              		.syntax unified
  21              		.thumb
  22              		.thumb_func
  23              		.fpu fpv4-sp-d16
  25              	_tx_trace_initialize:
  26              	.LFB8:
  27              		.file 1 "ThreadX/common/src/tx_trace_initialize.c"
   1:ThreadX/common/src/tx_trace_initialize.c **** /**************************************************************************/
   2:ThreadX/common/src/tx_trace_initialize.c **** /*                                                                        */
   3:ThreadX/common/src/tx_trace_initialize.c **** /*       Copyright (c) Microsoft Corporation. All rights reserved.        */
   4:ThreadX/common/src/tx_trace_initialize.c **** /*                                                                        */
   5:ThreadX/common/src/tx_trace_initialize.c **** /*       This software is licensed under the Microsoft Software License   */
   6:ThreadX/common/src/tx_trace_initialize.c **** /*       Terms for Microsoft Azure RTOS. Full text of the license can be  */
   7:ThreadX/common/src/tx_trace_initialize.c **** /*       found in the LICENSE file at https://aka.ms/AzureRTOS_EULA       */
   8:ThreadX/common/src/tx_trace_initialize.c **** /*       and in the root directory of this software.                      */
   9:ThreadX/common/src/tx_trace_initialize.c **** /*                                                                        */
  10:ThreadX/common/src/tx_trace_initialize.c **** /**************************************************************************/
  11:ThreadX/common/src/tx_trace_initialize.c **** 
  12:ThreadX/common/src/tx_trace_initialize.c **** 
  13:ThreadX/common/src/tx_trace_initialize.c **** /**************************************************************************/
  14:ThreadX/common/src/tx_trace_initialize.c **** /**************************************************************************/
  15:ThreadX/common/src/tx_trace_initialize.c **** /**                                                                       */
  16:ThreadX/common/src/tx_trace_initialize.c **** /** ThreadX Component                                                     */
  17:ThreadX/common/src/tx_trace_initialize.c **** /**                                                                       */
  18:ThreadX/common/src/tx_trace_initialize.c **** /**   Trace                                                               */
  19:ThreadX/common/src/tx_trace_initialize.c **** /**                                                                       */
  20:ThreadX/common/src/tx_trace_initialize.c **** /**************************************************************************/
  21:ThreadX/common/src/tx_trace_initialize.c **** /**************************************************************************/
  22:ThreadX/common/src/tx_trace_initialize.c **** 
  23:ThreadX/common/src/tx_trace_initialize.c **** #define TX_SOURCE_CODE
  24:ThreadX/common/src/tx_trace_initialize.c **** 
  25:ThreadX/common/src/tx_trace_initialize.c **** 
  26:ThreadX/common/src/tx_trace_initialize.c **** /* Include necessary system files.  */
  27:ThreadX/common/src/tx_trace_initialize.c **** 
  28:ThreadX/common/src/tx_trace_initialize.c **** #include "tx_api.h"
  29:ThreadX/common/src/tx_trace_initialize.c **** #include "tx_trace.h"
  30:ThreadX/common/src/tx_trace_initialize.c **** #ifdef TX_ENABLE_EVENT_TRACE
  31:ThreadX/common/src/tx_trace_initialize.c **** 
ARM GAS  /tmp/ccHXRHDe.s 			page 2


  32:ThreadX/common/src/tx_trace_initialize.c **** 
  33:ThreadX/common/src/tx_trace_initialize.c **** /* Define the pointer to the start of the trace buffer control structure.   */
  34:ThreadX/common/src/tx_trace_initialize.c **** 
  35:ThreadX/common/src/tx_trace_initialize.c **** TX_TRACE_HEADER                   *_tx_trace_header_ptr;
  36:ThreadX/common/src/tx_trace_initialize.c **** 
  37:ThreadX/common/src/tx_trace_initialize.c **** 
  38:ThreadX/common/src/tx_trace_initialize.c **** /* Define the pointer to the start of the trace object registry area in the trace buffer.  */
  39:ThreadX/common/src/tx_trace_initialize.c **** 
  40:ThreadX/common/src/tx_trace_initialize.c **** TX_TRACE_OBJECT_ENTRY             *_tx_trace_registry_start_ptr;
  41:ThreadX/common/src/tx_trace_initialize.c **** 
  42:ThreadX/common/src/tx_trace_initialize.c **** 
  43:ThreadX/common/src/tx_trace_initialize.c **** /* Define the pointer to the end of the trace object registry area in the trace buffer.  */
  44:ThreadX/common/src/tx_trace_initialize.c **** 
  45:ThreadX/common/src/tx_trace_initialize.c **** TX_TRACE_OBJECT_ENTRY             *_tx_trace_registry_end_ptr;
  46:ThreadX/common/src/tx_trace_initialize.c **** 
  47:ThreadX/common/src/tx_trace_initialize.c **** 
  48:ThreadX/common/src/tx_trace_initialize.c **** /* Define the pointer to the starting entry of the actual trace event area of the trace buffer.  */
  49:ThreadX/common/src/tx_trace_initialize.c **** 
  50:ThreadX/common/src/tx_trace_initialize.c **** TX_TRACE_BUFFER_ENTRY             *_tx_trace_buffer_start_ptr;
  51:ThreadX/common/src/tx_trace_initialize.c **** 
  52:ThreadX/common/src/tx_trace_initialize.c **** 
  53:ThreadX/common/src/tx_trace_initialize.c **** /* Define the pointer to the ending entry of the actual trace event area of the trace buffer.  */
  54:ThreadX/common/src/tx_trace_initialize.c **** 
  55:ThreadX/common/src/tx_trace_initialize.c **** TX_TRACE_BUFFER_ENTRY             *_tx_trace_buffer_end_ptr;
  56:ThreadX/common/src/tx_trace_initialize.c **** 
  57:ThreadX/common/src/tx_trace_initialize.c **** 
  58:ThreadX/common/src/tx_trace_initialize.c **** /* Define the pointer to the current entry of the actual trace event area of the trace buffer.  */
  59:ThreadX/common/src/tx_trace_initialize.c **** 
  60:ThreadX/common/src/tx_trace_initialize.c **** TX_TRACE_BUFFER_ENTRY             *_tx_trace_buffer_current_ptr;
  61:ThreadX/common/src/tx_trace_initialize.c **** 
  62:ThreadX/common/src/tx_trace_initialize.c **** 
  63:ThreadX/common/src/tx_trace_initialize.c **** /* Define the trace event enable bits, where each bit represents a type of event that can be enable
  64:ThreadX/common/src/tx_trace_initialize.c ****    or disabled dynamically by the application.  */
  65:ThreadX/common/src/tx_trace_initialize.c **** 
  66:ThreadX/common/src/tx_trace_initialize.c **** ULONG                            _tx_trace_event_enable_bits;
  67:ThreadX/common/src/tx_trace_initialize.c **** 
  68:ThreadX/common/src/tx_trace_initialize.c **** 
  69:ThreadX/common/src/tx_trace_initialize.c **** /* Define a counter that is used in environments that don't have a timer source. This counter
  70:ThreadX/common/src/tx_trace_initialize.c ****    is incremented on each use giving each event a unique timestamp.  */
  71:ThreadX/common/src/tx_trace_initialize.c **** 
  72:ThreadX/common/src/tx_trace_initialize.c **** ULONG                             _tx_trace_simulated_time;
  73:ThreadX/common/src/tx_trace_initialize.c **** 
  74:ThreadX/common/src/tx_trace_initialize.c **** 
  75:ThreadX/common/src/tx_trace_initialize.c **** /* Define the function pointer used to call the application when the trace buffer wraps. If NULL,
  76:ThreadX/common/src/tx_trace_initialize.c ****    the application has not registered a callback function.  */
  77:ThreadX/common/src/tx_trace_initialize.c **** 
  78:ThreadX/common/src/tx_trace_initialize.c **** VOID                             (*_tx_trace_full_notify_function)(VOID *buffer);
  79:ThreadX/common/src/tx_trace_initialize.c **** 
  80:ThreadX/common/src/tx_trace_initialize.c **** 
  81:ThreadX/common/src/tx_trace_initialize.c **** /* Define the total number of registry entries.  */
  82:ThreadX/common/src/tx_trace_initialize.c **** 
  83:ThreadX/common/src/tx_trace_initialize.c **** ULONG                             _tx_trace_total_registry_entries;
  84:ThreadX/common/src/tx_trace_initialize.c **** 
  85:ThreadX/common/src/tx_trace_initialize.c **** 
  86:ThreadX/common/src/tx_trace_initialize.c **** /* Define a counter that is used to track the number of available registry entries.  */
  87:ThreadX/common/src/tx_trace_initialize.c **** 
  88:ThreadX/common/src/tx_trace_initialize.c **** ULONG                             _tx_trace_available_registry_entries;
ARM GAS  /tmp/ccHXRHDe.s 			page 3


  89:ThreadX/common/src/tx_trace_initialize.c **** 
  90:ThreadX/common/src/tx_trace_initialize.c **** 
  91:ThreadX/common/src/tx_trace_initialize.c **** /* Define an index that represents the start of the registry search.  */
  92:ThreadX/common/src/tx_trace_initialize.c **** 
  93:ThreadX/common/src/tx_trace_initialize.c **** ULONG                             _tx_trace_registry_search_start;
  94:ThreadX/common/src/tx_trace_initialize.c **** 
  95:ThreadX/common/src/tx_trace_initialize.c **** #endif
  96:ThreadX/common/src/tx_trace_initialize.c **** 
  97:ThreadX/common/src/tx_trace_initialize.c **** 
  98:ThreadX/common/src/tx_trace_initialize.c **** /**************************************************************************/
  99:ThreadX/common/src/tx_trace_initialize.c **** /*                                                                        */
 100:ThreadX/common/src/tx_trace_initialize.c **** /*  FUNCTION                                               RELEASE        */
 101:ThreadX/common/src/tx_trace_initialize.c **** /*                                                                        */
 102:ThreadX/common/src/tx_trace_initialize.c **** /*    _tx_trace_initialize                                PORTABLE C      */
 103:ThreadX/common/src/tx_trace_initialize.c **** /*                                                           6.1          */
 104:ThreadX/common/src/tx_trace_initialize.c **** /*  AUTHOR                                                                */
 105:ThreadX/common/src/tx_trace_initialize.c **** /*                                                                        */
 106:ThreadX/common/src/tx_trace_initialize.c **** /*    William E. Lamie, Microsoft Corporation                             */
 107:ThreadX/common/src/tx_trace_initialize.c **** /*                                                                        */
 108:ThreadX/common/src/tx_trace_initialize.c **** /*  DESCRIPTION                                                           */
 109:ThreadX/common/src/tx_trace_initialize.c **** /*                                                                        */
 110:ThreadX/common/src/tx_trace_initialize.c **** /*    This function initializes the various control data structures for   */
 111:ThreadX/common/src/tx_trace_initialize.c **** /*    the trace component.                                                */
 112:ThreadX/common/src/tx_trace_initialize.c **** /*                                                                        */
 113:ThreadX/common/src/tx_trace_initialize.c **** /*  INPUT                                                                 */
 114:ThreadX/common/src/tx_trace_initialize.c **** /*                                                                        */
 115:ThreadX/common/src/tx_trace_initialize.c **** /*    None                                                                */
 116:ThreadX/common/src/tx_trace_initialize.c **** /*                                                                        */
 117:ThreadX/common/src/tx_trace_initialize.c **** /*  OUTPUT                                                                */
 118:ThreadX/common/src/tx_trace_initialize.c **** /*                                                                        */
 119:ThreadX/common/src/tx_trace_initialize.c **** /*    None                                                                */
 120:ThreadX/common/src/tx_trace_initialize.c **** /*                                                                        */
 121:ThreadX/common/src/tx_trace_initialize.c **** /*  CALLS                                                                 */
 122:ThreadX/common/src/tx_trace_initialize.c **** /*                                                                        */
 123:ThreadX/common/src/tx_trace_initialize.c **** /*    None                                                                */
 124:ThreadX/common/src/tx_trace_initialize.c **** /*                                                                        */
 125:ThreadX/common/src/tx_trace_initialize.c **** /*  CALLED BY                                                             */
 126:ThreadX/common/src/tx_trace_initialize.c **** /*                                                                        */
 127:ThreadX/common/src/tx_trace_initialize.c **** /*    _tx_initialize_high_level         High level initialization         */
 128:ThreadX/common/src/tx_trace_initialize.c **** /*                                                                        */
 129:ThreadX/common/src/tx_trace_initialize.c **** /*  RELEASE HISTORY                                                       */
 130:ThreadX/common/src/tx_trace_initialize.c **** /*                                                                        */
 131:ThreadX/common/src/tx_trace_initialize.c **** /*    DATE              NAME                      DESCRIPTION             */
 132:ThreadX/common/src/tx_trace_initialize.c **** /*                                                                        */
 133:ThreadX/common/src/tx_trace_initialize.c **** /*  05-19-2020     William E. Lamie         Initial Version 6.0           */
 134:ThreadX/common/src/tx_trace_initialize.c **** /*  09-30-2020     Yuxin Zhou               Modified comment(s),          */
 135:ThreadX/common/src/tx_trace_initialize.c **** /*                                            resulting in version 6.1    */
 136:ThreadX/common/src/tx_trace_initialize.c **** /*                                                                        */
 137:ThreadX/common/src/tx_trace_initialize.c **** /**************************************************************************/
 138:ThreadX/common/src/tx_trace_initialize.c **** VOID  _tx_trace_initialize(VOID)
 139:ThreadX/common/src/tx_trace_initialize.c **** {
  28              		.loc 1 139 0
  29              		.cfi_startproc
  30              		@ args = 0, pretend = 0, frame = 0
  31              		@ frame_needed = 0, uses_anonymous_args = 0
  32              		@ link register save eliminated.
 140:ThreadX/common/src/tx_trace_initialize.c **** 
ARM GAS  /tmp/ccHXRHDe.s 			page 4


 141:ThreadX/common/src/tx_trace_initialize.c **** #ifdef TX_ENABLE_EVENT_TRACE
 142:ThreadX/common/src/tx_trace_initialize.c **** #ifndef TX_DISABLE_REDUNDANT_CLEARING
 143:ThreadX/common/src/tx_trace_initialize.c **** 
 144:ThreadX/common/src/tx_trace_initialize.c ****     /* Initialize all the pointers to the trace buffer to NULL.  */
 145:ThreadX/common/src/tx_trace_initialize.c ****     _tx_trace_header_ptr =          TX_NULL;
 146:ThreadX/common/src/tx_trace_initialize.c ****     _tx_trace_registry_start_ptr =  TX_NULL;
 147:ThreadX/common/src/tx_trace_initialize.c ****     _tx_trace_registry_end_ptr =    TX_NULL;
 148:ThreadX/common/src/tx_trace_initialize.c ****     _tx_trace_buffer_start_ptr =    TX_NULL;
 149:ThreadX/common/src/tx_trace_initialize.c ****     _tx_trace_buffer_end_ptr =      TX_NULL;
 150:ThreadX/common/src/tx_trace_initialize.c ****     _tx_trace_buffer_current_ptr =  TX_NULL;
 151:ThreadX/common/src/tx_trace_initialize.c **** #endif
 152:ThreadX/common/src/tx_trace_initialize.c **** #endif
 153:ThreadX/common/src/tx_trace_initialize.c **** }
  33              		.loc 1 153 0
  34 0000 7047     		bx	lr
  35              		.cfi_endproc
  36              	.LFE8:
  38              		.text
  39              	.Letext0:
  40              		.file 2 "/usr/include/newlib/sys/lock.h"
  41              		.file 3 "/usr/include/newlib/sys/_types.h"
  42              		.file 4 "/usr/lib/gcc/arm-none-eabi/7.3.1/include/stddef.h"
  43              		.file 5 "/usr/include/newlib/sys/reent.h"
  44              		.file 6 "/usr/include/newlib/stdlib.h"
  45              		.file 7 "ThreadX/ports/cortex_m4/gnu/inc/tx_port.h"
ARM GAS  /tmp/ccHXRHDe.s 			page 5


DEFINED SYMBOLS
                            *ABS*:0000000000000000 tx_trace_initialize.c
     /tmp/ccHXRHDe.s:18     .text._tx_trace_initialize:0000000000000000 $t
     /tmp/ccHXRHDe.s:25     .text._tx_trace_initialize:0000000000000000 _tx_trace_initialize

NO UNDEFINED SYMBOLS
