ARM GAS  /tmp/cccSsrQy.s 			page 1


   1              		.cpu cortex-m4
   2              		.eabi_attribute 27, 1
   3              		.eabi_attribute 28, 1
   4              		.eabi_attribute 20, 1
   5              		.eabi_attribute 21, 1
   6              		.eabi_attribute 23, 3
   7              		.eabi_attribute 24, 1
   8              		.eabi_attribute 25, 1
   9              		.eabi_attribute 26, 1
  10              		.eabi_attribute 30, 1
  11              		.eabi_attribute 34, 1
  12              		.eabi_attribute 18, 4
  13              		.file	"txe_semaphore_info_get.c"
  14              		.text
  15              	.Ltext0:
  16              		.cfi_sections	.debug_frame
  17              		.section	.text._txe_semaphore_info_get,"ax",%progbits
  18              		.align	1
  19              		.global	_txe_semaphore_info_get
  20              		.syntax unified
  21              		.thumb
  22              		.thumb_func
  23              		.fpu fpv4-sp-d16
  25              	_txe_semaphore_info_get:
  26              	.LFB8:
  27              		.file 1 "ThreadX/common/src/txe_semaphore_info_get.c"
   1:ThreadX/common/src/txe_semaphore_info_get.c **** /**************************************************************************/
   2:ThreadX/common/src/txe_semaphore_info_get.c **** /*                                                                        */
   3:ThreadX/common/src/txe_semaphore_info_get.c **** /*       Copyright (c) Microsoft Corporation. All rights reserved.        */
   4:ThreadX/common/src/txe_semaphore_info_get.c **** /*                                                                        */
   5:ThreadX/common/src/txe_semaphore_info_get.c **** /*       This software is licensed under the Microsoft Software License   */
   6:ThreadX/common/src/txe_semaphore_info_get.c **** /*       Terms for Microsoft Azure RTOS. Full text of the license can be  */
   7:ThreadX/common/src/txe_semaphore_info_get.c **** /*       found in the LICENSE file at https://aka.ms/AzureRTOS_EULA       */
   8:ThreadX/common/src/txe_semaphore_info_get.c **** /*       and in the root directory of this software.                      */
   9:ThreadX/common/src/txe_semaphore_info_get.c **** /*                                                                        */
  10:ThreadX/common/src/txe_semaphore_info_get.c **** /**************************************************************************/
  11:ThreadX/common/src/txe_semaphore_info_get.c **** 
  12:ThreadX/common/src/txe_semaphore_info_get.c **** 
  13:ThreadX/common/src/txe_semaphore_info_get.c **** /**************************************************************************/
  14:ThreadX/common/src/txe_semaphore_info_get.c **** /**************************************************************************/
  15:ThreadX/common/src/txe_semaphore_info_get.c **** /**                                                                       */
  16:ThreadX/common/src/txe_semaphore_info_get.c **** /** ThreadX Component                                                     */
  17:ThreadX/common/src/txe_semaphore_info_get.c **** /**                                                                       */
  18:ThreadX/common/src/txe_semaphore_info_get.c **** /**   Semaphore                                                           */
  19:ThreadX/common/src/txe_semaphore_info_get.c **** /**                                                                       */
  20:ThreadX/common/src/txe_semaphore_info_get.c **** /**************************************************************************/
  21:ThreadX/common/src/txe_semaphore_info_get.c **** /**************************************************************************/
  22:ThreadX/common/src/txe_semaphore_info_get.c **** 
  23:ThreadX/common/src/txe_semaphore_info_get.c **** #define TX_SOURCE_CODE
  24:ThreadX/common/src/txe_semaphore_info_get.c **** 
  25:ThreadX/common/src/txe_semaphore_info_get.c **** 
  26:ThreadX/common/src/txe_semaphore_info_get.c **** /* Include necessary system files.  */
  27:ThreadX/common/src/txe_semaphore_info_get.c **** 
  28:ThreadX/common/src/txe_semaphore_info_get.c **** #include "tx_api.h"
  29:ThreadX/common/src/txe_semaphore_info_get.c **** #include "tx_semaphore.h"
  30:ThreadX/common/src/txe_semaphore_info_get.c **** 
  31:ThreadX/common/src/txe_semaphore_info_get.c **** 
ARM GAS  /tmp/cccSsrQy.s 			page 2


  32:ThreadX/common/src/txe_semaphore_info_get.c **** /**************************************************************************/
  33:ThreadX/common/src/txe_semaphore_info_get.c **** /*                                                                        */
  34:ThreadX/common/src/txe_semaphore_info_get.c **** /*  FUNCTION                                               RELEASE        */
  35:ThreadX/common/src/txe_semaphore_info_get.c **** /*                                                                        */
  36:ThreadX/common/src/txe_semaphore_info_get.c **** /*    _txe_semaphore_info_get                             PORTABLE C      */
  37:ThreadX/common/src/txe_semaphore_info_get.c **** /*                                                           6.1          */
  38:ThreadX/common/src/txe_semaphore_info_get.c **** /*  AUTHOR                                                                */
  39:ThreadX/common/src/txe_semaphore_info_get.c **** /*                                                                        */
  40:ThreadX/common/src/txe_semaphore_info_get.c **** /*    William E. Lamie, Microsoft Corporation                             */
  41:ThreadX/common/src/txe_semaphore_info_get.c **** /*                                                                        */
  42:ThreadX/common/src/txe_semaphore_info_get.c **** /*  DESCRIPTION                                                           */
  43:ThreadX/common/src/txe_semaphore_info_get.c **** /*                                                                        */
  44:ThreadX/common/src/txe_semaphore_info_get.c **** /*    This function checks for errors in the semaphore information get    */
  45:ThreadX/common/src/txe_semaphore_info_get.c **** /*    service.                                                            */
  46:ThreadX/common/src/txe_semaphore_info_get.c **** /*                                                                        */
  47:ThreadX/common/src/txe_semaphore_info_get.c **** /*  INPUT                                                                 */
  48:ThreadX/common/src/txe_semaphore_info_get.c **** /*                                                                        */
  49:ThreadX/common/src/txe_semaphore_info_get.c **** /*    semaphore_ptr                     Pointer to semaphore control block*/
  50:ThreadX/common/src/txe_semaphore_info_get.c **** /*    name                              Destination for the semaphore name*/
  51:ThreadX/common/src/txe_semaphore_info_get.c **** /*    current_value                     Destination for current value of  */
  52:ThreadX/common/src/txe_semaphore_info_get.c **** /*                                        the semaphore                   */
  53:ThreadX/common/src/txe_semaphore_info_get.c **** /*    first_suspended                   Destination for pointer of first  */
  54:ThreadX/common/src/txe_semaphore_info_get.c **** /*                                        thread suspended on semaphore   */
  55:ThreadX/common/src/txe_semaphore_info_get.c **** /*    suspended_count                   Destination for suspended count   */
  56:ThreadX/common/src/txe_semaphore_info_get.c **** /*    next_semaphore                    Destination for pointer to next   */
  57:ThreadX/common/src/txe_semaphore_info_get.c **** /*                                        semaphore on the created list   */
  58:ThreadX/common/src/txe_semaphore_info_get.c **** /*                                                                        */
  59:ThreadX/common/src/txe_semaphore_info_get.c **** /*  OUTPUT                                                                */
  60:ThreadX/common/src/txe_semaphore_info_get.c **** /*                                                                        */
  61:ThreadX/common/src/txe_semaphore_info_get.c **** /*    TX_SEMAPHORE_ERROR                Invalid semaphore pointer         */
  62:ThreadX/common/src/txe_semaphore_info_get.c **** /*    status                            Completion status                 */
  63:ThreadX/common/src/txe_semaphore_info_get.c **** /*                                                                        */
  64:ThreadX/common/src/txe_semaphore_info_get.c **** /*  CALLS                                                                 */
  65:ThreadX/common/src/txe_semaphore_info_get.c **** /*                                                                        */
  66:ThreadX/common/src/txe_semaphore_info_get.c **** /*    _tx_semaphore_info_get            Actual semaphore info get service */
  67:ThreadX/common/src/txe_semaphore_info_get.c **** /*                                                                        */
  68:ThreadX/common/src/txe_semaphore_info_get.c **** /*  CALLED BY                                                             */
  69:ThreadX/common/src/txe_semaphore_info_get.c **** /*                                                                        */
  70:ThreadX/common/src/txe_semaphore_info_get.c **** /*    Application Code                                                    */
  71:ThreadX/common/src/txe_semaphore_info_get.c **** /*                                                                        */
  72:ThreadX/common/src/txe_semaphore_info_get.c **** /*  RELEASE HISTORY                                                       */
  73:ThreadX/common/src/txe_semaphore_info_get.c **** /*                                                                        */
  74:ThreadX/common/src/txe_semaphore_info_get.c **** /*    DATE              NAME                      DESCRIPTION             */
  75:ThreadX/common/src/txe_semaphore_info_get.c **** /*                                                                        */
  76:ThreadX/common/src/txe_semaphore_info_get.c **** /*  05-19-2020     William E. Lamie         Initial Version 6.0           */
  77:ThreadX/common/src/txe_semaphore_info_get.c **** /*  09-30-2020     Yuxin Zhou               Modified comment(s),          */
  78:ThreadX/common/src/txe_semaphore_info_get.c **** /*                                            resulting in version 6.1    */
  79:ThreadX/common/src/txe_semaphore_info_get.c **** /*                                                                        */
  80:ThreadX/common/src/txe_semaphore_info_get.c **** /**************************************************************************/
  81:ThreadX/common/src/txe_semaphore_info_get.c **** UINT  _txe_semaphore_info_get(TX_SEMAPHORE *semaphore_ptr, CHAR **name, ULONG *current_value,
  82:ThreadX/common/src/txe_semaphore_info_get.c ****                     TX_THREAD **first_suspended, ULONG *suspended_count,
  83:ThreadX/common/src/txe_semaphore_info_get.c ****                     TX_SEMAPHORE **next_semaphore)
  84:ThreadX/common/src/txe_semaphore_info_get.c **** {
  28              		.loc 1 84 0
  29              		.cfi_startproc
  30              		@ args = 8, pretend = 0, frame = 0
  31              		@ frame_needed = 0, uses_anonymous_args = 0
ARM GAS  /tmp/cccSsrQy.s 			page 3


  32              	.LVL0:
  85:ThreadX/common/src/txe_semaphore_info_get.c **** 
  86:ThreadX/common/src/txe_semaphore_info_get.c **** UINT        status;
  87:ThreadX/common/src/txe_semaphore_info_get.c **** 
  88:ThreadX/common/src/txe_semaphore_info_get.c **** 
  89:ThreadX/common/src/txe_semaphore_info_get.c ****     /* Check for an invalid semaphore pointer.  */
  90:ThreadX/common/src/txe_semaphore_info_get.c ****     if (semaphore_ptr == TX_NULL)
  33              		.loc 1 90 0
  34 0000 88B1     		cbz	r0, .L3
  84:ThreadX/common/src/txe_semaphore_info_get.c **** 
  35              		.loc 1 84 0
  36 0002 30B5     		push	{r4, r5, lr}
  37              	.LCFI0:
  38              		.cfi_def_cfa_offset 12
  39              		.cfi_offset 4, -12
  40              		.cfi_offset 5, -8
  41              		.cfi_offset 14, -4
  42 0004 83B0     		sub	sp, sp, #12
  43              	.LCFI1:
  44              		.cfi_def_cfa_offset 24
  45 0006 0446     		mov	r4, r0
  91:ThreadX/common/src/txe_semaphore_info_get.c ****     {
  92:ThreadX/common/src/txe_semaphore_info_get.c **** 
  93:ThreadX/common/src/txe_semaphore_info_get.c ****         /* Semaphore pointer is invalid, return appropriate error code.  */
  94:ThreadX/common/src/txe_semaphore_info_get.c ****         status =  TX_SEMAPHORE_ERROR;
  95:ThreadX/common/src/txe_semaphore_info_get.c ****     }
  96:ThreadX/common/src/txe_semaphore_info_get.c **** 
  97:ThreadX/common/src/txe_semaphore_info_get.c ****     /* Now check for a valid semaphore ID.  */
  98:ThreadX/common/src/txe_semaphore_info_get.c ****     else if (semaphore_ptr -> tx_semaphore_id != TX_SEMAPHORE_ID)
  46              		.loc 1 98 0
  47 0008 0568     		ldr	r5, [r0]
  48 000a 0848     		ldr	r0, .L10
  49              	.LVL1:
  50 000c 8542     		cmp	r5, r0
  51 000e 02D0     		beq	.L9
  99:ThreadX/common/src/txe_semaphore_info_get.c ****     {
 100:ThreadX/common/src/txe_semaphore_info_get.c **** 
 101:ThreadX/common/src/txe_semaphore_info_get.c ****         /* Semaphore pointer is invalid, return appropriate error code.  */
 102:ThreadX/common/src/txe_semaphore_info_get.c ****         status =  TX_SEMAPHORE_ERROR;
  52              		.loc 1 102 0
  53 0010 0C20     		movs	r0, #12
  54              	.LVL2:
  55              	.L1:
 103:ThreadX/common/src/txe_semaphore_info_get.c ****     }
 104:ThreadX/common/src/txe_semaphore_info_get.c ****     else
 105:ThreadX/common/src/txe_semaphore_info_get.c ****     {
 106:ThreadX/common/src/txe_semaphore_info_get.c **** 
 107:ThreadX/common/src/txe_semaphore_info_get.c ****         /* Otherwise, call the actual semaphore information get service.  */
 108:ThreadX/common/src/txe_semaphore_info_get.c ****         status =  _tx_semaphore_info_get(semaphore_ptr, name, current_value, first_suspended,
 109:ThreadX/common/src/txe_semaphore_info_get.c ****                                                                 suspended_count, next_semaphore);
 110:ThreadX/common/src/txe_semaphore_info_get.c ****     }
 111:ThreadX/common/src/txe_semaphore_info_get.c **** 
 112:ThreadX/common/src/txe_semaphore_info_get.c ****     /* Return completion status.  */
 113:ThreadX/common/src/txe_semaphore_info_get.c ****     return(status);
 114:ThreadX/common/src/txe_semaphore_info_get.c **** }
  56              		.loc 1 114 0
  57 0012 03B0     		add	sp, sp, #12
ARM GAS  /tmp/cccSsrQy.s 			page 4


  58              	.LCFI2:
  59              		.cfi_remember_state
  60              		.cfi_def_cfa_offset 12
  61              		@ sp needed
  62 0014 30BD     		pop	{r4, r5, pc}
  63              	.LVL3:
  64              	.L9:
  65              	.LCFI3:
  66              		.cfi_restore_state
  67 0016 2046     		mov	r0, r4
 108:ThreadX/common/src/txe_semaphore_info_get.c ****                                                                 suspended_count, next_semaphore);
  68              		.loc 1 108 0
  69 0018 079C     		ldr	r4, [sp, #28]
  70              	.LVL4:
  71 001a 0194     		str	r4, [sp, #4]
  72 001c 069C     		ldr	r4, [sp, #24]
  73 001e 0094     		str	r4, [sp]
  74 0020 FFF7FEFF 		bl	_tx_semaphore_info_get
  75              	.LVL5:
  76 0024 F5E7     		b	.L1
  77              	.LVL6:
  78              	.L3:
  79              	.LCFI4:
  80              		.cfi_def_cfa_offset 0
  81              		.cfi_restore 4
  82              		.cfi_restore 5
  83              		.cfi_restore 14
  94:ThreadX/common/src/txe_semaphore_info_get.c ****     }
  84              		.loc 1 94 0
  85 0026 0C20     		movs	r0, #12
  86              	.LVL7:
  87              		.loc 1 114 0
  88 0028 7047     		bx	lr
  89              	.L11:
  90 002a 00BF     		.align	2
  91              	.L10:
  92 002c 414D4553 		.word	1397050689
  93              		.cfi_endproc
  94              	.LFE8:
  96              		.text
  97              	.Letext0:
  98              		.file 2 "/usr/include/newlib/sys/lock.h"
  99              		.file 3 "/usr/include/newlib/sys/_types.h"
 100              		.file 4 "/usr/lib/gcc/arm-none-eabi/7.3.1/include/stddef.h"
 101              		.file 5 "/usr/include/newlib/sys/reent.h"
 102              		.file 6 "/usr/include/newlib/stdlib.h"
 103              		.file 7 "ThreadX/ports/cortex_m4/gnu/inc/tx_port.h"
 104              		.file 8 "ThreadX/common/inc/tx_api.h"
 105              		.file 9 "ThreadX/common/inc/tx_semaphore.h"
ARM GAS  /tmp/cccSsrQy.s 			page 5


DEFINED SYMBOLS
                            *ABS*:0000000000000000 txe_semaphore_info_get.c
     /tmp/cccSsrQy.s:18     .text._txe_semaphore_info_get:0000000000000000 $t
     /tmp/cccSsrQy.s:25     .text._txe_semaphore_info_get:0000000000000000 _txe_semaphore_info_get
     /tmp/cccSsrQy.s:92     .text._txe_semaphore_info_get:000000000000002c $d

UNDEFINED SYMBOLS
_tx_semaphore_info_get
