ARM GAS  /tmp/ccgQ4DrO.s 			page 1


   1              		.cpu cortex-m4
   2              		.eabi_attribute 27, 1
   3              		.eabi_attribute 28, 1
   4              		.eabi_attribute 20, 1
   5              		.eabi_attribute 21, 1
   6              		.eabi_attribute 23, 3
   7              		.eabi_attribute 24, 1
   8              		.eabi_attribute 25, 1
   9              		.eabi_attribute 26, 1
  10              		.eabi_attribute 30, 1
  11              		.eabi_attribute 34, 1
  12              		.eabi_attribute 18, 4
  13              		.file	"txe_event_flags_create.c"
  14              		.text
  15              	.Ltext0:
  16              		.cfi_sections	.debug_frame
  17              		.section	.text._txe_event_flags_create,"ax",%progbits
  18              		.align	1
  19              		.global	_txe_event_flags_create
  20              		.syntax unified
  21              		.thumb
  22              		.thumb_func
  23              		.fpu fpv4-sp-d16
  25              	_txe_event_flags_create:
  26              	.LFB8:
  27              		.file 1 "ThreadX/common/src/txe_event_flags_create.c"
   1:ThreadX/common/src/txe_event_flags_create.c **** /**************************************************************************/
   2:ThreadX/common/src/txe_event_flags_create.c **** /*                                                                        */
   3:ThreadX/common/src/txe_event_flags_create.c **** /*       Copyright (c) Microsoft Corporation. All rights reserved.        */
   4:ThreadX/common/src/txe_event_flags_create.c **** /*                                                                        */
   5:ThreadX/common/src/txe_event_flags_create.c **** /*       This software is licensed under the Microsoft Software License   */
   6:ThreadX/common/src/txe_event_flags_create.c **** /*       Terms for Microsoft Azure RTOS. Full text of the license can be  */
   7:ThreadX/common/src/txe_event_flags_create.c **** /*       found in the LICENSE file at https://aka.ms/AzureRTOS_EULA       */
   8:ThreadX/common/src/txe_event_flags_create.c **** /*       and in the root directory of this software.                      */
   9:ThreadX/common/src/txe_event_flags_create.c **** /*                                                                        */
  10:ThreadX/common/src/txe_event_flags_create.c **** /**************************************************************************/
  11:ThreadX/common/src/txe_event_flags_create.c **** 
  12:ThreadX/common/src/txe_event_flags_create.c **** 
  13:ThreadX/common/src/txe_event_flags_create.c **** /**************************************************************************/
  14:ThreadX/common/src/txe_event_flags_create.c **** /**************************************************************************/
  15:ThreadX/common/src/txe_event_flags_create.c **** /**                                                                       */
  16:ThreadX/common/src/txe_event_flags_create.c **** /** ThreadX Component                                                     */
  17:ThreadX/common/src/txe_event_flags_create.c **** /**                                                                       */
  18:ThreadX/common/src/txe_event_flags_create.c **** /**   Event Flags                                                         */
  19:ThreadX/common/src/txe_event_flags_create.c **** /**                                                                       */
  20:ThreadX/common/src/txe_event_flags_create.c **** /**************************************************************************/
  21:ThreadX/common/src/txe_event_flags_create.c **** /**************************************************************************/
  22:ThreadX/common/src/txe_event_flags_create.c **** 
  23:ThreadX/common/src/txe_event_flags_create.c **** #define TX_SOURCE_CODE
  24:ThreadX/common/src/txe_event_flags_create.c **** 
  25:ThreadX/common/src/txe_event_flags_create.c **** 
  26:ThreadX/common/src/txe_event_flags_create.c **** /* Include necessary system files.  */
  27:ThreadX/common/src/txe_event_flags_create.c **** 
  28:ThreadX/common/src/txe_event_flags_create.c **** #include "tx_api.h"
  29:ThreadX/common/src/txe_event_flags_create.c **** #include "tx_initialize.h"
  30:ThreadX/common/src/txe_event_flags_create.c **** #include "tx_thread.h"
  31:ThreadX/common/src/txe_event_flags_create.c **** #include "tx_timer.h"
ARM GAS  /tmp/ccgQ4DrO.s 			page 2


  32:ThreadX/common/src/txe_event_flags_create.c **** #include "tx_event_flags.h"
  33:ThreadX/common/src/txe_event_flags_create.c **** 
  34:ThreadX/common/src/txe_event_flags_create.c **** 
  35:ThreadX/common/src/txe_event_flags_create.c **** /**************************************************************************/
  36:ThreadX/common/src/txe_event_flags_create.c **** /*                                                                        */
  37:ThreadX/common/src/txe_event_flags_create.c **** /*  FUNCTION                                               RELEASE        */
  38:ThreadX/common/src/txe_event_flags_create.c **** /*                                                                        */
  39:ThreadX/common/src/txe_event_flags_create.c **** /*    _txe_event_flags_create                             PORTABLE C      */
  40:ThreadX/common/src/txe_event_flags_create.c **** /*                                                           6.1          */
  41:ThreadX/common/src/txe_event_flags_create.c **** /*  AUTHOR                                                                */
  42:ThreadX/common/src/txe_event_flags_create.c **** /*                                                                        */
  43:ThreadX/common/src/txe_event_flags_create.c **** /*    William E. Lamie, Microsoft Corporation                             */
  44:ThreadX/common/src/txe_event_flags_create.c **** /*                                                                        */
  45:ThreadX/common/src/txe_event_flags_create.c **** /*  DESCRIPTION                                                           */
  46:ThreadX/common/src/txe_event_flags_create.c **** /*                                                                        */
  47:ThreadX/common/src/txe_event_flags_create.c **** /*    This function checks for errors in the event flag creation function */
  48:ThreadX/common/src/txe_event_flags_create.c **** /*    call.                                                               */
  49:ThreadX/common/src/txe_event_flags_create.c **** /*                                                                        */
  50:ThreadX/common/src/txe_event_flags_create.c **** /*  INPUT                                                                 */
  51:ThreadX/common/src/txe_event_flags_create.c **** /*                                                                        */
  52:ThreadX/common/src/txe_event_flags_create.c **** /*    group_ptr                         Pointer to event flags group      */
  53:ThreadX/common/src/txe_event_flags_create.c **** /*                                        control block                   */
  54:ThreadX/common/src/txe_event_flags_create.c **** /*    name_ptr                          Pointer to event flags name       */
  55:ThreadX/common/src/txe_event_flags_create.c **** /*    event_control_block_size          Size of event flags control block */
  56:ThreadX/common/src/txe_event_flags_create.c **** /*                                                                        */
  57:ThreadX/common/src/txe_event_flags_create.c **** /*  OUTPUT                                                                */
  58:ThreadX/common/src/txe_event_flags_create.c **** /*                                                                        */
  59:ThreadX/common/src/txe_event_flags_create.c **** /*    TX_GROUP_ERROR                    Invalid event flag group pointer  */
  60:ThreadX/common/src/txe_event_flags_create.c **** /*    TX_CALLER_ERROR                   Invalid calling function          */
  61:ThreadX/common/src/txe_event_flags_create.c **** /*    status                            Actual completion status          */
  62:ThreadX/common/src/txe_event_flags_create.c **** /*                                                                        */
  63:ThreadX/common/src/txe_event_flags_create.c **** /*  CALLS                                                                 */
  64:ThreadX/common/src/txe_event_flags_create.c **** /*                                                                        */
  65:ThreadX/common/src/txe_event_flags_create.c **** /*    _tx_event_flags_create            Actual create function            */
  66:ThreadX/common/src/txe_event_flags_create.c **** /*    _tx_thread_system_preempt_check   Check for preemption              */
  67:ThreadX/common/src/txe_event_flags_create.c **** /*                                                                        */
  68:ThreadX/common/src/txe_event_flags_create.c **** /*  CALLED BY                                                             */
  69:ThreadX/common/src/txe_event_flags_create.c **** /*                                                                        */
  70:ThreadX/common/src/txe_event_flags_create.c **** /*    Application Code                                                    */
  71:ThreadX/common/src/txe_event_flags_create.c **** /*                                                                        */
  72:ThreadX/common/src/txe_event_flags_create.c **** /*  RELEASE HISTORY                                                       */
  73:ThreadX/common/src/txe_event_flags_create.c **** /*                                                                        */
  74:ThreadX/common/src/txe_event_flags_create.c **** /*    DATE              NAME                      DESCRIPTION             */
  75:ThreadX/common/src/txe_event_flags_create.c **** /*                                                                        */
  76:ThreadX/common/src/txe_event_flags_create.c **** /*  05-19-2020     William E. Lamie         Initial Version 6.0           */
  77:ThreadX/common/src/txe_event_flags_create.c **** /*  09-30-2020     Yuxin Zhou               Modified comment(s),          */
  78:ThreadX/common/src/txe_event_flags_create.c **** /*                                            resulting in version 6.1    */
  79:ThreadX/common/src/txe_event_flags_create.c **** /*                                                                        */
  80:ThreadX/common/src/txe_event_flags_create.c **** /**************************************************************************/
  81:ThreadX/common/src/txe_event_flags_create.c **** UINT  _txe_event_flags_create(TX_EVENT_FLAGS_GROUP *group_ptr, CHAR *name_ptr, UINT event_control_b
  82:ThreadX/common/src/txe_event_flags_create.c **** {
  28              		.loc 1 82 0
  29              		.cfi_startproc
  30              		@ args = 0, pretend = 0, frame = 0
  31              		@ frame_needed = 0, uses_anonymous_args = 0
  32              	.LVL0:
  83:ThreadX/common/src/txe_event_flags_create.c **** 
ARM GAS  /tmp/ccgQ4DrO.s 			page 3


  84:ThreadX/common/src/txe_event_flags_create.c **** TX_INTERRUPT_SAVE_AREA
  85:ThreadX/common/src/txe_event_flags_create.c **** 
  86:ThreadX/common/src/txe_event_flags_create.c **** UINT                        status;
  87:ThreadX/common/src/txe_event_flags_create.c **** ULONG                       i;
  88:ThreadX/common/src/txe_event_flags_create.c **** TX_EVENT_FLAGS_GROUP        *next_group;
  89:ThreadX/common/src/txe_event_flags_create.c **** #ifndef TX_TIMER_PROCESS_IN_ISR
  90:ThreadX/common/src/txe_event_flags_create.c **** TX_THREAD                   *thread_ptr;
  91:ThreadX/common/src/txe_event_flags_create.c **** #endif
  92:ThreadX/common/src/txe_event_flags_create.c **** 
  93:ThreadX/common/src/txe_event_flags_create.c **** 
  94:ThreadX/common/src/txe_event_flags_create.c ****     /* Default status to success.  */
  95:ThreadX/common/src/txe_event_flags_create.c ****     status =  TX_SUCCESS;
  96:ThreadX/common/src/txe_event_flags_create.c **** 
  97:ThreadX/common/src/txe_event_flags_create.c ****     /* Check for an invalid event flags group pointer.  */
  98:ThreadX/common/src/txe_event_flags_create.c ****     if (group_ptr == TX_NULL)
  33              		.loc 1 98 0
  34 0000 0028     		cmp	r0, #0
  35 0002 42D0     		beq	.L8
  82:ThreadX/common/src/txe_event_flags_create.c **** 
  36              		.loc 1 82 0
  37 0004 70B5     		push	{r4, r5, r6, lr}
  38              	.LCFI0:
  39              		.cfi_def_cfa_offset 16
  40              		.cfi_offset 4, -16
  41              		.cfi_offset 5, -12
  42              		.cfi_offset 6, -8
  43              		.cfi_offset 14, -4
  44 0006 0546     		mov	r5, r0
  99:ThreadX/common/src/txe_event_flags_create.c ****     {
 100:ThreadX/common/src/txe_event_flags_create.c **** 
 101:ThreadX/common/src/txe_event_flags_create.c ****         /* Event flags group pointer is invalid, return appropriate error code.  */
 102:ThreadX/common/src/txe_event_flags_create.c ****         status =  TX_GROUP_ERROR;
 103:ThreadX/common/src/txe_event_flags_create.c ****     }
 104:ThreadX/common/src/txe_event_flags_create.c **** 
 105:ThreadX/common/src/txe_event_flags_create.c ****     /* Now check for proper control block size.  */
 106:ThreadX/common/src/txe_event_flags_create.c ****     else if (event_control_block_size != (sizeof(TX_EVENT_FLAGS_GROUP)))
  45              		.loc 1 106 0
  46 0008 282A     		cmp	r2, #40
  47 000a 40D1     		bne	.L9
  48              	.LBB20:
  49              	.LBB21:
  50              	.LBB22:
  51              	.LBB23:
  52              		.file 2 "ThreadX/ports/cortex_m4/gnu/inc/tx_port.h"
   1:ThreadX/ports/cortex_m4/gnu/inc/tx_port.h **** /**************************************************************************/
   2:ThreadX/ports/cortex_m4/gnu/inc/tx_port.h **** /*                                                                        */
   3:ThreadX/ports/cortex_m4/gnu/inc/tx_port.h **** /*       Copyright (c) Microsoft Corporation. All rights reserved.        */
   4:ThreadX/ports/cortex_m4/gnu/inc/tx_port.h **** /*                                                                        */
   5:ThreadX/ports/cortex_m4/gnu/inc/tx_port.h **** /*       This software is licensed under the Microsoft Software License   */
   6:ThreadX/ports/cortex_m4/gnu/inc/tx_port.h **** /*       Terms for Microsoft Azure RTOS. Full text of the license can be  */
   7:ThreadX/ports/cortex_m4/gnu/inc/tx_port.h **** /*       found in the LICENSE file at https://aka.ms/AzureRTOS_EULA       */
   8:ThreadX/ports/cortex_m4/gnu/inc/tx_port.h **** /*       and in the root directory of this software.                      */
   9:ThreadX/ports/cortex_m4/gnu/inc/tx_port.h **** /*                                                                        */
  10:ThreadX/ports/cortex_m4/gnu/inc/tx_port.h **** /**************************************************************************/
  11:ThreadX/ports/cortex_m4/gnu/inc/tx_port.h **** 
  12:ThreadX/ports/cortex_m4/gnu/inc/tx_port.h **** 
  13:ThreadX/ports/cortex_m4/gnu/inc/tx_port.h **** /**************************************************************************/
ARM GAS  /tmp/ccgQ4DrO.s 			page 4


  14:ThreadX/ports/cortex_m4/gnu/inc/tx_port.h **** /**************************************************************************/
  15:ThreadX/ports/cortex_m4/gnu/inc/tx_port.h **** /**                                                                       */
  16:ThreadX/ports/cortex_m4/gnu/inc/tx_port.h **** /** ThreadX Component                                                     */
  17:ThreadX/ports/cortex_m4/gnu/inc/tx_port.h **** /**                                                                       */
  18:ThreadX/ports/cortex_m4/gnu/inc/tx_port.h **** /**   Port Specific                                                       */
  19:ThreadX/ports/cortex_m4/gnu/inc/tx_port.h **** /**                                                                       */
  20:ThreadX/ports/cortex_m4/gnu/inc/tx_port.h **** /**************************************************************************/
  21:ThreadX/ports/cortex_m4/gnu/inc/tx_port.h **** /**************************************************************************/
  22:ThreadX/ports/cortex_m4/gnu/inc/tx_port.h **** 
  23:ThreadX/ports/cortex_m4/gnu/inc/tx_port.h **** 
  24:ThreadX/ports/cortex_m4/gnu/inc/tx_port.h **** /**************************************************************************/
  25:ThreadX/ports/cortex_m4/gnu/inc/tx_port.h **** /*                                                                        */
  26:ThreadX/ports/cortex_m4/gnu/inc/tx_port.h **** /*  PORT SPECIFIC C INFORMATION                            RELEASE        */
  27:ThreadX/ports/cortex_m4/gnu/inc/tx_port.h **** /*                                                                        */
  28:ThreadX/ports/cortex_m4/gnu/inc/tx_port.h **** /*    tx_port.h                                         Cortex-M4/GNU     */
  29:ThreadX/ports/cortex_m4/gnu/inc/tx_port.h **** /*                                                           6.1.10       */
  30:ThreadX/ports/cortex_m4/gnu/inc/tx_port.h **** /*                                                                        */
  31:ThreadX/ports/cortex_m4/gnu/inc/tx_port.h **** /*  AUTHOR                                                                */
  32:ThreadX/ports/cortex_m4/gnu/inc/tx_port.h **** /*                                                                        */
  33:ThreadX/ports/cortex_m4/gnu/inc/tx_port.h **** /*    Scott Larson, Microsoft Corporation                                 */
  34:ThreadX/ports/cortex_m4/gnu/inc/tx_port.h **** /*                                                                        */
  35:ThreadX/ports/cortex_m4/gnu/inc/tx_port.h **** /*  DESCRIPTION                                                           */
  36:ThreadX/ports/cortex_m4/gnu/inc/tx_port.h **** /*                                                                        */
  37:ThreadX/ports/cortex_m4/gnu/inc/tx_port.h **** /*    This file contains data type definitions that make the ThreadX      */
  38:ThreadX/ports/cortex_m4/gnu/inc/tx_port.h **** /*    real-time kernel function identically on a variety of different     */
  39:ThreadX/ports/cortex_m4/gnu/inc/tx_port.h **** /*    processor architectures.  For example, the size or number of bits   */
  40:ThreadX/ports/cortex_m4/gnu/inc/tx_port.h **** /*    in an "int" data type vary between microprocessor architectures and */
  41:ThreadX/ports/cortex_m4/gnu/inc/tx_port.h **** /*    even C compilers for the same microprocessor.  ThreadX does not     */
  42:ThreadX/ports/cortex_m4/gnu/inc/tx_port.h **** /*    directly use native C data types.  Instead, ThreadX creates its     */
  43:ThreadX/ports/cortex_m4/gnu/inc/tx_port.h **** /*    own special types that can be mapped to actual data types by this   */
  44:ThreadX/ports/cortex_m4/gnu/inc/tx_port.h **** /*    file to guarantee consistency in the interface and functionality.   */
  45:ThreadX/ports/cortex_m4/gnu/inc/tx_port.h **** /*                                                                        */
  46:ThreadX/ports/cortex_m4/gnu/inc/tx_port.h **** /*    This file replaces the previous Cortex-M3/M4/M7 files. It unifies   */
  47:ThreadX/ports/cortex_m4/gnu/inc/tx_port.h **** /*    the ARMv7-M architecture and compilers into one common file.        */
  48:ThreadX/ports/cortex_m4/gnu/inc/tx_port.h **** /*                                                                        */
  49:ThreadX/ports/cortex_m4/gnu/inc/tx_port.h **** /*  RELEASE HISTORY                                                       */
  50:ThreadX/ports/cortex_m4/gnu/inc/tx_port.h **** /*                                                                        */
  51:ThreadX/ports/cortex_m4/gnu/inc/tx_port.h **** /*    DATE              NAME                      DESCRIPTION             */
  52:ThreadX/ports/cortex_m4/gnu/inc/tx_port.h **** /*                                                                        */
  53:ThreadX/ports/cortex_m4/gnu/inc/tx_port.h **** /*  06-02-2021      Scott Larson            Initial Version 6.1.7         */
  54:ThreadX/ports/cortex_m4/gnu/inc/tx_port.h **** /*  01-31-2022      Scott Larson            Modified comments, updated    */
  55:ThreadX/ports/cortex_m4/gnu/inc/tx_port.h **** /*                                            typedef to fix misra        */
  56:ThreadX/ports/cortex_m4/gnu/inc/tx_port.h **** /*                                            violation,                  */
  57:ThreadX/ports/cortex_m4/gnu/inc/tx_port.h **** /*                                            fixed predefined macro,     */
  58:ThreadX/ports/cortex_m4/gnu/inc/tx_port.h **** /*                                            resulting in version 6.1.10 */
  59:ThreadX/ports/cortex_m4/gnu/inc/tx_port.h **** /*                                                                        */
  60:ThreadX/ports/cortex_m4/gnu/inc/tx_port.h **** /**************************************************************************/
  61:ThreadX/ports/cortex_m4/gnu/inc/tx_port.h **** 
  62:ThreadX/ports/cortex_m4/gnu/inc/tx_port.h **** #ifndef TX_PORT_H
  63:ThreadX/ports/cortex_m4/gnu/inc/tx_port.h **** #define TX_PORT_H
  64:ThreadX/ports/cortex_m4/gnu/inc/tx_port.h **** 
  65:ThreadX/ports/cortex_m4/gnu/inc/tx_port.h **** 
  66:ThreadX/ports/cortex_m4/gnu/inc/tx_port.h **** /* Determine if the optional ThreadX user define file should be used.  */
  67:ThreadX/ports/cortex_m4/gnu/inc/tx_port.h **** 
  68:ThreadX/ports/cortex_m4/gnu/inc/tx_port.h **** #ifdef TX_INCLUDE_USER_DEFINE_FILE
  69:ThreadX/ports/cortex_m4/gnu/inc/tx_port.h **** 
  70:ThreadX/ports/cortex_m4/gnu/inc/tx_port.h **** /* Yes, include the user defines in tx_user.h. The defines in this file may
ARM GAS  /tmp/ccgQ4DrO.s 			page 5


  71:ThreadX/ports/cortex_m4/gnu/inc/tx_port.h ****    alternately be defined on the command line.  */
  72:ThreadX/ports/cortex_m4/gnu/inc/tx_port.h **** 
  73:ThreadX/ports/cortex_m4/gnu/inc/tx_port.h **** #include "tx_user.h"
  74:ThreadX/ports/cortex_m4/gnu/inc/tx_port.h **** #endif
  75:ThreadX/ports/cortex_m4/gnu/inc/tx_port.h **** 
  76:ThreadX/ports/cortex_m4/gnu/inc/tx_port.h **** 
  77:ThreadX/ports/cortex_m4/gnu/inc/tx_port.h **** /* Define compiler library include files.  */
  78:ThreadX/ports/cortex_m4/gnu/inc/tx_port.h **** 
  79:ThreadX/ports/cortex_m4/gnu/inc/tx_port.h **** #include <stdlib.h>
  80:ThreadX/ports/cortex_m4/gnu/inc/tx_port.h **** #include <string.h>
  81:ThreadX/ports/cortex_m4/gnu/inc/tx_port.h **** 
  82:ThreadX/ports/cortex_m4/gnu/inc/tx_port.h **** #ifdef __ICCARM__
  83:ThreadX/ports/cortex_m4/gnu/inc/tx_port.h **** #include <intrinsics.h>                     /* IAR Intrinsics */
  84:ThreadX/ports/cortex_m4/gnu/inc/tx_port.h **** #define __asm__ __asm                       /* Define to make all inline asm look similar */
  85:ThreadX/ports/cortex_m4/gnu/inc/tx_port.h **** #ifdef  TX_ENABLE_IAR_LIBRARY_SUPPORT
  86:ThreadX/ports/cortex_m4/gnu/inc/tx_port.h **** #include <yvals.h>
  87:ThreadX/ports/cortex_m4/gnu/inc/tx_port.h **** #endif
  88:ThreadX/ports/cortex_m4/gnu/inc/tx_port.h **** #endif /* __ICCARM__ */
  89:ThreadX/ports/cortex_m4/gnu/inc/tx_port.h **** 
  90:ThreadX/ports/cortex_m4/gnu/inc/tx_port.h **** #ifdef __ghs__
  91:ThreadX/ports/cortex_m4/gnu/inc/tx_port.h **** #include <arm_ghs.h>
  92:ThreadX/ports/cortex_m4/gnu/inc/tx_port.h **** #include "tx_ghs.h"
  93:ThreadX/ports/cortex_m4/gnu/inc/tx_port.h **** #endif  /* __ghs__ */
  94:ThreadX/ports/cortex_m4/gnu/inc/tx_port.h **** 
  95:ThreadX/ports/cortex_m4/gnu/inc/tx_port.h **** 
  96:ThreadX/ports/cortex_m4/gnu/inc/tx_port.h **** #if !defined(__GNUC__) && !defined(__CC_ARM)
  97:ThreadX/ports/cortex_m4/gnu/inc/tx_port.h **** #define __get_control_value __get_CONTROL
  98:ThreadX/ports/cortex_m4/gnu/inc/tx_port.h **** #define __set_control_value __set_CONTROL
  99:ThreadX/ports/cortex_m4/gnu/inc/tx_port.h **** #endif
 100:ThreadX/ports/cortex_m4/gnu/inc/tx_port.h **** 
 101:ThreadX/ports/cortex_m4/gnu/inc/tx_port.h **** #ifndef __GNUC__
 102:ThreadX/ports/cortex_m4/gnu/inc/tx_port.h **** #define __get_ipsr_value __get_IPSR
 103:ThreadX/ports/cortex_m4/gnu/inc/tx_port.h **** #endif
 104:ThreadX/ports/cortex_m4/gnu/inc/tx_port.h **** 
 105:ThreadX/ports/cortex_m4/gnu/inc/tx_port.h **** /* Define ThreadX basic types for this port.  */
 106:ThreadX/ports/cortex_m4/gnu/inc/tx_port.h **** 
 107:ThreadX/ports/cortex_m4/gnu/inc/tx_port.h **** #define VOID                                    void
 108:ThreadX/ports/cortex_m4/gnu/inc/tx_port.h **** typedef char                                    CHAR;
 109:ThreadX/ports/cortex_m4/gnu/inc/tx_port.h **** typedef unsigned char                           UCHAR;
 110:ThreadX/ports/cortex_m4/gnu/inc/tx_port.h **** typedef int                                     INT;
 111:ThreadX/ports/cortex_m4/gnu/inc/tx_port.h **** typedef unsigned int                            UINT;
 112:ThreadX/ports/cortex_m4/gnu/inc/tx_port.h **** typedef long                                    LONG;
 113:ThreadX/ports/cortex_m4/gnu/inc/tx_port.h **** typedef unsigned long                           ULONG;
 114:ThreadX/ports/cortex_m4/gnu/inc/tx_port.h **** typedef unsigned long long                      ULONG64;
 115:ThreadX/ports/cortex_m4/gnu/inc/tx_port.h **** typedef short                                   SHORT;
 116:ThreadX/ports/cortex_m4/gnu/inc/tx_port.h **** typedef unsigned short                          USHORT;
 117:ThreadX/ports/cortex_m4/gnu/inc/tx_port.h **** #define ULONG64_DEFINED
 118:ThreadX/ports/cortex_m4/gnu/inc/tx_port.h **** 
 119:ThreadX/ports/cortex_m4/gnu/inc/tx_port.h **** /* Define the priority levels for ThreadX.  Legal values range
 120:ThreadX/ports/cortex_m4/gnu/inc/tx_port.h ****    from 32 to 1024 and MUST be evenly divisible by 32.  */
 121:ThreadX/ports/cortex_m4/gnu/inc/tx_port.h **** 
 122:ThreadX/ports/cortex_m4/gnu/inc/tx_port.h **** #ifndef TX_MAX_PRIORITIES
 123:ThreadX/ports/cortex_m4/gnu/inc/tx_port.h **** #define TX_MAX_PRIORITIES                       32
 124:ThreadX/ports/cortex_m4/gnu/inc/tx_port.h **** #endif
 125:ThreadX/ports/cortex_m4/gnu/inc/tx_port.h **** 
 126:ThreadX/ports/cortex_m4/gnu/inc/tx_port.h **** 
 127:ThreadX/ports/cortex_m4/gnu/inc/tx_port.h **** /* Define the minimum stack for a ThreadX thread on this processor. If the size supplied during
ARM GAS  /tmp/ccgQ4DrO.s 			page 6


 128:ThreadX/ports/cortex_m4/gnu/inc/tx_port.h ****    thread creation is less than this value, the thread create call will return an error.  */
 129:ThreadX/ports/cortex_m4/gnu/inc/tx_port.h **** 
 130:ThreadX/ports/cortex_m4/gnu/inc/tx_port.h **** #ifndef TX_MINIMUM_STACK
 131:ThreadX/ports/cortex_m4/gnu/inc/tx_port.h **** #define TX_MINIMUM_STACK                        200         /* Minimum stack size for this port  */
 132:ThreadX/ports/cortex_m4/gnu/inc/tx_port.h **** #endif
 133:ThreadX/ports/cortex_m4/gnu/inc/tx_port.h **** 
 134:ThreadX/ports/cortex_m4/gnu/inc/tx_port.h **** 
 135:ThreadX/ports/cortex_m4/gnu/inc/tx_port.h **** /* Define the system timer thread's default stack size and priority.  These are only applicable
 136:ThreadX/ports/cortex_m4/gnu/inc/tx_port.h ****    if TX_TIMER_PROCESS_IN_ISR is not defined.  */
 137:ThreadX/ports/cortex_m4/gnu/inc/tx_port.h **** 
 138:ThreadX/ports/cortex_m4/gnu/inc/tx_port.h **** #ifndef TX_TIMER_THREAD_STACK_SIZE
 139:ThreadX/ports/cortex_m4/gnu/inc/tx_port.h **** #define TX_TIMER_THREAD_STACK_SIZE              1024        /* Default timer thread stack size  */
 140:ThreadX/ports/cortex_m4/gnu/inc/tx_port.h **** #endif
 141:ThreadX/ports/cortex_m4/gnu/inc/tx_port.h **** 
 142:ThreadX/ports/cortex_m4/gnu/inc/tx_port.h **** #ifndef TX_TIMER_THREAD_PRIORITY
 143:ThreadX/ports/cortex_m4/gnu/inc/tx_port.h **** #define TX_TIMER_THREAD_PRIORITY                0           /* Default timer thread priority    */
 144:ThreadX/ports/cortex_m4/gnu/inc/tx_port.h **** #endif
 145:ThreadX/ports/cortex_m4/gnu/inc/tx_port.h **** 
 146:ThreadX/ports/cortex_m4/gnu/inc/tx_port.h **** 
 147:ThreadX/ports/cortex_m4/gnu/inc/tx_port.h **** /* Define various constants for the ThreadX Cortex-M port.  */
 148:ThreadX/ports/cortex_m4/gnu/inc/tx_port.h **** 
 149:ThreadX/ports/cortex_m4/gnu/inc/tx_port.h **** #define TX_INT_DISABLE                          1           /* Disable interrupts               */
 150:ThreadX/ports/cortex_m4/gnu/inc/tx_port.h **** #define TX_INT_ENABLE                           0           /* Enable interrupts                */
 151:ThreadX/ports/cortex_m4/gnu/inc/tx_port.h **** 
 152:ThreadX/ports/cortex_m4/gnu/inc/tx_port.h **** 
 153:ThreadX/ports/cortex_m4/gnu/inc/tx_port.h **** /* Define the clock source for trace event entry time stamp. The following two item are port specif
 154:ThreadX/ports/cortex_m4/gnu/inc/tx_port.h ****    For example, if the time source is at the address 0x0a800024 and is 16-bits in size, the clock
 155:ThreadX/ports/cortex_m4/gnu/inc/tx_port.h ****    source constants would be:
 156:ThreadX/ports/cortex_m4/gnu/inc/tx_port.h **** 
 157:ThreadX/ports/cortex_m4/gnu/inc/tx_port.h **** #define TX_TRACE_TIME_SOURCE                    *((ULONG *) 0x0a800024)
 158:ThreadX/ports/cortex_m4/gnu/inc/tx_port.h **** #define TX_TRACE_TIME_MASK                      0x0000FFFFUL
 159:ThreadX/ports/cortex_m4/gnu/inc/tx_port.h **** 
 160:ThreadX/ports/cortex_m4/gnu/inc/tx_port.h **** */
 161:ThreadX/ports/cortex_m4/gnu/inc/tx_port.h **** 
 162:ThreadX/ports/cortex_m4/gnu/inc/tx_port.h **** #ifndef TX_MISRA_ENABLE
 163:ThreadX/ports/cortex_m4/gnu/inc/tx_port.h **** #ifndef TX_TRACE_TIME_SOURCE
 164:ThreadX/ports/cortex_m4/gnu/inc/tx_port.h **** #define TX_TRACE_TIME_SOURCE                    *((ULONG *) 0xE0001004)
 165:ThreadX/ports/cortex_m4/gnu/inc/tx_port.h **** #endif
 166:ThreadX/ports/cortex_m4/gnu/inc/tx_port.h **** #else
 167:ThreadX/ports/cortex_m4/gnu/inc/tx_port.h **** ULONG   _tx_misra_time_stamp_get(VOID);
 168:ThreadX/ports/cortex_m4/gnu/inc/tx_port.h **** #define TX_TRACE_TIME_SOURCE                    _tx_misra_time_stamp_get()
 169:ThreadX/ports/cortex_m4/gnu/inc/tx_port.h **** #endif
 170:ThreadX/ports/cortex_m4/gnu/inc/tx_port.h **** 
 171:ThreadX/ports/cortex_m4/gnu/inc/tx_port.h **** #ifndef TX_TRACE_TIME_MASK
 172:ThreadX/ports/cortex_m4/gnu/inc/tx_port.h **** #define TX_TRACE_TIME_MASK                      0xFFFFFFFFUL
 173:ThreadX/ports/cortex_m4/gnu/inc/tx_port.h **** #endif
 174:ThreadX/ports/cortex_m4/gnu/inc/tx_port.h **** 
 175:ThreadX/ports/cortex_m4/gnu/inc/tx_port.h **** #ifdef __ghs__
 176:ThreadX/ports/cortex_m4/gnu/inc/tx_port.h **** /* Define constants for Green Hills EventAnalyzer.  */
 177:ThreadX/ports/cortex_m4/gnu/inc/tx_port.h **** 
 178:ThreadX/ports/cortex_m4/gnu/inc/tx_port.h **** /* Define the number of ticks per second. This informs the EventAnalyzer what the timestamps
 179:ThreadX/ports/cortex_m4/gnu/inc/tx_port.h ****    represent.  By default, this is set to 1,000,000 i.e., one tick every microsecond. */
 180:ThreadX/ports/cortex_m4/gnu/inc/tx_port.h **** 
 181:ThreadX/ports/cortex_m4/gnu/inc/tx_port.h **** #define TX_EL_TICKS_PER_SECOND                  1000000
 182:ThreadX/ports/cortex_m4/gnu/inc/tx_port.h **** 
 183:ThreadX/ports/cortex_m4/gnu/inc/tx_port.h **** /* Define the method of how to get the upper and lower 32-bits of the time stamp. By default, simpl
 184:ThreadX/ports/cortex_m4/gnu/inc/tx_port.h ****    simulate the time-stamp source with a counter.  */
ARM GAS  /tmp/ccgQ4DrO.s 			page 7


 185:ThreadX/ports/cortex_m4/gnu/inc/tx_port.h **** 
 186:ThreadX/ports/cortex_m4/gnu/inc/tx_port.h **** #define read_tbu()                              _tx_el_time_base_upper
 187:ThreadX/ports/cortex_m4/gnu/inc/tx_port.h **** #define read_tbl()                              ++_tx_el_time_base_lower
 188:ThreadX/ports/cortex_m4/gnu/inc/tx_port.h **** #endif  /* __ghs__ */
 189:ThreadX/ports/cortex_m4/gnu/inc/tx_port.h **** 
 190:ThreadX/ports/cortex_m4/gnu/inc/tx_port.h **** /* Define the port specific options for the _tx_build_options variable. This variable indicates
 191:ThreadX/ports/cortex_m4/gnu/inc/tx_port.h ****    how the ThreadX library was built.  */
 192:ThreadX/ports/cortex_m4/gnu/inc/tx_port.h **** 
 193:ThreadX/ports/cortex_m4/gnu/inc/tx_port.h **** #define TX_PORT_SPECIFIC_BUILD_OPTIONS          (0)
 194:ThreadX/ports/cortex_m4/gnu/inc/tx_port.h **** 
 195:ThreadX/ports/cortex_m4/gnu/inc/tx_port.h **** 
 196:ThreadX/ports/cortex_m4/gnu/inc/tx_port.h **** /* Define the in-line initialization constant so that modules with in-line
 197:ThreadX/ports/cortex_m4/gnu/inc/tx_port.h ****    initialization capabilities can prevent their initialization from being
 198:ThreadX/ports/cortex_m4/gnu/inc/tx_port.h ****    a function call.  */
 199:ThreadX/ports/cortex_m4/gnu/inc/tx_port.h **** 
 200:ThreadX/ports/cortex_m4/gnu/inc/tx_port.h **** #ifdef TX_MISRA_ENABLE
 201:ThreadX/ports/cortex_m4/gnu/inc/tx_port.h **** #define TX_DISABLE_INLINE
 202:ThreadX/ports/cortex_m4/gnu/inc/tx_port.h **** #else
 203:ThreadX/ports/cortex_m4/gnu/inc/tx_port.h **** #define TX_INLINE_INITIALIZATION
 204:ThreadX/ports/cortex_m4/gnu/inc/tx_port.h **** #endif
 205:ThreadX/ports/cortex_m4/gnu/inc/tx_port.h **** 
 206:ThreadX/ports/cortex_m4/gnu/inc/tx_port.h **** 
 207:ThreadX/ports/cortex_m4/gnu/inc/tx_port.h **** /* Determine whether or not stack checking is enabled. By default, ThreadX stack checking is
 208:ThreadX/ports/cortex_m4/gnu/inc/tx_port.h ****    disabled. When the following is defined, ThreadX thread stack checking is enabled.  If stack
 209:ThreadX/ports/cortex_m4/gnu/inc/tx_port.h ****    checking is enabled (TX_ENABLE_STACK_CHECKING is defined), the TX_DISABLE_STACK_FILLING
 210:ThreadX/ports/cortex_m4/gnu/inc/tx_port.h ****    define is negated, thereby forcing the stack fill which is necessary for the stack checking
 211:ThreadX/ports/cortex_m4/gnu/inc/tx_port.h ****    logic.  */
 212:ThreadX/ports/cortex_m4/gnu/inc/tx_port.h **** 
 213:ThreadX/ports/cortex_m4/gnu/inc/tx_port.h **** #ifndef TX_MISRA_ENABLE
 214:ThreadX/ports/cortex_m4/gnu/inc/tx_port.h **** #ifdef TX_ENABLE_STACK_CHECKING
 215:ThreadX/ports/cortex_m4/gnu/inc/tx_port.h **** #undef TX_DISABLE_STACK_FILLING
 216:ThreadX/ports/cortex_m4/gnu/inc/tx_port.h **** #endif
 217:ThreadX/ports/cortex_m4/gnu/inc/tx_port.h **** #endif
 218:ThreadX/ports/cortex_m4/gnu/inc/tx_port.h **** 
 219:ThreadX/ports/cortex_m4/gnu/inc/tx_port.h **** 
 220:ThreadX/ports/cortex_m4/gnu/inc/tx_port.h **** /* Define the TX_THREAD control block extensions for this port. The main reason
 221:ThreadX/ports/cortex_m4/gnu/inc/tx_port.h ****    for the multiple macros is so that backward compatibility can be maintained with
 222:ThreadX/ports/cortex_m4/gnu/inc/tx_port.h ****    existing ThreadX kernel awareness modules.  */
 223:ThreadX/ports/cortex_m4/gnu/inc/tx_port.h **** 
 224:ThreadX/ports/cortex_m4/gnu/inc/tx_port.h **** #define TX_THREAD_EXTENSION_0
 225:ThreadX/ports/cortex_m4/gnu/inc/tx_port.h **** #define TX_THREAD_EXTENSION_1
 226:ThreadX/ports/cortex_m4/gnu/inc/tx_port.h **** #ifdef  TX_ENABLE_IAR_LIBRARY_SUPPORT
 227:ThreadX/ports/cortex_m4/gnu/inc/tx_port.h **** #define TX_THREAD_EXTENSION_2           VOID    *tx_thread_iar_tls_pointer;
 228:ThreadX/ports/cortex_m4/gnu/inc/tx_port.h **** #elif defined(__ghs__)
 229:ThreadX/ports/cortex_m4/gnu/inc/tx_port.h **** #define TX_THREAD_EXTENSION_2           VOID *  tx_thread_eh_globals;                           \
 230:ThreadX/ports/cortex_m4/gnu/inc/tx_port.h ****                                         int     Errno;             /* errno.  */                \
 231:ThreadX/ports/cortex_m4/gnu/inc/tx_port.h ****                                         char *  strtok_saved_pos;  /* strtok() position.  */
 232:ThreadX/ports/cortex_m4/gnu/inc/tx_port.h **** #else
 233:ThreadX/ports/cortex_m4/gnu/inc/tx_port.h **** #define TX_THREAD_EXTENSION_2
 234:ThreadX/ports/cortex_m4/gnu/inc/tx_port.h **** #endif
 235:ThreadX/ports/cortex_m4/gnu/inc/tx_port.h **** 
 236:ThreadX/ports/cortex_m4/gnu/inc/tx_port.h **** 
 237:ThreadX/ports/cortex_m4/gnu/inc/tx_port.h **** #define TX_THREAD_EXTENSION_3
 238:ThreadX/ports/cortex_m4/gnu/inc/tx_port.h **** 
 239:ThreadX/ports/cortex_m4/gnu/inc/tx_port.h **** 
 240:ThreadX/ports/cortex_m4/gnu/inc/tx_port.h **** 
 241:ThreadX/ports/cortex_m4/gnu/inc/tx_port.h **** /* Define the port extensions of the remaining ThreadX objects.  */
ARM GAS  /tmp/ccgQ4DrO.s 			page 8


 242:ThreadX/ports/cortex_m4/gnu/inc/tx_port.h **** 
 243:ThreadX/ports/cortex_m4/gnu/inc/tx_port.h **** #define TX_BLOCK_POOL_EXTENSION
 244:ThreadX/ports/cortex_m4/gnu/inc/tx_port.h **** #define TX_BYTE_POOL_EXTENSION
 245:ThreadX/ports/cortex_m4/gnu/inc/tx_port.h **** #define TX_EVENT_FLAGS_GROUP_EXTENSION
 246:ThreadX/ports/cortex_m4/gnu/inc/tx_port.h **** #define TX_MUTEX_EXTENSION
 247:ThreadX/ports/cortex_m4/gnu/inc/tx_port.h **** #define TX_QUEUE_EXTENSION
 248:ThreadX/ports/cortex_m4/gnu/inc/tx_port.h **** #define TX_SEMAPHORE_EXTENSION
 249:ThreadX/ports/cortex_m4/gnu/inc/tx_port.h **** #define TX_TIMER_EXTENSION
 250:ThreadX/ports/cortex_m4/gnu/inc/tx_port.h **** 
 251:ThreadX/ports/cortex_m4/gnu/inc/tx_port.h **** 
 252:ThreadX/ports/cortex_m4/gnu/inc/tx_port.h **** /* Define the user extension field of the thread control block.  Nothing
 253:ThreadX/ports/cortex_m4/gnu/inc/tx_port.h ****    additional is needed for this port so it is defined as white space.  */
 254:ThreadX/ports/cortex_m4/gnu/inc/tx_port.h **** 
 255:ThreadX/ports/cortex_m4/gnu/inc/tx_port.h **** #ifndef TX_THREAD_USER_EXTENSION
 256:ThreadX/ports/cortex_m4/gnu/inc/tx_port.h **** #define TX_THREAD_USER_EXTENSION
 257:ThreadX/ports/cortex_m4/gnu/inc/tx_port.h **** #endif
 258:ThreadX/ports/cortex_m4/gnu/inc/tx_port.h **** 
 259:ThreadX/ports/cortex_m4/gnu/inc/tx_port.h **** 
 260:ThreadX/ports/cortex_m4/gnu/inc/tx_port.h **** /* Define the macros for processing extensions in tx_thread_create, tx_thread_delete,
 261:ThreadX/ports/cortex_m4/gnu/inc/tx_port.h ****    tx_thread_shell_entry, and tx_thread_terminate.  */
 262:ThreadX/ports/cortex_m4/gnu/inc/tx_port.h **** 
 263:ThreadX/ports/cortex_m4/gnu/inc/tx_port.h **** 
 264:ThreadX/ports/cortex_m4/gnu/inc/tx_port.h **** #ifdef  TX_ENABLE_IAR_LIBRARY_SUPPORT
 265:ThreadX/ports/cortex_m4/gnu/inc/tx_port.h **** #if (__VER__ < 8000000)
 266:ThreadX/ports/cortex_m4/gnu/inc/tx_port.h **** #define TX_THREAD_CREATE_EXTENSION(thread_ptr)                      thread_ptr -> tx_thread_iar_tls
 267:ThreadX/ports/cortex_m4/gnu/inc/tx_port.h **** #define TX_THREAD_DELETE_EXTENSION(thread_ptr)                      __iar_dlib_perthread_deallocate
 268:ThreadX/ports/cortex_m4/gnu/inc/tx_port.h ****                                                                     thread_ptr -> tx_thread_iar_tls
 269:ThreadX/ports/cortex_m4/gnu/inc/tx_port.h **** #define TX_PORT_SPECIFIC_PRE_SCHEDULER_INITIALIZATION               __iar_dlib_perthread_access(0);
 270:ThreadX/ports/cortex_m4/gnu/inc/tx_port.h **** #else
 271:ThreadX/ports/cortex_m4/gnu/inc/tx_port.h **** void    *_tx_iar_create_per_thread_tls_area(void);
 272:ThreadX/ports/cortex_m4/gnu/inc/tx_port.h **** void    _tx_iar_destroy_per_thread_tls_area(void *tls_ptr);
 273:ThreadX/ports/cortex_m4/gnu/inc/tx_port.h **** void    __iar_Initlocks(void);
 274:ThreadX/ports/cortex_m4/gnu/inc/tx_port.h **** 
 275:ThreadX/ports/cortex_m4/gnu/inc/tx_port.h **** #define TX_THREAD_CREATE_EXTENSION(thread_ptr)                      thread_ptr -> tx_thread_iar_tls
 276:ThreadX/ports/cortex_m4/gnu/inc/tx_port.h **** #define TX_THREAD_DELETE_EXTENSION(thread_ptr)                      do {_tx_iar_destroy_per_thread_
 277:ThreadX/ports/cortex_m4/gnu/inc/tx_port.h ****                                                                         thread_ptr -> tx_thread_iar
 278:ThreadX/ports/cortex_m4/gnu/inc/tx_port.h **** #define TX_PORT_SPECIFIC_PRE_SCHEDULER_INITIALIZATION               do {__iar_Initlocks();} while(0
 279:ThreadX/ports/cortex_m4/gnu/inc/tx_port.h **** #endif
 280:ThreadX/ports/cortex_m4/gnu/inc/tx_port.h **** #else
 281:ThreadX/ports/cortex_m4/gnu/inc/tx_port.h **** #define TX_THREAD_CREATE_EXTENSION(thread_ptr)
 282:ThreadX/ports/cortex_m4/gnu/inc/tx_port.h **** #define TX_THREAD_DELETE_EXTENSION(thread_ptr)
 283:ThreadX/ports/cortex_m4/gnu/inc/tx_port.h **** #endif
 284:ThreadX/ports/cortex_m4/gnu/inc/tx_port.h **** 
 285:ThreadX/ports/cortex_m4/gnu/inc/tx_port.h **** #if defined(__ARMVFP__) || defined(__ARM_PCS_VFP) || defined(__ARM_FP) || defined(__TARGET_FPU_VFP)
 286:ThreadX/ports/cortex_m4/gnu/inc/tx_port.h **** 
 287:ThreadX/ports/cortex_m4/gnu/inc/tx_port.h **** #ifdef TX_MISRA_ENABLE
 288:ThreadX/ports/cortex_m4/gnu/inc/tx_port.h **** 
 289:ThreadX/ports/cortex_m4/gnu/inc/tx_port.h **** ULONG  _tx_misra_control_get(void);
 290:ThreadX/ports/cortex_m4/gnu/inc/tx_port.h **** void   _tx_misra_control_set(ULONG value);
 291:ThreadX/ports/cortex_m4/gnu/inc/tx_port.h **** ULONG  _tx_misra_fpccr_get(void);
 292:ThreadX/ports/cortex_m4/gnu/inc/tx_port.h **** void   _tx_misra_vfp_touch(void);
 293:ThreadX/ports/cortex_m4/gnu/inc/tx_port.h **** 
 294:ThreadX/ports/cortex_m4/gnu/inc/tx_port.h **** #else   /* TX_MISRA_ENABLE not defined */
 295:ThreadX/ports/cortex_m4/gnu/inc/tx_port.h **** 
 296:ThreadX/ports/cortex_m4/gnu/inc/tx_port.h **** /* Define some helper functions (these are intrinsics in some compilers). */
 297:ThreadX/ports/cortex_m4/gnu/inc/tx_port.h **** #ifdef __GNUC__ /* GCC and ARM Compiler 6 */
 298:ThreadX/ports/cortex_m4/gnu/inc/tx_port.h **** 
ARM GAS  /tmp/ccgQ4DrO.s 			page 9


 299:ThreadX/ports/cortex_m4/gnu/inc/tx_port.h **** __attribute__( ( always_inline ) ) static inline ULONG __get_control_value(void)
 300:ThreadX/ports/cortex_m4/gnu/inc/tx_port.h **** {
 301:ThreadX/ports/cortex_m4/gnu/inc/tx_port.h **** ULONG  control_value;
 302:ThreadX/ports/cortex_m4/gnu/inc/tx_port.h **** 
 303:ThreadX/ports/cortex_m4/gnu/inc/tx_port.h ****     __asm__ volatile (" MRS  %0,CONTROL ": "=r" (control_value) );
 304:ThreadX/ports/cortex_m4/gnu/inc/tx_port.h ****     return(control_value);
 305:ThreadX/ports/cortex_m4/gnu/inc/tx_port.h **** }
 306:ThreadX/ports/cortex_m4/gnu/inc/tx_port.h **** 
 307:ThreadX/ports/cortex_m4/gnu/inc/tx_port.h **** __attribute__( ( always_inline ) ) static inline void __set_control_value(ULONG control_value)
 308:ThreadX/ports/cortex_m4/gnu/inc/tx_port.h **** {
 309:ThreadX/ports/cortex_m4/gnu/inc/tx_port.h ****     __asm__ volatile (" MSR  CONTROL,%0": : "r" (control_value): "memory" );
 310:ThreadX/ports/cortex_m4/gnu/inc/tx_port.h **** }
 311:ThreadX/ports/cortex_m4/gnu/inc/tx_port.h **** 
 312:ThreadX/ports/cortex_m4/gnu/inc/tx_port.h **** #define TX_VFP_TOUCH()  __asm__ volatile ("VMOV.F32 s0, s0");
 313:ThreadX/ports/cortex_m4/gnu/inc/tx_port.h **** 
 314:ThreadX/ports/cortex_m4/gnu/inc/tx_port.h **** #elif defined(__CC_ARM) /* ARM Compiler 5 */
 315:ThreadX/ports/cortex_m4/gnu/inc/tx_port.h **** 
 316:ThreadX/ports/cortex_m4/gnu/inc/tx_port.h **** __attribute__( ( always_inline ) ) ULONG __get_control_value(void)
 317:ThreadX/ports/cortex_m4/gnu/inc/tx_port.h **** {
 318:ThreadX/ports/cortex_m4/gnu/inc/tx_port.h **** ULONG  control_value;
 319:ThreadX/ports/cortex_m4/gnu/inc/tx_port.h **** 
 320:ThreadX/ports/cortex_m4/gnu/inc/tx_port.h ****     __asm volatile ("MRS control_value,CONTROL");
 321:ThreadX/ports/cortex_m4/gnu/inc/tx_port.h ****     return(control_value);
 322:ThreadX/ports/cortex_m4/gnu/inc/tx_port.h **** }
 323:ThreadX/ports/cortex_m4/gnu/inc/tx_port.h **** 
 324:ThreadX/ports/cortex_m4/gnu/inc/tx_port.h **** __attribute__( ( always_inline ) ) void __set_control_value(ULONG control_value)
 325:ThreadX/ports/cortex_m4/gnu/inc/tx_port.h **** {
 326:ThreadX/ports/cortex_m4/gnu/inc/tx_port.h ****     __asm__ volatile ("MSR CONTROL,control_value");
 327:ThreadX/ports/cortex_m4/gnu/inc/tx_port.h **** }
 328:ThreadX/ports/cortex_m4/gnu/inc/tx_port.h **** /* Can't access VFP registers with inline asm, so define this in tx_thread_schedule.  */
 329:ThreadX/ports/cortex_m4/gnu/inc/tx_port.h **** void _tx_vfp_access(void);
 330:ThreadX/ports/cortex_m4/gnu/inc/tx_port.h **** #define TX_VFP_TOUCH()  _tx_vfp_access();
 331:ThreadX/ports/cortex_m4/gnu/inc/tx_port.h **** 
 332:ThreadX/ports/cortex_m4/gnu/inc/tx_port.h **** #elif defined(__ICCARM__)  /* IAR */
 333:ThreadX/ports/cortex_m4/gnu/inc/tx_port.h **** #define TX_VFP_TOUCH()  __asm__ volatile ("VMOV.F32 s0, s0");
 334:ThreadX/ports/cortex_m4/gnu/inc/tx_port.h **** #endif  /* Helper functions for different compilers */
 335:ThreadX/ports/cortex_m4/gnu/inc/tx_port.h **** 
 336:ThreadX/ports/cortex_m4/gnu/inc/tx_port.h **** #endif  /* TX_MISRA_ENABLE */
 337:ThreadX/ports/cortex_m4/gnu/inc/tx_port.h **** 
 338:ThreadX/ports/cortex_m4/gnu/inc/tx_port.h **** 
 339:ThreadX/ports/cortex_m4/gnu/inc/tx_port.h **** /* A completed thread falls into _thread_shell_entry and we can simply deactivate the FPU via CONTR
 340:ThreadX/ports/cortex_m4/gnu/inc/tx_port.h ****    in order to ensure no lazy stacking will occur. */
 341:ThreadX/ports/cortex_m4/gnu/inc/tx_port.h **** 
 342:ThreadX/ports/cortex_m4/gnu/inc/tx_port.h **** #ifndef TX_MISRA_ENABLE
 343:ThreadX/ports/cortex_m4/gnu/inc/tx_port.h **** 
 344:ThreadX/ports/cortex_m4/gnu/inc/tx_port.h **** #define TX_THREAD_COMPLETED_EXTENSION(thread_ptr)   {                                              
 345:ThreadX/ports/cortex_m4/gnu/inc/tx_port.h ****                                                     ULONG  _tx_vfp_state;                          
 346:ThreadX/ports/cortex_m4/gnu/inc/tx_port.h ****                                                         _tx_vfp_state =  __get_control_value();    
 347:ThreadX/ports/cortex_m4/gnu/inc/tx_port.h ****                                                         _tx_vfp_state =  _tx_vfp_state & ~((ULONG) 
 348:ThreadX/ports/cortex_m4/gnu/inc/tx_port.h ****                                                         __set_control_value(_tx_vfp_state);        
 349:ThreadX/ports/cortex_m4/gnu/inc/tx_port.h ****                                                     }
 350:ThreadX/ports/cortex_m4/gnu/inc/tx_port.h **** #else
 351:ThreadX/ports/cortex_m4/gnu/inc/tx_port.h **** 
 352:ThreadX/ports/cortex_m4/gnu/inc/tx_port.h **** #define TX_THREAD_COMPLETED_EXTENSION(thread_ptr)   {                                              
 353:ThreadX/ports/cortex_m4/gnu/inc/tx_port.h ****                                                     ULONG  _tx_vfp_state;                          
 354:ThreadX/ports/cortex_m4/gnu/inc/tx_port.h ****                                                         _tx_vfp_state =  _tx_misra_control_get();  
 355:ThreadX/ports/cortex_m4/gnu/inc/tx_port.h ****                                                         _tx_vfp_state =  _tx_vfp_state & ~((ULONG) 
ARM GAS  /tmp/ccgQ4DrO.s 			page 10


 356:ThreadX/ports/cortex_m4/gnu/inc/tx_port.h ****                                                         _tx_misra_control_set(_tx_vfp_state);      
 357:ThreadX/ports/cortex_m4/gnu/inc/tx_port.h ****                                                     }
 358:ThreadX/ports/cortex_m4/gnu/inc/tx_port.h **** 
 359:ThreadX/ports/cortex_m4/gnu/inc/tx_port.h **** #endif
 360:ThreadX/ports/cortex_m4/gnu/inc/tx_port.h **** 
 361:ThreadX/ports/cortex_m4/gnu/inc/tx_port.h **** /* A thread can be terminated by another thread, so we first check if it's self-terminating and not
 362:ThreadX/ports/cortex_m4/gnu/inc/tx_port.h ****    If so, deactivate the FPU via CONTROL.FPCA. Otherwise we are in an interrupt or another thread i
 363:ThreadX/ports/cortex_m4/gnu/inc/tx_port.h ****    this one, so if the FPCCR.LSPACT bit is set, we need to save the CONTROL.FPCA state, touch the F
 364:ThreadX/ports/cortex_m4/gnu/inc/tx_port.h ****    the lazy FPU save, then restore the CONTROL.FPCA state. */
 365:ThreadX/ports/cortex_m4/gnu/inc/tx_port.h **** 
 366:ThreadX/ports/cortex_m4/gnu/inc/tx_port.h **** #ifndef TX_MISRA_ENABLE
 367:ThreadX/ports/cortex_m4/gnu/inc/tx_port.h **** 
 368:ThreadX/ports/cortex_m4/gnu/inc/tx_port.h **** #define TX_THREAD_TERMINATED_EXTENSION(thread_ptr)  {                                              
 369:ThreadX/ports/cortex_m4/gnu/inc/tx_port.h ****                                                     ULONG  _tx_system_state;                       
 370:ThreadX/ports/cortex_m4/gnu/inc/tx_port.h ****                                                         _tx_system_state =  TX_THREAD_GET_SYSTEM_ST
 371:ThreadX/ports/cortex_m4/gnu/inc/tx_port.h ****                                                         if ((_tx_system_state == ((ULONG) 0)) && ((
 372:ThreadX/ports/cortex_m4/gnu/inc/tx_port.h ****                                                         {                                          
 373:ThreadX/ports/cortex_m4/gnu/inc/tx_port.h ****                                                         ULONG  _tx_vfp_state;                      
 374:ThreadX/ports/cortex_m4/gnu/inc/tx_port.h ****                                                             _tx_vfp_state =  __get_control_value();
 375:ThreadX/ports/cortex_m4/gnu/inc/tx_port.h ****                                                             _tx_vfp_state =  _tx_vfp_state & ~((ULO
 376:ThreadX/ports/cortex_m4/gnu/inc/tx_port.h ****                                                             __set_control_value(_tx_vfp_state);    
 377:ThreadX/ports/cortex_m4/gnu/inc/tx_port.h ****                                                         }                                          
 378:ThreadX/ports/cortex_m4/gnu/inc/tx_port.h ****                                                         else                                       
 379:ThreadX/ports/cortex_m4/gnu/inc/tx_port.h ****                                                         {                                          
 380:ThreadX/ports/cortex_m4/gnu/inc/tx_port.h ****                                                         ULONG  _tx_fpccr;                          
 381:ThreadX/ports/cortex_m4/gnu/inc/tx_port.h ****                                                             _tx_fpccr =  *((ULONG *) 0xE000EF34);  
 382:ThreadX/ports/cortex_m4/gnu/inc/tx_port.h ****                                                             _tx_fpccr =  _tx_fpccr & ((ULONG) 0x01)
 383:ThreadX/ports/cortex_m4/gnu/inc/tx_port.h ****                                                             if (_tx_fpccr == ((ULONG) 0x01))       
 384:ThreadX/ports/cortex_m4/gnu/inc/tx_port.h ****                                                             {                                      
 385:ThreadX/ports/cortex_m4/gnu/inc/tx_port.h ****                                                             ULONG _tx_vfp_state;                   
 386:ThreadX/ports/cortex_m4/gnu/inc/tx_port.h ****                                                                 _tx_vfp_state = __get_control_value
 387:ThreadX/ports/cortex_m4/gnu/inc/tx_port.h ****                                                                 _tx_vfp_state =  _tx_vfp_state & ((
 388:ThreadX/ports/cortex_m4/gnu/inc/tx_port.h ****                                                                 TX_VFP_TOUCH();                    
 389:ThreadX/ports/cortex_m4/gnu/inc/tx_port.h ****                                                                 if (_tx_vfp_state == ((ULONG) 0))  
 390:ThreadX/ports/cortex_m4/gnu/inc/tx_port.h ****                                                                 {                                  
 391:ThreadX/ports/cortex_m4/gnu/inc/tx_port.h ****                                                                     _tx_vfp_state =  __get_control_
 392:ThreadX/ports/cortex_m4/gnu/inc/tx_port.h ****                                                                     _tx_vfp_state =  _tx_vfp_state 
 393:ThreadX/ports/cortex_m4/gnu/inc/tx_port.h ****                                                                     __set_control_value(_tx_vfp_sta
 394:ThreadX/ports/cortex_m4/gnu/inc/tx_port.h ****                                                                 }                                  
 395:ThreadX/ports/cortex_m4/gnu/inc/tx_port.h ****                                                             }                                      
 396:ThreadX/ports/cortex_m4/gnu/inc/tx_port.h ****                                                         }                                          
 397:ThreadX/ports/cortex_m4/gnu/inc/tx_port.h ****                                                     }
 398:ThreadX/ports/cortex_m4/gnu/inc/tx_port.h **** #else
 399:ThreadX/ports/cortex_m4/gnu/inc/tx_port.h **** 
 400:ThreadX/ports/cortex_m4/gnu/inc/tx_port.h **** #define TX_THREAD_TERMINATED_EXTENSION(thread_ptr)  {                                              
 401:ThreadX/ports/cortex_m4/gnu/inc/tx_port.h ****                                                     ULONG  _tx_system_state;                       
 402:ThreadX/ports/cortex_m4/gnu/inc/tx_port.h ****                                                         _tx_system_state =  TX_THREAD_GET_SYSTEM_ST
 403:ThreadX/ports/cortex_m4/gnu/inc/tx_port.h ****                                                         if ((_tx_system_state == ((ULONG) 0)) && ((
 404:ThreadX/ports/cortex_m4/gnu/inc/tx_port.h ****                                                         {                                          
 405:ThreadX/ports/cortex_m4/gnu/inc/tx_port.h ****                                                         ULONG  _tx_vfp_state;                      
 406:ThreadX/ports/cortex_m4/gnu/inc/tx_port.h ****                                                             _tx_vfp_state =  _tx_misra_control_get(
 407:ThreadX/ports/cortex_m4/gnu/inc/tx_port.h ****                                                             _tx_vfp_state =  _tx_vfp_state & ~((ULO
 408:ThreadX/ports/cortex_m4/gnu/inc/tx_port.h ****                                                             _tx_misra_control_set(_tx_vfp_state);  
 409:ThreadX/ports/cortex_m4/gnu/inc/tx_port.h ****                                                         }                                          
 410:ThreadX/ports/cortex_m4/gnu/inc/tx_port.h ****                                                         else                                       
 411:ThreadX/ports/cortex_m4/gnu/inc/tx_port.h ****                                                         {                                          
 412:ThreadX/ports/cortex_m4/gnu/inc/tx_port.h ****                                                         ULONG  _tx_fpccr;                          
ARM GAS  /tmp/ccgQ4DrO.s 			page 11


 413:ThreadX/ports/cortex_m4/gnu/inc/tx_port.h ****                                                             _tx_fpccr =  _tx_misra_fpccr_get();    
 414:ThreadX/ports/cortex_m4/gnu/inc/tx_port.h ****                                                             _tx_fpccr =  _tx_fpccr & ((ULONG) 0x01)
 415:ThreadX/ports/cortex_m4/gnu/inc/tx_port.h ****                                                             if (_tx_fpccr == ((ULONG) 0x01))       
 416:ThreadX/ports/cortex_m4/gnu/inc/tx_port.h ****                                                             {                                      
 417:ThreadX/ports/cortex_m4/gnu/inc/tx_port.h ****                                                             ULONG _tx_vfp_state;                   
 418:ThreadX/ports/cortex_m4/gnu/inc/tx_port.h ****                                                                 _tx_vfp_state = _tx_misra_control_g
 419:ThreadX/ports/cortex_m4/gnu/inc/tx_port.h ****                                                                 _tx_vfp_state =  _tx_vfp_state & ((
 420:ThreadX/ports/cortex_m4/gnu/inc/tx_port.h ****                                                                 _tx_misra_vfp_touch();             
 421:ThreadX/ports/cortex_m4/gnu/inc/tx_port.h ****                                                                 if (_tx_vfp_state == ((ULONG) 0))  
 422:ThreadX/ports/cortex_m4/gnu/inc/tx_port.h ****                                                                 {                                  
 423:ThreadX/ports/cortex_m4/gnu/inc/tx_port.h ****                                                                     _tx_vfp_state =  _tx_misra_cont
 424:ThreadX/ports/cortex_m4/gnu/inc/tx_port.h ****                                                                     _tx_vfp_state =  _tx_vfp_state 
 425:ThreadX/ports/cortex_m4/gnu/inc/tx_port.h ****                                                                     _tx_misra_control_set(_tx_vfp_s
 426:ThreadX/ports/cortex_m4/gnu/inc/tx_port.h ****                                                                 }                                  
 427:ThreadX/ports/cortex_m4/gnu/inc/tx_port.h ****                                                             }                                      
 428:ThreadX/ports/cortex_m4/gnu/inc/tx_port.h ****                                                         }                                          
 429:ThreadX/ports/cortex_m4/gnu/inc/tx_port.h ****                                                     }
 430:ThreadX/ports/cortex_m4/gnu/inc/tx_port.h **** #endif
 431:ThreadX/ports/cortex_m4/gnu/inc/tx_port.h **** 
 432:ThreadX/ports/cortex_m4/gnu/inc/tx_port.h **** #else   /* No VFP in use */
 433:ThreadX/ports/cortex_m4/gnu/inc/tx_port.h **** 
 434:ThreadX/ports/cortex_m4/gnu/inc/tx_port.h **** #define TX_THREAD_COMPLETED_EXTENSION(thread_ptr)
 435:ThreadX/ports/cortex_m4/gnu/inc/tx_port.h **** #define TX_THREAD_TERMINATED_EXTENSION(thread_ptr)
 436:ThreadX/ports/cortex_m4/gnu/inc/tx_port.h **** 
 437:ThreadX/ports/cortex_m4/gnu/inc/tx_port.h **** #endif  /* defined(__ARMVFP__) || defined(__ARM_PCS_VFP) || defined(__ARM_FP) || defined(__TARGET_F
 438:ThreadX/ports/cortex_m4/gnu/inc/tx_port.h **** 
 439:ThreadX/ports/cortex_m4/gnu/inc/tx_port.h **** 
 440:ThreadX/ports/cortex_m4/gnu/inc/tx_port.h **** /* Define the ThreadX object creation extensions for the remaining objects.  */
 441:ThreadX/ports/cortex_m4/gnu/inc/tx_port.h **** 
 442:ThreadX/ports/cortex_m4/gnu/inc/tx_port.h **** #define TX_BLOCK_POOL_CREATE_EXTENSION(pool_ptr)
 443:ThreadX/ports/cortex_m4/gnu/inc/tx_port.h **** #define TX_BYTE_POOL_CREATE_EXTENSION(pool_ptr)
 444:ThreadX/ports/cortex_m4/gnu/inc/tx_port.h **** #define TX_EVENT_FLAGS_GROUP_CREATE_EXTENSION(group_ptr)
 445:ThreadX/ports/cortex_m4/gnu/inc/tx_port.h **** #define TX_MUTEX_CREATE_EXTENSION(mutex_ptr)
 446:ThreadX/ports/cortex_m4/gnu/inc/tx_port.h **** #define TX_QUEUE_CREATE_EXTENSION(queue_ptr)
 447:ThreadX/ports/cortex_m4/gnu/inc/tx_port.h **** #define TX_SEMAPHORE_CREATE_EXTENSION(semaphore_ptr)
 448:ThreadX/ports/cortex_m4/gnu/inc/tx_port.h **** #define TX_TIMER_CREATE_EXTENSION(timer_ptr)
 449:ThreadX/ports/cortex_m4/gnu/inc/tx_port.h **** 
 450:ThreadX/ports/cortex_m4/gnu/inc/tx_port.h **** 
 451:ThreadX/ports/cortex_m4/gnu/inc/tx_port.h **** /* Define the ThreadX object deletion extensions for the remaining objects.  */
 452:ThreadX/ports/cortex_m4/gnu/inc/tx_port.h **** 
 453:ThreadX/ports/cortex_m4/gnu/inc/tx_port.h **** #define TX_BLOCK_POOL_DELETE_EXTENSION(pool_ptr)
 454:ThreadX/ports/cortex_m4/gnu/inc/tx_port.h **** #define TX_BYTE_POOL_DELETE_EXTENSION(pool_ptr)
 455:ThreadX/ports/cortex_m4/gnu/inc/tx_port.h **** #define TX_EVENT_FLAGS_GROUP_DELETE_EXTENSION(group_ptr)
 456:ThreadX/ports/cortex_m4/gnu/inc/tx_port.h **** #define TX_MUTEX_DELETE_EXTENSION(mutex_ptr)
 457:ThreadX/ports/cortex_m4/gnu/inc/tx_port.h **** #define TX_QUEUE_DELETE_EXTENSION(queue_ptr)
 458:ThreadX/ports/cortex_m4/gnu/inc/tx_port.h **** #define TX_SEMAPHORE_DELETE_EXTENSION(semaphore_ptr)
 459:ThreadX/ports/cortex_m4/gnu/inc/tx_port.h **** #define TX_TIMER_DELETE_EXTENSION(timer_ptr)
 460:ThreadX/ports/cortex_m4/gnu/inc/tx_port.h **** 
 461:ThreadX/ports/cortex_m4/gnu/inc/tx_port.h **** 
 462:ThreadX/ports/cortex_m4/gnu/inc/tx_port.h **** /* Define the get system state macro.  */
 463:ThreadX/ports/cortex_m4/gnu/inc/tx_port.h **** 
 464:ThreadX/ports/cortex_m4/gnu/inc/tx_port.h **** #ifndef TX_THREAD_GET_SYSTEM_STATE
 465:ThreadX/ports/cortex_m4/gnu/inc/tx_port.h **** #ifndef TX_MISRA_ENABLE
 466:ThreadX/ports/cortex_m4/gnu/inc/tx_port.h **** 
 467:ThreadX/ports/cortex_m4/gnu/inc/tx_port.h **** #ifdef __CC_ARM /* ARM Compiler 5 */
 468:ThreadX/ports/cortex_m4/gnu/inc/tx_port.h **** 
 469:ThreadX/ports/cortex_m4/gnu/inc/tx_port.h **** register unsigned int _ipsr __asm("ipsr");
ARM GAS  /tmp/ccgQ4DrO.s 			page 12


 470:ThreadX/ports/cortex_m4/gnu/inc/tx_port.h **** #define TX_THREAD_GET_SYSTEM_STATE()        (_tx_thread_system_state | _ipsr)
 471:ThreadX/ports/cortex_m4/gnu/inc/tx_port.h **** 
 472:ThreadX/ports/cortex_m4/gnu/inc/tx_port.h **** #elif defined(__GNUC__) /* GCC and ARM Compiler 6 */
 473:ThreadX/ports/cortex_m4/gnu/inc/tx_port.h **** 
 474:ThreadX/ports/cortex_m4/gnu/inc/tx_port.h **** __attribute__( ( always_inline ) ) static inline unsigned int __get_ipsr_value(void)
 475:ThreadX/ports/cortex_m4/gnu/inc/tx_port.h **** {
 476:ThreadX/ports/cortex_m4/gnu/inc/tx_port.h **** unsigned int  ipsr_value;
 477:ThreadX/ports/cortex_m4/gnu/inc/tx_port.h ****     __asm__ volatile (" MRS  %0,IPSR ": "=r" (ipsr_value) );
 478:ThreadX/ports/cortex_m4/gnu/inc/tx_port.h ****     return(ipsr_value);
 479:ThreadX/ports/cortex_m4/gnu/inc/tx_port.h **** }
 480:ThreadX/ports/cortex_m4/gnu/inc/tx_port.h **** 
 481:ThreadX/ports/cortex_m4/gnu/inc/tx_port.h **** #define TX_THREAD_GET_SYSTEM_STATE()        (_tx_thread_system_state | __get_ipsr_value())
 482:ThreadX/ports/cortex_m4/gnu/inc/tx_port.h **** 
 483:ThreadX/ports/cortex_m4/gnu/inc/tx_port.h **** #elif defined(__ICCARM__)   /* IAR */
 484:ThreadX/ports/cortex_m4/gnu/inc/tx_port.h **** 
 485:ThreadX/ports/cortex_m4/gnu/inc/tx_port.h **** #define TX_THREAD_GET_SYSTEM_STATE()        (_tx_thread_system_state | __get_IPSR())
 486:ThreadX/ports/cortex_m4/gnu/inc/tx_port.h **** 
 487:ThreadX/ports/cortex_m4/gnu/inc/tx_port.h **** #endif  /* TX_THREAD_GET_SYSTEM_STATE for different compilers */
 488:ThreadX/ports/cortex_m4/gnu/inc/tx_port.h **** 
 489:ThreadX/ports/cortex_m4/gnu/inc/tx_port.h **** #else   /* TX_MISRA_ENABLE is defined, use MISRA function. */
 490:ThreadX/ports/cortex_m4/gnu/inc/tx_port.h **** ULONG   _tx_misra_ipsr_get(VOID);
 491:ThreadX/ports/cortex_m4/gnu/inc/tx_port.h **** #define TX_THREAD_GET_SYSTEM_STATE()        (_tx_thread_system_state | _tx_misra_ipsr_get())
 492:ThreadX/ports/cortex_m4/gnu/inc/tx_port.h **** #endif  /* TX_MISRA_ENABLE */
 493:ThreadX/ports/cortex_m4/gnu/inc/tx_port.h **** #endif  /* TX_THREAD_GET_SYSTEM_STATE */
 494:ThreadX/ports/cortex_m4/gnu/inc/tx_port.h **** 
 495:ThreadX/ports/cortex_m4/gnu/inc/tx_port.h **** 
 496:ThreadX/ports/cortex_m4/gnu/inc/tx_port.h **** /* Define the check for whether or not to call the _tx_thread_system_return function.  A non-zero v
 497:ThreadX/ports/cortex_m4/gnu/inc/tx_port.h ****    indicates that _tx_thread_system_return should not be called. This overrides the definition in t
 498:ThreadX/ports/cortex_m4/gnu/inc/tx_port.h ****    for Cortex-M since so we don't waste time checking the _tx_thread_system_state variable that is 
 499:ThreadX/ports/cortex_m4/gnu/inc/tx_port.h ****    zero after initialization for Cortex-M ports. */
 500:ThreadX/ports/cortex_m4/gnu/inc/tx_port.h **** 
 501:ThreadX/ports/cortex_m4/gnu/inc/tx_port.h **** #ifndef TX_THREAD_SYSTEM_RETURN_CHECK
 502:ThreadX/ports/cortex_m4/gnu/inc/tx_port.h **** #define TX_THREAD_SYSTEM_RETURN_CHECK(c)    (c) = ((ULONG) _tx_thread_preempt_disable);
 503:ThreadX/ports/cortex_m4/gnu/inc/tx_port.h **** #endif
 504:ThreadX/ports/cortex_m4/gnu/inc/tx_port.h **** 
 505:ThreadX/ports/cortex_m4/gnu/inc/tx_port.h **** /* Define the macro to ensure _tx_thread_preempt_disable is set early in initialization in order to
 506:ThreadX/ports/cortex_m4/gnu/inc/tx_port.h ****    prevent early scheduling on Cortex-M parts.  */
 507:ThreadX/ports/cortex_m4/gnu/inc/tx_port.h **** 
 508:ThreadX/ports/cortex_m4/gnu/inc/tx_port.h **** #define TX_PORT_SPECIFIC_POST_INITIALIZATION    _tx_thread_preempt_disable++;
 509:ThreadX/ports/cortex_m4/gnu/inc/tx_port.h **** 
 510:ThreadX/ports/cortex_m4/gnu/inc/tx_port.h **** 
 511:ThreadX/ports/cortex_m4/gnu/inc/tx_port.h **** 
 512:ThreadX/ports/cortex_m4/gnu/inc/tx_port.h **** 
 513:ThreadX/ports/cortex_m4/gnu/inc/tx_port.h **** #ifndef TX_DISABLE_INLINE
 514:ThreadX/ports/cortex_m4/gnu/inc/tx_port.h **** 
 515:ThreadX/ports/cortex_m4/gnu/inc/tx_port.h **** /* Define the TX_LOWEST_SET_BIT_CALCULATE macro for each compiler. */
 516:ThreadX/ports/cortex_m4/gnu/inc/tx_port.h **** #ifdef __ICCARM__       /* IAR Compiler */
 517:ThreadX/ports/cortex_m4/gnu/inc/tx_port.h **** #define TX_LOWEST_SET_BIT_CALCULATE(m, b)       (b) = (UINT) __CLZ(__RBIT((m)));
 518:ThreadX/ports/cortex_m4/gnu/inc/tx_port.h **** #elif defined(__CC_ARM) /* AC5 Compiler */
 519:ThreadX/ports/cortex_m4/gnu/inc/tx_port.h **** #define TX_LOWEST_SET_BIT_CALCULATE(m, b)       (b) = (UINT) __clz(__rbit((m)));
 520:ThreadX/ports/cortex_m4/gnu/inc/tx_port.h **** #elif defined(__GNUC__) /* GCC and AC6 Compiler */
 521:ThreadX/ports/cortex_m4/gnu/inc/tx_port.h **** #define TX_LOWEST_SET_BIT_CALCULATE(m, b)       __asm__ volatile (" RBIT %0,%1 ": "=r" (m) : "r" (m
 522:ThreadX/ports/cortex_m4/gnu/inc/tx_port.h ****                                                 __asm__ volatile (" CLZ  %0,%1 ": "=r" (b) : "r" (m
 523:ThreadX/ports/cortex_m4/gnu/inc/tx_port.h **** #endif
 524:ThreadX/ports/cortex_m4/gnu/inc/tx_port.h **** 
 525:ThreadX/ports/cortex_m4/gnu/inc/tx_port.h **** 
 526:ThreadX/ports/cortex_m4/gnu/inc/tx_port.h **** 
ARM GAS  /tmp/ccgQ4DrO.s 			page 13


 527:ThreadX/ports/cortex_m4/gnu/inc/tx_port.h **** /* Define the interrupt disable/restore macros for each compiler. */
 528:ThreadX/ports/cortex_m4/gnu/inc/tx_port.h **** 
 529:ThreadX/ports/cortex_m4/gnu/inc/tx_port.h **** #if defined(__GNUC__) || defined(__ICCARM__)
 530:ThreadX/ports/cortex_m4/gnu/inc/tx_port.h **** 
 531:ThreadX/ports/cortex_m4/gnu/inc/tx_port.h **** /*** GCC/AC6 and IAR ***/
 532:ThreadX/ports/cortex_m4/gnu/inc/tx_port.h **** 
 533:ThreadX/ports/cortex_m4/gnu/inc/tx_port.h **** __attribute__( ( always_inline ) ) static inline unsigned int __get_interrupt_posture(void)
 534:ThreadX/ports/cortex_m4/gnu/inc/tx_port.h **** {
 535:ThreadX/ports/cortex_m4/gnu/inc/tx_port.h **** unsigned int posture;
 536:ThreadX/ports/cortex_m4/gnu/inc/tx_port.h **** #ifdef TX_PORT_USE_BASEPRI
 537:ThreadX/ports/cortex_m4/gnu/inc/tx_port.h ****     __asm__ volatile ("MRS  %0, BASEPRI ": "=r" (posture));
 538:ThreadX/ports/cortex_m4/gnu/inc/tx_port.h **** #else
 539:ThreadX/ports/cortex_m4/gnu/inc/tx_port.h ****     __asm__ volatile ("MRS  %0, PRIMASK ": "=r" (posture));
  53              		.loc 2 539 0
  54              		.syntax unified
  55              	@ 539 "ThreadX/ports/cortex_m4/gnu/inc/tx_port.h" 1
  56 000c EFF31080 		MRS  r0, PRIMASK 
  57              	@ 0 "" 2
  58              	.LVL1:
  59              		.thumb
  60              		.syntax unified
  61              	.LBE23:
  62              	.LBE22:
 540:ThreadX/ports/cortex_m4/gnu/inc/tx_port.h **** #endif
 541:ThreadX/ports/cortex_m4/gnu/inc/tx_port.h ****     return(posture);
 542:ThreadX/ports/cortex_m4/gnu/inc/tx_port.h **** }
 543:ThreadX/ports/cortex_m4/gnu/inc/tx_port.h **** 
 544:ThreadX/ports/cortex_m4/gnu/inc/tx_port.h **** #ifdef TX_PORT_USE_BASEPRI
 545:ThreadX/ports/cortex_m4/gnu/inc/tx_port.h **** __attribute__( ( always_inline ) ) static inline void __set_basepri_value(unsigned int basepri_valu
 546:ThreadX/ports/cortex_m4/gnu/inc/tx_port.h **** {
 547:ThreadX/ports/cortex_m4/gnu/inc/tx_port.h ****     __asm__ volatile ("MSR  BASEPRI,%0 ": : "r" (basepri_value));
 548:ThreadX/ports/cortex_m4/gnu/inc/tx_port.h **** }
 549:ThreadX/ports/cortex_m4/gnu/inc/tx_port.h **** #else
 550:ThreadX/ports/cortex_m4/gnu/inc/tx_port.h **** __attribute__( ( always_inline ) ) static inline void __enable_interrupts(void)
 551:ThreadX/ports/cortex_m4/gnu/inc/tx_port.h **** {
 552:ThreadX/ports/cortex_m4/gnu/inc/tx_port.h ****     __asm__ volatile ("CPSIE  i": : : "memory");
 553:ThreadX/ports/cortex_m4/gnu/inc/tx_port.h **** }
 554:ThreadX/ports/cortex_m4/gnu/inc/tx_port.h **** #endif
 555:ThreadX/ports/cortex_m4/gnu/inc/tx_port.h **** 
 556:ThreadX/ports/cortex_m4/gnu/inc/tx_port.h **** __attribute__( ( always_inline ) ) static inline void __restore_interrupt(unsigned int int_posture)
 557:ThreadX/ports/cortex_m4/gnu/inc/tx_port.h **** {
 558:ThreadX/ports/cortex_m4/gnu/inc/tx_port.h **** #ifdef TX_PORT_USE_BASEPRI
 559:ThreadX/ports/cortex_m4/gnu/inc/tx_port.h ****     __set_basepri_value(int_posture);
 560:ThreadX/ports/cortex_m4/gnu/inc/tx_port.h ****     //__asm__ volatile ("MSR  BASEPRI,%0": : "r" (int_posture): "memory");
 561:ThreadX/ports/cortex_m4/gnu/inc/tx_port.h **** #else
 562:ThreadX/ports/cortex_m4/gnu/inc/tx_port.h ****     __asm__ volatile ("MSR  PRIMASK,%0": : "r" (int_posture): "memory");
 563:ThreadX/ports/cortex_m4/gnu/inc/tx_port.h **** #endif
 564:ThreadX/ports/cortex_m4/gnu/inc/tx_port.h **** }
 565:ThreadX/ports/cortex_m4/gnu/inc/tx_port.h **** 
 566:ThreadX/ports/cortex_m4/gnu/inc/tx_port.h **** __attribute__( ( always_inline ) ) static inline unsigned int __disable_interrupts(void)
 567:ThreadX/ports/cortex_m4/gnu/inc/tx_port.h **** {
 568:ThreadX/ports/cortex_m4/gnu/inc/tx_port.h **** unsigned int int_posture;
 569:ThreadX/ports/cortex_m4/gnu/inc/tx_port.h **** 
 570:ThreadX/ports/cortex_m4/gnu/inc/tx_port.h ****     int_posture = __get_interrupt_posture();
 571:ThreadX/ports/cortex_m4/gnu/inc/tx_port.h **** 
 572:ThreadX/ports/cortex_m4/gnu/inc/tx_port.h **** #ifdef TX_PORT_USE_BASEPRI
 573:ThreadX/ports/cortex_m4/gnu/inc/tx_port.h ****     __set_basepri_value(TX_PORT_BASEPRI);
ARM GAS  /tmp/ccgQ4DrO.s 			page 14


 574:ThreadX/ports/cortex_m4/gnu/inc/tx_port.h **** #else
 575:ThreadX/ports/cortex_m4/gnu/inc/tx_port.h ****     __asm__ volatile ("CPSID i" : : : "memory");
  63              		.loc 2 575 0
  64              		.syntax unified
  65              	@ 575 "ThreadX/ports/cortex_m4/gnu/inc/tx_port.h" 1
  66 0010 72B6     		CPSID i
  67              	@ 0 "" 2
  68              		.thumb
  69              		.syntax unified
  70              	.LBE21:
  71              	.LBE20:
 107:ThreadX/common/src/txe_event_flags_create.c ****     {
 108:ThreadX/common/src/txe_event_flags_create.c **** 
 109:ThreadX/common/src/txe_event_flags_create.c ****         /* Event flags group pointer is invalid, return appropriate error code.  */
 110:ThreadX/common/src/txe_event_flags_create.c ****         status =  TX_GROUP_ERROR;
 111:ThreadX/common/src/txe_event_flags_create.c ****     }
 112:ThreadX/common/src/txe_event_flags_create.c ****     else
 113:ThreadX/common/src/txe_event_flags_create.c ****     {
 114:ThreadX/common/src/txe_event_flags_create.c **** 
 115:ThreadX/common/src/txe_event_flags_create.c ****         /* Disable interrupts.  */
 116:ThreadX/common/src/txe_event_flags_create.c ****         TX_DISABLE
 117:ThreadX/common/src/txe_event_flags_create.c **** 
 118:ThreadX/common/src/txe_event_flags_create.c ****         /* Increment the preempt disable flag.  */
 119:ThreadX/common/src/txe_event_flags_create.c ****         _tx_thread_preempt_disable++;
  72              		.loc 1 119 0
  73 0012 224A     		ldr	r2, .L17
  74              	.LVL2:
  75 0014 1368     		ldr	r3, [r2]
  76 0016 0133     		adds	r3, r3, #1
  77 0018 1360     		str	r3, [r2]
  78              	.LBB24:
  79              	.LBB25:
 562:ThreadX/ports/cortex_m4/gnu/inc/tx_port.h **** #endif
  80              		.loc 2 562 0
  81              		.syntax unified
  82              	@ 562 "ThreadX/ports/cortex_m4/gnu/inc/tx_port.h" 1
  83 001a 80F31088 		MSR  PRIMASK,r0
  84              	@ 0 "" 2
  85              		.thumb
  86              		.syntax unified
  87              	.LBE25:
  88              	.LBE24:
 120:ThreadX/common/src/txe_event_flags_create.c **** 
 121:ThreadX/common/src/txe_event_flags_create.c ****         /* Restore interrupts.  */
 122:ThreadX/common/src/txe_event_flags_create.c ****         TX_RESTORE
 123:ThreadX/common/src/txe_event_flags_create.c **** 
 124:ThreadX/common/src/txe_event_flags_create.c ****         /* Next see if it is already in the created list.  */
 125:ThreadX/common/src/txe_event_flags_create.c ****         next_group =   _tx_event_flags_created_ptr;
  89              		.loc 1 125 0
  90 001e 204B     		ldr	r3, .L17+4
  91 0020 1C68     		ldr	r4, [r3]
  92              	.LVL3:
 126:ThreadX/common/src/txe_event_flags_create.c ****         for (i = ((ULONG) 0); i < _tx_event_flags_created_count; i++)
  93              		.loc 1 126 0
  94 0022 0023     		movs	r3, #0
  95              	.LVL4:
  96              	.L3:
ARM GAS  /tmp/ccgQ4DrO.s 			page 15


  97              		.loc 1 126 0 is_stmt 0 discriminator 1
  98 0024 1F4A     		ldr	r2, .L17+8
  99 0026 1268     		ldr	r2, [r2]
 100 0028 9A42     		cmp	r2, r3
 101 002a 04D9     		bls	.L4
 127:ThreadX/common/src/txe_event_flags_create.c ****         {
 128:ThreadX/common/src/txe_event_flags_create.c **** 
 129:ThreadX/common/src/txe_event_flags_create.c ****             /* Determine if this group matches the event flags group in the list.  */
 130:ThreadX/common/src/txe_event_flags_create.c ****             if (group_ptr == next_group)
 102              		.loc 1 130 0 is_stmt 1
 103 002c AC42     		cmp	r4, r5
 104 002e 02D0     		beq	.L4
 131:ThreadX/common/src/txe_event_flags_create.c ****             {
 132:ThreadX/common/src/txe_event_flags_create.c **** 
 133:ThreadX/common/src/txe_event_flags_create.c ****                 break;
 134:ThreadX/common/src/txe_event_flags_create.c ****             }
 135:ThreadX/common/src/txe_event_flags_create.c ****             else
 136:ThreadX/common/src/txe_event_flags_create.c ****             {
 137:ThreadX/common/src/txe_event_flags_create.c **** 
 138:ThreadX/common/src/txe_event_flags_create.c ****                 /* Move to the next group.  */
 139:ThreadX/common/src/txe_event_flags_create.c ****                 next_group =  next_group -> tx_event_flags_group_created_next;
 105              		.loc 1 139 0 discriminator 2
 106 0030 A469     		ldr	r4, [r4, #24]
 107              	.LVL5:
 126:ThreadX/common/src/txe_event_flags_create.c ****         {
 108              		.loc 1 126 0 discriminator 2
 109 0032 0133     		adds	r3, r3, #1
 110              	.LVL6:
 111 0034 F6E7     		b	.L3
 112              	.L4:
 113 0036 0E46     		mov	r6, r1
 114              	.LBB26:
 115              	.LBB27:
 116              	.LBB28:
 117              	.LBB29:
 539:ThreadX/ports/cortex_m4/gnu/inc/tx_port.h **** #endif
 118              		.loc 2 539 0
 119              		.syntax unified
 120              	@ 539 "ThreadX/ports/cortex_m4/gnu/inc/tx_port.h" 1
 121 0038 EFF31081 		MRS  r1, PRIMASK 
 122              	@ 0 "" 2
 123              	.LVL7:
 124              		.thumb
 125              		.syntax unified
 126              	.LBE29:
 127              	.LBE28:
 128              		.loc 2 575 0
 129              		.syntax unified
 130              	@ 575 "ThreadX/ports/cortex_m4/gnu/inc/tx_port.h" 1
 131 003c 72B6     		CPSID i
 132              	@ 0 "" 2
 133              		.thumb
 134              		.syntax unified
 135              	.LBE27:
 136              	.LBE26:
 140:ThreadX/common/src/txe_event_flags_create.c ****             }
 141:ThreadX/common/src/txe_event_flags_create.c ****         }
ARM GAS  /tmp/ccgQ4DrO.s 			page 16


 142:ThreadX/common/src/txe_event_flags_create.c **** 
 143:ThreadX/common/src/txe_event_flags_create.c ****         /* Disable interrupts.  */
 144:ThreadX/common/src/txe_event_flags_create.c ****         TX_DISABLE
 145:ThreadX/common/src/txe_event_flags_create.c **** 
 146:ThreadX/common/src/txe_event_flags_create.c ****         /* Decrement the preempt disable flag.  */
 147:ThreadX/common/src/txe_event_flags_create.c ****         _tx_thread_preempt_disable--;
 137              		.loc 1 147 0
 138 003e 174A     		ldr	r2, .L17
 139 0040 1368     		ldr	r3, [r2]
 140              	.LVL8:
 141 0042 013B     		subs	r3, r3, #1
 142 0044 1360     		str	r3, [r2]
 143              	.LBB30:
 144              	.LBB31:
 562:ThreadX/ports/cortex_m4/gnu/inc/tx_port.h **** #endif
 145              		.loc 2 562 0
 146              		.syntax unified
 147              	@ 562 "ThreadX/ports/cortex_m4/gnu/inc/tx_port.h" 1
 148 0046 81F31088 		MSR  PRIMASK,r1
 149              	@ 0 "" 2
 150              		.thumb
 151              		.syntax unified
 152              	.LBE31:
 153              	.LBE30:
 148:ThreadX/common/src/txe_event_flags_create.c **** 
 149:ThreadX/common/src/txe_event_flags_create.c ****         /* Restore interrupts.  */
 150:ThreadX/common/src/txe_event_flags_create.c ****         TX_RESTORE
 151:ThreadX/common/src/txe_event_flags_create.c **** 
 152:ThreadX/common/src/txe_event_flags_create.c ****         /* Check for preemption.  */
 153:ThreadX/common/src/txe_event_flags_create.c ****         _tx_thread_system_preempt_check();
 154              		.loc 1 153 0
 155 004a FFF7FEFF 		bl	_tx_thread_system_preempt_check
 156              	.LVL9:
 154:ThreadX/common/src/txe_event_flags_create.c **** 
 155:ThreadX/common/src/txe_event_flags_create.c ****         /* At this point, check to see if there is a duplicate event flag group.  */
 156:ThreadX/common/src/txe_event_flags_create.c ****         if (group_ptr == next_group)
 157              		.loc 1 156 0
 158 004e AC42     		cmp	r4, r5
 159 0050 1FD0     		beq	.L10
 157:ThreadX/common/src/txe_event_flags_create.c ****         {
 158:ThreadX/common/src/txe_event_flags_create.c **** 
 159:ThreadX/common/src/txe_event_flags_create.c ****             /* Group is already created, return appropriate error code.  */
 160:ThreadX/common/src/txe_event_flags_create.c ****             status =  TX_GROUP_ERROR;
 161:ThreadX/common/src/txe_event_flags_create.c ****         }
 162:ThreadX/common/src/txe_event_flags_create.c ****         else
 163:ThreadX/common/src/txe_event_flags_create.c ****         {
 164:ThreadX/common/src/txe_event_flags_create.c **** 
 165:ThreadX/common/src/txe_event_flags_create.c **** #ifndef TX_TIMER_PROCESS_IN_ISR
 166:ThreadX/common/src/txe_event_flags_create.c **** 
 167:ThreadX/common/src/txe_event_flags_create.c ****             /* Pickup thread pointer.  */
 168:ThreadX/common/src/txe_event_flags_create.c ****             TX_THREAD_GET_CURRENT(thread_ptr)
 160              		.loc 1 168 0
 161 0052 154B     		ldr	r3, .L17+12
 162 0054 1A68     		ldr	r2, [r3]
 163              	.LVL10:
 169:ThreadX/common/src/txe_event_flags_create.c **** 
 170:ThreadX/common/src/txe_event_flags_create.c ****             /* Check for invalid caller of this function.  First check for a calling thread.  */
ARM GAS  /tmp/ccgQ4DrO.s 			page 17


 171:ThreadX/common/src/txe_event_flags_create.c ****             if (thread_ptr == &_tx_timer_thread)
 164              		.loc 1 171 0
 165 0056 154B     		ldr	r3, .L17+16
 166 0058 9A42     		cmp	r2, r3
 167 005a 14D0     		beq	.L11
  95:ThreadX/common/src/txe_event_flags_create.c **** 
 168              		.loc 1 95 0
 169 005c 0020     		movs	r0, #0
 170              	.L6:
 171              	.LVL11:
 172              	.LBB32:
 173              	.LBB33:
 477:ThreadX/ports/cortex_m4/gnu/inc/tx_port.h ****     return(ipsr_value);
 174              		.loc 2 477 0
 175              		.syntax unified
 176              	@ 477 "ThreadX/ports/cortex_m4/gnu/inc/tx_port.h" 1
 177 005e EFF30583 		 MRS  r3,IPSR 
 178              	@ 0 "" 2
 179              		.thumb
 180              		.syntax unified
 181              	.LBE33:
 182              	.LBE32:
 172:ThreadX/common/src/txe_event_flags_create.c ****             {
 173:ThreadX/common/src/txe_event_flags_create.c **** 
 174:ThreadX/common/src/txe_event_flags_create.c ****                 /* Invalid caller of this function, return appropriate error code.  */
 175:ThreadX/common/src/txe_event_flags_create.c ****                 status =  TX_CALLER_ERROR;
 176:ThreadX/common/src/txe_event_flags_create.c ****             }
 177:ThreadX/common/src/txe_event_flags_create.c **** #endif
 178:ThreadX/common/src/txe_event_flags_create.c **** 
 179:ThreadX/common/src/txe_event_flags_create.c ****             /* Check for interrupt call.  */
 180:ThreadX/common/src/txe_event_flags_create.c ****             if (TX_THREAD_GET_SYSTEM_STATE() != ((ULONG) 0))
 183              		.loc 1 180 0
 184 0062 134A     		ldr	r2, .L17+20
 185              	.LVL12:
 186 0064 1268     		ldr	r2, [r2]
 187 0066 1343     		orrs	r3, r2, r3
 188 0068 07D0     		beq	.L7
 189              	.LBB34:
 190              	.LBB35:
 477:ThreadX/ports/cortex_m4/gnu/inc/tx_port.h ****     return(ipsr_value);
 191              		.loc 2 477 0
 192              		.syntax unified
 193              	@ 477 "ThreadX/ports/cortex_m4/gnu/inc/tx_port.h" 1
 194 006a EFF30582 		 MRS  r2,IPSR 
 195              	@ 0 "" 2
 196              		.thumb
 197              		.syntax unified
 198              	.LBE35:
 199              	.LBE34:
 181:ThreadX/common/src/txe_event_flags_create.c ****             {
 182:ThreadX/common/src/txe_event_flags_create.c **** 
 183:ThreadX/common/src/txe_event_flags_create.c ****                 /* Now, make sure the call is from an interrupt and not initialization.  */
 184:ThreadX/common/src/txe_event_flags_create.c ****                 if (TX_THREAD_GET_SYSTEM_STATE() < TX_INITIALIZE_IN_PROGRESS)
 200              		.loc 1 184 0
 201 006e 104B     		ldr	r3, .L17+20
 202 0070 1B68     		ldr	r3, [r3]
 203 0072 1343     		orrs	r3, r3, r2
ARM GAS  /tmp/ccgQ4DrO.s 			page 18


 204 0074 B3F1F03F 		cmp	r3, #-252645136
 205 0078 0DD3     		bcc	.L12
 206              	.L7:
 185:ThreadX/common/src/txe_event_flags_create.c ****                 {
 186:ThreadX/common/src/txe_event_flags_create.c **** 
 187:ThreadX/common/src/txe_event_flags_create.c ****                     /* Invalid caller of this function, return appropriate error code.  */
 188:ThreadX/common/src/txe_event_flags_create.c ****                     status =  TX_CALLER_ERROR;
 189:ThreadX/common/src/txe_event_flags_create.c ****                 }
 190:ThreadX/common/src/txe_event_flags_create.c ****             }
 191:ThreadX/common/src/txe_event_flags_create.c ****         }
 192:ThreadX/common/src/txe_event_flags_create.c ****     }
 193:ThreadX/common/src/txe_event_flags_create.c **** 
 194:ThreadX/common/src/txe_event_flags_create.c ****     /* Determine if everything is okay.  */
 195:ThreadX/common/src/txe_event_flags_create.c ****     if (status == TX_SUCCESS)
 207              		.loc 1 195 0
 208 007a 48B9     		cbnz	r0, .L1
 196:ThreadX/common/src/txe_event_flags_create.c ****     {
 197:ThreadX/common/src/txe_event_flags_create.c **** 
 198:ThreadX/common/src/txe_event_flags_create.c ****         /* Call actual event flags create function.  */
 199:ThreadX/common/src/txe_event_flags_create.c ****         status =  _tx_event_flags_create(group_ptr, name_ptr);
 209              		.loc 1 199 0
 210 007c 3146     		mov	r1, r6
 211 007e 2846     		mov	r0, r5
 212              	.LVL13:
 213 0080 FFF7FEFF 		bl	_tx_event_flags_create
 214              	.LVL14:
 215 0084 04E0     		b	.L1
 216              	.LVL15:
 217              	.L11:
 175:ThreadX/common/src/txe_event_flags_create.c ****             }
 218              		.loc 1 175 0
 219 0086 1320     		movs	r0, #19
 220 0088 E9E7     		b	.L6
 221              	.LVL16:
 222              	.L8:
 223              	.LCFI1:
 224              		.cfi_def_cfa_offset 0
 225              		.cfi_restore 4
 226              		.cfi_restore 5
 227              		.cfi_restore 6
 228              		.cfi_restore 14
 102:ThreadX/common/src/txe_event_flags_create.c ****     }
 229              		.loc 1 102 0
 230 008a 0620     		movs	r0, #6
 231              	.LVL17:
 200:ThreadX/common/src/txe_event_flags_create.c ****     }
 201:ThreadX/common/src/txe_event_flags_create.c **** 
 202:ThreadX/common/src/txe_event_flags_create.c ****     /* Return completion status.  */
 203:ThreadX/common/src/txe_event_flags_create.c ****     return(status);
 204:ThreadX/common/src/txe_event_flags_create.c **** }
 232              		.loc 1 204 0
 233 008c 7047     		bx	lr
 234              	.LVL18:
 235              	.L9:
 236              	.LCFI2:
 237              		.cfi_def_cfa_offset 16
 238              		.cfi_offset 4, -16
ARM GAS  /tmp/ccgQ4DrO.s 			page 19


 239              		.cfi_offset 5, -12
 240              		.cfi_offset 6, -8
 241              		.cfi_offset 14, -4
 110:ThreadX/common/src/txe_event_flags_create.c ****     }
 242              		.loc 1 110 0
 243 008e 0620     		movs	r0, #6
 244              	.LVL19:
 245              	.L1:
 246              		.loc 1 204 0
 247 0090 70BD     		pop	{r4, r5, r6, pc}
 248              	.LVL20:
 249              	.L10:
 160:ThreadX/common/src/txe_event_flags_create.c ****         }
 250              		.loc 1 160 0
 251 0092 0620     		movs	r0, #6
 252 0094 FCE7     		b	.L1
 253              	.LVL21:
 254              	.L12:
 188:ThreadX/common/src/txe_event_flags_create.c ****                 }
 255              		.loc 1 188 0
 256 0096 1320     		movs	r0, #19
 257              	.LVL22:
 203:ThreadX/common/src/txe_event_flags_create.c **** }
 258              		.loc 1 203 0
 259 0098 FAE7     		b	.L1
 260              	.L18:
 261 009a 00BF     		.align	2
 262              	.L17:
 263 009c 00000000 		.word	_tx_thread_preempt_disable
 264 00a0 00000000 		.word	_tx_event_flags_created_ptr
 265 00a4 00000000 		.word	_tx_event_flags_created_count
 266 00a8 00000000 		.word	_tx_thread_current_ptr
 267 00ac 00000000 		.word	_tx_timer_thread
 268 00b0 00000000 		.word	_tx_thread_system_state
 269              		.cfi_endproc
 270              	.LFE8:
 272              		.text
 273              	.Letext0:
 274              		.file 3 "/usr/include/newlib/sys/lock.h"
 275              		.file 4 "/usr/include/newlib/sys/_types.h"
 276              		.file 5 "/usr/lib/gcc/arm-none-eabi/7.3.1/include/stddef.h"
 277              		.file 6 "/usr/include/newlib/sys/reent.h"
 278              		.file 7 "/usr/include/newlib/stdlib.h"
 279              		.file 8 "ThreadX/common/inc/tx_api.h"
 280              		.file 9 "ThreadX/common/inc/tx_initialize.h"
 281              		.file 10 "ThreadX/common/inc/tx_thread.h"
 282              		.file 11 "ThreadX/common/inc/tx_timer.h"
 283              		.file 12 "ThreadX/common/inc/tx_event_flags.h"
ARM GAS  /tmp/ccgQ4DrO.s 			page 20


DEFINED SYMBOLS
                            *ABS*:0000000000000000 txe_event_flags_create.c
     /tmp/ccgQ4DrO.s:18     .text._txe_event_flags_create:0000000000000000 $t
     /tmp/ccgQ4DrO.s:25     .text._txe_event_flags_create:0000000000000000 _txe_event_flags_create
     /tmp/ccgQ4DrO.s:263    .text._txe_event_flags_create:000000000000009c $d

UNDEFINED SYMBOLS
_tx_thread_system_preempt_check
_tx_event_flags_create
_tx_thread_preempt_disable
_tx_event_flags_created_ptr
_tx_event_flags_created_count
_tx_thread_current_ptr
_tx_timer_thread
_tx_thread_system_state
