ARM GAS  /tmp/ccjeVpkB.s 			page 1


   1              		.cpu cortex-m3
   2              		.eabi_attribute 20, 1
   3              		.eabi_attribute 21, 1
   4              		.eabi_attribute 23, 3
   5              		.eabi_attribute 24, 1
   6              		.eabi_attribute 25, 1
   7              		.eabi_attribute 26, 1
   8              		.eabi_attribute 30, 2
   9              		.eabi_attribute 34, 1
  10              		.eabi_attribute 18, 4
  11              		.file	"crt1.c"
  12              		.section	.gnu.lto_.profile.5e669ea094078776,"",%progbits
  13 0000 789C6363 		.ascii	"x\234cc```\001bF\006IQ\000\000\277\000:"
  13      60606001 
  13      62460649 
  13      510000BF 
  13      003A
  14              		.text
  15              		.section	.gnu.lto_.icf.5e669ea094078776,"",%progbits
  16 0000 789C6363 		.ascii	"x\234cc``Pc@\0006\206\1773_\337gd\004\223L`\222\271"
  16      60605063 
  16      40003686 
  16      7F335FDF 
  16      67640493 
  17 0018 F7C899EB 		.ascii	"\367\310\231\353\034,o6\036\352\344d\275\370mc\017\037"
  17      1C2C6F36 
  17      1EEAE464 
  17      BDF86D63 
  17      0F1F
  18 002a 03008A45 		.ascii	"\003\000\212E\023g"
  18      1367
  19              		.text
  20              		.section	.gnu.lto_.jmpfuncs.5e669ea094078776,"",%progbits
  21 0000 789C6363 		.ascii	"x\234cc``\020d@\000V fd``b``f``\001r\000\003o\000'"
  21      60601064 
  21      40005620 
  21      66646060 
  21      62606066 
  22              		.text
  23              		.section	.gnu.lto_.inline.5e669ea094078776,"",%progbits
  24 0000 789C6363 		.ascii	"x\234cc``\210c@\000V\006\006f&F\006& \223m\201<\210"
  24      60608863 
  24      40005606 
  24      06662646 
  24      06262093 
  25 0018 6260C410 		.ascii	"b`\304\020a\302\020a\006\362 \",`\022H\211\374`\001"
  25      61C21061 
  25      06F22022 
  25      2C601248 
  25      89FC6001 
  26 002c 8A289DF8 		.ascii	"\212(\235\370\341\303\300\326\001Q\305\000\000\376\366"
  26      E1C3C0D6 
  26      0151C500 
  26      00FEF6
  27 003b 06DC     		.ascii	"\006\334"
  28              		.text
  29              		.section	.gnu.lto_.pureconst.5e669ea094078776,"",%progbits
ARM GAS  /tmp/ccjeVpkB.s 			page 2


  30 0000 789C6363 		.ascii	"x\234cc``\340\006bV\006\011F\011&\011f\023\026)\000"
  30      6060E006 
  30      62560609 
  30      46092609 
  30      66131629 
  31 0015 043700B7 		.ascii	"\0047\000\267"
  32              		.text
  33              		.section	.gnu.lto___cpu_init.5e669ea094078776,"",%progbits
  34 0000 789C6363 		.ascii	"x\234cc``\250\003\342H \226\006bFf\006F\246\011\347"
  34      6060A803 
  34      E2482096 
  34      06624666 
  34      0646A609 
  35 0015 18181A39 		.ascii	"\030\030\0329\230\030\031A\214\006\016F\206z&\306z\306"
  35      98181941 
  35      8C060E46 
  35      867A26C6 
  35      7AC6
  36 0027 1EE629CC 		.ascii	"\036\346)\314\214\207\332\237\355d\322\\\336\000\004"
  36      8C87DA9F 
  36      ED64D25C 
  36      DE0004
  37 0036 07A6EFE2 		.ascii	"\007\246\357\342jkh\225\230\303\314\3000\015\210A\200"
  37      6A6B6895 
  37      98C3CCC0 
  37      300D8841 
  37      80
  38 0047 7133A326 		.ascii	"q3\243&\003P\331\243\215\377\246\362\262\261@\304\031"
  38      0350D9A3 
  38      8DFFA6F2 
  38      B2B140C4 
  38      19
  39 0058 B730B231 		.ascii	"\2670\26210\002\031\353/\261\036h\370\367\277\275\341"
  39      300219EB 
  39      2FB11E68 
  39      F8F7BFBD 
  39      E1
  40 0069 C09F458C 		.ascii	"\300\237E\214\327\275\230\030\030:\200\362@K\032\016"
  40      D7BD9818 
  40      183A80F2 
  40      404B1A0E 
  41 0079 30743233 		.ascii	"0t23\201X\315\007\030\33616)\200\265\200@\0073#H\030"
  41      8158CD07 
  41      18DE3136 
  41      2980B580 
  41      40073323 
  42 008f A8345C3F 		.ascii	"\2504\\?#?7U\277\2628C\337%\2658\273$\277@?9#3)3\277"
  42      233F3755 
  42      BFB23843 
  42      DF25B538 
  42      BB24BF40 
  43 00aa 58DF1944 		.ascii	"X\337\031D\373\007\353\346&\026\227\244\026\351\003"
  43      FB07EBE6 
  43      261697A4 
  43      16E903
  44 00b9 4592F373 		.ascii	"E\222\363ss\363\363\364\213K\022\213JJ\013\364\035\203"
  44      73F3F3F4 
ARM GAS  /tmp/ccjeVpkB.s 			page 3


  44      8B4B128B 
  44      4A4A0BF4 
  44      1D83
  45 00cb 7C9D7D2B 		.ascii	"|\235}+@\242\005\2319\251E\305\372\356\316\316\372\311"
  45      40A20599 
  45      39A945C5 
  45      FAEECECE 
  45      FAC9
  46 00dd 4525867A 		.ascii	"E%\206z\311\014\000\025\376K\032"
  46      C90C0015 
  46      FE4B1A
  47              		.text
  48              		.section	.gnu.lto___early_init.5e669ea094078776,"",%progbits
  49 0000 789C6363 		.ascii	"x\234cc``\250\001\342H \226\006bFf\006F\246\011\347"
  49      6060A801 
  49      E2482096 
  49      06624666 
  49      0646A609 
  50 0015 18181A39 		.ascii	"\030\030\0329\230\030\031A\214\006\016F\206z&\306z\306"
  50      98181941 
  50      8C060E46 
  50      867A26C6 
  50      7AC6
  51 0027 1EE629CC 		.ascii	"\036\346)\314\214\207\332\237\355d\322\\\336\000\004"
  51      8C87DA9F 
  51      ED64D25C 
  51      DE0004
  52 0036 07A64FE0 		.ascii	"\007\246O\340nkh\225\230\303\314\3000\015\210A\200q"
  52      6E6B6895 
  52      98C3CCC0 
  52      300D8841 
  52      8071
  53 0048 33A32603 		.ascii	"3\243&\003P\331\243\215\377\246\362\262\261@\304\031"
  53      50D9A38D 
  53      FFA6F2B2 
  53      B140C419 
  54 0058 B730B231 		.ascii	"\2670\26210\002\031\353/\261\036h\370\367\277\275\341"
  54      300219EB 
  54      2FB11E68 
  54      F8F7BFBD 
  54      E1
  55 0069 C0196566 		.ascii	"\300\031ef&\006\206\016\240,\320\212\206\003\014\235"
  55      2606860E 
  55      A02CD08A 
  55      86030C9D 
  56 0079 402E90D5 		.ascii	"@.\220\325|\200\341\035c\223\002X\003\010t03\202\204"
  56      7C80E11D 
  56      63930258 
  56      03087430 
  56      338284
  57 008c 814AC3F5 		.ascii	"\201J\303\3653\362sS\365+\2133\364]R\213\263K\362\013"
  57      33F27353 
  57      F52B8B33 
  57      F45D528B 
  57      B34BF20B 
  58 00a0 F4933332 		.ascii	"\364\22332\2232\363\213\365\235A\264\177\260nnbqIj\221"
  58      9332F38B 
ARM GAS  /tmp/ccjeVpkB.s 			page 4


  58      F59D41B4 
  58      7FB06E6E 
  58      6271496A 
  59 00b5 3E502439 		.ascii	">P$9?77?O\277\270$\261\250\244\264@\3371\310\327\331"
  59      3F37373F 
  59      4FBFB824 
  59      B1A8A4B4 
  59      40DF31C8 
  60 00cb B702245A 		.ascii	"\267\002$Z\220\231\223ZT\254\357\356\354\254\237\\T"
  60      9099935A 
  60      54ACEFEE 
  60      ECAC9F5C 
  60      54
  61 00dc 62A897CC 		.ascii	"b\250\227\314\000\000\277\232I!"
  61      0000BF9A 
  61      4921
  62              		.text
  63              		.section	.gnu.lto___late_init.5e669ea094078776,"",%progbits
  64 0000 789C6363 		.ascii	"x\234cc``\250\001\342H \226\006bFf\006F\246\011\347"
  64      6060A801 
  64      E2482096 
  64      06624666 
  64      0646A609 
  65 0015 18181A39 		.ascii	"\030\030\0329\230\030\031A\214\006\016F\206z&\306z\306"
  65      98181941 
  65      8C060E46 
  65      867A26C6 
  65      7AC6
  66 0027 1EE629CC 		.ascii	"\036\346)\314\214\207\332\237\355d\322\\\336\000\004"
  66      8C87DA9F 
  66      ED64D25C 
  66      DE0004
  67 0036 07A6EFE1 		.ascii	"\007\246\357\341nkh\225\230\303\314\3000\015\210A\200"
  67      6E6B6895 
  67      98C3CCC0 
  67      300D8841 
  67      80
  68 0047 7133A326 		.ascii	"q3\243&\003P\331\243\215\377\246\362\262\261@\304\031"
  68      0350D9A3 
  68      8DFFA6F2 
  68      B2B140C4 
  68      19
  69 0058 B730B231 		.ascii	"\2670\26210\002\031\353/\261\036h\370\367\277\275\341"
  69      300219EB 
  69      2FB11E68 
  69      F8F7BFBD 
  69      E1
  70 0069 C0116566 		.ascii	"\300\021ef&\006\206\016\240,\320\212\206\003\014\235"
  70      2606860E 
  70      A02CD08A 
  70      86030C9D 
  71 0079 402E90D5 		.ascii	"@.\220\325|\200\341\035c\223\002X\003\010t03\202\204"
  71      7C80E11D 
  71      63930258 
  71      03087430 
  71      338284
  72 008c 814AC3F5 		.ascii	"\201J\303\3653\362sS\365+\2133\364]R\213\263K\362\013"
ARM GAS  /tmp/ccjeVpkB.s 			page 5


  72      33F27353 
  72      F52B8B33 
  72      F45D528B 
  72      B34BF20B 
  73 00a0 F4933332 		.ascii	"\364\22332\2232\363\213\365\235A\264\177\260nnbqIj\221"
  73      9332F38B 
  73      F59D41B4 
  73      7FB06E6E 
  73      6271496A 
  74 00b5 3E502439 		.ascii	">P$9?77?O\277\270$\261\250\244\264@\3371\310\327\331"
  74      3F37373F 
  74      4FBFB824 
  74      B1A8A4B4 
  74      40DF31C8 
  75 00cb B702245A 		.ascii	"\267\002$Z\220\231\223ZT\254\357\356\354\254\237\\T"
  75      9099935A 
  75      54ACEFEE 
  75      ECAC9F5C 
  75      54
  76 00dc 62A897CC 		.ascii	"b\250\227\314\000\000\334\326IE"
  76      0000DCD6 
  76      4945
  77              		.text
  78              		.section	.gnu.lto___default_exit.5e669ea094078776,"",%progbits
  79 0000 789C6363 		.ascii	"x\234cc``\250\005\342H 6\007bFV\006F\246\011\347\030"
  79      6060A805 
  79      E2482036 
  79      07624656 
  79      0646A609 
  80 0016 181A3998 		.ascii	"\030\0329\230\030\231!\014fF\026\010\203\005\"\342\310"
  80      1899210C 
  80      66461608 
  80      830522E2 
  80      C8
  81 0027 C850CFC4 		.ascii	"\310P\317\304\314\302\010$\030\240\240\207y\0123\343"
  81      CCC20824 
  81      18A0A087 
  81      790A33E3 
  82 0037 A1F6673B 		.ascii	"\241\366g;\2314\2277\000\301\201\351\337\270\333\032"
  82      99349737 
  82      00C181E9 
  82      DFB8DB1A 
  83 0047 5A25E600 		.ascii	"Z%\346\000UL\203\252b\334\314\250\311\000T\366h\343"
  83      554C83AA 
  83      62DCCCA8 
  83      C90054F6 
  83      68E3
  84 0059 BFA9BC6C 		.ascii	"\277\251\274l,\020q\306-\214l\014\214@\306\372K\254"
  84      2C1071C6 
  84      2D8C6C0C 
  84      8C40C6FA 
  84      4BAC
  85 006b 071AFEFD 		.ascii	"\007\032\376\375oo8pg1\343D?\240P\007P\236\261\341\000"
  85      6F6F3870 
  85      6731E344 
  85      3FA05007 
  85      509EB1E1 
ARM GAS  /tmp/ccjeVpkB.s 			page 6


  86 0080 90666260 		.ascii	"\220fb`l\004\321\314\014@\353\233A,\026\020\213\261"
  86      6C04D1CC 
  86      0C40EB9B 
  86      412C1610 
  86      8BB1
  87 0092 8399116C 		.ascii	"\203\231\021lr\270~F~n\252~eq\206\276KjqvI~\201~rFf"
  87      72B87E46 
  87      7E6EAA7E 
  87      657186BE 
  87      4B6A7176 
  88 00ad 52667EB1 		.ascii	"Rf~\261\2763\210\366\017\326\315M,.I-\322\007\212$\347"
  88      BE3388F6 
  88      0FD6CD4D 
  88      2C2E492D 
  88      D2078A24 
  89 00c2 E7E6E6E7 		.ascii	"\347\346\346\347\351\027\227$\026\225\224\026\350;\006"
  89      E9179724 
  89      16959416 
  89      E83B06
  90 00d1 F93AFB56 		.ascii	"\371:\373V\200D\0132sR\213\212\365\335\235\235\365\223"
  90      80440B32 
  90      73528B8A 
  90      F5DD9D9D 
  90      F593
  91 00e3 8B4A0CF5 		.ascii	"\213J\014\365\222\031\000e'Mi"
  91      92190065 
  91      274D69
  92              		.text
  93              		.section	.gnu.lto___init_ram_areas.5e669ea094078776,"",%progbits
  94 0000 789C9555 		.ascii	"x\234\225UKL\\e\024\376\317\375\357k\356<:\001\026."
  94      4B4C5C65 
  94      14FECFFD 
  94      EF6BEE3C 
  94      3A01162E 
  95 0014 9A860D8B 		.ascii	"\232\206\015\213.\364\206\255\211&\015&\272iLta\342"
  95      2EF486AD 
  95      89260D26 
  95      BA694C74 
  95      61E2
  96 0026 C2942209 		.ascii	"\302\224\"\011Dq&3c\242\033\347\226G\013\255&\325\330"
  96      44712633 
  96      63A21BE7 
  96      96470BAD 
  96      26D5D8
  97 0039 4726533A 		.ascii	"G&S:\266Mj\023\025\015\250ex\335\031\220R\004Z\306J"
  97      B64D6A13 
  97      150DA865 
  97      78DD1990 
  97      52045AC6 
  98 004e 1AC2AA0A 		.ascii	"\032\302\252\012\265(jcCR`\300s\376\377\216\235\202"
  98      B5286A63 
  98      435260C0 
  98      73FEFF8E 
  98      9D82
  99 0060 56BDC9FC 		.ascii	"V\275\311\374\317\357\274\276s\3763:c\354\254\316\330"
  99      CFEFBCBE 
  99      73FE333A 
ARM GAS  /tmp/ccjeVpkB.s 			page 7


  99      63ECACCE 
  99      D8
 100 0071 419C3FC1 		.ascii	"A\234?\301\037\004\031(\307g\030;d*\300\345\202\203"
 100      1F041928 
 100      C767183B 
 100      642AC0E5 
 100      8283
 101 0083 2617AA5C 		.ascii	"&\027\252\\\344LMQ\373\362\2149\226\177\301\317\234"
 101      E44C4D51 
 101      FBF28C39 
 101      967FC1CF 
 101      9C
 102 0094 801F4C3A 		.ascii	"\200\037L:\007C\3169\323T\014y\357\023\367>%\360\331"
 102      0743CE39 
 102      D3540C79 
 102      EF13F73E 
 102      25F0D9
 103 00a7 186DAD5B 		.ascii	"\030m\255[>\334\006\244\342}\026\000\315\216\011,\251"
 103      3EDC06A4 
 103      E27D1600 
 103      CD8E092C 
 103      A9
 104 00b8 7055F31B 		.ascii	"pU\363\033\246/`AR\345\014\\\025\265\3755\240cLc\336"
 104      A62F6041 
 104      52E50C5C 
 104      15B5FD35 
 104      A0634C63 
 105 00cd 679616EF 		.ascii	"g\226\026\357\362\0179\344\217,\365+{/:\370\271\247"
 105      F20F39E4 
 105      8F2CF52B 
 105      7B2F3AF8 
 105      B9A7
 106 00df 2EEF3AEC 		.ascii	".\357:\354t<\226\346\214\235\344\022\003\275\260\227"
 106      743C96E6 
 106      8C9DE412 
 106      03BDB097 
 107 00ef 216CB6FD 		.ascii	"!l\266\375\3634?\306\323\034@\305\355\335\351\324\017"
 107      F3343FC6 
 107      D31C40C5 
 107      EDDDE9D4 
 107      0F
 108 0100 21DA2A50 		.ascii	"!\332*P\215\333\366\263\037\367\250\374e \344o\235\213"
 108      8DDBF6B3 
 108      1FF7A8FC 
 108      6520E46F 
 108      9D8B
 109 0112 3F866ACE 		.ascii	"?\206j\316;N\253\343\256\016U\235os&\0345\3159|\005"
 109      3B4EABE3 
 109      AE0E559D 
 109      6F73261C 
 109      35CD397C 
 110 0127 1CB5C297 		.ascii	"\034\265\302\227\260\033\372`\267\320\216\360[_l\236"
 110      B01BFA60 
 110      B7D08EF0 
 110      5B5F6C9E 
 111 0137 08EA2A7C 		.ascii	"\010\352*|\0155\322(\\\006\035\360b\312\355\352\261"
 111      0D35D228 
ARM GAS  /tmp/ccjeVpkB.s 			page 8


 111      5C061DF0 
 111      62CAEDEA 
 111      B1
 112 0148 F82B42E7 		.ascii	"\370+B\347\372\251\376E\325\32397\274\347#O\247\012"
 112      FAA9FE45 
 112      D5D33937 
 112      BCE7234F 
 112      A70A
 113 015a FD7FAB73 		.ascii	"\375\177\253slq\243\340\347\007\204\350\317\235\023"
 113      6C71A3E0 
 113      E70784E8 
 113      CF9D13
 114 0169 174D4F74 		.ascii	"\027MOt\362\351\224\343\266W\223\340\300#\235\031\204"
 114      F2E994E3 
 114      B65793E0 
 114      C0239D19 
 114      84
 115 017a 1AC8A243 		.ascii	"\032\310\242C\344\013z4\204\0361\306\311\307\322UOA"
 115      E40B7A34 
 115      841E31C6 
 115      C9C7D255 
 115      4F41
 116 018c 739DCDAD 		.ascii	"s\235\315\255#\216\273\364\324P\337xU\025\2604\327\024"
 116      238EBBF4 
 116      D450DF78 
 116      5515B034 
 116      D714
 117 019e 1C907D1C 		.ascii	"\034\220}\034TFh\215\021^g$a\2101 N\202b\035\022\230"
 117      5446688D 
 117      115E6724 
 117      61883120 
 117      4E82621D 
 118 01b4 B0585788 		.ascii	"\260XW\210\261R\3342\326\211D\014\202\343\262.\256\340"
 118      B152DC32 
 118      D689440C 
 118      82E3B22E 
 118      AEE0
 119 01c6 A2CD654B 		.ascii	"\242\315eK\320\232Y\357~R\220\203B\350\353\311\216\374"
 119      D09A59EF 
 119      7E529083 
 119      42E8EBC9 
 119      8EFC
 120 01d8 358352A0 		.ascii	"5\203R\240\2138\333\326F\376\010%\213\016fO\317p\031"
 120      8B38DBD6 
 120      46FE0825 
 120      8B0E664F 
 120      CF7019
 121 01eb CEFDD995 		.ascii	"\316\375\331\225N\177\006\272\017\205\323\334\200\021"
 121      4E7F06BA 
 121      0F85D3DC 
 121      8011
 122 01f9 48C230C5 		.ascii	"H\3020\305J\350\013\275\035\200\350\323\216\2239\247"
 122      4AE80BBD 
 122      1D80E8D3 
 122      8E9339A7 
 123 0209 900E1732 		.ascii	"\220\016\0272\030#\344 \211\262]\234\263\005\2770\253"
 123      1823E420 
ARM GAS  /tmp/ccjeVpkB.s 			page 9


 123      89B25D9C 
 123      B305BF30 
 123      AB
 124 021a 0827535C 		.ascii	"\010'S\\e\313\320\232\275s\347\266At\244x\240\334\005"
 124      65CBD09A 
 124      BD73E7B6 
 124      4174A478 
 124      A0DC05
 125 022d 2E5C18CC 		.ascii	".\\\030\314O\217\353d\016k)3L\204\230(\007y\317\346"
 125      4F8FEB64 
 125      0E6B2933 
 125      4C849828 
 125      0779CFE6 
 126 0241 DD631FDC 		.ascii	"\335c\037\334\004\373S\347\270\343`\012|0\212\026O\210"
 126      04FB53E7 
 126      B8E3600A 
 126      7C308A16 
 126      4F88
 127 0253 328331B0 		.ascii	"2\2031\260E\204\357\010\252\007\311^@\330\273\264\354"
 127      4584EF08 
 127      AA07C95E 
 127      40D8BBB4 
 127      EC
 128 0264 990B6ED7 		.ascii	"\231\013n\327\237\375W\375\337\010\375@\372\307\037"
 128      9FFD57FD 
 128      DF08FD40 
 128      FAC71F
 129 0273 D29F25FD 		.ascii	"\322\237%\375A\306VE)\227\210#*\326\273\237+\321\007"
 129      41C65645 
 129      29978823 
 129      2AD6BB9F 
 129      2BD107
 130 0286 5720A914 		.ascii	"W \251\024B)\036\012\244\316\345\001)Q\031\276I\344"
 130      42291E0A 
 130      A4CEE501 
 130      295119BE 
 130      49E4
 131 0298 04FDDA38 		.ascii	"\004\375\3328\272R\214J\307\240\234\007u\007\017\350"
 131      BA528C4A 
 131      C7A09C07 
 131      75070FE8 
 132 02a8 8995E21A 		.ascii	"\211\225\342\032L\220\223p\225HF\371\033G/q\022\337"
 132      4C909370 
 132      954846F9 
 132      1B472F71 
 132      12DF
 133 02ba 1ED41E81 		.ascii	"\036\324\036\201\326=\364$\242\321\000\012\264\245\017"
 133      D63DF424 
 133      A2D1000A 
 133      B4A50F
 134 02c9 178B07A4 		.ascii	"\027\213\007\244\301\012\002P\315b@\325\017\342\251"
 134      C10A0250 
 134      CD6240D5 
 134      0FE2A9
 135 02d8 90B0F7B6 		.ascii	"\220\260\367\266^\225\260J\262\372\020L\320Z)\262\253"
 135      5E95B04A 
 135      B2FA104C 
ARM GAS  /tmp/ccjeVpkB.s 			page 10


 135      D05A29B2 
 135      AB
 136 02e9 316C1CA5 		.ascii	"1l\034\245\364\012q]\256\005F\223\251^\271mIU\312\316"
 136      F40A715D 
 136      AE054693 
 136      A95EB96D 
 136      4955CACE 
 137 02fd 981E49FC 		.ascii	"\230\036I\374\267\202x\205H\234B\342\027\241\375\346"
 137      B7827885 
 137      489C42E2 
 137      17A1FDE6 
 138 030d E80278BA 		.ascii	"\350\002x\272\310\024#\3565\3141\317\256\335\307\020"
 138      C81423EE 
 138      35CC31CF 
 138      AEDDC710 
 139 031d 2BD5D4E6 		.ascii	"+\325\324\346UX\025y\346\363\342\250B][\317\001>\004"
 139      55581579 
 139      E6F3E2A8 
 139      425D5BCF 
 139      013E04
 140 0330 3F162274 		.ascii	"?\026\"tq\343\001\371\367~*^\321\377\231=\303co\032"
 140      71E301F9 
 140      F77E2A5E 
 140      D1FF993D 
 140      C3636F1A 
 141 0344 BD28CF8D 		.ascii	"\275(\317\215\005\014f\360F\320\264\262\345\261\031"
 141      050C66F0 
 141      46D0B4B2 
 141      E5B119
 142 0353 26819D6C 		.ascii	"&\201\235l\206\005M\346\016\232\014I\315F\211\032\376"
 142      86054DE6 
 142      0E9A0C49 
 142      CD46891A 
 142      FE
 143 0364 3FA9B926 		.ascii	"?\251\271&\250\021\365u};5\234\324\013j\014$\311\317"
 143      A811F575 
 143      7D3B359C 
 143      D40B6A0C 
 143      24C9CF
 144 0377 D00B637E 		.ascii	"\320\013c~+G\245\347\223\257Q\270\336\361\276\207\307"
 144      2B47A5E7 
 144      93AF51B8 
 144      DEF1BE87 
 144      C7
 145 0388 DAA4FA2D 		.ascii	"\332\244\372-\374>u\306/;s\030f\313#\021\3576DFfF\347"
 145      FC3E75C6 
 145      2F3B7318 
 145      66CB2311 
 145      EF364446 
 146 039f 2674EA1D 		.ascii	"&t\352\035\270G\221\324\300\275I\215D\360\217\347?\265"
 146      B84791D4 
 146      C0BD498D 
 146      44F08FE7 
 146      3FB5
 147 03b1 8EEFCA5A 		.ascii	"\216\357\312Z\307\310\374\360i\265\266\207B\312,\003"
 147      C7C8FCF0 
 147      69B5B687 
ARM GAS  /tmp/ccjeVpkB.s 			page 11


 147      42CA2C03 
 148 03c1 C60B3730 		.ascii	"\306\01370((\310.\212\200\3513\277\314\351\245\336\002"
 148      2828C82E 
 148      8A80E933 
 148      BFCCE9A5 
 148      DE02
 149 03d3 D41CBE87 		.ascii	"\324\034\276\207Z\014xN\264\026jn\001\226\2610\247\026"
 149      5A0C784E 
 149      B4166A6E 
 149      0196B130 
 149      A716
 150 03e5 1BA0D6F6 		.ascii	"\033\240\326\366+>\314\336\013 {\255\270\007\274\300"
 150      2B3ECCDE 
 150      0B207BAD 
 150      B807BCC0 
 151 03f5 F279C96E 		.ascii	"\362y\311n\212\2644\332o\307\233\354g\032\343\257%\""
 151      8AB434DA 
 151      6FC79BEC 
 151      671AE3AF 
 151      2522
 152 0407 51BBA1A9 		.ascii	"Q\273\241\251\371`s$n\327\321\374\374\213\217\267\324"
 152      F9607324 
 152      6ED7D1FC 
 152      FC8B8FB7 
 152      D4
 153 0418 C7138D31 		.ascii	"\307\023\2151\033O\032\"--\2217\354x\242>\226x3j\357"
 153      1B4F1A22 
 153      2D2D9137 
 153      EC78A23E 
 153      9678336A 
 154 042d 7B617FDD 		.ascii	"{a\177\335\376\267\3504\332\374zc,n?[Wg7\304\022\265"
 154      FEB7E834 
 154      DAFC7A63 
 154      2C6E3F5B 
 154      576737C4 
 155 0443 4F34301E 		.ascii	"O40\036\253\217BTID\377\004\203\007N\363"
 155      AB8F4254 
 155      4944FF04 
 155      83074EF3 
 156              		.text
 157              		.section	.gnu.lto_ram_areas.5e669ea094078776,"",%progbits
 158 0000 789C75D1 		.ascii	"x\234u\321\315KTQ\030\006\360\363\316qf\254LK\373n\312"
 158      CD4B5451 
 158      1806F0F3 
 158      CE7166AC 
 158      4C4BFB6E 
 159 0015 BFA00EB6 		.ascii	"\277\240\016\266\232e2A\264\220\240\026\341\322\206"
 159      9A653241 
 159      B490A016 
 159      E1D286
 160 0024 81196ABA 		.ascii	"\201\031j\272\303\334+T\233\271\013\005I\310M\256\234"
 160      C3DC2B54 
 160      9BB90B05 
 160      49C84DAE 
 160      9C
 161 0035 C580418B 		.ascii	"\305\200A\213\210\004\313\232)\035\263\246\262o+-\265"
 161      8804CB9A 
ARM GAS  /tmp/ccjeVpkB.s 			page 12


 161      291DB3A6 
 161      B26F2B2D 
 161      B5
 162 0046 D240DC14 		.ascii	"\322@\334\024.\304\030\260\242\316\235\347.\344\016"
 162      2EC418B0 
 162      A2CE9DE7 
 162      2EE40E
 163 0055 EF5DDC07 		.ascii	"\357]\334\007\336\367\360\360\343\234\200\020\342\204"
 163      DEF7F0F0 
 163      E39C8010 
 163      E284
 164 0063 5F887681 		.ascii	"_\210v\201\357\232\244|\376\347|0\363\327\356\261\355"
 164      EF9AA47C 
 164      FEE77C30 
 164      F3D7EEB1 
 164      ED
 165 0074 C5DE1579 		.ascii	"\305\336\025y9+ENV\255r\313\276\312\202\252\027TY\370"
 165      392B454E 
 165      56AD72CB 
 165      BECA82AA 
 165      175459F8 
 166 0088 AA168D95 		.ascii	"\252\026\215\225\271\254\314\177-/\025k\303#vO\316>"
 166      B9ACCC7F 
 166      2D2F156B 
 166      C323764F 
 166      CE3E
 167 009a 9A95D42F 		.ascii	"\232\225\324/\005\215P\246_\022\335u\302Gw\234\2204"
 167      058D50A6 
 167      5F12DD75 
 167      C247779C 
 167      9034
 168 00ac 4C19E7F8 		.ascii	"L\031\347\370\332\225\356\262\354\225Y\275\010zZo\367"
 168      DA95EEB2 
 168      EC9559BD 
 168      087A5A6F 
 168      F7
 169 00bd 4158C309 		.ascii	"AX\303\011\375\2340\300\010\203\234\360!\204\017 ,@"
 169      FD9C30C0 
 169      08839CF0 
 169      21840F20 
 169      2C40
 170 00cf 988770E9 		.ascii	"\230\207p\351\367\255B=\204\001O\353\240+\254\345\204"
 170      F7AD423D 
 170      84014FEB 
 170      A02BACE5 
 170      84
 171 00e0 9B38E166 		.ascii	"\2338\341fF\270\205\023N@\370\010\302q\010\213\020N"
 171      46B88513 
 171      4E40F808 
 171      C271088B 
 171      104E
 172 00f2 5E2FFCA9 		.ascii	"^/\374\251\203\320\357i-_\205\260\216\023n\345\204\365"
 172      83D0EF69 
 172      2D5F85B0 
 172      8E136EE5 
 172      84F5
 173 0104 8CB08113 		.ascii	"\214\260\201\023>\207\360\031\204O!,A8\3255\224u_\271"
ARM GAS  /tmp/ccjeVpkB.s 			page 13


 173      3E87F019 
 173      844F212C 
 173      4138D535 
 173      94755FB9 
 174 0118 C6D3FAC3 		.ascii	"\306\323\372\303\025n\343\204\3339a##l\342\204o |\015"
 174      156EE384 
 174      DB396123 
 174      236CE284 
 174      6F207C0D 
 175 012c E12B085F 		.ascii	"\341+\010_B8\261:t\303\275C\351i-\272\302\035\234p'"
 175      4238B13A 
 175      74C3BD43 
 175      E9692DBA 
 175      C21D9C70 
 176 0141 27DCC508 		.ascii	"'\334\305\010ws\302\217\020~\200\360=\204S\020\226\376"
 176      7773C28F 
 176      107E80F0 
 176      3D845310 
 176      96FE
 177 0153 95C71B20 		.ascii	"\225\307\033 \364yZ\207]\341\036N\270\227\023\356c\204"
 177      F4795A87 
 177      5DE11E4E 
 177      B89713EE 
 177      6384
 178 0165 FB39E11C 		.ascii	"\3739\341\034\204\263\020~\206\360\023\204\033kn\272"
 178      84B3107E 
 178      86F01384 
 178      1B6B6EBA 
 179 0175 A410473A 		.ascii	"\244\020G:\300\221\0162\244f\216\264\000\3227\220\276"
 179      C0910E32 
 179      A4668EB4 
 179      00D23790 
 179      BE
 180 0186 82F405A4 		.ascii	"\202\364\005\244\256\201\322z\020\307m}u\222ZB\264H"
 180      AE81D27A 
 180      10C76D7D 
 180      75925A42 
 180      B448
 181 0198 613A12A2 		.ascii	"a:\022\242y\0353\024\242i\235\357t\276\325\371B\347"
 181      791D3314 
 181      A2699DEF 
 181      74BED5F9 
 181      42E7
 182 01aa A4CE273A 		.ascii	"\244\316':\037\353\034\3239\252\363\276\316{\024\026"
 182      1FEB1CD3 
 182      39AAF3BE 
 182      CE7B1416 
 183 01ba F45DFFCE 		.ascii	"\364]\377\316\250\270\221\214\251Kf\\\035\213\231\347"
 183      A8B8918C 
 183      A94B665C 
 183      1D8B99E7 
 184 01ca 2C23A5A2 		.ascii	",#\245\242\361\304\331\204a\252\210\223'O\037Jv\230"
 184      F1C4D984 
 184      61AA8893 
 184      274F1F4A 
 184      7698
 185 01dc 562CADF4 		.ascii	"V,\255\364$j$\223\306\005eZ\035i\2533\245ZO\265E\332"
ARM GAS  /tmp/ccjeVpkB.s 			page 14


 185      246A2493 
 185      C605655A 
 185      1D69AB33 
 185      A55A4FB5 
 186 01f2 2E3AD354 		.ascii	".:\323T\342|,m\252\343\221\210\212\246\255\226\303Q"
 186      E27C2C6D 
 186      AAE39188 
 186      8AA6AD96 
 186      C351
 187 0204 F11FBD5C 		.ascii	"\361\037\275\\\031w"
 187      1977
 188              		.text
 189              		.section	.gnu.lto_.symbol_nodes.5e669ea094078776,"",%progbits
 190 0000 789C55CD 		.ascii	"x\234U\315\311Q\002a\024E\341\323\023\203\0108 \212"
 190      C9510261 
 190      1445E1D3 
 190      13830838 
 190      208A
 191 0012 20829910 		.ascii	" \202\231\020\214q\374\035\002\361\270cp\000\264\001"
 191      8C71FC1D 
 191      02F1B863 
 191      7000B401 
 192 0022 41440541 		.ascii	"AD\005A\004\343\260\373n\250\336\274\257\352\324\255"
 192      04E3B0FB 
 192      6EA8DEBC 
 192      AFEAD4AD 
 193 0032 7A09E0D6 		.ascii	"z\011\340\326\012\217\335\306@3 \342\316o\204\245\203"
 193      0A8FDDC6 
 193      403320E2 
 193      CE6F84A5 
 193      83
 194 0043 B1E2A58B 		.ascii	"\261\342\245\213\261\343\345\036\343\354K=,\017\030"
 194      B1E3E51E 
 194      E3EC4B3D 
 194      2C0F18
 195 0052 37B6F15A 		.ascii	"7\266\361Z\340\337\200\343=b\325\302W\336\023\266\354"
 195      E0DF80E3 
 195      3D62D5C2 
 195      57DE13B6 
 195      EC
 196 0063 E1C83EAE 		.ascii	"\341\310>\256\034\340\311g\022\362\205\244\014H\311"
 196      1CE0C967 
 196      12F285A4 
 196      0C48C9
 197 0072 216939E2 		.ascii	"!i9\342@\216\311\310W\016\345\204\254\234\222\223o\344"
 197      408EC9C8 
 197      570EE584 
 197      AC9C9293 
 197      6FE4
 198 0084 E58C23F9 		.ascii	"\345\214#\371\316\261\234s\"?8\225\237\024\344\027g"
 198      CEB19C73 
 198      223F3895 
 198      9F14E417 
 198      67
 199 0095 7241512E 		.ascii	"rAQ.9\227\337\\\310\025%\271\346R\376P\226\033*\362"
 199      3997DF5C 
 199      C81525B9 
ARM GAS  /tmp/ccjeVpkB.s 			page 15


 199      E652FE50 
 199      961B2AF2 
 200 00a9 972BB9A5 		.ascii	"\227+\271\245*w\\\313?j\221\374\003\244\033:S"
 200      2A775CCB 
 200      3F6A91FC 
 200      03A41B3A 
 200      53
 201              		.text
 202              		.section	.gnu.lto_.refs.5e669ea094078776,"",%progbits
 203 0000 789C0DC3 		.ascii	"x\234\015\303\007\016\202@\000\000\260K\3031\004\007"
 203      070E8240 
 203      0000B04B 
 203      C3310407 
 204 0010 20C301A2 		.ascii	" \303\001\242\340k\374\377\177\244I\323\020\302o/\021"
 204      E06BFCFF 
 204      7FA449D3 
 204      10C26F2F 
 204      11
 205 0021 89D312A5 		.ascii	"\211\323\022\2452\271\302A\251rtrvQk\264\256:\275\301"
 205      32B9C241 
 205      A9727472 
 205      76516BB4 
 205      AE3ABDC1 
 206 0035 E8E6EEE1 		.ascii	"\350\346\356\341i2{Y\274}\2546\337\360\007|\323\003"
 206      69327B59 
 206      BC7DAC36 
 206      DFF0077C 
 206      D303
 207 0047 9A       		.ascii	"\232"
 208              		.text
 209              		.section	.gnu.lto_.decls.5e669ea094078776,"",%progbits
 210 0000 789CB596 		.ascii	"x\234\265\226iPT\331\025\307\337\355\333\320M\323,\205"
 210      695054D9 
 210      15C7DFED 
 210      DBD04DD3 
 210      2C85
 211 0012 D6949562 		.ascii	"\326\224\225b\022b9\321J\251-\256\237\222\232\224\251"
 211      126239D1 
 211      4AA92DAE 
 211      9F929A94 
 211      A9
 212 0023 9AF93249 		.ascii	"\232\3712IURI\252\362!=\014vJj\240\261\350&\243\225"
 212      555249AA 
 212      F2213D0C 
 212      764A6AA0 
 212      B1E826A3 
 213 0038 2FCF0570 		.ascii	"/\317\005p\201\241qc\021D\004A\020\027\034qaQ\026EA"
 213      81A17163 
 213      11440441 
 213      10171C71 
 213      61511645 
 214 004d 16510744 		.ascii	"\026Q\007DAP\020\267F\021qa\032%\347\236\373z\275M\362"
 214      415010B7 
 214      46117161 
 214      1A25E79E 
 214      FB7ABD4D 
 215 0062 29AFF8F3 		.ascii	")\257\370\363\336\275\357\374\177\347\274s\357{\325"
ARM GAS  /tmp/ccjeVpkB.s 			page 16


 215      DEBDEFFC 
 215      7FE7BC73 
 215      EF7BD5
 216 0071 819224E5 		.ascii	"\201\222$\345\207KR-\225\244m*I\232\201C\003s\215\222"
 216      874B522D 
 216      95A46D2A 
 216      499A8143 
 216      03738D92 
 217 0085 FB0800D5 		.ascii	"\373\010\000\325\203\032@\315\240k\2406\320/A/@\343"
 217      831A40CD 
 217      A06BA036 
 217      D02F412F 
 217      40E3
 218 0097 A009D024 		.ascii	"\240\011\320$\350-\350=\350'\3204\350#\003\020IR\201"
 218      E82DE83D 
 218      E827D034 
 218      E8230310 
 218      495281
 219 00aa D4A04090 		.ascii	"\324\240@\220\026\244\003\351A\241\240pP\004h.\350\023"
 219      16A403E9 
 219      41A1A070 
 219      5004682E 
 219      E813
 220 00bc D03CD0CF 		.ascii	"\320<\320\317@\221\240\237\203\242@\363A\013@\277\002"
 220      4091A09F 
 220      83A240F3 
 220      410B40BF 
 220      02
 221 00cd 2D02FD1A 		.ascii	"-\002\375\032\264\030\264\224H^\307\277\011\246\223"
 221      B418B494 
 221      485EC7BF 
 221      09A693
 222 00dc BE56C644 		.ascii	"\276V\306D\251\335\367\330\354'\256\301O\\\232\237\270"
 222      A9DDF7D8 
 222      EC27AEC1 
 222      4F5C9A9F 
 222      B8
 223 00ed 663F7159 		.ascii	"f?qY~\342\256\371\211\333\307\236[\211\213\000\315\005"
 223      7EE2AEF9 
 223      89DBC79E 
 223      5B898B00 
 223      CD05
 224 00ff 1960AE1F 		.ascii	"\031`\256\037\316\013A\313\340z\014\316vP4\\\337\205"
 224      CE0B41CB 
 224      E07A0CCE 
 224      7650345C 
 224      DF85
 225 0111 F3DF416A 		.ascii	"\363\337Aj\320#\3200\350!hD\311\321\246\234_\370\344"
 225      D023D030 
 225      E8216844 
 225      C9D1A69C 
 225      5FF8E4
 226 0124 1920DCD3 		.ascii	"\031 \334\323\257\260X\236\261Y8\354\210\222x/\027+"
 226      AFB0589E 
 226      B15938EC 
 226      8892782F 
 226      172B
ARM GAS  /tmp/ccjeVpkB.s 			page 17


 227 0136 BD5DA4F4 		.ascii	"\275]\244\364z\201\322\373(e-\"\225\265\231\247\254"
 227      7A81D2FB 
 227      28652D22 
 227      95B599A7 
 227      AC
 228 0147 D55C65ED 		.ascii	"\325\\e\355\302\225\265\324+k\253U\326Z\255\254=+\222"
 228      C295B5D4 
 228      2B6BAB55 
 228      D65AADAC 
 228      3D2B92
 229 015a ED05B627 		.ascii	"\355\005\266'\330\336`{\204\355\025\266g\330\336\031"
 229      D8DE607B 
 229      84ED15B6 
 229      67D8DE19 
 230 016a F7A97F2F 		.ascii	"\367\251\177/%5\215\365\227\202\007\311\000\201mI\302"
 230      25358DF5 
 230      978207C9 
 230      00816D49 
 230      C2
 231 017b 795709FF 		.ascii	"yW\011\377\017g&\034\3178\017\302\347aV\305OJ(\0338"
 231      0F67261C 
 231      CF380FC2 
 231      E76156C5 
 231      4F4A281B 
 232 0190 2DC435A3 		.ascii	"-\3045\243R\030*'\027\377\024\000\361\244\362\373<\235"
 232      52182A27 
 232      17FF1400 
 232      F1A4F2FB 
 232      3C9D
 233 01a2 F3E00FC4 		.ascii	"\363\340\017\304/<||J\345N\346a\021j\225\\\267]E\271"
 233      2F3C7C7C 
 233      4AE54EE6 
 233      61116A95 
 233      5CB75D45 
 234 01b7 1F92284D 		.ascii	"\037\222(M(\313\317\015\030\"\367\341&\354\002\233\326"
 234      28CBCF0D 
 234      1822F7E1 
 234      26EC029B 
 234      D6
 235 01c8 4CD864E1 		.ascii	"L\330d\341\256\2744-U\341uG\377Xe\000\015\301\353S\371"
 235      AEBC342D 
 235      55E17547 
 235      FF586500 
 235      0DC1EB53 
 236 01dd D3DD5AB5 		.ascii	"\323\335Z\265J\"g\011\345\366\242\341\335\215A4\002"
 236      4A226709 
 236      E5F6A2E1 
 236      DD8D4134 
 236      02
 237 01ee EF8EF64E 		.ascii	"\357\216\366N\234\017XZ)\363C\333G%r\036\3430\362\312"
 237      9C0F585A 
 237      29F343DB 
 237      4725721E 
 237      E330F2CA 
 238 0202 CCBB86B0 		.ascii	"\314\273\206\260]\224D\350\210\012\2067\307\333\013"
 238      5D9444E8 
 238      880A8637 
ARM GAS  /tmp/ccjeVpkB.s 			page 18


 238      C7DB0B
 239 0211 82613857 		.ascii	"\202a8WG\302aX\231>\2637`\336~f\264m\225\303U\344\353"
 239      47C26158 
 239      993EB337 
 239      60DE7E66 
 239      B46D95C3 
 240 0228 4F482D89 		.ascii	"OH-\211$5$\022j\255#\363\340\277Y\315I\247\373\236="
 240      24352412 
 240      6AAD23F3 
 240      E0BF59CD 
 240      49A7FB9E 
 241 023d D5CF3F24 		.ascii	"\325\317?$\037j\220\033z\017\256,oO\225o\034\222\345"
 241      1F6A901B 
 241      7A0FAE2C 
 241      6F4F956F 
 241      1C92E5
 242 0250 CF318E54 		.ascii	"\3171\216T\023J.\220\245\020\177\216\250\331\010\256"
 242      134A2E90 
 242      A5107F8E 
 242      A8D908AE 
 243 0260 CE902142 		.ascii	"\316\220!B~ \203\360\224\365d> ^\215ev\206\32162\313"
 243      7E2083F0 
 243      94F5643E 
 243      205E8D65 
 243      7686D136 
 244 0276 53A57C78 		.ascii	"S\245|x^\242U24-\316\223\033\266l\226e\025\342/\272"
 244      5EA25532 
 244      342DCE93 
 244      1BB66C96 
 244      6515E22F 
 245 028b F097007F 		.ascii	"\360\227\000\177\321\027\337\200\370\227\267\307\357"
 245      D117DF80 
 245      F897B7C7 
 245      EF
 246 0298 53DA3B1B 		.ascii	"S\332;\033\276y\260\304\021\252\340'\226x\341\033]\370"
 246      BE79B0C4 
 246      11AAE027 
 246      9678E11B 
 246      5DF8
 247 02aa 26C037FA 		.ascii	"&\3007\372\342\233\021_\336\367\246)\230\016s|a\353"
 247      E29B115F 
 247      DEF7A629 
 247      980E737C 
 247      61EB
 248 02bc C3223D9D 		.ascii	"\303\"=\235\340\203\247On\337\013c\271\2568s\015\357"
 248      E083A74F 
 248      6EDF0B63 
 248      B9AE3873 
 248      0DEF
 249 02ce E8AE0B72 		.ascii	"\350\256\013rf'-D\315&\353\323\216\277\327\260\002\032"
 249      66272D44 
 249      CD26EBD3 
 249      8EBFD7B0 
 249      021A
 250 02e0 E586BB06 		.ascii	"\345\206\273\006\257\002.\273\012\270\012\005\\\366"
 250      AF022EBB 
 250      0AB80A05 
ARM GAS  /tmp/ccjeVpkB.s 			page 19


 250      5CF6
 251 02ee 2DE01A16 		.ascii	"-\340\032\026p#gW*\241\016\236\263\311\376\376^\020"
 251      70236757 
 251      2AA10E9E 
 251      B3C9FEFE 
 251      5E10
 252 0300 830DC90D 		.ascii	"\203\015\311\015\017\177\303`\262\023\326\352\204I\354"
 252      0F7FC360 
 252      B213D6EA 
 252      8449EC
 253 030f D29BD486 		.ascii	"\322\233\324\206\244\013\235{\232Ci:\337jgG[[t|\213"
 253      A40B9D7B 
 253      9A43693A 
 253      DF6A6747 
 253      5B5B747C 
 254 0324 C804C61F 		.ascii	"\310\004\306\037z\236_&|\217\310Z\030O\356LyG\371}\015"
 254      7A9E5F26 
 254      7C8FC85A 
 254      184FEE4C 
 254      7947F97D 
 255 0339 0CBBB79D 		.ascii	"\014\273\267\235\312W\206j\266\246\035y\303\241<:\012"
 255      CA57866A 
 255      B6A61D79 
 255      C3A13C3A 
 255      0A
 256 034a 86236D13 		.ascii	"\206#m\023\247Cu\333\331\216:\264U\016\372\222\205\335"
 256      A74375DB 
 256      D98E3AB4 
 256      550EFA92 
 256      85DD
 257 035c 801DD585 		.ascii	"\200\035\325\205;\252\233\350\340\277!\222t\302\020"
 257      3BAA9BE8 
 257      E0BF2192 
 257      74C210
 258 036b A2F36A27 		.ascii	"\242\363j'\333\0028\213eJ{}y\213\232\356\347e\015\\"
 258      DB02388B 
 258      654A7B7D 
 258      798B9AEE 
 258      E7650D5C 
 259 037f 2B3FC6F2 		.ascii	"+?\306\362,\324\021\366j\205\301\324I\373\205\251\020"
 259      2CD411F6 
 259      6A85C1D4 
 259      49FB85A9 
 259      10
 260 0390 3EC5226E 		.ascii	">\305\"nfN\224hh\021\206\253\006\373\034\375\241D\267"
 260      664E9468 
 260      681186AB 
 260      06FB1CFD 
 260      A144B7
 261 03a3 08526FE1 		.ascii	"\010Ro\341\251%Wbr\207,b&\326\024\362#L\336\206\311"
 261      A9255762 
 261      72872C62 
 261      26D614F2 
 261      234CDE86 
 262 03b8 525663C3 		.ascii	"RVc\303\343\216\337\346N\310r\024\351%:\322\343n\334"
 262      E38EDFE6 
 262      4EC87214 
ARM GAS  /tmp/ccjeVpkB.s 			page 20


 262      E9253AD2 
 262      E36EDC
 263 03cb 421D5FC8 		.ascii	"B\035_\310\362\222\254\303\201\364.\317Q{\340\321\025"
 263      F292ACC3 
 263      81F42ECF 
 263      517BE0D1 
 263      15
 264 03dc D56C39EE 		.ascii	"\325l9\356\315\232c\260\177~K\012[\234\273\220\243\317"
 264      CD9A63B0 
 264      7F7E4B0A 
 264      5B9CBB90 
 264      A3CF
 265 03ee 9DA39728 		.ascii	"\235\243\227(If\006n\265\006\352w\272\250\030\350\356"
 265      4966066E 
 265      B506EA77 
 265      BAA818E8 
 265      EE
 266 03ff 5A3FD12B 		.ascii	"Z?\321+o\363\365\366\214\213\032\232J\361\361m/\362"
 266      6FF3F5F6 
 266      8C8B1A9A 
 266      4AF1F16D 
 266      2FF2
 267 0411 EB83A98D 		.ascii	"\353\203\251\215\017\234/v\004\177\261\235k:WY\323."
 267      0F9C2F76 
 267      047FB19D 
 267      6B3A5759 
 267      D32E
 268 0423 FBBBF33A 		.ascii	"\373\273\363:Z\210\261\201\327\257\346\177\037B\026"
 268      5A88B181 
 268      D7AFE67F 
 268      1F4216
 269 0432 C0B168CE 		.ascii	"\300\261h\316a\226\024\336\347eeWSe[\014\313EnA\211"
 269      619614DE 
 269      E7656557 
 269      53655B0C 
 269      CB456E41 
 270 0447 8FC91CF7 		.ascii	"\217\311\034\367\243\335\3042\242\341\237\304\343\357"
 270      A3DDC432 
 270      A2E19FC4 
 270      E3EF
 271 0455 9651B964 		.ascii	"\226Q\271d\036\006\017\370\006\033X\354\015\342\016"
 271      1E060FF8 
 271      061B58EC 
 271      0DE20E
 272 0464 7EE60E7E 		.ascii	"~\346\016~\340\237\354\031}\323\035}\337/\032\313\340"
 272      E09FEC19 
 272      7DD31D7D 
 272      DF2F1ACB 
 272      E0
 273 0475 8DEDCCA6 		.ascii	"\215\355\314\246\360\305c1\222\322Svd\341\347\014\004"
 273      F0C56331 
 273      92D25376 
 273      64E1E70C 
 273      04
 274 0486 6F1D6CFC 		.ascii	"o\035l\374H\330\367\314\307H\020DFa\235\036\221\005"
 274      48D8F7CC 
 274      C7481044 
ARM GAS  /tmp/ccjeVpkB.s 			page 21


 274      46619D1E 
 274      9105
 275 0498 6418F410 		.ascii	"d\030\364\0204B\0268?\226=w\272[\202h%vIu\364\316\351"
 275      34421638 
 275      3F963D77 
 275      BA5B8268 
 275      25764975 
 276 04af 661D99B3 		.ascii	"f\035\231\263\310/\216<\003\312\377\"\362\"\337\256"
 276      C82F8E3C 
 276      03CAFF22 
 276      F222DFAE 
 277 04bf 61353E85 		.ascii	"a5>\205\330'\356\245g%c\312\216\364\241\012U\204M\311"
 277      D827EEA5 
 277      672563CA 
 277      8EF4A10A 
 277      55844DC9 
 278 04d3 F1B91A03 		.ascii	"\361\271\032\003; K;\026\375\234D8_\033\374\254\014"
 278      3B204B3B 
 278      16FD9C44 
 278      385F1BFC 
 278      AC0C
 279 04e5 9DDF1F3A 		.ascii	"\235\337\037:G\251h\373\254\025I\263=\340\017-\217\207"
 279      47A968FB 
 279      AC1549B3 
 279      3DE00F2D 
 279      8F87
 280 04f7 F49ED9EC 		.ascii	"\364\236\331\354\377-\333\321\217U\225\344\263b\371"
 280      FF2DDBD1 
 280      8F5595E4 
 280      B362F9
 281 0506 067C303B 		.ascii	"\006|0;\363#\367\310\362\227d\214D\220\353\3749<\214"
 281      F323F7C8 
 281      F297648C 
 281      4490EBFC 
 281      393C8C
 282 0519 6CE61FF0 		.ascii	"l\346\037\360\265{A>\003\337\304d\306\2310Z\3077f\347"
 282      B57B413E 
 282      03DFC464 
 282      C699305A 
 282      C73766E7 
 283 052d C33D2D61 		.ascii	"\303=-a\000\031\202\265}\221\023qx\353!\276\275_*\020"
 283      001982B5 
 283      7D911371 
 283      78EB21BE 
 283      BD5F2A10 
 284 0541 F7367F89 		.ascii	"\3676\177\211\337\252qD<\313\370q&\214vqDA\257\343\212"
 284      DFAA7144 
 284      3CCBF871 
 284      268C7671 
 284      4441AFE3 
 285 0556 5641D84B 		.ascii	"VA\330K\250m\001\002^\011\200W\010\230@@\351\307\333"
 285      A86D0102 
 285      5E098057 
 285      08984040 
 285      E9C7DB
 286 0569 6703E900 		.ascii	"g\003\351\000\007\334\333|\316\241S\000#\245N\300k\001"
 286      07DCDB7C 
ARM GAS  /tmp/ccjeVpkB.s 			page 22


 286      CEA15300 
 286      23A54EC0 
 286      6B01
 287 057b F01A0193 		.ascii	"\360\032\001\223\010\310\255\030\313\325Q;\007t\365"
 287      08C8AD18 
 287      CBD5513B 
 287      0774F5
 288 058a 16D78438 		.ascii	"\026\327\2048\001\363\362\344&5\022\336\010\2047Hx\213"
 288      01F3F2E4 
 288      263512DE 
 288      08843748 
 288      788B
 289 059c 8447CDD7 		.ascii	"\204G\315\327\036h\3514'\014\016\265W\004+\204\226\\"
 289      1E68E934 
 289      270C0EB5 
 289      57042B84 
 289      965C
 290 05ae 771BDE09 		.ascii	"w\033\336\011\210w\210x\217\210-\343\331U\3014S\215"
 290      88778878 
 290      8F882DE3 
 290      D955C134 
 290      538D
 291 05c0 888397D2 		.ascii	"\210\203\227\322\257Q\241\015S\002`\012\001?!\240\273"
 291      AF51A10D 
 291      5302600A 
 291      013F21A0 
 291      BB
 292 05d1 A1BA4243 		.ascii	"\241\272BC\0138\340z\306\325\351\000\241\015\016\001"
 292      0B38E07A 
 292      C6D5E900 
 292      A10D0E01 
 293 05e1 E040C034 		.ascii	"\340@\3004\002F\207\323\253\002i%\007\354\256M\337\357"
 293      024687D3 
 293      AB026925 
 293      07ECAE4D 
 293      DFEF
 294 05f3 A70D1F04 		.ascii	"\247\015\037\004\302\007$|DB\177a\331\224\236\326q\302"
 294      C207247C 
 294      44427F61 
 294      D9949ED6 
 294      71C2
 295 0605 BD9C73C5 		.ascii	"\275\234s\305\316\225\270\357\321\206\031\0011\203\010"
 295      CE95B8EF 
 295      D1861901 
 295      318308
 296 0614 59C510D9 		.ascii	"Y\305\020\3315\355\3474\264\213#\034\307\253\324B\027"
 296      35EDE734 
 296      B48B231C 
 296      C7ABD442 
 296      17
 297 0625 36AB7CFD 		.ascii	"6\253|\3750\003\377\267\240\177\246\263\260CE\007\270"
 297      3003FFB7 
 297      A07FA6B3 
 297      B0434507 
 297      B8
 298 0636 7FBCF1FE 		.ascii	"\177\274\361\376#\275\320\205\255\002`+\002\266!\240"
 298      23BDD085 
ARM GAS  /tmp/ccjeVpkB.s 			page 23


 298      AD02602B 
 298      02B621A0 
 299 0646 AD6E772D 		.ascii	"\255nw-l\006\0168yd\3636\275\330\205\024\201\220\202"
 299      6C060E38 
 299      7964F336 
 299      BDD88514 
 299      819082
 300 0659 845424E4 		.ascii	"\204T$\344\244\357\370\224Ns@ok\366\270\263\011o=\232"
 300      A4EFF894 
 300      4E73406F 
 300      6BF6B8B3 
 300      096F3D9A 
 301 066d 902610D2 		.ascii	"\220&\020\322\220\260\035\011\317N\\\250\016\242\231"
 301      90B01D09 
 301      CF4E5CA8 
 301      0EA299
 302 067c 018868CC 		.ascii	"\001\210h\314\252\352\012\024\272\260C\000\354@\300"
 302      AAEA0A14 
 302      BAB04300 
 302      EC40C0
 303 068b 4E04388A 		.ascii	"N\0048\212\246*\324\264\200\003\216\215\364\355\024"
 303      A62AD4B4 
 303      80038E8D 
 303      F4ED14
 304 069a 5F895D02 		.ascii	"_\211]\002`\027\002\322\021p \377`\255\236Vr@\361\356"
 304      601702D2 
 304      117020FF 
 304      60AD9E56 
 304      7240F1EE 
 305 06ae 0B07B562 		.ascii	"\013\007\265b\0272\004B\006\022\276G\302\211\213\003"
 305      17320442 
 305      0612BE47 
 305      C2898B03 
 306 06be 3541B48E 		.ascii	"5A\264\216\023:O\277\351q~\031:\363\334m\310\024\020"
 306      133A4FBF 
 306      E9717E19 
 306      3AF3DC6D 
 306      C81410
 307 06d1 9988B021 		.ascii	"\231\210\260!\"\345}\352\001-\355\342\210}\217\237\330"
 307      22E57DEA 
 307      012DEDE2 
 307      887D8F9F 
 307      D8
 308 06e2 34421BB2 		.ascii	"4B\033\262\004@\026\002v#\240%;\343L0\035\340\200\212"
 308      04401602 
 308      7623A025 
 308      3BE34C30 
 308      1DE0808A 
 309 06f6 2B7DBF10 		.ascii	"+}\277\020\272\260G\360\357A\377^\364\037\231\264\265"
 309      BAB047F0 
 309      EF41FF5E 
 309      F41F99B4 
 309      B5
 310 0707 AAA99DFB 		.ascii	"\252\251\235\373w\024\016W\021\261\013\373\004\302>"
 310      77140E57 
 310      11B10BFB 
 310      04C23E
ARM GAS  /tmp/ccjeVpkB.s 			page 24


 311 0716 24EC47C2 		.ascii	"$\354G\302\216\306\322r\035\235\346\204[\225\216<\347"
 311      8EC6D272 
 311      1D9DE684 
 311      5B958E3C 
 311      E7
 312 0727 238C7A74 		.ascii	"#\214zt![@d#\"\007\0215GON\300\207!\220\377\024\254"
 312      215B4064 
 312      23220711 
 312      35474F4E 
 312      C0872190 
 313 073e 7F5C1C26 		.ascii	"\177\\\034&t!W\000\344\" \017\001\347\307\356\276\017"
 313      74215700 
 313      E422200F 
 313      01E7C7EE 
 313      BE0F
 314 0750 A4051C30 		.ascii	"\244\005\034051\226\253\021\332p@\000\034@@>\002^_\267"
 314      353196AB 
 314      11DA7040 
 314      001C4040 
 314      3E025E5F 
 315 0765 C12B51C9 		.ascii	"\301+Q\311\001\231\227J\247Tb\033\012\004B\001\022\016"
 315      0199974A 
 315      A754621B 
 315      0A044201 
 315      120E
 316 0777 22A1B6CE 		.ascii	"\"\241\266\316\361)\255\343\200\326\246+\256w\352\243"
 316      F129ADE3 
 316      80D6A62B 
 316      AE77EAA3 
 317 0787 47170A05 		.ascii	"G\027\012\005B!\022\016!\301v\262h\032\366\002Gt\325"
 317      4221120E 
 317      21C176B2 
 317      681AF602 
 317      4774D5
 318 079a 9E3D4B84 		.ascii	"\236=K\204.\024\011\200\"\004\034\346\017q\253\2627"
 318      2E140980 
 318      22041CE6 
 318      0F71ABB2 
 318      37
 319 07ab 840E70C0 		.ascii	"\204\016p\300\245\352\023o\305\317c\261\000(F@\011\002"
 319      A5EA136F 
 319      C5CF63B1 
 319      00284640 
 319      0902
 320 07bd 86AACF9E 		.ascii	"\206\252\317\236\014\245v\016p\214\357N\361\323\205"
 320      0CA5760E 
 320      708CEF4E 
 320      F1D385
 321 07cc 2302E108 		.ascii	"#\002\341\010"
 322 07d0 124A9170 		.ascii	"\022J\221p\3346\234\255\241\323\234\220S\263g\320\371"
 322      DC369CAD 
 322      A1D39C90 
 322      53B367D0 
 322      F9
 323 07e1 71EB39E0 		.ascii	"q\3539\340nC\231\200(C\304QD\344\335\332[Kh\246\006"
 323      6E439980 
 323      2843C451 
ARM GAS  /tmp/ccjeVpkB.s 			page 25


 323      44E4DDDA 
 323      5B4B68A6 
 324 07f6 114FCA3B 		.ascii	"\021O\312;JC\2046\224\013\200r\004T \300\2366x\0376"
 324      4A438436 
 324      940B8072 
 324      045420C0 
 324      9E36781F 
 325 080b 0307B43C 		.ascii	"\003\007\264<mi\012\022\332pL\000\034C@%\377@\277\376"
 325      6D690A12 
 325      DA704C00 
 325      1C434025 
 325      FF40BFFE 
 326 081f 692B6C06 		.ascii	"i+l\006\016\250.\314\372\227\330\205\343\002\3408\002"
 326      0EA82ECC 
 326      FA97D885 
 326      E302E038 
 326      02
 327 0830 4E20A0C4 		.ascii	"N \240\304>rU\345\371\013\330\356\361\273O\"'U\370\013"
 327      3E7255E5 
 327      F90BD8EE 
 327      F1BB4F22 
 327      2755F80B 
 328 0844 989D21B8 		.ascii	"\230\235!\270j\264\372A\220g0\373Q\342\016>\245\004"
 328      6AB4FA41 
 328      906730FB 
 328      51E20E3E 
 328      A504
 329 0856 9FC2E0F6 		.ascii	"\237\302\340\366\217=\223\032g\360\366\331~[\223*0\351"
 329      8F3D931A 
 329      67F0F6D9 
 329      7E5B932A 
 329      30E9
 330 0868 8CC6D80D 		.ascii	"\214\306\330\015\311\3068s\234U\375\235)\346\333\277"
 330      C9C63873 
 330      9C55FD9D 
 330      29E6DBBF 
 331 0878 1AD62726 		.ascii	"\032\326'&\230\014\233,\353\015\2777Y\276\265&n0\304"
 331      980C9B2C 
 331      EB0DBF37 
 331      59BEB526 
 331      6E30C4
 332 088b AE8FFB26 		.ascii	"\256\217\373&.\321bX\313\316\177\374\363\222\204\030"
 332      2ED16258 
 332      CBCE7FFC 
 332      F3928418 
 333 089b 8BD59464 		.ascii	"\213\325\224d\200\231\330\304\204\204D\263\301b\215"
 333      8099D8C4 
 333      848444B3 
 333      C1628D
 334 08aa 49B2266F 		.ascii	"I\262&o0\374\356O_\255\375j#\233\335\020\027oJ\262\030"
 334      30FCEE4F 
 334      5FADFD6A 
 334      239BDD10 
 334      176F4AB2 
 335 08bf BE58BBD6 		.ascii	"\276X\273\326\020\233d\215^\032\253\375\342\017\177"
 335      109B648D 
 335      5E1AABFD 
ARM GAS  /tmp/ccjeVpkB.s 			page 26


 335      E20F7F
 336 08ce 895A1B1D 		.ascii	"\211Z\033\035-\375\355\377\303\227\364F\243)&)~\023"
 336      2DFDEDFF 
 336      C397F446 
 336      A3292629 
 336      7E13
 337 08e0 3E49B0D1 		.ascii	">I\260\321\030\037c5\341u\250\321\270\316\364\317\230"
 337      181F6335 
 337      E175A8D1 
 337      B8CEF4CF 
 337      98
 338 08f1 E478ABD1 		.ascii	"\344x\253\321\2641\316\2525'&\231\254\311I\346p#\336"
 338      B431CEAA 
 338      35272699 
 338      ACC949E6 
 338      7023DE
 339 0904 3626C524 		.ascii	"6&\305$\030c\222L1\226 \327\225.6\036Xx\015\355I\216"
 339      1863924C 
 339      319620D7 
 339      952E361E 
 339      58780DED 
 340 091a 335B572C 		.ascii	"3[W,7Z\227\030\222-I\2068sl|\362:\223\301l\372.>\356"
 340      375A9718 
 340      922D4986 
 340      38736C7C 
 340      F23A93C1 
 341 0933 1B43420C 		.ascii	"\033CB\014To6\031\\9\254\2336\230,K\327KZ\247m\276?"
 341      546F3619 
 341      5C39AC9B 
 341      36982C4B 
 341      D74B5AA7 
 342 094a 9B6593C5 		.ascii	"\233e\223\305`\264X\327A\014\304\006a!,](^YM\033\371"
 342      60B458D7 
 342      410CC406 
 342      61212C5D 
 342      285E594D 
 343 0960 506F4E34 		.ascii	"PoN4\272\356\205\261\372\\#\2435\302\310j_ft[\214!\236"
 343      BAEE85B1 
 343      FA5C23A3 
 343      35C2C86A 
 343      5F66745B 
 344 0977 53C65065 		.ascii	"S\306Pe\304\237\306\030\246\014\315\211\3746\367G\213"
 344      C49FC618 
 344      A60CCD89 
 344      FC36F747 
 344      8B
 345 0988 FE682F7F 		.ascii	"\376h/\177\264\267?\332\307\277\\\364/\367\362/\367"
 345      B4B73FDA 
 345      C7BF5CF4 
 345      2FF7F22F 
 345      F7
 346 0999 F62FF7F1 		.ascii	"\366/\367\361\257\020\375+\274\374+\274\375+|\374+E"
 346      AF10FD2B 
 346      BCFC2BBC 
 346      FD2B7CFC 
 346      2B45
 347 09ab FF4A2FFF 		.ascii	"\377J/\377Jo\377J\037\377*\321\277\312\313\277\312\333"
ARM GAS  /tmp/ccjeVpkB.s 			page 27


 347      4A6FFF4A 
 347      1FFF2AD1 
 347      BFCACBBF 
 347      CADB
 348 09bd BFCAC7BF 		.ascii	"\277\312\307\277Z\364\257\366\362\257\366\366\257\366"
 348      5AF4AFF6 
 348      F2AFF6F6 
 348      AFF6
 349 09cb F1AF11FD 		.ascii	"\361\257\021\375k\274\374k\274\375k\\\376\377\000R\376"
 349      6BBCFC6B 
 349      BCFD6B5C 
 349      FEFF0052 
 349      FE
 350 09dc 7963     		.ascii	"yc"
 351              		.text
 352              		.section	.gnu.lto_.symtab.5e669ea094078776,"",%progbits
 353 0000 5F5F6370 		.ascii	"__cpu_init\000"
 353      755F696E 
 353      697400
 354 000b 00       		.ascii	"\000"
 355 000c 01       		.ascii	"\001"
 356 000d 00       		.ascii	"\000"
 357 000e 00000000 		.ascii	"\000\000\000\000\000\000\000\000"
 357      00000000 
 358 0016 BD000000 		.ascii	"\275\000\000\000"
 359 001a 5F5F6561 		.ascii	"__early_init\000"
 359      726C795F 
 359      696E6974 
 359      00
 360 0027 00       		.ascii	"\000"
 361 0028 01       		.ascii	"\001"
 362 0029 00       		.ascii	"\000"
 363 002a 00000000 		.ascii	"\000\000\000\000\000\000\000\000"
 363      00000000 
 364 0032 C0000000 		.ascii	"\300\000\000\000"
 365 0036 5F5F6C61 		.ascii	"__late_init\000"
 365      74655F69 
 365      6E697400 
 366 0042 00       		.ascii	"\000"
 367 0043 01       		.ascii	"\001"
 368 0044 00       		.ascii	"\000"
 369 0045 00000000 		.ascii	"\000\000\000\000\000\000\000\000"
 369      00000000 
 370 004d C3000000 		.ascii	"\303\000\000\000"
 371 0051 5F5F6465 		.ascii	"__default_exit\000"
 371      6661756C 
 371      745F6578 
 371      697400
 372 0060 00       		.ascii	"\000"
 373 0061 01       		.ascii	"\001"
 374 0062 00       		.ascii	"\000"
 375 0063 00000000 		.ascii	"\000\000\000\000\000\000\000\000"
 375      00000000 
 376 006b C8000000 		.ascii	"\310\000\000\000"
 377 006f 5F5F696E 		.ascii	"__init_ram_areas\000"
 377      69745F72 
 377      616D5F61 
ARM GAS  /tmp/ccjeVpkB.s 			page 28


 377      72656173 
 377      00
 378 0080 00       		.ascii	"\000"
 379 0081 00       		.ascii	"\000"
 380 0082 00       		.ascii	"\000"
 381 0083 00000000 		.ascii	"\000\000\000\000\000\000\000\000"
 381      00000000 
 382 008b CA000000 		.ascii	"\312\000\000\000"
 383 008f 5F5F7261 		.ascii	"__ram0_init_text__\000"
 383      6D305F69 
 383      6E69745F 
 383      74657874 
 383      5F5F00
 384 00a2 00       		.ascii	"\000"
 385 00a3 02       		.ascii	"\002"
 386 00a4 00       		.ascii	"\000"
 387 00a5 00000000 		.ascii	"\000\000\000\000\000\000\000\000"
 387      00000000 
 388 00ad F0000000 		.ascii	"\360\000\000\000"
 389 00b1 5F5F7261 		.ascii	"__ram0_init__\000"
 389      6D305F69 
 389      6E69745F 
 389      5F00
 390 00bf 00       		.ascii	"\000"
 391 00c0 02       		.ascii	"\002"
 392 00c1 00       		.ascii	"\000"
 393 00c2 00000000 		.ascii	"\000\000\000\000\000\000\000\000"
 393      00000000 
 394 00ca F2000000 		.ascii	"\362\000\000\000"
 395 00ce 5F5F7261 		.ascii	"__ram0_clear__\000"
 395      6D305F63 
 395      6C656172 
 395      5F5F00
 396 00dd 00       		.ascii	"\000"
 397 00de 02       		.ascii	"\002"
 398 00df 00       		.ascii	"\000"
 399 00e0 00000000 		.ascii	"\000\000\000\000\000\000\000\000"
 399      00000000 
 400 00e8 F4000000 		.ascii	"\364\000\000\000"
 401 00ec 5F5F7261 		.ascii	"__ram0_noinit__\000"
 401      6D305F6E 
 401      6F696E69 
 401      745F5F00 
 402 00fc 00       		.ascii	"\000"
 403 00fd 02       		.ascii	"\002"
 404 00fe 00       		.ascii	"\000"
 405 00ff 00000000 		.ascii	"\000\000\000\000\000\000\000\000"
 405      00000000 
 406 0107 F6000000 		.ascii	"\366\000\000\000"
 407 010b 5F5F7261 		.ascii	"__ram1_init_text__\000"
 407      6D315F69 
 407      6E69745F 
 407      74657874 
 407      5F5F00
 408 011e 00       		.ascii	"\000"
 409 011f 02       		.ascii	"\002"
 410 0120 00       		.ascii	"\000"
ARM GAS  /tmp/ccjeVpkB.s 			page 29


 411 0121 00000000 		.ascii	"\000\000\000\000\000\000\000\000"
 411      00000000 
 412 0129 F8000000 		.ascii	"\370\000\000\000"
 413 012d 5F5F7261 		.ascii	"__ram1_init__\000"
 413      6D315F69 
 413      6E69745F 
 413      5F00
 414 013b 00       		.ascii	"\000"
 415 013c 02       		.ascii	"\002"
 416 013d 00       		.ascii	"\000"
 417 013e 00000000 		.ascii	"\000\000\000\000\000\000\000\000"
 417      00000000 
 418 0146 FA000000 		.ascii	"\372\000\000\000"
 419 014a 5F5F7261 		.ascii	"__ram1_clear__\000"
 419      6D315F63 
 419      6C656172 
 419      5F5F00
 420 0159 00       		.ascii	"\000"
 421 015a 02       		.ascii	"\002"
 422 015b 00       		.ascii	"\000"
 423 015c 00000000 		.ascii	"\000\000\000\000\000\000\000\000"
 423      00000000 
 424 0164 FC000000 		.ascii	"\374\000\000\000"
 425 0168 5F5F7261 		.ascii	"__ram1_noinit__\000"
 425      6D315F6E 
 425      6F696E69 
 425      745F5F00 
 426 0178 00       		.ascii	"\000"
 427 0179 02       		.ascii	"\002"
 428 017a 00       		.ascii	"\000"
 429 017b 00000000 		.ascii	"\000\000\000\000\000\000\000\000"
 429      00000000 
 430 0183 FE000000 		.ascii	"\376\000\000\000"
 431 0187 5F5F7261 		.ascii	"__ram2_init_text__\000"
 431      6D325F69 
 431      6E69745F 
 431      74657874 
 431      5F5F00
 432 019a 00       		.ascii	"\000"
 433 019b 02       		.ascii	"\002"
 434 019c 00       		.ascii	"\000"
 435 019d 00000000 		.ascii	"\000\000\000\000\000\000\000\000"
 435      00000000 
 436 01a5 00010000 		.ascii	"\000\001\000\000"
 437 01a9 5F5F7261 		.ascii	"__ram2_init__\000"
 437      6D325F69 
 437      6E69745F 
 437      5F00
 438 01b7 00       		.ascii	"\000"
 439 01b8 02       		.ascii	"\002"
 440 01b9 00       		.ascii	"\000"
 441 01ba 00000000 		.ascii	"\000\000\000\000\000\000\000\000"
 441      00000000 
 442 01c2 02010000 		.ascii	"\002\001\000\000"
 443 01c6 5F5F7261 		.ascii	"__ram2_clear__\000"
 443      6D325F63 
 443      6C656172 
ARM GAS  /tmp/ccjeVpkB.s 			page 30


 443      5F5F00
 444 01d5 00       		.ascii	"\000"
 445 01d6 02       		.ascii	"\002"
 446 01d7 00       		.ascii	"\000"
 447 01d8 00000000 		.ascii	"\000\000\000\000\000\000\000\000"
 447      00000000 
 448 01e0 04010000 		.ascii	"\004\001\000\000"
 449 01e4 5F5F7261 		.ascii	"__ram2_noinit__\000"
 449      6D325F6E 
 449      6F696E69 
 449      745F5F00 
 450 01f4 00       		.ascii	"\000"
 451 01f5 02       		.ascii	"\002"
 452 01f6 00       		.ascii	"\000"
 453 01f7 00000000 		.ascii	"\000\000\000\000\000\000\000\000"
 453      00000000 
 454 01ff 06010000 		.ascii	"\006\001\000\000"
 455 0203 5F5F7261 		.ascii	"__ram3_init_text__\000"
 455      6D335F69 
 455      6E69745F 
 455      74657874 
 455      5F5F00
 456 0216 00       		.ascii	"\000"
 457 0217 02       		.ascii	"\002"
 458 0218 00       		.ascii	"\000"
 459 0219 00000000 		.ascii	"\000\000\000\000\000\000\000\000"
 459      00000000 
 460 0221 08010000 		.ascii	"\010\001\000\000"
 461 0225 5F5F7261 		.ascii	"__ram3_init__\000"
 461      6D335F69 
 461      6E69745F 
 461      5F00
 462 0233 00       		.ascii	"\000"
 463 0234 02       		.ascii	"\002"
 464 0235 00       		.ascii	"\000"
 465 0236 00000000 		.ascii	"\000\000\000\000\000\000\000\000"
 465      00000000 
 466 023e 0A010000 		.ascii	"\012\001\000\000"
 467 0242 5F5F7261 		.ascii	"__ram3_clear__\000"
 467      6D335F63 
 467      6C656172 
 467      5F5F00
 468 0251 00       		.ascii	"\000"
 469 0252 02       		.ascii	"\002"
 470 0253 00       		.ascii	"\000"
 471 0254 00000000 		.ascii	"\000\000\000\000\000\000\000\000"
 471      00000000 
 472 025c 0C010000 		.ascii	"\014\001\000\000"
 473 0260 5F5F7261 		.ascii	"__ram3_noinit__\000"
 473      6D335F6E 
 473      6F696E69 
 473      745F5F00 
 474 0270 00       		.ascii	"\000"
 475 0271 02       		.ascii	"\002"
 476 0272 00       		.ascii	"\000"
 477 0273 00000000 		.ascii	"\000\000\000\000\000\000\000\000"
 477      00000000 
ARM GAS  /tmp/ccjeVpkB.s 			page 31


 478 027b 0E010000 		.ascii	"\016\001\000\000"
 479 027f 5F5F7261 		.ascii	"__ram4_init_text__\000"
 479      6D345F69 
 479      6E69745F 
 479      74657874 
 479      5F5F00
 480 0292 00       		.ascii	"\000"
 481 0293 02       		.ascii	"\002"
 482 0294 00       		.ascii	"\000"
 483 0295 00000000 		.ascii	"\000\000\000\000\000\000\000\000"
 483      00000000 
 484 029d 10010000 		.ascii	"\020\001\000\000"
 485 02a1 5F5F7261 		.ascii	"__ram4_init__\000"
 485      6D345F69 
 485      6E69745F 
 485      5F00
 486 02af 00       		.ascii	"\000"
 487 02b0 02       		.ascii	"\002"
 488 02b1 00       		.ascii	"\000"
 489 02b2 00000000 		.ascii	"\000\000\000\000\000\000\000\000"
 489      00000000 
 490 02ba 12010000 		.ascii	"\022\001\000\000"
 491 02be 5F5F7261 		.ascii	"__ram4_clear__\000"
 491      6D345F63 
 491      6C656172 
 491      5F5F00
 492 02cd 00       		.ascii	"\000"
 493 02ce 02       		.ascii	"\002"
 494 02cf 00       		.ascii	"\000"
 495 02d0 00000000 		.ascii	"\000\000\000\000\000\000\000\000"
 495      00000000 
 496 02d8 14010000 		.ascii	"\024\001\000\000"
 497 02dc 5F5F7261 		.ascii	"__ram4_noinit__\000"
 497      6D345F6E 
 497      6F696E69 
 497      745F5F00 
 498 02ec 00       		.ascii	"\000"
 499 02ed 02       		.ascii	"\002"
 500 02ee 00       		.ascii	"\000"
 501 02ef 00000000 		.ascii	"\000\000\000\000\000\000\000\000"
 501      00000000 
 502 02f7 16010000 		.ascii	"\026\001\000\000"
 503 02fb 5F5F7261 		.ascii	"__ram5_init_text__\000"
 503      6D355F69 
 503      6E69745F 
 503      74657874 
 503      5F5F00
 504 030e 00       		.ascii	"\000"
 505 030f 02       		.ascii	"\002"
 506 0310 00       		.ascii	"\000"
 507 0311 00000000 		.ascii	"\000\000\000\000\000\000\000\000"
 507      00000000 
 508 0319 18010000 		.ascii	"\030\001\000\000"
 509 031d 5F5F7261 		.ascii	"__ram5_init__\000"
 509      6D355F69 
 509      6E69745F 
 509      5F00
ARM GAS  /tmp/ccjeVpkB.s 			page 32


 510 032b 00       		.ascii	"\000"
 511 032c 02       		.ascii	"\002"
 512 032d 00       		.ascii	"\000"
 513 032e 00000000 		.ascii	"\000\000\000\000\000\000\000\000"
 513      00000000 
 514 0336 1A010000 		.ascii	"\032\001\000\000"
 515 033a 5F5F7261 		.ascii	"__ram5_clear__\000"
 515      6D355F63 
 515      6C656172 
 515      5F5F00
 516 0349 00       		.ascii	"\000"
 517 034a 02       		.ascii	"\002"
 518 034b 00       		.ascii	"\000"
 519 034c 00000000 		.ascii	"\000\000\000\000\000\000\000\000"
 519      00000000 
 520 0354 1C010000 		.ascii	"\034\001\000\000"
 521 0358 5F5F7261 		.ascii	"__ram5_noinit__\000"
 521      6D355F6E 
 521      6F696E69 
 521      745F5F00 
 522 0368 00       		.ascii	"\000"
 523 0369 02       		.ascii	"\002"
 524 036a 00       		.ascii	"\000"
 525 036b 00000000 		.ascii	"\000\000\000\000\000\000\000\000"
 525      00000000 
 526 0373 1E010000 		.ascii	"\036\001\000\000"
 527 0377 5F5F7261 		.ascii	"__ram6_init_text__\000"
 527      6D365F69 
 527      6E69745F 
 527      74657874 
 527      5F5F00
 528 038a 00       		.ascii	"\000"
 529 038b 02       		.ascii	"\002"
 530 038c 00       		.ascii	"\000"
 531 038d 00000000 		.ascii	"\000\000\000\000\000\000\000\000"
 531      00000000 
 532 0395 20010000 		.ascii	" \001\000\000"
 533 0399 5F5F7261 		.ascii	"__ram6_init__\000"
 533      6D365F69 
 533      6E69745F 
 533      5F00
 534 03a7 00       		.ascii	"\000"
 535 03a8 02       		.ascii	"\002"
 536 03a9 00       		.ascii	"\000"
 537 03aa 00000000 		.ascii	"\000\000\000\000\000\000\000\000"
 537      00000000 
 538 03b2 22010000 		.ascii	"\"\001\000\000"
 539 03b6 5F5F7261 		.ascii	"__ram6_clear__\000"
 539      6D365F63 
 539      6C656172 
 539      5F5F00
 540 03c5 00       		.ascii	"\000"
 541 03c6 02       		.ascii	"\002"
 542 03c7 00       		.ascii	"\000"
 543 03c8 00000000 		.ascii	"\000\000\000\000\000\000\000\000"
 543      00000000 
 544 03d0 24010000 		.ascii	"$\001\000\000"
ARM GAS  /tmp/ccjeVpkB.s 			page 33


 545 03d4 5F5F7261 		.ascii	"__ram6_noinit__\000"
 545      6D365F6E 
 545      6F696E69 
 545      745F5F00 
 546 03e4 00       		.ascii	"\000"
 547 03e5 02       		.ascii	"\002"
 548 03e6 00       		.ascii	"\000"
 549 03e7 00000000 		.ascii	"\000\000\000\000\000\000\000\000"
 549      00000000 
 550 03ef 26010000 		.ascii	"&\001\000\000"
 551 03f3 5F5F7261 		.ascii	"__ram7_init_text__\000"
 551      6D375F69 
 551      6E69745F 
 551      74657874 
 551      5F5F00
 552 0406 00       		.ascii	"\000"
 553 0407 02       		.ascii	"\002"
 554 0408 00       		.ascii	"\000"
 555 0409 00000000 		.ascii	"\000\000\000\000\000\000\000\000"
 555      00000000 
 556 0411 28010000 		.ascii	"(\001\000\000"
 557 0415 5F5F7261 		.ascii	"__ram7_init__\000"
 557      6D375F69 
 557      6E69745F 
 557      5F00
 558 0423 00       		.ascii	"\000"
 559 0424 02       		.ascii	"\002"
 560 0425 00       		.ascii	"\000"
 561 0426 00000000 		.ascii	"\000\000\000\000\000\000\000\000"
 561      00000000 
 562 042e 2A010000 		.ascii	"*\001\000\000"
 563 0432 5F5F7261 		.ascii	"__ram7_clear__\000"
 563      6D375F63 
 563      6C656172 
 563      5F5F00
 564 0441 00       		.ascii	"\000"
 565 0442 02       		.ascii	"\002"
 566 0443 00       		.ascii	"\000"
 567 0444 00000000 		.ascii	"\000\000\000\000\000\000\000\000"
 567      00000000 
 568 044c 2C010000 		.ascii	",\001\000\000"
 569 0450 5F5F7261 		.ascii	"__ram7_noinit__\000"
 569      6D375F6E 
 569      6F696E69 
 569      745F5F00 
 570 0460 00       		.ascii	"\000"
 571 0461 02       		.ascii	"\002"
 572 0462 00       		.ascii	"\000"
 573 0463 00000000 		.ascii	"\000\000\000\000\000\000\000\000"
 573      00000000 
 574 046b 2E010000 		.ascii	".\001\000\000"
 575              		.text
 576              		.section	.gnu.lto_.opts,"",%progbits
 577 0000 272D666D 		.ascii	"'-fmath-errno' '-fsigned-zeros' '-ftrapping-math' '"
 577      6174682D 
 577      6572726E 
 577      6F272027 
ARM GAS  /tmp/ccjeVpkB.s 			page 34


 577      2D667369 
 578 0033 2D666E6F 		.ascii	"-fno-trapv' '-fno-openmp' '-fno-openacc' '-mcpu=cor"
 578      2D747261 
 578      70762720 
 578      272D666E 
 578      6F2D6F70 
 579 0066 7465782D 		.ascii	"tex-m3' '-mthumb' '-O2' '-fomit-frame-pointer' '-fa"
 579      6D332720 
 579      272D6D74 
 579      68756D62 
 579      2720272D 
 580 0099 6C69676E 		.ascii	"lign-functions=16' '-ffunction-sections' '-fdata-se"
 580      2D66756E 
 580      6374696F 
 580      6E733D31 
 580      36272027 
 581 00cc 6374696F 		.ascii	"ctions' '-fno-common' '-flto'\000"
 581      6E732720 
 581      272D666E 
 581      6F2D636F 
 581      6D6D6F6E 
 582              		.text
 583              		.comm	__gnu_lto_v1,1,1
 584              		.comm	__gnu_lto_slim,1,1
 585              		.ident	"GCC: (15:7-2018-q2-6) 7.3.1 20180622 (release) [ARM/embedded-7-branch revision 261907]"
ARM GAS  /tmp/ccjeVpkB.s 			page 35


DEFINED SYMBOLS
                            *ABS*:0000000000000000 crt1.c
                            *COM*:0000000000000001 __gnu_lto_v1
                            *COM*:0000000000000001 __gnu_lto_slim

NO UNDEFINED SYMBOLS
