ARM GAS  /tmp/ccyr8eXh.s 			page 1


   1              		.cpu cortex-m3
   2              		.eabi_attribute 20, 1
   3              		.eabi_attribute 21, 1
   4              		.eabi_attribute 23, 3
   5              		.eabi_attribute 24, 1
   6              		.eabi_attribute 25, 1
   7              		.eabi_attribute 26, 1
   8              		.eabi_attribute 30, 2
   9              		.eabi_attribute 34, 1
  10              		.eabi_attribute 18, 4
  11              		.file	"hal_flash.c"
  12              		.section	.gnu.lto_.profile.a7c6b09004f51664,"",%progbits
  13 0000 789C6363 		.ascii	"x\234cc```\001bF\206\004\003\000\001h\000\234"
  13      60606001 
  13      62468604 
  13      03000168 
  13      009C
  14              		.text
  15              		.section	.gnu.lto_.icf.a7c6b09004f51664,"",%progbits
  16 0000 789C6363 		.ascii	"x\234cc``\020a@\000f\206U'\277_\343e\274\363h\321O\036"
  16      60601061 
  16      40006686 
  16      5527BF5F 
  16      E365BCF3 
  17 0018 A6D5CB8F 		.ascii	"\246\325\313\217_\341f\000\000j>\011\313"
  17      5FE16600 
  17      006A3E09 
  17      CB
  18              		.text
  19              		.section	.gnu.lto_.jmpfuncs.a7c6b09004f51664,"",%progbits
  20 0000 789C6363 		.ascii	"x\234cc``8\305\200\000\314\014\214\214\214\365s\230"
  20      606038C5 
  20      8000CC0C 
  20      8C8C8CF5 
  20      7398
  21 0012 19981818 		.ascii	"\031\230\030\030\030\017\26002\000\361\177 \340gd\234"
  21      180FB030 
  21      3200F17F 
  21      20E06764 
  21      9C
  22 0023 C2CC38AD 		.ascii	"\302\3148\255\365\320y\366n\3469\314\214\214\014\214"
  22      F5D079F6 
  22      6EE639CC 
  22      8C8C0C8C 
  23 0033 9B196580 		.ascii	"\233\031e\200B\257\367l\270\301\012\021\202\250\333"
  23      42AFF76C 
  23      B8C10A11 
  23      82A8DB
  24 0042 C228C3C2 		.ascii	"\302(\303\302T\311\200\246\035\211\377\007\254\214\011"
  24      54C980A6 
  24      1D89FF07 
  24      AC8C09
  25 0051 D93826A0 		.ascii	"\3318&\240q[\031e@\270^\201\221\211\221\221\031\344"
  25      715B1965 
  25      40B85E81 
  25      91899191 
  25      19E4
ARM GAS  /tmp/ccyr8eXh.s 			page 2


  26 0063 04206666 		.ascii	"\004 ff\002\032\305\210fT\275\002\023a%\014\0009\244"
  26      021AC588 
  26      6654BD02 
  26      1361250C 
  26      0039A4
  27 0076 3B12     		.ascii	";\022"
  28              		.text
  29              		.section	.gnu.lto_.inline.a7c6b09004f51664,"",%progbits
  30 0000 789C6363 		.ascii	"x\234cc``\230\300\200\000\314\014,\302\257\030\031\031"
  30      606098C0 
  30      8000CC0C 
  30      2CC2AF18 
  30      1919
  31 0012 98F8AF9D 		.ascii	"\230\370\257\235ce`_\025\314\004\022e\342fd`\234\340"
  31      6365605F 
  31      15CC0412 
  31      65E26664 
  31      609CE0
  32 0025 C7260494 		.ascii	"\307&\004\224\270\303\315\300\310 $\315\310\304\240"
  32      B8C3CDC0 
  32      C82024CD 
  32      C8C4A0
  33 0034 C00854CE 		.ascii	"\300\010T\316\010$\031X\005\356\3042\260-\220gb`|\301"
  33      08241958 
  33      05EEC432 
  33      B02D9067 
  33      62607CC1 
  34 0048 CE022119 		.ascii	"\316\002!\031\2306qq\2004\263\0122\200431\010J\241j"
  34      98367171 
  34      8034B30A 
  34      32803433 
  34      31084AA1 
  35 005d E23B1041 		.ascii	"\342;\020AH\023\003\000\237\365\022\212"
  35      48130300 
  35      9FF5128A 
  36              		.text
  37              		.section	.gnu.lto_.pureconst.a7c6b09004f51664,"",%progbits
  38 0000 789C6363 		.ascii	"x\234cc```\007bf\006KFI&I\000\002T\000\177"
  38      60606007 
  38      6266064B 
  38      46492649 
  38      00025400 
  39              		.text
  40              		.section	.gnu.lto_flashWaitErase.a7c6b09004f51664,"",%progbits
  41 0000 789C7594 		.ascii	"x\234u\224\301O\\U\024\306\317\367\356{o\206\231\016"
  41      C14F5C55 
  41      14C6CFF7 
  41      EE7B6F86 
  41      990E
  42 0012 635CB960 		.ascii	"c\\\271`ARI\355\242L\215\233n\334\3737\2701\204\322"
  42      415249ED 
  42      A24C8D9B 
  42      6EDCFB37 
  42      B83184D2 
  43 0026 6082AD61 		.ascii	"`\202\255a\214\211+\3360\203\024!\006\033\031\351d$"
  43      8C892BDE 
  43      30831421 
ARM GAS  /tmp/ccyr8eXh.s 			page 3


  43      061B19E9 
  43      6424
  44 0038 9312D234 		.ascii	"\223\022\3224\321\330*m\245E\373\030\352\264\266\320"
  44      D1D82A6D 
  44      A545FB18 
  44      EAB4B6D0 
  45 0048 5A632AB5 		.ascii	"Zc*\265\204\020\232\212(\251\251\246\2700E\277s\337"
  45      84109A8A 
  45      28A9A9A6 
  45      B83045BF 
  45      73DF
  46 005a 4C44535F 		.ascii	"LDS_\340\314}\347~\347w\317\375\356\235\361E\344\224"
  46      E0CC7DE7 
  46      7EE777CF 
  46      FDEE9DF1 
  46      45E494
  47 006d 2BF2323F 		.ascii	"+\3622?_\342?|\2013zC$\027w`\242\201q\334\345\244\004"
  47      5FE23F7C 
  47      81337A43 
  47      24177760 
  47      A28171DC 
  48 0084 096FBA2A 		.ascii	"\011o\272*\022\354r\001\315\007q/\022\314\305!}\216"
  48      12EC7201 
  48      CD07712F 
  48      12CCC521 
  48      7D8E
  49 0096 713D304A 		.ascii	"q=0J\375\0311\357\033\214\015]\374>\265\367d\020\364"
  49      FD1931EF 
  49      1B8C0D5D 
  49      FC3EB5F7 
  49      6410F4
  50 00a9 07E1075B 		.ascii	"\007\341\007[/\346\362\003\317\224\251(\032\301\013"
  50      2FE6F203 
  50      CF94A928 
  50      1AC10B
  51 00b8 2DD8DFA2 		.ascii	"-\330\337\242\353}\206\275T\336*\234.\233aS6\200\313"
  51      EB7D86BD 
  51      54DE2A9C 
  51      2E9B6153 
  51      3680CB
  52 00cb D7878BA5 		.ascii	"\327\207\213\245{\315\372\352\240\225\257\243\267\037"
  52      7BCDFAEA 
  52      A095AFA3 
  52      B71F
  53 00d9 7C64CC6E 		.ascii	"|d\314n\010\307\225?o\335i\3363e\231\013S&x\266l\014"
  53      08C7953F 
  53      6FDD69DE 
  53      3365990B 
  53      532678B6 
  54 00ef CEC128F4 		.ascii	"\316\301(\364,Z0\215\026aJp\036{T\277vf{,\345\273\272"
  54      2C5A308D 
  54      16614A70 
  54      1E7B54BF 
  54      76667B2C 
  55 0106 2857FB1C 		.ascii	"(W\373\034>\230<qj\362w\230\347,\360\321\375\245\223"
  55      3E983C71 
  55      6AF27798 
ARM GAS  /tmp/ccyr8eXh.s 			page 4


  55      E72CF0D1 
  55      FDA593
  56 0119 89B6C920 		.ascii	"\211\266\311 $p{\335\224\202\260\320Z6.f\376\315\324"
  56      24707BDD 
  56      9482B0D0 
  56      5A362E66 
  56      FECDD4
  57 012c 87EA5AE5 		.ascii	"\207\352Z\345\312\265\230\331g+\267nO\334\361X\251\255"
  57      CAB598D9 
  57      672BB76E 
  57      4FDCF158 
  57      A9AD
  58 013e 6C9DF7C6 		.ascii	"l\235\367\306\2030\307J\301\305\250\262\261E\331\321"
  58      8330C74A 
  58      C1C5A8B2 
  58      B145D9D1 
  59 014e 0666D186 		.ascii	"\006f\321\206\013h\263\235\330\211\374\247\233\263\011"
  59      0B68B39D 
  59      D889FCA7 
  59      9BB309
  60 015d F3BC055E 		.ascii	"\363\274\005^\016\247\327\232\353\300\225?\032\255x"
  60      0EA7D79A 
  60      EBC0953F 
  60      1AAD78
  61 016c F8F289AD 		.ascii	"\370\362\211\255D\310B\300'\254\035O\340\222b\277\200"
  61      44C842C0 
  61      27AC1D4F 
  61      E09262BF 
  61      80
  62 017d 5F34D8B9 		.ascii	"_4\330\271q\204\334\363\234\236+\003D\234F\017\237|"
  62      7184DCF3 
  62      9C9E2B03 
  62      449C460F 
  62      9F7C
  63 018f EB85C1F6 		.ascii	"\353\205\301\366_\203\272\026\246~\031\301\323\240s"
  63      5F83BA16 
  63      A67E19C1 
  63      D3A073
  64 019e BEC31033 		.ascii	"\276\303\0203\014q\227\241\311\323\340k\210i\210\353"
  64      0C7197A1 
  64      C9D3E06B 
  64      886988EB 
  65 01ae 4412EA6E 		.ascii	"D\022\352nJ\224\224\266Q\344(\375]N\006!\007\016\007"
  65      4A9494B6 
  65      51E428FD 
  65      5D4E0621 
  65      070E07
  66 01c1 B9508678 		.ascii	"\271P\206x\012\274\037\371P~F\377\205\215w\356\371\332"
  66      0ABC1FF9 
  66      507E46FF 
  66      858D77EE 
  66      F9DA
  67 01d3 5DC9E801 		.ascii	"]\311\350\001\024\007\2527cz\300Q\257\263\325\305\232"
  67      1407AA37 
  67      637AC051 
  67      AFB3D5C5 
  67      9A
ARM GAS  /tmp/ccyr8eXh.s 			page 5


  68 01e4 5FC1448E 		.ascii	"_\301D\216{\341\216\023%\223DUw\312\271\357\006\227"
  68      7BE18E13 
  68      25934455 
  68      77CAB9EF 
  68      0697
  69 01f6 5692998F 		.ascii	"V\222\231\217\203h\312\307<*\030\263\367\014\227\221"
  69      8368CAC7 
  69      3C2A18B3 
  69      F70C9791 
  70 0206 B1ECA608 		.ascii	"\261\354\246\010\354\354\004\373O\002'\271:\276\252"
  70      ECEC04FB 
  70      4F0227B9 
  70      3ABEAA
  71 0215 831F0E1F 		.ascii	"\203\037\016\037[\002\301\243vj\027j\026\014\005_!x"
  71      5B02C1A3 
  71      766A176A 
  71      160C055F 
  71      2178
  72 0227 13039543 		.ascii	"\023\003\225C\0218E\266\260'\026\375:07\341\366=\326"
  72      113845B6 
  72      B02716FD 
  72      3A3037E1 
  72      F63DD6
  73 023a 6E2A87CB 		.ascii	"n*\207\313&\245F\252Hp\025}e\323,?\242?*S[X*\367Q\270"
  73      26A546AA 
  73      4870157D 
  73      65D32C3F 
  73      A23F2A53 
  74 0254 3BBF32BE 		.ascii	";\2772\276\277\216\"\343\354\340\302\231\204\366(\000"
  74      BF8E22E3 
  74      ECE0C299 
  74      84F62800 
  75 0264 BEAE1FE8 		.ascii	"\276\256\037\350\220qi\2335\253\272\27412\037\263\014"
  75      9071699B 
  75      35ABBABC 
  75      31321FB3 
  75      0C
  76 0275 D259707C 		.ascii	"\322Yp|5<\346\0358\027\034\005/\246\340\032\016\310"
  76      353CE61D 
  76      38171C05 
  76      2FA6E01A 
  76      0EC8
  77 0287 03F4B746 		.ascii	"\003\364\267F\3044\213\267\220&\332\374\260v\025\004"
  77      C4348BB7 
  77      9026DAFC 
  77      B0761504 
  78 0297 79C22F6A 		.ascii	"y\302/jd{qc|\022\221\316\330{\307\334o\203\365\214\313"
  78      647B7163 
  78      7C1291CE 
  78      D87BC7DC 
  78      6F83F58C 
  79 02ac 2413F9D2 		.ascii	"$\023\371\322\333\365\204\307\034\227\273\276qb\335"
  79      DBF584C7 
  79      1C97BBBE 
  79      7162DD
  80 02bb D7FE9AF0 		.ascii	"\327\376\232\360M\032\327\331 E\305\206Hu\024\015\255"
  80      4D1AD7D9 
ARM GAS  /tmp/ccyr8eXh.s 			page 6


  80      2045C586 
  80      4875140D 
  80      AD
  81 02cc BF3B6222 		.ascii	"\277;b\"\321z\014\013\221\350tC\024\243\216\242\017"
  81      D17A0C0B 
  81      91E87443 
  81      14A38EA2 
  81      0F
  82 02dd C7DF7BDC 		.ascii	"\307\337{\334\024\211~\212a\321\212\376Y?N\235\372e"
  82      14897E8A 
  82      61D18AFE 
  82      593F4E9D 
  82      FA65
  83 02ef 37A2D797 		.ascii	"7\242\327\227)\332^X\275\224\177T\203\275\263d\314\314"
  83      29DA5E58 
  83      BD947F54 
  83      83BDB364 
  83      CCCC
  84 0301 6CDE8DD1 		.ascii	"l\336\215\321\361x\331\244\213\374A\010\325\354\033"
  84      F178D9A4 
  84      8BFC4108 
  84      D5EC1B
  85 0310 E8E38130 		.ascii	"\350\343\2010\365\224\002V\207\353\273\264\337\001\353"
  85      F5940256 
  85      87EBBBB4 
  85      DF01EB
  86 031f 20FEDFBE 		.ascii	" \376\337\276\233\264O\357+\350\267#\322\332\336\236"
  86      9BB44FEF 
  86      2BE8B723 
  86      D2DADE9E 
  87 032f 89FE8E64 		.ascii	"\211\376\216d3\335\035=\231lo\247~\276r\250\247#\333"
  87      33DD1D3D 
  87      996C6FA7 
  87      7EBE72A8 
  87      A723DB
  88 0342 DDDE29EE 		.ascii	"\335\336)\356\301\2567_w_\313vu\232\256\336^\357`WO"
  88      C1AE375F 
  88      775FCB76 
  88      759AAEDE 
  88      5EEF6057 
  89 0357 C75BBBFF 		.ascii	"\307[\273\377[t$\313\320\373\306\276\303\257F\343\366"
  89      5B7424CB 
  89      D0FBC6BE 
  89      C3AF46E3 
  89      F6
  90 0368 6EF91B22 		.ascii	"n\371\033\"s\223v"
  90      739376
  91              		.text
  92              		.section	.gnu.lto_flashGetSectorOffset.a7c6b09004f51664,"",%progbits
  93 0000 789C9552 		.ascii	"x\234\225R\335K\024Q\024\277g\356\235\331\017w\327\214"
  93      DD4B1451 
  93      14BF67EE 
  93      9DD90F77 
  93      D78C
  94 0012 88587C58 		.ascii	"\210X|X(1_\334\007{\352!z\354\277\010[W\014\204\225"
  94      28315FDC 
  94      077BEA21 
ARM GAS  /tmp/ccyr8eXh.s 			page 7


  94      7AECBF08 
  94      5B570C84 
  95 0027 5DE9A507 		.ascii	"]\351\245\007\257\273\233f\206H~\004\303$C[\026TXd\232"
  95      AFBB9B66 
  95      86487E04 
  95      C324435B 
  95      16545864 
  96 003c 5FB9A999 		.ascii	"_\271\251\231Vk\037DYB\206\241\225\310\206 B\231\326"
  96      566B1F44 
  96      594286A1 
  96      95C88620 
  96      4299D6
  97 004f B9777649 		.ascii	"\271wvIe_\032f\356\234{\357\371\375\316\357|h\204\220"
  97      655F1A66 
  97      EE9C7BEF 
  97      F9FDCEEF 
  97      7C688490 
  98 0063 7646C871 		.ascii	"vF\310q\374\037\303\0174\002J\353\014!\365vE\241\233"
  98      FC1FC30F 
  98      34024AEB 
  98      0C21F576 
  98      45A19B
  99 0076 65843B59 		.ascii	"e\204;Y\233\227p\027\005\325:fYC\005\020\006\267\003"
  99      9B977017 
  99      05D53A66 
  99      59430510 
  99      06B703
 100 0089 A9532853 		.ascii	"\251S(S\241\016.\322v\012\257\343w\015\332L\015J\200"
 100      A10E2ED2 
 100      760AAFE3 
 100      770DDA4C 
 100      0D4A80
 101 009c E17635A5 		.ascii	"\341v5\245\177\361\210-\200\017\267+\351\311^W\311\015"
 101      7FF1882D 
 101      800FB72B 
 101      E9C95E57 
 101      C90D
 102 00ae CEA33C79 		.ascii	"\316\243<yyV\273\331\373\212;\014\252\220Nt\357\205"
 102      7956BBD9 
 102      FB8A3B0C 
 102      AA904E74 
 102      EF85
 103 00c0 42B80F85 		.ascii	"B\270\017\205B\306\003(A\347\326w\351\333\224\036\004"
 103      42C60328 
 103      41E7D677 
 103      E9DB941E 
 103      04
 104 00d1 82B6B9F1 		.ascii	"\202\266\271\361\372\203\247\370\272\004NtS~\310\240"
 104      FA83A7F8 
 104      BA044E74 
 104      537EC8A0 
 105 00e1 14FA806E 		.ascii	"\024\372\200n\007\342\021\201~(F\367\371d4\316\350a"
 105      07E21181 
 105      7E2846F7 
 105      F96434CE 
 105      E861
 106 00f3 099DDBF8 		.ascii	"\011\235\333\370y6\203L\353\007\272c\374\204A\031<\334"
ARM GAS  /tmp/ccyr8eXh.s 			page 8


 106      7936834C 
 106      EB07BA63 
 106      FC844119 
 106      3CDC
 107 0105 8D650406 		.ascii	"\215e\004\006\240X\000\372\222\013\003\214\372%\270"
 107      A05800FA 
 107      920B038C 
 107      FA25B8
 108 0114 6BE1EB15 		.ascii	"k\341\353\025OQB\242\267to\"\306\24783\250\012\203;"
 108      4F5142A2 
 108      B7746F22 
 108      C6A73833 
 108      A80A833B 
 109 0128 F1E241F7 		.ascii	"\361\342A\367\265\266\217\363\036zTB\243\337Zf\262\320"
 109      B5B68FF3 
 109      1E7A5442 
 109      A3DF5A66 
 109      B2D0
 110 013a 757DDFD5 		.ascii	"u}\337\325\014T\201\341\234\320\205{[\035n\215\301\010"
 110      0C5481E1 
 110      9CD0857B 
 110      5B1D6E8D 
 110      C108
 111 014c 14C11014 		.ascii	"\024\301\020\024\231\224\210\252`1\036\211\256\020\242"
 111      999488AA 
 111      60311E89 
 111      AE10A2
 112 015b 646F7ADE 		.ascii	"doz\336\250I\276\365\247\021\323\361\376^[,\310\007"
 112      A849BEF5 
 112      A711D3F1 
 112      FE5E5B2C 
 112      C807
 113 016d 54AF29B8 		.ascii	"T\257)\270\330\220\025\235\030\232v\025\027\207&,\233"
 113      D890159D 
 113      189A7615 
 113      1787262C 
 113      9B
 114 017e B01C202A 		.ascii	"\260\034 *\223G\004\201\013D\246n\351\353\221+!\347"
 114      93470481 
 114      0B44A66E 
 114      E9EB912B 
 114      21E7
 115 0190 3114F693 		.ascii	"1\024\366\223'I\023\266\003\255X\222,Ct\360{\317\370"
 115      274913B6 
 115      03AD5892 
 115      2C4374F0 
 115      7BCFF8
 116 01a3 7EA140A7 		.ascii	"~\241@\247\200\032;\317\215\275\264\211nR\231\341\360"
 116      801A3BCF 
 116      8DBDB489 
 116      6E5299E1 
 116      F0
 117 01b4 586A5233 		.ascii	"XjR3\241\253\236s\3563\250S\247\016\030\025\031\341"
 117      A1AB9E73 
 117      EE33A853 
 117      A70E1815 
 117      19E1
ARM GAS  /tmp/ccyr8eXh.s 			page 9


 118 01c6 DDDBC6D9 		.ascii	"\335\333\306\331Oy\376;\334\272\322 \011&t\210|\010"
 118      4F79FE3B 
 118      DCBAD220 
 118      09267488 
 118      7C08
 119 01d8 3C06BFE4 		.ascii	"<\006\277\344vX\304\312vb-\027q\036F\207\261\014\361"
 119      7658C4CA 
 119      76622D17 
 119      711E4687 
 119      B10CF1
 120 01eb 6AF3A559 		.ascii	"j\363\245Y@\342Vy\345\202qI\014\202x\002\211W n\256"
 120      40E25679 
 120      E5827149 
 120      0C827802 
 120      8957206E 
 121 0200 83C58C38 		.ascii	"\203\305\2148\205\240(\203\272\311\022D}\342T\024\000"
 121      85A02883 
 121      BAC91244 
 121      7DE25414 
 121      00
 122 0211 6FACE486 		.ascii	"o\254\344\206\022N\313\223m\327\240\346\322\340A\020"
 122      124ECB93 
 122      6DD7A0E6 
 122      D2E04110 
 123 0221 3CC9A921 		.ascii	"<\311\251!\037&\245\006Ehx\212\032\026!>7~$\0073\266"
 123      1F26A506 
 123      4568788A 
 123      1A16213E 
 123      377E2407 
 124 0237 0AA6322D 		.ascii	"\012\2462-o\302i\335,\223e\216\351\015\251\376k\212"
 124      6FC269DD 
 124      2C93658E 
 124      E90DA9FE 
 124      6B8A
 125 0249 055075EA 		.ascii	"\005Pu\352B\314\205_\357[\354\002\303\300\016\323\210"
 125      42CC855F 
 125      EF5BEC02 
 125      C3C00ED3 
 125      88
 126 025a 4137A321 		.ascii	"A7\243!\223\230\340EO\231\304t\241u\346\331\245\331"
 126      9398E045 
 126      4F99C474 
 126      A175E6D9 
 126      A5D9
 127 026c EC1623B1 		.ascii	"\354\026#\261\007\235\255\220;e\233K\212A\013\340\231"
 127      079DAD90 
 127      3B659B4B 
 127      8A410BE0 
 127      99
 128 027d 142EC7EC 		.ascii	"\024.\307\3549\012\307\"\231aY\245\021Q%\217\224\311"
 128      390AC722 
 128      996159A5 
 128      1151258F 
 128      94C9
 129 028f 489B373B 		.ascii	"H\2337;\015\243\211SV4\333\177Uh/\274\220\201\230\010"
 129      0DA38953 
 129      5634DB7F 
ARM GAS  /tmp/ccyr8eXh.s 			page 10


 129      55682FBC 
 129      90819808 
 130 02a3 9492EDC7 		.ascii	"\224\222\355\307\234\247\251\305\345F:L\372_\213dp\267"
 130      9CA7A9C5 
 130      E5463A4C 
 130      FA5F8B64 
 130      70B7
 131 02b5 0CAE6666 		.ascii	"\014\256ffq\011\024b\235S\222F\225\267Z\274\026Xh_\007"
 131      71091462 
 131      9D539246 
 131      95B75ABC 
 131      1658685F 
 132 02ca 8A62A9FE 		.ascii	"\212b\251\376\3433 \216-\207p\234A\000\261#\276\322"
 132      E333208E 
 132      2D87709C 
 132      4100B123 
 132      BED2
 133 02dc 52BFF586 		.ascii	"R\277\365\206\"\376\252\362j\177$\034\020\377\223\225"
 133      22FEAAF2 
 133      6A7F241C 
 133      10FF9395 
 134 02ec D5E591AA 		.ascii	"\325\345\221\252\322\000a\025\30135Z$\030\250\015\205"
 134      D2006115 
 134      C133355A 
 134      2418A80D 
 134      85
 135 02fd 9D15C148 		.ascii	"\235\025\301H |\272\006M-TY\031\011\326\376\005\315"
 135      207CBA06 
 135      4D2D5459 
 135      1909D6FE 
 135      05CD
 136 030f 08845A   		.ascii	"\010\204Z"
 137              		.text
 138              		.section	.gnu.lto_flashGetSectorSize.a7c6b09004f51664,"",%progbits
 139 0000 789C7D52 		.ascii	"x\234}R\335KTA\024?\347\316\334\353\272_\346K\310b\260"
 139      DD4B5441 
 139      143FE7CE 
 139      DCEBBA5F 
 139      E64BC862 
 140 0015 5062BEB8 		.ascii	"Pb\276\270\017\366\324C\317\375\027!\272\241!(n\364"
 140      0FF6D443 
 140      CFFD1721 
 140      BAA12128 
 140      6EF4
 141 0027 A090E3AE 		.ascii	"\240\220\343\256ij\204d\032,W\333\022\011\373\240\242"
 141      696A8464 
 141      1A2C57DB 
 141      1209FBA0 
 141      A2
 142 0038 CD7253DB 		.ascii	"\315rS\333\3246\315\254\214>\014\251\300\310>0\301\027"
 142      D436CDAC 
 142      8C3E0CA9 
 142      C0C83E30 
 142      C117
 143 004a A9CCAD33 		.ascii	"\251\314\2553s\257\240\266\264\354\336=w\346\367u\316"
 143      73AFA0B6 
 143      B4ECDE3D 
ARM GAS  /tmp/ccyr8eXh.s 			page 11


 143      77E6F775 
 143      CE
 144 005b 8C010075 		.ascii	"\214\001\000u\034\340\000X?4\000\265\216\247\000\215"
 144      1CE00058 
 144      3F3400B5 
 144      8EA7008D 
 145 006b 0E4D63EB 		.ascii	"\016Mc\353% \234\274\323\007\302\315P\267\226\371F\241"
 145      25209CBC 
 145      D307C2CD 
 145      50B796F9 
 145      46A1
 146 007d 23CA4238 		.ascii	"#\312B8\020\0324\306ul\300S\354,\303\331\246\033&kg"
 146      101A34C6 
 146      756CC053 
 146      EC2CC3D9 
 146      A61B266B 
 147 0092 2603E4F4 		.ascii	"&\003\344\364\2722\023\375\350\225\257\210~z]ZN\305"
 147      BA3213FD 
 147      E895AF88 
 147      7E7A5D5A 
 147      4EC5
 148 00a4 DD459784 		.ascii	"\335E\227\204\010\213\344\271DV4\376\\d\233L\203n\202"
 148      088BE4B9 
 148      445634FE 
 148      5C649B4C 
 148      836E82
 149 00b7 C7311F6F 		.ascii	"\3071\037oa\276\214q\033\213\010\334\361z\371*c\273"
 149      61BE8C71 
 149      1B8B08DC 
 149      F17AF92A 
 149      63BB
 150 00c9 11A88EAD 		.ascii	"\021\250\216\255\315\276\365\026\366+\342D?\023{L\306"
 150      CDBEF516 
 150      F62BE244 
 150      3F137B4C 
 150      C6
 151 00da 7010D966 		.ascii	"p\020\331f\"-\001\336\301B\202\177H\206\2338\333\253"
 151      222D01DE 
 151      C142827F 
 151      48869B38 
 151      DBAB
 152 00ec A8F36B3F 		.ascii	"\250\363k?\353m\346jO^\177D\0344\031\307\273\333\271"
 152      EB6DE66A 
 152      4F5E7F44 
 152      1C3419C7 
 152      BBDBB9
 153 00ff 1C70080B 		.ascii	"\034p\010\013%a0\2710\304Y@\221{\027>\367x\013\372\024"
 153      256130B9 
 153      30C45940 
 153      917B173E 
 153      F7780BFA 
 154 0114 3BD5EBEB 		.ascii	";\325\353\353\213\210I\301M\246cb+_~\010~\261\361\325"
 154      8B8849C1 
 154      4DA66362 
 154      2B5F7E08 
 154      7EB1F1D5 
 155 0128 B487ED57 		.ascii	"\264\207\355W\324+\347\033\007\23465\335\223w\301\246"
ARM GAS  /tmp/ccyr8eXh.s 			page 12


 155      D42BE71B 
 155      079C3635 
 155      DD9377C1 
 155      A6
 156 0139 6A389C91 		.ascii	"j8\234\221\272p3\335\34518\216`\001\336\303\202\030"
 156      BA7033DD 
 156      E531388E 
 156      6001DEC3 
 156      8218
 157 014b 0339151A 		.ascii	"\0039\025\032\306\250<\025\000mc\347\372\013=)\322\177"
 157      C6A83C15 
 157      006D63E7 
 157      FA0B3D29 
 157      D27F
 158 015d 5AA89D5D 		.ascii	"Z\250\235]K\361t\256\027)\275\241\321#\213T\011\304"
 158      4BF174AE 
 158      1729BDA1 
 158      D1238B54 
 158      09C4
 159 016f A974E8F4 		.ascii	"\251t\350\364\3106d\345@9\024'H\256K\001\334([\365\250"
 159      C83664E5 
 159      40391427 
 159      48AE4B01 
 159      DC285BF5 
 160 0184 1AE024B9 		.ascii	"\032\340$\271\320Q\212$\264\322IP\025I\3027\014'\276"
 160      D0518A24 
 160      B4D24950 
 160      1549C237 
 160      0C27BE
 161 0197 7E19DF29 		.ascii	"~\031\337)\315\243\014)^\367\211\261gY\362 \231jnxl"
 161      CDA30C29 
 161      5EF789B1 
 161      6759F220 
 161      996A6E78 
 162 01ac 2665C4B0 		.ascii	"&e\304\260\267Q\010\3417\2313\312\034x_6C{/[\346\336"
 162      B75108E1 
 162      379933CA 
 162      1C785F36 
 162      437B2F5B 
 163 01c2 BB02D784 		.ascii	"\273\002\327\204\265e`\022c\330%[\001|\200\001\245\235"
 163      B5656012 
 163      63D8255B 
 163      017C8001 
 163      A59D
 164 01d4 6D096B9B 		.ascii	"m\011k\233\205\215L\302.r\3071[x\245\375\314\034\222"
 164      858D4CC2 
 164      2E72C731 
 164      5B78A5FD 
 164      CC1C92
 165 01e7 7087DA72 		.ascii	"p\207\332r\343\270\022F)<A\302K\330\024[EK\231\002i"
 165      E3B81246 
 165      293C41C2 
 165      4BD8145B 
 165      454B9902 
 166 01fc 40A14CE6 		.ascii	"@\241L\346\201E\014\373\345\252\034\000\355X\315-\365"
 166      81450CFB 
 166      E5AA1C00 
ARM GAS  /tmp/ccyr8eXh.s 			page 13


 166      ED58CD2D 
 166      F5
 167 020d 392D24DF 		.ascii	"9-$\337\234A\317\224\301K$|\2301C\016\246T\006MfxD\031"
 167      9C41CF94 
 167      C14B247C 
 167      9831430E 
 167      A654064D 
 168 0225 3E61D3FC 		.ascii	">a\323\374\370\276\014\3129\0108i\237v+]\324\365\022"
 168      F8BE0CCA 
 168      39083869 
 168      9F762B5D 
 168      D4F512
 169 0238 35E648B4 		.ascii	"5\346H\264\371\335\310o;\264\036en\342\264\375zs\332"
 169      F9DDC86F 
 169      3BB41E65 
 169      6EE2B4FD 
 169      7A73DA
 170 024b 21391C1D 		.ascii	"!9\034\0358E\034\202\231\3156F\352\022R51\345\263\326"
 170      38451C82 
 170      99CD3646 
 170      EA125235 
 170      31E5B3D6 
 171 025f 3CDB32C7 		.ascii	"<\3332\307\322\362J\354 \260e\2715vlT3Y.>V\301\325\015"
 171      D2F24AEC 
 171      20B065B9 
 171      35766C54 
 171      33592E3E 
 172 0277 9BA6E034 		.ascii	"\233\246\3404\244\330\0215\245\0219%\217\212\311\241"
 172      A4D81135 
 172      A5113925 
 172      8F8AC9A1 
 173 0287 D367DF86 		.ascii	"\323g\337\206\201\037\3142sm7KH\263\377\314(\027\237"
 173      811FCC32 
 173      736D374B 
 173      48B3FFCC 
 173      28179F
 174 029a 282B2EAD 		.ascii	"(+.\255f\376\265r)+\335\276y\213\250\201\265\316`\231"
 174      66FEB572 
 174      292BDDBE 
 174      798BA881 
 174      B5CE6099 
 175 02ae 80DF732C 		.ascii	"\200\337s,[\031t\025\031%c\227\353\211\304\333\216\323"
 175      5B197415 
 175      19256397 
 175      EB89C4DB 
 175      8ED3
 176 02c0 CD45C9A2 		.ascii	"\315E\311\242\341\373\213\213\003\326\267:\024\250("
 176      E1FB8B8B 
 176      03D6B73A 
 176      14A828
 177 02cf AD0A846A 		.ascii	"\255\012\204j\313\344\377\241\303U\245\241\212\3422"
 177      CBE4FFA1 
 177      C355A5A1 
 177      8AE232
 178 02de E0E5C163 		.ascii	"\340\345\301c5F(Xv\264\272\326Y\036\014\225\325V\326"
 178      35462858 
 178      76B4BAD6 
ARM GAS  /tmp/ccyr8eXh.s 			page 14


 178      591E0C95 
 178      D556D6
 179 02f1 50C94395 		.ascii	"P\311C\225u\301\277]\360{}"
 179      75C1BF5D 
 179      F07B7D
 180              		.text
 181              		.section	.gnu.lto_.symbol_nodes.a7c6b09004f51664,"",%progbits
 182 0000 789C6363 		.ascii	"x\234cc``\310\002b\006\246\371L\365\014\014\023\316"
 182      6060C802 
 182      6206A6F9 
 182      4CF50C0C 
 182      13CE
 183 0012 313000A9 		.ascii	"10\000\251]\015\216@\221\005L\365\214\250\"\013\231"
 183      5D0D8E40 
 183      91054CF5 
 183      8CA8220B 
 183      99
 184 0023 EA995044 		.ascii	"\352\231PD\030\0271\3253\203E\030\030\032\032\034\030"
 184      181731D5 
 184      33834518 
 184      181A1A1C 
 184      18
 185 0034 189881B0 		.ascii	"\030\230\201\260\245\353\351\016f\026\006\206\257/\216"
 185      A5EBE90E 
 185      66160686 
 185      AF2F8E
 186 0043 C832B030 		.ascii	"\3102\26002|}\360\217\221\201\205\011B3\000\000\264"
 186      327C7DF0 
 186      8F918185 
 186      09423300 
 186      00B4
 187 0055 FA1CD3   		.ascii	"\372\034\323"
 188              		.text
 189              		.section	.gnu.lto_.refs.a7c6b09004f51664,"",%progbits
 190 0000 789C6363 		.ascii	"x\234cc```\004b\006\000\000D\000\010"
 190      60606004 
 190      62060000 
 190      440008
 191              		.text
 192              		.section	.gnu.lto_.decls.a7c6b09004f51664,"",%progbits
 193 0000 789C9D59 		.ascii	"x\234\235Y\013TTG\232\276u\253i\272\033\032\034p\346"
 193      0B545447 
 193      9ABE75AB 
 193      69BA1B1A 
 193      1C70E6
 194 0013 98B37D76 		.ascii	"\230\263}v\\\227\234\260\263\021\306d&\2319\263g\317"
 194      5C979CB0 
 194      B311C664 
 194      269939B3 
 194      67CF
 195 0025 9A1D349E 		.ascii	"\232\0354\236\0235\007\315\3141\347\354\366\020h\003"
 195      133507CD 
 195      CC31E7EC 
 195      F6106803 
 196 0035 33884E77 		.ascii	"3\210Nw\223\231\314\234\335i\344)j\000\361\201\274\024"
 196      9399CC9C 
 196      DD69E429 
ARM GAS  /tmp/ccyr8eXh.s 			page 15


 196      6A00F181 
 196      BC14
 197 0047 44050514 		.ascii	"D\005\005\024AyK\203`\000\025\304`|\361\024P|\001\002"
 197      41794B83 
 197      600015C4 
 197      607CF114 
 197      507C0102 
 198 005b E1ADEC5F 		.ascii	"\341\255\354_U\367v\337n\273\223\314\366\261\270\267"
 198      55F776DF 
 198      6EBB93CC 
 198      F6B1B8B7 
 199 006b AABEFAFF 		.ascii	"\252\276\372\377\257\376\377\257\277\252\256r\216\343"
 199      AFFEFFAF 
 199      BFAAAE72 
 199      8EE3
 200 0079 7EA6E1B8 		.ascii	"~\246\341\270\267d\034\327\2148n\021~\360\312\325C!"
 200      B7641CD7 
 200      8C386E11 
 200      7EF0CAD5 
 200      4321
 201 008b CF4FA02D 		.ascii	"\317O\240-\004J\003\274\017s\354G\332\377\000m;\240"
 201      044A03BC 
 201      0F73EC47 
 201      DAFF006D 
 201      3BA0
 202 009d 4442F91C 		.ascii	"DB\371\034q\257\374n\361\034\367\003x\366C\361\202\262"
 202      71AFFC6E 
 202      F11CF703 
 202      78F643F1 
 202      82B2
 203 00af 549065E6 		.ascii	"T\220e\346\230\274\367\241\014\302\373\033P|\241\374"
 203      98BCF7A1 
 203      0CC2FB1B 
 203      507CA1FC 
 204 00bf 0EEA6BA1 		.ascii	"\016\352k\241\374E\3205\000\345\257\360\376g( \212\373"
 204      FC45D035 
 204      00E5AFF0 
 204      FE672820 
 204      8AFB
 205 00d1 2F78AE81 		.ascii	"/x\256\201\202\005\335\377\343Do?\200\275%:e\210\351"
 205      8205DDFF 
 205      E3446F3F 
 205      80BD253A 
 205      6588E9
 206 00e4 25DC7F2E 		.ascii	"%\334\177.\350}\027\312\012\304t\213z\377\027\312;P"
 206      E87D17CA 
 206      0AC4748B 
 206      7AFF17CA 
 206      3B50
 207 00f6 7E06E56F 		.ascii	"~\006\345oP\376\011\212\011J\024\024\027A\377j(\377"
 207      50FE098A 
 207      094A1414 
 207      1741FF6A 
 207      28FF
 208 0108 02450365 		.ascii	"\002E\003e%\024\242~\207\360L\266\343\362\204g\034D"
 208      2514A27E 
 208      87F04CB6 
ARM GAS  /tmp/ccyr8eXh.s 			page 16


 208      E3F28467 
 208      1C44
 209 011a 1E66EEFF 		.ascii	"\036f\356\377\317\303\021\207\177\220p\210\024\236i"
 209      CFC31187 
 209      7F907088 
 209      149E69
 210 0129 761CF663 		.ascii	"v\034\366c\324\021s6\023\357\306\310K\205dP}~-}\300"
 210      D4117336 
 210      13EFC6C8 
 210      4B856450 
 210      7D7E2D7D 
 211 013e 03AA4B55 		.ascii	"\003\252KUh9TS\026\363:\225\230G\0049\0223\324\347\306"
 211      68395453 
 211      16F33A95 
 211      98470439 
 211      1233D4E7 
 212 0153 90CBA07A 		.ascii	"\220\313\240z\340\302\213^%\226\323\256\356\346\202"
 212      E0C28B5E 
 212      2596D3AE 
 212      EEE682
 213 0162 D344C81B 		.ascii	"\323D\310\033*D\302\303\023\232\316<\255\234U\263&\202"
 213      2A44C2C3 
 213      139ACE3C 
 213      AD9C55B3 
 213      2682
 214 0174 C828996E 		.ascii	"\310(\231nWb/\372\2763a\276\323\303\257\320\304~\212"
 214      57622FFA 
 214      BE3361BE 
 214      D3C3AFD0 
 214      C47E8A
 215 0187 DF73A80A 		.ascii	"\337s\250\012a\221\317\215\244\361<W\374+\002\344{\357"
 215      6191CF8D 
 215      A4F13C57 
 215      FC2B02E4 
 215      7BEF
 216 0199 CC777920 		.ascii	"\314wy \225o\202\311\264\323t4\332\244|\237CeH\203J"
 216      956F82C9 
 216      B4D37434 
 216      DAA47C9F 
 216      43654883 
 217 01ae 91864317 		.ascii	"\221\206C\027\221/\021^\215\3748T\011\215\025\320x\202"
 217      912F115E 
 217      8DFC3854 
 217      098D15D0 
 217      7882
 218 01c0 08344FA7 		.ascii	"\0104O\247\375\373\341q\223i9\252E*T\2030\305\200\001"
 218      FDFBE171 
 218      936939AA 
 218      452A5483 
 218      30C58001 
 219 01d4 DE503115 		.ascii	"\336P1\025\005y)\271rl\244*\2523\206\232xg*\352\235"
 219      057929B9 
 219      726CA42A 
 219      AA33869A 
 219      78672AEA 
 220 01e9 AA183DB2 		.ascii	"\252\030=\262\342r\254\311\304#3\250\250\263\252\000"
 220      E272ACC9 
ARM GAS  /tmp/ccyr8eXh.s 			page 17


 220      C42333A8 
 220      A8B3AA00 
 221 01f9 8D4CC762 		.ascii	"\215L\307b\367W-r\367D\213T\012\024\005s\250\001\271"
 221      F7572D72 
 221      F7448B54 
 221      0A140573 
 221      A801B9
 222 020c 0BF32D2D 		.ascii	"\013\363--\251m\345e<kC\0212\3226\337\277\247\332\225"
 222      A96DE565 
 222      3C6B4311 
 222      32D236DF 
 222      BFA7DA95 
 223 0220 B669DDD1 		.ascii	"\266i\335\321%D\333\232\026\247\315\236\314\372<1\323"
 223      2544DB9A 
 223      16A7CD9E 
 223      CCFA3C31 
 223      D3
 224 0231 D8D52C37 		.ascii	"\330\325,7\346\247%\304\332\261\203\005\012\250j\300"
 224      E6A725C4 
 224      DAB18305 
 224      0AA86AC0 
 225 0241 0148627D 		.ascii	"\001Hb}\015\263\376db\3544\361\317\307*\344\012\325"
 225      0DB3FE64 
 225      62EC34F1 
 225      CFC72AE4 
 225      0AD5
 226 0253 E3595937 		.ascii	"\343YY7\\\361QD\373\372N\337x\246\006e\250\025\246\321"
 226      5CF15144 
 226      FBFA4EDF 
 226      78A60665 
 226      A815A6D1 
 227 0267 42D841E3 		.ascii	"B\330A\343\340|Q\225\007\033 '\336K\355\317u\303Ul\300"
 227      E07C5195 
 227      071B2027 
 227      DE4BEDCF 
 227      75C3556C 
 228 027c FEE14239 		.ascii	"\376\341B9\301_\003\374U\230\321\025F\260%\257j\301"
 228      C15F03FC 
 228      5598D115 
 228      46B025AF 
 228      6AC1
 229 028e 9D0D7181 		.ascii	"\235\015q\201\352\241\324\311=J\334\301\206<\351)\337"
 229      EAA1D4C9 
 229      3D4ADCC1 
 229      863CE929 
 229      DF
 230 029f E742C65C 		.ascii	"\347B\306\\\2071\3550\246\215\215\021\203\357c\026|"
 230      8731ED30 
 230      A68D8D11 
 230      83EF6316 
 230      7C
 231 02b0 3175B9C9 		.ascii	"1u\271\311\036x\220\215\211.\317\035\244z\276\20217"
 231      1E78908D 
 231      892ECF1D 
 231      A47ABE82 
 231      3137
 232 02c2 604C071B 		.ascii	"`L\007\033\323\320W^\353\206\247\030(*\251\241\214X"
ARM GAS  /tmp/ccyr8eXh.s 			page 18


 232      D3D0575E 
 232      EB86A718 
 232      282AA9A1 
 232      8C58
 233 02d4 0FDD04D0 		.ascii	"\017\335\004\320\233\032\324ik\254\217\231\261\342:"
 233      9B1AD469 
 233      6BAC8F99 
 233      B1E23A
 234 02e3 26D33C71 		.ascii	"&\323<q\"\013\343\306\226\003s\224\313m\030r\013\344"
 234      220BE3C6 
 234      96037394 
 234      CB6D1872 
 234      0BE4
 235 02f5 7ECDC6E4 		.ascii	"~\315\306\344\314\035\236\223\343\014\006zR\025\377"
 235      CC1D9E93 
 235      E30C067A 
 235      5215FF
 236 0304 6782B90B 		.ascii	"g\202\271\013\230\177\325\240;\014\222{#\365\205;.f"
 236      987FD5A0 
 236      3B0C927B 
 236      23F5853B 
 236      2E66
 237 0316 90B44B99 		.ascii	"\220\264K\231{0\301t\001\346'\032t\217b\370\364\312"
 237      7B30C174 
 237      01E6271A 
 237      748F62F8 
 237      F4CA
 238 0328 83CD2E48 		.ascii	"\203\315.H\341\033G\\o\212\216\302\3138\364\266\006"
 238      E11B475C 
 238      6F8A8EC2 
 238      CB38F4B6 
 238      06
 239 0339 FD9478BD 		.ascii	"\375\224x\275\007)H\240\240^\210\253n$C\315\240\375"
 239      072948A0 
 239      A05E88AB 
 239      6E2443CD 
 239      A0FD
 240 034b 4B6B4CB5 		.ascii	"KkL\265\277\231YC\302\026`\234\020PB\220\334:\263\320"
 240      BF995943 
 240      C216609C 
 240      10504290 
 240      DC3AB3D0 
 241 035f E48AEF53 		.ascii	"\344\212\357S\305\374`Si\252c\015\350>\010\376v%\017"
 241      C5FC6053 
 241      69AA630D 
 241      E83E08FE 
 241      76250F
 242 0372 B2E4B0E4 		.ascii	"\262\344\260\344P?\200\372\254aK4RE\331\027\333\362"
 242      503F80FA 
 242      AC614B34 
 242      5245D917 
 242      DBF2
 243 0384 5D961D24 		.ascii	"]\226\035$\320\344h\323\022\236\002/\203\204&\032\266"
 243      D0E468D3 
 243      129E022F 
 243      8384261A 
 243      B6
ARM GAS  /tmp/ccyr8eXh.s 			page 19


 244 0395 036819FC 		.ascii	"\003h\031\374mD2\206>\233?~\025I\203\034\372%A>h\011"
 244      6D443286 
 244      3E9B3F7E 
 244      1549831C 
 244      FA25413E 
 245 03ab 72315ABD 		.ascii	"r1Z\275X\264V\316\325\035W\3411f\307\371\362\26149\216"
 245      58B456CE 
 245      D51D57E1 
 245      3166C7F9 
 245      F2B13439 
 246 03c0 C6746E49 		.ascii	"\306tnIg_6\311\235-\307GN\227\343T\366R0\005B\303\260"
 246      675F36C9 
 246      9D2DC747 
 246      4E97E354 
 246      F6523005 
 247 03d7 C81E5AA7 		.ascii	"\310\036Z\247e\026W\343\261\271\204\203l\221\021\004"
 247      651657E3 
 247      B1B98483 
 247      6C911104 
 248 03e7 5B6465A9 		.ascii	"[de\251\2035Jq\221=f\016\256\\\254\235\306\316\247\377"
 248      83354A71 
 248      913D660E 
 248      AE5CAC9D 
 248      C6CEA7FF 
 249 03fb 944EFF89 		.ascii	"\224N\377\2118\375\221\347\027\356\360\322\351?\265"
 249      38FD91E7 
 249      17EEF0D2 
 249      E93FB5
 250 040a 99FE33CB 		.ascii	"\231\3763\313\364k\333\3574\310\361>:ET\\8\177V%\352"
 250      F46BDBEF 
 250      34C8F13E 
 250      3A45545C 
 250      387F5625 
 251 041f 6554F63E 		.ascii	"eT\366>2\217\177\213\3321\252vTT\233\327\324{\331&\265"
 251      328F7F8B 
 251      DA31AA76 
 251      54549BD7 
 251      D47BD926 
 252 0434 8CD9A87D 		.ascii	"\214\331\250}nQ\233^=\331\352\302\254\256 F\350\036"
 252      6E519B5E 
 252      3DD9EAC2 
 252      ACAE2046 
 252      E81E
 253 0446 6C51E35C 		.ascii	"lQ\343\\\306\242\314<Q$\303\247\230\325K\212\006\177"
 253      C6A2CC3C 
 253      5124C3A7 
 253      98D54B8A 
 253      067F
 254 0458 8F7C5562 		.ascii	"\217|Ub\366\364\213\215'\251m\012L5i5\246\206\330\222"
 254      F6F48B8D 
 254      27A96D0A 
 254      4C356935 
 254      A686D892 
 255 046c FAC574CC 		.ascii	"\372\305t\314$\211\271o\300+\032\301+b\254\221${$\277"
 255      2489B96F 
 255      C02B1AC1 
 255      2B62AC91 
ARM GAS  /tmp/ccyr8eXh.s 			page 20


 255      247B24BF 
 256 0480 518DCB98 		.ascii	"Q\215\313\230\202\236\242\3216l\321\000\311\263\224"
 256      829EA2D1 
 256      366CD100 
 256      C9B394
 257 048f 26CF59D0 		.ascii	"&\317Y\3200m\3250\205\234\250\230q\254b\366a\203I\246"
 257      306DD530 
 257      859CA898 
 257      71AC62F6 
 257      618349A6 
 258 04a3 12F009DF 		.ascii	"\022\360\011\337\215\277\336^4j\343\2579\233\234<o1"
 258      8DBFDE5E 
 258      346AE3AF 
 258      399B9C3C 
 258      6F31
 259 04b5 5C7B4D4D 		.ascii	"\\{MM\266;u\321\274%'\213[\334\226W\267\270-,\311\346"
 259      B63B75D1 
 259      BC25278B 
 259      5BDC9657 
 259      B7B82D2C 
 260 04cb CD8E96BB 		.ascii	"\315\216\226\273\343\0326\343k\327\247\253\024\316\002"
 260      E31A36E3 
 260      6BD7A7AB 
 260      14CE02
 261 04da 398AF725 		.ascii	"9\212\367%\203(\277\227\320\370\302\022\310\2753+\252"
 261      8328BF97 
 261      D0F8C212 
 261      C8BD332B 
 261      AA
 262 04eb 7B480E30 		.ascii	"{H\0160\361$\223[L\263E\010\344\353\307/\265zPf\004"
 262      F124935B 
 262      4CB34508 
 262      E4EBC72F 
 262      B57A5066 
 263 0500 B0C0A2B6 		.ascii	"\260\300\242\266\272\364p\205\014O1\305u\235W\207\234"
 263      BAF47085 
 263      0C4F31C5 
 263      759D5787 
 263      9C
 264 0511 EE99B1BC 		.ascii	"\356\231\261\274\323\015\255\335'\273\223(\216\001\271"
 264      D30DADDD 
 264      27BB9328 
 264      8E01B9
 265 0520 D1FCAB4B 		.ascii	"\321\374\253K\350\256\251r\277\214j&\210\235<\325<~"
 265      E8AEA972 
 265      BF8C6A26 
 265      889D3CD5 
 265      3C7E
 266 0532 38B5582D 		.ascii	"8\265X-\306r\034k3\327v_\363t\036\314\011<\011\346x"
 266      C6721C6B 
 266      33D7765F 
 266      F3741ECC 
 266      093C09E6 
 267 0547 5E08E6D4 		.ascii	"^\010\346\324\273\343\275j\251O\240_\342\223]\274\350"
 267      BBE3BD6A 
 267      A94FA05F 
 267      E2935DBC 
ARM GAS  /tmp/ccyr8eXh.s 			page 21


 267      E8
 268 0558 9391B8AA 		.ascii	"\223\221\270\252n\017\034+\243\246>UVx\302S:j\326\306"
 268      6E0F1C2B 
 268      A3A63E55 
 268      5678C253 
 268      3A6AD6C6 
 269 056c 93BB2DA3 		.ascii	"\223\273-\243\332w'U((Ah\023<\371pr\350\244\334b\303"
 269      DA772755 
 269      28284168 
 269      133CF970 
 269      72E8A4DC 
 270 0582 3D8C75F7 		.ascii	"=\214u\367\355\244\014d\231\336^\326xs&\373W\342\354"
 270      EDA40C64 
 270      99DE5ED6 
 270      787326FB 
 270      57E2EC
 271 0595 BE604D8F 		.ascii	"\276`M\217\223\216\217\312\235\317.\231\316.I\234]\342"
 271      938E8FCA 
 271      9DCF2E99 
 271      CE2E499C 
 271      5DE2
 272 05a7 956BB9AE 		.ascii	"\225k\271\256R\236\3116\263K\261\360L\353\030\230T\343"
 272      529EC936 
 272      B34BB1F0 
 272      4CEB1898 
 272      54E3
 273 05b9 4499B30C 		.ascii	"D\231\263\014\321Y2\332\306\343\303\254\277\355YN\010"
 273      D15932DA 
 273      C6E3C3AC 
 273      BFED594E 
 273      08
 274 05ca CE61EF13 		.ascii	"\316a\357\023\005\307S<q1\253L\246\336\355\365\300\027"
 274      05C7533C 
 274      7131AB4C 
 274      A6DEEDF5 
 274      C017
 275 05dc 58A57CE4 		.ascii	"X\245|\344t\271\232\235\020\314t\363\212\272yE\215k"
 275      74B99A9D 
 275      10CC74F3 
 275      8ABA7945 
 275      8D6B
 276 05ee 69A76CB6 		.ascii	"i\247l\266\344t2F\336>>\276)t*P \226P\032\257A\343\224"
 276      E4743246 
 276      DE3E3EBE 
 276      29742A50 
 276      2096501A 
 277 0606 5A3AEF4D 		.ascii	"Z:\357Mw\221,\210\230L\336\007e\360>t3\312%s1\367\344"
 277      77912C88 
 277      984CDE07 
 277      65F03E74 
 277      33CA2573 
 278 061d 7B1D8B36 		.ascii	"{\035\21365\377\224\236j\016C\264\020\270%\312\374\211"
 278      35FF949E 
 278      6A0E43B4 
 278      10B825CA 
 278      FC89
 279 062f 80322246 		.ascii	"\2002\"F\200\317\3758\335d\216\301\324\264\207\034\242"
ARM GAS  /tmp/ccyr8eXh.s 			page 22


 279      80CFFD38 
 279      DD648EC1 
 279      D4B4871C 
 279      A2
 280 0640 5711308B 		.ascii	"W\0210\213\304\236#^Q$\227\003\310n\027\354\273]\333"
 280      C49E235E 
 280      51249703 
 280      C86E17EC 
 280      BB5DDB
 281 0653 E8891BE8 		.ascii	"\350\211\033\350\014\370\334\27248\003\370z\013\333"
 281      0CF8DCBA 
 281      343803F8 
 281      7A0BDB
 282 0662 5A3EDDD6 		.ascii	"Z>\335\326\216\202\340lk\360\022\021\034\347p\206\350"
 282      8E82E06C 
 282      6BF01211 
 282      1CE77086 
 282      E8
 283 0673 084CCCD9 		.ascii	"\010L\314\331$I~\254\213\337\347\342-\014Mp:\224\263"
 283      24497EAC 
 283      8BDFE7E2 
 283      2D0C4D70 
 283      3A94B3
 284 0686 1F5772EE 		.ascii	"\037Wr\356Q\216B\352\361\034\311\\9\224k\361\370\315"
 284      518E42EA 
 284      F11CC95C 
 284      39946BF1 
 284      F8CD
 285 0698 E68C6957 		.ascii	"\346\214iW\334\305|u%&w\300\015?f\225\261]\367\366a"
 285      DCC57C75 
 285      252677C0 
 285      0D3F6695 
 285      B15DF7F6 
 286 06ad 3CC92A15 		.ascii	"<\311*\025\265\317\336b)\\\003\265\252\356\347f\341"
 286      B5CFDE62 
 286      295C03B5 
 286      AAEEE766 
 286      E1
 287 06be D4D707C7 		.ascii	"\324\327\007\307<efki\263+\362\361\001G\372\370\372"
 287      3C65666B 
 287      69B32BF2 
 287      F10147FA 
 287      F8FA
 288 06d0 F8306B8F 		.ascii	"\3700k\217\024H\234s\034\254q\312\261\271\005W\236^"
 288      14489C73 
 288      1CAC71CA 
 288      B1B90557 
 288      9E5E
 289 06e2 9647D140 		.ascii	"\226G\321@\015\035\264G\263``\276\264\261\343I0\306"
 289      0D1DB447 
 289      B36060BE 
 289      B4B1E349 
 289      30C6
 290 06f4 099E749E 		.ascii	"\011\236t\236\022\214X\014V\311\007c\234\206R\010\245"
 290      128C580C 
 290      56C90763 
 290      9C865208 
ARM GAS  /tmp/ccyr8eXh.s 			page 23


 290      A5
 291 0705 004A1194 		.ascii	"\000J\021\2243P\316\332DO\333)\011\301<\207\004\245"
 291      3350CEDA 
 291      444FDB29 
 291      09C13C87 
 291      04A5
 292 0717 D1F3F827 		.ascii	"\321\363\370',z\310\326}\3141A\311|Z\337dh\"\373\200"
 292      2C7AC8D6 
 292      7DCC3141 
 292      C97C5ADF 
 292      646822FB 
 293 072c 3D7A08D9 		.ascii	"=z\010\331\005[[\001\013\266S\266\301\306DM\025.e<I"
 293      055B5B01 
 293      0BB653B6 
 293      C1C6444D 
 293      152E653C 
 294 0741 EED8EF58 		.ascii	"\356\330\357X\226\224\350\327Ev\253\302\006\177\301"
 294      9694E8D7 
 294      4576ABC2 
 294      067FC1
 295 0750 AA9BAEE1 		.ascii	"\252\233\256\341\313\261<^d\261<\3220\367\232%\224{"
 295      CBB13C5E 
 295      64B13CD2 
 295      30F79A25 
 295      947B
 296 0762 8A682897 		.ascii	"\212h(\227\302\330\022k(\237z5\224E\027\240s`\371\277"
 296      C2D8126B 
 296      289F7A35 
 296      944517A0 
 296      7360F9BF 
 297 0776 C70BA07E 		.ascii	"\307\013\240~fg\322%\225mx;\022\307}\037Y\2457\317\335"
 297      6667D225 
 297      956D783B 
 297      12C77D1F 
 297      59A537CF 
 298 078b 974943BE 		.ascii	"\227IC\276\314&\344\317[B\376\334\241\272\367\244\251"
 298      CC26E4CF 
 298      5B42FEDC 
 298      A1BAF7A4 
 298      A9
 299 079c 137A24A9 		.ascii	"\023z$\251\363\002M\235\251b\352\334]\232\373W\251\320"
 299      F3024D9D 
 299      A962EADC 
 299      5D9AFB57 
 299      A9D0
 300 07ae 0B3699B3 		.ascii	"\0136\231\263\334\"\264\370\306\3607<\336\347BWK\301"
 300      DC22B4F8 
 300      C6F0373C 
 300      DEE74257 
 300      4BC1
 301 07c0 D5EE9308 		.ascii	"\325\356\223\010\347\262\212x\225\365bW\331\342\341"
 301      E7B28A78 
 301      95F56257 
 301      D9E2E1
 302 07cf BA       		.ascii	"\272"
 303 07d0 4C155B3B 		.ascii	"L\025[;&r)\350<\332\326\216\361\031\212U]|\224\335\204"
 303      267229E8 
ARM GAS  /tmp/ccyr8eXh.s 			page 24


 303      3CDAD68E 
 303      F1198A55 
 303      5D7C94DD 
 304 07e5 6021F9D0 		.ascii	"`!\371\320\205\344-\254\244\307\277d\261D\366\211\012"
 304      85E42DAC 
 304      A4C7BF64 
 304      B144F689 
 304      0A
 305 07f6 F045D3B7 		.ascii	"\360E\323\267-\244\353\010<\017\031\035%\332#_\211Q"
 305      2DA4EB08 
 305      3C0F191D 
 305      25DA235F 
 305      8951
 306 0808 0A85731A 		.ascii	"\012\205s\032\032Av\320!\207P8I\242\007\216\241\322"
 306      1A4176D0 
 306      21875038 
 306      49A2078E 
 306      A1D2
 307 081a F8A358B0 		.ascii	"\370\243X\260\014\332\347\220\353+P\"\266\306\036zA"
 307      0CDAE790 
 307      EB2B5022 
 307      B6C61E7A 
 307      41
 308 082b 2256C8AD 		.ascii	"\"V\310\255\225K\350\032ir\264FF*\345\314F\260S\243"
 308      954BE81A 
 308      6972B446 
 308      462AE5CC 
 308      46B053A3 
 309 083f 097B8E4E 		.ascii	"\011{\216N\323G5\004[\025\011\266JA?\211\335K\020x\265"
 309      D3473504 
 309      5B1509B6 
 309      4A413F89 
 309      DD4B1078 
 310 0854 105BF550 		.ascii	"\020[\365P.Bi\204R\007\305\014\3452\224\006\233,B\247"
 310      2E426984 
 310      5207C50C 
 310      E5329406 
 310      9B2C42A7 
 311 0868 00570C54 		.ascii	"\000W\014Tn\257\325v\245\365\306v\354W\332\206\272#"
 311      6EAFD576 
 311      A5F5C676 
 311      EC57DA86 
 311      BA23
 312 087a EDDCF752 		.ascii	"\355\334\367RM\356b\223\255e6'\226/m\302\275\331\022"
 312      4DEE6293 
 312      AD653627 
 312      962F6DC2 
 312      BDD912
 313 088d 99DD59A3 		.ascii	"\231\335Y\243\0232\\\303\202qw\306p\205\0347\260\312"
 313      13325CC3 
 313      827177C6 
 313      70851C37 
 313      B0CA
 314 089f C5E6FADD 		.ascii	"\305\346\372\335\354\312\315\323\3530\205\317wN@Fhc"
 314      ECCACDD3 
 314      EB3085CF 
 314      774E4046 
ARM GAS  /tmp/ccyr8eXh.s 			page 25


 314      6863
 315 08b1 8884D8C6 		.ascii	"\210\204\330\306U\004p\225gw\337+\354\3641\261\267\243"
 315      55047095 
 315      6777DF2B 
 315      ECF431B1 
 315      B7A3
 316 08c3 48896F33 		.ascii	"H\211o3L\177R\343\020\225\002'\003r\367\275\3060)3\361"
 316      4C7F52E3 
 316      10950227 
 316      0372F7BD 
 316      C6302933 
 317 08d8 35EE7880 		.ascii	"5\356x\200a*\022\213\277\360\244\027o\236]v\333\031"
 317      612A128B 
 317      BFF0A417 
 317      6F9E5D76 
 317      DB19
 318 08ea 6821A3F3 		.ascii	"h!\243\363\266\033\036e\240+Ms\023\364F|\203\247\267"
 318      B61B1E65 
 318      A02B4D73 
 318      13F4467C 
 318      83A7B7
 319 08fd DD0E8629 		.ascii	"\335\016\206)\274r\262\\\211\347\030\346\341t\324uz"
 319      BC72B25C 
 319      89E718E6 
 319      E174D475 
 319      7A
 320 090e 1BEFE4E9 		.ascii	"\033\357\344\351m\367+\212\341\317_97\247tr\333\375"
 320      6DF72B8A 
 320      E1CF5F39 
 320      37A77472 
 320      DBFD
 321 0920 9A6717D1 		.ascii	"\232g\027\321[\340\326\233\274\375E\364e\272\206F\025"
 321      5BE0D69B 
 321      BCFD45F4 
 321      65BA8646 
 321      15
 322 0931 A0ECB6F9 		.ascii	"\240\354\266\371\375\025\361\217T8\236~Y\342\373g\352"
 322      FD15F18F 
 322      54389E7E 
 322      59E2FB67 
 322      EA
 323 0942 1B15C857 		.ascii	"\033\025\310W!\334\3632hn\274\013\222o[s#\021\301q\016"
 323      21DCF332 
 323      686EBC0B 
 323      926F5B73 
 323      2311C171 
 324 0957 AEC37740 		.ascii	"\256\303w@\2633\026p\010\272\376\344\240\311\035\301"
 324      B3331670 
 324      08BAFEE4 
 324      A0C91DC1 
 325 0967 6AF76511 		.ascii	"j\367e\021\325\360oi&s\024\246\342[@|\0278V\220\344"
 325      D5F06F69 
 325      267314A6 
 325      E25B407C 
 325      17385690 
 326 097c EF248EAD 		.ascii	"\357$\216\255\007\246.!\210{@O7D\314=\233`}Y\255a[\003"
 326      07A62E21 
ARM GAS  /tmp/ccyr8eXh.s 			page 26


 326      887B404F 
 326      3744CC3D 
 326      9B607D59 
 327 0994 84073A8F 		.ascii	"\204\007:\217\230l\247G\240\221j\266+u\275r\004\212"
 327      986CA747 
 327      A0916AB6 
 327      2B75BD72 
 327      048A
 328 09a6 992A8972 		.ascii	"\231*\211r\303\007\230m\246\017\335,wE\336\216\217p"
 328      C307986D 
 328      A60FDD2C 
 328      7745DE8E 
 328      8F70
 329 09b8 A81F8838 		.ascii	"\250\037\2108#%l~5\324\232}\000\352\265Z\263\213\356"
 329      23256C7E 
 329      35D49A7D 
 329      00EAB55A 
 329      B38BEE
 330 09cb 34247FB6 		.ascii	"4$\177\266\304\035q\221\006z\237M\240\337g\201N\236"
 330      C41D7191 
 330      067A9F4D 
 330      A0DF6781 
 330      4E9E
 331 09dd 009E6A39 		.ascii	"\000\236j9tZ\215\2170b\351\2635\227\234~T\033r~\007"
 331      745A8D8F 
 331      3062E9B3 
 331      35979C7E 
 331      541B727E 
 332 09f2 B986672F 		.ascii	"\271\206g/\201>\031\032\204\204;`\177\011!\255\344\014"
 332      813E191A 
 332      84843B60 
 332      7F0921AD 
 332      E40C
 333 0a04 545F5BE7 		.ascii	"T_[\347\326\213\272\0219 /\241\323A\210\375\205')\264"
 333      D68BBA11 
 333      39202FA1 
 333      D34188FD 
 333      852729B4 
 334 0a18 BE28FE10 		.ascii	"\276(\376\020k\207V\236=\004(\251\210C\220\245\205\027"
 334      6B87569E 
 334      3D0428A9 
 334      884390A5 
 334      8517
 335 0a2a 64F0A25C 		.ascii	"d\360\242\\\372O\020\200\244RY?S'\3768\206g|\254\343"
 335      FA4F1080 
 335      A452593F 
 335      5327FE38 
 335      86677CAC 
 336 0a3f 58136F55 		.ascii	"X\023oU&\031\362\012W\316\322m!e\235$\022\342\340d\346"
 336      2619F20A 
 336      57CED26D 
 336      21659D24 
 336      12E2E064 
 337 0a54 61973ED4 		.ascii	"a\227>\324\003\235\037s\\\262\"\202}\331\232\373\322"
 337      039D1F73 
 337      5CB22282 
 337      7DD99AFB 
ARM GAS  /tmp/ccyr8eXh.s 			page 27


 337      D2
 338 0a65 A4C06DEC 		.ascii	"\244\300m\354\223lE\375E3\246\227\210\373\226\233O\335"
 338      936C45FD 
 338      4533A697 
 338      88FB969B 
 338      4FDD
 339 0a77 FD8BB36A 		.ascii	"\375\213\263j\347\227\227\307t\007~$\356\300\027\352"
 339      E79797C7 
 339      74077E24 
 339      EEC017EA 
 340 0a87 BB2EAB56 		.ascii	"\273.\253V\0345\035\355\003\327\334\303\363\027\207"
 340      1C351DED 
 340      03D7DCC3 
 340      F31787
 341 0a96 4D26958C 		.ascii	"M&\225\214\240\320\260\3257\360\012\177\037\362}\010"
 341      A0D0B0D5 
 341      37F00A7F 
 341      1FF27D08 
 342 0aa6 3DE07B81 		.ascii	"=\340{\201\320\023~\005I`\231ws\324\370%\343\342\350"
 342      D0137E05 
 342      49609977 
 342      73D4F825 
 342      E3E2E8
 343 0ab9 F34B4E71 		.ascii	"\363KNq|\222\253\205\3373\226r\006\306w.\330\334\035"
 343      7C92AB85 
 343      DF339672 
 343      06C6772E 
 343      D8DC1D
 344 0acc C98DC14A 		.ascii	"\311\215\301Jp\224\022\034\021\011\236O\317\332\343"
 344      7094121C 
 344      11099E4F 
 344      CFDAE3
 345 0adb 29107C90 		.ascii	")\020|\220\276$7\332\224o\"WX\200\241\247V\206O\355"
 345      BE2437DA 
 345      946F2257 
 345      5880A1A7 
 345      56864FED 
 346 0aef 198E5186 		.ascii	"\031\216Q\206\273\213\322\013\0248\325\365{2\034g\014"
 346      BB8BD20B 
 346      1438D5F5 
 346      7B321C67 
 346      0C
 347 0b00 BFCEAD3C 		.ascii	"\277\316\255<\317K\031\222\263\236\225\341$e8!2\314"
 347      CF4B1992 
 347      B39E95E1 
 347      24653821 
 347      32CC
 348 0b12 B8B7B8CB 		.ascii	"\270\267\270\313]`8\222\2654Gd\0100\364\334\312\360"
 348      5D603892 
 348      B5344764 
 348      0830F4DC 
 348      CAF0
 349 0b24 B93DC36F 		.ascii	"\271=\303o(\303\364\344]\315\036\370\004c\230\327vb"
 349      28C3F4E4 
 349      5DCD1EF8 
 349      046398D7 
 349      7662
ARM GAS  /tmp/ccyr8eXh.s 			page 28


 350 0b36 C193B221 		.ascii	"\301\223\262!\213\2031\354\357=\020kC\346w?\222p\231"
 350      8B8331EC 
 350      EF3D106B 
 350      43E6773F 
 350      927099
 351 0b49 A15CA645 		.ascii	"\241\\\246E.e\267\033\317*\200K\037\254\264\366\021"
 351      2E65B71B 
 351      CF2A804B 
 351      1FACB4F6 
 351      11
 352 0b5a FC223E6E 		.ascii	"\374\">n\257)\007Q\030\232\262r\231\342\331\247x4K9"
 352      AF290751 
 352      189AB272 
 352      99E2D9A7 
 352      78344B39 
 353 0b6e 24A79415 		.ascii	"$\247\224\025x\210I \301\331'>4G\223\300\342\304\343"
 353      78884920 
 353      C1D9273E 
 353      344793C0 
 353      E2C4E3
 354 0b81 149B6BF9 		.ascii	"\024\233k\371\214\315\241m^\310\030\363\024\234\230"
 354      8CCDA16D 
 354      5EC818F3 
 354      149C98
 355 0b90 7EF8920B 		.ascii	"~\370\222\013\276\311fw\246\260#\235\030\312Lbm\001"
 355      BEC96677 
 355      A6B0239D 
 355      18CA4C62 
 355      6D01
 356 0ba2 67979FED 		.ascii	"g\227\237\355\2102-\215QR\011\013Vv\013\366\226zAY\036"
 356      88322D8D 
 356      5152090B 
 356      56760BF6 
 356      967A4159 
 357 0bb7 1FFC6698 		.ascii	"\037\374f\230\227\262txZD/\251\342\214gO\215R\254\303"
 357      97B27478 
 357      5A442FA9 
 357      E28C674F 
 357      8D52ACC3 
 358 0bcb 1B1A5AA4 		.ascii	"\033\032Z\244Xs\357l\214\233*\301\002\376\216o)\310"
 358      5873EF6C 
 358      8C9B2AC1 
 358      02FE8E6F 
 358      29C8
 359 0bdd 84498AEA 		.ascii	"\204I\212\352\256\255\214\363p<\312\321\177)\240(:\252"
 359      AEAD8CF3 
 359      703CCAD1 
 359      7F29A028 
 359      3AAA
 360 0bef F64E6D2C 		.ascii	"\366Nm,\306\273\024\324 \003'_\036\222\263\303\353\017"
 360      C6BB14D4 
 360      2003275F 
 360      1E92B3C3 
 360      EB0F
 361 0c01 C9C69F7F 		.ascii	"\311\306\237\177.[\301\016\257\371\344\373~\316\265"
 361      2E5BC10E 
 361      AFF9E4FB 
ARM GAS  /tmp/ccyr8eXh.s 			page 29


 361      7ECEB5
 362 0c10 89832A7C 		.ascii	"\211\203*|\210a\237/d\225+\031v)TM\365\243C\236D\273"
 362      88619F2F 
 362      64952B19 
 362      7629544D 
 362      F5A3439E 
 363 0c26 49F08297 		.ascii	"I\360\202\227\364\333H<\206\\\012;\016\212\303\032\366"
 363      F4DB483C 
 363      865C0A3B 
 363      0E8AC31A 
 363      F6
 364 0c37 8DA376CE 		.ascii	"\215\243v\316\035\037\245\222d\205\321\247\306d\310"
 364      1D1FA592 
 364      6485D1A7 
 364      C664C8
 365 0c46 5783008E 		.ascii	"W\203\000\216\330\327:\362?4\034\332\203U(\001ca#\342"
 365      D8D73AF2 
 365      3F341CDA 
 365      83552801 
 365      636123E2 
 366 0c5a D2E12065 		.ascii	"\322\341 e\032\373\033i\206w\005}:\370n\267\013\373"
 366      1AFB1B69 
 366      8677057D 
 366      3AF86EB7 
 366      0BFB
 367 0c6c D22E0EED 		.ascii	"\322.\016\355\306\032\224\310\024\216\034\351\217\367"
 367      C61A94C8 
 367      148E1CE9 
 367      8FF7
 368 0c7a F04A16F6 		.ascii	"\360J\026\366\254\377@Tv\014\364Gc\302o/\366\022Y\322"
 368      ACFF4054 
 368      760CF447 
 368      63C26F2F 
 368      F61259D2 
 369 0c8e FB7466F3 		.ascii	"\373tf\363\254\322\3217>\207\262\237&\025?WKe\177\361"
 369      ACD2D137 
 369      3E87B29F 
 369      26153F57 
 369      4B657FF1 
 370 0ca2 6DB2AB12 		.ascii	"m\262\253\022Zw\251_?f\272n\246\011\256r \306\024\025"
 370      5A77A95F 
 370      3F66BA6E 
 370      A609AE72 
 370      20C61415 
 371 0cb6 07DB6E12 		.ascii	"\007\333n\022\366B\340\011\222'$\203wB\313\177\303\001"
 371      F642E009 
 371      92272483 
 371      7742CB7F 
 371      C301
 372 0cc8 2819BF0E 		.ascii	"(\031\277\016c/\267\2167\250\361q\346\200\311\312\270"
 372      632FB78E 
 372      37A8F171 
 372      E680C9CA 
 372      B8
 373 0cd9 39E1A6E1 		.ascii	"9\341\246\341\015\325\226\235{O\2723g\245\021g\225\364"
 373      0DD5969D 
 373      7B4FBA33 
ARM GAS  /tmp/ccyr8eXh.s 			page 30


 373      67A51167 
 373      95F4
 374 0ceb 2DD4C858 		.ascii	"-\324\310X\267\027T\037\354\233\031vw\352\237\003\242"
 374      B717541F 
 374      EC9B1976 
 374      77EA9F03 
 374      A2
 375 0cfc 7FF6B329 		.ascii	"\177\366\263)5>-\277\343io\256T`\265\217\262:H\247t"
 375      353E2DBF 
 375      E3696FAE 
 375      5460B58F 
 375      B23A48A7 
 376 0d11 409CD264 		.ascii	"@\234\322d\366\354\000oo\000\247\350\256\326[\3712\301"
 376      F6EC006F 
 376      6F00A7E8 
 376      AED65BF9 
 376      32C1
 377 0d23 0037FE31 		.ascii	"\0007\3761\352\2509j9:$L\036R\220d`\2120\3714\374:\207"
 377      EAA8396A 
 377      393A244C 
 377      1E529064 
 377      608A30F9 
 378 0d3b 3FDB6674 		.ascii	"?\333ft\373c\244N\377\271V\247\0172\350~\354\347\347"
 378      FB63A44E 
 378      FFB956A7 
 378      0F32E87E 
 378      ECE7E7
 379 0d4e CFFE6D37 		.ascii	"\317\376m7\370\207\006\205\373\033\364\301\344\251\335"
 379      F8870685 
 379      FB1BF4C1 
 379      E4A9DD
 380 0d5d 1A1E6408 		.ascii	"\032\036d\010\365\013V\254\335\360\321\362\377\\\265"
 380      F50B56AC 
 380      DDF0D1F2 
 380      FF5CB5
 381 0d6c 8A5369B5 		.ascii	"\212Si\265\221a\021\306\267\337\322\032W\372G\032\364"
 381      916111C6 
 381      B7DFD21A 
 381      57FA471A 
 381      F4
 382 0d7d FE6111C1 		.ascii	"\376a\021\301\341\221!:\377\010\335\237\302\303>\361"
 382      E191213A 
 382      FF08DD9F 
 382      C2C33EF1 
 383 0d8d DF16141C 		.ascii	"\337\026\024\034\032\026\241\363\327\206\350\266\006"
 383      1A16A1F3 
 383      D786E8B6 
 383      06
 384 0d9a 45861BB5 		.ascii	"E\206\033\265\306\317w\350\014~\241\234B\034\266\302"
 384      C6CF77E8 
 384      0C7EA19C 
 384      421CB6C2 
 385 0daa D130C3E7 		.ascii	"\3210\303\347\006\177\255\301\030\002\030\300\276\266"
 385      067FADC1 
 385      180218C0 
 385      BEB6
 386 0db8 E683D59B 		.ascii	"\346\203\325\233\336\327\006\004\006n\014\324~\264a"
ARM GAS  /tmp/ccyr8eXh.s 			page 31


 386      DED70604 
 386      066E0CD4 
 386      7EB461
 387 0dc7 DDFA0F3F 		.ascii	"\335\372\017?\010X\037\260as\300\257\177$\355y\377\267"
 387      08581FB0 
 387      6173C0AF 
 387      7F24ED79 
 387      FFB7
 388 0dd9 DA35ABD7 		.ascii	"\3325\253\327}\360Q`\200\227\264\3717\001\201\353\326"
 388      7DF05160 
 388      8097B4F9 
 388      370181EB 
 388      D6
 389 0dea 6CF981B4 		.ascii	"l\371\201\264) p\365\246\000oi\313\207\201\033\327\006"
 389      292070F5 
 389      A6006F69 
 389      CB87811B 
 389      D706
 390 0dfc AE5EBF44 		.ascii	"\256^\277D\332\026\030\260\372\327\202\244\367>\332"
 390      DA1618B0 
 390      FAD782A4 
 390      F73EDA
 391 0e0b B4858E5A 		.ascii	"\264\205\216Z\267a\255\007k\332\260\221\301|\354M%N"
 391      B761AD07 
 391      6BDAB091 
 391      C17CEC4D 
 391      254E
 392 0e1d C56AAE50 		.ascii	"\305j\256PNM_\300\266\372\355z\255\321\313`\014\322"
 392      4E4D5FC0 
 392      B6FAED7A 
 392      ADD1CB60 
 392      0CD2
 393 0e2f 1B99A5B5 		.ascii	"\033\231\245\265\006]\260q\273\336\203\001XEk\364\224"
 393      065DB071 
 393      BBDE8301 
 393      58456BF4 
 393      94
 394 0e40 2282C2C3 		.ascii	"\"\202\302\303]w\350\267\177\252\017\332\246d\346\376"
 394      5D77E8B7 
 394      7FAA0FDA 
 394      A664E6FE 
 395 0e50 85D6E82A 		.ascii	"\205\326\350*<\345\206\260\277\350\264\306\267\250\025"
 395      3CE586B0 
 395      BFE8B4C6 
 395      B7A815
 396 0e5f 89E93E0D 		.ascii	"\211\351>\015\016\366\017\322o[\031\261=B\267R\027\364"
 396      0EF60FD2 
 396      6F5B19B1 
 396      3D42B752 
 396      17F4
 397 0e71 4998FFBB 		.ascii	"I\230\377\273~o\373\255\262\320\002\253\202/\200\223"
 397      7E6FFBAD 
 397      B2D002AB 
 397      822F8093 
 398 0e81 A072FBD6 		.ascii	"\240r\373\326\255\006\035\370E\246\327\005\205x|\012"
 398      AD061DF8 
 398      45A6D705 
ARM GAS  /tmp/ccyr8eXh.s 			page 32


 398      85787C0A 
 399 0e91 AF213A43 		.ascii	"\257!:C\260>l\007\020q\015\012\011\321\353\014\006w"
 399      B03E6C07 
 399      10710D0A 
 399      09D1EB0C 
 399      0677
 400 0ea3 C6CBA025 		.ascii	"\306\313\240%\312\\\205\212\234\215\224\221\266\327"
 400      CA5C858A 
 400      9C8D9491 
 400      B6D7
 401 0eb1 6CE85B05 		.ascii	"l\350[\005h\215jqh\360\366\310\010\243rG\320\247:*E"
 401      688D6A71 
 401      68F0F6C8 
 401      08A37247 
 401      D0A73A2A 
 402 0ec6 156434EA 		.ascii	"\025d4\352\303>\2114\352\014^l\260t\224gX\004X \"X'"
 402      C33E8934 
 402      EA0C5E6C 
 402      B0749467 
 402      58045820 
 403 0edd D0737F0F 		.ascii	"\320s\177\017\014\261\206\300~\263~\263\373g:}\330V"
 403      0CB186C0 
 403      7EB37EB3 
 403      FB673A7D 
 403      D856
 404 0eef 21525D00 		.ascii	"!R]\000g\324\271\211~\003\277*\331\373\207k\327\253"
 404      67D4B989 
 404      7E03BF2A 
 404      D9FB876B 
 404      D7AB
 405 0f01 D81BF1A3 		.ascii	"\330\033\361\243\233\365u\213\320\274i\363\306\017\335"
 405      9BF5758B 
 405      D0BC69F3 
 405      C60FDD
 406 0f10 D92BC4D4 		.ascii	"\331+\304\324\206u\233\005'Q\201Z\243\322\242R\015\321"
 406      86759B05 
 406      2751815A 
 406      A3D2A252 
 406      0DD1
 407 0f22 08C6D6E9 		.ascii	"\010\306\326\351?\003\217\032\227K\375\2557Z\354\032"
 407      3F038F1A 
 407      974BFDAD 
 407      375AEC1A 
 408 0f32 1C6A0CDB 		.ascii	"\034j\014\333\246\263\330\365\267Aa\306\000Bp\371w,"
 408      A6B3D8F5 
 408      B74161C6 
 408      004270F9 
 408      772C
 409 0f44 256E297D 		.ascii	"%n)}Y\2533n\242\226\332H'\354e\333\270\211X,8tsh\310"
 409      59AB336E 
 409      A296DA48 
 409      27EC65DB 
 409      B889582C 
 410 0f5d A6709D6E 		.ascii	"\246p\235n\307?;\347\020J\334H\026\230\347vCP\370fZ"
 410      C73F3BE7 
 410      104ADC48 
 410      1698E776 
ARM GAS  /tmp/ccyr8eXh.s 			page 33


 410      4350F866 
 411 0f72 7D750CE1 		.ascii	"}u\014\341A\372a\360\312\2100\366N\302T\253\335\032"
 411      41FA61F0 
 411      CA8830F6 
 411      4EC254AB 
 411      DD1A
 412 0f84 1911ACD5 		.ascii	"\031\021\254\325\372\275\373\213\237\377R!\326d\301"
 412      FABDFB8B 
 412      9FFF5221 
 412      D664C1
 413 0f93 A1417A69 		.ascii	"\241Azi\337;\357\374\037\361\332@\305"
 413      DF3BEFFC 
 413      1FF1DA40 
 413      C5
 414              		.text
 415              		.section	.gnu.lto_.symtab.a7c6b09004f51664,"",%progbits
 416 0000 666C6173 		.ascii	"flashWaitErase\000"
 416      68576169 
 416      74457261 
 416      736500
 417 000f 00       		.ascii	"\000"
 418 0010 00       		.ascii	"\000"
 419 0011 00       		.ascii	"\000"
 420 0012 00000000 		.ascii	"\000\000\000\000\000\000\000\000"
 420      00000000 
 421 001a 6B010000 		.ascii	"k\001\000\000"
 422 001e 666C6173 		.ascii	"flashGetSectorOffset\000"
 422      68476574 
 422      53656374 
 422      6F724F66 
 422      66736574 
 423 0033 00       		.ascii	"\000"
 424 0034 00       		.ascii	"\000"
 425 0035 00       		.ascii	"\000"
 426 0036 00000000 		.ascii	"\000\000\000\000\000\000\000\000"
 426      00000000 
 427 003e 70010000 		.ascii	"p\001\000\000"
 428 0042 666C6173 		.ascii	"flashGetSectorSize\000"
 428      68476574 
 428      53656374 
 428      6F725369 
 428      7A6500
 429 0055 00       		.ascii	"\000"
 430 0056 00       		.ascii	"\000"
 431 0057 00       		.ascii	"\000"
 432 0058 00000000 		.ascii	"\000\000\000\000\000\000\000\000"
 432      00000000 
 433 0060 75010000 		.ascii	"u\001\000\000"
 434 0064 63685468 		.ascii	"chThdSleep\000"
 434      64536C65 
 434      657000
 435 006f 00       		.ascii	"\000"
 436 0070 02       		.ascii	"\002"
 437 0071 00       		.ascii	"\000"
 438 0072 00000000 		.ascii	"\000\000\000\000\000\000\000\000"
 438      00000000 
 439 007a 79010000 		.ascii	"y\001\000\000"
ARM GAS  /tmp/ccyr8eXh.s 			page 34


 440              		.text
 441              		.section	.gnu.lto_.opts,"",%progbits
 442 0000 272D666D 		.ascii	"'-fmath-errno' '-fsigned-zeros' '-ftrapping-math' '"
 442      6174682D 
 442      6572726E 
 442      6F272027 
 442      2D667369 
 443 0033 2D666E6F 		.ascii	"-fno-trapv' '-fno-openmp' '-fno-openacc' '-mcpu=cor"
 443      2D747261 
 443      70762720 
 443      272D666E 
 443      6F2D6F70 
 444 0066 7465782D 		.ascii	"tex-m3' '-mthumb' '-O2' '-fomit-frame-pointer' '-fa"
 444      6D332720 
 444      272D6D74 
 444      68756D62 
 444      2720272D 
 445 0099 6C69676E 		.ascii	"lign-functions=16' '-ffunction-sections' '-fdata-se"
 445      2D66756E 
 445      6374696F 
 445      6E733D31 
 445      36272027 
 446 00cc 6374696F 		.ascii	"ctions' '-fno-common' '-flto'\000"
 446      6E732720 
 446      272D666E 
 446      6F2D636F 
 446      6D6D6F6E 
 447              		.text
 448              		.comm	__gnu_lto_v1,1,1
 449              		.comm	__gnu_lto_slim,1,1
 450              		.ident	"GCC: (15:7-2018-q2-6) 7.3.1 20180622 (release) [ARM/embedded-7-branch revision 261907]"
ARM GAS  /tmp/ccyr8eXh.s 			page 35


DEFINED SYMBOLS
                            *ABS*:0000000000000000 hal_flash.c
                            *COM*:0000000000000001 __gnu_lto_v1
                            *COM*:0000000000000001 __gnu_lto_slim

NO UNDEFINED SYMBOLS
