ARM GAS  /tmp/ccZPkfRR.s 			page 1


   1              		.cpu cortex-m3
   2              		.eabi_attribute 20, 1
   3              		.eabi_attribute 21, 1
   4              		.eabi_attribute 23, 3
   5              		.eabi_attribute 24, 1
   6              		.eabi_attribute 25, 1
   7              		.eabi_attribute 26, 1
   8              		.eabi_attribute 30, 2
   9              		.eabi_attribute 34, 1
  10              		.eabi_attribute 18, 4
  11              		.file	"hal_st.c"
  12              		.section	.gnu.lto_.profile.90682def442db8f0,"",%progbits
  13 0000 789C6363 		.ascii	"x\234cc```\001bF\006%!\000\000\316\000@"
  13      60606001 
  13      62460625 
  13      210000CE 
  13      0040
  14              		.text
  15              		.section	.gnu.lto_.icf.90682def442db8f0,"",%progbits
  16 0000 789C6363 		.ascii	"x\234cc``\320a@\000v\206\245\2177nfb\374\360kC\027\037"
  16      6060D061 
  16      40007686 
  16      A58F376E 
  16      6662FCF0 
  17 0018 D3E1BB4F 		.ascii	"\323\341\273O\376\3623_}?\341\027+\313\343_\363\016"
  17      FEF2335F 
  17      7D3FE117 
  17      2BCBE35F 
  17      F30E
  18 002a 33B1BE7A 		.ascii	"3\261\276zw\375:/[\307\275\211\3339\030\000\012\277"
  18      77FD3A2F 
  18      5BC7BD89 
  18      DB391800 
  18      0ABF
  19 003c 16DB     		.ascii	"\026\333"
  20              		.text
  21              		.section	.gnu.lto_.jmpfuncs.90682def442db8f0,"",%progbits
  22 0000 789C6363 		.ascii	"x\234cc``Pb@\000v\020\301\010\004\365s\230\031\230\030"
  22      60605062 
  22      40007610 
  22      C10804F5 
  22      73981998 
  23 0015 1898A14C 		.ascii	"\030\230\241L\026\006\006V\006\0066\240$\0004\027\002"
  23      16060656 
  23      060636A0 
  23      24003417 
  23      02
  24 0026 87       		.ascii	"\207"
  25              		.text
  26              		.section	.gnu.lto_.inline.90682def442db8f0,"",%progbits
  27 0000 789C6363 		.ascii	"x\234cc``\230\312\200\000\354\014\014,<\214\014L@&\333"
  27      606098CA 
  27      8000EC0C 
  27      0C2C3C8C 
  27      0C4C4026 
  28 0015 027910C5 		.ascii	"\002y\020\305\300\310\005\"\030\330X\031\031\031\004"
  28      C0C80522 
ARM GAS  /tmp/ccZPkfRR.s 			page 2


  28      18D85819 
  28      191904
  29 0024 18191898 		.ascii	"\030\031\030\230\330>\350\301%\231\030X\230\201\312"
  29      D83EE8C1 
  29      25991858 
  29      9881CA
  30 0033 992EF0C3 		.ascii	"\231.\360\303\205\230ABP\245\310\342,\230JY1\205\330"
  30      85984142 
  30      50A5C8E2 
  30      2C984A59 
  30      3185D8
  31 0046 4016A1DA 		.ascii	"@\026\241\332\301\000\000q|\014{"
  31      C1000071 
  31      7C0C7B
  32              		.text
  33              		.section	.gnu.lto_.pureconst.90682def442db8f0,"",%progbits
  34 0000 789C6363 		.ascii	"x\234cc``\340\007bv\006\011F)&)f)\026)V)6)\000\007w"
  34      6060E007 
  34      62760609 
  34      46292629 
  34      66291629 
  35 001b 00E6     		.ascii	"\000\346"
  36              		.text
  37              		.section	.gnu.lto_stInit.90682def442db8f0,"",%progbits
  38 0000 789C6363 		.ascii	"x\234cc``X\005\304\362@,\015\304\214\314\014\214L\023"
  38      60605805 
  38      C4F2402C 
  38      0DC48CCC 
  38      0C8C4C13 
  39 0014 CE313034 		.ascii	"\316104r012\202\030\015\034\214\014\365L\214\365\214"
  39      72303132 
  39      82180D1C 
  39      8C0CF54C 
  39      8CF58C
  40 0027 3DCC5398 		.ascii	"=\314S\230\031\017\265?\333\311\244\271\274\001\010"
  40      190FB53F 
  40      DBC9A4B9 
  40      BC0108
  41 0036 0E4C9FC0 		.ascii	"\016L\237\300\326\326\320*1\207\231\201a\032\020\203"
  41      D6D6D02A 
  41      31879981 
  41      611A1083 
  42 0046 00E36646 		.ascii	"\000\343fFM\006\240\262G\033\377M\345ec\201\2103nad"
  42      4D06A0B2 
  42      471BFF4D 
  42      E5656381 
  42      88336E61 
  43 005b 63600432 		.ascii	"c`\0042\326_b=\320\360\357\177{\303\201;\213\0307\273"
  43      D65F623D 
  43      D0F0EF7F 
  43      7BC3813B 
  43      8B1837BB 
  44 006f 01E53A80 		.ascii	"\001\345:\200\030hI\303\001\206Nf&\020\253\371\000\303"
  44      186849C3 
  44      01864E66 
  44      2610ABF9 
  44      00C3
ARM GAS  /tmp/ccZPkfRR.s 			page 3


  45 0081 1BC6E605 		.ascii	"\033\306\346\005\217{\230\301\272\200F\355\334\371\346"
  45      8F7B98C1 
  45      BA8046ED 
  45      DCF9E6
  46 0090 367BFDDF 		.ascii	"6{\375\337\006\2169\314\214\323\230\201\3060ne\254g"
  46      068E39CC 
  46      8CD39881 
  46      C6306E65 
  46      AC67
  47 00a2 980354FE 		.ascii	"\230\003T\376\216\261i\301\363\036F\260B\020\350\000"
  47      8EB169C1 
  47      F31E46B0 
  47      4210E800 
  48 00b2 CA028D60 		.ascii	"\312\002\215`b`\220\325\323\323\207\240\374b\375\214"
  48      626090D5 
  48      D3D387A0 
  48      FC62FD8C 
  49 00c2 C41CFDE2 		.ascii	"\304\034\375\342\242d\020\035_\\\242\227\314\000\000"
  49      A264101D 
  49      5F5CA297 
  49      CC0000
  50 00d1 147042E3 		.ascii	"\024pB\343"
  51              		.text
  52              		.section	.gnu.lto_stStartAlarm.90682def442db8f0,"",%progbits
  53 0000 789C9D52 		.ascii	"x\234\235R\337KTA\024>\337\314zw3\323\036z\010\332\300"
  53      DF4B5441 
  53      143EDFCC 
  53      7A7733D3 
  53      1E7A08DA 
  54 0015 17117BD8 		.ascii	"\027\021{\330\313\346\277\020A\240O\371\326\203\330"
  54      CBE6BF10 
  54      41A04FF9 
  54      D683D8
  55 0024 16186C28 		.ascii	"\026\030l(\356\322c\2167m-7\012\312\255\226\265.\375"
  55      EED2638E 
  55      376D2D37 
  55      0ACAAD96 
  55      B52EFD
  56 0037 200CC4CC 		.ascii	" \014\304\314~\231V\267-#\330\260\220\036\227E|X#*\244"
  56      7E9956B7 
  56      2D23D8B0 
  56      901E9745 
  56      7C58232A 
  57 004c 248962ED 		.ascii	"$\211b\355\314\354\026\022=D\303\235;g\016\337\367\235"
  57      CCEC1612 
  57      3D44C39D 
  57      3B670EDF 
  57      F79D
  58 005e EFCC8C45 		.ascii	"\357\314\214ED9A\264\217\327m<!\011\342\314\034Q_@\000"
  58      443941B4 
  58      8FD76D3C 
  58      2109E2CC 
  58      1C515F40 
  59 0073 3A500150 		.ascii	":P\001P\257@/\222\362\234D6Q\234\022M7\024\017\357|"
  59      AF402F92 
  59      F29C4436 
  59      519C124D 
ARM GAS  /tmp/ccZPkfRR.s 			page 4


  59      37140FEF 
  60 0088 C13AAE06 		.ascii	"\301:\256\006\266f$Q\212\247\036\230D\023\243f\327V"
  60      B6662451 
  60      8AA71E98 
  60      4413A366 
  60      D756
  61 009a BDBA2199 		.ascii	"\275\272!\231\221\200\340\355\374\362\253\221\215z+"
  61      9180E0ED 
  61      FCF2AB91 
  61      8D7A2B
  62 00a9 B099B7DF 		.ascii	"\260\231\267\337o\336\312\327\311z\020\307?\362/\227"
  62      6FDECAD7 
  62      C97A10C7 
  62      3FF22F97 
  63 00b9 6A1BAF2B 		.ascii	"j\033\257+\345(\357\303Y\251\266d\244\304=H\026\304"
  63      E528EFC3 
  63      59A9B664 
  63      A4C43D48 
  63      16C4
  64 00cb 5D047107 		.ascii	"]\004q\007A\342\024\341>\0325~q\2424\274\311\362\271"
  64      41E214E1 
  64      3E1A357E 
  64      71A234BC 
  64      C9F2B9
  65 00de BF6AE201 		.ascii	"\277j\342\001,\002\007\343\363U\236*\255%\224\267r\015"
  65      2C0207E3 
  65      F3559E2A 
  65      AD2594B7 
  65      720D
  66 00f0 DF76FBD9 		.ascii	"\337v\373\331=S$\223}D\203\014\345^\224G'\244\320\321"
  66      3D532493 
  66      7D44830C 
  66      E55E9447 
  66      27A4D0D1 
  67 0104 318F8A10 		.ascii	"1\217\212\020Z\360Ja2]\323p\325\030(\245k.*\317\251"
  67      5AF04A61 
  67      325DD370 
  67      D51828A5 
  67      6B2E2ACF 
  68 0119 FF8B07D3 		.ascii	"\377\213\007\323\334\024\032\322\314\177\017\347s\342"
  68      DC141AD2 
  68      CC7F0FE7 
  68      73E2
  69 0127 74EEE385 		.ascii	"t\356\343\205\370oC\375\345\003\371jI\0152\256R\022"
  69      F86F43FD 
  69      E503F96A 
  69      490D32AE 
  69      5212
  70 0139 EB0C131E 		.ascii	"\353\014\023\036\302\302\2646\313\277\264\224e\241\354"
  70      C2C2B436 
  70      CBBFB494 
  70      65A1EC
  71 0148 DB935AA8 		.ascii	"\333\223Z\250['\031\234\032\310\276\366\353\203\252"
  71      5B27199C 
  71      1AC8BEF6 
  71      EB83AA
  72 0157 32DCB9B1 		.ascii	"2\334\271\261\325\345\352\362V\353\3738\345\216,mpq"
ARM GAS  /tmp/ccZPkfRR.s 			page 5


  72      D5E5EAF2 
  72      56EBFB38 
  72      E58E2C6D 
  72      7071
  73 0169 091969E1 		.ascii	"\011\031i\341\021{\233\321\3368\237(\346\336\324\332"
  73      117B9BD1 
  73      DE389F28 
  73      E6DED4DA 
  74 0179 63AABF4F 		.ascii	"c\252\277O\271G3\322\217\307p1\314m\353\272\032\340"
  74      B94733D2 
  74      8FC77031 
  74      CC6DEBBA 
  74      1AE0
  75 018b 259D517F 		.ascii	"%\235Q\177x\334\000n3=\200'\260\261#XA\300C\230]iK+"
  75      78DC006E 
  75      333D8027 
  75      B0B12358 
  75      41C04398 
  76 01a3 EFF2130B 		.ascii	"\357\362\023\013\2508\372\307z\001<5\365PQ\313\302^"
  76      A838FAC7 
  76      7A013C35 
  76      F55051CB 
  76      C25E
  77 01b5 DF0E3F21 		.ascii	"\337\016?!<c\246Q/\374\207\372s\243.*\352\263F}\346"
  77      3C63A651 
  77      2FFC87FA 
  77      73A32E2A 
  77      EAB3467D 
  78 01ca 7272B4BA 		.ascii	"rr\264\272\254.\360\202\231E8\013C\323\021}\370\346"
  78      AC2EF082 
  78      9945380B 
  78      43D3117D 
  78      F8E6
  79 01dc 16E8131C 		.ascii	"\026\350\023\034\367\313)\2307\242\307 \373\343\313"
  79      F7CB2998 
  79      37A2C720 
  79      FBE3CB
  80 01eb E7E7BE3D 		.ascii	"\347\347\276=\024\262\313_W\314\356\354\210\332\261"
  80      14B2CB5F 
  80      57CCEEEC 
  80      88DAB1
  81 01fa 9E885EDB 		.ascii	"\236\210^\333c\361P\204\374\035\373c\361C\207\0176\377"
  81      63F15084 
  81      FC1DFB63 
  81      F143870F 
  81      36FF
  82 020c 89EAEEEA 		.ascii	"\211\352\356\352\211\307\354\275m\255\315;\355\226\226"
  82      89C7ECBD 
  82      6DADCD3B 
  82      ED9696
  83 021b 5D76DB9E 		.ascii	"]v\333\236\326#\341\012\257=\032=\020\352\244\237.\311"
  83      D623E10A 
  83      AF3D1A3D 
  83      10EAA49F 
  83      2EC9
  84 022d 04E3     		.ascii	"\004\343"
  85              		.text
ARM GAS  /tmp/ccZPkfRR.s 			page 6


  86              		.section	.gnu.lto_stStopAlarm.90682def442db8f0,"",%progbits
  87 0000 789C5D4F 		.ascii	"x\234]O=HBQ\024>\337\273\376\025\324\034d44\271\274"
  87      3D484251 
  87      143EDFBB 
  87      FE15D41C 
  87      643434B9 
  88 0015 47098D4D 		.ascii	"G\011\215MA\004:\351.a\203\203`\370\244\325gi\03264"
  88      41043AE9 
  88      2E618383 
  88      60F8A4D5 
  88      67691A36 
  89 002a A445BC44 		.ascii	"\244E\274Dph\222\220~\255\345!AA`\321\324h\015\006\015"
  89      70689290 
  89      7EADE521 
  89      414160D1 
  89      D4680D06 
  90 003f E110D464 		.ascii	"\341\020\324d\235\253\021\322\341\236{\316\375\316w"
  90      9DAB11D2 
  90      E19E7BCE 
  90      FDCE77
  91 004e CF778E83 		.ascii	"\317w\216\203\210fA\024\3408\316\016AP\266\233D)\227"
  91      88664114 
  91      E038CE0E 
  91      4150B69B 
  91      442997
  92 0061 02C8C470 		.ascii	"\002\310\304p\201\222\012\222\330\022;\002\215l\273"
  92      81920A92 
  92      D8123B02 
  92      8D6CBB
  93 0070 AE780E0D 		.ascii	"\256x\016\0156kw\337\271ad\306LATd\227\206cx\210i/\265"
  93      366B77DF 
  93      B96164C6 
  93      4C415464 
  93      97866378 
  94 0088 6E61C461 		.ascii	"na\304a\353\3438\201\203X\203\216\036\355\226\321\375"
  94      EBE33881 
  94      8358838E 
  94      1EED96D1 
  94      FD
  95 0099 CE1AD675 		.ascii	"\316\032\326u\005\265\005\256\345\330Y\304\260hS(2["
  95      05B505AE 
  95      E5D859C4 
  95      B0685328 
  95      325B
  96 00ab B7E80D8D 		.ascii	"\267\350\015\215\217\257\333\316\315\263\375\257Q\272"
  96      8FAFDBCE 
  96      CDB3FDAF 
  96      51BA
  97 00b9 AF57728A 		.ascii	"\257Wr\212^\263\242\300\240\010N\341\300\231\324\340"
  97      5EB3A2C0 
  97      A0084EE1 
  97      C099D4E0 
  98 00c9 8BF162A6 		.ascii	"\213\361b\246q\357\314\013S\240GkV?;\303\375\247lcc"
  98      71EFCC0B 
  98      53A0476B 
  98      563F3BC3 
  98      FDA76C63 
ARM GAS  /tmp/ccZPkfRR.s 			page 7


  99 00de A87CF03A 		.ascii	"\250|\360:TF\011\246Pp\0017\316\341&I\315\266\357\036"
  99      544609A6 
  99      50700137 
  99      CEE12649 
  99      CDB6EF1E 
 100 00f2 46B5AA91 		.ascii	"F\265\252\221N\031\255Jcro\316\024\002u\224Q\3409\245"
 100      4E19AD4A 
 100      63726FCE 
 100      14027594 
 100      51E039A5 
 101 0106 0CE112DA 		.ascii	"\014\341\022\332\240\004O\202+\376\375\216\265V\376"
 101      A0044F82 
 101      2BFEFD8E 
 101      B556FE
 102 0115 69AAB7AA 		.ascii	"i\252\267\252\264\034\027x\035\205hBU\265\376\211\351"
 102      B41C1778 
 102      1D856842 
 102      55B5FE89 
 102      E9
 103 0126 5A6429AA 		.ascii	"Zd)\252\351\361\260\214!=\241\206\311\373\277\272\022"
 103      E9F1B08C 
 103      213DA186 
 103      C9FBBFBA 
 103      12
 104 0137 8B27742D 		.ascii	"\213't-\020\364{g4\237o^\013.\372W\247\177\371\241h"
 104      10F47B67 
 104      349F6F5E 
 104      0B2EFA57 
 104      A77FF9A1 
 105 014c 74598DD0 		.ascii	"tY\215\320\017\005\246\201\201"
 105      0F05A681 
 105      81
 106              		.text
 107              		.section	.gnu.lto_stSetAlarm.90682def442db8f0,"",%progbits
 108 0000 789C6D52 		.ascii	"x\234mR\317KTQ\024>\337;3\357MeN\213\026A\023\270\021"
 108      CF4B5451 
 108      143EDF3B 
 108      33EF4D65 
 108      4E8B1641 
 109 0017 B1C53C26 		.ascii	"\261\305<&\377\205 \002]\345\256\205\330\024\030L(\276"
 109      FF852002 
 109      5DE5AE85 
 109      D814184C 
 109      28BE
 110 0029 A1655E5F 		.ascii	"\241e^_\332X\012\006\345\204\303S\036\375 \012\304\312"
 110      DA580A06 
 110      E584C353 
 110      1EFD200A 
 110      C4CA
 111 003b 7ED9CFCB 		.ascii	"~\331\317\313@\020X\026\022\255\206!JFhQ\326\306E\241"
 111      40105816 
 111      12AD8621 
 111      4A466851 
 111      D6C645A1 
 112 004f 9DFBC622 		.ascii	"\235\373\306\"\242\313\273\357\236s\370\276s\277\357"
 112      A2CBBBEF 
 112      9E73F8BE 
ARM GAS  /tmp/ccZPkfRR.s 			page 8


 112      73BFEF
 113 005e 706D224A 		.ascii	"pm\"JZD\207\345\334-\033L\260\316/\022\015&,\300\004"
 113      5A4487E5 
 113      DC2D1B4C 
 113      B0CE2F12 
 113      0D262CC0 
 114 0073 2A011AB0 		.ascii	"*\001\032\2600\2001\276\310(\027j\363V\353u%K_z\357"
 114      308031BE 
 114      C828176A 
 114      F356EB75 
 114      254B5F7A 
 115 0088 9C51C3BB 		.ascii	"\234Q\303\273\002&*\3126\013sh\025\324\213\2155\235"
 115      02262ACA 
 115      360B7368 
 115      15D48B8D 
 115      359D
 116 009a 1CE58001 		.ascii	"\034\345\200\001K\322\245\325WS\333Lja\207\244?n\336"
 116      4BD2A5D5 
 116      5753DB4C 
 116      6A6187A4 
 116      3F6EDE
 117 00ad AA24B909 		.ascii	"\252$\271\011$\361\317\312\313\225\306\226kJ\371JW."
 117      24F1CFCA 
 117      CB95C696 
 117      6B4AF94A 
 117      572E
 118 00bf B0DA1930 		.ascii	"\260\332\0310\343>X\032\342\036R\270\213\024I\211\360"
 118      E33E581A 
 118      E21E52B8 
 118      8B144989 
 118      F0
 119 00d0 002D06FF 		.ascii	"\000-\006\377\361\366\372\304v;\026\376\276\023\017"
 119      F1F6FAC4 
 119      763B16FE 
 119      BE130F
 120 00df 61132498 		.ascii	"a\023$\230]\212k\265\276QPz\371*\276\035\210\213z\241"
 120      5D8A6BB5 
 120      BE51507A 
 120      F92ABE1D 
 120      888B7AA1 
 121 00f3 B0906344 		.ascii	"\260\220cD#\002\025/J\323Y\266LtZS\015\226ix\271:Wj"
 121      2302152F 
 121      4AD359B6 
 121      4C745A53 
 121      0D966978 
 122 010b 68BE1209 		.ascii	"h\276\022\011\250N7L*\3557\375GCdn\036\315%\341\177"
 122      A84E374C 
 122      2AED37FD 
 122      4743646E 
 122      1ECD25E1 
 123 0120 86FFBD30 		.ascii	"\206\377\2750\276\360z2\377G\320P} U\207\015(RUd\374"
 123      BEF07A32 
 123      FF47D050 
 123      7D205587 
 123      0D285255 
 124 0136 2598F008 		.ascii	"%\230\360\0106\036\033\261\362+1\327\033\225\337\235"
 124      361E1BB1 
ARM GAS  /tmp/ccZPkfRR.s 			page 9


 124      F22B31D7 
 124      1B95DF9D 
 125 0146 338DFA4C 		.ascii	"3\215\372LQ\300\305\341\362\033\307\014*\036q\027g\326"
 125      51C0C5E1 
 125      F21BC70C 
 125      2A1E7117 
 125      67D6
 126 0158 56B7D653 		.ascii	"V\267\326S\323?&\245pjeK\210i\004l\343\251h{b\264I\275"
 126      D33F26A5 
 126      706A654B 
 126      8869046C 
 126      E3A9687B 
 127 0170 505B78DB 		.ascii	"P[x\333\350\316\250\241A\025\236\012\330\3013\204\230"
 127      E8CEA8A1 
 127      41159E0A 
 127      D8C13384 
 127      98
 128 0181 10DBE65E 		.ascii	"\020\333\346^\003\320c\376\015'3\033\001\356\010=\201"
 128      03D063FE 
 128      0D27331B 
 128      01EE083D 
 128      81
 129 0192 E770B137 		.ascii	"\347p\2617\265\211\200FFT\311T\374\017\243_\263\306"
 129      B5898046 
 129      4654C954 
 129      FC0FA35F 
 129      B3C6
 130 01a4 40E484BE 		.ascii	"@\344\204\276\300\017?\215#\232\263Y#bK\006(OfO:\355"
 130      C00F3F8D 
 130      239AB359 
 130      23624B06 
 130      284F664F 
 131 01ba D6BF5ECF 		.ascii	"\326\277^\317\355\351\316\271^\177\326\234]^>\235%\247"
 131      EDE9CEB9 
 131      5E7FD69C 
 131      5D5E3E9D 
 131      25A7
 132 01cc FB88973F 		.ascii	"\373\210\227?~\342X\333\277\250\276\336\376\274\347"
 132      7EE258DB 
 132      BFA8BEDE 
 132      FEBCE7
 133 01db 1EEAEC68 		.ascii	"\036\352\354h\333\347\266\267\357w;\017v\234\314l\362"
 133      DBE7B6B7 
 133      EF773B0F 
 133      769CCC6C 
 133      F2
 134 01ec BA72B9A3 		.ascii	"\272r\271\243\351\036\372\005\234\203\306\246"
 134      E91EFA05 
 134      9C83C6A6 
 135              		.text
 136              		.section	.gnu.lto_stGetAlarm.90682def442db8f0,"",%progbits
 137 0000 789C5D90 		.ascii	"x\234]\220\313JBQ\024\206\327\177\266\036\315\3502i"
 137      CB4A4251 
 137      1486D77F 
 137      B61ECDE8 
 137      3269
 138 0012 52F60036 		.ascii	"R\366\0006\360`\275B\223\302F:\227\250A\003\241\310"
ARM GAS  /tmp/ccZPkfRR.s 			page 10


 138      F060BD42 
 138      93C2463A 
 138      97A84103 
 138      A1C8
 139 0024 68DACE0A 		.ascii	"h\332\316\012\213\202\"\312\250\216r\302ADDt/\273p\010"
 139      8B8222CA 
 139      A88E72C2 
 139      41444474 
 139      2FBB7008 
 140 0038 82A02B3D 		.ascii	"\202\240+=AE\0244\210h\"M\264\265U\"\332\354\333Z\373"
 140      41451434 
 140      8868224D 
 140      B4B55522 
 140      DAECDB5A 
 141 004d 63ADFFDF 		.ascii	"c\255\377\337:\021M\203(\304g\003/\010\2026sK4\354\326"
 141      3A114D83 
 141      28C46703 
 141      2F088236 
 141      734B34EC 
 142 0062 0075916E 		.ascii	"\000u\221n\320\220\206!L\2119\201\213B\316\256\231\024"
 142      D0908621 
 142      4C893981 
 142      8B42CEAE 
 142      9914
 143 0074 A6C2387C 		.ascii	"\246\3028|\370\274NU\252\020\250\345p}%gV\372V\245\214"
 143      F8BC4E55 
 143      AA10A8E5 
 143      707D2567 
 143      56FA56A5 
 144 0089 4B7B21E9 		.ascii	"K{!\351Y\336\276\227NSh\224d|\027^\354\300\253z\354"
 144      59DEBE97 
 144      4E536894 
 144      647C175E 
 144      ECC0AB7A 
 145 009e C1474C3F 		.ascii	"\301GL?o\345\347\253t\207%H\001\234\337\207N\254\205"
 145      6FE5E7AB 
 145      74872548 
 145      019CDF87 
 145      4EAC85
 146 00b1 361F9CB6 		.ascii	"6\037\234\266\314\027\022\322~\311`\253\335\241\221"
 146      CC1712D2 
 146      7EC960AB 
 146      DDA191
 147 00c0 2984E0CD 		.ascii	")\204\340\315A4\316$\313\2226Mpa\276\215\330\364\216"
 147      4134CE24 
 147      CB92364D 
 147      7061BE8D 
 147      D8F48E
 148 00d3 F3B3EFCB 		.ascii	"\363\263\357\313\223\233\247\212\337\252\243\222\207"
 148      939BA78A 
 148      DFAAA392 
 148      87
 149 00e0 BD90F6D4 		.ascii	"\275\220\366\324\027\313&\005\376t$\034@\307\241\352"
 149      17CB2605 
 149      FE74241C 
 149      40C7A1EA 
 150 00f0 C6DB9250 		.ascii	"\306\333\222PN\222c\347w.\345\304Y$o7r\237\236R\250"
ARM GAS  /tmp/ccZPkfRR.s 			page 11


 150      4E9263E7 
 150      772EE5C4 
 150      59246F37 
 150      729F9E52 
 151 0105 2A393865 		.ascii	"*98e\245\336*,\244a\012\035Y6s\244\314p>\361zu_ml\310"
 151      A5DE2A2C 
 151      A4610A1D 
 151      593673A4 
 151      CC703EF1 
 152 011f D161F998 		.ascii	"\321a\371\230\371\252[\234e\302\205cX\230g\255\252\225"
 152      F9AA5B9C 
 152      65C28563 
 152      589867AD 
 152      AA95
 153 0131 A2ECA9F8 		.ascii	"\242\354\251\370\232+\260\251(+\253\231\302\215\023"
 153      9A2BB0A9 
 153      282BAB99 
 153      C28D13
 154 0140 1868F296 		.ascii	"\030h\362\226\011\234\"\300>\342_\2115Q\022%X\027} "
 154      099C22C0 
 154      3EE25F89 
 154      35511225 
 154      58177D20 
 155 0154 FE3831ED 		.ascii	"\37681\355T\0268\303_\303\376\241\\kD\215~\277Q\232"
 155      541638C3 
 155      5FC3FEA1 
 155      5C6B448D 
 155      7EBF519A 
 156 0168 BD31A3A7 		.ascii	"\2751\243\2473j\304\372\273\324\031\211\015\370\273"
 156      336AC4FA 
 156      BBD41989 
 156      0DF8BB
 157 0177 A8E5FF6B 		.ascii	"\250\345\377k_o\377@\314\010\205;Z\232\215`\260\325"
 157      5F6FFF40 
 157      CC08853B 
 157      5A9A8D60 
 157      B0D5
 158 0189 08B7750C 		.ascii	"\010\267u\014\006\312|$\032\355\366\367\320\017u\273"
 158      06CA7C24 
 158      1AEDF6F7 
 158      D00F75BB 
 159 0199 9C54     		.ascii	"\234T"
 160              		.text
 161              		.section	.gnu.lto_stGetCounter.90682def442db8f0,"",%progbits
 162 0000 789C5D4F 		.ascii	"x\234]OMKBQ\020\235y\367\371J\245\217]P\366\003\334"
 162      4D4B4251 
 162      109D79F7 
 162      F94AA58F 
 162      5D50F603 
 163 0015 BC47F917 		.ascii	"\274G\371\027\332\024\272\252\275\204-\"\004\303'm\273"
 163      DA14BAAA 
 163      BD842D22 
 163      04C3276D 
 163      BB
 164 0026 9A61528B 		.ascii	"\232aR\213\212\264\250g\030.\"B\242\357\262\026\017"
 164      8AB4A867 
 164      182E2242 
ARM GAS  /tmp/ccZPkfRR.s 			page 12


 164      A2EFB216 
 164      0F
 165 0037 21080A13 		.ascii	"!\010\012\023\027-\202@Z\024\264\010\011A\332hs5\"\272"
 165      172D8240 
 165      5A14B408 
 165      0941DA68 
 165      733522BA 
 166 004b DC3B7367 		.ascii	"\334;sg\3460\347\034\005\000\246\020`\224r\037=d\200"
 166      E630E71C 
 166      0500A610 
 166      6094721F 
 166      3D6480
 167 005e D2720120 		.ascii	"\322r\001 \334.!\212\017oG\230\225p\026\227\330\032"
 167      DC2E218A 
 167      0F6F4798 
 167      95701697 
 167      D81A
 168 0070 C39B46CD 		.ascii	"\303\233F\315\354Zd\206\200QY\252\334\247\354\242D\354"
 168      EC5A6486 
 168      805159AA 
 168      DCA7ECA2 
 168      44EC
 169 0082 A6727FA7 		.ascii	"\246r\177\247f\330\235\273\234G\270\271\376h\333:*r"
 169      66D89DBB 
 169      9C47B8B9 
 169      FE68DB3A 
 169      2A72
 170 0094 8BC12448 		.ascii	"\213\301$H\022\374\004\035x\214\016\301q\212N \364\313"
 170      12FC041D 
 170      788C0EC1 
 170      718A4E20 
 170      F4CB
 171 00a6 613DD1A1 		.ascii	"a=\321\241\310bJ\3153T\200\204\300A\311b\362z#\306\315"
 171      C8624ACD 
 171      33548084 
 171      C041C962 
 171      F27A23C6 
 172 00bb 6A069F47 		.ascii	"j\006\237Gd\011\014\306\030\005\031`\201\220\244\211"
 172      64090CC6 
 172      18051960 
 172      8190A489 
 173 00cb 9B10A7AD 		.ascii	"\233\020\247\255\364\2333\341\035\363\271\257\333\352"
 173      F49B33E1 
 173      1DF3B9AF 
 173      DBEA
 174 00d9 CD8AF577 		.ascii	"\315\212\365we\224\3231\327\237l\275\315\265I\206\177"
 174      6594D331 
 174      D79F6CBD 
 174      CDB54986 
 174      7F
 175 00ea E9F01C15 		.ascii	"\351\360\034\025\274\020l\0246\231\260\221\234\317?"
 175      BC106C14 
 175      3699B091 
 175      9CCF3F
 176 00f9 B4091B96 		.ascii	"\264\011\033\226&\262\220\255Ul\255Rl\222\251\225N\275"
 176      26B290AD 
 176      556CAD52 
ARM GAS  /tmp/ccZPkfRR.s 			page 13


 176      6C92A995 
 176      4EBD
 177 010b 59D3B88D 		.ascii	"Y\323\270\215\006S0GN.\205\023\352\307^\357\212\235"
 177      06533047 
 177      4E2E8513 
 177      EAC75EEF 
 177      8A9D
 178 011d 5A9647C3 		.ascii	"Z\226G\303\274\234)\365l\254\022\242\015\2570\215\011"
 178      BC9C29F5 
 178      6CAC12A2 
 178      0DAF308D 
 178      09
 179 012e D22AA800 		.ascii	"\322*\250\000\257Q#\225\221\317\330\036kQ2b\205\017"
 179      AF512395 
 179      91CFD81E 
 179      6B513262 
 179      850F
 180 0140 8C94E359 		.ascii	"\214\224\343Y\213\020H\0352N\356Px\222\000\372UUk\335"
 180      8B10481D 
 180      324EEE50 
 180      789200FA 
 180      55556BDD 
 181 0154 80AE4D8E 		.ascii	"\200\256M\216\3735=\350\023\331\253\207T\037\270\376"
 181      FB353DE8 
 181      13D9AB87 
 181      541FB8FE 
 182 0164 4FA703C1 		.ascii	"O\247\003\301\220\256\215\216y\\\203\232\333=\244\215"
 182      90AE8D8E 
 182      795C839A 
 182      DB3DA48D 
 183 0174 0D7B6606 		.ascii	"\015{f\006~\360^\277\177B\235\204o*\314\222+"
 183      7EF05EBF 
 183      7F429D84 
 183      6F2ACC92 
 183      2B
 184              		.text
 185              		.section	.gnu.lto_stIsAlarmActive.90682def442db8f0,"",%progbits
 186 0000 789C5D90 		.ascii	"x\234]\220=KC1\024\206\317\233\334\266j\251\256~\324"
 186      3D4B4331 
 186      1486CF9B 
 186      DCB66AA9 
 186      AE7ED4
 187 0013 1FE0D2AB 		.ascii	"\037\340\322\253\366/\270\210uj\367\":8\024\024+N\202"
 187      F62FB888 
 187      756AF722 
 187      3A381414 
 187      2B4E82
 188 0026 A9B5D6A2 		.ascii	"\251\265\326\242\203\210\255T\256R\350 \016\"\342\367"
 188      8388AD54 
 188      AE52E820 
 188      0E22E2F7 
 189 0036 C7701104 		.ascii	"\307p\021\004A\250\342\"n*\242 \"n\245 \352I\257\210"
 189      41A8E222 
 189      6E2AA220 
 189      226EA520 
 189      EA49AF88 
 190 004a 189293E4 		.ascii	"\030\222\223\344\234'\357\233\304MD)\020\205yn\341\001"
ARM GAS  /tmp/ccZPkfRR.s 			page 14


 190      9C27EF9B 
 190      C44D4429 
 190      1085796E 
 190      E101
 191 005c 4910F325 		.ascii	"I\020\363%\242D\215\000\364B\325\200&\004&0'\027%\262"
 191      A2448D00 
 191      F442D580 
 191      26042630 
 191      271725B2 
 192 0070 99E31B5F 		.ascii	"\231\343\033_\333\232R\223\312^Z\360N'S\215\226$\312"
 192      DB9A5293 
 192      CA5E5AF0 
 192      4E27538D 
 192      9624CA
 193 0083 F1B1A01F 		.ascii	"\361\261\240\037\355~-\261\2156b\364a\3533\353s\033"
 193      ED7E2DB1 
 193      8D3662F4 
 193      61EB33EB 
 193      731B
 194 0095 BAC6C91D 		.ascii	"\272\306\311\035\270\211}h\363\332e\253\317\257\264"
 194      B8897D68 
 194      F3DA65AB 
 194      CFAFB4
 195 00a4 B21F8BC8 		.ascii	"\262\037\213\310\367\270\004Y\222M9\030\244\225h\206"
 195      F7B80459 
 195      924D3918 
 195      A4956886 
 196 00b4 03FB2A9B 		.ascii	"\003\373*\2332R\350U\322\246\027\234\036U\316wJ\367"
 196      3252E855 
 196      D2A6179C 
 196      1E55CE77 
 196      4AF7
 197 00c6 9E5FDD29 		.ascii	"\236_\335)\305\315^\312y\233\253\3329\211\277\236\330"
 197      C5CD5ECA 
 197      799BABDA 
 197      3989BF9E 
 197      D8
 198 00d7 851B7BDA 		.ascii	"\205\033{\332\222\303\262\024\\\312\245N/=\263\322\222"
 198      92C3B214 
 198      5CCAA54E 
 198      2F3DB3D2 
 198      92
 199 00e8 A24A9636 		.ascii	"\242J\2266\312\357u\316V+\031\234*\254<\327\026\260"
 199      CAEF75CE 
 199      562B199C 
 199      2AAC3CD7 
 199      16B0
 200 00fa 0A4B4A1C 		.ascii	"\012KJ\034\300\217}\360s8\237~\272\270\25277\324TB\335"
 200      C08F7DF0 
 200      73389F7E 
 200      BAB8AA37 
 200      37D45442 
 201 010f 15AF9BF2 		.ascii	"\025\257\233\362\343\2264p\210\002\262|U\355D8\202\311"
 201      E3963470 
 201      8802B27C 
 201      55ED4438 
 201      82C9
ARM GAS  /tmp/ccZPkfRR.s 			page 15


 202 0121 974C7E4C 		.ascii	"\227L~L\337\326:\216\3221=\373*\333\015\332\005\020"
 202      DFD63A8E 
 202      D2313DFB 
 202      2ADB0DDA 
 202      0510
 203 0133 38663D86 		.ascii	"8f=\206\366\322\353\322\201\014\346\030\332|=\254\370"
 203      F6D2EBD2 
 203      810CE618 
 203      DA7C3DAC 
 203      F8
 204 0144 1C8870C2 		.ascii	"\034\210p\302\320\033&\3572\027.\375.\206\250\372)\320"
 204      D01B26EF 
 204      32172EFD 
 204      2E86A8FA 
 204      29D0
 205 0156 5F21885A 		.ascii	"_!\210Z\003\001\323\351Cqs\260/f\306G\372\365\034\215"
 205      0301D3E9 
 205      437173B0 
 205      2F66C647 
 205      FAF51C8D 
 206 016a 8F06FA29 		.ascii	"\217\006\372)\370\277:<42\0327\303\221\336`\247\031"
 206      F8BF3A3C 
 206      34321A37 
 206      C391DE60 
 206      A719
 207 017c 0A759991 		.ascii	"\012u\231\221\356\336\261\216\037>\032\213\015\004\006"
 207      EEDEB18E 
 207      1F3E1A8B 
 207      0D0406
 208 018b E91BD3CC 		.ascii	"\351\033\323\314\2275"
 208      9735
 209              		.text
 210              		.section	.gnu.lto_.symbol_nodes.90682def442db8f0,"",%progbits
 211 0000 789C55C8 		.ascii	"x\234U\310\271\015\2000\020\005\321\3617\340\266\240"
 211      B90D8030 
 211      1005D1F1 
 211      37E0B6A0 
 212 0010 B27509A4 		.ascii	"\262u\011\244D\\\206\"(\202\032\250\004a\221m0\032\351"
 212      445C8622 
 212      28821AA8 
 212      0461916D 
 212      301AE9
 213 0023 75C05443 		.ascii	"u\300TC\263\014\306\033\352\256<TYd\301\313*\223\227"
 213      B30CC61B 
 213      EAAE3C54 
 213      5964C1CB 
 213      2A9397
 214 0036 4D16BDEC 		.ascii	"M\026\275\354\262\306K\221\265^\016Y\347$\234\262\364"
 214      B2C64B91 
 214      B55E0E59 
 214      E7249CB2 
 214      F4
 215 0047 0BE4DC43 		.ascii	"\013\344\334C$Q\2367\360\001\300\242&z"
 215      24519E37 
 215      F001C0A2 
 215      267A
 216              		.text
ARM GAS  /tmp/ccZPkfRR.s 			page 16


 217              		.section	.gnu.lto_.refs.90682def442db8f0,"",%progbits
 218 0000 789C6363 		.ascii	"x\234cc```\004b\006\000\000D\000\010"
 218      60606004 
 218      62060000 
 218      440008
 219              		.text
 220              		.section	.gnu.lto_.decls.90682def442db8f0,"",%progbits
 221 0000 789CB558 		.ascii	"x\234\265XkPT\327\035\277\347\236]\036\313\313\022\307"
 221      6B5054D7 
 221      1DBFE79E 
 221      5D1ECBCB 
 221      12C7
 222 0012 3A1D9A3A 		.ascii	":\035\232:\216\011L\233\262\242i\332\017i\023\2036:"
 222      8E094C9B 
 222      B2A269DA 
 222      0F691383 
 222      363A
 223 0024 8D49BBDA 		.ascii	"\215I\273\332\231N?tC\221Tf\020\034vM'_\232\013\213"
 223      994E3F74 
 223      43915466 
 223      101C764D 
 223      275F9A0B 
 224 0039 0A0A0A0A 		.ascii	"\012\012\012\012*/\005QD%\212\"\340J\200\225\307\212"
 224      2A2F0551 
 224      44258A22 
 224      E04A8095 
 224      C78A
 225 004b BCE46154 		.ascii	"\274\344aTT\036\032C\2421\200/\214\200n\377\347q\367"
 225      541E1A43 
 225      A231802F 
 225      8C806EFF 
 225      E771F7
 226 005e 5EAE60D2 		.ascii	"^\256`\322\017\275\303\177\357\375\237\363;\277\377"
 226      0FBDC37F 
 226      EFFD9FF3 
 226      3BBFFF
 227 006d EB9C7BCE 		.ascii	"\353\234{\316\305C\020\204]\263\005\241Q\024\204\345"
 227      C5431084 
 227      5DB305A1 
 227      511484E5 
 228 007d 202EB8BC 		.ascii	" .\270\274\240\355,\010\002q\010\354\"mN\220\026\220"
 228      A0ED2C08 
 228      027108EC 
 228      226D4E90 
 228      1690
 229 008f 36900E90 		.ascii	"6\220\016\220.\220\036\220k }\302\363W\032\020`\270"
 229      2E901E90 
 229      6B207DC2 
 229      F3571A10 
 229      60B8
 230 00a1 7F083208 		.ascii	"\177\0102\010\322\304\333E\3165\335\230,\030\343\315"
 230      D2C4DB45 
 230      CE35DD98 
 230      2C18E3CD 
 231 00b1 C70482CC 		.ascii	"\307\004\202\314\346>\004\203\274\006}\277\002\231\204"
 231      E63E0483 
 231      BC067DBF 
ARM GAS  /tmp/ccZPkfRR.s 			page 17


 231      029984
 232 00c0 E7618171 		.ascii	"\347a\201q\317\001}.\310O\021\343%\376\205\"\346\373"
 232      CF017D2E 
 232      C84F11E3 
 232      25FE8522 
 232      E6FB
 233 00d2 EFD154EE 		.ascii	"\357\321T\356l\320u\234[\346\032\346q\312\343Iloi\306"
 233      6CD0759C 
 233      5BE61AE6 
 233      71CAE349 
 233      6C6F69C6 
 234 00e6 912BFF7F 		.ascii	"\221+\377\177\360\013q\277D\236\247%\334\237\025\032"
 234      F00B71BF 
 234      449EA725 
 234      DC9F151A 
 235 00f6 DE22CEA9 		.ascii	"\336\"\316\251\345{\365\0078I\336\377\3049Wj8\017!V"
 235      E57BF507 
 235      3849DEFF 
 235      C439576A 
 235      380F2156 
 236 010a AB1771CA 		.ascii	"\253\027q\312|\277\340|\244\206\037L\023s\025\264\351"
 236      7CBFE07C 
 236      A4861F4C 
 236      137315B4 
 236      E9
 237 011b E17E4913 		.ascii	"\341~I\023\2476g\244\376\177\231f|&F\007\307'F\361V"
 237      A73667A4 
 237      FE7F9966 
 237      7C264607 
 237      C72746F1 
 238 0130 8C5E3520 		.ascii	"\214^5 \227\013C\303\361\273\366'~\254\201\364\1777"
 238      970B43C3 
 238      F1BBF627 
 238      7EAC81F4 
 238      7F37
 239 0142 D6951E80 		.ascii	"\326\225\036\200E\372|n\333\327\033\375BK%vy\275%\240"
 239      45FA7C6E 
 239      DBD71BFD 
 239      424B2576 
 239      79BD25A0 
 240 0156 0A8465A2 		.ascii	"\012\204e\242\272\326\363\305\2768\204\002\233\\\217"
 240      BAD6F3C5 
 240      BE388402 
 240      9B5C8F
 241 0165 1D01C011 		.ascii	"\035\001\300\021h@\"\250\335\243m\371>\240\3166\240"
 241      684022A8 
 241      DDA36DF9 
 241      3EA0CE36 
 241      A0
 242 0176 5999583C 		.ascii	"Y\231X<\22639\031\200\014!\311\222\224(\245\333$}\210"
 242      96333919 
 242      800C21C9 
 242      929428A5 
 242      DB247D88 
 243 018a 80EC2808 		.ascii	"\200\354(\010\235FA\002\252F!\304t%\012\025\320)h,\207"
 243      9D464102 
 243      AA4621C4 
ARM GAS  /tmp/ccZPkfRR.s 			page 18


 243      74250A15 
 243      D029682C 
 244 019f C66262CE 		.ascii	"\306bb\3161P\371\262]\222f\2413\310\200\252\020\246"
 244      3150F9B2 
 244      5D9266A1 
 244      33C880AA 
 244      10A6
 245 01b1 1008F355 		.ascii	"\020\010\363U\003\263_\233qm\310\200#\210}1\2613\353"
 245      03B35F9B 
 245      716DC880 
 245      23887D31 
 245      B133EB
 246 01c4 C18C166A 		.ascii	"\301\214\026jg\264p9\177Q\343FI\022Q\015\230\370\\1"
 246      67B47039 
 246      7F51E346 
 246      4912510D 
 246      98F85C31 
 247 01d8 0116998D 		.ascii	"\001\026\231\215\355\025\327&\003p\032\242F*\313\352"
 247      ED15D726 
 247      03701AA2 
 247      462ACBEA 
 248 01e8 9E1A6632 		.ascii	"\236\032f2rvF#\256#o\346_\224\244y\310\001F\352\024"
 248      72764623 
 248      AE236FE6 
 248      5F94A479 
 248      C80146EA 
 249 01fd 2335D408 		.ascii	"#5\324\010i\005Cg\316\326\324\371\014\240>\004\325C"
 249      69054367 
 249      CED6D4F9 
 249      0CA03E04 
 249      D543
 250 020f B3688A11 		.ascii	"\263h\212\021b\277p'Bu\227|!\326\016\255\"\273q(Q\344"
 250      62BF7027 
 250      4275977C 
 250      21D60EAD 
 250      22BB7128 
 251 0225 21C8DD22 		.ascii	"!\310\335\"r\016Q\346\245\177\234\000\251YY?3'_ln\261"
 251      720E51E6 
 251      A57F9C00 
 251      A959593F 
 251      33275F6C 
 252 023b 07D538D6 		.ascii	"\007\3258\326$*\306TC\236\363Upw\273\235R\202D|F\035"
 252      242AC654 
 252      439EF355 
 252      7077BB9D 
 252      5282447C 
 253 0251 CACBD60F 		.ascii	"\312\313\326\017\242~\350\374\273 \244{\305\322\251"
 253      A27EE8FC 
 253      BB20A47B 
 253      C5D2A9
 254 0260 B5F9E4F0 		.ascii	"\265\371\344\360\200\036\237\246%@\245\251\256L\375"
 254      801E9FA6 
 254      2540A5A9 
 254      AE4CFD
 255 026f DC5D24AF 		.ascii	"\334]$\257P\200Y\"\372p\216\273\004\002jBs\3417V\307"
 255      50805922 
 255      FA708EBB 
ARM GAS  /tmp/ccZPkfRR.s 			page 19


 255      04026A42 
 255      73E13756 
 256 0284 D8ECB9C7 		.ascii	"\330\354\271\3073\014\363\013\244\202A\250\301\361y"
 256      330CF30B 
 256      A48241A8 
 256      C1F179
 257 0293 7BDA3649 		.ascii	"{\3326I\2350\356m\212C\215J!\032\311\234F\015h\020\241"
 257      9D30EE6D 
 257      8A438D4A 
 257      211AC99C 
 257      460D6810 
 258 02a8 7A3400D6 		.ascii	"z4\000\326\235h>\214\267\225^\335\242\307}\314\360\335"
 258      9D683E8C 
 258      B7955EDD 
 258      A2C77DCC 
 258      F0DD
 259 02ba DE8D2958 		.ascii	"\336\215)X'\262z\021\023\320V\177\253\275G7\2433\347"
 259      27B27A11 
 259      13D0567F 
 259      ABBD4737 
 259      A333E7
 260 02cd A933CD88 		.ascii	"\2513\315\210{\323>\234]\022\000\336\014\2027\343?\313"
 260      7BD33E9C 
 260      5D1200DE 
 260      0C8237E3 
 260      3FCB
 261 02df 911C8912 		.ascii	"\221\034\211\022\231x\200B\347\024W\316i]i\241\256\234"
 261      99788042 
 261      E71457CE 
 261      695D69A1 
 261      AE9C
 262 02f1 9F38E98F 		.ascii	"\2378\351\217\3570O2FR\362\3758\321\235 7\021\211\251"
 262      EF304F32 
 262      4652F2FD 
 262      38D19D20 
 262      371189A9 
 263 0305 55216AD5 		.ascii	"U!j\325\022\265Q\242\035\345\217\367\351\361\030c\352"
 263      12B551A2 
 263      1DE58FF7 
 263      E9F11863 
 263      EA
 264 0316 6DDABA57 		.ascii	"m\332\272W\317\231\256\276<\305\245v\205\251]\313\324"
 264      CF99AEBE 
 264      3CC5A576 
 264      85A95DCB 
 264      D4
 265 0327 41994A1F 		.ascii	"A\231J\037v\236\364\303\011\354=\261\375;\373Y/u&H\222"
 265      769EF4C3 
 265      09EC3DB1 
 265      FD3BFB59 
 265      2F752648 
 266 033c 9454744E 		.ascii	"\224TtN\251K~\271\355\231'7\333_2\247\320&\225Hdy\000"
 266      A94B7EB9 
 266      ED992737 
 266      DB5F32A7 
 266      D0269548 
 267 0353 0A5D50EC 		.ascii	"\012]P\354^\320\332\355\242v\355W&\222<q*\263[\333\341"
ARM GAS  /tmp/ccZPkfRR.s 			page 20


 267      5ED0DAED 
 267      A276ED57 
 267      26923C71 
 267      2AB35BDB 
 268 0368 1AD2C911 		.ascii	"\032\322\311\021\374\322\035\001a\352V\230\272\265L"
 268      FCD21D01 
 268      61EA5698 
 268      BAB54C
 269 0377 3D9429B9 		.ascii	"=\224)\271\367\216C\207\263\031S{S\317\036O|\230*\272"
 269      F78E4387 
 269      B319537B 
 269      53CF1E4F 
 269      7C982ABA 
 270 038b DCC6CA61 		.ascii	"\334\306\312a\037\344\035\204 \002\024\262\231,w\311"
 270      1FE41D84 
 270      200214B2 
 270      992C77C9 
 271 039b 963E0B46 		.ascii	"\226>\013F.\016B\013a\261\367\302b\277\204`\243@\227"
 271      2E0E420B 
 271      61B1F7C2 
 271      62BF8460 
 271      A34097
 272 03ae 01720582 		.ascii	"\001r\005\202\314\221\274hK\216\224L^Y\344\261X~m\012"
 272      CC91BC68 
 272      4B8E944C 
 272      5E59E4B1 
 272      587E6D0A 
 273 03c2 44455FF0 		.ascii	"DE_\3607'K\202\3139Z:%c\004\242d\354\352\224\214\235"
 273      37274B82 
 273      CB395A3A 
 273      256304A2 
 273      64ECEA94 
 274 03d8 6C2A3BEA 		.ascii	"l*;\352\317\303\354(\365u\307\011(tQ\211\363\2426\316"
 274      CFC3EC28 
 274      F575C709 
 274      28745189 
 274      F3A236CE 
 275 03ec 6B34CE7B 		.ascii	"k4\316{\251#\005\001\3708\213\323u\357\330%Zs\362~\275"
 275      A9230501 
 275      F8388BD3 
 275      75EFD825 
 275      5A73F27E 
 276 0401 F066B26D 		.ascii	"\360f\262mS\232T\210\330\222\270\256P]\347\316\302\013"
 276      539A5488 
 276      D892B8AE 
 276      505DE7CE 
 276      C20B
 277 0413 89507425 		.ascii	"\211Pt%\225\345a\366z\327\021\306\366\234/\375\331\353"
 277      95E561F6 
 277      7AD711C6 
 277      F69C2FFD 
 277      D9EB
 278 0425 7D1EA8FB 		.ascii	"}\036\250\373&'\262\375}\267\2204\025\330$\357\345\224"
 278      2627B2FD 
 278      7DB79034 
 278      15D824EF 
 278      E594
ARM GAS  /tmp/ccZPkfRR.s 			page 21


 279 0437 6C0062E9 		.ascii	"l\000b\351\247\261\014\"_J\005w\000W\335\310\252\363"
 279      A7B10C22 
 279      5F4A0577 
 279      0057DDC8 
 279      AAF3
 280 0449 66545788 		.ascii	"fTW\210C9\325\017[\364L\367\"\335\303G\253\374\030\265"
 280      4339D50F 
 280      5BF44CF7 
 280      22DDC347 
 280      ABFC18B5 
 281 045d 8374F70C 		.ascii	"\203t\367\014\025&\371\262\356N\2427\\:7\252\303#,\230"
 281      1526F9B2 
 281      EE4EA237 
 281      5C3A37AA 
 281      C3232C98 
 282 0471 BEE6C347 		.ascii	"\276\346\303G\211[\301d+s\271\002T\233Y0\333\314\272"
 282      895BC164 
 282      2B73B902 
 282      549B5930 
 282      DBCCBA
 283 0484 B7DF3FE0 		.ascii	"\267\337?\340\211\037Q\2708\320;q\335_~\177SO\005\267"
 283      891F51B8 
 283      38D03B71 
 283      DD5F7E7F 
 283      534F05B7 
 284 0498 9BE80E94 		.ascii	"\233\350\016\2244\230\277\277\277\206\306!e\033\032"
 284      3498BFBF 
 284      BF86C621 
 284      651B1A
 285 04a7 0BCED84C 		.ascii	"\013\316\330L\322}\033&\3657J\216\202\371\036q\370@"
 285      D27D1B26 
 285      F5374A8E 
 285      82F91E71 
 285      F840
 286 04b9 C67E0F2C 		.ascii	"\306~\017,aj\243:\367\253&q&\033\337\315h\343r\376|"
 286      616AA33A 
 286      F7AB2671 
 286      261BDFCD 
 286      68E372FE 
 287 04ce 27DD88EE 		.ascii	"'\335\210\356\202\215o\025\033\267\345\215hO\367\211"
 287      828D6F15 
 287      1BB7E58D 
 287      684FF789 
 288 04de 650620B5 		.ascii	"e\006 \265\375(R\030\320\3266\321\256\307)\324+\264"
 288      FD285218 
 288      D0D636D1 
 288      AEC729D4 
 288      2BB4
 289 04f0 B5A9C2C9 		.ascii	"\265\251\302\311\353\327L\364\3143\015\325>8\225u~\271"
 289      EBD74CF4 
 289      CC330DD5 
 289      3E389575 
 289      7EB9
 290 0502 E5668307 		.ascii	"\345f\203\007\316`\212\234\377@\236\377}\327\036\265"
 290      CE608A9C 
 290      FF409EFF 
 290      7DD71EB5 
ARM GAS  /tmp/ccZPkfRR.s 			page 22


 291 0512 209CC53A 		.ascii	" \234\305:\253\253>w\362Z-T\355\362\201t\227G\225C\347"
 291      ABAB3E77 
 291      F25A2D54 
 291      EDF28174 
 291      97479543 
 292 0527 9D06563A 		.ascii	"\235\006V:\011\201^\323}\375m\234\303F\326\337/;\304"
 292      09815ED3 
 292      7DFD6D9C 
 292      C346D6DF 
 292      2F3BC4
 293 053a CB488E1C 		.ascii	"\313H\216\034\203\351\015\256\000\022\216\304g\014\264"
 293      83E90DAE 
 293      00128EC4 
 293      670CB4
 294 0549 2B13669C 		.ascii	"+\023f\234\004\215\214A\350\011\013\345Qz\331\037\003"
 294      048D8C41 
 294      E8090BE5 
 294      517AD91F 
 294      03
 295 055a D3E95281 		.ascii	"\323\351R\201\327\267\216\346\3501\240\307(z\002\005"
 295      D7B78EE6 
 295      E831A0C7 
 295      287A0205 
 296 056a CA630838 		.ascii	"\312c\0108\341\306\301~\1775z\370E\350cE\007w\033\360"
 296      E1C6C17E 
 296      7F357AF8 
 296      45E86345 
 296      07771BF0 
 297 057e 5EE664EE 		.ascii	"^\346d\356\203\276\333|j\206\200Z<Vm\363\302\373Y\337"
 297      83BEDB7C 
 297      6A86805A 
 297      3C566DF3 
 297      C2FB59DF 
 298 0592 CEDAFC76 		.ascii	"\316\332\374vO\\\314\024y\376\007\262\371\237x\371\035"
 298      4F5CCC14 
 298      79FE07B2 
 298      F99F78F9 
 298      1D
 299 05a3 7C84F5D4 		.ascii	"|\204\365\324e\354\350C\370\030S\206\223\276\032\344"
 299      65ECE843 
 299      F8185386 
 299      93BE1AE4 
 300 05b3 F9990B6A 		.ascii	"\371\231\013jV\353\267\301\270\234u=kn\010\306v\366"
 300      56EBB7C1 
 300      B89C753D 
 300      6B6E08C6 
 300      76F6
 301 05c5 ECAC2C39 		.ascii	"\354\254,9\204p\035S\356\3478\2775\340\006\246\024t"
 301      84701D53 
 301      EEE738BF 
 301      35E006A6 
 301      1474
 302 05d7 E79DF6C2 		.ascii	"\347\235\366\302N\246\024\177\277\013\216[\255L\271"
 302      4EA6147F 
 302      BF0B8E5B 
 302      AD4CB9
 303 05e6 68FF22D9 		.ascii	"h\377\"\331\007w2%\371\304\211=>\370\"S\022\253{3\370"
ARM GAS  /tmp/ccZPkfRR.s 			page 23


 303      07773225 
 303      F9C4893D 
 303      3EF82253 
 303      12AB7B33 
 304 05fb 496C90E8 		.ascii	"Il\220\350\267\016\336*\360\346U\361\000}Kw\333c\204"
 304      B70EDE2A 
 304      F0E655F1 
 304      007D4B77 
 304      DB6384
 305 060e AF3070C6 		.ascii	"\2570p\306\350\375\235\0363\326!]\344uXH\313PUQ4\342"
 305      E8FD9D1E 
 305      33D6215D 
 305      E4755848 
 305      CB505551 
 306 0624 A5ADC397 		.ascii	"\245\255\303\227\200\276I\321\031b\240<\206\240\033"
 306      80BE49D1 
 306      1962A03C 
 306      86A01B
 307 0633 1B6B9E22 		.ascii	"\033k\236\"m\035fB\317ql.\330\350\203\026\260\353\245"
 307      6D1D6642 
 307      CF716C2E 
 307      D8E88316 
 307      B0EBA5
 308 0646 05F21542 		.ascii	"\005\362\025B~\366KI6\31112\021\222\\\264-M*\250G\224"
 308      7EF64B49 
 308      36C93132 
 308      11925CB4 
 308      2D4D2AA8 
 309 065c CA058B24 		.ascii	"\312\005\213$G|IY\007\317(\357\000\371\025\330\220;"
 309      477C4959 
 309      07CF28EF 
 309      00F915D8 
 309      903B
 310 066e 9FC29B32 		.ascii	"\237\302\2332\011S\370&Q\003O\022\011<LA\267\250\320"
 310      0953F826 
 310      51034F12 
 310      093C4C41 
 310      B7A8D0
 311 0681 5BB468E6 		.ascii	"[\264h\346\264\214N\220\0347\223q\002\205O\242@\364"
 311      B48C4E90 
 311      1C379371 
 311      02854FA2 
 311      40F4
 312 0693 3DF7459E 		.ascii	"=\367E\236f\350\321s\276t\253\330S\246gW\303\257\252"
 312      66E8D173 
 312      BE74ABD8 
 312      53A66757 
 312      C3AFAA
 313 06a6 E0C95AF8 		.ascii	"\340\311Z\370\030\322\270>\236\214\025\370=mbFU\354"
 313      18D2B83E 
 313      9E8C15F8 
 313      3D6D6246 
 313      55EC
 314 06b8 19BC1E12 		.ascii	"\031\274\036\022\034K\32061\010\245\3214\020<\274@\320"
 314      1C4BD036 
 314      3108A5D1 
 314      34103CBC 
ARM GAS  /tmp/ccZPkfRR.s 			page 24


 314      40D0
 315 06ca 013104ED 		.ascii	"\0011\004\355\025\027\240\\\220,\220\335 {@\212A2A\362"
 315      1517A05C 
 315      902C90DD 
 315      207B408A 
 315      413241F2 
 316 06de 400A40F6 		.ascii	"@\012@\366\201\224\200\354\0049\004\262\013d?H>H6\310"
 316      819480EC 
 316      043904B2 
 316      0B643F48 
 316      3E4836C8 
 317 06f2 41904290 		.ascii	"A\220B\220\"q\001\335F\230\233\365\252\240\266j\203"
 317      227101DD 
 317      46989BF5 
 317      AAA0B66A 
 317      83
 318 0703 326A5370 		.ascii	"2jSp_\205\3368}\365\246\300\3259\270?}\016\324)\373"
 318      5F85DE38 
 318      7DF5A6C0 
 318      D539B83F 
 318      7D0ED429 
 319 0718 8F824E9D 		.ascii	"\217\202N\235\326\027\025\270^\315\235\250E'<\347\313"
 319      D61715B8 
 319      5ECD9DA8 
 319      45273CE7 
 319      CB
 320 0729 B8CA75DB 		.ascii	"\270\312u\333\364p\365\304KQ\261\177\245\365\374\326"
 320      F470F5C4 
 320      4B51B17F 
 320      A5F5FCD6 
 321 0739 F3D35AED 		.ascii	"\363\323Z\355\315C-\376\301T<L\322\356\024>Uw\210\201"
 321      CD432DFE 
 321      C1543C4C 
 321      D2EE143E 
 321      55778881 
 322 074d 683B7747 		.ascii	"h;wG^\211\350\206\222\031\266\025\215=\013L\200\371"
 322      5E89E886 
 322      9219B615 
 322      8D3D0B4C 
 322      80F9
 323 075f 415002DF 		.ascii	"AP\002\337\206\224\022:S\260\375\224$\245xP\343#\323"
 323      8694123A 
 323      53B0FD94 
 323      24A57850 
 323      E323D3
 324 0772 3BAB8AED 		.ascii	";\253\212\355\246*\023\233\247\237\307S\246\275:\264"
 324      A62A139B 
 324      A79FC753 
 324      A6BD3AB4 
 325 0782 A75AF647 		.ascii	"\247Z\366GZ\366\0265\\\322\322?S\340\344\254\320v\251"
 325      5AF61635 
 325      5CD2D23F 
 325      53E0E4AC 
 325      D076A9
 326 0795 C41FA7EB 		.ascii	"\304\037\247\353\350.]\221\334[\032\200B^b\021\367\247"
 326      E82E5D91 
 326      DC5B1A80 
ARM GAS  /tmp/ccZPkfRR.s 			page 25


 326      425E6211 
 326      F7A7
 327 07a7 601B89F8 		.ascii	"`\033\211\370(\214>,\272\367^\222\200\031V\014:\002"
 327      288C3E2C 
 327      BAF75E92 
 327      8019560C 
 327      3A02
 328 07b9 0BE5FFBD 		.ascii	"\013\345\377\275h\310Wa]a\225N}\262:\252\012P@\245\""
 328      68C85761 
 328      5D61954E 
 328      7DB23AAA 
 328      0A5040A5 
 329 07ce 3B59     		.ascii	";Y"
 330 07d0 C11DC085 		.ascii	"\301\035\300\205\345\017s\374p\236\216}59+n`8\3479\006"
 330      E50F73FC 
 330      709E8E7D 
 330      35392B6E 
 330      6038E739 
 331 07e5 C9396F41 		.ascii	"\3119oA\232m+\274:\023\244\267\227\323\343\375gJ\224"
 331      9A6D2BBC 
 331      3A13A4B7 
 331      97D3E3FD 
 331      674A94
 332 07f8 F038F5D0 		.ascii	"\3608\365\320xL$'\276\241\244\317n |\234\221\025\335"
 332      784C2427 
 332      BEA1A4CF 
 332      6E207C9C 
 332      9115DD
 333 080b B137F07D 		.ascii	"\2617\360}\337\017\324\353\3733\017\352\330\226\362"
 333      DF0FD4EB 
 333      FB330FEA 
 333      D896F2
 334 081a 0DE92E6C 		.ascii	"\015\351.l\177\260\313\200k\030v\342\233\314^\304\260"
 334      7FB0CB80 
 334      6B1876E2 
 334      9BCC5EC4 
 334      B0
 335 082b C4A9A133 		.ascii	"\304\251\2413\231\215\206\031w\230S\362\016S.\322-\346"
 335      998D8619 
 335      779853F2 
 335      0E532ED2 
 335      2DE6
 336 083d 8BEF6BC6 		.ascii	"\213\357k\306}\261\2232\351JmGFu(\204\235\302\015\252"
 336      7DB19332 
 336      E94A6D47 
 336      46752884 
 336      9DC20DAA 
 337 0851 D3B45D34 		.ascii	"\323\264]4\240\012\321}\232\246G\356\321OI3=\206\223"
 337      A00AD17D 
 337      9AA647EE 
 337      D14F4933 
 337      3D8693
 338 0864 3B3D7E49 		.ascii	";=~IE\022\236\353>\263WB\231\354\324\336i\250b\0253"
 338      45129EEB 
 338      3EB35742 
 338      99ECD4DE 
 338      69A86215 
ARM GAS  /tmp/ccZPkfRR.s 			page 26


 339 0879 28499D23 		.ascii	"(I\235#ze\227B\224\373\004\364\227\321Uz\206\356R\247"
 339      7A659742 
 339      94FB04F4 
 339      97D1557A 
 339      86EE52A7 
 340 088d E43DED44 		.ascii	"\344=\355D^\363\023o\003\347N\376!n\327\356\274{\236"
 340      5EF3136F 
 340      03E74EFE 
 340      216ED7EE 
 340      BC7B9E
 341 08a0 6AEEEA17 		.ascii	"j\356\352\027q\217;;\362\274_)\222:\035\344kuAn\261"
 341      718F3B3B 
 341      F2BC5F29 
 341      923A1DE4 
 341      6B75416E 
 342 08b5 945C06C1 		.ascii	"\224\\\006\301|\016k\366$T\013\276\003Uc\217C\313?D"
 342      7C0E6BF6 
 342      24540BBE 
 342      0355638F 
 342      43CB3F44 
 343 08c9 01D588AF 		.ascii	"\001\325\210\257\300\320k.{\201\037ne\371\337\324}\273"
 343      C0D06B2E 
 343      7B811F6E 
 343      65F9DFD4 
 343      7DBB
 344 08db 4B55F8ED 		.ascii	"KU\370\355J\341\311\251\274V)|\255\266\360u\264\360"
 344      4AE1C9A9 
 344      BC56297C 
 344      ADB6F075 
 344      B4F0
 345 08ed 75B70FE4 		.ascii	"u\267\017\344\350p\037#;\364h\262\\\317\311Z\2621\373"
 345      E8701F23 
 345      3BF468B2 
 345      5CCFC95A 
 345      B231FB
 346 0900 F028649F 		.ascii	"\360(d\237\210\016\205\312\241\245:K\251\216\234\333"
 346      880E85CA 
 346      A1A53A4B 
 346      A98E9CDB 
 347 0910 54ED8987 		.ascii	"T\355\211\207\031\325\345\336$;\237\027>\252\317\200"
 347      19D5E5DE 
 347      243B9F17 
 347      3EAACF80 
 348 0920 D9FC33E0 		.ascii	"\331\3743\340\351h\347S~@$\377\016\231h\336\264\017"
 348      E968E753 
 348      7E4024FF 
 348      0E9968DE 
 348      B40F
 349 0932 CD386D9C 		.ascii	"\3158m\234\362\264ib\231\256m\355\356\365\327V\261\021"
 349      F2B46962 
 349      99AE6DED 
 349      EEF5D756 
 349      B111
 350 0944 B2D540B3 		.ascii	"\262\325@\263u\216f\332)g\372b\177j\270\266,3\202\267"
 350      758E66DA 
 350      2967FA62 
 350      7F6AB8B6 
ARM GAS  /tmp/ccZPkfRR.s 			page 27


 350      2C3382B7 
 351 0958 5DE9D869 		.ascii	"]\351\330ip\227\345\365\275\274,\315\274,\360-\254\032"
 351      7097E5F5 
 351      BDBC2CCD 
 351      BC2CF02D 
 351      AC1A
 352 096a 5BCFCB72 		.ascii	"[\317\313r\236\226\245rw\326\037\360$\213>\261\347\331"
 352      9E96A572 
 352      77D61FF0 
 352      248B3EB1 
 352      E7D9
 353 097c 98DE5D95 		.ascii	"\230\336]\225\327s\350I\206V\205|\253\266(\251l\321"
 353      D773E849 
 353      8656857C 
 353      ABB628A9 
 353      6CD1
 354 098e A6B295A6 		.ascii	"\246\262\225\2462\355\256c\213\017N\323S\262\326\352"
 354      32EDAE63 
 354      8B0F4ED3 
 354      53B2D6EA 
 355 099e 1D673D14 		.ascii	"\035g=\024\237J4>uM\361\251\215\373\324N}z\262\357\310"
 355      9F4A343E 
 355      754DF1A9 
 355      8DFBD44E 
 355      7D7AB2EF 
 356 09b3 A41FCE65 		.ascii	"\244\037\316e<=_7n\362w;\365\332\326\251Nu(Nuh\235\272"
 356      3C3D5F37 
 356      6EF2773B 
 356      F5DAD6A9 
 356      4E75284E 
 357 09cb 409DEA98 		.ascii	"@\235\352\230l>\341\201\2171\262\035\017\355\251\276"
 357      6C3EE181 
 357      8F31B21D 
 357      0FEDA9BE 
 358 09db 9CAC3F0F 		.ascii	"\234\254?\017\227\302.\001\0374\365:\372\221\332\251"
 358      97C22E01 
 358      1F34F53A 
 358      FA91DAA9 
 359 09eb 70756AB9 		.ascii	"puj\271\272\304\371BPh\250\221\375\305Y\214k#b\214\226"
 359      BAC4F942 
 359      5068A891 
 359      FDC5598C 
 359      6B23628C 
 360 0a00 F8487237 		.ascii	"\370Hr7[\254\241\221^\357\276\377\327y\341aa\202\301"
 360      5BACA191 
 360      5EEFBEFF 
 360      D779E161 
 360      6182C1
 361 0a13 6CDE101D 		.ascii	"l\336\020\035k\015{\303l\375\265q\203%\336\030\035\033"
 361      6B0D7BC3 
 361      6CFDB571 
 361      8325DE18 
 361      1D1B
 362 0a25 19B3614D 		.ascii	"\031\263aM\22416\352\3371\321\3774\256\213\210\\\033"
 362      943136EA 
 362      DF31D1FF 
 362      34AE8B88 
ARM GAS  /tmp/ccZPkfRR.s 			page 28


 362      5C1B
 363 0a37 1D1B6534 		.ascii	"\035\033e4\257\211\372(bC\214\325l\375d}\224%t\255\340"
 363      AF89FA28 
 363      62438CD5 
 363      6CFD647D 
 363      942574AD 
 364 0a4c 250F9B3F 		.ascii	"%\017\233?\3350\313'\026#\030Z\003\030\300z\203j\215"
 364      DD30CB27 
 364      1623185A 
 364      0318C07A 
 364      836A8D
 365 0a5f 5E1765B6 		.ascii	"^\027e\266\316S;\025ou\017\213\\K\372\001\352a\261\256"
 365      CE533B15 
 365      6F750F8B 
 365      5C4BFA01 
 365      EA61B1AE 
 366 0a73 888DB6FE 		.ascii	"\210\215\266\376\374E\316\013\276\026\353*kD\274uIL"
 366      FC45CE0B 
 366      BE16EB2A 
 366      6B44BC75 
 366      494C
 367 0a85 44FC3A1F 		.ascii	"D\374:\037\242\304\255\247\317\006x\216\262\312\217"
 367      A2C4ADA7 
 367      CF06788E 
 367      B2CA8F
 368 0a94 EFF2475F 		.ascii	"\357\362G_\372\030\036\267!\326\032\025\037\000\006"
 368      FA181EB7 
 368      21D61A15 
 368      1F0006
 369 0aa3 2CB47949 		.ascii	",\264yI\2445\372\343(\275\371\235\270\270\030 1\307"
 369      A435FAE3 
 369      28BDF99D 
 369      B8B81820 
 369      31C7
 370 0ab5 C4AC3147 		.ascii	"\304\2541G\203\355\305Z\333\353\343\342\255\026\343"
 370      83EDC55A 
 370      DBEBE3E2 
 370      AD16E3
 371 0ac4 AAD52B17 		.ascii	"\252\325+\027/2\276\367\336R\343\352\025+?\016\343\336"
 371      2F32BEF7 
 371      DE52E3EA 
 371      152B3F0E 
 371      E3DE
 372 0ad6 9051E0B6 		.ascii	"\220Q\340\266><|\245i1O\346\342Ef\253\227\374 ~`\322"
 372      3E3C7CA5 
 372      69314FE6 
 372      E24566AB 
 372      97FC207E 
 373 0aec 2D5DB9C4 		.ascii	"-]\271\304\204\227\206\233t\357,]m\302\341\341&l\002"
 373      8497869B 
 373      74EF2C5D 
 373      6DC2E1E1 
 373      266C02
 374 0aff 596232E1 		.ascii	"Yb2\341?\257\012\307\341\357\257\326\205\207/3Q\216"
 374      3FAF0AC7 
 374      E1EFAFD6 
 374      85872F33 
ARM GAS  /tmp/ccZPkfRR.s 			page 29


 374      518E
 375 0b11 45F4370C 		.ascii	"E\3647\014/{\327$\256\202\221+\226\231t\253V\002:\334"
 375      2F7BD724 
 375      AE82912B 
 375      969974AB 
 375      56023ADC 
 376 0b25 B408240C 		.ascii	"\264\010$\014\220\1773-\372q\036Z\254\353\210\007\321"
 376      907F332D 
 376      FA711E5A 
 376      ACEB8807 
 376      D1
 377 0b36 EBC0411F 		.ascii	"\353\300A\037\267b\266\006\362`-$\207\346\010\222\013"
 377      B762B606 
 377      F2602D24 
 377      87E60892 
 377      0B
 378 0b47 3FB3F9A3 		.ascii	"?\263\371\243\015\261\221fs\350o\177\367\233\305^\262"
 378      0DB19166 
 378      73E86F7F 
 378      F79BC55E 
 378      B2
 379 0b58 A68B5C1B 		.ascii	"\246\213\\\033\021\377\0237<n=C\317\222[\242\246\031"
 379      11FF1337 
 379      3C6E3D43 
 379      CF925BA2 
 379      A619
 380 0b6a FEC642B9 		.ascii	"\376\306B\271\373_\323v\277\036\250\352\216dE\231#\247"
 380      FB5FD376 
 380      BF1EA8EA 
 380      8E644599 
 380      23A7
 381 0b7c DFC20698 		.ascii	"\337\302\006\230#hm\376\013\276\004\365\205"
 381      23686DFE 
 381      0BBE04F5 
 381      85
 382              		.text
 383              		.section	.gnu.lto_.symtab.90682def442db8f0,"",%progbits
 384 0000 7374496E 		.ascii	"stInit\000"
 384      697400
 385 0007 00       		.ascii	"\000"
 386 0008 00       		.ascii	"\000"
 387 0009 00       		.ascii	"\000"
 388 000a 00000000 		.ascii	"\000\000\000\000\000\000\000\000"
 388      00000000 
 389 0012 C6000000 		.ascii	"\306\000\000\000"
 390 0016 73745374 		.ascii	"stStartAlarm\000"
 390      61727441 
 390      6C61726D 
 390      00
 391 0023 00       		.ascii	"\000"
 392 0024 00       		.ascii	"\000"
 393 0025 00       		.ascii	"\000"
 394 0026 00000000 		.ascii	"\000\000\000\000\000\000\000\000"
 394      00000000 
 395 002e CA000000 		.ascii	"\312\000\000\000"
 396 0032 73745374 		.ascii	"stStopAlarm\000"
 396      6F70416C 
ARM GAS  /tmp/ccZPkfRR.s 			page 30


 396      61726D00 
 397 003e 00       		.ascii	"\000"
 398 003f 00       		.ascii	"\000"
 399 0040 00       		.ascii	"\000"
 400 0041 00000000 		.ascii	"\000\000\000\000\000\000\000\000"
 400      00000000 
 401 0049 CC000000 		.ascii	"\314\000\000\000"
 402 004d 73745365 		.ascii	"stSetAlarm\000"
 402      74416C61 
 402      726D00
 403 0058 00       		.ascii	"\000"
 404 0059 00       		.ascii	"\000"
 405 005a 00       		.ascii	"\000"
 406 005b 00000000 		.ascii	"\000\000\000\000\000\000\000\000"
 406      00000000 
 407 0063 CE000000 		.ascii	"\316\000\000\000"
 408 0067 73744765 		.ascii	"stGetAlarm\000"
 408      74416C61 
 408      726D00
 409 0072 00       		.ascii	"\000"
 410 0073 00       		.ascii	"\000"
 411 0074 00       		.ascii	"\000"
 412 0075 00000000 		.ascii	"\000\000\000\000\000\000\000\000"
 412      00000000 
 413 007d D1000000 		.ascii	"\321\000\000\000"
 414 0081 73744765 		.ascii	"stGetCounter\000"
 414      74436F75 
 414      6E746572 
 414      00
 415 008e 00       		.ascii	"\000"
 416 008f 00       		.ascii	"\000"
 417 0090 00       		.ascii	"\000"
 418 0091 00000000 		.ascii	"\000\000\000\000\000\000\000\000"
 418      00000000 
 419 0099 D3000000 		.ascii	"\323\000\000\000"
 420 009d 73744973 		.ascii	"stIsAlarmActive\000"
 420      416C6172 
 420      6D416374 
 420      69766500 
 421 00ad 00       		.ascii	"\000"
 422 00ae 00       		.ascii	"\000"
 423 00af 00       		.ascii	"\000"
 424 00b0 00000000 		.ascii	"\000\000\000\000\000\000\000\000"
 424      00000000 
 425 00b8 DB000000 		.ascii	"\333\000\000\000"
 426 00bc 73745F6C 		.ascii	"st_lld_init\000"
 426      6C645F69 
 426      6E697400 
 427 00c8 00       		.ascii	"\000"
 428 00c9 02       		.ascii	"\002"
 429 00ca 00       		.ascii	"\000"
 430 00cb 00000000 		.ascii	"\000\000\000\000\000\000\000\000"
 430      00000000 
 431 00d3 DD000000 		.ascii	"\335\000\000\000"
 432              		.text
 433              		.section	.gnu.lto_.opts,"",%progbits
 434 0000 272D666D 		.ascii	"'-fmath-errno' '-fsigned-zeros' '-ftrapping-math' '"
ARM GAS  /tmp/ccZPkfRR.s 			page 31


 434      6174682D 
 434      6572726E 
 434      6F272027 
 434      2D667369 
 435 0033 2D666E6F 		.ascii	"-fno-trapv' '-fno-openmp' '-fno-openacc' '-mcpu=cor"
 435      2D747261 
 435      70762720 
 435      272D666E 
 435      6F2D6F70 
 436 0066 7465782D 		.ascii	"tex-m3' '-mthumb' '-O2' '-fomit-frame-pointer' '-fa"
 436      6D332720 
 436      272D6D74 
 436      68756D62 
 436      2720272D 
 437 0099 6C69676E 		.ascii	"lign-functions=16' '-ffunction-sections' '-fdata-se"
 437      2D66756E 
 437      6374696F 
 437      6E733D31 
 437      36272027 
 438 00cc 6374696F 		.ascii	"ctions' '-fno-common' '-flto'\000"
 438      6E732720 
 438      272D666E 
 438      6F2D636F 
 438      6D6D6F6E 
 439              		.text
 440              		.comm	__gnu_lto_v1,1,1
 441              		.comm	__gnu_lto_slim,1,1
 442              		.ident	"GCC: (15:7-2018-q2-6) 7.3.1 20180622 (release) [ARM/embedded-7-branch revision 261907]"
ARM GAS  /tmp/ccZPkfRR.s 			page 32


DEFINED SYMBOLS
                            *ABS*:0000000000000000 hal_st.c
                            *COM*:0000000000000001 __gnu_lto_v1
                            *COM*:0000000000000001 __gnu_lto_slim

NO UNDEFINED SYMBOLS
