ARM GAS  /tmp/cckAKFEr.s 			page 1


   1              		.cpu cortex-m3
   2              		.eabi_attribute 20, 1
   3              		.eabi_attribute 21, 1
   4              		.eabi_attribute 23, 3
   5              		.eabi_attribute 24, 1
   6              		.eabi_attribute 25, 1
   7              		.eabi_attribute 26, 1
   8              		.eabi_attribute 30, 2
   9              		.eabi_attribute 34, 1
  10              		.eabi_attribute 18, 4
  11              		.file	"memstreams.c"
  12              		.section	.gnu.lto_.profile.21bb8c6b6f6d3239,"",%progbits
  13 0000 789C6363 		.ascii	"x\234cc```\001bF\206\000K\000\001Q\000\225"
  13      60606001 
  13      62468600 
  13      4B000151 
  13      0095
  14              		.text
  15              		.section	.gnu.lto_.icf.21bb8c6b6f6d3239,"",%progbits
  16 0000 789C6363 		.ascii	"x\234cc``Pc@\0006\206\307w\227\277\342a\\\177\365\330"
  16      60605063 
  16      40003686 
  16      C77797BF 
  16      E2615C7F 
  17 0016 446EA6D9 		.ascii	"Dn\246\331S\037\375\340f\006\223,[\236u.cc]\373\373"
  17      531FFDE0 
  17      6606932C 
  17      5B9E752E 
  17      63635DFB 
  18 002b E7172E06 		.ascii	"\347\027.\006\000u|\023\035"
  18      00757C13 
  18      1D
  19              		.text
  20              		.section	.gnu.lto_.jmpfuncs.21bb8c6b6f6d3239,"",%progbits
  21 0000 789C8D4E 		.ascii	"x\234\215NA\012\2000\014K\332n\036\367^O\373\310^\342"
  21      410A8030 
  21      0C4BDA6E 
  21      1EF75E4F 
  21      FBC85EE2 
  22 0014 C99FB946 		.ascii	"\311\237\271F\004\305\203\030\010M\240\011\251\0006"
  22      04C58318 
  22      084DA009 
  22      A90036
  23 0023 DC2830D2 		.ascii	"\334(0\322\373p$)H\233\344\"\305\341\226\327\253\255"
  23      FB702429 
  23      489BE422 
  23      C5E196D7 
  23      ABAD
  24 0035 24B80791 		.ascii	"$\270\007\221<\022-\323\337\336\237-q\266\274_~\264"
  24      3C122DD3 
  24      DFDE9F2D 
  24      71B6BC5F 
  24      7EB4
  25 0047 466855CB 		.ascii	"FhU\313x\351\327\030\021\023\360\01519"
  25      78E9D718 
  25      1113F00D 
  25      3139
ARM GAS  /tmp/cckAKFEr.s 			page 2


  26              		.text
  27              		.section	.gnu.lto_.inline.21bb8c6b6f6d3239,"",%progbits
  28 0000 789C6363 		.ascii	"x\234cc``hdd\200\003V\006\006^\036Ff\006\005F\006f\007"
  28      60606864 
  28      64800356 
  28      06065E1E 
  28      46660605 
  29 0018 30990026 		.ascii	"0\231\000&\025\270\330\326\3511p\334\322cb`|\301\316"
  29      15B8D8D6 
  29      E93170DC 
  29      D2636260 
  29      7CC1CE
  30 002b 02214104 		.ascii	"\002!A\004\007\230\311\301\300\262@\236\207\201\361"
  30      0798C9C1 
  30      C0B2409E 
  30      8781F1
  31 003a 2EBB0013 		.ascii	".\273\000\023\230d`\332\305/\0012\220\221\201\207\033"
  31      986460DA 
  31      C52F0132 
  31      90918187 
  31      1B
  32 004b 6A1EC4A4 		.ascii	"j\036\304\244\006F\250\201\314\323\305\031\330\377\252"
  32      0646A881 
  32      CCD3C519 
  32      D8FFAA
  33 005a 61319079 		.ascii	"a1\220y\2218n\003\231\030\004%\031YP\014dR\000\371\000"
  33      91386E03 
  33      99180425 
  33      1959500C 
  33      645200F9 
  34 006f 6C2A3750 		.ascii	"l*7P\033\003\307\007\234\316d\272\300\317\0032Z\006"
  34      1B03C707 
  34      9CCE64BA 
  34      C0CF0332 
  34      5A06
  35 0081 C455000B 		.ascii	"\304U\000\013*\200\0045@F\263\360200O\360\003Af\204"
  35      2A800435 
  35      4046B3F0 
  35      3230304F 
  35      F0034166 
  36 0096 2DD060A0 		.ascii	"-\320`\240\201%,\014\034\354\214\014L\254\035\352\014"
  36      81252C0C 
  36      1CEC8C0C 
  36      4CAC1DEA 
  36      0C
  37 00a7 DC2BDC98 		.ascii	"\334+\334\230\300\021\000\000I\0135\372"
  37      C0110000 
  37      490B35FA 
  38              		.text
  39              		.section	.gnu.lto_.pureconst.21bb8c6b6f6d3239,"",%progbits
  40 0000 789C6363 		.ascii	"x\234cc``\340\006bV\006)F)&)f)\026)\000\004\023\000"
  40      6060E006 
  40      62560629 
  40      46292629 
  40      66291629 
  41 0018 A3       		.ascii	"\243"
  42              		.text
ARM GAS  /tmp/cckAKFEr.s 			page 3


  43              		.section	.gnu.lto__put.21bb8c6b6f6d3239,"",%progbits
  44 0000 789C9552 		.ascii	"x\234\225R\337K\024Q\024\276\337\234\331\031W\315\250"
  44      DF4B1451 
  44      14BEDF9C 
  44      D91957CD 
  44      A8
  45 0011 A71EF6C1 		.ascii	"\247\036\366\301\207D\026j\247\310\036\373cT\204\004"
  45      8744166A 
  45      A7C81EFB 
  45      63548404 
  46 0021 97A4ED39 		.ascii	"\227\244\3559\257\256i\226\204Pn\272\014\262$R\024Q"
  46      AFAE6996 
  46      84506EBA 
  46      0CB22452 
  46      1451
  47 0033 E26A655A 		.ascii	"\342jeZ\223\232\371k\313JA|\360\241p)\373ET>Z\347\314"
  47      939AF96B 
  47      CB4A417C 
  47      F0A17029 
  47      FB45543E 
  48 004a 6C68F4A2 		.ascii	"lh\364\242\303\356\231{\317\234\363}\337\371\356\265"
  48      C3EE997B 
  48      CF9CF37D 
  48      DFF9EEB5 
  49 005a 94525F48 		.ascii	"\224R_H\251*~\237\344?B\012F\327K\245\232\213\014\303"
  49      A92A7E9F 
  49      E43F420A 
  49      46D74BA5 
  49      9A8B0CC3 
  50 006e FCA0942E 		.ascii	"\374\240\224.\246[9~\225\022\314 o\002\262\320EPM\006"
  50      A65B397E 
  50      9512CC20 
  50      6F02B2D0 
  50      45504D06 
  51 0082 99684227 		.ascii	"\231hB']#\274n\275\357\322erI\301\344\355\367\\\372"
  51      5D23BC6E 
  51      BDEFD265 
  51      7249C1E4 
  51      EDF75CFA 
  52 0096 7D996C81 		.ascii	"}\231l\201r\336\016\214'\307\020\275\251\371\361\256"
  52      72DE0E8C 
  52      27C710BD 
  52      A9F9F1AE 
  53 00a6 A7ACBEEC 		.ascii	"\247\254\276\354\242\016\273d\250\024\227g\021\301\020"
  53      A20EBB64 
  53      A8149767 
  53      11C110
  54 00b5 22C23E8C 		.ascii	"\"\302>\214(\027\277\315-w\331t\004\212\327W\177}\362"
  54      2817BFCD 
  54      2D77D974 
  54      048AD757 
  54      7F7DF2
  55 00c8 8CCA01AD 		.ascii	"\214\312\001\255[\264\267\320O\372\260K\204\021\320"
  55      5BB4B7D0 
  55      4FFAB04B 
  55      8411D0
  56 00d7 CE464E29 		.ascii	"\316FN)<@%\227\273m\267\327\211\034\277u~sf\352o\353"
ARM GAS  /tmp/cckAKFEr.s 			page 4


  56      3C402597 
  56      BB6DB7D7 
  56      891CBF75 
  56      7E7366EA 
  57 00ed E756D2A5 		.ascii	"\347V\322\245.\253}\030\264\236\210\340\2304\232\012"
  57      2EAB7D18 
  57      B49E88E0 
  57      98349A0A 
  58 00fd 8F5029D5 		.ascii	"\217P)\325?\276-\317\207\351\270\337yg$;WZ\321\357w"
  58      3FBE2DCF 
  58      87E9B8DF 
  58      7967243B 
  58      575AD1EF 
  59 0112 E67B0EDE 		.ascii	"\346{\016\336H\352\031m\272\024\302\350\277\304\362"
  59      48EA196D 
  59      BA14C2E8 
  59      BFC4F2
  60 0121 70F9BBC1 		.ascii	"p\371\273\301\255\356}\226\211\307\250\220\201x\216"
  60      ADEE7D96 
  60      89C7A890 
  60      81788E
  61 0130 31580ABC 		.ascii	"1X\012\274\270\367&\344\351\255\337\355\332[;\264\362"
  61      B8F726E4 
  61      E9ADDFED 
  61      DA5B3BB4 
  61      F2
  62 0141 3377A00C 		.ascii	"3w\240\014\314i\031\022\210\203mJ\010\311\326\222`s"
  62      CC691912 
  62      88836D4A 
  62      08C9D692 
  62      6073
  63 0153 30C29059 		.ascii	"0\302\220YJ\340\013S\027\031\217\355\326\236\352`\273"
  63      4AE00B53 
  63      17198FED 
  63      D69EEA60 
  63      BB
  64 0164 7895F454 		.ascii	"x\225\364T\036-\231\241\316\250\260\010g\232\302j\003"
  64      1E2D99A1 
  64      CEA8B008 
  64      679AC26A 
  64      03
  65 0175 2DA31FAF 		.ascii	"-\243\037\257LZ\222K\023XT\352\302\304+[\016 \344\217"
  65      4C5A924B 
  65      135854EA 
  65      C2C42B5B 
  65      0E20E48F 
  66 0189 3436919B 		.ascii	"46\221\233\2662\350k\346\023(w\251\210\2330.#\360\267"
  66      B632E86B 
  66      E6132877 
  66      A9889B30 
  66      2E23F0B7 
  67 019d A5F695B5 		.ascii	"\245\366\225\265\022\347\256\016>\205\361\004\031t\313"
  67      12E7AE0E 
  67      3E85F104 
  67      1974CB
  68 01ac 1C0A4FE1 		.ascii	"\034\012O\341\370\330\263\261\000\331\330#\224\347C"
  68      F8D8B3B1 
ARM GAS  /tmp/cckAKFEr.s 			page 5


  68      00D9D823 
  68      94E743
  69 01bb 891578C6 		.ascii	"\211\025x\306P\353h]\235\254*\210d4\337\301\016>>\276"
  69      50EB685D 
  69      9DAC2A88 
  69      6434DFC1 
  69      0E3E3EBE 
  70 01cf 633C983F 		.ascii	"c<\230?EO\2620\005\355\211\313\306\204\317%\230\230"
  70      454FB230 
  70      05ED89CB 
  70      C684CF25 
  70      9898
  71 01e1 F46527DD 		.ascii	"\364e'\335\266\336P\200e2\234\3601Cz\366\224\344vZd"
  71      B6DE5080 
  71      65329CF0 
  71      31437AF6 
  71      94E4765A 
  72 01f6 FF6751A6 		.ascii	"\377gQ\246\314\225\036\023SB\206\347\014\235\246\222"
  72      CC951E13 
  72      534286E7 
  72      0C9DA692 
  73 0206 40606FD2 		.ascii	"@`o\322\016@C\273\022xT|\230\336\366\341E\240-\325\206"
  73      0E4043BB 
  73      1278547C 
  73      98DEF6E1 
  73      45A02DD5 
  74 021b 00A50034 		.ascii	"\000\245\0004\334\2760X,b\370\3741\303\010\314\265t"
  74      DCBE3058 
  74      2C62F8FC 
  74      31C308CC 
  74      B574
  75 022d 0905A9BB 		.ascii	"\011\005\251\273\244\231\335\246\231\203\303\330\276"
  75      A499DDA6 
  75      9983C3D8 
  75      BE
  76 023a BD66E1DE 		.ascii	"\275f\341\336|\205\241\322dsn\02367\346\335\354\364"
  76      7C85A1D2 
  76      64736E13 
  76      3637E6DD 
  76      ECF4
  77 024c 7EA13470 		.ascii	"~\2414p\036\363\210\030\033\265;]1\240\260\200\010\255"
  77      1EF38818 
  77      1BB53B5D 
  77      31A0B080 
  77      08AD
  78 025e E617C1F7 		.ascii	"\346\027\301\367\020\202\302\356Fc1'\370\235I8\247\253"
  78      1082C2EE 
  78      46633127 
  78      F89D4938 
  78      A7AB
  79 0270 1B9C86FA 		.ascii	"\033\234\206\372\032'q\356l]u<\341\304\353\342\205e"
  79      1A2771EE 
  79      6C5D753C 
  79      E1C4EBE2 
  79      8565
  80 0282 AC5619F5 		.ascii	"\254V\031\365\215\250\241x\242\361\017\240\036L\177"
  80      8DA8A178 
ARM GAS  /tmp/cckAKFEr.s 			page 6


  80      A2F10FA0 
  80      1E4C7F
  81              		.text
  82              		.section	.gnu.lto__get.21bb8c6b6f6d3239,"",%progbits
  83 0000 789C9552 		.ascii	"x\234\225R]KTQ\024=\353\236;w>\032\213z\020\202!|Hd"
  83      5D4B5451 
  83      143DEB9E 
  83      3B773E1A 
  83      8B7A1082 
  84 0018 20BD81F6 		.ascii	" \275\201\366cz\324\020\024\034\222\246\307\3103\216"
  84      637AD410 
  84      141C92A6 
  84      C7C8338E 
  85 0028 39693E08 		.ascii	"9i>\010\346\224\303E\206D\372\220(i\306j\374\272i\232"
  85      E694C345 
  85      8644FA90 
  85      2869C66A 
  85      FCBA699A 
  86 003c 9653564A 		.ascii	"\226SVJ%\024Q(\245`T\344S\214\355}\357PF/y\2309\037"
  86      25145128 
  86      A56054E4 
  86      538CED7D 
  86      EF50462F 
  87 0054 FBEEB5D6 		.ascii	"\373\356\265\326\336\353\034C\0101#\205\250\241\365"
  87      DEEB1C43 
  87      08312385 
  87      A8A1F5
  88 0063 18FDE111 		.ascii	"\030\375\341\021\320\272\237\012\021\363i\232\376I\010"
  88      D0BA9F0A 
  88      11F3699A 
  88      FE4908
  89 0072 1590D7F2 		.ascii	"\025\220\327\362\264\004%t7\256\003\274Q>\210\026M\352"
  89      B4042574 
  89      37AE03BC 
  89      513E8816 
  89      4DEA
  90 0084 684197BC 		.ascii	"hA\227\274(\361\274\355\266%/HK\012\350t\374\232O}\334"
  90      28F1BCED 
  90      B6252F48 
  90      4B0AE874 
  90      FC9A4F7D 
  91 0099 CB47A08C 		.ascii	"\313G\240\214\216\203\343\3611\204\257*\032\366\245"
  91      8E83E3F1 
  91      3184AF2A 
  91      1AF6A5
  92 00a8 9CD19F59 		.ascii	"\234\321\237YT~Kj\"I\351\031\204p\007!V\317\"L\311/"
  92      547E4B6A 
  92      2249E919 
  92      84700721 
  92      56CF224C 
  93 00be F3CBDD5E 		.ascii	"\363\313\335^y\004\202\366=?6l\255bP\251Ve/\014Hu\330"
  93      790482F6 
  93      3D3F366C 
  93      AD6250A9 
  93      56652F0C 
  94 00d5 92122390 		.ascii	"\222\022#\220;\201\024\022\270\213\012\316\377\376e"
  94      3B811412 
ARM GAS  /tmp/cckAKFEr.s 			page 7


  94      B88B0ACE 
  94      FFFE65
  95 00e4 F9895F9A 		.ascii	"\371\211_\232\016vh$\3638X>\340`\013}\007\256\304\325"
  95      0E766824 
  95      F338583E 
  95      E0600B7D 
  95      07AEC4D5 
  96 00f8 9CD22D2A 		.ascii	"\234\322-*\371\336\337x\036\224n\265\337X\225\262\332"
  96      F9DEDF78 
  96      1E946EB5 
  96      DF5895B2 
  96      DA
  97 0109 814EF4A4 		.ascii	"\201N\364\244'\365\"t\253\2574\026W\227\031\352A\316"
  97      27F52274 
  97      ABAF3416 
  97      579719EA 
  97      41CE
  98 011b 85568770 		.ascii	"\205V\207p\3647\360\303p\241\267\304\3201\212r\334G"
  98      F437F0C3 
  98      70A1B7C4 
  98      D0318A72 
  98      DC47
  99 012d 393745BD 		.ascii	"97E\275\214\301\020\240\225\303\267^xlU\330N({\363\340"
  99      8CC110A0 
  99      95C3B75E 
  99      786C55D8 
  99      4E287BF3 
 100 0142 78E6D5FE 		.ascii	"x\346\325\376\022P\321\206\306\223\244\311\253\363\344"
 100      1250D186 
 100      C693A4C9 
 100      ABF3E4
 101 0151 E1A34193 		.ascii	"\341\243A\223\346\003\267\023\020\014\015r@\210\363"
 101      E603B713 
 101      100C0D72 
 101      4088F3
 102 0160 C449B62B 		.ascii	"\304I\266+[t\320\221vq[\254\2415\275\335\025f%\326M"
 102      5B74D091 
 102      76715BAC 
 102      A135BDDD 
 102      156625D6 
 103 0175 499F5847 		.ascii	"I\237XGk\356\363\365i\203c)\011*.yn\352\231\227/Bw\032"
 103      6BEEF3F5 
 103      69836329 
 103      092A2E79 
 103      6EEA9997 
 104 018d 1B9BCACF 		.ascii	"\033\233\312\317\032i\364\307\350&\312,\351#\020\306"
 104      1A69F4C7 
 104      E826CA2C 
 104      E92310C6 
 105 019d D903FAB6 		.ascii	"\331\003\372\266\224x\375n\217yS\271\237\374\230@\032"
 105      9478FD6E 
 105      8F7953B9 
 105      9FFC9840 
 105      1A
 106 01ae BDDC8BC0 		.ascii	"\275\334\213\300$L\207{\276\322e\326vIe;T`\252\007D"
 106      244C877B 
 106      BED265D6 
ARM GAS  /tmp/cckAKFEr.s 			page 8


 106      7649653B 
 106      5460AA07 
 107 01c3 B58AB695 		.ascii	"\265\212\266\225\351\232b\221)\356\217F\007]#\2755j"
 107      E99A6291 
 107      29EE8F46 
 107      075D23BD 
 107      356A
 108 01d5 CCE96228 		.ascii	"\314\351b(\356u\023\344\256\264\274\230r\264\230\023"
 108      EE7513E4 
 108      AEB4BC98 
 108      72B49813 
 109 01e5 D34ED971 		.ascii	"\323N\331q\253\375\215\307\345\322\211\216\365H\341"
 109      ABFD8DC7 
 109      E5D2898E 
 109      F548E1
 110 01f4 67E77137 		.ascii	"g\347q7\026\330\351\222\367\037\227\322\207\350\336"
 110      16D8E992 
 110      F71F97D2 
 110      87E8DE
 111 0203 098987AC 		.ascii	"\011\211\207\254\207\031bw\234/u|\037e\337\003,\222"
 111      87196277 
 111      9C2F757C 
 111      1F65DF03 
 111      2C92
 112 0215 6CCF67CF 		.ascii	"l\317g\317\270\214\036\327\240lba8\300\244~\000\263"
 112      B88C1ED7 
 112      A06C6261 
 112      38C0A47E 
 112      00B3
 113 0227 8426D5A5 		.ascii	"\204&\325\245Np\316\177\265T\311\310G\177\234\233\203"
 113      4E70CE7F 
 113      B554C9C8 
 113      477F9C9B 
 113      83
 114 0238 49DCCCF2 		.ascii	"I\334\314\362-\3616\333\340j\005Y\236\315\323\213\257"
 114      2DF136DB 
 114      E06A0559 
 114      9ECDD38B 
 114      AF
 115 0249 62139A48 		.ascii	"b\023\232HI\203b[\216\316\232\225\231\335\307Uh8\213"
 115      4983625B 
 115      8ECE9A95 
 115      99DDC755 
 115      68388B
 116 025c 7984B495 		.ascii	"y\204\264\225\365\367\344yP\3466\026A\357\012\214#\267"
 116      F5F7E479 
 116      50E63616 
 116      41EF0A8C 
 116      23B7
 117 026e C25555A6 		.ascii	"\302UU\246\373;\0315\033j\233\314\246\306:3z\372T}m"
 117      FB3B1935 
 117      1B6A9BCC 
 117      A6C63A33 
 117      7AFA547D 
 118 0283 246A46EA 		.ascii	"$jF\352#\305m\325\011\24156\313H\264\031u\277\000\277"
 118      23C56DD5 
 118      09A13536 
ARM GAS  /tmp/cckAKFEr.s 			page 9


 118      CB48B419 
 118      75BF00BF 
 119 0297 D14286   		.ascii	"\321B\206"
 120              		.text
 121              		.section	.gnu.lto__reads.21bb8c6b6f6d3239,"",%progbits
 122 0000 789C9552 		.ascii	"x\234\225R\337KTA\024\236o\346\376\332\334\354=|\020"
 122      DF4B5441 
 122      149E6FE6 
 122      FEDADCEC 
 122      3D7C10
 123 0013 4A44492F 		.ascii	"JDI/\304B\017Q\317=\367\037h\010\011nI\333\373\216\277"
 123      C4420F51 
 123      CF3DF71F 
 123      6808096E 
 123      49DBFB8E 
 124 0028 D64C1F8C 		.ascii	"\326L\037\214t\225\345\022\033\213JDTd\226fu\323\262"
 124      7495E512 
 124      1B8B4A44 
 124      54649666 
 124      75D3B2
 125 003b D4342A8D 		.ascii	"\3244*\215 (0+J1*\312\240\\;3w\323\362I/{g\317\2349"
 125      2028302B 
 125      4A312ACA 
 125      A05C3B33 
 125      77D3F249 
 126 0055 DF37DFF9 		.ascii	"\3377\337\371\316\265\030c\245\006c\373\350?B/L\006"
 126      CEB51863 
 126      A50663FB 
 126      E83F422F 
 126      4C06
 127 0067 DE3ECD58 		.ascii	"\336>\315X\235\303\271\350.er\233\361s\027\223a\001"
 127      9DC3B9E8 
 127      2E65729B 
 127      F1731793 
 127      6101
 128 0079 23481B80 		.ascii	"#H\033\200\012\244\003\026\347\302@\034m\242C\340i\343"
 128      0AA40316 
 128      E7C2401C 
 128      6DA243E0 
 128      69E3
 129 008b 154FB40A 		.ascii	"\025O\264\012O0\030\264\3752\225z\233\257\266@!m\027"
 129      4F3018B4 
 129      FD32957A 
 129      9BAFB640 
 129      216D17
 130 009e 97C6FAC3 		.ascii	"\227\306\372\303%}R\326K\277\353\353\201\363\015M\207"
 130      257D52D6 
 130      4BBFEBEB 
 130      81F30D4D 
 130      87
 131 00af 3CC15992 		.ascii	"<\301Y\222\252\373Q\200k(Pw_G\011\325>\237\232m\267"
 131      AAFB5180 
 131      6B285077 
 131      5F4709D5 
 131      3E9F9A6D 
 132 00c4 C51E308A 		.ascii	"\305\0360\212\317~_\360yq\217\306\315g\204\334\355\011"
 132      CF7E5FF0 
ARM GAS  /tmp/cckAKFEr.s 			page 10


 132      79718FC6 
 132      CD6784DC 
 132      ED09
 133 00d6 8101887F 		.ascii	"\201\001\210\177\201\224b\270\201b*\377\325:\233\014"
 133      819462B8 
 133      81622AFF 
 133      D53A9B0C 
 134 00e6 095743CF 		.ascii	"\011WC\317|\350\313\"\007}\334\243\241\006nn\204\032"
 134      7CE8CB22 
 134      077DDCA3 
 134      A1066E6E 
 134      841A
 135 00f8 0C831ABA 		.ascii	"\014\203\032\272\";\222\371b\257\206\316Of\332\355\277"
 135      223B92F9 
 135      62AF86CE 
 135      4F66DAED 
 135      BF
 136 0109 B7F66A28 		.ascii	"\267\366j(\307\320F(g\270\205bU\377\355\363\354dHD4"
 136      C7D04628 
 136      67B88562 
 136      55FFEDF3 
 136      EC644844 
 137 011e F6E240FF 		.ascii	"\366\342@\377D\270(\243\261/\272\314\224\364\033\013"
 137      44B828A3 
 137      B12FBACC 
 137      94F41B0B 
 138 012e 3D6162F8 		.ascii	"=ab\370\177\270z\250z\356j\266s\273e\3406\212\224\031"
 138      7FB87AA8 
 138      7AEE6AB6 
 138      73BB65E0 
 138      368A9419 
 139 0142 E4C11D58 		.ascii	"\344\301\035X\014\024\\~f\3722\273\332,\375\351e\364"
 139      0C145C7E 
 139      66FA32BB 
 139      DA2CFDE9 
 139      65F4
 140 0154 F6B56107 		.ascii	"\366\265a\007\350N\213\253E\250\305P\352M\265Xjk\253"
 140      E84E8BAB 
 140      45A8C550 
 140      EA4DB558 
 140      6A6BAB
 141 0167 C5D19242 		.ascii	"\305\321\222BPv\344A\305a\250\376\030;E\34446\351\263"
 141      5076E441 
 141      C561A8FE 
 141      183B45E4 
 141      3436E9B3 
 142 017b 16124E51 		.ascii	"\026\022NQ\203\317\336\243>\2750\311\325\225J@J\204"
 142      83CFDEA3 
 142      3EBD30C9 
 142      D5954A40 
 142      4A84
 143 018d D827D40F 		.ascii	"\330'\324\017}\374\035Q\251\224\000\011L6\215<\261\325"
 143      7DFC1D51 
 143      A9940009 
 143      4C368D3C 
 143      B1D5
 144 019f 1C4DDDDD 		.ascii	"\034M\335\335\360\310\324\230\225\306\271:)%\265e\023"
ARM GAS  /tmp/cckAKFEr.s 			page 11


 144      F0C8D498 
 144      95C6B93A 
 144      2925B565 
 144      13
 145 01b0 0677553B 		.ascii	"\006wU;t6\323\374\362u\236{I\006G\034>\322\350T=1\334"
 145      7436D3FC 
 145      F2759E7B 
 145      4906471C 
 145      3ED2E854 
 146 01c7 83ABA9C7 		.ascii	"\203\253\251\307\313\002f\276E\252\021M\245l\301\250"
 146      CB0266BE 
 146      45AA114D 
 146      A56CC1A8 
 147 01d7 A66AE84E 		.ascii	"\246j\350N\264\230\001\227 \241\304\310\336\241qz4\262"
 147      B4980197 
 147      20A1C4C8 
 147      DEA1717A 
 147      34B2
 148 01e9 96CBD316 		.ascii	"\226\313\323\026\267\320\267\321]\232\353uy\277n\225"
 148      B7D0B7D1 
 148      5D9AEB75 
 148      79BF6E95 
 149 01f9 5CA10A7D 		.ascii	"\\\241\012}h\2549\021\0143%\234\300\202\354\341\200"
 149      68AC3911 
 149      0C33259C 
 149      C082ECE1 
 149      80
 150 020a C8D89250 		.ascii	"\310\330\222P\003\367\265P\256\204>\010\204z\211\013"
 150      03F7B550 
 150      AE843E08 
 150      847A890B 
 151 021a 76C06512 		.ascii	"v\300e\022\235\022\272\210D:_\317\231\010\006\007\027"
 151      9D12BA88 
 151      443A5FCF 
 151      99080607 
 151      17
 152 022b 5FD9F115 		.ascii	"_\331\361\025\351x\302I\252\0161\2068K\211\260\256\247"
 152      E978C249 
 152      AA0E3186 
 152      384B89B0 
 152      AEA7
 153 023d 6C6E26AB 		.ascii	"ln&\253\007\003\022kS\202\312\224i\017\327M{\024hI&"
 153      0703126B 
 153      5382CA94 
 153      690FD74D 
 153      7B146849 
 154 0252 10B010C4 		.ascii	"\020\260\020\304\312\365:sZ\3476O;\276N;\001\227\270"
 154      CAF53A73 
 154      5AE7364F 
 154      3BBE4E3B 
 154      0197B8
 155 0265 D812799B 		.ascii	"\330\022y\233i\333\031P;t\360\003\016\015\200S\033B"
 155      69DB1950 
 155      3B74F003 
 155      0E0D8053 
 155      1B42
 156 0277 0CBD11F4 		.ascii	"\014\275\021\364\361A\031M\266\224\224\227\273\301\357"
ARM GAS  /tmp/cckAKFEr.s 			page 12


 156      F141194D 
 156      B6949497 
 156      BBC1EF
 157 0286 78CC3D5A 		.ascii	"x\314=ZQ\343\326TW\272\261\223'\252*\24217Z\025\315"
 157      51E3D654 
 157      57BAB193 
 157      27AA2AA2 
 157      31375A15 
 158 029b 85E54718 		.ascii	"\205\345G\030\257\256\345\225\2658&\242\261\332?\224"
 158      AFAEE595 
 158      B53826A2 
 158      B1DA3F94 
 159 02ab 925A51   		.ascii	"\222ZQ"
 160              		.text
 161              		.section	.gnu.lto__writes.21bb8c6b6f6d3239,"",%progbits
 162 0000 789C9552 		.ascii	"x\234\225R]O\023A\024\2353\263\333mi\305?\300\003\211"
 162      5D4F1341 
 162      149D33B3 
 162      DB6D69C5 
 162      3FC00389 
 163 0014 1252A2DD 		.ascii	"\022R\242\335\3044\321h|\367o\200!\221\204*\261\276"
 163      C434D168 
 163      7CF76F80 
 163      2191842A 
 163      B1BE
 164 0026 77F82A22 		.ascii	"w\370*\">`\204\212\315\306\3244\332\007c\320\210(\037"
 164      3E60848A 
 164      CDC6D434 
 164      DA0763D0 
 164      88281F
 165 0039 C20A5805 		.ascii	"\302\012X\005\002F\201\304\250\361AE\003V\2141\032\243"
 165      024681C4 
 165      A8F14145 
 165      03568C31 
 165      1AA3
 166 004b A17A67B6 		.ascii	"\241zg\266\001\345\0116\335\333;w\3569s\356\231\365"
 166      01E50936 
 166      DDDB3B77 
 166      EE3973EE 
 166      99F5
 167 005d 31C6C206 		.ascii	"1\306\302\006c\007\351?J/L\006\336=\317X\263\237s\321"
 167      6307E93F 
 167      4A2F4C06 
 167      DE3DCF58 
 167      B39F73D1 
 168 0071 57C36499 		.ascii	"W\303d\231\361s\017\223!\001\303+\033\200J\244\037,"
 168      F1730F93 
 168      2101C32B 
 168      1B804AA4 
 168      1F2C
 169 0083 C1858104 		.ascii	"\301\205\201\004\316\213\036\201gm\267\034\321%\034"
 169      CE8B1E81 
 169      676DB71C 
 169      D1251C
 170 0092 C160D0F2 		.ascii	"\301`\320\362\353\\\372]\271Z\002\225\264,\254\345\007"
 170      EB5CFA5D 
 170      B95A0295 
ARM GAS  /tmp/cckAKFEr.s 			page 13


 170      B42CACE5 
 170      07
 171 00a3 42E19C94 		.ascii	"B\341\234\224-\322\2754v\364jk\3731Gp\226\242\356\001"
 171      2DD2BD34 
 171      76F46A6B 
 171      FB314770 
 171      96A2EE01 
 172 00b7 54E00E2A 		.ascii	"T\340\016*\324\331w\021\246\336\205\271\245nK\354\003"
 172      D4D97711 
 172      A6DE85B9 
 172      A56E4BEC 
 172      03
 173 00c8 A3FCE2F7 		.ascii	"\243\374\342\367O.\257\276\246q\205\254\220{\035!0\010"
 173      4F2EAFBE 
 173      A67185AC 
 173      907B1D21 
 173      3008
 174 00da F12F904A 		.ascii	"\361/\220J\014\367PM\355\277\273\226R\001ak\350\205"
 174      0CF7504D 
 174      EDBFBB96 
 174      5201616B 
 174      E885
 175 00ec 8FB9224A 		.ascii	"\217\271\"J\320\251\353\032j\340\376V\250\3010\244\241"
 175      D0A9EB1A 
 175      6AE0FE56 
 175      A8C130A4 
 175      A1
 176 00fd EBB22755 		.ascii	"\353\262'U.\016h\350\373\331l\267U\202\276\316i(\307"
 176      2E0E68E8 
 176      FBD96CB7 
 176      5582BECE 
 176      6928C7
 177 0110 F0562867 		.ascii	"\360V(g\030A\265\352\377\366ei6 \242\032{cp`&T\225\325"
 177      1841B5EA 
 177      FFF66569 
 177      3620A21A 
 177      7B637060 
 178 0128 D87CCA4C 		.ascii	"\330|\312LK\267\255\322\021&F\377\207\253\207\272\337"
 178      4BB7ADD2 
 178      112646FF 
 178      87AB87BA 
 178      DF
 179 0139 DE2EF6EE 		.ascii	"\336.\366\356\362\031x\200*e\006y0\006\037\003%\375"
 179      F2197880 
 179      2A650679 
 179      30061F03 
 179      25FD
 180 014b CF4D5716 		.ascii	"\317MW\026\377tH\267\270\214\334xp7\350H\037WA\250`"
 180      FF7448B7 
 180      B88CDC78 
 180      7037E848 
 180      1F5741A8 
 181 0160 50B04C15 		.ascii	"P\260L\025|ji\251\340\327\212\002Pn\004\241\362\020"
 181      7C6A69A9 
 181      E0D78A02 
 181      506E04A1 
 181      F210
ARM GAS  /tmp/cckAKFEr.s 			page 14


 182 0172 D4788C9D 		.ascii	"\324x\214\235%n\2725\351\262N\322MY\253\313>\240%\223"
 182      256EBA35 
 182      E9B24ED2 
 182      4D59ABCB 
 182      3EA02593 
 183 0186 9DE5EA44 		.ascii	"\235\345\352Du~Z\004\330*Z\206WV\243\252\224\026 }\251"
 183      757E5A04 
 183      D82A5A86 
 183      5756A3AA 
 183      9416207D 
 184 019b F689A796 		.ascii	"\366\211\247\226\272FS\0177:1\227\367ep\245YJIS\371"
 184      BA46530F 
 184      373A3197 
 184      F76570A5 
 184      594A4953 
 185 01b0 09837135 		.ascii	"\011\203q5\015\355-v\274x\023\264oJo\213\303E\006\275"
 185      0DED2D76 
 185      BC7813B4 
 185      6F4A6F8B 
 185      C34506BD 
 186 01c4 6A248687 		.ascii	"j$\206\207\2605\365t\304c\346;\244\232\320T\312\025"
 186      B035F574 
 186      C463E63B 
 186      A49AD054 
 186      CA15
 187 01d6 4C6AAAD6 		.ascii	"Lj\252\326\276\344e\323\343\022$\224\030\3312\332\346"
 187      BEE465D3 
 187      E3122494 
 187      18D932DA 
 187      E6
 188 01e7 27A31BB5 		.ascii	"'\243\033\265\240v\270\223>\215\276\232\322\254\375"
 188      A076B893 
 188      3E8DBE9A 
 188      D2ACFD
 189 01f6 47F4A8E4 		.ascii	"G\364\250\344\012u\350Mc\303\011\357.\323\302\357YP"
 189      0A75E84D 
 189      63C309EF 
 189      2ED3C2EF 
 189      5950
 190 0208 38EC1119 		.ascii	"8\354\021\031;\022jaJ\013\345J\350#O\250\223\\)\011"
 190      3B126A61 
 190      4A0BE54A 
 190      E8234FA8 
 190      935C2909 
 191 021c 35894E09 		.ascii	"5\211N\011- \231)\327\327L\004CC\205WVb]\372\035\021"
 191      2D209929 
 191      D7D74C04 
 191      43438557 
 191      56625DFA 
 192 0232 48A90991 		.ascii	"H\251\011\221G\202\351\346\020\251qD\231'\350\363!\217"
 192      4782E9E6 
 192      10A97144 
 192      9927E8F3 
 192      218F
 193 0244 C4B72D41 		.ascii	"\304\267-A\373\225i\2177M{\342iI%\341\261XDT\232u\361"
 193      FB95698F 
 193      374D7BE2 
ARM GAS  /tmp/cckAKFEr.s 			page 15


 193      694925E1 
 193      B1584454 
 194 025b 9CAE6D9F 		.ascii	"\234\256m\237vz\223v\0066q\2615\362vd\241D\355\247\215"
 194      767A9376 
 194      063671B1 
 194      35F27664 
 194      A144EDA7 
 195 0270 1F207090 		.ascii	"\037 p\220\323\030B\374z)\350\343\2032\232l\011G\"\266"
 195      D31842FC 
 195      7A29E8E3 
 195      83329A6C 
 195      094722B6 
 196 0284 F73B15B7 		.ascii	"\367;\025\267O\3246\332\215\015uv\374\314\351\372\332"
 196      4FD436DA 
 196      8D0D7576 
 196      FCCCE9FA 
 196      DA
 197 0295 58DC8ED5 		.ascii	"X\334\216\325\307Ji\3448\343\015M\274\256\011'E,\336"
 197      C74A69E4 
 197      38E30D4D 
 197      BCAE0927 
 197      452CDE
 198 02a8 F41703FA 		.ascii	"\364\027\003\372Y\266"
 198      59B6
 199              		.text
 200              		.section	.gnu.lto_msObjectInit.21bb8c6b6f6d3239,"",%progbits
 201 0000 789C9D92 		.ascii	"x\234\235\222\301k\023A\024\306\347\333\331\335l\011"
 201      C16B1341 
 201      14C6E7DB 
 201      D9DD6C09 
 202 0010 2D1E3C88 		.ascii	"-\036<\210\366\320\203\020\003\222\365\346E\360\250"
 202      F6D08310 
 202      0392F5E6 
 202      45F0A8
 203 001f FF462B29 		.ascii	"\377F+)\026\032*]\275\210\220M\322\230\024-z\260Q\302"
 203      161A2A5D 
 203      BD88904D 
 203      D298142D 
 203      7AB051C2 
 204 0033 2AA16DCC 		.ascii	"*\241m\314\251\030\251V\333\264v\215\266j\323D\"\026"
 204      A918A956 
 204      DBB4768D 
 204      B66AD344 
 204      2216
 205 0045 2C682B56 		.ascii	",h+VD\013*\322\202\265h\365\315$\202\026/v\330e\337"
 205      440B2AD2 
 205      82B568F5 
 205      CD248216 
 205      2F76D865 
 206 005a ECBEEFF7 		.ascii	"\354\276\357\367\276}ot\306\330\000g\3540=\367\320\015"
 206      BE7D6F74 
 206      C6D80067 
 206      EC303DF7 
 206      D00D
 207 006c CEA05CAC 		.ascii	"\316\240\\\2540\0261\024@\004\266\001\026V\020\306y"
 207      30163114 
 207      4004B601 
ARM GAS  /tmp/cckAKFEr.s 			page 16


 207      165610C6 
 207      79
 208 007d 7E89A398 		.ascii	"~\211\243\230x7\246\370s6-\367r\336s\326\216\357rH\236"
 208      7837A6F8 
 208      73362DF7 
 208      72DE73D6 
 208      8EEF7248 
 209 0092 A25B2C8C 		.ascii	"\242[,\214\300OY\325\236\274\303\317q\207\003*m\277"
 209      C04F59D5 
 209      9EBCC3CF 
 209      7187032A 
 209      6DBF
 210 00a4 94D3CB4D 		.ascii	"\224\323\313Mb\253\240\205\266\253\237\347K\015|?\030"
 210      62ABA085 
 210      B6AB9FE7 
 210      4B0D7C3F 
 210      18
 211 00b5 C5EB0BA3 		.ascii	"\305\353\013\243\373|Y\333\216\332\356\334\020\267\367"
 211      FB7C59DB 
 211      8EDAEEDC 
 211      10B7F7
 212 00c4 3A9C6314 		.ascii	":\234c\024\234x\270\215f\334B3\243W\014w\340\243\354"
 212      9C78B88D 
 212      66DC4233 
 212      A3570C77 
 212      E0A3EC
 213 00d7 5C4F61A1 		.ascii	"\\Oa\241\201\037\220\312\374\322\332\272Q\227~\317J"
 213      811F90CA 
 213      FCD2DABA 
 213      51977ECF 
 213      4A
 214 00e8 A98ABB5B 		.ascii	"\251\212\273[\245*\303\230\224\016D\346K\215\374\240"
 214      A52AC398 
 214      940E44E6 
 214      4B8DFCA0 
 215 00f8 94BEEE1D 		.ascii	"\224\276\356\035\356S\353\322\312\325\235\2031\373\250"
 215      EE53EBD2 
 215      CAD59D83 
 215      31FBA8
 216 0107 C3358C6F 		.ascii	"\3035\214o\025k\014\005)\376\232+N\253\374\220\024\257"
 216      156B0C05 
 216      29FE9A2B 
 216      4EABFC90 
 216      14AF
 217 0119 A466C7B5 		.ascii	"\244f\307\265\337uk\2265L\374C:\011\237\310\177ss\263"
 217      DF756B96 
 217      354CFC43 
 217      3A099FC8 
 217      7F7373B3 
 218 012d BF51576B 		.ascii	"\277QWk-\302=\350\014\024\334x\246\271\366\346\317\204"
 218      2DC23DE8 
 218      0C14DC78 
 218      A6B9F6E6 
 218      CF84
 219 013f EDBECDA2 		.ascii	"\355\276\315\242z\304K\315\246_T!\334\352\020e\015H"
 219      7AC44BCD 
 219      A65F5421 
ARM GAS  /tmp/cckAKFEr.s 			page 17


 219      DCEA1065 
 219      0D48
 220 0151 024B928E 		.ascii	"\002K\222\216\346`\273\254\227+\"\212\271l\005\321\215"
 220      E660BBAC 
 220      972B228A 
 220      B96C05D1 
 220      8D
 221 0162 C464E18C 		.ascii	"\304d\341\214\300Q\211T\274\370\324#\372\313\245\303"
 221      C0518954 
 221      BCF8D423 
 221      FACBA5C3 
 222 0172 89627946 		.ascii	"\211byF\317\340Z\204\206\224\331\355p=M\215\237\"[\342"
 222      CFE05A84 
 222      8694D9ED 
 222      703D4D8D 
 222      9F225BE2 
 223 0186 E3F3C48B 		.ascii	"\343\363\304\213E\2579,\006\330\342p\017\\d\320/\247"
 223      45AF392C 
 223      06D8E270 
 223      0F5C64D0 
 223      2FA7
 224 0198 87FB30FF 		.ascii	"\207\3730\377\204y$,\2661\265\332\024\376a\323\230="
 224      8479242C 
 224      B631B5DA 
 224      14FE61D3 
 224      983D
 225 01aa 199147EF 		.ascii	"\031\221G\357\276U?&\275\242\300\016\207\033x@g\243"
 225      BE553F26 
 225      BDA2C00E 
 225      871B7840 
 225      67A3
 226 01bc 58A7C786 		.ascii	"X\247\307\206F\342\240\354+T\371:\004\343!\361\211="
 226      46E2A0EC 
 226      2B54F93A 
 226      04E321F1 
 226      893D
 227 01ce 8DB0709D 		.ascii	"\215\260p\235\376\360r\331Sw\375\0376U\314H\233\242"
 227      FEF072D9 
 227      5377FD1F 
 227      3655CC48 
 227      9BA2
 228 01e0 73780433 		.ascii	"sx\0043Ms\225\264W\333\241ix,i\212\240=\0214\275F[\334"
 228      4D7395B4 
 228      57DBA169 
 228      782C698A 
 228      A03D1134 
 229 01f8 1E6D56D2 		.ascii	"\036mV\322\344xK\202f\010\332\332\373\245\355\321\346"
 229      E4784B82 
 229      6608DADA 
 229      FBA5EDD1 
 229      E6
 230 0209 244D15B4 		.ascii	"$M\025\264\362\337\003\321\300P!\325'D3\203\027 \317"
 230      F2DF03D1 
 230      C05021D5 
 230      27443383 
 230      1720CF
 231 021c 925849EA 		.ascii	"\222XI\352\013\235\013\372\035\177 `\326\256.\313<\336"
ARM GAS  /tmp/cckAKFEr.s 			page 18


 231      0B9D0BFA 
 231      1D7F2060 
 231      D6AE2ECB 
 231      3CDE
 232 022e DA697676 		.ascii	"\332ivv\264\231\326\311\356`k\3102C\301P=\014\034c<"
 232      B499D6C9 
 232      EE606BC8 
 232      3243C150 
 232      3D0C1C63 
 233 0243 649DD0DB 		.ascii	"d\235\320\333N\265\267\007\273U\253\343t\220\007\273"
 233      4EB5B707 
 233      BB55ABE3 
 233      749007BB 
 234 0253 AC5F3310 		.ascii	"\254_3\020Eg"
 234      4567
 235              		.text
 236              		.section	.gnu.lto_vmt.21bb8c6b6f6d3239,"",%progbits
 237 0000 789C6363 		.ascii	"x\234cc``\330\000\304\332\014\0200\205\231q\347\316"
 237      6060D800 
 237      C4DA0C10 
 237      30859971 
 237      E7CE
 238 0012 37B7D9EB 		.ascii	"7\267\331\353\3776t44<\350\336\301<\233y\0163\3034f"
 238      FF367434 
 238      343CE8DE 
 238      C13C9B79 
 238      0E33C334 
 239 0027 0CB905DB 		.ascii	"\014\271\005\333x\34603Ncf\304\220\370\006\324\3014"
 239      78E63033 
 239      4E6366C4 
 239      90F806D4 
 239      C134
 240 0039 8D990943 		.ascii	"\215\231\011Cb\023P\202y\03233Xb\375\233\235?y\273\201"
 240      62135082 
 240      791A3333 
 240      5862FD9B 
 240      9D3F79BB 
 241 004e 222C8C20 		.ascii	"\",\214 \356\331\373s\2370Ylk\350X\320\0200\207\231"
 241      EED9FB73 
 241      9F30596C 
 241      6BE858D0 
 241      10308799 
 242 0062 752A3303 		.ascii	"u*3\003\343vF\231\251\314\214\214\333\030\353\24723"
 242      E3764699 
 242      A9CC8C8C 
 242      DB18EBA7 
 242      3233
 243 0074 316E0551 		.ascii	"1n\005Q\314\214[@\024\013\343f\306z\006\306\035\214"
 243      CC8C5B40 
 243      140BE366 
 243      C67A06C6 
 243      1D8C
 244 0086 160C9A7A 		.ascii	"\026\014\232zz\372\020\224_\254\237\221\230\243\237"
 244      7AFA1094 
 244      5FAC9F91 
 244      98A39F
 245 0095 9399A45F 		.ascii	"\223\231\244_\\R\224\232\230[\254\237\233\232\013e\352"
ARM GAS  /tmp/cckAKFEr.s 			page 19


 245      5C52949A 
 245      985BAC9F 
 245      9B9A0B65 
 245      EA
 246 00a6 25330000 		.ascii	"%3\000\000\355\262N\210"
 246      EDB24E88 
 247              		.text
 248              		.section	.gnu.lto_.symbol_nodes.21bb8c6b6f6d3239,"",%progbits
 249 0000 789C6363 		.ascii	"x\234cc``\350\003b\006\246\205L\365\014\014\023\316"
 249      6060E803 
 249      6206A685 
 249      4CF50C0C 
 249      13CE
 250 0012 313000A9 		.ascii	"10\000\251\035\013\0166\260\001\305\0261\3253\242\213"
 250      1D0B0E36 
 250      B001C516 
 250      31D533A2 
 250      8B
 251 0023 2D60AA67 		.ascii	"-`\252gB\027\233\317T\317\214.\266\204\251\236\005&"
 251      42179BCF 
 251      54CF8C2E 
 251      B684A99E 
 251      0526
 252 0035 B6ABC191 		.ascii	"\266\253\301\221\201\201u1\023C\203\022\003\0033\343"
 252      81817531 
 252      13438312 
 252      030333E3 
 253 0045 52A67A56 		.ascii	"R\246zV\260\024\003CC\203\003P\204\211\215\341I\333"
 253      B0140343 
 253      43830350 
 253      84898DE1 
 253      49DB
 254 0057 1B796666 		.ascii	"\033yff\010\315\000\000\362-%\266"
 254      08CD0000 
 254      F22D25B6 
 255              		.text
 256              		.section	.gnu.lto_.refs.21bb8c6b6f6d3239,"",%progbits
 257 0000 789C6363 		.ascii	"x\234cc``\020\000bF\026&VF\026V&f&&&\006&F\006\000\003"
 257      60601000 
 257      62461626 
 257      56461656 
 257      26662626 
 258 001b 51003B   		.ascii	"Q\000;"
 259              		.text
 260              		.section	.gnu.lto_.decls.21bb8c6b6f6d3239,"",%progbits
 261 0000 789C8D56 		.ascii	"x\234\215VkP\024\331\025\356\333\267\231\031fx\270j"
 261      6B5014D9 
 261      15EEDBB7 
 261      99196678 
 261      B86A
 262 0012 B96E8554 		.ascii	"\271n\205T\\\226\255e\267\"#\232*\375\221?)\177l\362"
 262      5C96AD65 
 262      B722239A 
 262      2AFD913F 
 262      297F6CF2 
 263 0026 C3A42A26 		.ascii	"\303\244*&\251\"\251\312\210c#\263\305\014\0243\304"
 263      A922A9CA 
ARM GAS  /tmp/cckAKFEr.s 			page 20


 263      886323B3 
 263      C50C1433 
 263      C4
 264 0037 25BF1A04 		.ascii	"%\277\032\004E\020\345\241(\012J\004E^\212\001Dy+\212"
 264      4510E5A1 
 264      280A4A04 
 264      455E8A01 
 264      44792B8A 
 265 004b 6F445844 		.ascii	"oDXD\005\305E\\\304\270\"\242\020D%\347\336\333=\323"
 265      05C5455C 
 265      C4B822A2 
 265      104425E7 
 265      DEDB3DD3 
 266 005f 0C331BBB 		.ascii	"\0143\033\273\346L\367=}\316w\316\371\356\271\367\266"
 266      E64CF73D 
 266      7DCE77CE 
 266      F9EEB9F7 
 266      B6
 267 0070 86E3B896 		.ascii	"\206\343\270\226@\216[\315s\234\0042\013\227\026t\347"
 267      408E5BCD 
 267      739C0432 
 267      0B971674 
 267      E7
 268 0081 40342026 		.ascii	"@4 &\220&\220V\220v\220\016\020-\342\350E\336\033\340"
 268      90269056 
 268      9076900E 
 268      102DE2E8 
 268      45DE1BE0 
 269 0095 D91F2410 		.ascii	"\331\037$\020\344#\220\245 \241 \304\344K\331N\271>"
 269      E42390A5 
 269      20A120C4 
 269      E44BD94E 
 269      B93E
 270 00a7 067C3DDC 		.ascii	"\006|=\334\027\202,\006\031P\341\023\314\0109\216\006"
 270      17822C06 
 270      1950E113 
 270      CC08398E 
 270      06
 271 00b8 B15818E4 		.ascii	"\261X\030\344=\010\2021\2261\015n\230\344\372\231\027"
 271      3D088231 
 271      96310D6E 
 271      98E4FA99 
 271      17
 272 00c9 5C8249B0 		.ascii	"\\\202I\260=\341\022\314Y\316\205\353\357\001\367\027"
 272      3DE112CC 
 272      59CE85EB 
 272      EF01F717 
 273 00d9 6EB8ED32 		.ascii	"n\270\3552n\253*_\202\371\025\310\0124\037\027\334)"
 273      6EAB2A5F 
 273      82F915C8 
 273      0A341F17 
 273      DC29
 274 00eb 2FA11EB0 		.ascii	"/\241\036\260?\203\227\006\017\330\035\334|.\324\370"
 274      3F839706 
 274      0FD81DDC 
 274      7C2ED4F8 
 275 00fb 6A3E08FE 		.ascii	"j>\010\376G^\360\303\341\245/\3347\250b\020\\e\036\011"
ARM GAS  /tmp/cckAKFEr.s 			page 21


 275      475EF0C3 
 275      E1A52FDC 
 275      37A86210 
 275      5C651E09 
 276 010f EE0CDCDF 		.ascii	"\356\014\334\337\200\370\200\274\223sV\360I\015\004"
 276      80F880BC 
 276      937356F0 
 276      490D04
 277 011e 76A997B9 		.ascii	"v\251\227\271\\\317\263\371\177\011\362\000d\030\344"
 277      5CCFB3F9 
 277      7F09F200 
 277      6418E4
 278 012d A9CCB582 		.ascii	"\251\314\265\2029\011\362\032d\032d\002d\012D\220\271"
 278      3909F21A 
 278      641A6402 
 278      640A4490 
 278      B9
 279 013e 36A87AC6 		.ascii	"6\250z\306\375\332\203\321\311\324\3412]\006FAz4\213"
 279      FDDA83D1 
 279      C9D4E132 
 279      5D064641 
 279      7A348B
 280 0151 C8F8D9D9 		.ascii	"\310\370\331\331i\1776&\257/\327\015\314\0320O\237o"
 280      697F3626 
 280      AF2FD70D 
 280      CC1A304F 
 280      9F6F
 281 0163 14F73768 		.ascii	"\024\3677h\302*%v\351\376\306\241:\204\025\234\332\266"
 281      C22A2576 
 281      E9FEC6A1 
 281      3A84159C 
 281      DAB6
 282 0175 892A01FF 		.ascii	"\211*\001\377\212\030\362\247\252\206\277A\241\372c"
 282      8A18F2A7 
 282      AA86BF41 
 282      A1FA63
 283 0184 C4AC6D6A 		.ascii	"\304\254mjj\311\031IZ\200\316\"=\252G\030\235Fa\244"
 283      6AC91949 
 283      5A80CE22 
 283      3DAA4718 
 283      9D4661A4 
 284 0198 E22032DF 		.ascii	"\342 2\337i\222\224,I\305\022^\312\241UAhE\020\207\316"
 284      6992942C 
 284      49C5125E 
 284      CAA15541 
 284      68451087 
 285 01ad A050129B 		.ascii	"\240P\022\233X\241Z\024\204jP\020\201/;|\374\202?\216"
 285      58A15A14 
 285      846A5010 
 285      812F3B7C 
 285      FC823F8E 
 286 01c1 A1F00FAA 		.ascii	"\241\360\017\252\306:\261\023\177\344PpM\252$\361\250"
 286      C63AB113 
 286      7FE45070 
 286      4DAA24F1 
 286      A8
 287 01d2 090234B8 		.ascii	"\011\0024\270\002@<\317\021\032=D \316\020\345VJu\001"
ARM GAS  /tmp/cckAKFEr.s 			page 22


 287      02403CCF 
 287      111A3D44 
 287      20CE10E5 
 287      564A7501 
 288 01e6 86E217EA 		.ascii	"\206\342\027\352\221\000\303\361\033\007\036\005\300"
 288      9100C3F1 
 288      1B071E05 
 288      C0
 289 01f3 70B11E2D 		.ascii	"p\261\036-\203aym\345\261@\277t\202X\264U\362\375-\215"
 289      8361796D 
 289      E5B140BF 
 289      748258B4 
 289      55F2FD2D 
 290 0208 D80208CD 		.ascii	"\330\002\010\315\200\300\241V\344G\270 w0\276\177\271"
 290      80C0A156 
 290      E447B820 
 290      7730BE7F 
 290      B9
 291 0219 AC824045 		.ascii	"\254\202@E\000\257p\005\252\250\215`\324\226L\217\325"
 291      00AF7005 
 291      AAA88D60 
 291      D4964C8F 
 291      D5
 292 022a FBE17D88 		.ascii	"\373\341}\210\326t\243k\252A\207\364\241iNt\316\011"
 292      D674A36B 
 292      AA4187F4 
 292      A1694E74 
 292      CE09
 293 023c 8D2E40C6 		.ascii	"\215.@\306\021r\306\347@\331\006J\231\334\212\340\306"
 293      1172C6E7 
 293      40D9064A 
 293      99DC8AE0 
 293      C6
 294 024d 0792B40C 		.ascii	"\007\222\264\014\265C*\347]\305G\220\332\211\022\342"
 294      B5432AE7 
 294      5DC54790 
 294      DA8912E2 
 295 025d 4C8F9C97 		.ascii	"L\217\234\227\004\275LD\332\377!\002\354\273nV\215\361"
 295      04BD4C44 
 295      DAFF2102 
 295      ECBB6E56 
 295      8DF1
 296 026f EA322FCE 		.ascii	"\3522/\316)\263C.\263\203\226\331\375\342z\241\2011"
 296      29B3432E 
 296      B38396D9 
 296      FDE27AA1 
 296      8131
 297 0281 B6008607 		.ascii	"\266\000\206\007\032_]\365aC\035\014\247J\317_\024\360"
 297      1A5F5DF5 
 297      61431D0C 
 297      A74ACF5F 
 297      14F0
 298 0293 2D5A223A 		.ascii	"-Z\":\222\324{\315\037\367\262AiJ\343]_|\217\015\262"
 298      92D47BCD 
 298      1FF7B241 
 298      694AE35D 
 298      5F7C8F0D 
ARM GAS  /tmp/cckAKFEr.s 			page 23


 299 02a8 674BBEF3 		.ascii	"gK\276\363\305\337\263\301\354\330\304\003?\374\230"
 299      C5DFB3C1 
 299      ECD8C403 
 299      3FFC98
 300 02b7 0D6A07BB 		.ascii	"\015j\007\273K\015\002\254\000\312\265M \272\013\351"
 300      4B0D02AC 
 300      00CAB54D 
 300      20BA0BE9 
 301 02c7 19EBA9CA 		.ascii	"\031\353\251\312\344\207:\021U]\234\235j\013dayUR\213"
 301      E4873A11 
 301      555D9C9D 
 301      6A0B6461 
 301      7955528B 
 302 02db 5952A999 		.ascii	"YR\251\231U\373\3640\324\260\251\320\202j\370\305\233"
 302      55FBF430 
 302      D4B0A9D0 
 302      826AF8C5 
 302      9B
 303 02ec D3025311 		.ascii	"\323\002S\021\036\277\005Ua\376\300\251\000<\312\246"
 303      1EBF0555 
 303      61FEC0A9 
 303      003CCAA6 
 304 02fc A3A5E74C 		.ascii	"\243\245\347L\212\277\253\205\353\277H\332NZ\3546$\361"
 304      8ABFAB85 
 304      EBBF48DA 
 304      4E5AEC36 
 304      24F1
 305 030e 9D8B658D 		.ascii	"\235\213e\215\334a\322\274\031\353\005j52\265=\240\354"
 305      DC61D2BC 
 305      19EB056A 
 305      3532B53D 
 305      A0EC
 306 0320 66D4BE9C 		.ascii	"f\324\276\234~Q+\340\011\026\243&\367\355\376\000U\033"
 306      7E512BE0 
 306      0916A326 
 306      F7EDFE00 
 306      551B
 307 0332 AFACA36D 		.ascii	"\257\254\243m|\027b\364\271b\334F^\203\334\361\034\244"
 307      7C1762F4 
 307      B962DC46 
 307      5E83DCF1 
 307      1CA4
 308 0344 6F674FBF 		.ascii	"ogO\277\006\317\260 \365\327\006f\\k\345\346\345_\367"
 308      06CFB020 
 308      F5D70666 
 308      5C6BE5E6 
 308      E55FF7
 309 0357 D2420620 		.ascii	"\322B\006 \310=W\220\273\336\203\364{\016\362\346\366"
 309      C83D5790 
 309      BBDE83F4 
 309      7B0EF2E6 
 309      F6
 310 0368 68B26E69 		.ascii	"h\262ni\036\361\310\332*-`\210\267\340}\027m\222\373"
 310      1EF1C8DA 
 310      2A2D6088 
 310      B7E07D17 
 310      6D92FB
ARM GAS  /tmp/cckAKFEr.s 			page 24


 311 037b 6829FCDF 		.ascii	"h)\374\337D\002\333\034\246\3564w\315i)x\257j\251\007"
 311      4402DB1C 
 311      A6EE3477 
 311      CD692978 
 311      AF6AA907 
 312 038f ACA5C0F0 		.ascii	"\254\245\300\360\371\266\206\373\001\270\201\3557\005"
 312      F9B686FB 
 312      01B881ED 
 312      3705
 313 039d C399BB7C 		.ascii	"\303\231\273|\350L\267;'\277\251\373\324c\246\203e\206"
 313      E84CB73B 
 313      27BFA9FB 
 313      D463A683 
 313      6586
 314 03af 1EB2E97F 		.ascii	"\036\262\351\177\327r\256\022+-\361=\323=\257M\336\301"
 314      D772AE12 
 314      2B2DF13D 
 314      D33DAF4D 
 314      DEC1
 315 03c1 AB136C9F 		.ascii	"\253\023l\237\223\340#\232\340\220\222`K]\331 R'\370"
 315      93E0239A 
 315      E0909260 
 315      4B5DD920 
 315      5227F8
 316 03d4 684E82C3 		.ascii	"hN\202\303\316\004{G\316N\032p\253\367\004\007r\207"
 316      CE047B47 
 316      CE4E1A70 
 316      ABF70407 
 316      7287
 317 03e6 1A59C7C2 		.ascii	"\032Y\307\302\002A?\260d2_I7\003\225\004G\230\256\354"
 317      02413FB0 
 317      64325F49 
 317      37039504 
 317      4798AEEC 
 318 03fa FEEE5D81 		.ascii	"\376\356]\201\336\023\034\245\011>Q\022<~\364]\225\257"
 318      DE131CA5 
 318      093E5112 
 318      3C7EF45D 
 318      95AF
 319 040c 3AC1D139 		.ascii	":\301\3219\011>u&x\242\373\311k\036_d\011v7Ut\006\340"
 319      093E7526 
 319      78A2FBC9 
 319      6B1E5F64 
 319      09763755 
 320 0423 5E36187F 		.ascii	"^6\030\177[X\357\313\026\311bB\332`V\226\226-\222\""
 320      5B58EFCB 
 320      16C96242 
 320      DA605696 
 320      962D9222 
 321 0437 BAF1DF3F 		.ascii	"\272\361\337?\222\346\217\207\230\355\211\312\231j\275"
 321      92E68F87 
 321      98ED89CA 
 321      996ABD
 322 0446 92302BEC 		.ascii	"\2220+\354\2614T\025\340}\306\307i\276/\224|+vW|\254"
 322      B1345415 
 322      E07DC6C7 
 322      69BE2F94 
ARM GAS  /tmp/cckAKFEr.s 			page 25


 322      7C2B7657 
 323 045c 4E777C4E 		.ascii	"Nw|N\272/\225t\265\325=\231u\032\024\262($$$4\344\010"
 323      BA2F9574 
 323      B5D53D99 
 323      751A14B2 
 323      28242424 
 324 0473 B16F9B1A 		.ascii	"\261o\233\032XS_+I;4\244/\320\015\350\322Wh\221\253"
 324      58535F2B 
 324      493B34A4 
 324      2FD00DE8 
 324      D2576891 
 325 0488 212F5384 		.ascii	"!/S\204\026\362\317e\323l@ ,z\016\026?\022\213g\262"
 325      16F2CF65 
 325      D36C4020 
 325      2C7A0E16 
 325      3F128B67 
 326 049d 0BF42CFA 		.ascii	"\013\364,\372/\264\357$\012A\257A\246A&@\246P\010=\265"
 326      2FB4EF24 
 326      0A41AF41 
 326      A6412640 
 326      A650083D 
 327 04b2 58B82E74 		.ascii	"X\270.ty\005\341\017=v\217dt\005R\231\222i\372\217G"
 327      7905E10F 
 327      3D768F64 
 327      74055299 
 327      9269FA8F 
 328 04c7 D370374B 		.ascii	"\323p7K\250\022\215\271[^BNS\266&\237o\307p\230\022"
 328      A8128DB9 
 328      5B5E424E 
 328      53B6269F 
 328      6FC77098 
 329 04dc 234E5E8E 		.ascii	"#N^\216\256\334&W\037\220\332R0\351?4\350\231\010\212"
 329      AEDC2657 
 329      1F90DA52 
 329      30E93F34 
 329      E899088A 
 330 04f0 0484A7E7 		.ascii	"\004\204\247\347d\027\030\026\311\204\244y%\204\363"
 330      64171816 
 330      C984A479 
 330      2584F3
 331 04ff CA0660E4 		.ascii	"\312\006`\344\214w\357\366W\317\332\033U<\016\3158\233"
 331      8C77EFF6 
 331      57CFDA1B 
 331      553C0ECD 
 331      389B
 332 0511 EC55EEBD 		.ascii	"\354U\356\275\301\000\234\205I\257h\273\206\266'\"\230"
 332      C1009C85 
 332      49AF68BB 
 332      86B62722 
 332      98
 333 0522 BF45CE19 		.ascii	"\277E\316\031\354\310\017*\336*\001\003\340\201\256"
 333      ECC80F2A 
 333      DE2A0103 
 333      E081AE
 334 0531 437089FF 		.ascii	"Cp\211\377\011\256:\3635\254J\302\354UwkU\225n\223\360"
 334      09AE3AF3 
 334      35AC4AC2 
ARM GAS  /tmp/cckAKFEr.s 			page 26


 334      EC55776B 
 334      55956E93 
 335 0546 D6DD5445 		.ascii	"\326\335TE\255\307\306\340\2509\351\212d>\024\275\203"
 335      ADC7C6E0 
 335      A839E98A 
 335      643E14BD 
 335      83
 336 0557 DAB7F221 		.ascii	"\332\267\362!\350=\334\223\340>;\277+H\224+\236\023"
 336      E83DDC93 
 336      E03E3BBF 
 336      2B48942B 
 336      9E13
 337 0569 626DC166 		.ascii	"bm\301fpr\377\302$\210D\314\346O\241\263:\262_]\363"
 337      7072FFC2 
 337      248844CC 
 337      E64FA1B3 
 337      3AB25F5D 
 338 057e C805C302 		.ascii	"\310\005\303\002Z\367\226\337\356\323\341}\224V\376"
 338      5AF796DF 
 338      EED3E17D 
 338      9456FE
 339 058d 4472FA5E 		.ascii	"Dr\372^?\024\272\210\305\350\376\2044\3116\360M\341"
 339      3F14BA88 
 339      C5E8FE84 
 339      34C936F0 
 339      4DE1
 340 059f 9DDB3609 		.ascii	"\235\3336\011\350m\021\244B\211\037R.\204\235|z\272"
 340      E86D11A4 
 340      42891F52 
 340      2E849D7C 
 340      7ABA
 341 05b1 5FAB9EF6 		.ascii	"_\253\236\366m\274z\332\267\363\354\300\207;\0307\234"
 341      6DBC7ADA 
 341      B7F3ECC0 
 341      873B1837 
 341      9C
 342 05c2 6B6E350C 		.ascii	"kn5\014\302\006N6\207\005\024\002!\366\017w\"\354\253"
 342      C2064E36 
 342      87051402 
 342      21F60F77 
 342      22ECAB
 343 05d5 56B910D3 		.ascii	"V\271\020\323\203\226g7\331\224\014\024\027\344\324"
 343      83966737 
 343      D9940C14 
 343      17E4D4
 344 05e4 F03206AF 		.ascii	"\3602\006\257\340\322\237\014\200\324\250\354=\013\247"
 344      E0D29F0C 
 344      80D4A8EC 
 344      3D0BA7
 345 05f3 5CEC4B9A 		.ascii	"\\\354K\232=\250\374\230\212w\005S\271\314\313\225s"
 345      3DA8FC98 
 345      8A770553 
 345      B9CCCB95 
 345      73
 346 0604 BE7626E5 		.ascii	"\276v&\345*\022\311\214\225\026\344\373<\204\355\211"
 346      2A12C98C 
 346      9516E4FB 
ARM GAS  /tmp/cckAKFEr.s 			page 27


 346      3C84ED89 
 347 0614 437FE5B8 		.ascii	"C\177\345\270,\235\215\356\231\227\232\013.\004\342"
 347      2C9D8DEE 
 347      99979A0B 
 347      2E04E2
 348 0623 123A7BE8 		.ascii	"\022:{\350\326\211\236\254\200\340\"\251\355!\234\272"
 348      D6899EAC 
 348      80E022A9 
 348      ED219CBA 
 349 0633 3FFE727F 		.ascii	"?\376r\177\323\023I\322\013\364\334KwM <\302\377\016"
 349      D31349D2 
 349      0BF4DC4B 
 349      774D203C 
 349      C2FF0E
 350 0646 FE214269 		.ascii	"\376!Bi\374 \300e\360\301\340\2342T\221\252\303=\014"
 350      FC20C065 
 350      F0C1E09C 
 350      325491AA 
 350      C33D0C
 351 0659 2963F4CA 		.ascii	")c\364\312*\031\350\351'\320J\360\025\007\0078\331O"
 351      2A19E8E9 
 351      27D04AF0 
 351      15070738 
 351      D94F
 352 066b 77BA8076 		.ascii	"w\272\200v\272\003eR\240\216\376\221i\015\276\303\200"
 352      BA036552 
 352      A08EFE91 
 352      690DBEC3 
 352      80
 353 067c FA538EF6 		.ascii	"\372S\216\366\0102R\347\024vB\221\243n\227\013j\227"
 353      083252E7 
 353      14764291 
 353      A36E970B 
 353      6A97
 354 068e 3BD46E0A 		.ascii	";\324n\012\325S\336\024\215\007\031\322\263\312\275"
 354      D553DE14 
 354      8D0719D2 
 354      B3CABD
 355 069d 257A19E9 		.ascii	"%z\031\351\315Q,\355\221\310\007>9\221\262\\8Y\3568"
 355      CD512CED 
 355      91C8073E 
 355      3991B25C 
 355      3859EE38 
 356 06b1 D914E750 		.ascii	"\331\024\347P^\316{\003\036\301^\017\320\352\352+\025"
 356      5ECE7B03 
 356      1EC15E0F 
 356      D0EAEA2B 
 356      15
 357 06c2 C8A9CBE5 		.ascii	"\310\251\313\345\251r\347\376\262N\235\363\330\337\303"
 357      A972E7FE 
 357      B24E9DF3 
 357      D8DFC3
 358 06d1 9449E979 		.ascii	"\224I\351y\331\354\330\207\326D{\2312\275\250\257k\316"
 358      D9ECD887 
 358      D6447B99 
 358      32BDA8AF 
 358      6BCE
ARM GAS  /tmp/cckAKFEr.s 			page 28


 359 06e3 87C98625 		.ascii	"\207\311\206%\252Sj\037ON\251<^>\245\306\257\344\015"
 359      AA536A1F 
 359      4F4EA93C 
 359      5E3EA5C6 
 359      AFE40D
 360 06f6 FA422145 		.ascii	"\372B!EPHG\241\237\223\0220C9\256Rr\334K\331OK9X\336"
 360      504847A1 
 360      9F931230 
 360      4339AE52 
 360      72DC4BD9 
 361 070f 58A3C1AF 		.ascii	"X\243\301\257X)7N\216f\300W\027\033T\037\374\341\252"
 361      5829374E 
 361      8E66C057 
 361      171B541F 
 361      FCE1AA
 362 0722 16324307 		.ascii	"\0262C\007\210'\325$\265\225\372cI`_\302G\017u\373\222"
 362      8827D524 
 362      B595FA63 
 362      49605FC2 
 362      470F75FB 
 363 0737 D705F01A 		.ascii	"\327\005\360\032\035d\211{\342\242\275j\246\215U\030"
 363      1D64897B 
 363      E2A2BD6A 
 363      A68D5518 
 364 0747 E9870E31 		.ascii	"\351\207\0161\273\302\263\303\205\276\312\321|\230\351"
 364      BBC2B3C3 
 364      85BECAD1 
 364      7C98E9
 365 0756 6E6FDD39 		.ascii	"no\3359\031\360i\232pX\322\321h\315\371\2435\002\265"
 365      19F0699A 
 365      7058D2D1 
 365      68CDF9A3 
 365      3502B5
 366 0769 F917FF29 		.ascii	"\371\027\377)[\343C\231\271Z\234\316\342\217\037\236"
 366      5BE34399 
 366      B95A9CCE 
 366      E28F1F9E 
 367 0779 38A621F1 		.ascii	"8\246!\361\213\241\306#\204\014\262\247\017\3447\371"
 367      8BA1C623 
 367      840CB2A7 
 367      0FE437F9 
 368 0789 E01C6651 		.ascii	"\340\034fQ\261\257\244\213\026p\224dX\302\242l{\237"
 368      B1AFA48B 
 368      16709464 
 368      58C2A26C 
 368      7B9F
 369 079b 5783D5D4 		.ascii	"W\203\325\324B\0022\265\350\030\230\240R\312n\221\302"
 369      420232B5 
 369      E81898A0 
 369      52CA6E91 
 369      C2
 370 07ac 6E6779DD 		.ascii	"ngy\335E-\260\373\020:\245/\343\263\326\177?\221\322"
 370      452DB0FB 
 370      103AA52F 
 370      E3B3D67F 
 370      3F91D2
 371 07bf D2A51552 		.ascii	"\322\245\025R*&\226(_!\030\025\362\002\031\261u"
ARM GAS  /tmp/cckAKFEr.s 			page 29


 371      2A269628 
 371      5F211815 
 371      F20219B1 
 371      75
 372 07d0 769C729B 		.ascii	"v\234r\233}\276\344\022\376\274X\352j#\353g\331\301"
 372      7DBEE412 
 372      FEBC58EA 
 372      6A23EB67 
 372      D9C1
 373 07e2 3DF06DBC 		.ascii	"=\360m\274\220\236G\327\331g\253jW'\232\277C\256e\374"
 373      909E47D7 
 373      D967AB6A 
 373      57279ABF 
 373      43AE65FC 
 374 07f6 E7E0B963 		.ascii	"\347\340\271cl\254]\257\336\315H,\327nV.\357f\345t7"
 374      6CAC5DAF 
 374      DECD482C 
 374      D76E562E 
 374      EF66E574 
 375 080b F344FAE4 		.ascii	"\363D\372\344\315\347\013\025\377d\360\337\270D\345"
 375      CDE70B15 
 375      FF64F0DF 
 375      B844E5
 376 081a 1EA91C81 		.ascii	"\036\251\034\201e-\315\345\354\223\256\022\232\257\202"
 376      652DCDE5 
 376      EC93AE12 
 376      9AAF82
 377 0829 F7E8BA41 		.ascii	"\367\350\272A\355\012l\261~\002\303;3g^3\357\023\340"
 377      ED0A6CB1 
 377      7E02C33B 
 377      33675E33 
 377      EF13E0
 378 083c 5DC5BC0F 		.ascii	"]\305\274\017f\347\006\375\024\275\325\224\336\223\224"
 378      66E706FD 
 378      14BDD594 
 378      DE9394
 379 084b 5E3A080D 		.ascii	"^:\010\015\0133\262_\254\335\030\035\031c\214\261l4"
 379      0B33B25F 
 379      ACDD181D 
 379      19638CB1 
 379      6C34
 380 085d DA1DF162 		.ascii	"\332\035\361b\244\325n\264\212V\3711\314\254\373\372"
 380      A4D56EB4 
 380      8A56F931 
 380      CCACFBFA 
 381 086d F77F5EB6 		.ascii	"\367\177^\2666<\234\3635\231\022,6\307\032\223c\271"
 381      363C9CF3 
 381      3599122C 
 381      36C71A93 
 381      63B9
 382 087f 31C11E6F 		.ascii	"1\301\036o\264\330\3141\011\233D\243M\334B|\255\221"
 382      B4D8CC31 
 382      099B44A3 
 382      4DDC427C 
 382      AD91
 383 0891 E6688B4D 		.ascii	"\346h\213M4\2326\211Q\221\0111\016\223#1N\264\207Es"
 383      349A3689 
ARM GAS  /tmp/cckAKFEr.s 			page 30


 383      51910931 
 383      0E932331 
 383      4EB48745 
 384 08a6 5AD92BD8 		.ascii	"Z\331+\330\223\227=\321n4\331\035\233\300\004L5v\313"
 384      93973DD1 
 384      6E34D91D 
 384      9BC0044C 
 384      3576CB
 385 08b9 3F459363 		.ascii	"?E\223c%\265$\2577\233\315\306\310x\353r[\254M\\.Fn"
 385      25B524AF 
 385      379BCDC6 
 385      C878EB72 
 385      5BAC4D5C 
 386 08d0 B4185787 		.ascii	"\264\030W\207\255\012\013w\242\200'\204\003O,\306\332"
 386      AD0A0B77 
 386      A2802784 
 386      034F2CC6 
 386      DA
 387 08e1 05E2ADD9 		.ascii	"\005\342\255\331\230\020\025%\306\343\177X\0358.\301"
 387      98101525 
 387      C6E37F58 
 387      1D382EC1 
 388 08f1 014903F4 		.ascii	"\001I\003\364\252\225&\207V\276\373X\355\233M\2165\352"
 388      AA952687 
 388      56BEFB58 
 388      ED9B4D8E 
 388      35EA
 389 0903 F2CDB156 		.ascii	"\362\315\261Vk\254\315\030\027\033\357\260\033\177\363"
 389      6BACCD18 
 389      171BEFB0 
 389      1B7FF3
 390 0912 C7756BD7 		.ascii	"\307uk\327}Ktq\226\0301\336n\374z\355Z\2439Z\251F\000"
 390      7D4B7471 
 390      961831DE 
 390      6EFC7AED 
 390      5AA3395A 
 391 0929 5A36F96C 		.ascii	"Z6\371l\211\2678\304@\213\315\356\210\264\231ESlT\224"
 391      89B738C4 
 391      408BCDEE 
 391      88B49945 
 391      536C5494 
 392 093d 5D74F8AD 		.ascii	"]t\370\255\023\255\353)m\177Y\367'\274Yt|\371\201\034"
 392      13ADEB29 
 392      6D7F59F7 
 392      27BC5974 
 392      7CF9811C 
 393 0951 43E12E84 		.ascii	"C\341.\204\330\370D\006\"\230 \377\017\2050s\202\011"
 393      D8F84406 
 393      229820FF 
 393      0F853073 
 393      8209
 394 0963 226A4C24 		.ascii	"\"jL$=\273\326D\023\264\373Y\355\177\330\370\215hv\374"
 394      3DBBD644 
 394      13B4FB59 
 394      ED7FD8F8 
 394      8D6876FC 
 395 0977 CE667168 		.ascii	"\316fqh\300\334\034\227(\304\210\221QZ[\254#:>v\013"
ARM GAS  /tmp/cckAKFEr.s 			page 31


 395      C0DC1C97 
 395      28C48891 
 395      515A5BAC 
 395      233A3E76 
 396 098c 0AD746D9 		.ascii	"\012\327F\331\226\331\343D3hl\266\204\230\230\237{\234"
 396      96D9E344 
 396      33686CB6 
 396      8498989F 
 396      7B9C
 397 099e 2547BCC5 		.ascii	"%G\274\305\266\031\362\374\037\372/5\013"
 397      B619F2FC 
 397      1FFA2F35 
 397      0B
 398              		.text
 399              		.section	.gnu.lto_.symtab.21bb8c6b6f6d3239,"",%progbits
 400 0000 6D734F62 		.ascii	"msObjectInit\000"
 400      6A656374 
 400      496E6974 
 400      00
 401 000d 00       		.ascii	"\000"
 402 000e 00       		.ascii	"\000"
 403 000f 00       		.ascii	"\000"
 404 0010 00000000 		.ascii	"\000\000\000\000\000\000\000\000"
 404      00000000 
 405 0018 18010000 		.ascii	"\030\001\000\000"
 406              		.text
 407              		.section	.gnu.lto_.opts,"",%progbits
 408 0000 272D666D 		.ascii	"'-fmath-errno' '-fsigned-zeros' '-ftrapping-math' '"
 408      6174682D 
 408      6572726E 
 408      6F272027 
 408      2D667369 
 409 0033 2D666E6F 		.ascii	"-fno-trapv' '-fno-openmp' '-fno-openacc' '-mcpu=cor"
 409      2D747261 
 409      70762720 
 409      272D666E 
 409      6F2D6F70 
 410 0066 7465782D 		.ascii	"tex-m3' '-mthumb' '-O2' '-fomit-frame-pointer' '-fa"
 410      6D332720 
 410      272D6D74 
 410      68756D62 
 410      2720272D 
 411 0099 6C69676E 		.ascii	"lign-functions=16' '-ffunction-sections' '-fdata-se"
 411      2D66756E 
 411      6374696F 
 411      6E733D31 
 411      36272027 
 412 00cc 6374696F 		.ascii	"ctions' '-fno-common' '-flto'\000"
 412      6E732720 
 412      272D666E 
 412      6F2D636F 
 412      6D6D6F6E 
 413              		.text
 414              		.comm	__gnu_lto_v1,1,1
 415              		.comm	__gnu_lto_slim,1,1
 416              		.ident	"GCC: (15:7-2018-q2-6) 7.3.1 20180622 (release) [ARM/embedded-7-branch revision 261907]"
ARM GAS  /tmp/cckAKFEr.s 			page 32


DEFINED SYMBOLS
                            *ABS*:0000000000000000 memstreams.c
                            *COM*:0000000000000001 __gnu_lto_v1
                            *COM*:0000000000000001 __gnu_lto_slim

NO UNDEFINED SYMBOLS
