ARM GAS  /tmp/ccZ6PwFq.s 			page 1


   1              		.cpu cortex-m3
   2              		.eabi_attribute 20, 1
   3              		.eabi_attribute 21, 1
   4              		.eabi_attribute 23, 3
   5              		.eabi_attribute 24, 1
   6              		.eabi_attribute 25, 1
   7              		.eabi_attribute 26, 1
   8              		.eabi_attribute 30, 2
   9              		.eabi_attribute 34, 1
  10              		.eabi_attribute 18, 4
  11              		.file	"nullstreams.c"
  12              		.section	.gnu.lto_.profile.206ce407eef7d4c9,"",%progbits
  13 0000 789C6363 		.ascii	"x\234cc```\001bF\006n6\000\000\224\000\035"
  13      60606001 
  13      6246066E 
  13      36000094 
  13      001D
  14              		.text
  15              		.section	.gnu.lto_.icf.206ce407eef7d4c9,"",%progbits
  16 0000 789C6363 		.ascii	"x\234cc``Pe@\0006\2065\247Z\246p1\376\336\261\3668'"
  16      60605065 
  16      40003686 
  16      35A75AA6 
  16      7031FEDE 
  17 0018 534FD39B 		.ascii	"SO\323\233i\214\314\327^4\277df\371\323\263\257\220"
  17      698CCCD7 
  17      5E34BF64 
  17      66F9D3B3 
  17      AF90
  18 002a 75EDEF9F 		.ascii	"u\355\357\237_\270\030\000K\275\022\035"
  18      5FB81800 
  18      4BBD121D 
  19              		.text
  20              		.section	.gnu.lto_.jmpfuncs.206ce407eef7d4c9,"",%progbits
  21 0000 789C458A 		.ascii	"x\234E\212\201\011\000 \014\303\322u\372\230\207\371"
  21      81090020 
  21      0CC3D275 
  21      FA9887F9 
  22 0010 C88E7582 		.ascii	"\310\216u\202`!PB&\260\370\033XRR\246\321.\207\256\341"
  22      60215042 
  22      26B0F81B 
  22      585252A6 
  22      D12E87AE 
  23 0025 193711F1 		.ascii	"\0317\021\361E\372\375\354\252\363\301\001\013\251\007"
  23      45FAFDEC 
  23      AAF3C101 
  23      0BA907
  24 0034 B7       		.ascii	"\267"
  25              		.text
  26              		.section	.gnu.lto_.inline.206ce407eef7d4c9,"",%progbits
  27 0000 789C6363 		.ascii	"x\234cc``\210e@\000V\006\006f&F\006& \223m\201<\210"
  27      60608865 
  27      40005606 
  27      06662646 
  27      06262093 
  28 0018 6260C410 		.ascii	"b`\304\020a\302\020a\306\020aa`a\006\2120\276`g`\357"
  28      61C21061 
ARM GAS  /tmp/ccZ6PwFq.s 			page 2


  28      C6106161 
  28      6061068A 
  28      30BE6067 
  29 002e 50070B31 		.ascii	"P\007\0131\000\000\355\016\005a"
  29      0000ED0E 
  29      0561
  30              		.text
  31              		.section	.gnu.lto_.pureconst.206ce407eef7d4c9,"",%progbits
  32 0000 789C6363 		.ascii	"x\234cc``\340\006bV\006\006F\006&\006f\006\026)\000"
  32      6060E006 
  32      62560606 
  32      46062606 
  32      66061629 
  33 0015 01A3003B 		.ascii	"\001\243\000;"
  34              		.text
  35              		.section	.gnu.lto_writes.206ce407eef7d4c9,"",%progbits
  36 0000 789C5D90 		.ascii	"x\234]\220MKBA\024\206\317;s\375\010\312?P\213\026\201"
  36      4D4B4241 
  36      1486CF3B 
  36      73FD08CA 
  36      3F508B16 
  37 0015 18E40D6A 		.ascii	"\030\344\015j\333\276_\021h\004\0117\223\254\265\223"
  37      DBBE5F11 
  37      68040937 
  37      93ACB593 
  38 0025 1615B630 		.ascii	"\026\025\26602\003qQ\210\334E\213\212\354\313Z\334U"
  38      32037151 
  38      88DC458B 
  38      8AECCB5A 
  38      DC55
  39 0037 9B302893 		.ascii	"\2330(\223\366%\264H\204\026\255*\353\334\233\213\020"
  39      F625B448 
  39      8416AD2A 
  39      EBDC9B8B 
  39      10
  40 0048 6698F7CC 		.ascii	"f\230\367\314<\317\014s\334D4\005\242q^\373yB\022D\346"
  40      3CCF0C73 
  40      DC443405 
  40      A2715EFB 
  40      79421244 
  41 005d 8E68D92B 		.ascii	"\216h\331+\000;(/(!\220\300\246\314J\334\257\034\025"
  41      003B282F 
  41      282190C0 
  41      A6CC4ADC 
  41      AF1C15
  42 0070 645A1618 		.ascii	"dZ\026\030\323\270|\257\346_|v\011\014r\331l\335\224"
  42      D3B87CAF 
  42      E65F7C76 
  42      090C72D9 
  42      6CDD94
  43 0083 7B03A652 		.ascii	"{\003\246RIe\355V&\366S\253\223\005)(\307t\031\0038"
  43      4965ED56 
  43      26F653AB 
  43      93052928 
  43      C7741903 
  44 0098 C180FDC4 		.ascii	"\301\200\375\304)\002\314\326\252\365\214G\216\2008"
  44      2902CCD6 
ARM GAS  /tmp/ccZ6PwFq.s 			page 3


  44      AAF58C47 
  44      8E8038
  45 00a7 6F7FBC59 		.ascii	"o\177\274Y\302_r\274FQ\252\241\202\2248\203\374/\362"
  45      C25F72BC 
  45      4651AAA1 
  45      82943883 
  45      FC2FF2
  46 00ba 16E11C7E 		.ascii	"\026\341\034~\306?\323\365\\\217\034u\324\255W\263\215"
  46      C63FD3F5 
  46      5C8F1C75 
  46      D4AD57B3 
  46      8D
  47 00cb 8EFA5572 		.ascii	"\216\372UrT\015\027\335\252F\270t\324o\225\315\371\344"
  47      540D17DD 
  47      AA46B874 
  47      D46F95CD 
  47      F9E4
  48 00dd 98A3366E 		.ascii	"\230\2436n\213\031OG}4\035U\240\322\255\012\302\025"
  48      8B194F47 
  48      7D341D55 
  48      A0D2AD0A 
  48      C215
  49 00ef FC36FF7C 		.ascii	"\3746\377|\334\336\351sk\366w\370\027\327p\0237\216"
  49      DCDEE973 
  49      6BF677F8 
  49      17D77013 
  49      378E
  50 0101 0E1F5C96 		.ascii	"\016\037\\\226j\377\254)\253i\342\311\305\235pxZg\212"
  50      6AFFAC29 
  50      AB69E2C9 
  50      C59D7078 
  50      5A678A
  51 0114 FBA72CDA 		.ascii	"\373\247,\332\340;8\245,j!\271wP\203\355\346\245-3\005"
  51      E03B38A5 
  51      2C6A21B9 
  51      775083ED 
  51      E6A52D33 
  52 0129 FB4C100D 		.ascii	"\373L\020\015\007\203\372\337\230\217\353\263!C7\"a"
  52      0783FADF 
  52      988FEBB3 
  52      21433722 
  52      61
  53 013a 3DBEB830 		.ascii	"=\276\2700\023\232\213\353\321%\303\350\344\3404\211"
  53      139A8BEB 
  53      D125C3E8 
  53      E4E03489 
  54 014a 484C8463 		.ascii	"HL\204c\210\376\002\373,\201\316"
  54      88FE02FB 
  54      2C81CE
  55              		.text
  56              		.section	.gnu.lto_reads.206ce407eef7d4c9,"",%progbits
  57 0000 789C5D90 		.ascii	"x\234]\220\315KBA\024\305\357\231\361+(\377\201\\\264"
  57      CD4B4241 
  57      14C5EF99 
  57      F12B28FF 
  57      815CB4
  58 0013 08C4205F 		.ascii	"\010\304 _P\333\366\375\033\032\201\202\231d\255\235"
ARM GAS  /tmp/ccZ6PwFq.s 			page 4


  58      50DBF6FD 
  58      1B1A8182 
  58      9964AD9D 
  59 0023 34A9B085 		.ascii	"4\251\260\205\221\031\204\213B\324eE\366]\360\210h\023"
  59      9119848B 
  59      42D46545 
  59      F65DF088 
  59      6813
  60 0035 16256EA2 		.ascii	"\026%n\242U\005-\012#\250ED\326}/\203\020f\230sg\316"
  60      55052D0A 
  60      23A84544 
  60      D67D2F83 
  60      10669873 
  61 004b 6F2EF7D8 		.ascii	"o.\367\330\210(\000\242\001>;yC\022D\372\202h\312!\000"
  61      882800A2 
  61      013E3B79 
  61      431244FA 
  61      8268CA21 
  62 0060 43280728 		.ascii	"C(\007(&\020\303\274\314H\\Mo\344dJ\346\330f\341\362"
  62      2610C3BC 
  62      CC485C4D 
  62      6FE4644A 
  62      E6D866E1 
  63 0075 B5B272EF 		.ascii	"\265\262r\3574J\240\213\313\347\372Y\271\335SR*\256"
  63      344AA08B 
  63      CBE7FA59 
  63      B9DD5352 
  63      2AAE
  64 0087 F4E59BC1 		.ascii	"\364\345\233\301\265Dr('\005e\331]\206\013[p\031-\266"
  64      B5447228 
  64      270565D9 
  64      5D860B5B 
  64      70192DB6 
  65 009b E1616FB5 		.ascii	"\341ao\265RK\333e/\210\365\342\373\223.\334\005\223"
  65      524BDB65 
  65      2F88F5E2 
  65      FB932EDC 
  65      0593
  66 00ad BBCD4BD5 		.ascii	"\273\315K\325\235\223\022;\220\377A\276\"\354\302\315"
  66      9D93123B 
  66      90FF41BE 
  66      22ECC2CD 
  67 00bd F6CF542D 		.ascii	"\366\317T-\333&\373Lt\341\261\324@\023=-\230\250\005"
  67      DB26FB4C 
  67      74E1B1D4 
  67      40133D2D 
  67      98A805
  68 00d0 7BADA885 		.ascii	"{\255\250\205\260o\242_*\223u\312~\023}8\317\247\355"
  68      B06FA25F 
  68      2A9375CA 
  68      7E137D38 
  68      CFA7ED
  69 00e3 7F5D8B26 		.ascii	"\177]\213&*p\320\212\012\302!\334\206\377n\263\261\324"
  69      2A70D08A 
  69      0AC221DC 
  69      86FF6EB3 
  69      B1D4
ARM GAS  /tmp/ccZ6PwFq.s 			page 5


  70 00f5 61B318E3 		.ascii	"a\263\030\343\360\024G\260\021\007G\353\327V]5\276g"
  70      F01447B0 
  70      110747EB 
  70      D7565D35 
  70      BE67
  71 0107 94FE56C4 		.ascii	"\224\376V\304\207U\020\315\362;'\247t\232c\232UB\247"
  71      875510CD 
  71      F23B27A7 
  71      749A639A 
  71      5542A7
  72 011a 3AE2AB2F 		.ascii	":\342\253/U\030\024\377\224M\236\\\332\215\330\004\010"
  72      551814FF 
  72      944D9E5C 
  72      DA8DD804 
  72      08
  73 012b C7662A4C 		.ascii	"\307f*L\301\3602\337\343\365j\277k,\252\005|!-\024\364"
  73      C1F032DF 
  73      E3F56ABF 
  73      6B2CAA05 
  73      7C212D14 
  74 0140 6BD189F1 		.ascii	"k\321\211\361\021\337hT\013O\206BM\355\035&\021\214"
  74      11DF6854 
  74      0B4F8642 
  74      4DED1D26 
  74      118C
  75 0152 087F04E1 		.ascii	"\010\177\004\341\037\313\221\205\375"
  75      1FCB9185 
  75      FD
  76              		.text
  77              		.section	.gnu.lto_put.206ce407eef7d4c9,"",%progbits
  78 0000 789C4D8F 		.ascii	"x\234M\217\311JC1\024\206\317\237\\\333.\324\007\320"
  78      C94A4331 
  78      1486CF9F 
  78      5CDB2ED4 
  78      07D0
  79 0012 2E5C08A5 		.ascii	".\\\010\245\212\275\025W\276\200\370\032\255\010\026"
  79      8ABD1557 
  79      BE80F81A 
  79      AD0816
  80 0021 AE0356D7 		.ascii	"\256\003V\327\215\035\034\260\213\202ZQ\356B\321\"\270"
  80      8D1D1CB0 
  80      8B825A51 
  80      EE42D122 
  80      B8
  81 0032 A9E23C41 		.ascii	"\251\342<A\220.\004\251\242\342\0138\254\004\301\205"
  81      902E04A9 
  81      A2E20B38 
  81      AC04C185 
  82 0042 AE4AF5A4 		.ascii	"\256J\365\244U0$\344?\311\377%\347\367\020Q'\210\272"
  82      553024E4 
  82      3FC9FF25 
  82      E7F71051 
  82      2788BA
  83 0055 796FE505 		.ascii	"yo\345\005I\020\271\033\242)\237\000\214P>PB \201\254"
  83      4910B91B 
  83      A2299F00 
  83      8C503E50 
ARM GAS  /tmp/ccZ6PwFq.s 			page 6


  83      422081AC 
  84 0069 5C94B84B 		.ascii	"\\\224\270K\357\270r^\272l\263\270\374(\257>7\233\022"
  84      EFB8725E 
  84      BA6CB3B8 
  84      FC28AF3E 
  84      379B12
  85 007c 68E3B270 		.ascii	"h\343\262p\221:GpK\361\320\313\225\336\365T\246\337"
  85      913A4770 
  85      4BF1D0CB 
  85      95DEF554 
  85      A6DF
  86 008e 9582F2EC 		.ascii	"\225\202\362\354\336\207\037{\360\233/\016\020d\357"
  86      DE871F7B 
  86      F09B2F0E 
  86      1064EF
  87 009d 43F931E7 		.ascii	"C\3711\347\225] \326\013\237oZ\004\012J%\225.mH\325"
  87      955D20D6 
  87      0B9F6F5A 
  87      040A4A25 
  87      952E6D48 
  88 00b2 EE4A8943 		.ascii	"\356J\211C\310\377 \037\021\216\020`\273;\275\375*e"
  88      C8FF201F 
  88      118E1060 
  88      BB3BBDFD 
  88      2A65
  89 00c4 B8865E7F 		.ascii	"\270\206^\177]\225\376\320\227\264T\215\256\264p\\G"
  89      5D95FED0 
  89      97B4548D 
  89      AEB4705C 
  89      47
  90 00d5 7BFC081B 		.ascii	"{\374\010\033\320\"\234 `\334O\273\325\245&\217e:\342"
  90      D0229C20 
  90      60DC4FBB 
  90      D5A5268F 
  90      653AE2
  91 00e8 464EE121 		.ascii	"FN\341!\316N\305\373\006\255\252\3373JW6\261\322'\210"
  91      CE4EC5FB 
  91      06ADAADF 
  91      334A5736 
  91      B1D22788 
  92 00fc 66F99EC3 		.ascii	"f\371\236\303+Ms\334?\253\224\246w$\327\212\331\026"
  92      2B4D73DC 
  92      3FAB94A6 
  92      7724D78A 
  92      D916
  93 010e 43F14BF9 		.ascii	"C\361K\371\314\345\255\327$\027 \234\325\2021\005\343"
  93      CCE5ADD7 
  93      2417209C 
  93      D5823105 
  93      E3
  94 011f 65BE2314 		.ascii	"e\276#\024\262\353s4n\017E\034\333\211E\355\370\304"
  94      B2EB7334 
  94      6E0F451C 
  94      DB8945ED 
  94      F8C4
  95 0131 F8606438 		.ascii	"\370`d8n\217L:\316\257\016\015\220\210\215!\372\003"
  95      6E8F4C3A 
ARM GAS  /tmp/ccZ6PwFq.s 			page 7


  95      CEAF0E0D 
  95      90888D21 
  95      FA03
  96 0143 A37D7085 		.ascii	"\243}p\205"
  97              		.text
  98              		.section	.gnu.lto_get.206ce407eef7d4c9,"",%progbits
  99 0000 789C4D4F 		.ascii	"x\234MO\313J\003A\020\354\232^\327\210\350\007h\016"
  99      CB4A0341 
  99      10EC9A5E 
  99      D788E807 
  99      680E
 100 0012 1E8410C1 		.ascii	"\036\204\020\301\235\277\360?\242\010\006\326\007\256"
 100      9DBFF03F 
 100      A20806D6 
 100      07AE
 101 0020 9E332682 		.ascii	"\2363&\202\2129\004|\201,\"\204\220\243\232D\243\240"
 101      8A39047C 
 101      812C2284 
 101      90A39A44 
 101      A3A0
 102 0032 3082D788 		.ascii	"0\202\327\210\017\274\213z\013\010A\274F{\324\203\303"
 102      0FBC8B7A 
 102      0B0841BC 
 102      467BD483 
 102      C3
 103 0043 3454CD54 		.ascii	"4T\315TUw\373D\364!\245\245\206\245\300\004U\272%ZI"
 103      5577FB44 
 103      F421A5A5 
 103      86A5C004 
 103      55BA255A 
 104 0058 28C00193 		.ascii	"(\300\001\223\000\345\024r(\3626\343~\3658\346M\216"
 104      00E51472 
 104      28F236E3 
 104      7EF538E6 
 104      4D8E
 105 006a 45E609ED 		.ascii	"E\346\011\355\264\366_\007\035\005F\204V\256\012\227"
 105      B4F65F07 
 105      1D054684 
 105      56AE0A97 
 106 007a 48578D1C 		.ascii	"HW\215\034\273\027\373\007\215;\323\027\263\242]\221"
 106      BB17FB07 
 106      8D3BD317 
 106      B3A25D91 
 107 008a 3790441D 		.ascii	"7\220D\035I\327\343\024i\021?\266\236J\275<\016\022"
 107      49D7E314 
 107      69113FB6 
 107      9E4ABD3C 
 107      0E12
 108 009c BCF5D9B6 		.ascii	"\274\365\331\266*U1&o\354M\231\315h\314\2143\360\177"
 108      2A553126 
 108      6FEC4D99 
 108      CD68CC8C 
 108      33F07F
 109 00af A33C119A 		.ascii	"\243<\021\232H9\375\313Iwg\300\367\\\260\344\235\303"
 109      4839FDCB 
 109      497767C0 
 109      F75CB0E4 
ARM GAS  /tmp/ccZ6PwFq.s 			page 8


 109      9DC3
 110 00c1 2708387A 		.ascii	"'\0108z\350\261\246\373\265f\354[\031\315\011E\264."
 110      E8B1A6FB 
 110      B566EC5B 
 110      19CD0945 
 110      B42E
 111 00d3 FFB284B1 		.ascii	"\377\262\204\261\264!c\010*XzG\376\260]\034r.I\272~"
 111      B4216308 
 111      2A587A47 
 111      FEB05D1C 
 111      722E49BA 
 112 00e8 AE75FADD 		.ascii	"\256u\372\335\006\012\036.~\346\023\027\234V\374cA\240"
 112      060A1E2E 
 112      7EE61317 
 112      9C56FC63 
 112      41A0
 113 00fa 7FEF7CA4 		.ascii	"\177\357|\244g2\241\016\263\223:ZZ\234\316\314Fzn9\014"
 113      6732A10E 
 113      B3933A5A 
 113      5A9CCECC 
 113      467A6E39 
 114 010f FF703045 		.ascii	"\377p0E*\273\360\015\004]`\342"
 114      2ABBF00D 
 114      045D60E2 
 115              		.text
 116              		.section	.gnu.lto_nullObjectInit.206ce407eef7d4c9,"",%progbits
 117 0000 789C4D50 		.ascii	"x\234MPMK[A\024\275\347\335\227gP\024\227\242Y\270\020"
 117      4D4B5B41 
 117      14BDE7DD 
 117      97675014 
 117      97A259B8 
 118 0015 44A179FD 		.ascii	"D\241y\375\025\376\017\025A!F1v\323M\306\304\230\024"
 118      15FE0F15 
 118      41214631 
 118      76D34DC6 
 118      C49814
 119 0028 155C342A 		.ascii	"\025\\4*\372\224'Dt\023\374\210\037\325\372\361\310"
 119      FA942744 
 119      7413FC88 
 119      1FD5FAF1 
 119      C8
 120 0039 C295B144 		.ascii	"\302\225\261D\\t\325\205\205\012\322\372\201\202(T\275"
 120      5C74D585 
 120      850AD2FA 
 120      81822854 
 120      BD
 121 004a 13B3F032 		.ascii	"\023\263\3602\303\334;s\346\334s\256EDi\020}\224\263"
 121      C3DC3B73 
 121      E6DC73AE 
 121      45446910 
 121      7D94B3
 122 005d 41369860 		.ascii	"A6\230`L\234\020\015\371\015@'\312\017\212\032\210b"
 122      4C9C100D 
 122      F90D4027 
 122      CA0F8A1A 
 122      8862
 123 006f 8CBF32F2 		.ascii	"\214\2772\362\311?;F\313\222\222\360\246n\254\021\225"
ARM GAS  /tmp/ccZ6PwFq.s 			page 9


 123      C93F3B46 
 123      CB9292F0 
 123      A66EAC11 
 123      95
 124 0080 A8739868 		.ascii	"\250s\230hR\266\016\344\320\"\250\342\360\252\303\243"
 124      52B60EE4 
 124      D022A8E2 
 124      F0AAC3A3 
 125 0090 EC30604A 		.ascii	"\3540`Jy[\230\371]\243K\003\215R^,\254\3775\371\003"
 125      795B98F9 
 125      5DA34B03 
 125      8D525E2C 
 125      ACFF35F9 
 126 00a5 48F2B9E5 		.ascii	"H\362\271\345\342le\363\242R1\345\035gX59\314\330\002"
 126      E26C65F3 
 126      A25231E5 
 126      1D675835 
 126      39CCD802 
 127 00b9 0B213611 		.ascii	"\013!6\021\300\006\002$W\204m4k\374\371\332s\272\332"
 127      C0060224 
 127      57846D34 
 127      6BFCF9DA 
 127      73BADA
 128 00cc 32DF1AE2 		.ascii	"2\337\032\342\033,\022\361\264r\352\363\324\363KRy\367"
 128      1B2C12F1 
 128      B472EAF3 
 128      D4F34B52 
 128      79F7
 129 00de 193CB499 		.ascii	"\031<\264\231\"]\343)%(\361\240<\372\302\206\316\342"
 129      225DE329 
 129      2528F1A0 
 129      3CFAC286 
 129      CEE2
 130 00f0 1E5D22F6 		.ascii	"\036]\"\366\224\314n\367\353\317B8\231\310\377\250\320"
 130      94CC6EF7 
 130      EBCF4238 
 130      99C8FFA8 
 130      D0
 131 0101 DAB8A467 		.ascii	"\332\270\244g/_8\262\\\314\017\211A\267\336asFD\357"
 131      2F5F38B2 
 131      5CCC0F89 
 131      41B7DE61 
 131      734644EF 
 132 0115 8808FD78 		.ascii	"\210\010\375x\226\374\371\253\312\316j\363\215\016\373"
 132      96FCF9AB 
 132      CACE6AF3 
 132      8D0EFB
 133 0124 B00B17E9 		.ascii	"\260\013\027\351\222s|\207\375\236\314W\"\213?\035\336"
 133      92737C87 
 133      FD9ECC57 
 133      228B3F1D 
 133      DE
 134 0135 D544FF2B 		.ascii	"\325D\377+\031\221\317\3258\271{,\376KU\351\006\265"
 134      1991CFD5 
 134      38B97B2C 
 134      FE4B55E9 
 134      06B5
ARM GAS  /tmp/ccZ6PwFq.s 			page 10


 135 0147 0E5BD897 		.ascii	"\016[\330\227\271\356\225\331\343\231\\\002\202\236"
 135      B9EE95D9 
 135      E3995C02 
 135      829E
 136 0155 96CE9F35 		.ascii	"\226\316\2375\305\201\320\013\365!\242t\205\230{=\216"
 136      C581D00B 
 136      F521A274 
 136      85987B3D 
 136      8E
 137 0166 92611D29 		.ascii	"\222a\035)Q+v\014\242\326`\320~[}\021\273\273=d\207"
 137      512B760C 
 137      A2D660D0 
 137      7E5B7D11 
 137      BBBB3D64 
 138 017b 7A3AECC8 		.ascii	"z:\354\310\340@W{o\304\016\177\012\205\312y\260\223"
 138      E040577B 
 138      6FC40E7F 
 138      0A85CA79 
 138      B093
 139 018d 381CE97F 		.ascii	"8\034\351\177\005U\000\226\312"
 139      05550096 
 139      CA
 140              		.text
 141              		.section	.gnu.lto_vmt.206ce407eef7d4c9,"",%progbits
 142 0000 789C6363 		.ascii	"x\234cc``\330\000\304:\014\0200\205\231q\347\3167\267"
 142      6060D800 
 142      C43A0C10 
 142      30859971 
 142      E7CE37B7 
 143 0014 D9EBFF36 		.ascii	"\331\353\3776t44<\350\236\313<\223y\0163\3034f\014\271"
 143      7434343C 
 143      E89ECB3C 
 143      93790E33 
 143      C334660C 
 144 0029 059B78E6 		.ascii	"\005\233x\34603Ncf\304\220\370\006\324\3014\215\231"
 144      30334E63 
 144      66C490F8 
 144      06D4C134 
 144      8D99
 145 003b 0943621B 		.ascii	"\011Cb\033P\202y\03233Xb\375\233\235?y\273\201\",\214"
 145      5082791A 
 145      33335862 
 145      FD9B9D3F 
 145      79BB8122 
 146 0051 20EED9FB 		.ascii	" \356\331\373s\2370Ylk\350X\320\0200\207\231u*3\003"
 146      739F3059 
 146      6C6BE858 
 146      D0103087 
 146      99752A33 
 147 0066 E3764699 		.ascii	"\343vF\231\251\314\214\214\333\030\353\247231n\005Q"
 147      A9CC8C8C 
 147      DB18EBA7 
 147      3233316E 
 147      0551
 148 0078 CC8C5B40 		.ascii	"\314\214[@\024\013\343f\306z\006\306\035\214\026\014"
 148      140BE366 
 148      C67A06C6 
ARM GAS  /tmp/ccZ6PwFq.s 			page 11


 148      1D8C160C 
 149 0088 5A7A7AFA 		.ascii	"Zzz\372\020\224_\254\237\221\230\243\237\223\231\244"
 149      10945FAC 
 149      9F9198A3 
 149      9F9399A4 
 150 0098 5F5C5294 		.ascii	"_\\R\224\232\230[\254\237W\232\223\003e\353%3\000\000"
 150      9A985BAC 
 150      9F579A93 
 150      0365EB25 
 150      330000
 151 00ab 275E4EE9 		.ascii	"'^N\351"
 152              		.text
 153              		.section	.gnu.lto_.symbol_nodes.206ce407eef7d4c9,"",%progbits
 154 0000 789C6363 		.ascii	"x\234cc``\310\005b\006\246\371L\365\014\014\023\316"
 154      6060C805 
 154      6206A6F9 
 154      4CF50C0C 
 154      13CE
 155 0012 313000A9 		.ascii	"10\000\251\035\013\0166\260\001\305\0260\3253\242\213"
 155      1D0B0E36 
 155      B001C516 
 155      30D533A2 
 155      8B
 156 0023 2D64AA67 		.ascii	"-d\252gB\027[\304T\317\214.\266\204\251\236\005&\266"
 156      42175BC4 
 156      54CF8C2E 
 156      B684A99E 
 156      0526B6
 157 0036 ABC19181 		.ascii	"\253\301\221\201\201u1\023C\203\022\003\0033\003\000"
 157      81753113 
 157      43831203 
 157      03330300 
 158 0046 9AFB1CCA 		.ascii	"\232\373\034\312"
 159              		.text
 160              		.section	.gnu.lto_.refs.206ce407eef7d4c9,"",%progbits
 161 0000 789C6363 		.ascii	"x\234cc``\020\000bF\026&VF\026V&\006&F&&&f\006\000\003"
 161      60601000 
 161      62461626 
 161      56461656 
 161      26062646 
 162 001b 3F003B   		.ascii	"?\000;"
 163              		.text
 164              		.section	.gnu.lto_.decls.206ce407eef7d4c9,"",%progbits
 165 0000 789C8D56 		.ascii	"x\234\215VkLT\327\026>\353\354y\3000\200)\306\332\204"
 165      6B4C54D7 
 165      163EEBEC 
 165      79C03080 
 165      29C6DA84 
 166 0014 3486D094 		.ascii	"4\206\320\2246\221S\265\017\177\364G\033\177\264\375"
 166      369153B5 
 166      0F7FF447 
 166      1B7FB4FD 
 167 0024 616F727B 		.ascii	"aor{\333\204\246\351\024\307Q\306\300`\230C_\277\216"
 167      DB84A6E9 
 167      14C751C6 
 167      C0609843 
 167      5FBF8E
ARM GAS  /tmp/ccZ6PwFq.s 			page 12


 168 0037 8074D48A 		.ascii	"\200t\324\212\220z\257\217\352\255Q\213R\304j\035\301"
 168      907AAF8F 
 168      EAAD518B 
 168      52C46A1D 
 168      C1
 169 0048 47C55111 		.ascii	"G\305Q\021)\242RT\264\012B-\026k)\017\345QD\235\273"
 169      29A25254 
 169      B40A422D 
 169      166B290F 
 169      E551449D 
 170 005d F663E69C 		.ascii	"\366c\346\234\231\316\344\366d\326\231\331\353\254o"
 170      99CEE4F6 
 170      64D699D9 
 170      EBAC6F
 171 006c AD6F7F7B 		.ascii	"\255o\177{\355}\306\"IR\262]\222.\001\267 ^V\364\235"
 171      ED7DC622 
 171      4952B25D 
 171      922E01B7 
 171      205E56F4 
 172 0081 40B3A039 		.ascii	"@\263\2409\320\002hMh\315h\215hA\211_f4\202\0303\232"
 172      D002684D 
 172      68CD688D 
 172      6841895F 
 172      66348218 
 173 0097 05CD8A96 		.ascii	"\005\315\212\226\204\206\037\311\016R\304e\225y\374"
 173      84861FC9 
 173      0E52C465 
 173      9579FC
 174 00a6 6368D345 		.ascii	"ch\323E\276Pnz\201\310\025}%\305\3015\033p\346\030\270"
 174      BE506E7A 
 174      81C8157D 
 174      25C5C135 
 174      1B70E618 
 175 00bb E428DC4F 		.ascii	"\344(\334O\002\327h\300Yb\340R\021g\212\201\013a\254"
 175      02D768C0 
 175      5962E052 
 175      11678A81 
 175      0B61AC
 176 00ce 31308F23 		.ascii	"10\217#\206j\366\201\001G5z\204\366'\332\204\300N\211"
 176      866AF681 
 176      0147357A 
 176      84F627DA 
 176      84C04E89 
 177 00e2 EF781A3D 		.ascii	"\357x\032=!s\315\207\320\256\243\375\214\326\217\226"
 177      2173CD87 
 177      D0AEA3FD 
 177      8CD68F96 
 178 00f2 2372D0F9 		.ascii	"#r\320\371\334C\033A\033G\033F\033\2258_\253X\003\252"
 178      DC431B41 
 178      1B471B46 
 178      1B95385F 
 178      AB5803AA 
 179 0106 452C1DD7 		.ascii	"E,\035\327\023\370\261l\337\026\262\206\300c60\341p"
 179      13F8B16C 
 179      DF16B286 
 179      C0633630 
 179      E170
ARM GAS  /tmp/ccZ6PwFq.s 			page 13


 180 0118 E4DCE65F 		.ascii	"\344\334\346_Rp8\335\006\263p\370\355\312\276\232\004"
 180      527038DD 
 180      06B370F8 
 180      EDCABE9A 
 180      04
 181 0129 1CA6DB20 		.ascii	"\034\246\333 \010t<px2\231\217)\270r\274\376\035\"\263"
 181      08743C70 
 181      7832998F 
 181      29B872BC 
 181      FE1D22B3 
 182 013d 9FE7076E 		.ascii	"\237\347\007nn\260g\357\321\370\225\360\236\004\015"
 182      6EB067EF 
 182      D1F895F0 
 182      9E040D
 183 014c 404245FC 		.ascii	"@BE\374\201{u&\362\002\015\224\367\327\365-\203,[5\015"
 183      817B7526 
 183      F2020D94 
 183      F7D7F52D 
 183      832C5B35 
 184 0161 0B042766 		.ascii	"\013\004'f\034\322\264ip\024lp\030\010\034\202l*G\272"
 184      1CD2B469 
 184      70146C70 
 184      18081C82 
 184      6C2A47BA 
 185 0175 0DEF3E4D 		.ascii	"\015\357>M+\321\264\035\032\231)\301\274tx.]\202#\220"
 185      2BD1B41D 
 185      1A9929C1 
 185      BC74782E 
 185      5D822390 
 186 0189 454BD328 		.ascii	"EK\323(\250\207t8\010\3514}\315W\273\233\222I\001K\177"
 186      A8877438 
 186      08E9347D 
 186      CD57BB9B 
 186      9249014B 
 187 019e A36EE83C 		.ascii	"\243n\350<\011\347\037\372o\306\201\225\232&C#\026\370"
 187      09E71FFA 
 187      6FC68195 
 187      9A264323 
 187      16F8
 188 01b0 5E2F80F5 		.ascii	"^/\200\365bW8\026\273\302d\377I\315d\023\361\276\377"
 188      62573816 
 188      BBC264FF 
 188      49CD6413 
 188      F1BEFF
 189 01c3 1FDF7EA1 		.ascii	"\037\337~\241nH\266\257\246\361\333J\265\304\327\341"
 189      6E48B6AF 
 189      A6F1DB4A 
 189      B5C4D7E1 
 190 01d3 38D6F7E3 		.ascii	"8\326\367\343\363\003\370\\\202\000\330Y\353\3407\006"
 190      F303F85C 
 190      8200D859 
 190      EBE03706 
 191 01e3 77B7D4D4 		.ascii	"w\267\324\324\322%\310A\221\361J5\350\234\303u\3369"
 191      D225C841 
 191      91F14A35 
 191      E89CC375 
 191      DE39
ARM GAS  /tmp/ccZ6PwFq.s 			page 14


 192 01f5 39D46027 		.ascii	"9\324`'\033\201\315\360\\\373\304\221\004\260e\371\302"
 192      1B81CDF0 
 192      5CFBC491 
 192      04B065F9 
 192      C2
 193 0206 D9A5706A 		.ascii	"\331\245pj8\215|r\004\237\223\350<\201N!um\306\321\033"
 193      388D7C72 
 193      049F93E8 
 193      3C814E21 
 193      756DC6D1 
 194 021b 9A360B9A 		.ascii	"\2326\013\232\220\312)]\212\034\252\004ub\235o\374{"
 194      90CA295D 
 194      8A1CAA04 
 194      75629D6F 
 194      FC7B
 195 022d AA538DB4 		.ascii	"\252S\215\264\033#h7\013\332\315\214vUp\347\245D\322"
 195      1B236837 
 195      0BDACD8C 
 195      765570E7 
 195      A544D2
 196 0240 C14841C7 		.ascii	"\301HA\307p\333\326$\336F\323p\270\371\350h\253\231"
 196      70DBD624 
 196      DE46D370 
 196      B8F9E868 
 196      AB99
 197 0252 0F137018 		.ascii	"\017\023p\030\034\272w\303N:y\250\277\247cW\222\011"
 197      1CBA77C3 
 197      4E3A79A8 
 197      BFA76357 
 197      9209
 198 0264 BB9A65F7 		.ascii	"\273\232e\367\230\250\257i\365\232\267\230\313a\207"
 198      98A8AF69 
 198      F59AB798 
 198      CB6187
 199 0273 B3C05CA7 		.ascii	"\263\300\\\247\203\023\201T\236B6\024\230\316\013\254"
 199      83138154 
 199      9E423614 
 199      98CE0BAC 
 200 0283 5C5BB7C1 		.ascii	"\\[\267\301\206C\013\327\314\212\256\276\341\373\365"
 200      86430BD7 
 200      CC8AAEBE 
 200      E1FBF5
 201 0292 26EEA213 		.ascii	"&\356\242\023\376\030][7u\355O!\327\270n\215\027\017"
 201      FE185D5B 
 201      3775ED4F 
 201      21D7B86E 
 201      8D170F
 202 02a5 9525EB9D 		.ascii	"\225%\353\235\327\360\364\212\317hg\\D\022?\352rXDc"
 202      D7F0F48A 
 202      CF68675C 
 202      44123FEA 
 202      72584463 
 203 02b9 687F91B6 		.ascii	"h\177\221\266\003\245\265\010i\333\321y\201/\365\335"
 203      03A5B508 
 203      69DBD179 
 203      812FF5DD 
 204 02c9 C961BF89 		.ascii	"\311a\277\211\364\361\032\007\276x\2601\305\320}s\017"
ARM GAS  /tmp/ccZ6PwFq.s 			page 15


 204      F4F11A07 
 204      BE78B031 
 204      C5D07D73 
 204      0F
 205 02da B2EEEBC4 		.ascii	"\262\356\353\304\032\227\364\032\027!n\221\313\261\213"
 205      1A97F41A 
 205      17216E91 
 205      CBB18B
 206 02e9 5CF9FCE2 		.ascii	"\\\371\374\342u\013\031\340E\032\316vM\351-~\245\361"
 206      750B19E0 
 206      451ACE76 
 206      4DE92D7E 
 206      A5F1
 207 02fb E5CB6C22 		.ascii	"\345\313l\"?a\221+z\221\316\370E\256\306.r\277\363\267"
 207      3F61912B 
 207      7A91CEF8 
 207      45AEC62E 
 207      72BFF3B7 
 208 030f 928499FF 		.ascii	"\222\204\231\377\241\210\312Rm\032\317x\036\237\237"
 208      A188CA52 
 208      6D1ACF78 
 208      1E9F9F
 209 031e 63AB7F0D 		.ascii	"c\253\177\015f\342\275\015L|OO\\=\326\036\321\342\370"
 209      66E2BD0D 
 209      4C7C4F4F 
 209      5C3DD61E 
 209      D1E2F8
 210 0331 DCD02BD7 		.ascii	"\334\320+\327y\257`\340`\371\221\356\024R\313\217\211"
 210      79AF60E0 
 210      60F991EE 
 210      1452CB8F 
 210      89
 211 0342 2D7D6B2B 		.ascii	"-}k+\314l\245\233\302\213\377}\307\376[\334\207\215"
 211      CC6CA59B 
 211      C28BFF7D 
 211      C7FE5BDC 
 211      878D
 212 0354 05DD7CF9 		.ascii	"\005\335|\371\0376\236\330CB-q\203\373\006\375%\253"
 212      1F369ED8 
 212      43422D71 
 212      83FB06FD 
 212      25AB
 213 0366 6423C1A6 		.ascii	"d#\301\246\010\202\275\214`O\210`\343\301\232\0360\022"
 213      0882BD8C 
 213      604F8860 
 213      E3C19A1E 
 213      3012
 214 0378 EC8D20F8 		.ascii	"\354\215 \370s\230\340\345\376\303\343Id_|\202]_\334"
 214      7398E0E5 
 214      FEC3E349 
 214      645F7C82 
 214      5D5FDC
 215 038b 3CCA3B16 		.ascii	"<\312;\0267,\374\302\311\254\035\325.\244\206\010\366"
 215      372CFCC2 
 215      C9AC1DD5 
 215      2EA48608 
 215      F6
ARM GAS  /tmp/ccZ6PwFq.s 			page 16


 216 039c 715F4DF7 		.ascii	"q_M\367\272\212\324\370\004\177e\004o\205\010\356\376"
 216      BA8AD4F8 
 216      047F6504 
 216      6F8508EE 
 216      FE
 217 03ad FA615DA2 		.ascii	"\372a]\242\221\340\257\021\004\373\303\004\367v\334"
 217      91E0AF11 
 217      04FBC304 
 217      F776DC
 218 03bc 1E93493D 		.ascii	"\036\223I='X\262w\264-\2054\363\301\310\203\255\015"
 218      2758B277 
 218      B42D8534 
 218      F3C1C883 
 218      AD0D
 219 03ce 897C934C 		.ascii	"\211|\223L\247\242\365TVZ\371&\331\306\216\353\356\355"
 219      A7A2F554 
 219      565AF926 
 219      D9C68EEB 
 219      EEED
 220 03e0 BE647289 		.ascii	"\276dr\211\307\356\3353\265\317\026\"\314'vK\273Y\227"
 220      C7EEDD33 
 220      B5CF1622 
 220      CC27764B 
 220      BB5997
 221 03f3 127FC507 		.ascii	"\022\177\305\007\031\337?B|k\327\325>n\244;\030Aw(D"
 221      19DF3F42 
 221      7C6BD7D5 
 221      3E6EA43B 
 221      18417728 
 222 0408 D7FA5D9B 		.ascii	"\327\372]\233oM\022df\246effen\247\361\2013\327\347"
 222      6F4D1264 
 222      66A66566 
 222      66656EA7 
 222      F18133D7 
 223 041d D7FB356D 		.ascii	"\327\3735m\225\205\366\005\264b\227\336\2054\275!\177"
 223      9585F605 
 223      B46297DE 
 223      8534BD21 
 223      7F
 224 042e 6019FCF4 		.ascii	"`\031\374\364.q@;\264<G\025\200\233\321\261\212\036"
 224      2E71403B 
 224      B43C4715 
 224      809BD1B1 
 224      8A1E
 225 0440 5AC588A3 		.ascii	"Z\305\210\243!C\370\035\003\356\320\200\337\004\002"
 225      2143F81D 
 225      03EED080 
 225      DF0402
 226 044f DB1BC6B0 		.ascii	"\333\033\306\260\323\357A&\214\240\215\243\015\243\215"
 226      D3EF4126 
 226      8CA08DA3 
 226      0DA38D
 227 045e 42267B2F 		.ascii	"B&{/\031\012\321e\272\035\263\320\234(J8K\030\210\216"
 227      190AD165 
 227      BA1DB3D0 
 227      9C284A38 
 227      4B18888E 
ARM GAS  /tmp/ccZ6PwFq.s 			page 17


 228 0472 6C817028 		.ascii	"l\201p(\337\223\203\345\004\337\2014H\022\333Q/8\376"
 228      DF9383E5 
 228      04DF8134 
 228      4812DB51 
 228      2F38FE
 229 0485 E2662D50 		.ascii	"\342f-PFh\377AWl!X&\024\274a\244e;I\023\263\364\305"
 229      4668FF41 
 229      576C2158 
 229      2614BC61 
 229      A4653B49 
 230 049d 9DA51477 		.ascii	"\235\245\024w\212\230\243\277\374\312H\3046\2350\324"
 230      8A98A3BF 
 230      FCCA48C4 
 230      369D30D4 
 231 04ad 93E0CFD0 		.ascii	"\223\340\317\320\252\221\007\015\253O\232 -+\263J\034"
 231      AA91070D 
 231      AB4F9A20 
 231      2D2BB34A 
 231      1C
 232 04be 19AC9E1E 		.ascii	"\031\254\236\0369)$\275\217\222N\211\374|\266\343\033"
 232      392924BD 
 232      8F924E89 
 232      FC7CB6E3 
 232      1B
 233 04cf D86C2763 		.ascii	"\330l'c\315\266y\343\223;J5\024\016\013\301\031\344"
 233      CDB679E3 
 233      933B4A35 
 233      140E0BC1 
 233      19E4
 234 04e1 3C195B62 		.ascii	"<\031[b\272\363*\272\352\355\244\224\2603\356\352:\377"
 234      BAF32ABA 
 234      EAEDA494 
 234      B033EEEA 
 234      3AFF
 235 04f3 5E3364A5 		.ascii	"^3d\245\361\012\235\033-\264\302#\304>\320O8ZP4A4]x"
 235      F10A9D1B 
 235      2DB4C223 
 235      C43ED04F 
 235      385A5034 
 236 050b 882C6331 		.ascii	"\210,c1\306:\373'\376}6B\221G\021\212\004\305K.\310"
 236      C63AFB27 
 236      FE7D3642 
 236      9147118A 
 236      04C54B2E 
 237 0520 5E72474E 		.ascii	"^rGN\034;\236\324\203\207\022\3357\323X\012\000~\307"
 237      1C3B9ED4 
 237      838712DD 
 237      37D3580A 
 237      007EC7
 238 0533 6F6A6C1C 		.ascii	"ojl\034\014]\300\375\350\225\371\227\010\245\203\020"
 238      0C5DC0FD 
 238      E895F997 
 238      08A58310 
 239 0543 04C21E59 		.ascii	"\004\302\036Y\344\220Cy\331G$\000cV\376\234\227\013"
 239      E4904379 
 239      D9472400 
 239      6356FE9C 
ARM GAS  /tmp/ccZ6PwFq.s 			page 18


 239      970B
 240 0555 5DFC8F23 		.ascii	"]\374\217#\377a\300q\227\254\0273@\376\302U\012?\016"
 240      FF61C071 
 240      97AC1733 
 240      40FEC255 
 240      0A3F0E
 241 0568 93D22709 		.ascii	"\223\322'\011B\261][6\231{\361\020\226\340]I\252L\360"
 241      42B15D5B 
 241      36997BF1 
 241      1096E05D 
 241      49AA4CF0 
 242 057c B0E3E4EC 		.ascii	"\260\343\344\354\227[\253\200T\260\345\202\206\261S"
 242      975BAB80 
 242      54B0E582 
 242      86B153
 243 058b 63A919DB 		.ascii	"c\251\031\333\264\366^|\353\335y~\354T\271\326\216\313"
 243      B4F65E7C 
 243      EBDD797E 
 243      EC54B9D6 
 243      8ECB
 244 059d F20A3BF3 		.ascii	"\362\012;\363\240D\016\257\031\376\304\373\012\271\027"
 244      A0440EAF 
 244      19FEC4FB 
 244      0AB917
 245 05ac 40937B30 		.ascii	"@\223{0c\251\234A\377_U\235\363\233I\200'\353\354[\337"
 245      63A99C41 
 245      FF5F559D 
 245      F39B4980 
 245      27EBEC5B 
 246 05c1 962C92DD 		.ascii	"\226,\222\335\251&\332z\215\376E\244\247w\231\236\250"
 246      A926DA7A 
 246      8DFE45A4 
 246      A777999E 
 246      A8
 247 05d2 2C3AD14A 		.ascii	",:\321J\226\350\364\355:\237]`\307\373\011n5\374\307"
 247      96E8F4ED 
 247      3A9F5D60 
 247      C7FB096E 
 247      35FCC7
 248 05e5 862F47FA 		.ascii	"\206/G\372rj\325[\247\025\242\320\345\014}\260:\360"
 248      726AD55B 
 248      A715A2D0 
 248      E50C7DB0 
 248      3AF0
 249 05f7 BE00DF9D 		.ascii	"\276\000\337\235\031\306\322sn@\307\016Dc?c\330\312"
 249      19C6D273 
 249      6E40C70E 
 249      44633F63 
 249      D8CA
 250 0609 8AFB5309 		.ascii	"\212\373S\011\244\231O\341\253\235\023\017S\330Y\213"
 250      A4994FE1 
 250      AB9D130F 
 250      53D8598B 
 251 0619 6D240EDB 		.ascii	"m$\016\333k\255\376\316\210\267\327\0073\014g\355j\231"
 251      6BADFECE 
 251      88B7D707 
 251      330C67ED 
ARM GAS  /tmp/ccZ6PwFq.s 			page 19


 251      6A99
 252 062b 9EB5AB64 		.ascii	"\236\265\253dq\326\266\354\033\256\266 \225mH\245\371"
 252      71D6B6EC 
 252      1BAEB620 
 252      956D48A5 
 252      F9
 253 063c 4B7B980B 		.ascii	"K{\230\013\206\201OW\301\027\255\302\032\306\245d\327"
 253      86814F57 
 253      C117ADC2 
 253      1AC6A564 
 253      D7
 254 064d 8ADD494F 		.ascii	"\212\335IO\355\320\332\003x\026m\232\201\002\362}\177"
 254      EDD0DA03 
 254      78166D9A 
 254      8102F27D 
 254      7F
 255 065e 86CF227C 		.ascii	"\206\317\"|\212H\314\363\276,\301\347\362S\3223\331"
 255      8A48CCF3 
 255      BE2CC1E7 
 255      F253D233 
 255      D9
 256 066f D90AFF14 		.ascii	"\331\012\377\024z\225\274\334|%\337\275H\361\252E\256"
 256      7A95BCDC 
 256      7C25DFBD 
 256      48F1AA45 
 256      AE
 257 0680 DC02AFE2 		.ascii	"\334\002\257\342)\316\317\027\277\263\235\011\257\275"
 257      29CECF17 
 257      BFB39D09 
 257      AFBD
 258 068e F9F6AC05 		.ascii	"\371\366\254\005s\346H\211\016G\261\333\243\316w\250"
 258      73E64889 
 258      0E47B1DB 
 258      A3CE77A8 
 259 069e B395626F 		.ascii	"\263\225bo\221\342\3668\363\213\027\273\024\217\353"
 259      91E2F638 
 259      F38B17BB 
 259      148FEB
 260 06ad 230A2EC8 		.ascii	"#\012.\310u\346\271=.\305\261\330\265$\2678_u\250\237"
 260      75E6B93D 
 260      2EC5B1D8 
 260      B524B738 
 260      5F75A89F 
 261 06c1 2C7779B3 		.ascii	",wy\263\363$\253@e\304By?\361*\016\257\272\030C0\324"
 261      F324AB40 
 261      65C44279 
 261      3FF12A0E 
 261      AFBA1843 
 262 06d7 E2757FEA 		.ascii	"\342u\177\352r\250sY$}\274\324\351Tr\213\012f{\012="
 262      72A87359 
 262      247DBCD4 
 262      E954728B 
 262      0A667B0A 
 263 06ec AED9AEDC 		.ascii	"\256\331\256\334En\345\245\354y\331s\302Y\020\211\345"
 263      456EE5A5 
 263      EC79D973 
 263      C2591089 
ARM GAS  /tmp/ccZ6PwFq.s 			page 20


 263      E5
 264 06fd 10493E2C 		.ascii	"\020I>,P\311\362b\025Ib\252ys\035\252U|\233\013\274"
 264      50C9F262 
 264      154962AA 
 264      79731DAA 
 264      557C9B0B 
 265 0712 4B1DEA7C 		.ascii	"K\035\352|\343|\235\205\005\005\205\036eya\221\352U"
 265      E37C9D85 
 265      0505851E 
 265      65796191 
 265      EA55
 266 0724 5EFDE7C2 		.ascii	"^\375\347\302\005\013?\246\276\345\356|W\221Wym\301"
 266      050B3FA6 
 266      BEE5EE7C 
 266      57915779 
 266      6DC1
 267 0736 02C59917 		.ascii	"\002\305\231\027boB\031\026\233?*r\253\256T\267\307"
 267      626F4219 
 267      169B3F2A 
 267      72ABAE54 
 267      B7C7
 268 0748 ABE67A9C 		.ascii	"\253\346z\234.G\341\222%^\227\232\374&\352\364\026\323"
 268      2E47E192 
 268      255E979A 
 268      FC26EAF4 
 268      16D3
 269 075a E99D85FF 		.ascii	"\351\235\205\377\"K]\352\263\177W\325<\311\246\203-"
 269      224B5DEA 
 269      B37F57D5 
 269      3CC9A683 
 269      2D
 270 076b 2CBBF76F 		.ascii	",\273\367o\203\235\222\231\222\362\246P\347?\026-s9"
 270      839D9299 
 270      92F2A650 
 270      E73F162D 
 270      7339
 271 077d D5373C6E 		.ascii	"\3257<n\365\177\240W\020\227"
 271      F57FA057 
 271      1097
 272              		.text
 273              		.section	.gnu.lto_.symtab.206ce407eef7d4c9,"",%progbits
 274 0000 6E756C6C 		.ascii	"nullObjectInit\000"
 274      4F626A65 
 274      6374496E 
 274      697400
 275 000f 00       		.ascii	"\000"
 276 0010 00       		.ascii	"\000"
 277 0011 00       		.ascii	"\000"
 278 0012 00000000 		.ascii	"\000\000\000\000\000\000\000\000"
 278      00000000 
 279 001a 0B010000 		.ascii	"\013\001\000\000"
 280              		.text
 281              		.section	.gnu.lto_.opts,"",%progbits
 282 0000 272D666D 		.ascii	"'-fmath-errno' '-fsigned-zeros' '-ftrapping-math' '"
 282      6174682D 
 282      6572726E 
 282      6F272027 
ARM GAS  /tmp/ccZ6PwFq.s 			page 21


 282      2D667369 
 283 0033 2D666E6F 		.ascii	"-fno-trapv' '-fno-openmp' '-fno-openacc' '-mcpu=cor"
 283      2D747261 
 283      70762720 
 283      272D666E 
 283      6F2D6F70 
 284 0066 7465782D 		.ascii	"tex-m3' '-mthumb' '-O2' '-fomit-frame-pointer' '-fa"
 284      6D332720 
 284      272D6D74 
 284      68756D62 
 284      2720272D 
 285 0099 6C69676E 		.ascii	"lign-functions=16' '-ffunction-sections' '-fdata-se"
 285      2D66756E 
 285      6374696F 
 285      6E733D31 
 285      36272027 
 286 00cc 6374696F 		.ascii	"ctions' '-fno-common' '-flto'\000"
 286      6E732720 
 286      272D666E 
 286      6F2D636F 
 286      6D6D6F6E 
 287              		.text
 288              		.comm	__gnu_lto_v1,1,1
 289              		.comm	__gnu_lto_slim,1,1
 290              		.ident	"GCC: (15:7-2018-q2-6) 7.3.1 20180622 (release) [ARM/embedded-7-branch revision 261907]"
ARM GAS  /tmp/ccZ6PwFq.s 			page 22


DEFINED SYMBOLS
                            *ABS*:0000000000000000 nullstreams.c
                            *COM*:0000000000000001 __gnu_lto_v1
                            *COM*:0000000000000001 __gnu_lto_slim

NO UNDEFINED SYMBOLS
