ARM GAS  /tmp/cc26JYnc.s 			page 1


   1              		.cpu cortex-m4
   2              		.eabi_attribute 27, 1
   3              		.eabi_attribute 28, 1
   4              		.eabi_attribute 20, 1
   5              		.eabi_attribute 21, 1
   6              		.eabi_attribute 23, 3
   7              		.eabi_attribute 24, 1
   8              		.eabi_attribute 25, 1
   9              		.eabi_attribute 26, 1
  10              		.eabi_attribute 30, 1
  11              		.eabi_attribute 34, 1
  12              		.eabi_attribute 18, 4
  13              		.file	"tx_trace_buffer_full_notify.c"
  14              		.text
  15              	.Ltext0:
  16              		.cfi_sections	.debug_frame
  17              		.section	.text._tx_trace_buffer_full_notify,"ax",%progbits
  18              		.align	1
  19              		.global	_tx_trace_buffer_full_notify
  20              		.syntax unified
  21              		.thumb
  22              		.thumb_func
  23              		.fpu fpv4-sp-d16
  25              	_tx_trace_buffer_full_notify:
  26              	.LFB8:
  27              		.file 1 "ThreadX/common/src/tx_trace_buffer_full_notify.c"
   1:ThreadX/common/src/tx_trace_buffer_full_notify.c **** /**************************************************************************/
   2:ThreadX/common/src/tx_trace_buffer_full_notify.c **** /*                                                                        */
   3:ThreadX/common/src/tx_trace_buffer_full_notify.c **** /*       Copyright (c) Microsoft Corporation. All rights reserved.        */
   4:ThreadX/common/src/tx_trace_buffer_full_notify.c **** /*                                                                        */
   5:ThreadX/common/src/tx_trace_buffer_full_notify.c **** /*       This software is licensed under the Microsoft Software License   */
   6:ThreadX/common/src/tx_trace_buffer_full_notify.c **** /*       Terms for Microsoft Azure RTOS. Full text of the license can be  */
   7:ThreadX/common/src/tx_trace_buffer_full_notify.c **** /*       found in the LICENSE file at https://aka.ms/AzureRTOS_EULA       */
   8:ThreadX/common/src/tx_trace_buffer_full_notify.c **** /*       and in the root directory of this software.                      */
   9:ThreadX/common/src/tx_trace_buffer_full_notify.c **** /*                                                                        */
  10:ThreadX/common/src/tx_trace_buffer_full_notify.c **** /**************************************************************************/
  11:ThreadX/common/src/tx_trace_buffer_full_notify.c **** 
  12:ThreadX/common/src/tx_trace_buffer_full_notify.c **** 
  13:ThreadX/common/src/tx_trace_buffer_full_notify.c **** /**************************************************************************/
  14:ThreadX/common/src/tx_trace_buffer_full_notify.c **** /**************************************************************************/
  15:ThreadX/common/src/tx_trace_buffer_full_notify.c **** /**                                                                       */
  16:ThreadX/common/src/tx_trace_buffer_full_notify.c **** /** ThreadX Component                                                     */
  17:ThreadX/common/src/tx_trace_buffer_full_notify.c **** /**                                                                       */
  18:ThreadX/common/src/tx_trace_buffer_full_notify.c **** /**   Trace                                                               */
  19:ThreadX/common/src/tx_trace_buffer_full_notify.c **** /**                                                                       */
  20:ThreadX/common/src/tx_trace_buffer_full_notify.c **** /**************************************************************************/
  21:ThreadX/common/src/tx_trace_buffer_full_notify.c **** /**************************************************************************/
  22:ThreadX/common/src/tx_trace_buffer_full_notify.c **** 
  23:ThreadX/common/src/tx_trace_buffer_full_notify.c **** #ifndef TX_SOURCE_CODE
  24:ThreadX/common/src/tx_trace_buffer_full_notify.c **** #define TX_SOURCE_CODE
  25:ThreadX/common/src/tx_trace_buffer_full_notify.c **** #endif
  26:ThreadX/common/src/tx_trace_buffer_full_notify.c **** 
  27:ThreadX/common/src/tx_trace_buffer_full_notify.c **** 
  28:ThreadX/common/src/tx_trace_buffer_full_notify.c **** /* Include necessary system files.  */
  29:ThreadX/common/src/tx_trace_buffer_full_notify.c **** 
  30:ThreadX/common/src/tx_trace_buffer_full_notify.c **** #include "tx_api.h"
  31:ThreadX/common/src/tx_trace_buffer_full_notify.c **** #include "tx_trace.h"
ARM GAS  /tmp/cc26JYnc.s 			page 2


  32:ThreadX/common/src/tx_trace_buffer_full_notify.c **** 
  33:ThreadX/common/src/tx_trace_buffer_full_notify.c **** 
  34:ThreadX/common/src/tx_trace_buffer_full_notify.c **** /**************************************************************************/
  35:ThreadX/common/src/tx_trace_buffer_full_notify.c **** /*                                                                        */
  36:ThreadX/common/src/tx_trace_buffer_full_notify.c **** /*  FUNCTION                                               RELEASE        */
  37:ThreadX/common/src/tx_trace_buffer_full_notify.c **** /*                                                                        */
  38:ThreadX/common/src/tx_trace_buffer_full_notify.c **** /*    _tx_trace_buffer_full_notify                        PORTABLE C      */
  39:ThreadX/common/src/tx_trace_buffer_full_notify.c **** /*                                                           6.1          */
  40:ThreadX/common/src/tx_trace_buffer_full_notify.c **** /*  AUTHOR                                                                */
  41:ThreadX/common/src/tx_trace_buffer_full_notify.c **** /*                                                                        */
  42:ThreadX/common/src/tx_trace_buffer_full_notify.c **** /*    William E. Lamie, Microsoft Corporation                             */
  43:ThreadX/common/src/tx_trace_buffer_full_notify.c **** /*                                                                        */
  44:ThreadX/common/src/tx_trace_buffer_full_notify.c **** /*  DESCRIPTION                                                           */
  45:ThreadX/common/src/tx_trace_buffer_full_notify.c **** /*                                                                        */
  46:ThreadX/common/src/tx_trace_buffer_full_notify.c **** /*    This function sets up the application callback function that is     */
  47:ThreadX/common/src/tx_trace_buffer_full_notify.c **** /*    called whenever the trace buffer becomes full. The application      */
  48:ThreadX/common/src/tx_trace_buffer_full_notify.c **** /*    can then swap to a new trace buffer in order not to lose any        */
  49:ThreadX/common/src/tx_trace_buffer_full_notify.c **** /*    events.                                                             */
  50:ThreadX/common/src/tx_trace_buffer_full_notify.c **** /*                                                                        */
  51:ThreadX/common/src/tx_trace_buffer_full_notify.c **** /*  INPUT                                                                 */
  52:ThreadX/common/src/tx_trace_buffer_full_notify.c **** /*                                                                        */
  53:ThreadX/common/src/tx_trace_buffer_full_notify.c **** /*    full_buffer_callback                  Full trace buffer processing  */
  54:ThreadX/common/src/tx_trace_buffer_full_notify.c **** /*                                            function                    */
  55:ThreadX/common/src/tx_trace_buffer_full_notify.c **** /*                                                                        */
  56:ThreadX/common/src/tx_trace_buffer_full_notify.c **** /*  OUTPUT                                                                */
  57:ThreadX/common/src/tx_trace_buffer_full_notify.c **** /*                                                                        */
  58:ThreadX/common/src/tx_trace_buffer_full_notify.c **** /*    Completion Status                                                   */
  59:ThreadX/common/src/tx_trace_buffer_full_notify.c **** /*                                                                        */
  60:ThreadX/common/src/tx_trace_buffer_full_notify.c **** /*  CALLS                                                                 */
  61:ThreadX/common/src/tx_trace_buffer_full_notify.c **** /*                                                                        */
  62:ThreadX/common/src/tx_trace_buffer_full_notify.c **** /*    None                                                                */
  63:ThreadX/common/src/tx_trace_buffer_full_notify.c **** /*                                                                        */
  64:ThreadX/common/src/tx_trace_buffer_full_notify.c **** /*  CALLED BY                                                             */
  65:ThreadX/common/src/tx_trace_buffer_full_notify.c **** /*                                                                        */
  66:ThreadX/common/src/tx_trace_buffer_full_notify.c **** /*    Application Code                                                    */
  67:ThreadX/common/src/tx_trace_buffer_full_notify.c **** /*                                                                        */
  68:ThreadX/common/src/tx_trace_buffer_full_notify.c **** /*  RELEASE HISTORY                                                       */
  69:ThreadX/common/src/tx_trace_buffer_full_notify.c **** /*                                                                        */
  70:ThreadX/common/src/tx_trace_buffer_full_notify.c **** /*    DATE              NAME                      DESCRIPTION             */
  71:ThreadX/common/src/tx_trace_buffer_full_notify.c **** /*                                                                        */
  72:ThreadX/common/src/tx_trace_buffer_full_notify.c **** /*  05-19-2020     William E. Lamie         Initial Version 6.0           */
  73:ThreadX/common/src/tx_trace_buffer_full_notify.c **** /*  09-30-2020     Yuxin Zhou               Modified comment(s),          */
  74:ThreadX/common/src/tx_trace_buffer_full_notify.c **** /*                                            resulting in version 6.1    */
  75:ThreadX/common/src/tx_trace_buffer_full_notify.c **** /*                                                                        */
  76:ThreadX/common/src/tx_trace_buffer_full_notify.c **** /**************************************************************************/
  77:ThreadX/common/src/tx_trace_buffer_full_notify.c **** UINT  _tx_trace_buffer_full_notify(VOID (*full_buffer_callback)(VOID *buffer))
  78:ThreadX/common/src/tx_trace_buffer_full_notify.c **** {
  28              		.loc 1 78 0
  29              		.cfi_startproc
  30              		@ args = 0, pretend = 0, frame = 0
  31              		@ frame_needed = 0, uses_anonymous_args = 0
  32              		@ link register save eliminated.
  33              	.LVL0:
  79:ThreadX/common/src/tx_trace_buffer_full_notify.c **** 
  80:ThreadX/common/src/tx_trace_buffer_full_notify.c **** #ifdef TX_ENABLE_EVENT_TRACE
  81:ThreadX/common/src/tx_trace_buffer_full_notify.c **** 
  82:ThreadX/common/src/tx_trace_buffer_full_notify.c ****     /* Setup the callback function pointer.  */
ARM GAS  /tmp/cc26JYnc.s 			page 3


  83:ThreadX/common/src/tx_trace_buffer_full_notify.c ****     _tx_trace_full_notify_function =  full_buffer_callback;
  84:ThreadX/common/src/tx_trace_buffer_full_notify.c **** 
  85:ThreadX/common/src/tx_trace_buffer_full_notify.c ****     /* Return success.  */
  86:ThreadX/common/src/tx_trace_buffer_full_notify.c ****     return(TX_SUCCESS);
  87:ThreadX/common/src/tx_trace_buffer_full_notify.c **** 
  88:ThreadX/common/src/tx_trace_buffer_full_notify.c **** #else
  89:ThreadX/common/src/tx_trace_buffer_full_notify.c **** 
  90:ThreadX/common/src/tx_trace_buffer_full_notify.c **** UINT    status;
  91:ThreadX/common/src/tx_trace_buffer_full_notify.c **** 
  92:ThreadX/common/src/tx_trace_buffer_full_notify.c **** 
  93:ThreadX/common/src/tx_trace_buffer_full_notify.c ****     /* Access input arguments just for the sake of lint, MISRA, etc.  */
  94:ThreadX/common/src/tx_trace_buffer_full_notify.c ****     if (full_buffer_callback != TX_NULL)
  95:ThreadX/common/src/tx_trace_buffer_full_notify.c ****     {
  96:ThreadX/common/src/tx_trace_buffer_full_notify.c **** 
  97:ThreadX/common/src/tx_trace_buffer_full_notify.c ****         /* Trace not enabled, return an error.  */
  98:ThreadX/common/src/tx_trace_buffer_full_notify.c ****         status =  TX_FEATURE_NOT_ENABLED;
  99:ThreadX/common/src/tx_trace_buffer_full_notify.c ****     }
 100:ThreadX/common/src/tx_trace_buffer_full_notify.c ****     else
 101:ThreadX/common/src/tx_trace_buffer_full_notify.c ****     {
 102:ThreadX/common/src/tx_trace_buffer_full_notify.c **** 
 103:ThreadX/common/src/tx_trace_buffer_full_notify.c ****         /* Trace not enabled, return an error.  */
 104:ThreadX/common/src/tx_trace_buffer_full_notify.c ****         status =  TX_FEATURE_NOT_ENABLED;
 105:ThreadX/common/src/tx_trace_buffer_full_notify.c ****     }
 106:ThreadX/common/src/tx_trace_buffer_full_notify.c **** 
 107:ThreadX/common/src/tx_trace_buffer_full_notify.c ****     /* Return completion status.  */
 108:ThreadX/common/src/tx_trace_buffer_full_notify.c ****     return(status);
 109:ThreadX/common/src/tx_trace_buffer_full_notify.c **** #endif
 110:ThreadX/common/src/tx_trace_buffer_full_notify.c **** }
  34              		.loc 1 110 0
  35 0000 FF20     		movs	r0, #255
  36              	.LVL1:
  37 0002 7047     		bx	lr
  38              		.cfi_endproc
  39              	.LFE8:
  41              		.text
  42              	.Letext0:
  43              		.file 2 "/usr/include/newlib/sys/lock.h"
  44              		.file 3 "/usr/include/newlib/sys/_types.h"
  45              		.file 4 "/usr/lib/gcc/arm-none-eabi/7.3.1/include/stddef.h"
  46              		.file 5 "/usr/include/newlib/sys/reent.h"
  47              		.file 6 "/usr/include/newlib/stdlib.h"
  48              		.file 7 "ThreadX/ports/cortex_m4/gnu/inc/tx_port.h"
ARM GAS  /tmp/cc26JYnc.s 			page 4


DEFINED SYMBOLS
                            *ABS*:0000000000000000 tx_trace_buffer_full_notify.c
     /tmp/cc26JYnc.s:18     .text._tx_trace_buffer_full_notify:0000000000000000 $t
     /tmp/cc26JYnc.s:25     .text._tx_trace_buffer_full_notify:0000000000000000 _tx_trace_buffer_full_notify

NO UNDEFINED SYMBOLS
