ARM GAS  /tmp/cch61KLO.s 			page 1


   1              		.cpu cortex-m4
   2              		.eabi_attribute 27, 1
   3              		.eabi_attribute 28, 1
   4              		.eabi_attribute 20, 1
   5              		.eabi_attribute 21, 1
   6              		.eabi_attribute 23, 3
   7              		.eabi_attribute 24, 1
   8              		.eabi_attribute 25, 1
   9              		.eabi_attribute 26, 1
  10              		.eabi_attribute 30, 1
  11              		.eabi_attribute 34, 1
  12              		.eabi_attribute 18, 4
  13              		.file	"txe_timer_create.c"
  14              		.text
  15              	.Ltext0:
  16              		.cfi_sections	.debug_frame
  17              		.section	.text._txe_timer_create,"ax",%progbits
  18              		.align	1
  19              		.global	_txe_timer_create
  20              		.syntax unified
  21              		.thumb
  22              		.thumb_func
  23              		.fpu fpv4-sp-d16
  25              	_txe_timer_create:
  26              	.LFB8:
  27              		.file 1 "ThreadX/common/src/txe_timer_create.c"
   1:ThreadX/common/src/txe_timer_create.c **** /**************************************************************************/
   2:ThreadX/common/src/txe_timer_create.c **** /*                                                                        */
   3:ThreadX/common/src/txe_timer_create.c **** /*       Copyright (c) Microsoft Corporation. All rights reserved.        */
   4:ThreadX/common/src/txe_timer_create.c **** /*                                                                        */
   5:ThreadX/common/src/txe_timer_create.c **** /*       This software is licensed under the Microsoft Software License   */
   6:ThreadX/common/src/txe_timer_create.c **** /*       Terms for Microsoft Azure RTOS. Full text of the license can be  */
   7:ThreadX/common/src/txe_timer_create.c **** /*       found in the LICENSE file at https://aka.ms/AzureRTOS_EULA       */
   8:ThreadX/common/src/txe_timer_create.c **** /*       and in the root directory of this software.                      */
   9:ThreadX/common/src/txe_timer_create.c **** /*                                                                        */
  10:ThreadX/common/src/txe_timer_create.c **** /**************************************************************************/
  11:ThreadX/common/src/txe_timer_create.c **** 
  12:ThreadX/common/src/txe_timer_create.c **** 
  13:ThreadX/common/src/txe_timer_create.c **** /**************************************************************************/
  14:ThreadX/common/src/txe_timer_create.c **** /**************************************************************************/
  15:ThreadX/common/src/txe_timer_create.c **** /**                                                                       */
  16:ThreadX/common/src/txe_timer_create.c **** /** ThreadX Component                                                     */
  17:ThreadX/common/src/txe_timer_create.c **** /**                                                                       */
  18:ThreadX/common/src/txe_timer_create.c **** /**   Timer                                                               */
  19:ThreadX/common/src/txe_timer_create.c **** /**                                                                       */
  20:ThreadX/common/src/txe_timer_create.c **** /**************************************************************************/
  21:ThreadX/common/src/txe_timer_create.c **** /**************************************************************************/
  22:ThreadX/common/src/txe_timer_create.c **** 
  23:ThreadX/common/src/txe_timer_create.c **** #define TX_SOURCE_CODE
  24:ThreadX/common/src/txe_timer_create.c **** 
  25:ThreadX/common/src/txe_timer_create.c **** 
  26:ThreadX/common/src/txe_timer_create.c **** /* Include necessary system files.  */
  27:ThreadX/common/src/txe_timer_create.c **** 
  28:ThreadX/common/src/txe_timer_create.c **** #include "tx_api.h"
  29:ThreadX/common/src/txe_timer_create.c **** #include "tx_initialize.h"
  30:ThreadX/common/src/txe_timer_create.c **** #include "tx_thread.h"
  31:ThreadX/common/src/txe_timer_create.c **** #include "tx_timer.h"
ARM GAS  /tmp/cch61KLO.s 			page 2


  32:ThreadX/common/src/txe_timer_create.c **** 
  33:ThreadX/common/src/txe_timer_create.c **** 
  34:ThreadX/common/src/txe_timer_create.c **** /**************************************************************************/
  35:ThreadX/common/src/txe_timer_create.c **** /*                                                                        */
  36:ThreadX/common/src/txe_timer_create.c **** /*  FUNCTION                                               RELEASE        */
  37:ThreadX/common/src/txe_timer_create.c **** /*                                                                        */
  38:ThreadX/common/src/txe_timer_create.c **** /*    _txe_timer_create                                   PORTABLE C      */
  39:ThreadX/common/src/txe_timer_create.c **** /*                                                           6.1          */
  40:ThreadX/common/src/txe_timer_create.c **** /*  AUTHOR                                                                */
  41:ThreadX/common/src/txe_timer_create.c **** /*                                                                        */
  42:ThreadX/common/src/txe_timer_create.c **** /*    William E. Lamie, Microsoft Corporation                             */
  43:ThreadX/common/src/txe_timer_create.c **** /*                                                                        */
  44:ThreadX/common/src/txe_timer_create.c **** /*  DESCRIPTION                                                           */
  45:ThreadX/common/src/txe_timer_create.c **** /*                                                                        */
  46:ThreadX/common/src/txe_timer_create.c **** /*    This function checks for errors in the create application timer     */
  47:ThreadX/common/src/txe_timer_create.c **** /*    function call.                                                      */
  48:ThreadX/common/src/txe_timer_create.c **** /*                                                                        */
  49:ThreadX/common/src/txe_timer_create.c **** /*  INPUT                                                                 */
  50:ThreadX/common/src/txe_timer_create.c **** /*                                                                        */
  51:ThreadX/common/src/txe_timer_create.c **** /*    timer_ptr                         Pointer to timer control block    */
  52:ThreadX/common/src/txe_timer_create.c **** /*    name_ptr                          Pointer to timer name             */
  53:ThreadX/common/src/txe_timer_create.c **** /*    expiration_function               Application expiration function   */
  54:ThreadX/common/src/txe_timer_create.c **** /*    initial_ticks                     Initial expiration ticks          */
  55:ThreadX/common/src/txe_timer_create.c **** /*    reschedule_ticks                  Reschedule ticks                  */
  56:ThreadX/common/src/txe_timer_create.c **** /*    auto_activate                     Automatic activation flag         */
  57:ThreadX/common/src/txe_timer_create.c **** /*    timer_control_block_size          Size of timer control block       */
  58:ThreadX/common/src/txe_timer_create.c **** /*                                                                        */
  59:ThreadX/common/src/txe_timer_create.c **** /*  OUTPUT                                                                */
  60:ThreadX/common/src/txe_timer_create.c **** /*                                                                        */
  61:ThreadX/common/src/txe_timer_create.c **** /*    TX_TIMER_ERROR                    Invalid timer control block       */
  62:ThreadX/common/src/txe_timer_create.c **** /*    TX_TICK_ERROR                     Invalid initial expiration count  */
  63:ThreadX/common/src/txe_timer_create.c **** /*    TX_ACTIVATE_ERROR                 Invalid timer activation option   */
  64:ThreadX/common/src/txe_timer_create.c **** /*    TX_CALLER_ERROR                   Invalid caller of this function   */
  65:ThreadX/common/src/txe_timer_create.c **** /*    status                            Actual completion status          */
  66:ThreadX/common/src/txe_timer_create.c **** /*                                                                        */
  67:ThreadX/common/src/txe_timer_create.c **** /*  CALLS                                                                 */
  68:ThreadX/common/src/txe_timer_create.c **** /*                                                                        */
  69:ThreadX/common/src/txe_timer_create.c **** /*    _tx_thread_system_preempt_check   Check for preemption              */
  70:ThreadX/common/src/txe_timer_create.c **** /*    _tx_timer_create                  Actual timer create function      */
  71:ThreadX/common/src/txe_timer_create.c **** /*                                                                        */
  72:ThreadX/common/src/txe_timer_create.c **** /*  CALLED BY                                                             */
  73:ThreadX/common/src/txe_timer_create.c **** /*                                                                        */
  74:ThreadX/common/src/txe_timer_create.c **** /*    Application Code                                                    */
  75:ThreadX/common/src/txe_timer_create.c **** /*                                                                        */
  76:ThreadX/common/src/txe_timer_create.c **** /*  RELEASE HISTORY                                                       */
  77:ThreadX/common/src/txe_timer_create.c **** /*                                                                        */
  78:ThreadX/common/src/txe_timer_create.c **** /*    DATE              NAME                      DESCRIPTION             */
  79:ThreadX/common/src/txe_timer_create.c **** /*                                                                        */
  80:ThreadX/common/src/txe_timer_create.c **** /*  05-19-2020     William E. Lamie         Initial Version 6.0           */
  81:ThreadX/common/src/txe_timer_create.c **** /*  09-30-2020     Yuxin Zhou               Modified comment(s),          */
  82:ThreadX/common/src/txe_timer_create.c **** /*                                            resulting in version 6.1    */
  83:ThreadX/common/src/txe_timer_create.c **** /*                                                                        */
  84:ThreadX/common/src/txe_timer_create.c **** /**************************************************************************/
  85:ThreadX/common/src/txe_timer_create.c **** UINT  _txe_timer_create(TX_TIMER *timer_ptr, CHAR *name_ptr,
  86:ThreadX/common/src/txe_timer_create.c ****             VOID (*expiration_function)(ULONG id), ULONG expiration_input,
  87:ThreadX/common/src/txe_timer_create.c ****             ULONG initial_ticks, ULONG reschedule_ticks, UINT auto_activate, UINT timer_control_blo
  88:ThreadX/common/src/txe_timer_create.c **** {
ARM GAS  /tmp/cch61KLO.s 			page 3


  28              		.loc 1 88 0
  29              		.cfi_startproc
  30              		@ args = 16, pretend = 0, frame = 0
  31              		@ frame_needed = 0, uses_anonymous_args = 0
  32              	.LVL0:
  33 0000 2DE9F041 		push	{r4, r5, r6, r7, r8, lr}
  34              	.LCFI0:
  35              		.cfi_def_cfa_offset 24
  36              		.cfi_offset 4, -24
  37              		.cfi_offset 5, -20
  38              		.cfi_offset 6, -16
  39              		.cfi_offset 7, -12
  40              		.cfi_offset 8, -8
  41              		.cfi_offset 14, -4
  42 0004 84B0     		sub	sp, sp, #16
  43              	.LCFI1:
  44              		.cfi_def_cfa_offset 40
  45 0006 0E46     		mov	r6, r1
  46 0008 1746     		mov	r7, r2
  47 000a 9846     		mov	r8, r3
  48              	.LVL1:
  89:ThreadX/common/src/txe_timer_create.c **** 
  90:ThreadX/common/src/txe_timer_create.c **** TX_INTERRUPT_SAVE_AREA
  91:ThreadX/common/src/txe_timer_create.c **** 
  92:ThreadX/common/src/txe_timer_create.c **** UINT            status;
  93:ThreadX/common/src/txe_timer_create.c **** ULONG           i;
  94:ThreadX/common/src/txe_timer_create.c **** TX_TIMER        *next_timer;
  95:ThreadX/common/src/txe_timer_create.c **** #ifndef TX_TIMER_PROCESS_IN_ISR
  96:ThreadX/common/src/txe_timer_create.c **** TX_THREAD       *thread_ptr;
  97:ThreadX/common/src/txe_timer_create.c **** #endif
  98:ThreadX/common/src/txe_timer_create.c **** 
  99:ThreadX/common/src/txe_timer_create.c **** 
 100:ThreadX/common/src/txe_timer_create.c ****     /* Default status to success.  */
 101:ThreadX/common/src/txe_timer_create.c ****     status =  TX_SUCCESS;
 102:ThreadX/common/src/txe_timer_create.c **** 
 103:ThreadX/common/src/txe_timer_create.c ****     /* Check for a NULL timer pointer.  */
 104:ThreadX/common/src/txe_timer_create.c ****     if (timer_ptr == TX_NULL)
  49              		.loc 1 104 0
  50 000c 0546     		mov	r5, r0
  51 000e 0028     		cmp	r0, #0
  52 0010 48D0     		beq	.L9
 105:ThreadX/common/src/txe_timer_create.c ****     {
 106:ThreadX/common/src/txe_timer_create.c **** 
 107:ThreadX/common/src/txe_timer_create.c ****         /* Timer pointer is invalid, return appropriate error code.  */
 108:ThreadX/common/src/txe_timer_create.c ****         status =  TX_TIMER_ERROR;
 109:ThreadX/common/src/txe_timer_create.c ****     }
 110:ThreadX/common/src/txe_timer_create.c **** 
 111:ThreadX/common/src/txe_timer_create.c ****     /* Now check for invalid control block size.  */
 112:ThreadX/common/src/txe_timer_create.c ****     else if (timer_control_block_size != (sizeof(TX_TIMER)))
  53              		.loc 1 112 0
  54 0012 0D9B     		ldr	r3, [sp, #52]
  55              	.LVL2:
  56 0014 2C2B     		cmp	r3, #44
  57 0016 05D0     		beq	.L17
 113:ThreadX/common/src/txe_timer_create.c ****     {
 114:ThreadX/common/src/txe_timer_create.c **** 
 115:ThreadX/common/src/txe_timer_create.c ****         /* Timer pointer is invalid, return appropriate error code.  */
ARM GAS  /tmp/cch61KLO.s 			page 4


 116:ThreadX/common/src/txe_timer_create.c ****         status =  TX_TIMER_ERROR;
  58              		.loc 1 116 0
  59 0018 1520     		movs	r0, #21
  60              	.LVL3:
  61              	.L2:
 117:ThreadX/common/src/txe_timer_create.c ****     }
 118:ThreadX/common/src/txe_timer_create.c ****     else
 119:ThreadX/common/src/txe_timer_create.c ****     {
 120:ThreadX/common/src/txe_timer_create.c **** 
 121:ThreadX/common/src/txe_timer_create.c ****         /* Disable interrupts.  */
 122:ThreadX/common/src/txe_timer_create.c ****         TX_DISABLE
 123:ThreadX/common/src/txe_timer_create.c **** 
 124:ThreadX/common/src/txe_timer_create.c ****         /* Increment the preempt disable flag.  */
 125:ThreadX/common/src/txe_timer_create.c ****         _tx_thread_preempt_disable++;
 126:ThreadX/common/src/txe_timer_create.c **** 
 127:ThreadX/common/src/txe_timer_create.c ****         /* Restore interrupts.  */
 128:ThreadX/common/src/txe_timer_create.c ****         TX_RESTORE
 129:ThreadX/common/src/txe_timer_create.c **** 
 130:ThreadX/common/src/txe_timer_create.c ****         /* Next see if it is already in the created list.  */
 131:ThreadX/common/src/txe_timer_create.c ****         next_timer =  _tx_timer_created_ptr;
 132:ThreadX/common/src/txe_timer_create.c ****         for (i = ((ULONG) 0); i < _tx_timer_created_count; i++)
 133:ThreadX/common/src/txe_timer_create.c ****         {
 134:ThreadX/common/src/txe_timer_create.c **** 
 135:ThreadX/common/src/txe_timer_create.c ****             /* Determine if this timer matches the current timer in the list.  */
 136:ThreadX/common/src/txe_timer_create.c ****             if (timer_ptr == next_timer)
 137:ThreadX/common/src/txe_timer_create.c ****             {
 138:ThreadX/common/src/txe_timer_create.c **** 
 139:ThreadX/common/src/txe_timer_create.c ****                 break;
 140:ThreadX/common/src/txe_timer_create.c ****             }
 141:ThreadX/common/src/txe_timer_create.c ****             else
 142:ThreadX/common/src/txe_timer_create.c ****             {
 143:ThreadX/common/src/txe_timer_create.c **** 
 144:ThreadX/common/src/txe_timer_create.c ****                 /* Move to next timer.  */
 145:ThreadX/common/src/txe_timer_create.c ****                 next_timer =  next_timer -> tx_timer_created_next;
 146:ThreadX/common/src/txe_timer_create.c ****             }
 147:ThreadX/common/src/txe_timer_create.c ****         }
 148:ThreadX/common/src/txe_timer_create.c **** 
 149:ThreadX/common/src/txe_timer_create.c ****         /* Disable interrupts.  */
 150:ThreadX/common/src/txe_timer_create.c ****         TX_DISABLE
 151:ThreadX/common/src/txe_timer_create.c **** 
 152:ThreadX/common/src/txe_timer_create.c ****         /* Decrement the preempt disable flag.  */
 153:ThreadX/common/src/txe_timer_create.c ****         _tx_thread_preempt_disable--;
 154:ThreadX/common/src/txe_timer_create.c **** 
 155:ThreadX/common/src/txe_timer_create.c ****         /* Restore interrupts.  */
 156:ThreadX/common/src/txe_timer_create.c ****         TX_RESTORE
 157:ThreadX/common/src/txe_timer_create.c **** 
 158:ThreadX/common/src/txe_timer_create.c ****         /* Check for preemption.  */
 159:ThreadX/common/src/txe_timer_create.c ****         _tx_thread_system_preempt_check();
 160:ThreadX/common/src/txe_timer_create.c **** 
 161:ThreadX/common/src/txe_timer_create.c ****         /* At this point, check to see if there is a duplicate timer.  */
 162:ThreadX/common/src/txe_timer_create.c ****         if (timer_ptr == next_timer)
 163:ThreadX/common/src/txe_timer_create.c ****         {
 164:ThreadX/common/src/txe_timer_create.c **** 
 165:ThreadX/common/src/txe_timer_create.c ****             /* Timer is already created, return appropriate error code.  */
 166:ThreadX/common/src/txe_timer_create.c ****             status =  TX_TIMER_ERROR;
 167:ThreadX/common/src/txe_timer_create.c ****         }
 168:ThreadX/common/src/txe_timer_create.c **** 
ARM GAS  /tmp/cch61KLO.s 			page 5


 169:ThreadX/common/src/txe_timer_create.c ****         /* Check for an illegal initial tick value.  */
 170:ThreadX/common/src/txe_timer_create.c ****         else if (initial_ticks == ((ULONG) 0))
 171:ThreadX/common/src/txe_timer_create.c ****         {
 172:ThreadX/common/src/txe_timer_create.c **** 
 173:ThreadX/common/src/txe_timer_create.c ****             /* Invalid initial tick value, return appropriate error code.  */
 174:ThreadX/common/src/txe_timer_create.c ****             status =  TX_TICK_ERROR;
 175:ThreadX/common/src/txe_timer_create.c ****         }
 176:ThreadX/common/src/txe_timer_create.c ****         else
 177:ThreadX/common/src/txe_timer_create.c ****         {
 178:ThreadX/common/src/txe_timer_create.c **** 
 179:ThreadX/common/src/txe_timer_create.c ****             /* Check for an illegal activation.  */
 180:ThreadX/common/src/txe_timer_create.c ****             if (auto_activate != TX_AUTO_ACTIVATE)
 181:ThreadX/common/src/txe_timer_create.c ****             {
 182:ThreadX/common/src/txe_timer_create.c **** 
 183:ThreadX/common/src/txe_timer_create.c ****                 /* And activation is not the other value.  */
 184:ThreadX/common/src/txe_timer_create.c ****                 if (auto_activate != TX_NO_ACTIVATE)
 185:ThreadX/common/src/txe_timer_create.c ****                 {
 186:ThreadX/common/src/txe_timer_create.c **** 
 187:ThreadX/common/src/txe_timer_create.c ****                     /* Invalid activation selected, return appropriate error code.  */
 188:ThreadX/common/src/txe_timer_create.c ****                     status =  TX_ACTIVATE_ERROR;
 189:ThreadX/common/src/txe_timer_create.c ****                 }
 190:ThreadX/common/src/txe_timer_create.c ****             }
 191:ThreadX/common/src/txe_timer_create.c ****         }
 192:ThreadX/common/src/txe_timer_create.c ****     }
 193:ThreadX/common/src/txe_timer_create.c **** 
 194:ThreadX/common/src/txe_timer_create.c ****     /* Determine if everything is okay.  */
 195:ThreadX/common/src/txe_timer_create.c ****     if (status == TX_SUCCESS)
 196:ThreadX/common/src/txe_timer_create.c ****     {
 197:ThreadX/common/src/txe_timer_create.c **** 
 198:ThreadX/common/src/txe_timer_create.c **** #ifndef TX_TIMER_PROCESS_IN_ISR
 199:ThreadX/common/src/txe_timer_create.c **** 
 200:ThreadX/common/src/txe_timer_create.c ****         /* Pickup thread pointer.  */
 201:ThreadX/common/src/txe_timer_create.c ****         TX_THREAD_GET_CURRENT(thread_ptr)
 202:ThreadX/common/src/txe_timer_create.c **** 
 203:ThreadX/common/src/txe_timer_create.c ****         /* Check for invalid caller of this function.  First check for a calling thread.  */
 204:ThreadX/common/src/txe_timer_create.c ****         if (thread_ptr == &_tx_timer_thread)
 205:ThreadX/common/src/txe_timer_create.c ****         {
 206:ThreadX/common/src/txe_timer_create.c **** 
 207:ThreadX/common/src/txe_timer_create.c ****             /* Invalid caller of this function, return appropriate error code.  */
 208:ThreadX/common/src/txe_timer_create.c ****             status =  TX_CALLER_ERROR;
 209:ThreadX/common/src/txe_timer_create.c ****         }
 210:ThreadX/common/src/txe_timer_create.c **** #endif
 211:ThreadX/common/src/txe_timer_create.c **** 
 212:ThreadX/common/src/txe_timer_create.c ****         /* Check for interrupt call.  */
 213:ThreadX/common/src/txe_timer_create.c ****         if (TX_THREAD_GET_SYSTEM_STATE() != ((ULONG) 0))
 214:ThreadX/common/src/txe_timer_create.c ****         {
 215:ThreadX/common/src/txe_timer_create.c **** 
 216:ThreadX/common/src/txe_timer_create.c ****             /* Now, make sure the call is from an interrupt and not initialization.  */
 217:ThreadX/common/src/txe_timer_create.c ****             if (TX_THREAD_GET_SYSTEM_STATE() < TX_INITIALIZE_IN_PROGRESS)
 218:ThreadX/common/src/txe_timer_create.c ****             {
 219:ThreadX/common/src/txe_timer_create.c **** 
 220:ThreadX/common/src/txe_timer_create.c ****                 /* Invalid caller of this function, return appropriate error code.  */
 221:ThreadX/common/src/txe_timer_create.c ****                 status =  TX_CALLER_ERROR;
 222:ThreadX/common/src/txe_timer_create.c ****             }
 223:ThreadX/common/src/txe_timer_create.c ****         }
 224:ThreadX/common/src/txe_timer_create.c ****     }
 225:ThreadX/common/src/txe_timer_create.c **** 
ARM GAS  /tmp/cch61KLO.s 			page 6


 226:ThreadX/common/src/txe_timer_create.c **** 
 227:ThreadX/common/src/txe_timer_create.c ****     /* Determine if everything is okay.  */
 228:ThreadX/common/src/txe_timer_create.c ****     if (status == TX_SUCCESS)
  62              		.loc 1 228 0
  63 001a 0028     		cmp	r0, #0
  64 001c 4AD0     		beq	.L18
  65              	.LVL4:
  66              	.L1:
 229:ThreadX/common/src/txe_timer_create.c ****     {
 230:ThreadX/common/src/txe_timer_create.c **** 
 231:ThreadX/common/src/txe_timer_create.c ****         /* Call actual application timer create function.  */
 232:ThreadX/common/src/txe_timer_create.c ****         status =  _tx_timer_create(timer_ptr, name_ptr, expiration_function, expiration_input,
 233:ThreadX/common/src/txe_timer_create.c ****                                                     initial_ticks, reschedule_ticks, auto_activate)
 234:ThreadX/common/src/txe_timer_create.c ****     }
 235:ThreadX/common/src/txe_timer_create.c **** 
 236:ThreadX/common/src/txe_timer_create.c ****     /* Return completion status.  */
 237:ThreadX/common/src/txe_timer_create.c ****     return(status);
 238:ThreadX/common/src/txe_timer_create.c **** }
  67              		.loc 1 238 0
  68 001e 04B0     		add	sp, sp, #16
  69              	.LCFI2:
  70              		.cfi_remember_state
  71              		.cfi_def_cfa_offset 24
  72              		@ sp needed
  73 0020 BDE8F081 		pop	{r4, r5, r6, r7, r8, pc}
  74              	.LVL5:
  75              	.L17:
  76              	.LCFI3:
  77              		.cfi_restore_state
  78              	.LBB20:
  79              	.LBB21:
  80              	.LBB22:
  81              	.LBB23:
  82              		.file 2 "ThreadX/ports/cortex_m4/gnu/inc/tx_port.h"
   1:ThreadX/ports/cortex_m4/gnu/inc/tx_port.h **** /**************************************************************************/
   2:ThreadX/ports/cortex_m4/gnu/inc/tx_port.h **** /*                                                                        */
   3:ThreadX/ports/cortex_m4/gnu/inc/tx_port.h **** /*       Copyright (c) Microsoft Corporation. All rights reserved.        */
   4:ThreadX/ports/cortex_m4/gnu/inc/tx_port.h **** /*                                                                        */
   5:ThreadX/ports/cortex_m4/gnu/inc/tx_port.h **** /*       This software is licensed under the Microsoft Software License   */
   6:ThreadX/ports/cortex_m4/gnu/inc/tx_port.h **** /*       Terms for Microsoft Azure RTOS. Full text of the license can be  */
   7:ThreadX/ports/cortex_m4/gnu/inc/tx_port.h **** /*       found in the LICENSE file at https://aka.ms/AzureRTOS_EULA       */
   8:ThreadX/ports/cortex_m4/gnu/inc/tx_port.h **** /*       and in the root directory of this software.                      */
   9:ThreadX/ports/cortex_m4/gnu/inc/tx_port.h **** /*                                                                        */
  10:ThreadX/ports/cortex_m4/gnu/inc/tx_port.h **** /**************************************************************************/
  11:ThreadX/ports/cortex_m4/gnu/inc/tx_port.h **** 
  12:ThreadX/ports/cortex_m4/gnu/inc/tx_port.h **** 
  13:ThreadX/ports/cortex_m4/gnu/inc/tx_port.h **** /**************************************************************************/
  14:ThreadX/ports/cortex_m4/gnu/inc/tx_port.h **** /**************************************************************************/
  15:ThreadX/ports/cortex_m4/gnu/inc/tx_port.h **** /**                                                                       */
  16:ThreadX/ports/cortex_m4/gnu/inc/tx_port.h **** /** ThreadX Component                                                     */
  17:ThreadX/ports/cortex_m4/gnu/inc/tx_port.h **** /**                                                                       */
  18:ThreadX/ports/cortex_m4/gnu/inc/tx_port.h **** /**   Port Specific                                                       */
  19:ThreadX/ports/cortex_m4/gnu/inc/tx_port.h **** /**                                                                       */
  20:ThreadX/ports/cortex_m4/gnu/inc/tx_port.h **** /**************************************************************************/
  21:ThreadX/ports/cortex_m4/gnu/inc/tx_port.h **** /**************************************************************************/
  22:ThreadX/ports/cortex_m4/gnu/inc/tx_port.h **** 
  23:ThreadX/ports/cortex_m4/gnu/inc/tx_port.h **** 
ARM GAS  /tmp/cch61KLO.s 			page 7


  24:ThreadX/ports/cortex_m4/gnu/inc/tx_port.h **** /**************************************************************************/
  25:ThreadX/ports/cortex_m4/gnu/inc/tx_port.h **** /*                                                                        */
  26:ThreadX/ports/cortex_m4/gnu/inc/tx_port.h **** /*  PORT SPECIFIC C INFORMATION                            RELEASE        */
  27:ThreadX/ports/cortex_m4/gnu/inc/tx_port.h **** /*                                                                        */
  28:ThreadX/ports/cortex_m4/gnu/inc/tx_port.h **** /*    tx_port.h                                         Cortex-M4/GNU     */
  29:ThreadX/ports/cortex_m4/gnu/inc/tx_port.h **** /*                                                           6.1.10       */
  30:ThreadX/ports/cortex_m4/gnu/inc/tx_port.h **** /*                                                                        */
  31:ThreadX/ports/cortex_m4/gnu/inc/tx_port.h **** /*  AUTHOR                                                                */
  32:ThreadX/ports/cortex_m4/gnu/inc/tx_port.h **** /*                                                                        */
  33:ThreadX/ports/cortex_m4/gnu/inc/tx_port.h **** /*    Scott Larson, Microsoft Corporation                                 */
  34:ThreadX/ports/cortex_m4/gnu/inc/tx_port.h **** /*                                                                        */
  35:ThreadX/ports/cortex_m4/gnu/inc/tx_port.h **** /*  DESCRIPTION                                                           */
  36:ThreadX/ports/cortex_m4/gnu/inc/tx_port.h **** /*                                                                        */
  37:ThreadX/ports/cortex_m4/gnu/inc/tx_port.h **** /*    This file contains data type definitions that make the ThreadX      */
  38:ThreadX/ports/cortex_m4/gnu/inc/tx_port.h **** /*    real-time kernel function identically on a variety of different     */
  39:ThreadX/ports/cortex_m4/gnu/inc/tx_port.h **** /*    processor architectures.  For example, the size or number of bits   */
  40:ThreadX/ports/cortex_m4/gnu/inc/tx_port.h **** /*    in an "int" data type vary between microprocessor architectures and */
  41:ThreadX/ports/cortex_m4/gnu/inc/tx_port.h **** /*    even C compilers for the same microprocessor.  ThreadX does not     */
  42:ThreadX/ports/cortex_m4/gnu/inc/tx_port.h **** /*    directly use native C data types.  Instead, ThreadX creates its     */
  43:ThreadX/ports/cortex_m4/gnu/inc/tx_port.h **** /*    own special types that can be mapped to actual data types by this   */
  44:ThreadX/ports/cortex_m4/gnu/inc/tx_port.h **** /*    file to guarantee consistency in the interface and functionality.   */
  45:ThreadX/ports/cortex_m4/gnu/inc/tx_port.h **** /*                                                                        */
  46:ThreadX/ports/cortex_m4/gnu/inc/tx_port.h **** /*    This file replaces the previous Cortex-M3/M4/M7 files. It unifies   */
  47:ThreadX/ports/cortex_m4/gnu/inc/tx_port.h **** /*    the ARMv7-M architecture and compilers into one common file.        */
  48:ThreadX/ports/cortex_m4/gnu/inc/tx_port.h **** /*                                                                        */
  49:ThreadX/ports/cortex_m4/gnu/inc/tx_port.h **** /*  RELEASE HISTORY                                                       */
  50:ThreadX/ports/cortex_m4/gnu/inc/tx_port.h **** /*                                                                        */
  51:ThreadX/ports/cortex_m4/gnu/inc/tx_port.h **** /*    DATE              NAME                      DESCRIPTION             */
  52:ThreadX/ports/cortex_m4/gnu/inc/tx_port.h **** /*                                                                        */
  53:ThreadX/ports/cortex_m4/gnu/inc/tx_port.h **** /*  06-02-2021      Scott Larson            Initial Version 6.1.7         */
  54:ThreadX/ports/cortex_m4/gnu/inc/tx_port.h **** /*  01-31-2022      Scott Larson            Modified comments, updated    */
  55:ThreadX/ports/cortex_m4/gnu/inc/tx_port.h **** /*                                            typedef to fix misra        */
  56:ThreadX/ports/cortex_m4/gnu/inc/tx_port.h **** /*                                            violation,                  */
  57:ThreadX/ports/cortex_m4/gnu/inc/tx_port.h **** /*                                            fixed predefined macro,     */
  58:ThreadX/ports/cortex_m4/gnu/inc/tx_port.h **** /*                                            resulting in version 6.1.10 */
  59:ThreadX/ports/cortex_m4/gnu/inc/tx_port.h **** /*                                                                        */
  60:ThreadX/ports/cortex_m4/gnu/inc/tx_port.h **** /**************************************************************************/
  61:ThreadX/ports/cortex_m4/gnu/inc/tx_port.h **** 
  62:ThreadX/ports/cortex_m4/gnu/inc/tx_port.h **** #ifndef TX_PORT_H
  63:ThreadX/ports/cortex_m4/gnu/inc/tx_port.h **** #define TX_PORT_H
  64:ThreadX/ports/cortex_m4/gnu/inc/tx_port.h **** 
  65:ThreadX/ports/cortex_m4/gnu/inc/tx_port.h **** 
  66:ThreadX/ports/cortex_m4/gnu/inc/tx_port.h **** /* Determine if the optional ThreadX user define file should be used.  */
  67:ThreadX/ports/cortex_m4/gnu/inc/tx_port.h **** 
  68:ThreadX/ports/cortex_m4/gnu/inc/tx_port.h **** #ifdef TX_INCLUDE_USER_DEFINE_FILE
  69:ThreadX/ports/cortex_m4/gnu/inc/tx_port.h **** 
  70:ThreadX/ports/cortex_m4/gnu/inc/tx_port.h **** /* Yes, include the user defines in tx_user.h. The defines in this file may
  71:ThreadX/ports/cortex_m4/gnu/inc/tx_port.h ****    alternately be defined on the command line.  */
  72:ThreadX/ports/cortex_m4/gnu/inc/tx_port.h **** 
  73:ThreadX/ports/cortex_m4/gnu/inc/tx_port.h **** #include "tx_user.h"
  74:ThreadX/ports/cortex_m4/gnu/inc/tx_port.h **** #endif
  75:ThreadX/ports/cortex_m4/gnu/inc/tx_port.h **** 
  76:ThreadX/ports/cortex_m4/gnu/inc/tx_port.h **** 
  77:ThreadX/ports/cortex_m4/gnu/inc/tx_port.h **** /* Define compiler library include files.  */
  78:ThreadX/ports/cortex_m4/gnu/inc/tx_port.h **** 
  79:ThreadX/ports/cortex_m4/gnu/inc/tx_port.h **** #include <stdlib.h>
  80:ThreadX/ports/cortex_m4/gnu/inc/tx_port.h **** #include <string.h>
ARM GAS  /tmp/cch61KLO.s 			page 8


  81:ThreadX/ports/cortex_m4/gnu/inc/tx_port.h **** 
  82:ThreadX/ports/cortex_m4/gnu/inc/tx_port.h **** #ifdef __ICCARM__
  83:ThreadX/ports/cortex_m4/gnu/inc/tx_port.h **** #include <intrinsics.h>                     /* IAR Intrinsics */
  84:ThreadX/ports/cortex_m4/gnu/inc/tx_port.h **** #define __asm__ __asm                       /* Define to make all inline asm look similar */
  85:ThreadX/ports/cortex_m4/gnu/inc/tx_port.h **** #ifdef  TX_ENABLE_IAR_LIBRARY_SUPPORT
  86:ThreadX/ports/cortex_m4/gnu/inc/tx_port.h **** #include <yvals.h>
  87:ThreadX/ports/cortex_m4/gnu/inc/tx_port.h **** #endif
  88:ThreadX/ports/cortex_m4/gnu/inc/tx_port.h **** #endif /* __ICCARM__ */
  89:ThreadX/ports/cortex_m4/gnu/inc/tx_port.h **** 
  90:ThreadX/ports/cortex_m4/gnu/inc/tx_port.h **** #ifdef __ghs__
  91:ThreadX/ports/cortex_m4/gnu/inc/tx_port.h **** #include <arm_ghs.h>
  92:ThreadX/ports/cortex_m4/gnu/inc/tx_port.h **** #include "tx_ghs.h"
  93:ThreadX/ports/cortex_m4/gnu/inc/tx_port.h **** #endif  /* __ghs__ */
  94:ThreadX/ports/cortex_m4/gnu/inc/tx_port.h **** 
  95:ThreadX/ports/cortex_m4/gnu/inc/tx_port.h **** 
  96:ThreadX/ports/cortex_m4/gnu/inc/tx_port.h **** #if !defined(__GNUC__) && !defined(__CC_ARM)
  97:ThreadX/ports/cortex_m4/gnu/inc/tx_port.h **** #define __get_control_value __get_CONTROL
  98:ThreadX/ports/cortex_m4/gnu/inc/tx_port.h **** #define __set_control_value __set_CONTROL
  99:ThreadX/ports/cortex_m4/gnu/inc/tx_port.h **** #endif
 100:ThreadX/ports/cortex_m4/gnu/inc/tx_port.h **** 
 101:ThreadX/ports/cortex_m4/gnu/inc/tx_port.h **** #ifndef __GNUC__
 102:ThreadX/ports/cortex_m4/gnu/inc/tx_port.h **** #define __get_ipsr_value __get_IPSR
 103:ThreadX/ports/cortex_m4/gnu/inc/tx_port.h **** #endif
 104:ThreadX/ports/cortex_m4/gnu/inc/tx_port.h **** 
 105:ThreadX/ports/cortex_m4/gnu/inc/tx_port.h **** /* Define ThreadX basic types for this port.  */
 106:ThreadX/ports/cortex_m4/gnu/inc/tx_port.h **** 
 107:ThreadX/ports/cortex_m4/gnu/inc/tx_port.h **** #define VOID                                    void
 108:ThreadX/ports/cortex_m4/gnu/inc/tx_port.h **** typedef char                                    CHAR;
 109:ThreadX/ports/cortex_m4/gnu/inc/tx_port.h **** typedef unsigned char                           UCHAR;
 110:ThreadX/ports/cortex_m4/gnu/inc/tx_port.h **** typedef int                                     INT;
 111:ThreadX/ports/cortex_m4/gnu/inc/tx_port.h **** typedef unsigned int                            UINT;
 112:ThreadX/ports/cortex_m4/gnu/inc/tx_port.h **** typedef long                                    LONG;
 113:ThreadX/ports/cortex_m4/gnu/inc/tx_port.h **** typedef unsigned long                           ULONG;
 114:ThreadX/ports/cortex_m4/gnu/inc/tx_port.h **** typedef unsigned long long                      ULONG64;
 115:ThreadX/ports/cortex_m4/gnu/inc/tx_port.h **** typedef short                                   SHORT;
 116:ThreadX/ports/cortex_m4/gnu/inc/tx_port.h **** typedef unsigned short                          USHORT;
 117:ThreadX/ports/cortex_m4/gnu/inc/tx_port.h **** #define ULONG64_DEFINED
 118:ThreadX/ports/cortex_m4/gnu/inc/tx_port.h **** 
 119:ThreadX/ports/cortex_m4/gnu/inc/tx_port.h **** /* Define the priority levels for ThreadX.  Legal values range
 120:ThreadX/ports/cortex_m4/gnu/inc/tx_port.h ****    from 32 to 1024 and MUST be evenly divisible by 32.  */
 121:ThreadX/ports/cortex_m4/gnu/inc/tx_port.h **** 
 122:ThreadX/ports/cortex_m4/gnu/inc/tx_port.h **** #ifndef TX_MAX_PRIORITIES
 123:ThreadX/ports/cortex_m4/gnu/inc/tx_port.h **** #define TX_MAX_PRIORITIES                       32
 124:ThreadX/ports/cortex_m4/gnu/inc/tx_port.h **** #endif
 125:ThreadX/ports/cortex_m4/gnu/inc/tx_port.h **** 
 126:ThreadX/ports/cortex_m4/gnu/inc/tx_port.h **** 
 127:ThreadX/ports/cortex_m4/gnu/inc/tx_port.h **** /* Define the minimum stack for a ThreadX thread on this processor. If the size supplied during
 128:ThreadX/ports/cortex_m4/gnu/inc/tx_port.h ****    thread creation is less than this value, the thread create call will return an error.  */
 129:ThreadX/ports/cortex_m4/gnu/inc/tx_port.h **** 
 130:ThreadX/ports/cortex_m4/gnu/inc/tx_port.h **** #ifndef TX_MINIMUM_STACK
 131:ThreadX/ports/cortex_m4/gnu/inc/tx_port.h **** #define TX_MINIMUM_STACK                        200         /* Minimum stack size for this port  */
 132:ThreadX/ports/cortex_m4/gnu/inc/tx_port.h **** #endif
 133:ThreadX/ports/cortex_m4/gnu/inc/tx_port.h **** 
 134:ThreadX/ports/cortex_m4/gnu/inc/tx_port.h **** 
 135:ThreadX/ports/cortex_m4/gnu/inc/tx_port.h **** /* Define the system timer thread's default stack size and priority.  These are only applicable
 136:ThreadX/ports/cortex_m4/gnu/inc/tx_port.h ****    if TX_TIMER_PROCESS_IN_ISR is not defined.  */
 137:ThreadX/ports/cortex_m4/gnu/inc/tx_port.h **** 
ARM GAS  /tmp/cch61KLO.s 			page 9


 138:ThreadX/ports/cortex_m4/gnu/inc/tx_port.h **** #ifndef TX_TIMER_THREAD_STACK_SIZE
 139:ThreadX/ports/cortex_m4/gnu/inc/tx_port.h **** #define TX_TIMER_THREAD_STACK_SIZE              1024        /* Default timer thread stack size  */
 140:ThreadX/ports/cortex_m4/gnu/inc/tx_port.h **** #endif
 141:ThreadX/ports/cortex_m4/gnu/inc/tx_port.h **** 
 142:ThreadX/ports/cortex_m4/gnu/inc/tx_port.h **** #ifndef TX_TIMER_THREAD_PRIORITY
 143:ThreadX/ports/cortex_m4/gnu/inc/tx_port.h **** #define TX_TIMER_THREAD_PRIORITY                0           /* Default timer thread priority    */
 144:ThreadX/ports/cortex_m4/gnu/inc/tx_port.h **** #endif
 145:ThreadX/ports/cortex_m4/gnu/inc/tx_port.h **** 
 146:ThreadX/ports/cortex_m4/gnu/inc/tx_port.h **** 
 147:ThreadX/ports/cortex_m4/gnu/inc/tx_port.h **** /* Define various constants for the ThreadX Cortex-M port.  */
 148:ThreadX/ports/cortex_m4/gnu/inc/tx_port.h **** 
 149:ThreadX/ports/cortex_m4/gnu/inc/tx_port.h **** #define TX_INT_DISABLE                          1           /* Disable interrupts               */
 150:ThreadX/ports/cortex_m4/gnu/inc/tx_port.h **** #define TX_INT_ENABLE                           0           /* Enable interrupts                */
 151:ThreadX/ports/cortex_m4/gnu/inc/tx_port.h **** 
 152:ThreadX/ports/cortex_m4/gnu/inc/tx_port.h **** 
 153:ThreadX/ports/cortex_m4/gnu/inc/tx_port.h **** /* Define the clock source for trace event entry time stamp. The following two item are port specif
 154:ThreadX/ports/cortex_m4/gnu/inc/tx_port.h ****    For example, if the time source is at the address 0x0a800024 and is 16-bits in size, the clock
 155:ThreadX/ports/cortex_m4/gnu/inc/tx_port.h ****    source constants would be:
 156:ThreadX/ports/cortex_m4/gnu/inc/tx_port.h **** 
 157:ThreadX/ports/cortex_m4/gnu/inc/tx_port.h **** #define TX_TRACE_TIME_SOURCE                    *((ULONG *) 0x0a800024)
 158:ThreadX/ports/cortex_m4/gnu/inc/tx_port.h **** #define TX_TRACE_TIME_MASK                      0x0000FFFFUL
 159:ThreadX/ports/cortex_m4/gnu/inc/tx_port.h **** 
 160:ThreadX/ports/cortex_m4/gnu/inc/tx_port.h **** */
 161:ThreadX/ports/cortex_m4/gnu/inc/tx_port.h **** 
 162:ThreadX/ports/cortex_m4/gnu/inc/tx_port.h **** #ifndef TX_MISRA_ENABLE
 163:ThreadX/ports/cortex_m4/gnu/inc/tx_port.h **** #ifndef TX_TRACE_TIME_SOURCE
 164:ThreadX/ports/cortex_m4/gnu/inc/tx_port.h **** #define TX_TRACE_TIME_SOURCE                    *((ULONG *) 0xE0001004)
 165:ThreadX/ports/cortex_m4/gnu/inc/tx_port.h **** #endif
 166:ThreadX/ports/cortex_m4/gnu/inc/tx_port.h **** #else
 167:ThreadX/ports/cortex_m4/gnu/inc/tx_port.h **** ULONG   _tx_misra_time_stamp_get(VOID);
 168:ThreadX/ports/cortex_m4/gnu/inc/tx_port.h **** #define TX_TRACE_TIME_SOURCE                    _tx_misra_time_stamp_get()
 169:ThreadX/ports/cortex_m4/gnu/inc/tx_port.h **** #endif
 170:ThreadX/ports/cortex_m4/gnu/inc/tx_port.h **** 
 171:ThreadX/ports/cortex_m4/gnu/inc/tx_port.h **** #ifndef TX_TRACE_TIME_MASK
 172:ThreadX/ports/cortex_m4/gnu/inc/tx_port.h **** #define TX_TRACE_TIME_MASK                      0xFFFFFFFFUL
 173:ThreadX/ports/cortex_m4/gnu/inc/tx_port.h **** #endif
 174:ThreadX/ports/cortex_m4/gnu/inc/tx_port.h **** 
 175:ThreadX/ports/cortex_m4/gnu/inc/tx_port.h **** #ifdef __ghs__
 176:ThreadX/ports/cortex_m4/gnu/inc/tx_port.h **** /* Define constants for Green Hills EventAnalyzer.  */
 177:ThreadX/ports/cortex_m4/gnu/inc/tx_port.h **** 
 178:ThreadX/ports/cortex_m4/gnu/inc/tx_port.h **** /* Define the number of ticks per second. This informs the EventAnalyzer what the timestamps
 179:ThreadX/ports/cortex_m4/gnu/inc/tx_port.h ****    represent.  By default, this is set to 1,000,000 i.e., one tick every microsecond. */
 180:ThreadX/ports/cortex_m4/gnu/inc/tx_port.h **** 
 181:ThreadX/ports/cortex_m4/gnu/inc/tx_port.h **** #define TX_EL_TICKS_PER_SECOND                  1000000
 182:ThreadX/ports/cortex_m4/gnu/inc/tx_port.h **** 
 183:ThreadX/ports/cortex_m4/gnu/inc/tx_port.h **** /* Define the method of how to get the upper and lower 32-bits of the time stamp. By default, simpl
 184:ThreadX/ports/cortex_m4/gnu/inc/tx_port.h ****    simulate the time-stamp source with a counter.  */
 185:ThreadX/ports/cortex_m4/gnu/inc/tx_port.h **** 
 186:ThreadX/ports/cortex_m4/gnu/inc/tx_port.h **** #define read_tbu()                              _tx_el_time_base_upper
 187:ThreadX/ports/cortex_m4/gnu/inc/tx_port.h **** #define read_tbl()                              ++_tx_el_time_base_lower
 188:ThreadX/ports/cortex_m4/gnu/inc/tx_port.h **** #endif  /* __ghs__ */
 189:ThreadX/ports/cortex_m4/gnu/inc/tx_port.h **** 
 190:ThreadX/ports/cortex_m4/gnu/inc/tx_port.h **** /* Define the port specific options for the _tx_build_options variable. This variable indicates
 191:ThreadX/ports/cortex_m4/gnu/inc/tx_port.h ****    how the ThreadX library was built.  */
 192:ThreadX/ports/cortex_m4/gnu/inc/tx_port.h **** 
 193:ThreadX/ports/cortex_m4/gnu/inc/tx_port.h **** #define TX_PORT_SPECIFIC_BUILD_OPTIONS          (0)
 194:ThreadX/ports/cortex_m4/gnu/inc/tx_port.h **** 
ARM GAS  /tmp/cch61KLO.s 			page 10


 195:ThreadX/ports/cortex_m4/gnu/inc/tx_port.h **** 
 196:ThreadX/ports/cortex_m4/gnu/inc/tx_port.h **** /* Define the in-line initialization constant so that modules with in-line
 197:ThreadX/ports/cortex_m4/gnu/inc/tx_port.h ****    initialization capabilities can prevent their initialization from being
 198:ThreadX/ports/cortex_m4/gnu/inc/tx_port.h ****    a function call.  */
 199:ThreadX/ports/cortex_m4/gnu/inc/tx_port.h **** 
 200:ThreadX/ports/cortex_m4/gnu/inc/tx_port.h **** #ifdef TX_MISRA_ENABLE
 201:ThreadX/ports/cortex_m4/gnu/inc/tx_port.h **** #define TX_DISABLE_INLINE
 202:ThreadX/ports/cortex_m4/gnu/inc/tx_port.h **** #else
 203:ThreadX/ports/cortex_m4/gnu/inc/tx_port.h **** #define TX_INLINE_INITIALIZATION
 204:ThreadX/ports/cortex_m4/gnu/inc/tx_port.h **** #endif
 205:ThreadX/ports/cortex_m4/gnu/inc/tx_port.h **** 
 206:ThreadX/ports/cortex_m4/gnu/inc/tx_port.h **** 
 207:ThreadX/ports/cortex_m4/gnu/inc/tx_port.h **** /* Determine whether or not stack checking is enabled. By default, ThreadX stack checking is
 208:ThreadX/ports/cortex_m4/gnu/inc/tx_port.h ****    disabled. When the following is defined, ThreadX thread stack checking is enabled.  If stack
 209:ThreadX/ports/cortex_m4/gnu/inc/tx_port.h ****    checking is enabled (TX_ENABLE_STACK_CHECKING is defined), the TX_DISABLE_STACK_FILLING
 210:ThreadX/ports/cortex_m4/gnu/inc/tx_port.h ****    define is negated, thereby forcing the stack fill which is necessary for the stack checking
 211:ThreadX/ports/cortex_m4/gnu/inc/tx_port.h ****    logic.  */
 212:ThreadX/ports/cortex_m4/gnu/inc/tx_port.h **** 
 213:ThreadX/ports/cortex_m4/gnu/inc/tx_port.h **** #ifndef TX_MISRA_ENABLE
 214:ThreadX/ports/cortex_m4/gnu/inc/tx_port.h **** #ifdef TX_ENABLE_STACK_CHECKING
 215:ThreadX/ports/cortex_m4/gnu/inc/tx_port.h **** #undef TX_DISABLE_STACK_FILLING
 216:ThreadX/ports/cortex_m4/gnu/inc/tx_port.h **** #endif
 217:ThreadX/ports/cortex_m4/gnu/inc/tx_port.h **** #endif
 218:ThreadX/ports/cortex_m4/gnu/inc/tx_port.h **** 
 219:ThreadX/ports/cortex_m4/gnu/inc/tx_port.h **** 
 220:ThreadX/ports/cortex_m4/gnu/inc/tx_port.h **** /* Define the TX_THREAD control block extensions for this port. The main reason
 221:ThreadX/ports/cortex_m4/gnu/inc/tx_port.h ****    for the multiple macros is so that backward compatibility can be maintained with
 222:ThreadX/ports/cortex_m4/gnu/inc/tx_port.h ****    existing ThreadX kernel awareness modules.  */
 223:ThreadX/ports/cortex_m4/gnu/inc/tx_port.h **** 
 224:ThreadX/ports/cortex_m4/gnu/inc/tx_port.h **** #define TX_THREAD_EXTENSION_0
 225:ThreadX/ports/cortex_m4/gnu/inc/tx_port.h **** #define TX_THREAD_EXTENSION_1
 226:ThreadX/ports/cortex_m4/gnu/inc/tx_port.h **** #ifdef  TX_ENABLE_IAR_LIBRARY_SUPPORT
 227:ThreadX/ports/cortex_m4/gnu/inc/tx_port.h **** #define TX_THREAD_EXTENSION_2           VOID    *tx_thread_iar_tls_pointer;
 228:ThreadX/ports/cortex_m4/gnu/inc/tx_port.h **** #elif defined(__ghs__)
 229:ThreadX/ports/cortex_m4/gnu/inc/tx_port.h **** #define TX_THREAD_EXTENSION_2           VOID *  tx_thread_eh_globals;                           \
 230:ThreadX/ports/cortex_m4/gnu/inc/tx_port.h ****                                         int     Errno;             /* errno.  */                \
 231:ThreadX/ports/cortex_m4/gnu/inc/tx_port.h ****                                         char *  strtok_saved_pos;  /* strtok() position.  */
 232:ThreadX/ports/cortex_m4/gnu/inc/tx_port.h **** #else
 233:ThreadX/ports/cortex_m4/gnu/inc/tx_port.h **** #define TX_THREAD_EXTENSION_2
 234:ThreadX/ports/cortex_m4/gnu/inc/tx_port.h **** #endif
 235:ThreadX/ports/cortex_m4/gnu/inc/tx_port.h **** 
 236:ThreadX/ports/cortex_m4/gnu/inc/tx_port.h **** 
 237:ThreadX/ports/cortex_m4/gnu/inc/tx_port.h **** #define TX_THREAD_EXTENSION_3
 238:ThreadX/ports/cortex_m4/gnu/inc/tx_port.h **** 
 239:ThreadX/ports/cortex_m4/gnu/inc/tx_port.h **** 
 240:ThreadX/ports/cortex_m4/gnu/inc/tx_port.h **** 
 241:ThreadX/ports/cortex_m4/gnu/inc/tx_port.h **** /* Define the port extensions of the remaining ThreadX objects.  */
 242:ThreadX/ports/cortex_m4/gnu/inc/tx_port.h **** 
 243:ThreadX/ports/cortex_m4/gnu/inc/tx_port.h **** #define TX_BLOCK_POOL_EXTENSION
 244:ThreadX/ports/cortex_m4/gnu/inc/tx_port.h **** #define TX_BYTE_POOL_EXTENSION
 245:ThreadX/ports/cortex_m4/gnu/inc/tx_port.h **** #define TX_EVENT_FLAGS_GROUP_EXTENSION
 246:ThreadX/ports/cortex_m4/gnu/inc/tx_port.h **** #define TX_MUTEX_EXTENSION
 247:ThreadX/ports/cortex_m4/gnu/inc/tx_port.h **** #define TX_QUEUE_EXTENSION
 248:ThreadX/ports/cortex_m4/gnu/inc/tx_port.h **** #define TX_SEMAPHORE_EXTENSION
 249:ThreadX/ports/cortex_m4/gnu/inc/tx_port.h **** #define TX_TIMER_EXTENSION
 250:ThreadX/ports/cortex_m4/gnu/inc/tx_port.h **** 
 251:ThreadX/ports/cortex_m4/gnu/inc/tx_port.h **** 
ARM GAS  /tmp/cch61KLO.s 			page 11


 252:ThreadX/ports/cortex_m4/gnu/inc/tx_port.h **** /* Define the user extension field of the thread control block.  Nothing
 253:ThreadX/ports/cortex_m4/gnu/inc/tx_port.h ****    additional is needed for this port so it is defined as white space.  */
 254:ThreadX/ports/cortex_m4/gnu/inc/tx_port.h **** 
 255:ThreadX/ports/cortex_m4/gnu/inc/tx_port.h **** #ifndef TX_THREAD_USER_EXTENSION
 256:ThreadX/ports/cortex_m4/gnu/inc/tx_port.h **** #define TX_THREAD_USER_EXTENSION
 257:ThreadX/ports/cortex_m4/gnu/inc/tx_port.h **** #endif
 258:ThreadX/ports/cortex_m4/gnu/inc/tx_port.h **** 
 259:ThreadX/ports/cortex_m4/gnu/inc/tx_port.h **** 
 260:ThreadX/ports/cortex_m4/gnu/inc/tx_port.h **** /* Define the macros for processing extensions in tx_thread_create, tx_thread_delete,
 261:ThreadX/ports/cortex_m4/gnu/inc/tx_port.h ****    tx_thread_shell_entry, and tx_thread_terminate.  */
 262:ThreadX/ports/cortex_m4/gnu/inc/tx_port.h **** 
 263:ThreadX/ports/cortex_m4/gnu/inc/tx_port.h **** 
 264:ThreadX/ports/cortex_m4/gnu/inc/tx_port.h **** #ifdef  TX_ENABLE_IAR_LIBRARY_SUPPORT
 265:ThreadX/ports/cortex_m4/gnu/inc/tx_port.h **** #if (__VER__ < 8000000)
 266:ThreadX/ports/cortex_m4/gnu/inc/tx_port.h **** #define TX_THREAD_CREATE_EXTENSION(thread_ptr)                      thread_ptr -> tx_thread_iar_tls
 267:ThreadX/ports/cortex_m4/gnu/inc/tx_port.h **** #define TX_THREAD_DELETE_EXTENSION(thread_ptr)                      __iar_dlib_perthread_deallocate
 268:ThreadX/ports/cortex_m4/gnu/inc/tx_port.h ****                                                                     thread_ptr -> tx_thread_iar_tls
 269:ThreadX/ports/cortex_m4/gnu/inc/tx_port.h **** #define TX_PORT_SPECIFIC_PRE_SCHEDULER_INITIALIZATION               __iar_dlib_perthread_access(0);
 270:ThreadX/ports/cortex_m4/gnu/inc/tx_port.h **** #else
 271:ThreadX/ports/cortex_m4/gnu/inc/tx_port.h **** void    *_tx_iar_create_per_thread_tls_area(void);
 272:ThreadX/ports/cortex_m4/gnu/inc/tx_port.h **** void    _tx_iar_destroy_per_thread_tls_area(void *tls_ptr);
 273:ThreadX/ports/cortex_m4/gnu/inc/tx_port.h **** void    __iar_Initlocks(void);
 274:ThreadX/ports/cortex_m4/gnu/inc/tx_port.h **** 
 275:ThreadX/ports/cortex_m4/gnu/inc/tx_port.h **** #define TX_THREAD_CREATE_EXTENSION(thread_ptr)                      thread_ptr -> tx_thread_iar_tls
 276:ThreadX/ports/cortex_m4/gnu/inc/tx_port.h **** #define TX_THREAD_DELETE_EXTENSION(thread_ptr)                      do {_tx_iar_destroy_per_thread_
 277:ThreadX/ports/cortex_m4/gnu/inc/tx_port.h ****                                                                         thread_ptr -> tx_thread_iar
 278:ThreadX/ports/cortex_m4/gnu/inc/tx_port.h **** #define TX_PORT_SPECIFIC_PRE_SCHEDULER_INITIALIZATION               do {__iar_Initlocks();} while(0
 279:ThreadX/ports/cortex_m4/gnu/inc/tx_port.h **** #endif
 280:ThreadX/ports/cortex_m4/gnu/inc/tx_port.h **** #else
 281:ThreadX/ports/cortex_m4/gnu/inc/tx_port.h **** #define TX_THREAD_CREATE_EXTENSION(thread_ptr)
 282:ThreadX/ports/cortex_m4/gnu/inc/tx_port.h **** #define TX_THREAD_DELETE_EXTENSION(thread_ptr)
 283:ThreadX/ports/cortex_m4/gnu/inc/tx_port.h **** #endif
 284:ThreadX/ports/cortex_m4/gnu/inc/tx_port.h **** 
 285:ThreadX/ports/cortex_m4/gnu/inc/tx_port.h **** #if defined(__ARMVFP__) || defined(__ARM_PCS_VFP) || defined(__ARM_FP) || defined(__TARGET_FPU_VFP)
 286:ThreadX/ports/cortex_m4/gnu/inc/tx_port.h **** 
 287:ThreadX/ports/cortex_m4/gnu/inc/tx_port.h **** #ifdef TX_MISRA_ENABLE
 288:ThreadX/ports/cortex_m4/gnu/inc/tx_port.h **** 
 289:ThreadX/ports/cortex_m4/gnu/inc/tx_port.h **** ULONG  _tx_misra_control_get(void);
 290:ThreadX/ports/cortex_m4/gnu/inc/tx_port.h **** void   _tx_misra_control_set(ULONG value);
 291:ThreadX/ports/cortex_m4/gnu/inc/tx_port.h **** ULONG  _tx_misra_fpccr_get(void);
 292:ThreadX/ports/cortex_m4/gnu/inc/tx_port.h **** void   _tx_misra_vfp_touch(void);
 293:ThreadX/ports/cortex_m4/gnu/inc/tx_port.h **** 
 294:ThreadX/ports/cortex_m4/gnu/inc/tx_port.h **** #else   /* TX_MISRA_ENABLE not defined */
 295:ThreadX/ports/cortex_m4/gnu/inc/tx_port.h **** 
 296:ThreadX/ports/cortex_m4/gnu/inc/tx_port.h **** /* Define some helper functions (these are intrinsics in some compilers). */
 297:ThreadX/ports/cortex_m4/gnu/inc/tx_port.h **** #ifdef __GNUC__ /* GCC and ARM Compiler 6 */
 298:ThreadX/ports/cortex_m4/gnu/inc/tx_port.h **** 
 299:ThreadX/ports/cortex_m4/gnu/inc/tx_port.h **** __attribute__( ( always_inline ) ) static inline ULONG __get_control_value(void)
 300:ThreadX/ports/cortex_m4/gnu/inc/tx_port.h **** {
 301:ThreadX/ports/cortex_m4/gnu/inc/tx_port.h **** ULONG  control_value;
 302:ThreadX/ports/cortex_m4/gnu/inc/tx_port.h **** 
 303:ThreadX/ports/cortex_m4/gnu/inc/tx_port.h ****     __asm__ volatile (" MRS  %0,CONTROL ": "=r" (control_value) );
 304:ThreadX/ports/cortex_m4/gnu/inc/tx_port.h ****     return(control_value);
 305:ThreadX/ports/cortex_m4/gnu/inc/tx_port.h **** }
 306:ThreadX/ports/cortex_m4/gnu/inc/tx_port.h **** 
 307:ThreadX/ports/cortex_m4/gnu/inc/tx_port.h **** __attribute__( ( always_inline ) ) static inline void __set_control_value(ULONG control_value)
 308:ThreadX/ports/cortex_m4/gnu/inc/tx_port.h **** {
ARM GAS  /tmp/cch61KLO.s 			page 12


 309:ThreadX/ports/cortex_m4/gnu/inc/tx_port.h ****     __asm__ volatile (" MSR  CONTROL,%0": : "r" (control_value): "memory" );
 310:ThreadX/ports/cortex_m4/gnu/inc/tx_port.h **** }
 311:ThreadX/ports/cortex_m4/gnu/inc/tx_port.h **** 
 312:ThreadX/ports/cortex_m4/gnu/inc/tx_port.h **** #define TX_VFP_TOUCH()  __asm__ volatile ("VMOV.F32 s0, s0");
 313:ThreadX/ports/cortex_m4/gnu/inc/tx_port.h **** 
 314:ThreadX/ports/cortex_m4/gnu/inc/tx_port.h **** #elif defined(__CC_ARM) /* ARM Compiler 5 */
 315:ThreadX/ports/cortex_m4/gnu/inc/tx_port.h **** 
 316:ThreadX/ports/cortex_m4/gnu/inc/tx_port.h **** __attribute__( ( always_inline ) ) ULONG __get_control_value(void)
 317:ThreadX/ports/cortex_m4/gnu/inc/tx_port.h **** {
 318:ThreadX/ports/cortex_m4/gnu/inc/tx_port.h **** ULONG  control_value;
 319:ThreadX/ports/cortex_m4/gnu/inc/tx_port.h **** 
 320:ThreadX/ports/cortex_m4/gnu/inc/tx_port.h ****     __asm volatile ("MRS control_value,CONTROL");
 321:ThreadX/ports/cortex_m4/gnu/inc/tx_port.h ****     return(control_value);
 322:ThreadX/ports/cortex_m4/gnu/inc/tx_port.h **** }
 323:ThreadX/ports/cortex_m4/gnu/inc/tx_port.h **** 
 324:ThreadX/ports/cortex_m4/gnu/inc/tx_port.h **** __attribute__( ( always_inline ) ) void __set_control_value(ULONG control_value)
 325:ThreadX/ports/cortex_m4/gnu/inc/tx_port.h **** {
 326:ThreadX/ports/cortex_m4/gnu/inc/tx_port.h ****     __asm__ volatile ("MSR CONTROL,control_value");
 327:ThreadX/ports/cortex_m4/gnu/inc/tx_port.h **** }
 328:ThreadX/ports/cortex_m4/gnu/inc/tx_port.h **** /* Can't access VFP registers with inline asm, so define this in tx_thread_schedule.  */
 329:ThreadX/ports/cortex_m4/gnu/inc/tx_port.h **** void _tx_vfp_access(void);
 330:ThreadX/ports/cortex_m4/gnu/inc/tx_port.h **** #define TX_VFP_TOUCH()  _tx_vfp_access();
 331:ThreadX/ports/cortex_m4/gnu/inc/tx_port.h **** 
 332:ThreadX/ports/cortex_m4/gnu/inc/tx_port.h **** #elif defined(__ICCARM__)  /* IAR */
 333:ThreadX/ports/cortex_m4/gnu/inc/tx_port.h **** #define TX_VFP_TOUCH()  __asm__ volatile ("VMOV.F32 s0, s0");
 334:ThreadX/ports/cortex_m4/gnu/inc/tx_port.h **** #endif  /* Helper functions for different compilers */
 335:ThreadX/ports/cortex_m4/gnu/inc/tx_port.h **** 
 336:ThreadX/ports/cortex_m4/gnu/inc/tx_port.h **** #endif  /* TX_MISRA_ENABLE */
 337:ThreadX/ports/cortex_m4/gnu/inc/tx_port.h **** 
 338:ThreadX/ports/cortex_m4/gnu/inc/tx_port.h **** 
 339:ThreadX/ports/cortex_m4/gnu/inc/tx_port.h **** /* A completed thread falls into _thread_shell_entry and we can simply deactivate the FPU via CONTR
 340:ThreadX/ports/cortex_m4/gnu/inc/tx_port.h ****    in order to ensure no lazy stacking will occur. */
 341:ThreadX/ports/cortex_m4/gnu/inc/tx_port.h **** 
 342:ThreadX/ports/cortex_m4/gnu/inc/tx_port.h **** #ifndef TX_MISRA_ENABLE
 343:ThreadX/ports/cortex_m4/gnu/inc/tx_port.h **** 
 344:ThreadX/ports/cortex_m4/gnu/inc/tx_port.h **** #define TX_THREAD_COMPLETED_EXTENSION(thread_ptr)   {                                              
 345:ThreadX/ports/cortex_m4/gnu/inc/tx_port.h ****                                                     ULONG  _tx_vfp_state;                          
 346:ThreadX/ports/cortex_m4/gnu/inc/tx_port.h ****                                                         _tx_vfp_state =  __get_control_value();    
 347:ThreadX/ports/cortex_m4/gnu/inc/tx_port.h ****                                                         _tx_vfp_state =  _tx_vfp_state & ~((ULONG) 
 348:ThreadX/ports/cortex_m4/gnu/inc/tx_port.h ****                                                         __set_control_value(_tx_vfp_state);        
 349:ThreadX/ports/cortex_m4/gnu/inc/tx_port.h ****                                                     }
 350:ThreadX/ports/cortex_m4/gnu/inc/tx_port.h **** #else
 351:ThreadX/ports/cortex_m4/gnu/inc/tx_port.h **** 
 352:ThreadX/ports/cortex_m4/gnu/inc/tx_port.h **** #define TX_THREAD_COMPLETED_EXTENSION(thread_ptr)   {                                              
 353:ThreadX/ports/cortex_m4/gnu/inc/tx_port.h ****                                                     ULONG  _tx_vfp_state;                          
 354:ThreadX/ports/cortex_m4/gnu/inc/tx_port.h ****                                                         _tx_vfp_state =  _tx_misra_control_get();  
 355:ThreadX/ports/cortex_m4/gnu/inc/tx_port.h ****                                                         _tx_vfp_state =  _tx_vfp_state & ~((ULONG) 
 356:ThreadX/ports/cortex_m4/gnu/inc/tx_port.h ****                                                         _tx_misra_control_set(_tx_vfp_state);      
 357:ThreadX/ports/cortex_m4/gnu/inc/tx_port.h ****                                                     }
 358:ThreadX/ports/cortex_m4/gnu/inc/tx_port.h **** 
 359:ThreadX/ports/cortex_m4/gnu/inc/tx_port.h **** #endif
 360:ThreadX/ports/cortex_m4/gnu/inc/tx_port.h **** 
 361:ThreadX/ports/cortex_m4/gnu/inc/tx_port.h **** /* A thread can be terminated by another thread, so we first check if it's self-terminating and not
 362:ThreadX/ports/cortex_m4/gnu/inc/tx_port.h ****    If so, deactivate the FPU via CONTROL.FPCA. Otherwise we are in an interrupt or another thread i
 363:ThreadX/ports/cortex_m4/gnu/inc/tx_port.h ****    this one, so if the FPCCR.LSPACT bit is set, we need to save the CONTROL.FPCA state, touch the F
 364:ThreadX/ports/cortex_m4/gnu/inc/tx_port.h ****    the lazy FPU save, then restore the CONTROL.FPCA state. */
 365:ThreadX/ports/cortex_m4/gnu/inc/tx_port.h **** 
ARM GAS  /tmp/cch61KLO.s 			page 13


 366:ThreadX/ports/cortex_m4/gnu/inc/tx_port.h **** #ifndef TX_MISRA_ENABLE
 367:ThreadX/ports/cortex_m4/gnu/inc/tx_port.h **** 
 368:ThreadX/ports/cortex_m4/gnu/inc/tx_port.h **** #define TX_THREAD_TERMINATED_EXTENSION(thread_ptr)  {                                              
 369:ThreadX/ports/cortex_m4/gnu/inc/tx_port.h ****                                                     ULONG  _tx_system_state;                       
 370:ThreadX/ports/cortex_m4/gnu/inc/tx_port.h ****                                                         _tx_system_state =  TX_THREAD_GET_SYSTEM_ST
 371:ThreadX/ports/cortex_m4/gnu/inc/tx_port.h ****                                                         if ((_tx_system_state == ((ULONG) 0)) && ((
 372:ThreadX/ports/cortex_m4/gnu/inc/tx_port.h ****                                                         {                                          
 373:ThreadX/ports/cortex_m4/gnu/inc/tx_port.h ****                                                         ULONG  _tx_vfp_state;                      
 374:ThreadX/ports/cortex_m4/gnu/inc/tx_port.h ****                                                             _tx_vfp_state =  __get_control_value();
 375:ThreadX/ports/cortex_m4/gnu/inc/tx_port.h ****                                                             _tx_vfp_state =  _tx_vfp_state & ~((ULO
 376:ThreadX/ports/cortex_m4/gnu/inc/tx_port.h ****                                                             __set_control_value(_tx_vfp_state);    
 377:ThreadX/ports/cortex_m4/gnu/inc/tx_port.h ****                                                         }                                          
 378:ThreadX/ports/cortex_m4/gnu/inc/tx_port.h ****                                                         else                                       
 379:ThreadX/ports/cortex_m4/gnu/inc/tx_port.h ****                                                         {                                          
 380:ThreadX/ports/cortex_m4/gnu/inc/tx_port.h ****                                                         ULONG  _tx_fpccr;                          
 381:ThreadX/ports/cortex_m4/gnu/inc/tx_port.h ****                                                             _tx_fpccr =  *((ULONG *) 0xE000EF34);  
 382:ThreadX/ports/cortex_m4/gnu/inc/tx_port.h ****                                                             _tx_fpccr =  _tx_fpccr & ((ULONG) 0x01)
 383:ThreadX/ports/cortex_m4/gnu/inc/tx_port.h ****                                                             if (_tx_fpccr == ((ULONG) 0x01))       
 384:ThreadX/ports/cortex_m4/gnu/inc/tx_port.h ****                                                             {                                      
 385:ThreadX/ports/cortex_m4/gnu/inc/tx_port.h ****                                                             ULONG _tx_vfp_state;                   
 386:ThreadX/ports/cortex_m4/gnu/inc/tx_port.h ****                                                                 _tx_vfp_state = __get_control_value
 387:ThreadX/ports/cortex_m4/gnu/inc/tx_port.h ****                                                                 _tx_vfp_state =  _tx_vfp_state & ((
 388:ThreadX/ports/cortex_m4/gnu/inc/tx_port.h ****                                                                 TX_VFP_TOUCH();                    
 389:ThreadX/ports/cortex_m4/gnu/inc/tx_port.h ****                                                                 if (_tx_vfp_state == ((ULONG) 0))  
 390:ThreadX/ports/cortex_m4/gnu/inc/tx_port.h ****                                                                 {                                  
 391:ThreadX/ports/cortex_m4/gnu/inc/tx_port.h ****                                                                     _tx_vfp_state =  __get_control_
 392:ThreadX/ports/cortex_m4/gnu/inc/tx_port.h ****                                                                     _tx_vfp_state =  _tx_vfp_state 
 393:ThreadX/ports/cortex_m4/gnu/inc/tx_port.h ****                                                                     __set_control_value(_tx_vfp_sta
 394:ThreadX/ports/cortex_m4/gnu/inc/tx_port.h ****                                                                 }                                  
 395:ThreadX/ports/cortex_m4/gnu/inc/tx_port.h ****                                                             }                                      
 396:ThreadX/ports/cortex_m4/gnu/inc/tx_port.h ****                                                         }                                          
 397:ThreadX/ports/cortex_m4/gnu/inc/tx_port.h ****                                                     }
 398:ThreadX/ports/cortex_m4/gnu/inc/tx_port.h **** #else
 399:ThreadX/ports/cortex_m4/gnu/inc/tx_port.h **** 
 400:ThreadX/ports/cortex_m4/gnu/inc/tx_port.h **** #define TX_THREAD_TERMINATED_EXTENSION(thread_ptr)  {                                              
 401:ThreadX/ports/cortex_m4/gnu/inc/tx_port.h ****                                                     ULONG  _tx_system_state;                       
 402:ThreadX/ports/cortex_m4/gnu/inc/tx_port.h ****                                                         _tx_system_state =  TX_THREAD_GET_SYSTEM_ST
 403:ThreadX/ports/cortex_m4/gnu/inc/tx_port.h ****                                                         if ((_tx_system_state == ((ULONG) 0)) && ((
 404:ThreadX/ports/cortex_m4/gnu/inc/tx_port.h ****                                                         {                                          
 405:ThreadX/ports/cortex_m4/gnu/inc/tx_port.h ****                                                         ULONG  _tx_vfp_state;                      
 406:ThreadX/ports/cortex_m4/gnu/inc/tx_port.h ****                                                             _tx_vfp_state =  _tx_misra_control_get(
 407:ThreadX/ports/cortex_m4/gnu/inc/tx_port.h ****                                                             _tx_vfp_state =  _tx_vfp_state & ~((ULO
 408:ThreadX/ports/cortex_m4/gnu/inc/tx_port.h ****                                                             _tx_misra_control_set(_tx_vfp_state);  
 409:ThreadX/ports/cortex_m4/gnu/inc/tx_port.h ****                                                         }                                          
 410:ThreadX/ports/cortex_m4/gnu/inc/tx_port.h ****                                                         else                                       
 411:ThreadX/ports/cortex_m4/gnu/inc/tx_port.h ****                                                         {                                          
 412:ThreadX/ports/cortex_m4/gnu/inc/tx_port.h ****                                                         ULONG  _tx_fpccr;                          
 413:ThreadX/ports/cortex_m4/gnu/inc/tx_port.h ****                                                             _tx_fpccr =  _tx_misra_fpccr_get();    
 414:ThreadX/ports/cortex_m4/gnu/inc/tx_port.h ****                                                             _tx_fpccr =  _tx_fpccr & ((ULONG) 0x01)
 415:ThreadX/ports/cortex_m4/gnu/inc/tx_port.h ****                                                             if (_tx_fpccr == ((ULONG) 0x01))       
 416:ThreadX/ports/cortex_m4/gnu/inc/tx_port.h ****                                                             {                                      
 417:ThreadX/ports/cortex_m4/gnu/inc/tx_port.h ****                                                             ULONG _tx_vfp_state;                   
 418:ThreadX/ports/cortex_m4/gnu/inc/tx_port.h ****                                                                 _tx_vfp_state = _tx_misra_control_g
 419:ThreadX/ports/cortex_m4/gnu/inc/tx_port.h ****                                                                 _tx_vfp_state =  _tx_vfp_state & ((
 420:ThreadX/ports/cortex_m4/gnu/inc/tx_port.h ****                                                                 _tx_misra_vfp_touch();             
 421:ThreadX/ports/cortex_m4/gnu/inc/tx_port.h ****                                                                 if (_tx_vfp_state == ((ULONG) 0))  
 422:ThreadX/ports/cortex_m4/gnu/inc/tx_port.h ****                                                                 {                                  
ARM GAS  /tmp/cch61KLO.s 			page 14


 423:ThreadX/ports/cortex_m4/gnu/inc/tx_port.h ****                                                                     _tx_vfp_state =  _tx_misra_cont
 424:ThreadX/ports/cortex_m4/gnu/inc/tx_port.h ****                                                                     _tx_vfp_state =  _tx_vfp_state 
 425:ThreadX/ports/cortex_m4/gnu/inc/tx_port.h ****                                                                     _tx_misra_control_set(_tx_vfp_s
 426:ThreadX/ports/cortex_m4/gnu/inc/tx_port.h ****                                                                 }                                  
 427:ThreadX/ports/cortex_m4/gnu/inc/tx_port.h ****                                                             }                                      
 428:ThreadX/ports/cortex_m4/gnu/inc/tx_port.h ****                                                         }                                          
 429:ThreadX/ports/cortex_m4/gnu/inc/tx_port.h ****                                                     }
 430:ThreadX/ports/cortex_m4/gnu/inc/tx_port.h **** #endif
 431:ThreadX/ports/cortex_m4/gnu/inc/tx_port.h **** 
 432:ThreadX/ports/cortex_m4/gnu/inc/tx_port.h **** #else   /* No VFP in use */
 433:ThreadX/ports/cortex_m4/gnu/inc/tx_port.h **** 
 434:ThreadX/ports/cortex_m4/gnu/inc/tx_port.h **** #define TX_THREAD_COMPLETED_EXTENSION(thread_ptr)
 435:ThreadX/ports/cortex_m4/gnu/inc/tx_port.h **** #define TX_THREAD_TERMINATED_EXTENSION(thread_ptr)
 436:ThreadX/ports/cortex_m4/gnu/inc/tx_port.h **** 
 437:ThreadX/ports/cortex_m4/gnu/inc/tx_port.h **** #endif  /* defined(__ARMVFP__) || defined(__ARM_PCS_VFP) || defined(__ARM_FP) || defined(__TARGET_F
 438:ThreadX/ports/cortex_m4/gnu/inc/tx_port.h **** 
 439:ThreadX/ports/cortex_m4/gnu/inc/tx_port.h **** 
 440:ThreadX/ports/cortex_m4/gnu/inc/tx_port.h **** /* Define the ThreadX object creation extensions for the remaining objects.  */
 441:ThreadX/ports/cortex_m4/gnu/inc/tx_port.h **** 
 442:ThreadX/ports/cortex_m4/gnu/inc/tx_port.h **** #define TX_BLOCK_POOL_CREATE_EXTENSION(pool_ptr)
 443:ThreadX/ports/cortex_m4/gnu/inc/tx_port.h **** #define TX_BYTE_POOL_CREATE_EXTENSION(pool_ptr)
 444:ThreadX/ports/cortex_m4/gnu/inc/tx_port.h **** #define TX_EVENT_FLAGS_GROUP_CREATE_EXTENSION(group_ptr)
 445:ThreadX/ports/cortex_m4/gnu/inc/tx_port.h **** #define TX_MUTEX_CREATE_EXTENSION(mutex_ptr)
 446:ThreadX/ports/cortex_m4/gnu/inc/tx_port.h **** #define TX_QUEUE_CREATE_EXTENSION(queue_ptr)
 447:ThreadX/ports/cortex_m4/gnu/inc/tx_port.h **** #define TX_SEMAPHORE_CREATE_EXTENSION(semaphore_ptr)
 448:ThreadX/ports/cortex_m4/gnu/inc/tx_port.h **** #define TX_TIMER_CREATE_EXTENSION(timer_ptr)
 449:ThreadX/ports/cortex_m4/gnu/inc/tx_port.h **** 
 450:ThreadX/ports/cortex_m4/gnu/inc/tx_port.h **** 
 451:ThreadX/ports/cortex_m4/gnu/inc/tx_port.h **** /* Define the ThreadX object deletion extensions for the remaining objects.  */
 452:ThreadX/ports/cortex_m4/gnu/inc/tx_port.h **** 
 453:ThreadX/ports/cortex_m4/gnu/inc/tx_port.h **** #define TX_BLOCK_POOL_DELETE_EXTENSION(pool_ptr)
 454:ThreadX/ports/cortex_m4/gnu/inc/tx_port.h **** #define TX_BYTE_POOL_DELETE_EXTENSION(pool_ptr)
 455:ThreadX/ports/cortex_m4/gnu/inc/tx_port.h **** #define TX_EVENT_FLAGS_GROUP_DELETE_EXTENSION(group_ptr)
 456:ThreadX/ports/cortex_m4/gnu/inc/tx_port.h **** #define TX_MUTEX_DELETE_EXTENSION(mutex_ptr)
 457:ThreadX/ports/cortex_m4/gnu/inc/tx_port.h **** #define TX_QUEUE_DELETE_EXTENSION(queue_ptr)
 458:ThreadX/ports/cortex_m4/gnu/inc/tx_port.h **** #define TX_SEMAPHORE_DELETE_EXTENSION(semaphore_ptr)
 459:ThreadX/ports/cortex_m4/gnu/inc/tx_port.h **** #define TX_TIMER_DELETE_EXTENSION(timer_ptr)
 460:ThreadX/ports/cortex_m4/gnu/inc/tx_port.h **** 
 461:ThreadX/ports/cortex_m4/gnu/inc/tx_port.h **** 
 462:ThreadX/ports/cortex_m4/gnu/inc/tx_port.h **** /* Define the get system state macro.  */
 463:ThreadX/ports/cortex_m4/gnu/inc/tx_port.h **** 
 464:ThreadX/ports/cortex_m4/gnu/inc/tx_port.h **** #ifndef TX_THREAD_GET_SYSTEM_STATE
 465:ThreadX/ports/cortex_m4/gnu/inc/tx_port.h **** #ifndef TX_MISRA_ENABLE
 466:ThreadX/ports/cortex_m4/gnu/inc/tx_port.h **** 
 467:ThreadX/ports/cortex_m4/gnu/inc/tx_port.h **** #ifdef __CC_ARM /* ARM Compiler 5 */
 468:ThreadX/ports/cortex_m4/gnu/inc/tx_port.h **** 
 469:ThreadX/ports/cortex_m4/gnu/inc/tx_port.h **** register unsigned int _ipsr __asm("ipsr");
 470:ThreadX/ports/cortex_m4/gnu/inc/tx_port.h **** #define TX_THREAD_GET_SYSTEM_STATE()        (_tx_thread_system_state | _ipsr)
 471:ThreadX/ports/cortex_m4/gnu/inc/tx_port.h **** 
 472:ThreadX/ports/cortex_m4/gnu/inc/tx_port.h **** #elif defined(__GNUC__) /* GCC and ARM Compiler 6 */
 473:ThreadX/ports/cortex_m4/gnu/inc/tx_port.h **** 
 474:ThreadX/ports/cortex_m4/gnu/inc/tx_port.h **** __attribute__( ( always_inline ) ) static inline unsigned int __get_ipsr_value(void)
 475:ThreadX/ports/cortex_m4/gnu/inc/tx_port.h **** {
 476:ThreadX/ports/cortex_m4/gnu/inc/tx_port.h **** unsigned int  ipsr_value;
 477:ThreadX/ports/cortex_m4/gnu/inc/tx_port.h ****     __asm__ volatile (" MRS  %0,IPSR ": "=r" (ipsr_value) );
 478:ThreadX/ports/cortex_m4/gnu/inc/tx_port.h ****     return(ipsr_value);
 479:ThreadX/ports/cortex_m4/gnu/inc/tx_port.h **** }
ARM GAS  /tmp/cch61KLO.s 			page 15


 480:ThreadX/ports/cortex_m4/gnu/inc/tx_port.h **** 
 481:ThreadX/ports/cortex_m4/gnu/inc/tx_port.h **** #define TX_THREAD_GET_SYSTEM_STATE()        (_tx_thread_system_state | __get_ipsr_value())
 482:ThreadX/ports/cortex_m4/gnu/inc/tx_port.h **** 
 483:ThreadX/ports/cortex_m4/gnu/inc/tx_port.h **** #elif defined(__ICCARM__)   /* IAR */
 484:ThreadX/ports/cortex_m4/gnu/inc/tx_port.h **** 
 485:ThreadX/ports/cortex_m4/gnu/inc/tx_port.h **** #define TX_THREAD_GET_SYSTEM_STATE()        (_tx_thread_system_state | __get_IPSR())
 486:ThreadX/ports/cortex_m4/gnu/inc/tx_port.h **** 
 487:ThreadX/ports/cortex_m4/gnu/inc/tx_port.h **** #endif  /* TX_THREAD_GET_SYSTEM_STATE for different compilers */
 488:ThreadX/ports/cortex_m4/gnu/inc/tx_port.h **** 
 489:ThreadX/ports/cortex_m4/gnu/inc/tx_port.h **** #else   /* TX_MISRA_ENABLE is defined, use MISRA function. */
 490:ThreadX/ports/cortex_m4/gnu/inc/tx_port.h **** ULONG   _tx_misra_ipsr_get(VOID);
 491:ThreadX/ports/cortex_m4/gnu/inc/tx_port.h **** #define TX_THREAD_GET_SYSTEM_STATE()        (_tx_thread_system_state | _tx_misra_ipsr_get())
 492:ThreadX/ports/cortex_m4/gnu/inc/tx_port.h **** #endif  /* TX_MISRA_ENABLE */
 493:ThreadX/ports/cortex_m4/gnu/inc/tx_port.h **** #endif  /* TX_THREAD_GET_SYSTEM_STATE */
 494:ThreadX/ports/cortex_m4/gnu/inc/tx_port.h **** 
 495:ThreadX/ports/cortex_m4/gnu/inc/tx_port.h **** 
 496:ThreadX/ports/cortex_m4/gnu/inc/tx_port.h **** /* Define the check for whether or not to call the _tx_thread_system_return function.  A non-zero v
 497:ThreadX/ports/cortex_m4/gnu/inc/tx_port.h ****    indicates that _tx_thread_system_return should not be called. This overrides the definition in t
 498:ThreadX/ports/cortex_m4/gnu/inc/tx_port.h ****    for Cortex-M since so we don't waste time checking the _tx_thread_system_state variable that is 
 499:ThreadX/ports/cortex_m4/gnu/inc/tx_port.h ****    zero after initialization for Cortex-M ports. */
 500:ThreadX/ports/cortex_m4/gnu/inc/tx_port.h **** 
 501:ThreadX/ports/cortex_m4/gnu/inc/tx_port.h **** #ifndef TX_THREAD_SYSTEM_RETURN_CHECK
 502:ThreadX/ports/cortex_m4/gnu/inc/tx_port.h **** #define TX_THREAD_SYSTEM_RETURN_CHECK(c)    (c) = ((ULONG) _tx_thread_preempt_disable);
 503:ThreadX/ports/cortex_m4/gnu/inc/tx_port.h **** #endif
 504:ThreadX/ports/cortex_m4/gnu/inc/tx_port.h **** 
 505:ThreadX/ports/cortex_m4/gnu/inc/tx_port.h **** /* Define the macro to ensure _tx_thread_preempt_disable is set early in initialization in order to
 506:ThreadX/ports/cortex_m4/gnu/inc/tx_port.h ****    prevent early scheduling on Cortex-M parts.  */
 507:ThreadX/ports/cortex_m4/gnu/inc/tx_port.h **** 
 508:ThreadX/ports/cortex_m4/gnu/inc/tx_port.h **** #define TX_PORT_SPECIFIC_POST_INITIALIZATION    _tx_thread_preempt_disable++;
 509:ThreadX/ports/cortex_m4/gnu/inc/tx_port.h **** 
 510:ThreadX/ports/cortex_m4/gnu/inc/tx_port.h **** 
 511:ThreadX/ports/cortex_m4/gnu/inc/tx_port.h **** 
 512:ThreadX/ports/cortex_m4/gnu/inc/tx_port.h **** 
 513:ThreadX/ports/cortex_m4/gnu/inc/tx_port.h **** #ifndef TX_DISABLE_INLINE
 514:ThreadX/ports/cortex_m4/gnu/inc/tx_port.h **** 
 515:ThreadX/ports/cortex_m4/gnu/inc/tx_port.h **** /* Define the TX_LOWEST_SET_BIT_CALCULATE macro for each compiler. */
 516:ThreadX/ports/cortex_m4/gnu/inc/tx_port.h **** #ifdef __ICCARM__       /* IAR Compiler */
 517:ThreadX/ports/cortex_m4/gnu/inc/tx_port.h **** #define TX_LOWEST_SET_BIT_CALCULATE(m, b)       (b) = (UINT) __CLZ(__RBIT((m)));
 518:ThreadX/ports/cortex_m4/gnu/inc/tx_port.h **** #elif defined(__CC_ARM) /* AC5 Compiler */
 519:ThreadX/ports/cortex_m4/gnu/inc/tx_port.h **** #define TX_LOWEST_SET_BIT_CALCULATE(m, b)       (b) = (UINT) __clz(__rbit((m)));
 520:ThreadX/ports/cortex_m4/gnu/inc/tx_port.h **** #elif defined(__GNUC__) /* GCC and AC6 Compiler */
 521:ThreadX/ports/cortex_m4/gnu/inc/tx_port.h **** #define TX_LOWEST_SET_BIT_CALCULATE(m, b)       __asm__ volatile (" RBIT %0,%1 ": "=r" (m) : "r" (m
 522:ThreadX/ports/cortex_m4/gnu/inc/tx_port.h ****                                                 __asm__ volatile (" CLZ  %0,%1 ": "=r" (b) : "r" (m
 523:ThreadX/ports/cortex_m4/gnu/inc/tx_port.h **** #endif
 524:ThreadX/ports/cortex_m4/gnu/inc/tx_port.h **** 
 525:ThreadX/ports/cortex_m4/gnu/inc/tx_port.h **** 
 526:ThreadX/ports/cortex_m4/gnu/inc/tx_port.h **** 
 527:ThreadX/ports/cortex_m4/gnu/inc/tx_port.h **** /* Define the interrupt disable/restore macros for each compiler. */
 528:ThreadX/ports/cortex_m4/gnu/inc/tx_port.h **** 
 529:ThreadX/ports/cortex_m4/gnu/inc/tx_port.h **** #if defined(__GNUC__) || defined(__ICCARM__)
 530:ThreadX/ports/cortex_m4/gnu/inc/tx_port.h **** 
 531:ThreadX/ports/cortex_m4/gnu/inc/tx_port.h **** /*** GCC/AC6 and IAR ***/
 532:ThreadX/ports/cortex_m4/gnu/inc/tx_port.h **** 
 533:ThreadX/ports/cortex_m4/gnu/inc/tx_port.h **** __attribute__( ( always_inline ) ) static inline unsigned int __get_interrupt_posture(void)
 534:ThreadX/ports/cortex_m4/gnu/inc/tx_port.h **** {
 535:ThreadX/ports/cortex_m4/gnu/inc/tx_port.h **** unsigned int posture;
 536:ThreadX/ports/cortex_m4/gnu/inc/tx_port.h **** #ifdef TX_PORT_USE_BASEPRI
ARM GAS  /tmp/cch61KLO.s 			page 16


 537:ThreadX/ports/cortex_m4/gnu/inc/tx_port.h ****     __asm__ volatile ("MRS  %0, BASEPRI ": "=r" (posture));
 538:ThreadX/ports/cortex_m4/gnu/inc/tx_port.h **** #else
 539:ThreadX/ports/cortex_m4/gnu/inc/tx_port.h ****     __asm__ volatile ("MRS  %0, PRIMASK ": "=r" (posture));
  83              		.loc 2 539 0
  84              		.syntax unified
  85              	@ 539 "ThreadX/ports/cortex_m4/gnu/inc/tx_port.h" 1
  86 0024 EFF31081 		MRS  r1, PRIMASK 
  87              	@ 0 "" 2
  88              	.LVL6:
  89              		.thumb
  90              		.syntax unified
  91              	.LBE23:
  92              	.LBE22:
 540:ThreadX/ports/cortex_m4/gnu/inc/tx_port.h **** #endif
 541:ThreadX/ports/cortex_m4/gnu/inc/tx_port.h ****     return(posture);
 542:ThreadX/ports/cortex_m4/gnu/inc/tx_port.h **** }
 543:ThreadX/ports/cortex_m4/gnu/inc/tx_port.h **** 
 544:ThreadX/ports/cortex_m4/gnu/inc/tx_port.h **** #ifdef TX_PORT_USE_BASEPRI
 545:ThreadX/ports/cortex_m4/gnu/inc/tx_port.h **** __attribute__( ( always_inline ) ) static inline void __set_basepri_value(unsigned int basepri_valu
 546:ThreadX/ports/cortex_m4/gnu/inc/tx_port.h **** {
 547:ThreadX/ports/cortex_m4/gnu/inc/tx_port.h ****     __asm__ volatile ("MSR  BASEPRI,%0 ": : "r" (basepri_value));
 548:ThreadX/ports/cortex_m4/gnu/inc/tx_port.h **** }
 549:ThreadX/ports/cortex_m4/gnu/inc/tx_port.h **** #else
 550:ThreadX/ports/cortex_m4/gnu/inc/tx_port.h **** __attribute__( ( always_inline ) ) static inline void __enable_interrupts(void)
 551:ThreadX/ports/cortex_m4/gnu/inc/tx_port.h **** {
 552:ThreadX/ports/cortex_m4/gnu/inc/tx_port.h ****     __asm__ volatile ("CPSIE  i": : : "memory");
 553:ThreadX/ports/cortex_m4/gnu/inc/tx_port.h **** }
 554:ThreadX/ports/cortex_m4/gnu/inc/tx_port.h **** #endif
 555:ThreadX/ports/cortex_m4/gnu/inc/tx_port.h **** 
 556:ThreadX/ports/cortex_m4/gnu/inc/tx_port.h **** __attribute__( ( always_inline ) ) static inline void __restore_interrupt(unsigned int int_posture)
 557:ThreadX/ports/cortex_m4/gnu/inc/tx_port.h **** {
 558:ThreadX/ports/cortex_m4/gnu/inc/tx_port.h **** #ifdef TX_PORT_USE_BASEPRI
 559:ThreadX/ports/cortex_m4/gnu/inc/tx_port.h ****     __set_basepri_value(int_posture);
 560:ThreadX/ports/cortex_m4/gnu/inc/tx_port.h ****     //__asm__ volatile ("MSR  BASEPRI,%0": : "r" (int_posture): "memory");
 561:ThreadX/ports/cortex_m4/gnu/inc/tx_port.h **** #else
 562:ThreadX/ports/cortex_m4/gnu/inc/tx_port.h ****     __asm__ volatile ("MSR  PRIMASK,%0": : "r" (int_posture): "memory");
 563:ThreadX/ports/cortex_m4/gnu/inc/tx_port.h **** #endif
 564:ThreadX/ports/cortex_m4/gnu/inc/tx_port.h **** }
 565:ThreadX/ports/cortex_m4/gnu/inc/tx_port.h **** 
 566:ThreadX/ports/cortex_m4/gnu/inc/tx_port.h **** __attribute__( ( always_inline ) ) static inline unsigned int __disable_interrupts(void)
 567:ThreadX/ports/cortex_m4/gnu/inc/tx_port.h **** {
 568:ThreadX/ports/cortex_m4/gnu/inc/tx_port.h **** unsigned int int_posture;
 569:ThreadX/ports/cortex_m4/gnu/inc/tx_port.h **** 
 570:ThreadX/ports/cortex_m4/gnu/inc/tx_port.h ****     int_posture = __get_interrupt_posture();
 571:ThreadX/ports/cortex_m4/gnu/inc/tx_port.h **** 
 572:ThreadX/ports/cortex_m4/gnu/inc/tx_port.h **** #ifdef TX_PORT_USE_BASEPRI
 573:ThreadX/ports/cortex_m4/gnu/inc/tx_port.h ****     __set_basepri_value(TX_PORT_BASEPRI);
 574:ThreadX/ports/cortex_m4/gnu/inc/tx_port.h **** #else
 575:ThreadX/ports/cortex_m4/gnu/inc/tx_port.h ****     __asm__ volatile ("CPSID i" : : : "memory");
  93              		.loc 2 575 0
  94              		.syntax unified
  95              	@ 575 "ThreadX/ports/cortex_m4/gnu/inc/tx_port.h" 1
  96 0028 72B6     		CPSID i
  97              	@ 0 "" 2
  98              		.thumb
  99              		.syntax unified
 100              	.LBE21:
ARM GAS  /tmp/cch61KLO.s 			page 17


 101              	.LBE20:
 125:ThreadX/common/src/txe_timer_create.c **** 
 102              		.loc 1 125 0
 103 002a 294A     		ldr	r2, .L19
 104              	.LVL7:
 105 002c 1368     		ldr	r3, [r2]
 106 002e 0133     		adds	r3, r3, #1
 107 0030 1360     		str	r3, [r2]
 108              	.LBB24:
 109              	.LBB25:
 562:ThreadX/ports/cortex_m4/gnu/inc/tx_port.h **** #endif
 110              		.loc 2 562 0
 111              		.syntax unified
 112              	@ 562 "ThreadX/ports/cortex_m4/gnu/inc/tx_port.h" 1
 113 0032 81F31088 		MSR  PRIMASK,r1
 114              	@ 0 "" 2
 115              		.thumb
 116              		.syntax unified
 117              	.LBE25:
 118              	.LBE24:
 131:ThreadX/common/src/txe_timer_create.c ****         for (i = ((ULONG) 0); i < _tx_timer_created_count; i++)
 119              		.loc 1 131 0
 120 0036 274B     		ldr	r3, .L19+4
 121 0038 1C68     		ldr	r4, [r3]
 122              	.LVL8:
 132:ThreadX/common/src/txe_timer_create.c ****         {
 123              		.loc 1 132 0
 124 003a 0023     		movs	r3, #0
 125              	.LVL9:
 126              	.L3:
 132:ThreadX/common/src/txe_timer_create.c ****         {
 127              		.loc 1 132 0 is_stmt 0 discriminator 1
 128 003c 264A     		ldr	r2, .L19+8
 129 003e 1268     		ldr	r2, [r2]
 130 0040 9A42     		cmp	r2, r3
 131 0042 04D9     		bls	.L4
 136:ThreadX/common/src/txe_timer_create.c ****             {
 132              		.loc 1 136 0 is_stmt 1
 133 0044 AC42     		cmp	r4, r5
 134 0046 02D0     		beq	.L4
 145:ThreadX/common/src/txe_timer_create.c ****             }
 135              		.loc 1 145 0 discriminator 2
 136 0048 646A     		ldr	r4, [r4, #36]
 137              	.LVL10:
 132:ThreadX/common/src/txe_timer_create.c ****         {
 138              		.loc 1 132 0 discriminator 2
 139 004a 0133     		adds	r3, r3, #1
 140              	.LVL11:
 141 004c F6E7     		b	.L3
 142              	.L4:
 143              	.LBB26:
 144              	.LBB27:
 145              	.LBB28:
 146              	.LBB29:
 539:ThreadX/ports/cortex_m4/gnu/inc/tx_port.h **** #endif
 147              		.loc 2 539 0
 148              		.syntax unified
ARM GAS  /tmp/cch61KLO.s 			page 18


 149              	@ 539 "ThreadX/ports/cortex_m4/gnu/inc/tx_port.h" 1
 150 004e EFF31081 		MRS  r1, PRIMASK 
 151              	@ 0 "" 2
 152              		.thumb
 153              		.syntax unified
 154              	.LBE29:
 155              	.LBE28:
 156              		.loc 2 575 0
 157              		.syntax unified
 158              	@ 575 "ThreadX/ports/cortex_m4/gnu/inc/tx_port.h" 1
 159 0052 72B6     		CPSID i
 160              	@ 0 "" 2
 161              		.thumb
 162              		.syntax unified
 163              	.LBE27:
 164              	.LBE26:
 153:ThreadX/common/src/txe_timer_create.c **** 
 165              		.loc 1 153 0
 166 0054 1E4A     		ldr	r2, .L19
 167 0056 1368     		ldr	r3, [r2]
 168              	.LVL12:
 169 0058 013B     		subs	r3, r3, #1
 170 005a 1360     		str	r3, [r2]
 171              	.LBB30:
 172              	.LBB31:
 562:ThreadX/ports/cortex_m4/gnu/inc/tx_port.h **** #endif
 173              		.loc 2 562 0
 174              		.syntax unified
 175              	@ 562 "ThreadX/ports/cortex_m4/gnu/inc/tx_port.h" 1
 176 005c 81F31088 		MSR  PRIMASK,r1
 177              	@ 0 "" 2
 178              		.thumb
 179              		.syntax unified
 180              	.LBE31:
 181              	.LBE30:
 159:ThreadX/common/src/txe_timer_create.c **** 
 182              		.loc 1 159 0
 183 0060 FFF7FEFF 		bl	_tx_thread_system_preempt_check
 184              	.LVL13:
 162:ThreadX/common/src/txe_timer_create.c ****         {
 185              		.loc 1 162 0
 186 0064 AC42     		cmp	r4, r5
 187 0066 1FD0     		beq	.L11
 170:ThreadX/common/src/txe_timer_create.c ****         {
 188              		.loc 1 170 0
 189 0068 0A9B     		ldr	r3, [sp, #40]
 190 006a FBB1     		cbz	r3, .L12
 180:ThreadX/common/src/txe_timer_create.c ****             {
 191              		.loc 1 180 0
 192 006c 0C9B     		ldr	r3, [sp, #48]
 193 006e 012B     		cmp	r3, #1
 194 0070 00D0     		beq	.L6
 184:ThreadX/common/src/txe_timer_create.c ****                 {
 195              		.loc 1 184 0
 196 0072 EBB9     		cbnz	r3, .L13
 197              	.L6:
 201:ThreadX/common/src/txe_timer_create.c **** 
ARM GAS  /tmp/cch61KLO.s 			page 19


 198              		.loc 1 201 0
 199 0074 194B     		ldr	r3, .L19+12
 200 0076 1A68     		ldr	r2, [r3]
 201              	.LVL14:
 204:ThreadX/common/src/txe_timer_create.c ****         {
 202              		.loc 1 204 0
 203 0078 194B     		ldr	r3, .L19+16
 204 007a 9A42     		cmp	r2, r3
 205 007c 10D0     		beq	.L14
 206 007e 0020     		movs	r0, #0
 207              	.L7:
 208              	.LVL15:
 209              	.LBB32:
 210              	.LBB33:
 477:ThreadX/ports/cortex_m4/gnu/inc/tx_port.h ****     return(ipsr_value);
 211              		.loc 2 477 0
 212              		.syntax unified
 213              	@ 477 "ThreadX/ports/cortex_m4/gnu/inc/tx_port.h" 1
 214 0080 EFF30583 		 MRS  r3,IPSR 
 215              	@ 0 "" 2
 216              		.thumb
 217              		.syntax unified
 218              	.LBE33:
 219              	.LBE32:
 213:ThreadX/common/src/txe_timer_create.c ****         {
 220              		.loc 1 213 0
 221 0084 174A     		ldr	r2, .L19+20
 222              	.LVL16:
 223 0086 1268     		ldr	r2, [r2]
 224 0088 1343     		orrs	r3, r2, r3
 225 008a C6D0     		beq	.L2
 226              	.LBB34:
 227              	.LBB35:
 477:ThreadX/ports/cortex_m4/gnu/inc/tx_port.h ****     return(ipsr_value);
 228              		.loc 2 477 0
 229              		.syntax unified
 230              	@ 477 "ThreadX/ports/cortex_m4/gnu/inc/tx_port.h" 1
 231 008c EFF30582 		 MRS  r2,IPSR 
 232              	@ 0 "" 2
 233              		.thumb
 234              		.syntax unified
 235              	.LBE35:
 236              	.LBE34:
 217:ThreadX/common/src/txe_timer_create.c ****             {
 237              		.loc 1 217 0
 238 0090 144B     		ldr	r3, .L19+20
 239 0092 1B68     		ldr	r3, [r3]
 240 0094 1343     		orrs	r3, r3, r2
 241 0096 B3F1F03F 		cmp	r3, #-252645136
 242 009a BED2     		bcs	.L2
 221:ThreadX/common/src/txe_timer_create.c ****             }
 243              		.loc 1 221 0
 244 009c 1320     		movs	r0, #19
 245              	.LVL17:
 237:ThreadX/common/src/txe_timer_create.c **** }
 246              		.loc 1 237 0
 247 009e BEE7     		b	.L1
ARM GAS  /tmp/cch61KLO.s 			page 20


 248              	.LVL18:
 249              	.L14:
 208:ThreadX/common/src/txe_timer_create.c ****         }
 250              		.loc 1 208 0
 251 00a0 1320     		movs	r0, #19
 252 00a2 EDE7     		b	.L7
 253              	.LVL19:
 254              	.L9:
 108:ThreadX/common/src/txe_timer_create.c ****     }
 255              		.loc 1 108 0
 256 00a4 1520     		movs	r0, #21
 257              	.LVL20:
 258 00a6 B8E7     		b	.L2
 259              	.LVL21:
 260              	.L11:
 166:ThreadX/common/src/txe_timer_create.c ****         }
 261              		.loc 1 166 0
 262 00a8 1520     		movs	r0, #21
 263 00aa B6E7     		b	.L2
 264              	.L12:
 174:ThreadX/common/src/txe_timer_create.c ****         }
 265              		.loc 1 174 0
 266 00ac 1620     		movs	r0, #22
 267 00ae B4E7     		b	.L2
 268              	.L13:
 188:ThreadX/common/src/txe_timer_create.c ****                 }
 269              		.loc 1 188 0
 270 00b0 1720     		movs	r0, #23
 271 00b2 B2E7     		b	.L2
 272              	.LVL22:
 273              	.L18:
 232:ThreadX/common/src/txe_timer_create.c ****                                                     initial_ticks, reschedule_ticks, auto_activate)
 274              		.loc 1 232 0
 275 00b4 0C9B     		ldr	r3, [sp, #48]
 276 00b6 0293     		str	r3, [sp, #8]
 277 00b8 0B9B     		ldr	r3, [sp, #44]
 278 00ba 0193     		str	r3, [sp, #4]
 279 00bc 0A9B     		ldr	r3, [sp, #40]
 280 00be 0093     		str	r3, [sp]
 281 00c0 4346     		mov	r3, r8
 282 00c2 3A46     		mov	r2, r7
 283 00c4 3146     		mov	r1, r6
 284 00c6 2846     		mov	r0, r5
 285              	.LVL23:
 286 00c8 FFF7FEFF 		bl	_tx_timer_create
 287              	.LVL24:
 288 00cc A7E7     		b	.L1
 289              	.L20:
 290 00ce 00BF     		.align	2
 291              	.L19:
 292 00d0 00000000 		.word	_tx_thread_preempt_disable
 293 00d4 00000000 		.word	_tx_timer_created_ptr
 294 00d8 00000000 		.word	_tx_timer_created_count
 295 00dc 00000000 		.word	_tx_thread_current_ptr
 296 00e0 00000000 		.word	_tx_timer_thread
 297 00e4 00000000 		.word	_tx_thread_system_state
 298              		.cfi_endproc
ARM GAS  /tmp/cch61KLO.s 			page 21


 299              	.LFE8:
 301              		.text
 302              	.Letext0:
 303              		.file 3 "/usr/include/newlib/sys/lock.h"
 304              		.file 4 "/usr/include/newlib/sys/_types.h"
 305              		.file 5 "/usr/lib/gcc/arm-none-eabi/7.3.1/include/stddef.h"
 306              		.file 6 "/usr/include/newlib/sys/reent.h"
 307              		.file 7 "/usr/include/newlib/stdlib.h"
 308              		.file 8 "ThreadX/common/inc/tx_api.h"
 309              		.file 9 "ThreadX/common/inc/tx_initialize.h"
 310              		.file 10 "ThreadX/common/inc/tx_thread.h"
 311              		.file 11 "ThreadX/common/inc/tx_timer.h"
ARM GAS  /tmp/cch61KLO.s 			page 22


DEFINED SYMBOLS
                            *ABS*:0000000000000000 txe_timer_create.c
     /tmp/cch61KLO.s:18     .text._txe_timer_create:0000000000000000 $t
     /tmp/cch61KLO.s:25     .text._txe_timer_create:0000000000000000 _txe_timer_create
     /tmp/cch61KLO.s:292    .text._txe_timer_create:00000000000000d0 $d

UNDEFINED SYMBOLS
_tx_thread_system_preempt_check
_tx_timer_create
_tx_thread_preempt_disable
_tx_timer_created_ptr
_tx_timer_created_count
_tx_thread_current_ptr
_tx_timer_thread
_tx_thread_system_state
