ARM GAS  /tmp/cck71DeJ.s 			page 1


   1              		.cpu cortex-m4
   2              		.eabi_attribute 27, 1
   3              		.eabi_attribute 28, 1
   4              		.eabi_attribute 20, 1
   5              		.eabi_attribute 21, 1
   6              		.eabi_attribute 23, 3
   7              		.eabi_attribute 24, 1
   8              		.eabi_attribute 25, 1
   9              		.eabi_attribute 26, 1
  10              		.eabi_attribute 30, 1
  11              		.eabi_attribute 34, 1
  12              		.eabi_attribute 18, 4
  13              		.file	"txe_mutex_create.c"
  14              		.text
  15              	.Ltext0:
  16              		.cfi_sections	.debug_frame
  17              		.section	.text._txe_mutex_create,"ax",%progbits
  18              		.align	1
  19              		.global	_txe_mutex_create
  20              		.syntax unified
  21              		.thumb
  22              		.thumb_func
  23              		.fpu fpv4-sp-d16
  25              	_txe_mutex_create:
  26              	.LFB8:
  27              		.file 1 "ThreadX/common/src/txe_mutex_create.c"
   1:ThreadX/common/src/txe_mutex_create.c **** /**************************************************************************/
   2:ThreadX/common/src/txe_mutex_create.c **** /*                                                                        */
   3:ThreadX/common/src/txe_mutex_create.c **** /*       Copyright (c) Microsoft Corporation. All rights reserved.        */
   4:ThreadX/common/src/txe_mutex_create.c **** /*                                                                        */
   5:ThreadX/common/src/txe_mutex_create.c **** /*       This software is licensed under the Microsoft Software License   */
   6:ThreadX/common/src/txe_mutex_create.c **** /*       Terms for Microsoft Azure RTOS. Full text of the license can be  */
   7:ThreadX/common/src/txe_mutex_create.c **** /*       found in the LICENSE file at https://aka.ms/AzureRTOS_EULA       */
   8:ThreadX/common/src/txe_mutex_create.c **** /*       and in the root directory of this software.                      */
   9:ThreadX/common/src/txe_mutex_create.c **** /*                                                                        */
  10:ThreadX/common/src/txe_mutex_create.c **** /**************************************************************************/
  11:ThreadX/common/src/txe_mutex_create.c **** 
  12:ThreadX/common/src/txe_mutex_create.c **** 
  13:ThreadX/common/src/txe_mutex_create.c **** /**************************************************************************/
  14:ThreadX/common/src/txe_mutex_create.c **** /**************************************************************************/
  15:ThreadX/common/src/txe_mutex_create.c **** /**                                                                       */
  16:ThreadX/common/src/txe_mutex_create.c **** /** ThreadX Component                                                     */
  17:ThreadX/common/src/txe_mutex_create.c **** /**                                                                       */
  18:ThreadX/common/src/txe_mutex_create.c **** /**   Mutex                                                               */
  19:ThreadX/common/src/txe_mutex_create.c **** /**                                                                       */
  20:ThreadX/common/src/txe_mutex_create.c **** /**************************************************************************/
  21:ThreadX/common/src/txe_mutex_create.c **** /**************************************************************************/
  22:ThreadX/common/src/txe_mutex_create.c **** 
  23:ThreadX/common/src/txe_mutex_create.c **** #define TX_SOURCE_CODE
  24:ThreadX/common/src/txe_mutex_create.c **** 
  25:ThreadX/common/src/txe_mutex_create.c **** 
  26:ThreadX/common/src/txe_mutex_create.c **** /* Include necessary system files.  */
  27:ThreadX/common/src/txe_mutex_create.c **** 
  28:ThreadX/common/src/txe_mutex_create.c **** #include "tx_api.h"
  29:ThreadX/common/src/txe_mutex_create.c **** #include "tx_initialize.h"
  30:ThreadX/common/src/txe_mutex_create.c **** #include "tx_thread.h"
  31:ThreadX/common/src/txe_mutex_create.c **** #include "tx_timer.h"
ARM GAS  /tmp/cck71DeJ.s 			page 2


  32:ThreadX/common/src/txe_mutex_create.c **** #include "tx_mutex.h"
  33:ThreadX/common/src/txe_mutex_create.c **** 
  34:ThreadX/common/src/txe_mutex_create.c **** 
  35:ThreadX/common/src/txe_mutex_create.c **** /**************************************************************************/
  36:ThreadX/common/src/txe_mutex_create.c **** /*                                                                        */
  37:ThreadX/common/src/txe_mutex_create.c **** /*  FUNCTION                                               RELEASE        */
  38:ThreadX/common/src/txe_mutex_create.c **** /*                                                                        */
  39:ThreadX/common/src/txe_mutex_create.c **** /*    _txe_mutex_create                                   PORTABLE C      */
  40:ThreadX/common/src/txe_mutex_create.c **** /*                                                           6.1          */
  41:ThreadX/common/src/txe_mutex_create.c **** /*  AUTHOR                                                                */
  42:ThreadX/common/src/txe_mutex_create.c **** /*                                                                        */
  43:ThreadX/common/src/txe_mutex_create.c **** /*    William E. Lamie, Microsoft Corporation                             */
  44:ThreadX/common/src/txe_mutex_create.c **** /*                                                                        */
  45:ThreadX/common/src/txe_mutex_create.c **** /*  DESCRIPTION                                                           */
  46:ThreadX/common/src/txe_mutex_create.c **** /*                                                                        */
  47:ThreadX/common/src/txe_mutex_create.c **** /*    This function checks for errors in the create mutex function        */
  48:ThreadX/common/src/txe_mutex_create.c **** /*    call.                                                               */
  49:ThreadX/common/src/txe_mutex_create.c **** /*                                                                        */
  50:ThreadX/common/src/txe_mutex_create.c **** /*  INPUT                                                                 */
  51:ThreadX/common/src/txe_mutex_create.c **** /*                                                                        */
  52:ThreadX/common/src/txe_mutex_create.c **** /*    mutex_ptr                         Pointer to mutex control block    */
  53:ThreadX/common/src/txe_mutex_create.c **** /*    name_ptr                          Pointer to mutex name             */
  54:ThreadX/common/src/txe_mutex_create.c **** /*    inherit                           Initial mutex count               */
  55:ThreadX/common/src/txe_mutex_create.c **** /*    mutex_control_block_size          Size of mutex control block       */
  56:ThreadX/common/src/txe_mutex_create.c **** /*                                                                        */
  57:ThreadX/common/src/txe_mutex_create.c **** /*  OUTPUT                                                                */
  58:ThreadX/common/src/txe_mutex_create.c **** /*                                                                        */
  59:ThreadX/common/src/txe_mutex_create.c **** /*    TX_MUTEX_ERROR                    Invalid mutex pointer             */
  60:ThreadX/common/src/txe_mutex_create.c **** /*    TX_CALLER_ERROR                   Invalid caller of this function   */
  61:ThreadX/common/src/txe_mutex_create.c **** /*    TX_INHERIT_ERROR                  Invalid inherit option            */
  62:ThreadX/common/src/txe_mutex_create.c **** /*    status                            Actual completion status          */
  63:ThreadX/common/src/txe_mutex_create.c **** /*                                                                        */
  64:ThreadX/common/src/txe_mutex_create.c **** /*  CALLS                                                                 */
  65:ThreadX/common/src/txe_mutex_create.c **** /*                                                                        */
  66:ThreadX/common/src/txe_mutex_create.c **** /*    _tx_mutex_create                  Actual create mutex function      */
  67:ThreadX/common/src/txe_mutex_create.c **** /*    _tx_thread_system_preempt_check   Check for preemption              */
  68:ThreadX/common/src/txe_mutex_create.c **** /*                                                                        */
  69:ThreadX/common/src/txe_mutex_create.c **** /*  CALLED BY                                                             */
  70:ThreadX/common/src/txe_mutex_create.c **** /*                                                                        */
  71:ThreadX/common/src/txe_mutex_create.c **** /*    Application Code                                                    */
  72:ThreadX/common/src/txe_mutex_create.c **** /*                                                                        */
  73:ThreadX/common/src/txe_mutex_create.c **** /*  RELEASE HISTORY                                                       */
  74:ThreadX/common/src/txe_mutex_create.c **** /*                                                                        */
  75:ThreadX/common/src/txe_mutex_create.c **** /*    DATE              NAME                      DESCRIPTION             */
  76:ThreadX/common/src/txe_mutex_create.c **** /*                                                                        */
  77:ThreadX/common/src/txe_mutex_create.c **** /*  05-19-2020     William E. Lamie         Initial Version 6.0           */
  78:ThreadX/common/src/txe_mutex_create.c **** /*  09-30-2020     Yuxin Zhou               Modified comment(s),          */
  79:ThreadX/common/src/txe_mutex_create.c **** /*                                            resulting in version 6.1    */
  80:ThreadX/common/src/txe_mutex_create.c **** /*                                                                        */
  81:ThreadX/common/src/txe_mutex_create.c **** /**************************************************************************/
  82:ThreadX/common/src/txe_mutex_create.c **** UINT  _txe_mutex_create(TX_MUTEX *mutex_ptr, CHAR *name_ptr, UINT inherit, UINT mutex_control_block
  83:ThreadX/common/src/txe_mutex_create.c **** {
  28              		.loc 1 83 0
  29              		.cfi_startproc
  30              		@ args = 0, pretend = 0, frame = 0
  31              		@ frame_needed = 0, uses_anonymous_args = 0
  32              	.LVL0:
ARM GAS  /tmp/cck71DeJ.s 			page 3


  33 0000 F8B5     		push	{r3, r4, r5, r6, r7, lr}
  34              	.LCFI0:
  35              		.cfi_def_cfa_offset 24
  36              		.cfi_offset 3, -24
  37              		.cfi_offset 4, -20
  38              		.cfi_offset 5, -16
  39              		.cfi_offset 6, -12
  40              		.cfi_offset 7, -8
  41              		.cfi_offset 14, -4
  42 0002 0F46     		mov	r7, r1
  43 0004 1646     		mov	r6, r2
  44              	.LVL1:
  84:ThreadX/common/src/txe_mutex_create.c **** 
  85:ThreadX/common/src/txe_mutex_create.c **** TX_INTERRUPT_SAVE_AREA
  86:ThreadX/common/src/txe_mutex_create.c **** 
  87:ThreadX/common/src/txe_mutex_create.c **** UINT            status;
  88:ThreadX/common/src/txe_mutex_create.c **** ULONG           i;
  89:ThreadX/common/src/txe_mutex_create.c **** TX_MUTEX        *next_mutex;
  90:ThreadX/common/src/txe_mutex_create.c **** #ifndef TX_TIMER_PROCESS_IN_ISR
  91:ThreadX/common/src/txe_mutex_create.c **** TX_THREAD       *thread_ptr;
  92:ThreadX/common/src/txe_mutex_create.c **** #endif
  93:ThreadX/common/src/txe_mutex_create.c **** 
  94:ThreadX/common/src/txe_mutex_create.c **** 
  95:ThreadX/common/src/txe_mutex_create.c ****     /* Default status to success.  */
  96:ThreadX/common/src/txe_mutex_create.c ****     status =  TX_SUCCESS;
  97:ThreadX/common/src/txe_mutex_create.c **** 
  98:ThreadX/common/src/txe_mutex_create.c ****     /* Check for an invalid mutex pointer.  */
  99:ThreadX/common/src/txe_mutex_create.c ****     if (mutex_ptr == TX_NULL)
  45              		.loc 1 99 0
  46 0006 0546     		mov	r5, r0
  47 0008 0028     		cmp	r0, #0
  48 000a 42D0     		beq	.L9
 100:ThreadX/common/src/txe_mutex_create.c ****     {
 101:ThreadX/common/src/txe_mutex_create.c **** 
 102:ThreadX/common/src/txe_mutex_create.c ****         /* Mutex pointer is invalid, return appropriate error code.  */
 103:ThreadX/common/src/txe_mutex_create.c ****         status =  TX_MUTEX_ERROR;
 104:ThreadX/common/src/txe_mutex_create.c ****     }
 105:ThreadX/common/src/txe_mutex_create.c **** 
 106:ThreadX/common/src/txe_mutex_create.c ****     /* Now check to make sure the control block is the correct size.  */
 107:ThreadX/common/src/txe_mutex_create.c ****     else if (mutex_control_block_size != (sizeof(TX_MUTEX)))
  49              		.loc 1 107 0
  50 000c 342B     		cmp	r3, #52
  51 000e 03D0     		beq	.L16
 108:ThreadX/common/src/txe_mutex_create.c ****     {
 109:ThreadX/common/src/txe_mutex_create.c **** 
 110:ThreadX/common/src/txe_mutex_create.c ****         /* Mutex pointer is invalid, return appropriate error code.  */
 111:ThreadX/common/src/txe_mutex_create.c ****         status =  TX_MUTEX_ERROR;
  52              		.loc 1 111 0
  53 0010 1C20     		movs	r0, #28
  54              	.LVL2:
  55              	.L2:
 112:ThreadX/common/src/txe_mutex_create.c ****     }
 113:ThreadX/common/src/txe_mutex_create.c ****     else
 114:ThreadX/common/src/txe_mutex_create.c ****     {
 115:ThreadX/common/src/txe_mutex_create.c **** 
 116:ThreadX/common/src/txe_mutex_create.c ****         /* Disable interrupts.  */
 117:ThreadX/common/src/txe_mutex_create.c ****         TX_DISABLE
ARM GAS  /tmp/cck71DeJ.s 			page 4


 118:ThreadX/common/src/txe_mutex_create.c **** 
 119:ThreadX/common/src/txe_mutex_create.c ****         /* Increment the preempt disable flag.  */
 120:ThreadX/common/src/txe_mutex_create.c ****         _tx_thread_preempt_disable++;
 121:ThreadX/common/src/txe_mutex_create.c **** 
 122:ThreadX/common/src/txe_mutex_create.c ****         /* Restore interrupts.  */
 123:ThreadX/common/src/txe_mutex_create.c ****         TX_RESTORE
 124:ThreadX/common/src/txe_mutex_create.c **** 
 125:ThreadX/common/src/txe_mutex_create.c ****         /* Next see if it is already in the created list.  */
 126:ThreadX/common/src/txe_mutex_create.c ****         next_mutex =   _tx_mutex_created_ptr;
 127:ThreadX/common/src/txe_mutex_create.c ****         for (i = ((ULONG) 0); i < _tx_mutex_created_count; i++)
 128:ThreadX/common/src/txe_mutex_create.c ****         {
 129:ThreadX/common/src/txe_mutex_create.c **** 
 130:ThreadX/common/src/txe_mutex_create.c ****             /* Determine if this mutex matches the mutex in the list.  */
 131:ThreadX/common/src/txe_mutex_create.c ****             if (mutex_ptr == next_mutex)
 132:ThreadX/common/src/txe_mutex_create.c ****             {
 133:ThreadX/common/src/txe_mutex_create.c **** 
 134:ThreadX/common/src/txe_mutex_create.c ****                 break;
 135:ThreadX/common/src/txe_mutex_create.c ****             }
 136:ThreadX/common/src/txe_mutex_create.c ****             else
 137:ThreadX/common/src/txe_mutex_create.c ****             {
 138:ThreadX/common/src/txe_mutex_create.c **** 
 139:ThreadX/common/src/txe_mutex_create.c ****                 /* Move to the next mutex.  */
 140:ThreadX/common/src/txe_mutex_create.c ****                 next_mutex =  next_mutex -> tx_mutex_created_next;
 141:ThreadX/common/src/txe_mutex_create.c ****             }
 142:ThreadX/common/src/txe_mutex_create.c ****         }
 143:ThreadX/common/src/txe_mutex_create.c **** 
 144:ThreadX/common/src/txe_mutex_create.c ****         /* Disable interrupts.  */
 145:ThreadX/common/src/txe_mutex_create.c ****         TX_DISABLE
 146:ThreadX/common/src/txe_mutex_create.c **** 
 147:ThreadX/common/src/txe_mutex_create.c ****         /* Decrement the preempt disable flag.  */
 148:ThreadX/common/src/txe_mutex_create.c ****         _tx_thread_preempt_disable--;
 149:ThreadX/common/src/txe_mutex_create.c **** 
 150:ThreadX/common/src/txe_mutex_create.c ****         /* Restore interrupts.  */
 151:ThreadX/common/src/txe_mutex_create.c ****         TX_RESTORE
 152:ThreadX/common/src/txe_mutex_create.c **** 
 153:ThreadX/common/src/txe_mutex_create.c ****         /* Check for preemption.  */
 154:ThreadX/common/src/txe_mutex_create.c ****         _tx_thread_system_preempt_check();
 155:ThreadX/common/src/txe_mutex_create.c **** 
 156:ThreadX/common/src/txe_mutex_create.c ****         /* At this point, check to see if there is a duplicate mutex.  */
 157:ThreadX/common/src/txe_mutex_create.c ****         if (mutex_ptr == next_mutex)
 158:ThreadX/common/src/txe_mutex_create.c ****         {
 159:ThreadX/common/src/txe_mutex_create.c **** 
 160:ThreadX/common/src/txe_mutex_create.c ****             /* Mutex is already created, return appropriate error code.  */
 161:ThreadX/common/src/txe_mutex_create.c ****             status =  TX_MUTEX_ERROR;
 162:ThreadX/common/src/txe_mutex_create.c ****         }
 163:ThreadX/common/src/txe_mutex_create.c ****         else
 164:ThreadX/common/src/txe_mutex_create.c ****         {
 165:ThreadX/common/src/txe_mutex_create.c **** 
 166:ThreadX/common/src/txe_mutex_create.c ****             /* Check for a valid inherit option.  */
 167:ThreadX/common/src/txe_mutex_create.c ****             if (inherit != TX_INHERIT)
 168:ThreadX/common/src/txe_mutex_create.c ****             {
 169:ThreadX/common/src/txe_mutex_create.c **** 
 170:ThreadX/common/src/txe_mutex_create.c ****                 if (inherit != TX_NO_INHERIT)
 171:ThreadX/common/src/txe_mutex_create.c ****                 {
 172:ThreadX/common/src/txe_mutex_create.c **** 
 173:ThreadX/common/src/txe_mutex_create.c ****                     /* Inherit option is illegal.  */
 174:ThreadX/common/src/txe_mutex_create.c ****                     status =  TX_INHERIT_ERROR;
ARM GAS  /tmp/cck71DeJ.s 			page 5


 175:ThreadX/common/src/txe_mutex_create.c ****                 }
 176:ThreadX/common/src/txe_mutex_create.c ****             }
 177:ThreadX/common/src/txe_mutex_create.c ****         }
 178:ThreadX/common/src/txe_mutex_create.c ****     }
 179:ThreadX/common/src/txe_mutex_create.c **** 
 180:ThreadX/common/src/txe_mutex_create.c ****     /* Determine if everything is okay.  */
 181:ThreadX/common/src/txe_mutex_create.c ****     if (status == TX_SUCCESS)
 182:ThreadX/common/src/txe_mutex_create.c ****     {
 183:ThreadX/common/src/txe_mutex_create.c **** 
 184:ThreadX/common/src/txe_mutex_create.c **** #ifndef TX_TIMER_PROCESS_IN_ISR
 185:ThreadX/common/src/txe_mutex_create.c **** 
 186:ThreadX/common/src/txe_mutex_create.c ****         /* Pickup thread pointer.  */
 187:ThreadX/common/src/txe_mutex_create.c ****         TX_THREAD_GET_CURRENT(thread_ptr)
 188:ThreadX/common/src/txe_mutex_create.c **** 
 189:ThreadX/common/src/txe_mutex_create.c ****         /* Check for invalid caller of this function.  First check for a calling thread.  */
 190:ThreadX/common/src/txe_mutex_create.c ****         if (thread_ptr == &_tx_timer_thread)
 191:ThreadX/common/src/txe_mutex_create.c ****         {
 192:ThreadX/common/src/txe_mutex_create.c **** 
 193:ThreadX/common/src/txe_mutex_create.c ****             /* Invalid caller of this function, return appropriate error code.  */
 194:ThreadX/common/src/txe_mutex_create.c ****             status =  TX_CALLER_ERROR;
 195:ThreadX/common/src/txe_mutex_create.c ****         }
 196:ThreadX/common/src/txe_mutex_create.c **** #endif
 197:ThreadX/common/src/txe_mutex_create.c **** 
 198:ThreadX/common/src/txe_mutex_create.c ****         /* Check for interrupt call.  */
 199:ThreadX/common/src/txe_mutex_create.c ****         if (TX_THREAD_GET_SYSTEM_STATE() != ((ULONG) 0))
 200:ThreadX/common/src/txe_mutex_create.c ****         {
 201:ThreadX/common/src/txe_mutex_create.c **** 
 202:ThreadX/common/src/txe_mutex_create.c ****             /* Now, make sure the call is from an interrupt and not initialization.  */
 203:ThreadX/common/src/txe_mutex_create.c ****             if (TX_THREAD_GET_SYSTEM_STATE() < TX_INITIALIZE_IN_PROGRESS)
 204:ThreadX/common/src/txe_mutex_create.c ****             {
 205:ThreadX/common/src/txe_mutex_create.c **** 
 206:ThreadX/common/src/txe_mutex_create.c ****                 /* Invalid caller of this function, return appropriate error code.  */
 207:ThreadX/common/src/txe_mutex_create.c ****                 status =  TX_CALLER_ERROR;
 208:ThreadX/common/src/txe_mutex_create.c ****             }
 209:ThreadX/common/src/txe_mutex_create.c ****         }
 210:ThreadX/common/src/txe_mutex_create.c ****     }
 211:ThreadX/common/src/txe_mutex_create.c **** 
 212:ThreadX/common/src/txe_mutex_create.c ****     /* Determine if everything is okay.  */
 213:ThreadX/common/src/txe_mutex_create.c ****     if (status == TX_SUCCESS)
  56              		.loc 1 213 0
  57 0012 0028     		cmp	r0, #0
  58 0014 43D0     		beq	.L17
  59              	.LVL3:
  60              	.L1:
 214:ThreadX/common/src/txe_mutex_create.c ****     {
 215:ThreadX/common/src/txe_mutex_create.c **** 
 216:ThreadX/common/src/txe_mutex_create.c ****         /* Call actual mutex create function.  */
 217:ThreadX/common/src/txe_mutex_create.c ****         status =  _tx_mutex_create(mutex_ptr, name_ptr, inherit);
 218:ThreadX/common/src/txe_mutex_create.c ****     }
 219:ThreadX/common/src/txe_mutex_create.c **** 
 220:ThreadX/common/src/txe_mutex_create.c ****     /* Return completion status.  */
 221:ThreadX/common/src/txe_mutex_create.c ****     return(status);
 222:ThreadX/common/src/txe_mutex_create.c **** }
  61              		.loc 1 222 0
  62 0016 F8BD     		pop	{r3, r4, r5, r6, r7, pc}
  63              	.LVL4:
  64              	.L16:
ARM GAS  /tmp/cck71DeJ.s 			page 6


  65              	.LBB20:
  66              	.LBB21:
  67              	.LBB22:
  68              	.LBB23:
  69              		.file 2 "ThreadX/ports/cortex_m4/gnu/inc/tx_port.h"
   1:ThreadX/ports/cortex_m4/gnu/inc/tx_port.h **** /**************************************************************************/
   2:ThreadX/ports/cortex_m4/gnu/inc/tx_port.h **** /*                                                                        */
   3:ThreadX/ports/cortex_m4/gnu/inc/tx_port.h **** /*       Copyright (c) Microsoft Corporation. All rights reserved.        */
   4:ThreadX/ports/cortex_m4/gnu/inc/tx_port.h **** /*                                                                        */
   5:ThreadX/ports/cortex_m4/gnu/inc/tx_port.h **** /*       This software is licensed under the Microsoft Software License   */
   6:ThreadX/ports/cortex_m4/gnu/inc/tx_port.h **** /*       Terms for Microsoft Azure RTOS. Full text of the license can be  */
   7:ThreadX/ports/cortex_m4/gnu/inc/tx_port.h **** /*       found in the LICENSE file at https://aka.ms/AzureRTOS_EULA       */
   8:ThreadX/ports/cortex_m4/gnu/inc/tx_port.h **** /*       and in the root directory of this software.                      */
   9:ThreadX/ports/cortex_m4/gnu/inc/tx_port.h **** /*                                                                        */
  10:ThreadX/ports/cortex_m4/gnu/inc/tx_port.h **** /**************************************************************************/
  11:ThreadX/ports/cortex_m4/gnu/inc/tx_port.h **** 
  12:ThreadX/ports/cortex_m4/gnu/inc/tx_port.h **** 
  13:ThreadX/ports/cortex_m4/gnu/inc/tx_port.h **** /**************************************************************************/
  14:ThreadX/ports/cortex_m4/gnu/inc/tx_port.h **** /**************************************************************************/
  15:ThreadX/ports/cortex_m4/gnu/inc/tx_port.h **** /**                                                                       */
  16:ThreadX/ports/cortex_m4/gnu/inc/tx_port.h **** /** ThreadX Component                                                     */
  17:ThreadX/ports/cortex_m4/gnu/inc/tx_port.h **** /**                                                                       */
  18:ThreadX/ports/cortex_m4/gnu/inc/tx_port.h **** /**   Port Specific                                                       */
  19:ThreadX/ports/cortex_m4/gnu/inc/tx_port.h **** /**                                                                       */
  20:ThreadX/ports/cortex_m4/gnu/inc/tx_port.h **** /**************************************************************************/
  21:ThreadX/ports/cortex_m4/gnu/inc/tx_port.h **** /**************************************************************************/
  22:ThreadX/ports/cortex_m4/gnu/inc/tx_port.h **** 
  23:ThreadX/ports/cortex_m4/gnu/inc/tx_port.h **** 
  24:ThreadX/ports/cortex_m4/gnu/inc/tx_port.h **** /**************************************************************************/
  25:ThreadX/ports/cortex_m4/gnu/inc/tx_port.h **** /*                                                                        */
  26:ThreadX/ports/cortex_m4/gnu/inc/tx_port.h **** /*  PORT SPECIFIC C INFORMATION                            RELEASE        */
  27:ThreadX/ports/cortex_m4/gnu/inc/tx_port.h **** /*                                                                        */
  28:ThreadX/ports/cortex_m4/gnu/inc/tx_port.h **** /*    tx_port.h                                         Cortex-M4/GNU     */
  29:ThreadX/ports/cortex_m4/gnu/inc/tx_port.h **** /*                                                           6.1.10       */
  30:ThreadX/ports/cortex_m4/gnu/inc/tx_port.h **** /*                                                                        */
  31:ThreadX/ports/cortex_m4/gnu/inc/tx_port.h **** /*  AUTHOR                                                                */
  32:ThreadX/ports/cortex_m4/gnu/inc/tx_port.h **** /*                                                                        */
  33:ThreadX/ports/cortex_m4/gnu/inc/tx_port.h **** /*    Scott Larson, Microsoft Corporation                                 */
  34:ThreadX/ports/cortex_m4/gnu/inc/tx_port.h **** /*                                                                        */
  35:ThreadX/ports/cortex_m4/gnu/inc/tx_port.h **** /*  DESCRIPTION                                                           */
  36:ThreadX/ports/cortex_m4/gnu/inc/tx_port.h **** /*                                                                        */
  37:ThreadX/ports/cortex_m4/gnu/inc/tx_port.h **** /*    This file contains data type definitions that make the ThreadX      */
  38:ThreadX/ports/cortex_m4/gnu/inc/tx_port.h **** /*    real-time kernel function identically on a variety of different     */
  39:ThreadX/ports/cortex_m4/gnu/inc/tx_port.h **** /*    processor architectures.  For example, the size or number of bits   */
  40:ThreadX/ports/cortex_m4/gnu/inc/tx_port.h **** /*    in an "int" data type vary between microprocessor architectures and */
  41:ThreadX/ports/cortex_m4/gnu/inc/tx_port.h **** /*    even C compilers for the same microprocessor.  ThreadX does not     */
  42:ThreadX/ports/cortex_m4/gnu/inc/tx_port.h **** /*    directly use native C data types.  Instead, ThreadX creates its     */
  43:ThreadX/ports/cortex_m4/gnu/inc/tx_port.h **** /*    own special types that can be mapped to actual data types by this   */
  44:ThreadX/ports/cortex_m4/gnu/inc/tx_port.h **** /*    file to guarantee consistency in the interface and functionality.   */
  45:ThreadX/ports/cortex_m4/gnu/inc/tx_port.h **** /*                                                                        */
  46:ThreadX/ports/cortex_m4/gnu/inc/tx_port.h **** /*    This file replaces the previous Cortex-M3/M4/M7 files. It unifies   */
  47:ThreadX/ports/cortex_m4/gnu/inc/tx_port.h **** /*    the ARMv7-M architecture and compilers into one common file.        */
  48:ThreadX/ports/cortex_m4/gnu/inc/tx_port.h **** /*                                                                        */
  49:ThreadX/ports/cortex_m4/gnu/inc/tx_port.h **** /*  RELEASE HISTORY                                                       */
  50:ThreadX/ports/cortex_m4/gnu/inc/tx_port.h **** /*                                                                        */
  51:ThreadX/ports/cortex_m4/gnu/inc/tx_port.h **** /*    DATE              NAME                      DESCRIPTION             */
  52:ThreadX/ports/cortex_m4/gnu/inc/tx_port.h **** /*                                                                        */
ARM GAS  /tmp/cck71DeJ.s 			page 7


  53:ThreadX/ports/cortex_m4/gnu/inc/tx_port.h **** /*  06-02-2021      Scott Larson            Initial Version 6.1.7         */
  54:ThreadX/ports/cortex_m4/gnu/inc/tx_port.h **** /*  01-31-2022      Scott Larson            Modified comments, updated    */
  55:ThreadX/ports/cortex_m4/gnu/inc/tx_port.h **** /*                                            typedef to fix misra        */
  56:ThreadX/ports/cortex_m4/gnu/inc/tx_port.h **** /*                                            violation,                  */
  57:ThreadX/ports/cortex_m4/gnu/inc/tx_port.h **** /*                                            fixed predefined macro,     */
  58:ThreadX/ports/cortex_m4/gnu/inc/tx_port.h **** /*                                            resulting in version 6.1.10 */
  59:ThreadX/ports/cortex_m4/gnu/inc/tx_port.h **** /*                                                                        */
  60:ThreadX/ports/cortex_m4/gnu/inc/tx_port.h **** /**************************************************************************/
  61:ThreadX/ports/cortex_m4/gnu/inc/tx_port.h **** 
  62:ThreadX/ports/cortex_m4/gnu/inc/tx_port.h **** #ifndef TX_PORT_H
  63:ThreadX/ports/cortex_m4/gnu/inc/tx_port.h **** #define TX_PORT_H
  64:ThreadX/ports/cortex_m4/gnu/inc/tx_port.h **** 
  65:ThreadX/ports/cortex_m4/gnu/inc/tx_port.h **** 
  66:ThreadX/ports/cortex_m4/gnu/inc/tx_port.h **** /* Determine if the optional ThreadX user define file should be used.  */
  67:ThreadX/ports/cortex_m4/gnu/inc/tx_port.h **** 
  68:ThreadX/ports/cortex_m4/gnu/inc/tx_port.h **** #ifdef TX_INCLUDE_USER_DEFINE_FILE
  69:ThreadX/ports/cortex_m4/gnu/inc/tx_port.h **** 
  70:ThreadX/ports/cortex_m4/gnu/inc/tx_port.h **** /* Yes, include the user defines in tx_user.h. The defines in this file may
  71:ThreadX/ports/cortex_m4/gnu/inc/tx_port.h ****    alternately be defined on the command line.  */
  72:ThreadX/ports/cortex_m4/gnu/inc/tx_port.h **** 
  73:ThreadX/ports/cortex_m4/gnu/inc/tx_port.h **** #include "tx_user.h"
  74:ThreadX/ports/cortex_m4/gnu/inc/tx_port.h **** #endif
  75:ThreadX/ports/cortex_m4/gnu/inc/tx_port.h **** 
  76:ThreadX/ports/cortex_m4/gnu/inc/tx_port.h **** 
  77:ThreadX/ports/cortex_m4/gnu/inc/tx_port.h **** /* Define compiler library include files.  */
  78:ThreadX/ports/cortex_m4/gnu/inc/tx_port.h **** 
  79:ThreadX/ports/cortex_m4/gnu/inc/tx_port.h **** #include <stdlib.h>
  80:ThreadX/ports/cortex_m4/gnu/inc/tx_port.h **** #include <string.h>
  81:ThreadX/ports/cortex_m4/gnu/inc/tx_port.h **** 
  82:ThreadX/ports/cortex_m4/gnu/inc/tx_port.h **** #ifdef __ICCARM__
  83:ThreadX/ports/cortex_m4/gnu/inc/tx_port.h **** #include <intrinsics.h>                     /* IAR Intrinsics */
  84:ThreadX/ports/cortex_m4/gnu/inc/tx_port.h **** #define __asm__ __asm                       /* Define to make all inline asm look similar */
  85:ThreadX/ports/cortex_m4/gnu/inc/tx_port.h **** #ifdef  TX_ENABLE_IAR_LIBRARY_SUPPORT
  86:ThreadX/ports/cortex_m4/gnu/inc/tx_port.h **** #include <yvals.h>
  87:ThreadX/ports/cortex_m4/gnu/inc/tx_port.h **** #endif
  88:ThreadX/ports/cortex_m4/gnu/inc/tx_port.h **** #endif /* __ICCARM__ */
  89:ThreadX/ports/cortex_m4/gnu/inc/tx_port.h **** 
  90:ThreadX/ports/cortex_m4/gnu/inc/tx_port.h **** #ifdef __ghs__
  91:ThreadX/ports/cortex_m4/gnu/inc/tx_port.h **** #include <arm_ghs.h>
  92:ThreadX/ports/cortex_m4/gnu/inc/tx_port.h **** #include "tx_ghs.h"
  93:ThreadX/ports/cortex_m4/gnu/inc/tx_port.h **** #endif  /* __ghs__ */
  94:ThreadX/ports/cortex_m4/gnu/inc/tx_port.h **** 
  95:ThreadX/ports/cortex_m4/gnu/inc/tx_port.h **** 
  96:ThreadX/ports/cortex_m4/gnu/inc/tx_port.h **** #if !defined(__GNUC__) && !defined(__CC_ARM)
  97:ThreadX/ports/cortex_m4/gnu/inc/tx_port.h **** #define __get_control_value __get_CONTROL
  98:ThreadX/ports/cortex_m4/gnu/inc/tx_port.h **** #define __set_control_value __set_CONTROL
  99:ThreadX/ports/cortex_m4/gnu/inc/tx_port.h **** #endif
 100:ThreadX/ports/cortex_m4/gnu/inc/tx_port.h **** 
 101:ThreadX/ports/cortex_m4/gnu/inc/tx_port.h **** #ifndef __GNUC__
 102:ThreadX/ports/cortex_m4/gnu/inc/tx_port.h **** #define __get_ipsr_value __get_IPSR
 103:ThreadX/ports/cortex_m4/gnu/inc/tx_port.h **** #endif
 104:ThreadX/ports/cortex_m4/gnu/inc/tx_port.h **** 
 105:ThreadX/ports/cortex_m4/gnu/inc/tx_port.h **** /* Define ThreadX basic types for this port.  */
 106:ThreadX/ports/cortex_m4/gnu/inc/tx_port.h **** 
 107:ThreadX/ports/cortex_m4/gnu/inc/tx_port.h **** #define VOID                                    void
 108:ThreadX/ports/cortex_m4/gnu/inc/tx_port.h **** typedef char                                    CHAR;
 109:ThreadX/ports/cortex_m4/gnu/inc/tx_port.h **** typedef unsigned char                           UCHAR;
ARM GAS  /tmp/cck71DeJ.s 			page 8


 110:ThreadX/ports/cortex_m4/gnu/inc/tx_port.h **** typedef int                                     INT;
 111:ThreadX/ports/cortex_m4/gnu/inc/tx_port.h **** typedef unsigned int                            UINT;
 112:ThreadX/ports/cortex_m4/gnu/inc/tx_port.h **** typedef long                                    LONG;
 113:ThreadX/ports/cortex_m4/gnu/inc/tx_port.h **** typedef unsigned long                           ULONG;
 114:ThreadX/ports/cortex_m4/gnu/inc/tx_port.h **** typedef unsigned long long                      ULONG64;
 115:ThreadX/ports/cortex_m4/gnu/inc/tx_port.h **** typedef short                                   SHORT;
 116:ThreadX/ports/cortex_m4/gnu/inc/tx_port.h **** typedef unsigned short                          USHORT;
 117:ThreadX/ports/cortex_m4/gnu/inc/tx_port.h **** #define ULONG64_DEFINED
 118:ThreadX/ports/cortex_m4/gnu/inc/tx_port.h **** 
 119:ThreadX/ports/cortex_m4/gnu/inc/tx_port.h **** /* Define the priority levels for ThreadX.  Legal values range
 120:ThreadX/ports/cortex_m4/gnu/inc/tx_port.h ****    from 32 to 1024 and MUST be evenly divisible by 32.  */
 121:ThreadX/ports/cortex_m4/gnu/inc/tx_port.h **** 
 122:ThreadX/ports/cortex_m4/gnu/inc/tx_port.h **** #ifndef TX_MAX_PRIORITIES
 123:ThreadX/ports/cortex_m4/gnu/inc/tx_port.h **** #define TX_MAX_PRIORITIES                       32
 124:ThreadX/ports/cortex_m4/gnu/inc/tx_port.h **** #endif
 125:ThreadX/ports/cortex_m4/gnu/inc/tx_port.h **** 
 126:ThreadX/ports/cortex_m4/gnu/inc/tx_port.h **** 
 127:ThreadX/ports/cortex_m4/gnu/inc/tx_port.h **** /* Define the minimum stack for a ThreadX thread on this processor. If the size supplied during
 128:ThreadX/ports/cortex_m4/gnu/inc/tx_port.h ****    thread creation is less than this value, the thread create call will return an error.  */
 129:ThreadX/ports/cortex_m4/gnu/inc/tx_port.h **** 
 130:ThreadX/ports/cortex_m4/gnu/inc/tx_port.h **** #ifndef TX_MINIMUM_STACK
 131:ThreadX/ports/cortex_m4/gnu/inc/tx_port.h **** #define TX_MINIMUM_STACK                        200         /* Minimum stack size for this port  */
 132:ThreadX/ports/cortex_m4/gnu/inc/tx_port.h **** #endif
 133:ThreadX/ports/cortex_m4/gnu/inc/tx_port.h **** 
 134:ThreadX/ports/cortex_m4/gnu/inc/tx_port.h **** 
 135:ThreadX/ports/cortex_m4/gnu/inc/tx_port.h **** /* Define the system timer thread's default stack size and priority.  These are only applicable
 136:ThreadX/ports/cortex_m4/gnu/inc/tx_port.h ****    if TX_TIMER_PROCESS_IN_ISR is not defined.  */
 137:ThreadX/ports/cortex_m4/gnu/inc/tx_port.h **** 
 138:ThreadX/ports/cortex_m4/gnu/inc/tx_port.h **** #ifndef TX_TIMER_THREAD_STACK_SIZE
 139:ThreadX/ports/cortex_m4/gnu/inc/tx_port.h **** #define TX_TIMER_THREAD_STACK_SIZE              1024        /* Default timer thread stack size  */
 140:ThreadX/ports/cortex_m4/gnu/inc/tx_port.h **** #endif
 141:ThreadX/ports/cortex_m4/gnu/inc/tx_port.h **** 
 142:ThreadX/ports/cortex_m4/gnu/inc/tx_port.h **** #ifndef TX_TIMER_THREAD_PRIORITY
 143:ThreadX/ports/cortex_m4/gnu/inc/tx_port.h **** #define TX_TIMER_THREAD_PRIORITY                0           /* Default timer thread priority    */
 144:ThreadX/ports/cortex_m4/gnu/inc/tx_port.h **** #endif
 145:ThreadX/ports/cortex_m4/gnu/inc/tx_port.h **** 
 146:ThreadX/ports/cortex_m4/gnu/inc/tx_port.h **** 
 147:ThreadX/ports/cortex_m4/gnu/inc/tx_port.h **** /* Define various constants for the ThreadX Cortex-M port.  */
 148:ThreadX/ports/cortex_m4/gnu/inc/tx_port.h **** 
 149:ThreadX/ports/cortex_m4/gnu/inc/tx_port.h **** #define TX_INT_DISABLE                          1           /* Disable interrupts               */
 150:ThreadX/ports/cortex_m4/gnu/inc/tx_port.h **** #define TX_INT_ENABLE                           0           /* Enable interrupts                */
 151:ThreadX/ports/cortex_m4/gnu/inc/tx_port.h **** 
 152:ThreadX/ports/cortex_m4/gnu/inc/tx_port.h **** 
 153:ThreadX/ports/cortex_m4/gnu/inc/tx_port.h **** /* Define the clock source for trace event entry time stamp. The following two item are port specif
 154:ThreadX/ports/cortex_m4/gnu/inc/tx_port.h ****    For example, if the time source is at the address 0x0a800024 and is 16-bits in size, the clock
 155:ThreadX/ports/cortex_m4/gnu/inc/tx_port.h ****    source constants would be:
 156:ThreadX/ports/cortex_m4/gnu/inc/tx_port.h **** 
 157:ThreadX/ports/cortex_m4/gnu/inc/tx_port.h **** #define TX_TRACE_TIME_SOURCE                    *((ULONG *) 0x0a800024)
 158:ThreadX/ports/cortex_m4/gnu/inc/tx_port.h **** #define TX_TRACE_TIME_MASK                      0x0000FFFFUL
 159:ThreadX/ports/cortex_m4/gnu/inc/tx_port.h **** 
 160:ThreadX/ports/cortex_m4/gnu/inc/tx_port.h **** */
 161:ThreadX/ports/cortex_m4/gnu/inc/tx_port.h **** 
 162:ThreadX/ports/cortex_m4/gnu/inc/tx_port.h **** #ifndef TX_MISRA_ENABLE
 163:ThreadX/ports/cortex_m4/gnu/inc/tx_port.h **** #ifndef TX_TRACE_TIME_SOURCE
 164:ThreadX/ports/cortex_m4/gnu/inc/tx_port.h **** #define TX_TRACE_TIME_SOURCE                    *((ULONG *) 0xE0001004)
 165:ThreadX/ports/cortex_m4/gnu/inc/tx_port.h **** #endif
 166:ThreadX/ports/cortex_m4/gnu/inc/tx_port.h **** #else
ARM GAS  /tmp/cck71DeJ.s 			page 9


 167:ThreadX/ports/cortex_m4/gnu/inc/tx_port.h **** ULONG   _tx_misra_time_stamp_get(VOID);
 168:ThreadX/ports/cortex_m4/gnu/inc/tx_port.h **** #define TX_TRACE_TIME_SOURCE                    _tx_misra_time_stamp_get()
 169:ThreadX/ports/cortex_m4/gnu/inc/tx_port.h **** #endif
 170:ThreadX/ports/cortex_m4/gnu/inc/tx_port.h **** 
 171:ThreadX/ports/cortex_m4/gnu/inc/tx_port.h **** #ifndef TX_TRACE_TIME_MASK
 172:ThreadX/ports/cortex_m4/gnu/inc/tx_port.h **** #define TX_TRACE_TIME_MASK                      0xFFFFFFFFUL
 173:ThreadX/ports/cortex_m4/gnu/inc/tx_port.h **** #endif
 174:ThreadX/ports/cortex_m4/gnu/inc/tx_port.h **** 
 175:ThreadX/ports/cortex_m4/gnu/inc/tx_port.h **** #ifdef __ghs__
 176:ThreadX/ports/cortex_m4/gnu/inc/tx_port.h **** /* Define constants for Green Hills EventAnalyzer.  */
 177:ThreadX/ports/cortex_m4/gnu/inc/tx_port.h **** 
 178:ThreadX/ports/cortex_m4/gnu/inc/tx_port.h **** /* Define the number of ticks per second. This informs the EventAnalyzer what the timestamps
 179:ThreadX/ports/cortex_m4/gnu/inc/tx_port.h ****    represent.  By default, this is set to 1,000,000 i.e., one tick every microsecond. */
 180:ThreadX/ports/cortex_m4/gnu/inc/tx_port.h **** 
 181:ThreadX/ports/cortex_m4/gnu/inc/tx_port.h **** #define TX_EL_TICKS_PER_SECOND                  1000000
 182:ThreadX/ports/cortex_m4/gnu/inc/tx_port.h **** 
 183:ThreadX/ports/cortex_m4/gnu/inc/tx_port.h **** /* Define the method of how to get the upper and lower 32-bits of the time stamp. By default, simpl
 184:ThreadX/ports/cortex_m4/gnu/inc/tx_port.h ****    simulate the time-stamp source with a counter.  */
 185:ThreadX/ports/cortex_m4/gnu/inc/tx_port.h **** 
 186:ThreadX/ports/cortex_m4/gnu/inc/tx_port.h **** #define read_tbu()                              _tx_el_time_base_upper
 187:ThreadX/ports/cortex_m4/gnu/inc/tx_port.h **** #define read_tbl()                              ++_tx_el_time_base_lower
 188:ThreadX/ports/cortex_m4/gnu/inc/tx_port.h **** #endif  /* __ghs__ */
 189:ThreadX/ports/cortex_m4/gnu/inc/tx_port.h **** 
 190:ThreadX/ports/cortex_m4/gnu/inc/tx_port.h **** /* Define the port specific options for the _tx_build_options variable. This variable indicates
 191:ThreadX/ports/cortex_m4/gnu/inc/tx_port.h ****    how the ThreadX library was built.  */
 192:ThreadX/ports/cortex_m4/gnu/inc/tx_port.h **** 
 193:ThreadX/ports/cortex_m4/gnu/inc/tx_port.h **** #define TX_PORT_SPECIFIC_BUILD_OPTIONS          (0)
 194:ThreadX/ports/cortex_m4/gnu/inc/tx_port.h **** 
 195:ThreadX/ports/cortex_m4/gnu/inc/tx_port.h **** 
 196:ThreadX/ports/cortex_m4/gnu/inc/tx_port.h **** /* Define the in-line initialization constant so that modules with in-line
 197:ThreadX/ports/cortex_m4/gnu/inc/tx_port.h ****    initialization capabilities can prevent their initialization from being
 198:ThreadX/ports/cortex_m4/gnu/inc/tx_port.h ****    a function call.  */
 199:ThreadX/ports/cortex_m4/gnu/inc/tx_port.h **** 
 200:ThreadX/ports/cortex_m4/gnu/inc/tx_port.h **** #ifdef TX_MISRA_ENABLE
 201:ThreadX/ports/cortex_m4/gnu/inc/tx_port.h **** #define TX_DISABLE_INLINE
 202:ThreadX/ports/cortex_m4/gnu/inc/tx_port.h **** #else
 203:ThreadX/ports/cortex_m4/gnu/inc/tx_port.h **** #define TX_INLINE_INITIALIZATION
 204:ThreadX/ports/cortex_m4/gnu/inc/tx_port.h **** #endif
 205:ThreadX/ports/cortex_m4/gnu/inc/tx_port.h **** 
 206:ThreadX/ports/cortex_m4/gnu/inc/tx_port.h **** 
 207:ThreadX/ports/cortex_m4/gnu/inc/tx_port.h **** /* Determine whether or not stack checking is enabled. By default, ThreadX stack checking is
 208:ThreadX/ports/cortex_m4/gnu/inc/tx_port.h ****    disabled. When the following is defined, ThreadX thread stack checking is enabled.  If stack
 209:ThreadX/ports/cortex_m4/gnu/inc/tx_port.h ****    checking is enabled (TX_ENABLE_STACK_CHECKING is defined), the TX_DISABLE_STACK_FILLING
 210:ThreadX/ports/cortex_m4/gnu/inc/tx_port.h ****    define is negated, thereby forcing the stack fill which is necessary for the stack checking
 211:ThreadX/ports/cortex_m4/gnu/inc/tx_port.h ****    logic.  */
 212:ThreadX/ports/cortex_m4/gnu/inc/tx_port.h **** 
 213:ThreadX/ports/cortex_m4/gnu/inc/tx_port.h **** #ifndef TX_MISRA_ENABLE
 214:ThreadX/ports/cortex_m4/gnu/inc/tx_port.h **** #ifdef TX_ENABLE_STACK_CHECKING
 215:ThreadX/ports/cortex_m4/gnu/inc/tx_port.h **** #undef TX_DISABLE_STACK_FILLING
 216:ThreadX/ports/cortex_m4/gnu/inc/tx_port.h **** #endif
 217:ThreadX/ports/cortex_m4/gnu/inc/tx_port.h **** #endif
 218:ThreadX/ports/cortex_m4/gnu/inc/tx_port.h **** 
 219:ThreadX/ports/cortex_m4/gnu/inc/tx_port.h **** 
 220:ThreadX/ports/cortex_m4/gnu/inc/tx_port.h **** /* Define the TX_THREAD control block extensions for this port. The main reason
 221:ThreadX/ports/cortex_m4/gnu/inc/tx_port.h ****    for the multiple macros is so that backward compatibility can be maintained with
 222:ThreadX/ports/cortex_m4/gnu/inc/tx_port.h ****    existing ThreadX kernel awareness modules.  */
 223:ThreadX/ports/cortex_m4/gnu/inc/tx_port.h **** 
ARM GAS  /tmp/cck71DeJ.s 			page 10


 224:ThreadX/ports/cortex_m4/gnu/inc/tx_port.h **** #define TX_THREAD_EXTENSION_0
 225:ThreadX/ports/cortex_m4/gnu/inc/tx_port.h **** #define TX_THREAD_EXTENSION_1
 226:ThreadX/ports/cortex_m4/gnu/inc/tx_port.h **** #ifdef  TX_ENABLE_IAR_LIBRARY_SUPPORT
 227:ThreadX/ports/cortex_m4/gnu/inc/tx_port.h **** #define TX_THREAD_EXTENSION_2           VOID    *tx_thread_iar_tls_pointer;
 228:ThreadX/ports/cortex_m4/gnu/inc/tx_port.h **** #elif defined(__ghs__)
 229:ThreadX/ports/cortex_m4/gnu/inc/tx_port.h **** #define TX_THREAD_EXTENSION_2           VOID *  tx_thread_eh_globals;                           \
 230:ThreadX/ports/cortex_m4/gnu/inc/tx_port.h ****                                         int     Errno;             /* errno.  */                \
 231:ThreadX/ports/cortex_m4/gnu/inc/tx_port.h ****                                         char *  strtok_saved_pos;  /* strtok() position.  */
 232:ThreadX/ports/cortex_m4/gnu/inc/tx_port.h **** #else
 233:ThreadX/ports/cortex_m4/gnu/inc/tx_port.h **** #define TX_THREAD_EXTENSION_2
 234:ThreadX/ports/cortex_m4/gnu/inc/tx_port.h **** #endif
 235:ThreadX/ports/cortex_m4/gnu/inc/tx_port.h **** 
 236:ThreadX/ports/cortex_m4/gnu/inc/tx_port.h **** 
 237:ThreadX/ports/cortex_m4/gnu/inc/tx_port.h **** #define TX_THREAD_EXTENSION_3
 238:ThreadX/ports/cortex_m4/gnu/inc/tx_port.h **** 
 239:ThreadX/ports/cortex_m4/gnu/inc/tx_port.h **** 
 240:ThreadX/ports/cortex_m4/gnu/inc/tx_port.h **** 
 241:ThreadX/ports/cortex_m4/gnu/inc/tx_port.h **** /* Define the port extensions of the remaining ThreadX objects.  */
 242:ThreadX/ports/cortex_m4/gnu/inc/tx_port.h **** 
 243:ThreadX/ports/cortex_m4/gnu/inc/tx_port.h **** #define TX_BLOCK_POOL_EXTENSION
 244:ThreadX/ports/cortex_m4/gnu/inc/tx_port.h **** #define TX_BYTE_POOL_EXTENSION
 245:ThreadX/ports/cortex_m4/gnu/inc/tx_port.h **** #define TX_EVENT_FLAGS_GROUP_EXTENSION
 246:ThreadX/ports/cortex_m4/gnu/inc/tx_port.h **** #define TX_MUTEX_EXTENSION
 247:ThreadX/ports/cortex_m4/gnu/inc/tx_port.h **** #define TX_QUEUE_EXTENSION
 248:ThreadX/ports/cortex_m4/gnu/inc/tx_port.h **** #define TX_SEMAPHORE_EXTENSION
 249:ThreadX/ports/cortex_m4/gnu/inc/tx_port.h **** #define TX_TIMER_EXTENSION
 250:ThreadX/ports/cortex_m4/gnu/inc/tx_port.h **** 
 251:ThreadX/ports/cortex_m4/gnu/inc/tx_port.h **** 
 252:ThreadX/ports/cortex_m4/gnu/inc/tx_port.h **** /* Define the user extension field of the thread control block.  Nothing
 253:ThreadX/ports/cortex_m4/gnu/inc/tx_port.h ****    additional is needed for this port so it is defined as white space.  */
 254:ThreadX/ports/cortex_m4/gnu/inc/tx_port.h **** 
 255:ThreadX/ports/cortex_m4/gnu/inc/tx_port.h **** #ifndef TX_THREAD_USER_EXTENSION
 256:ThreadX/ports/cortex_m4/gnu/inc/tx_port.h **** #define TX_THREAD_USER_EXTENSION
 257:ThreadX/ports/cortex_m4/gnu/inc/tx_port.h **** #endif
 258:ThreadX/ports/cortex_m4/gnu/inc/tx_port.h **** 
 259:ThreadX/ports/cortex_m4/gnu/inc/tx_port.h **** 
 260:ThreadX/ports/cortex_m4/gnu/inc/tx_port.h **** /* Define the macros for processing extensions in tx_thread_create, tx_thread_delete,
 261:ThreadX/ports/cortex_m4/gnu/inc/tx_port.h ****    tx_thread_shell_entry, and tx_thread_terminate.  */
 262:ThreadX/ports/cortex_m4/gnu/inc/tx_port.h **** 
 263:ThreadX/ports/cortex_m4/gnu/inc/tx_port.h **** 
 264:ThreadX/ports/cortex_m4/gnu/inc/tx_port.h **** #ifdef  TX_ENABLE_IAR_LIBRARY_SUPPORT
 265:ThreadX/ports/cortex_m4/gnu/inc/tx_port.h **** #if (__VER__ < 8000000)
 266:ThreadX/ports/cortex_m4/gnu/inc/tx_port.h **** #define TX_THREAD_CREATE_EXTENSION(thread_ptr)                      thread_ptr -> tx_thread_iar_tls
 267:ThreadX/ports/cortex_m4/gnu/inc/tx_port.h **** #define TX_THREAD_DELETE_EXTENSION(thread_ptr)                      __iar_dlib_perthread_deallocate
 268:ThreadX/ports/cortex_m4/gnu/inc/tx_port.h ****                                                                     thread_ptr -> tx_thread_iar_tls
 269:ThreadX/ports/cortex_m4/gnu/inc/tx_port.h **** #define TX_PORT_SPECIFIC_PRE_SCHEDULER_INITIALIZATION               __iar_dlib_perthread_access(0);
 270:ThreadX/ports/cortex_m4/gnu/inc/tx_port.h **** #else
 271:ThreadX/ports/cortex_m4/gnu/inc/tx_port.h **** void    *_tx_iar_create_per_thread_tls_area(void);
 272:ThreadX/ports/cortex_m4/gnu/inc/tx_port.h **** void    _tx_iar_destroy_per_thread_tls_area(void *tls_ptr);
 273:ThreadX/ports/cortex_m4/gnu/inc/tx_port.h **** void    __iar_Initlocks(void);
 274:ThreadX/ports/cortex_m4/gnu/inc/tx_port.h **** 
 275:ThreadX/ports/cortex_m4/gnu/inc/tx_port.h **** #define TX_THREAD_CREATE_EXTENSION(thread_ptr)                      thread_ptr -> tx_thread_iar_tls
 276:ThreadX/ports/cortex_m4/gnu/inc/tx_port.h **** #define TX_THREAD_DELETE_EXTENSION(thread_ptr)                      do {_tx_iar_destroy_per_thread_
 277:ThreadX/ports/cortex_m4/gnu/inc/tx_port.h ****                                                                         thread_ptr -> tx_thread_iar
 278:ThreadX/ports/cortex_m4/gnu/inc/tx_port.h **** #define TX_PORT_SPECIFIC_PRE_SCHEDULER_INITIALIZATION               do {__iar_Initlocks();} while(0
 279:ThreadX/ports/cortex_m4/gnu/inc/tx_port.h **** #endif
 280:ThreadX/ports/cortex_m4/gnu/inc/tx_port.h **** #else
ARM GAS  /tmp/cck71DeJ.s 			page 11


 281:ThreadX/ports/cortex_m4/gnu/inc/tx_port.h **** #define TX_THREAD_CREATE_EXTENSION(thread_ptr)
 282:ThreadX/ports/cortex_m4/gnu/inc/tx_port.h **** #define TX_THREAD_DELETE_EXTENSION(thread_ptr)
 283:ThreadX/ports/cortex_m4/gnu/inc/tx_port.h **** #endif
 284:ThreadX/ports/cortex_m4/gnu/inc/tx_port.h **** 
 285:ThreadX/ports/cortex_m4/gnu/inc/tx_port.h **** #if defined(__ARMVFP__) || defined(__ARM_PCS_VFP) || defined(__ARM_FP) || defined(__TARGET_FPU_VFP)
 286:ThreadX/ports/cortex_m4/gnu/inc/tx_port.h **** 
 287:ThreadX/ports/cortex_m4/gnu/inc/tx_port.h **** #ifdef TX_MISRA_ENABLE
 288:ThreadX/ports/cortex_m4/gnu/inc/tx_port.h **** 
 289:ThreadX/ports/cortex_m4/gnu/inc/tx_port.h **** ULONG  _tx_misra_control_get(void);
 290:ThreadX/ports/cortex_m4/gnu/inc/tx_port.h **** void   _tx_misra_control_set(ULONG value);
 291:ThreadX/ports/cortex_m4/gnu/inc/tx_port.h **** ULONG  _tx_misra_fpccr_get(void);
 292:ThreadX/ports/cortex_m4/gnu/inc/tx_port.h **** void   _tx_misra_vfp_touch(void);
 293:ThreadX/ports/cortex_m4/gnu/inc/tx_port.h **** 
 294:ThreadX/ports/cortex_m4/gnu/inc/tx_port.h **** #else   /* TX_MISRA_ENABLE not defined */
 295:ThreadX/ports/cortex_m4/gnu/inc/tx_port.h **** 
 296:ThreadX/ports/cortex_m4/gnu/inc/tx_port.h **** /* Define some helper functions (these are intrinsics in some compilers). */
 297:ThreadX/ports/cortex_m4/gnu/inc/tx_port.h **** #ifdef __GNUC__ /* GCC and ARM Compiler 6 */
 298:ThreadX/ports/cortex_m4/gnu/inc/tx_port.h **** 
 299:ThreadX/ports/cortex_m4/gnu/inc/tx_port.h **** __attribute__( ( always_inline ) ) static inline ULONG __get_control_value(void)
 300:ThreadX/ports/cortex_m4/gnu/inc/tx_port.h **** {
 301:ThreadX/ports/cortex_m4/gnu/inc/tx_port.h **** ULONG  control_value;
 302:ThreadX/ports/cortex_m4/gnu/inc/tx_port.h **** 
 303:ThreadX/ports/cortex_m4/gnu/inc/tx_port.h ****     __asm__ volatile (" MRS  %0,CONTROL ": "=r" (control_value) );
 304:ThreadX/ports/cortex_m4/gnu/inc/tx_port.h ****     return(control_value);
 305:ThreadX/ports/cortex_m4/gnu/inc/tx_port.h **** }
 306:ThreadX/ports/cortex_m4/gnu/inc/tx_port.h **** 
 307:ThreadX/ports/cortex_m4/gnu/inc/tx_port.h **** __attribute__( ( always_inline ) ) static inline void __set_control_value(ULONG control_value)
 308:ThreadX/ports/cortex_m4/gnu/inc/tx_port.h **** {
 309:ThreadX/ports/cortex_m4/gnu/inc/tx_port.h ****     __asm__ volatile (" MSR  CONTROL,%0": : "r" (control_value): "memory" );
 310:ThreadX/ports/cortex_m4/gnu/inc/tx_port.h **** }
 311:ThreadX/ports/cortex_m4/gnu/inc/tx_port.h **** 
 312:ThreadX/ports/cortex_m4/gnu/inc/tx_port.h **** #define TX_VFP_TOUCH()  __asm__ volatile ("VMOV.F32 s0, s0");
 313:ThreadX/ports/cortex_m4/gnu/inc/tx_port.h **** 
 314:ThreadX/ports/cortex_m4/gnu/inc/tx_port.h **** #elif defined(__CC_ARM) /* ARM Compiler 5 */
 315:ThreadX/ports/cortex_m4/gnu/inc/tx_port.h **** 
 316:ThreadX/ports/cortex_m4/gnu/inc/tx_port.h **** __attribute__( ( always_inline ) ) ULONG __get_control_value(void)
 317:ThreadX/ports/cortex_m4/gnu/inc/tx_port.h **** {
 318:ThreadX/ports/cortex_m4/gnu/inc/tx_port.h **** ULONG  control_value;
 319:ThreadX/ports/cortex_m4/gnu/inc/tx_port.h **** 
 320:ThreadX/ports/cortex_m4/gnu/inc/tx_port.h ****     __asm volatile ("MRS control_value,CONTROL");
 321:ThreadX/ports/cortex_m4/gnu/inc/tx_port.h ****     return(control_value);
 322:ThreadX/ports/cortex_m4/gnu/inc/tx_port.h **** }
 323:ThreadX/ports/cortex_m4/gnu/inc/tx_port.h **** 
 324:ThreadX/ports/cortex_m4/gnu/inc/tx_port.h **** __attribute__( ( always_inline ) ) void __set_control_value(ULONG control_value)
 325:ThreadX/ports/cortex_m4/gnu/inc/tx_port.h **** {
 326:ThreadX/ports/cortex_m4/gnu/inc/tx_port.h ****     __asm__ volatile ("MSR CONTROL,control_value");
 327:ThreadX/ports/cortex_m4/gnu/inc/tx_port.h **** }
 328:ThreadX/ports/cortex_m4/gnu/inc/tx_port.h **** /* Can't access VFP registers with inline asm, so define this in tx_thread_schedule.  */
 329:ThreadX/ports/cortex_m4/gnu/inc/tx_port.h **** void _tx_vfp_access(void);
 330:ThreadX/ports/cortex_m4/gnu/inc/tx_port.h **** #define TX_VFP_TOUCH()  _tx_vfp_access();
 331:ThreadX/ports/cortex_m4/gnu/inc/tx_port.h **** 
 332:ThreadX/ports/cortex_m4/gnu/inc/tx_port.h **** #elif defined(__ICCARM__)  /* IAR */
 333:ThreadX/ports/cortex_m4/gnu/inc/tx_port.h **** #define TX_VFP_TOUCH()  __asm__ volatile ("VMOV.F32 s0, s0");
 334:ThreadX/ports/cortex_m4/gnu/inc/tx_port.h **** #endif  /* Helper functions for different compilers */
 335:ThreadX/ports/cortex_m4/gnu/inc/tx_port.h **** 
 336:ThreadX/ports/cortex_m4/gnu/inc/tx_port.h **** #endif  /* TX_MISRA_ENABLE */
 337:ThreadX/ports/cortex_m4/gnu/inc/tx_port.h **** 
ARM GAS  /tmp/cck71DeJ.s 			page 12


 338:ThreadX/ports/cortex_m4/gnu/inc/tx_port.h **** 
 339:ThreadX/ports/cortex_m4/gnu/inc/tx_port.h **** /* A completed thread falls into _thread_shell_entry and we can simply deactivate the FPU via CONTR
 340:ThreadX/ports/cortex_m4/gnu/inc/tx_port.h ****    in order to ensure no lazy stacking will occur. */
 341:ThreadX/ports/cortex_m4/gnu/inc/tx_port.h **** 
 342:ThreadX/ports/cortex_m4/gnu/inc/tx_port.h **** #ifndef TX_MISRA_ENABLE
 343:ThreadX/ports/cortex_m4/gnu/inc/tx_port.h **** 
 344:ThreadX/ports/cortex_m4/gnu/inc/tx_port.h **** #define TX_THREAD_COMPLETED_EXTENSION(thread_ptr)   {                                              
 345:ThreadX/ports/cortex_m4/gnu/inc/tx_port.h ****                                                     ULONG  _tx_vfp_state;                          
 346:ThreadX/ports/cortex_m4/gnu/inc/tx_port.h ****                                                         _tx_vfp_state =  __get_control_value();    
 347:ThreadX/ports/cortex_m4/gnu/inc/tx_port.h ****                                                         _tx_vfp_state =  _tx_vfp_state & ~((ULONG) 
 348:ThreadX/ports/cortex_m4/gnu/inc/tx_port.h ****                                                         __set_control_value(_tx_vfp_state);        
 349:ThreadX/ports/cortex_m4/gnu/inc/tx_port.h ****                                                     }
 350:ThreadX/ports/cortex_m4/gnu/inc/tx_port.h **** #else
 351:ThreadX/ports/cortex_m4/gnu/inc/tx_port.h **** 
 352:ThreadX/ports/cortex_m4/gnu/inc/tx_port.h **** #define TX_THREAD_COMPLETED_EXTENSION(thread_ptr)   {                                              
 353:ThreadX/ports/cortex_m4/gnu/inc/tx_port.h ****                                                     ULONG  _tx_vfp_state;                          
 354:ThreadX/ports/cortex_m4/gnu/inc/tx_port.h ****                                                         _tx_vfp_state =  _tx_misra_control_get();  
 355:ThreadX/ports/cortex_m4/gnu/inc/tx_port.h ****                                                         _tx_vfp_state =  _tx_vfp_state & ~((ULONG) 
 356:ThreadX/ports/cortex_m4/gnu/inc/tx_port.h ****                                                         _tx_misra_control_set(_tx_vfp_state);      
 357:ThreadX/ports/cortex_m4/gnu/inc/tx_port.h ****                                                     }
 358:ThreadX/ports/cortex_m4/gnu/inc/tx_port.h **** 
 359:ThreadX/ports/cortex_m4/gnu/inc/tx_port.h **** #endif
 360:ThreadX/ports/cortex_m4/gnu/inc/tx_port.h **** 
 361:ThreadX/ports/cortex_m4/gnu/inc/tx_port.h **** /* A thread can be terminated by another thread, so we first check if it's self-terminating and not
 362:ThreadX/ports/cortex_m4/gnu/inc/tx_port.h ****    If so, deactivate the FPU via CONTROL.FPCA. Otherwise we are in an interrupt or another thread i
 363:ThreadX/ports/cortex_m4/gnu/inc/tx_port.h ****    this one, so if the FPCCR.LSPACT bit is set, we need to save the CONTROL.FPCA state, touch the F
 364:ThreadX/ports/cortex_m4/gnu/inc/tx_port.h ****    the lazy FPU save, then restore the CONTROL.FPCA state. */
 365:ThreadX/ports/cortex_m4/gnu/inc/tx_port.h **** 
 366:ThreadX/ports/cortex_m4/gnu/inc/tx_port.h **** #ifndef TX_MISRA_ENABLE
 367:ThreadX/ports/cortex_m4/gnu/inc/tx_port.h **** 
 368:ThreadX/ports/cortex_m4/gnu/inc/tx_port.h **** #define TX_THREAD_TERMINATED_EXTENSION(thread_ptr)  {                                              
 369:ThreadX/ports/cortex_m4/gnu/inc/tx_port.h ****                                                     ULONG  _tx_system_state;                       
 370:ThreadX/ports/cortex_m4/gnu/inc/tx_port.h ****                                                         _tx_system_state =  TX_THREAD_GET_SYSTEM_ST
 371:ThreadX/ports/cortex_m4/gnu/inc/tx_port.h ****                                                         if ((_tx_system_state == ((ULONG) 0)) && ((
 372:ThreadX/ports/cortex_m4/gnu/inc/tx_port.h ****                                                         {                                          
 373:ThreadX/ports/cortex_m4/gnu/inc/tx_port.h ****                                                         ULONG  _tx_vfp_state;                      
 374:ThreadX/ports/cortex_m4/gnu/inc/tx_port.h ****                                                             _tx_vfp_state =  __get_control_value();
 375:ThreadX/ports/cortex_m4/gnu/inc/tx_port.h ****                                                             _tx_vfp_state =  _tx_vfp_state & ~((ULO
 376:ThreadX/ports/cortex_m4/gnu/inc/tx_port.h ****                                                             __set_control_value(_tx_vfp_state);    
 377:ThreadX/ports/cortex_m4/gnu/inc/tx_port.h ****                                                         }                                          
 378:ThreadX/ports/cortex_m4/gnu/inc/tx_port.h ****                                                         else                                       
 379:ThreadX/ports/cortex_m4/gnu/inc/tx_port.h ****                                                         {                                          
 380:ThreadX/ports/cortex_m4/gnu/inc/tx_port.h ****                                                         ULONG  _tx_fpccr;                          
 381:ThreadX/ports/cortex_m4/gnu/inc/tx_port.h ****                                                             _tx_fpccr =  *((ULONG *) 0xE000EF34);  
 382:ThreadX/ports/cortex_m4/gnu/inc/tx_port.h ****                                                             _tx_fpccr =  _tx_fpccr & ((ULONG) 0x01)
 383:ThreadX/ports/cortex_m4/gnu/inc/tx_port.h ****                                                             if (_tx_fpccr == ((ULONG) 0x01))       
 384:ThreadX/ports/cortex_m4/gnu/inc/tx_port.h ****                                                             {                                      
 385:ThreadX/ports/cortex_m4/gnu/inc/tx_port.h ****                                                             ULONG _tx_vfp_state;                   
 386:ThreadX/ports/cortex_m4/gnu/inc/tx_port.h ****                                                                 _tx_vfp_state = __get_control_value
 387:ThreadX/ports/cortex_m4/gnu/inc/tx_port.h ****                                                                 _tx_vfp_state =  _tx_vfp_state & ((
 388:ThreadX/ports/cortex_m4/gnu/inc/tx_port.h ****                                                                 TX_VFP_TOUCH();                    
 389:ThreadX/ports/cortex_m4/gnu/inc/tx_port.h ****                                                                 if (_tx_vfp_state == ((ULONG) 0))  
 390:ThreadX/ports/cortex_m4/gnu/inc/tx_port.h ****                                                                 {                                  
 391:ThreadX/ports/cortex_m4/gnu/inc/tx_port.h ****                                                                     _tx_vfp_state =  __get_control_
 392:ThreadX/ports/cortex_m4/gnu/inc/tx_port.h ****                                                                     _tx_vfp_state =  _tx_vfp_state 
 393:ThreadX/ports/cortex_m4/gnu/inc/tx_port.h ****                                                                     __set_control_value(_tx_vfp_sta
 394:ThreadX/ports/cortex_m4/gnu/inc/tx_port.h ****                                                                 }                                  
ARM GAS  /tmp/cck71DeJ.s 			page 13


 395:ThreadX/ports/cortex_m4/gnu/inc/tx_port.h ****                                                             }                                      
 396:ThreadX/ports/cortex_m4/gnu/inc/tx_port.h ****                                                         }                                          
 397:ThreadX/ports/cortex_m4/gnu/inc/tx_port.h ****                                                     }
 398:ThreadX/ports/cortex_m4/gnu/inc/tx_port.h **** #else
 399:ThreadX/ports/cortex_m4/gnu/inc/tx_port.h **** 
 400:ThreadX/ports/cortex_m4/gnu/inc/tx_port.h **** #define TX_THREAD_TERMINATED_EXTENSION(thread_ptr)  {                                              
 401:ThreadX/ports/cortex_m4/gnu/inc/tx_port.h ****                                                     ULONG  _tx_system_state;                       
 402:ThreadX/ports/cortex_m4/gnu/inc/tx_port.h ****                                                         _tx_system_state =  TX_THREAD_GET_SYSTEM_ST
 403:ThreadX/ports/cortex_m4/gnu/inc/tx_port.h ****                                                         if ((_tx_system_state == ((ULONG) 0)) && ((
 404:ThreadX/ports/cortex_m4/gnu/inc/tx_port.h ****                                                         {                                          
 405:ThreadX/ports/cortex_m4/gnu/inc/tx_port.h ****                                                         ULONG  _tx_vfp_state;                      
 406:ThreadX/ports/cortex_m4/gnu/inc/tx_port.h ****                                                             _tx_vfp_state =  _tx_misra_control_get(
 407:ThreadX/ports/cortex_m4/gnu/inc/tx_port.h ****                                                             _tx_vfp_state =  _tx_vfp_state & ~((ULO
 408:ThreadX/ports/cortex_m4/gnu/inc/tx_port.h ****                                                             _tx_misra_control_set(_tx_vfp_state);  
 409:ThreadX/ports/cortex_m4/gnu/inc/tx_port.h ****                                                         }                                          
 410:ThreadX/ports/cortex_m4/gnu/inc/tx_port.h ****                                                         else                                       
 411:ThreadX/ports/cortex_m4/gnu/inc/tx_port.h ****                                                         {                                          
 412:ThreadX/ports/cortex_m4/gnu/inc/tx_port.h ****                                                         ULONG  _tx_fpccr;                          
 413:ThreadX/ports/cortex_m4/gnu/inc/tx_port.h ****                                                             _tx_fpccr =  _tx_misra_fpccr_get();    
 414:ThreadX/ports/cortex_m4/gnu/inc/tx_port.h ****                                                             _tx_fpccr =  _tx_fpccr & ((ULONG) 0x01)
 415:ThreadX/ports/cortex_m4/gnu/inc/tx_port.h ****                                                             if (_tx_fpccr == ((ULONG) 0x01))       
 416:ThreadX/ports/cortex_m4/gnu/inc/tx_port.h ****                                                             {                                      
 417:ThreadX/ports/cortex_m4/gnu/inc/tx_port.h ****                                                             ULONG _tx_vfp_state;                   
 418:ThreadX/ports/cortex_m4/gnu/inc/tx_port.h ****                                                                 _tx_vfp_state = _tx_misra_control_g
 419:ThreadX/ports/cortex_m4/gnu/inc/tx_port.h ****                                                                 _tx_vfp_state =  _tx_vfp_state & ((
 420:ThreadX/ports/cortex_m4/gnu/inc/tx_port.h ****                                                                 _tx_misra_vfp_touch();             
 421:ThreadX/ports/cortex_m4/gnu/inc/tx_port.h ****                                                                 if (_tx_vfp_state == ((ULONG) 0))  
 422:ThreadX/ports/cortex_m4/gnu/inc/tx_port.h ****                                                                 {                                  
 423:ThreadX/ports/cortex_m4/gnu/inc/tx_port.h ****                                                                     _tx_vfp_state =  _tx_misra_cont
 424:ThreadX/ports/cortex_m4/gnu/inc/tx_port.h ****                                                                     _tx_vfp_state =  _tx_vfp_state 
 425:ThreadX/ports/cortex_m4/gnu/inc/tx_port.h ****                                                                     _tx_misra_control_set(_tx_vfp_s
 426:ThreadX/ports/cortex_m4/gnu/inc/tx_port.h ****                                                                 }                                  
 427:ThreadX/ports/cortex_m4/gnu/inc/tx_port.h ****                                                             }                                      
 428:ThreadX/ports/cortex_m4/gnu/inc/tx_port.h ****                                                         }                                          
 429:ThreadX/ports/cortex_m4/gnu/inc/tx_port.h ****                                                     }
 430:ThreadX/ports/cortex_m4/gnu/inc/tx_port.h **** #endif
 431:ThreadX/ports/cortex_m4/gnu/inc/tx_port.h **** 
 432:ThreadX/ports/cortex_m4/gnu/inc/tx_port.h **** #else   /* No VFP in use */
 433:ThreadX/ports/cortex_m4/gnu/inc/tx_port.h **** 
 434:ThreadX/ports/cortex_m4/gnu/inc/tx_port.h **** #define TX_THREAD_COMPLETED_EXTENSION(thread_ptr)
 435:ThreadX/ports/cortex_m4/gnu/inc/tx_port.h **** #define TX_THREAD_TERMINATED_EXTENSION(thread_ptr)
 436:ThreadX/ports/cortex_m4/gnu/inc/tx_port.h **** 
 437:ThreadX/ports/cortex_m4/gnu/inc/tx_port.h **** #endif  /* defined(__ARMVFP__) || defined(__ARM_PCS_VFP) || defined(__ARM_FP) || defined(__TARGET_F
 438:ThreadX/ports/cortex_m4/gnu/inc/tx_port.h **** 
 439:ThreadX/ports/cortex_m4/gnu/inc/tx_port.h **** 
 440:ThreadX/ports/cortex_m4/gnu/inc/tx_port.h **** /* Define the ThreadX object creation extensions for the remaining objects.  */
 441:ThreadX/ports/cortex_m4/gnu/inc/tx_port.h **** 
 442:ThreadX/ports/cortex_m4/gnu/inc/tx_port.h **** #define TX_BLOCK_POOL_CREATE_EXTENSION(pool_ptr)
 443:ThreadX/ports/cortex_m4/gnu/inc/tx_port.h **** #define TX_BYTE_POOL_CREATE_EXTENSION(pool_ptr)
 444:ThreadX/ports/cortex_m4/gnu/inc/tx_port.h **** #define TX_EVENT_FLAGS_GROUP_CREATE_EXTENSION(group_ptr)
 445:ThreadX/ports/cortex_m4/gnu/inc/tx_port.h **** #define TX_MUTEX_CREATE_EXTENSION(mutex_ptr)
 446:ThreadX/ports/cortex_m4/gnu/inc/tx_port.h **** #define TX_QUEUE_CREATE_EXTENSION(queue_ptr)
 447:ThreadX/ports/cortex_m4/gnu/inc/tx_port.h **** #define TX_SEMAPHORE_CREATE_EXTENSION(semaphore_ptr)
 448:ThreadX/ports/cortex_m4/gnu/inc/tx_port.h **** #define TX_TIMER_CREATE_EXTENSION(timer_ptr)
 449:ThreadX/ports/cortex_m4/gnu/inc/tx_port.h **** 
 450:ThreadX/ports/cortex_m4/gnu/inc/tx_port.h **** 
 451:ThreadX/ports/cortex_m4/gnu/inc/tx_port.h **** /* Define the ThreadX object deletion extensions for the remaining objects.  */
ARM GAS  /tmp/cck71DeJ.s 			page 14


 452:ThreadX/ports/cortex_m4/gnu/inc/tx_port.h **** 
 453:ThreadX/ports/cortex_m4/gnu/inc/tx_port.h **** #define TX_BLOCK_POOL_DELETE_EXTENSION(pool_ptr)
 454:ThreadX/ports/cortex_m4/gnu/inc/tx_port.h **** #define TX_BYTE_POOL_DELETE_EXTENSION(pool_ptr)
 455:ThreadX/ports/cortex_m4/gnu/inc/tx_port.h **** #define TX_EVENT_FLAGS_GROUP_DELETE_EXTENSION(group_ptr)
 456:ThreadX/ports/cortex_m4/gnu/inc/tx_port.h **** #define TX_MUTEX_DELETE_EXTENSION(mutex_ptr)
 457:ThreadX/ports/cortex_m4/gnu/inc/tx_port.h **** #define TX_QUEUE_DELETE_EXTENSION(queue_ptr)
 458:ThreadX/ports/cortex_m4/gnu/inc/tx_port.h **** #define TX_SEMAPHORE_DELETE_EXTENSION(semaphore_ptr)
 459:ThreadX/ports/cortex_m4/gnu/inc/tx_port.h **** #define TX_TIMER_DELETE_EXTENSION(timer_ptr)
 460:ThreadX/ports/cortex_m4/gnu/inc/tx_port.h **** 
 461:ThreadX/ports/cortex_m4/gnu/inc/tx_port.h **** 
 462:ThreadX/ports/cortex_m4/gnu/inc/tx_port.h **** /* Define the get system state macro.  */
 463:ThreadX/ports/cortex_m4/gnu/inc/tx_port.h **** 
 464:ThreadX/ports/cortex_m4/gnu/inc/tx_port.h **** #ifndef TX_THREAD_GET_SYSTEM_STATE
 465:ThreadX/ports/cortex_m4/gnu/inc/tx_port.h **** #ifndef TX_MISRA_ENABLE
 466:ThreadX/ports/cortex_m4/gnu/inc/tx_port.h **** 
 467:ThreadX/ports/cortex_m4/gnu/inc/tx_port.h **** #ifdef __CC_ARM /* ARM Compiler 5 */
 468:ThreadX/ports/cortex_m4/gnu/inc/tx_port.h **** 
 469:ThreadX/ports/cortex_m4/gnu/inc/tx_port.h **** register unsigned int _ipsr __asm("ipsr");
 470:ThreadX/ports/cortex_m4/gnu/inc/tx_port.h **** #define TX_THREAD_GET_SYSTEM_STATE()        (_tx_thread_system_state | _ipsr)
 471:ThreadX/ports/cortex_m4/gnu/inc/tx_port.h **** 
 472:ThreadX/ports/cortex_m4/gnu/inc/tx_port.h **** #elif defined(__GNUC__) /* GCC and ARM Compiler 6 */
 473:ThreadX/ports/cortex_m4/gnu/inc/tx_port.h **** 
 474:ThreadX/ports/cortex_m4/gnu/inc/tx_port.h **** __attribute__( ( always_inline ) ) static inline unsigned int __get_ipsr_value(void)
 475:ThreadX/ports/cortex_m4/gnu/inc/tx_port.h **** {
 476:ThreadX/ports/cortex_m4/gnu/inc/tx_port.h **** unsigned int  ipsr_value;
 477:ThreadX/ports/cortex_m4/gnu/inc/tx_port.h ****     __asm__ volatile (" MRS  %0,IPSR ": "=r" (ipsr_value) );
 478:ThreadX/ports/cortex_m4/gnu/inc/tx_port.h ****     return(ipsr_value);
 479:ThreadX/ports/cortex_m4/gnu/inc/tx_port.h **** }
 480:ThreadX/ports/cortex_m4/gnu/inc/tx_port.h **** 
 481:ThreadX/ports/cortex_m4/gnu/inc/tx_port.h **** #define TX_THREAD_GET_SYSTEM_STATE()        (_tx_thread_system_state | __get_ipsr_value())
 482:ThreadX/ports/cortex_m4/gnu/inc/tx_port.h **** 
 483:ThreadX/ports/cortex_m4/gnu/inc/tx_port.h **** #elif defined(__ICCARM__)   /* IAR */
 484:ThreadX/ports/cortex_m4/gnu/inc/tx_port.h **** 
 485:ThreadX/ports/cortex_m4/gnu/inc/tx_port.h **** #define TX_THREAD_GET_SYSTEM_STATE()        (_tx_thread_system_state | __get_IPSR())
 486:ThreadX/ports/cortex_m4/gnu/inc/tx_port.h **** 
 487:ThreadX/ports/cortex_m4/gnu/inc/tx_port.h **** #endif  /* TX_THREAD_GET_SYSTEM_STATE for different compilers */
 488:ThreadX/ports/cortex_m4/gnu/inc/tx_port.h **** 
 489:ThreadX/ports/cortex_m4/gnu/inc/tx_port.h **** #else   /* TX_MISRA_ENABLE is defined, use MISRA function. */
 490:ThreadX/ports/cortex_m4/gnu/inc/tx_port.h **** ULONG   _tx_misra_ipsr_get(VOID);
 491:ThreadX/ports/cortex_m4/gnu/inc/tx_port.h **** #define TX_THREAD_GET_SYSTEM_STATE()        (_tx_thread_system_state | _tx_misra_ipsr_get())
 492:ThreadX/ports/cortex_m4/gnu/inc/tx_port.h **** #endif  /* TX_MISRA_ENABLE */
 493:ThreadX/ports/cortex_m4/gnu/inc/tx_port.h **** #endif  /* TX_THREAD_GET_SYSTEM_STATE */
 494:ThreadX/ports/cortex_m4/gnu/inc/tx_port.h **** 
 495:ThreadX/ports/cortex_m4/gnu/inc/tx_port.h **** 
 496:ThreadX/ports/cortex_m4/gnu/inc/tx_port.h **** /* Define the check for whether or not to call the _tx_thread_system_return function.  A non-zero v
 497:ThreadX/ports/cortex_m4/gnu/inc/tx_port.h ****    indicates that _tx_thread_system_return should not be called. This overrides the definition in t
 498:ThreadX/ports/cortex_m4/gnu/inc/tx_port.h ****    for Cortex-M since so we don't waste time checking the _tx_thread_system_state variable that is 
 499:ThreadX/ports/cortex_m4/gnu/inc/tx_port.h ****    zero after initialization for Cortex-M ports. */
 500:ThreadX/ports/cortex_m4/gnu/inc/tx_port.h **** 
 501:ThreadX/ports/cortex_m4/gnu/inc/tx_port.h **** #ifndef TX_THREAD_SYSTEM_RETURN_CHECK
 502:ThreadX/ports/cortex_m4/gnu/inc/tx_port.h **** #define TX_THREAD_SYSTEM_RETURN_CHECK(c)    (c) = ((ULONG) _tx_thread_preempt_disable);
 503:ThreadX/ports/cortex_m4/gnu/inc/tx_port.h **** #endif
 504:ThreadX/ports/cortex_m4/gnu/inc/tx_port.h **** 
 505:ThreadX/ports/cortex_m4/gnu/inc/tx_port.h **** /* Define the macro to ensure _tx_thread_preempt_disable is set early in initialization in order to
 506:ThreadX/ports/cortex_m4/gnu/inc/tx_port.h ****    prevent early scheduling on Cortex-M parts.  */
 507:ThreadX/ports/cortex_m4/gnu/inc/tx_port.h **** 
 508:ThreadX/ports/cortex_m4/gnu/inc/tx_port.h **** #define TX_PORT_SPECIFIC_POST_INITIALIZATION    _tx_thread_preempt_disable++;
ARM GAS  /tmp/cck71DeJ.s 			page 15


 509:ThreadX/ports/cortex_m4/gnu/inc/tx_port.h **** 
 510:ThreadX/ports/cortex_m4/gnu/inc/tx_port.h **** 
 511:ThreadX/ports/cortex_m4/gnu/inc/tx_port.h **** 
 512:ThreadX/ports/cortex_m4/gnu/inc/tx_port.h **** 
 513:ThreadX/ports/cortex_m4/gnu/inc/tx_port.h **** #ifndef TX_DISABLE_INLINE
 514:ThreadX/ports/cortex_m4/gnu/inc/tx_port.h **** 
 515:ThreadX/ports/cortex_m4/gnu/inc/tx_port.h **** /* Define the TX_LOWEST_SET_BIT_CALCULATE macro for each compiler. */
 516:ThreadX/ports/cortex_m4/gnu/inc/tx_port.h **** #ifdef __ICCARM__       /* IAR Compiler */
 517:ThreadX/ports/cortex_m4/gnu/inc/tx_port.h **** #define TX_LOWEST_SET_BIT_CALCULATE(m, b)       (b) = (UINT) __CLZ(__RBIT((m)));
 518:ThreadX/ports/cortex_m4/gnu/inc/tx_port.h **** #elif defined(__CC_ARM) /* AC5 Compiler */
 519:ThreadX/ports/cortex_m4/gnu/inc/tx_port.h **** #define TX_LOWEST_SET_BIT_CALCULATE(m, b)       (b) = (UINT) __clz(__rbit((m)));
 520:ThreadX/ports/cortex_m4/gnu/inc/tx_port.h **** #elif defined(__GNUC__) /* GCC and AC6 Compiler */
 521:ThreadX/ports/cortex_m4/gnu/inc/tx_port.h **** #define TX_LOWEST_SET_BIT_CALCULATE(m, b)       __asm__ volatile (" RBIT %0,%1 ": "=r" (m) : "r" (m
 522:ThreadX/ports/cortex_m4/gnu/inc/tx_port.h ****                                                 __asm__ volatile (" CLZ  %0,%1 ": "=r" (b) : "r" (m
 523:ThreadX/ports/cortex_m4/gnu/inc/tx_port.h **** #endif
 524:ThreadX/ports/cortex_m4/gnu/inc/tx_port.h **** 
 525:ThreadX/ports/cortex_m4/gnu/inc/tx_port.h **** 
 526:ThreadX/ports/cortex_m4/gnu/inc/tx_port.h **** 
 527:ThreadX/ports/cortex_m4/gnu/inc/tx_port.h **** /* Define the interrupt disable/restore macros for each compiler. */
 528:ThreadX/ports/cortex_m4/gnu/inc/tx_port.h **** 
 529:ThreadX/ports/cortex_m4/gnu/inc/tx_port.h **** #if defined(__GNUC__) || defined(__ICCARM__)
 530:ThreadX/ports/cortex_m4/gnu/inc/tx_port.h **** 
 531:ThreadX/ports/cortex_m4/gnu/inc/tx_port.h **** /*** GCC/AC6 and IAR ***/
 532:ThreadX/ports/cortex_m4/gnu/inc/tx_port.h **** 
 533:ThreadX/ports/cortex_m4/gnu/inc/tx_port.h **** __attribute__( ( always_inline ) ) static inline unsigned int __get_interrupt_posture(void)
 534:ThreadX/ports/cortex_m4/gnu/inc/tx_port.h **** {
 535:ThreadX/ports/cortex_m4/gnu/inc/tx_port.h **** unsigned int posture;
 536:ThreadX/ports/cortex_m4/gnu/inc/tx_port.h **** #ifdef TX_PORT_USE_BASEPRI
 537:ThreadX/ports/cortex_m4/gnu/inc/tx_port.h ****     __asm__ volatile ("MRS  %0, BASEPRI ": "=r" (posture));
 538:ThreadX/ports/cortex_m4/gnu/inc/tx_port.h **** #else
 539:ThreadX/ports/cortex_m4/gnu/inc/tx_port.h ****     __asm__ volatile ("MRS  %0, PRIMASK ": "=r" (posture));
  70              		.loc 2 539 0
  71              		.syntax unified
  72              	@ 539 "ThreadX/ports/cortex_m4/gnu/inc/tx_port.h" 1
  73 0018 EFF31081 		MRS  r1, PRIMASK 
  74              	@ 0 "" 2
  75              	.LVL5:
  76              		.thumb
  77              		.syntax unified
  78              	.LBE23:
  79              	.LBE22:
 540:ThreadX/ports/cortex_m4/gnu/inc/tx_port.h **** #endif
 541:ThreadX/ports/cortex_m4/gnu/inc/tx_port.h ****     return(posture);
 542:ThreadX/ports/cortex_m4/gnu/inc/tx_port.h **** }
 543:ThreadX/ports/cortex_m4/gnu/inc/tx_port.h **** 
 544:ThreadX/ports/cortex_m4/gnu/inc/tx_port.h **** #ifdef TX_PORT_USE_BASEPRI
 545:ThreadX/ports/cortex_m4/gnu/inc/tx_port.h **** __attribute__( ( always_inline ) ) static inline void __set_basepri_value(unsigned int basepri_valu
 546:ThreadX/ports/cortex_m4/gnu/inc/tx_port.h **** {
 547:ThreadX/ports/cortex_m4/gnu/inc/tx_port.h ****     __asm__ volatile ("MSR  BASEPRI,%0 ": : "r" (basepri_value));
 548:ThreadX/ports/cortex_m4/gnu/inc/tx_port.h **** }
 549:ThreadX/ports/cortex_m4/gnu/inc/tx_port.h **** #else
 550:ThreadX/ports/cortex_m4/gnu/inc/tx_port.h **** __attribute__( ( always_inline ) ) static inline void __enable_interrupts(void)
 551:ThreadX/ports/cortex_m4/gnu/inc/tx_port.h **** {
 552:ThreadX/ports/cortex_m4/gnu/inc/tx_port.h ****     __asm__ volatile ("CPSIE  i": : : "memory");
 553:ThreadX/ports/cortex_m4/gnu/inc/tx_port.h **** }
 554:ThreadX/ports/cortex_m4/gnu/inc/tx_port.h **** #endif
 555:ThreadX/ports/cortex_m4/gnu/inc/tx_port.h **** 
ARM GAS  /tmp/cck71DeJ.s 			page 16


 556:ThreadX/ports/cortex_m4/gnu/inc/tx_port.h **** __attribute__( ( always_inline ) ) static inline void __restore_interrupt(unsigned int int_posture)
 557:ThreadX/ports/cortex_m4/gnu/inc/tx_port.h **** {
 558:ThreadX/ports/cortex_m4/gnu/inc/tx_port.h **** #ifdef TX_PORT_USE_BASEPRI
 559:ThreadX/ports/cortex_m4/gnu/inc/tx_port.h ****     __set_basepri_value(int_posture);
 560:ThreadX/ports/cortex_m4/gnu/inc/tx_port.h ****     //__asm__ volatile ("MSR  BASEPRI,%0": : "r" (int_posture): "memory");
 561:ThreadX/ports/cortex_m4/gnu/inc/tx_port.h **** #else
 562:ThreadX/ports/cortex_m4/gnu/inc/tx_port.h ****     __asm__ volatile ("MSR  PRIMASK,%0": : "r" (int_posture): "memory");
 563:ThreadX/ports/cortex_m4/gnu/inc/tx_port.h **** #endif
 564:ThreadX/ports/cortex_m4/gnu/inc/tx_port.h **** }
 565:ThreadX/ports/cortex_m4/gnu/inc/tx_port.h **** 
 566:ThreadX/ports/cortex_m4/gnu/inc/tx_port.h **** __attribute__( ( always_inline ) ) static inline unsigned int __disable_interrupts(void)
 567:ThreadX/ports/cortex_m4/gnu/inc/tx_port.h **** {
 568:ThreadX/ports/cortex_m4/gnu/inc/tx_port.h **** unsigned int int_posture;
 569:ThreadX/ports/cortex_m4/gnu/inc/tx_port.h **** 
 570:ThreadX/ports/cortex_m4/gnu/inc/tx_port.h ****     int_posture = __get_interrupt_posture();
 571:ThreadX/ports/cortex_m4/gnu/inc/tx_port.h **** 
 572:ThreadX/ports/cortex_m4/gnu/inc/tx_port.h **** #ifdef TX_PORT_USE_BASEPRI
 573:ThreadX/ports/cortex_m4/gnu/inc/tx_port.h ****     __set_basepri_value(TX_PORT_BASEPRI);
 574:ThreadX/ports/cortex_m4/gnu/inc/tx_port.h **** #else
 575:ThreadX/ports/cortex_m4/gnu/inc/tx_port.h ****     __asm__ volatile ("CPSID i" : : : "memory");
  80              		.loc 2 575 0
  81              		.syntax unified
  82              	@ 575 "ThreadX/ports/cortex_m4/gnu/inc/tx_port.h" 1
  83 001c 72B6     		CPSID i
  84              	@ 0 "" 2
  85              		.thumb
  86              		.syntax unified
  87              	.LBE21:
  88              	.LBE20:
 120:ThreadX/common/src/txe_mutex_create.c **** 
  89              		.loc 1 120 0
  90 001e 234A     		ldr	r2, .L18
  91              	.LVL6:
  92 0020 1368     		ldr	r3, [r2]
  93              	.LVL7:
  94 0022 0133     		adds	r3, r3, #1
  95 0024 1360     		str	r3, [r2]
  96              	.LBB24:
  97              	.LBB25:
 562:ThreadX/ports/cortex_m4/gnu/inc/tx_port.h **** #endif
  98              		.loc 2 562 0
  99              		.syntax unified
 100              	@ 562 "ThreadX/ports/cortex_m4/gnu/inc/tx_port.h" 1
 101 0026 81F31088 		MSR  PRIMASK,r1
 102              	@ 0 "" 2
 103              		.thumb
 104              		.syntax unified
 105              	.LBE25:
 106              	.LBE24:
 126:ThreadX/common/src/txe_mutex_create.c ****         for (i = ((ULONG) 0); i < _tx_mutex_created_count; i++)
 107              		.loc 1 126 0
 108 002a 214B     		ldr	r3, .L18+4
 109 002c 1C68     		ldr	r4, [r3]
 110              	.LVL8:
 127:ThreadX/common/src/txe_mutex_create.c ****         {
 111              		.loc 1 127 0
 112 002e 0023     		movs	r3, #0
ARM GAS  /tmp/cck71DeJ.s 			page 17


 113              	.LVL9:
 114              	.L3:
 127:ThreadX/common/src/txe_mutex_create.c ****         {
 115              		.loc 1 127 0 is_stmt 0 discriminator 1
 116 0030 204A     		ldr	r2, .L18+8
 117 0032 1268     		ldr	r2, [r2]
 118 0034 9A42     		cmp	r2, r3
 119 0036 04D9     		bls	.L4
 131:ThreadX/common/src/txe_mutex_create.c ****             {
 120              		.loc 1 131 0 is_stmt 1
 121 0038 AC42     		cmp	r4, r5
 122 003a 02D0     		beq	.L4
 140:ThreadX/common/src/txe_mutex_create.c ****             }
 123              		.loc 1 140 0 discriminator 2
 124 003c 246A     		ldr	r4, [r4, #32]
 125              	.LVL10:
 127:ThreadX/common/src/txe_mutex_create.c ****         {
 126              		.loc 1 127 0 discriminator 2
 127 003e 0133     		adds	r3, r3, #1
 128              	.LVL11:
 129 0040 F6E7     		b	.L3
 130              	.L4:
 131              	.LBB26:
 132              	.LBB27:
 133              	.LBB28:
 134              	.LBB29:
 539:ThreadX/ports/cortex_m4/gnu/inc/tx_port.h **** #endif
 135              		.loc 2 539 0
 136              		.syntax unified
 137              	@ 539 "ThreadX/ports/cortex_m4/gnu/inc/tx_port.h" 1
 138 0042 EFF31081 		MRS  r1, PRIMASK 
 139              	@ 0 "" 2
 140              		.thumb
 141              		.syntax unified
 142              	.LBE29:
 143              	.LBE28:
 144              		.loc 2 575 0
 145              		.syntax unified
 146              	@ 575 "ThreadX/ports/cortex_m4/gnu/inc/tx_port.h" 1
 147 0046 72B6     		CPSID i
 148              	@ 0 "" 2
 149              		.thumb
 150              		.syntax unified
 151              	.LBE27:
 152              	.LBE26:
 148:ThreadX/common/src/txe_mutex_create.c **** 
 153              		.loc 1 148 0
 154 0048 184A     		ldr	r2, .L18
 155 004a 1368     		ldr	r3, [r2]
 156              	.LVL12:
 157 004c 013B     		subs	r3, r3, #1
 158 004e 1360     		str	r3, [r2]
 159              	.LBB30:
 160              	.LBB31:
 562:ThreadX/ports/cortex_m4/gnu/inc/tx_port.h **** #endif
 161              		.loc 2 562 0
 162              		.syntax unified
ARM GAS  /tmp/cck71DeJ.s 			page 18


 163              	@ 562 "ThreadX/ports/cortex_m4/gnu/inc/tx_port.h" 1
 164 0050 81F31088 		MSR  PRIMASK,r1
 165              	@ 0 "" 2
 166              		.thumb
 167              		.syntax unified
 168              	.LBE31:
 169              	.LBE30:
 154:ThreadX/common/src/txe_mutex_create.c **** 
 170              		.loc 1 154 0
 171 0054 FFF7FEFF 		bl	_tx_thread_system_preempt_check
 172              	.LVL13:
 157:ThreadX/common/src/txe_mutex_create.c ****         {
 173              		.loc 1 157 0
 174 0058 AC42     		cmp	r4, r5
 175 005a 1CD0     		beq	.L11
 167:ThreadX/common/src/txe_mutex_create.c ****             {
 176              		.loc 1 167 0
 177 005c 012E     		cmp	r6, #1
 178 005e 00D0     		beq	.L6
 170:ThreadX/common/src/txe_mutex_create.c ****                 {
 179              		.loc 1 170 0
 180 0060 DEB9     		cbnz	r6, .L12
 181              	.L6:
 187:ThreadX/common/src/txe_mutex_create.c **** 
 182              		.loc 1 187 0
 183 0062 154B     		ldr	r3, .L18+12
 184 0064 1A68     		ldr	r2, [r3]
 185              	.LVL14:
 190:ThreadX/common/src/txe_mutex_create.c ****         {
 186              		.loc 1 190 0
 187 0066 154B     		ldr	r3, .L18+16
 188 0068 9A42     		cmp	r2, r3
 189 006a 10D0     		beq	.L13
 190 006c 0020     		movs	r0, #0
 191              	.L7:
 192              	.LVL15:
 193              	.LBB32:
 194              	.LBB33:
 477:ThreadX/ports/cortex_m4/gnu/inc/tx_port.h ****     return(ipsr_value);
 195              		.loc 2 477 0
 196              		.syntax unified
 197              	@ 477 "ThreadX/ports/cortex_m4/gnu/inc/tx_port.h" 1
 198 006e EFF30583 		 MRS  r3,IPSR 
 199              	@ 0 "" 2
 200              		.thumb
 201              		.syntax unified
 202              	.LBE33:
 203              	.LBE32:
 199:ThreadX/common/src/txe_mutex_create.c ****         {
 204              		.loc 1 199 0
 205 0072 134A     		ldr	r2, .L18+20
 206              	.LVL16:
 207 0074 1268     		ldr	r2, [r2]
 208 0076 1343     		orrs	r3, r2, r3
 209 0078 CBD0     		beq	.L2
 210              	.LBB34:
 211              	.LBB35:
ARM GAS  /tmp/cck71DeJ.s 			page 19


 477:ThreadX/ports/cortex_m4/gnu/inc/tx_port.h ****     return(ipsr_value);
 212              		.loc 2 477 0
 213              		.syntax unified
 214              	@ 477 "ThreadX/ports/cortex_m4/gnu/inc/tx_port.h" 1
 215 007a EFF30582 		 MRS  r2,IPSR 
 216              	@ 0 "" 2
 217              		.thumb
 218              		.syntax unified
 219              	.LBE35:
 220              	.LBE34:
 203:ThreadX/common/src/txe_mutex_create.c ****             {
 221              		.loc 1 203 0
 222 007e 104B     		ldr	r3, .L18+20
 223 0080 1B68     		ldr	r3, [r3]
 224 0082 1343     		orrs	r3, r3, r2
 225 0084 B3F1F03F 		cmp	r3, #-252645136
 226 0088 C3D2     		bcs	.L2
 207:ThreadX/common/src/txe_mutex_create.c ****             }
 227              		.loc 1 207 0
 228 008a 1320     		movs	r0, #19
 229              	.LVL17:
 221:ThreadX/common/src/txe_mutex_create.c **** }
 230              		.loc 1 221 0
 231 008c C3E7     		b	.L1
 232              	.LVL18:
 233              	.L13:
 194:ThreadX/common/src/txe_mutex_create.c ****         }
 234              		.loc 1 194 0
 235 008e 1320     		movs	r0, #19
 236 0090 EDE7     		b	.L7
 237              	.LVL19:
 238              	.L9:
 103:ThreadX/common/src/txe_mutex_create.c ****     }
 239              		.loc 1 103 0
 240 0092 1C20     		movs	r0, #28
 241              	.LVL20:
 242 0094 BDE7     		b	.L2
 243              	.LVL21:
 244              	.L11:
 161:ThreadX/common/src/txe_mutex_create.c ****         }
 245              		.loc 1 161 0
 246 0096 1C20     		movs	r0, #28
 247 0098 BBE7     		b	.L2
 248              	.L12:
 174:ThreadX/common/src/txe_mutex_create.c ****                 }
 249              		.loc 1 174 0
 250 009a 1F20     		movs	r0, #31
 251 009c B9E7     		b	.L2
 252              	.LVL22:
 253              	.L17:
 217:ThreadX/common/src/txe_mutex_create.c ****     }
 254              		.loc 1 217 0
 255 009e 3246     		mov	r2, r6
 256 00a0 3946     		mov	r1, r7
 257 00a2 2846     		mov	r0, r5
 258              	.LVL23:
 259 00a4 FFF7FEFF 		bl	_tx_mutex_create
ARM GAS  /tmp/cck71DeJ.s 			page 20


 260              	.LVL24:
 261 00a8 B5E7     		b	.L1
 262              	.L19:
 263 00aa 00BF     		.align	2
 264              	.L18:
 265 00ac 00000000 		.word	_tx_thread_preempt_disable
 266 00b0 00000000 		.word	_tx_mutex_created_ptr
 267 00b4 00000000 		.word	_tx_mutex_created_count
 268 00b8 00000000 		.word	_tx_thread_current_ptr
 269 00bc 00000000 		.word	_tx_timer_thread
 270 00c0 00000000 		.word	_tx_thread_system_state
 271              		.cfi_endproc
 272              	.LFE8:
 274              		.text
 275              	.Letext0:
 276              		.file 3 "/usr/include/newlib/sys/lock.h"
 277              		.file 4 "/usr/include/newlib/sys/_types.h"
 278              		.file 5 "/usr/lib/gcc/arm-none-eabi/7.3.1/include/stddef.h"
 279              		.file 6 "/usr/include/newlib/sys/reent.h"
 280              		.file 7 "/usr/include/newlib/stdlib.h"
 281              		.file 8 "ThreadX/common/inc/tx_api.h"
 282              		.file 9 "ThreadX/common/inc/tx_initialize.h"
 283              		.file 10 "ThreadX/common/inc/tx_thread.h"
 284              		.file 11 "ThreadX/common/inc/tx_timer.h"
 285              		.file 12 "ThreadX/common/inc/tx_mutex.h"
ARM GAS  /tmp/cck71DeJ.s 			page 21


DEFINED SYMBOLS
                            *ABS*:0000000000000000 txe_mutex_create.c
     /tmp/cck71DeJ.s:18     .text._txe_mutex_create:0000000000000000 $t
     /tmp/cck71DeJ.s:25     .text._txe_mutex_create:0000000000000000 _txe_mutex_create
     /tmp/cck71DeJ.s:265    .text._txe_mutex_create:00000000000000ac $d

UNDEFINED SYMBOLS
_tx_thread_system_preempt_check
_tx_mutex_create
_tx_thread_preempt_disable
_tx_mutex_created_ptr
_tx_mutex_created_count
_tx_thread_current_ptr
_tx_timer_thread
_tx_thread_system_state
