2021-11-05 08:04:07,320 [INFO] Activator:170 - 


2021-11-05 08:04:07,324 [INFO] Activator:171 - !SESSION log4j initialized
2021-11-05 08:08:56,155 [INFO] McuFinderGlobals:39 - Set McuFinder mode to 2 (CubeIDE integrated)
2021-11-05 08:08:57,259 [INFO] ApplicationProperties:181 - Using Application install path: /opt/st/stm32cubeide_1.6.0/plugins/com.st.stm32cube.common.mx_6.2.0.202102191602
2021-11-05 08:08:57,324 [INFO] DbMcusXml:74 - Set database path to: /opt/st/stm32cubeide_1.6.0/plugins/com.st.stm32cube.common.mx_6.2.0.202102191602//db//mcu/
2021-11-05 08:08:57,331 [INFO] DbBoardsPdsc:56 - Set plugin database path to: /opt/st/stm32cubeide_1.6.0/plugins/com.st.stm32cube.common.mx_6.2.0.202102191602//db//plugins/boardmanager/
2021-11-05 08:08:57,331 [INFO] DbMcus:258 - Set plugin images path to: /opt/st/stm32cubeide_1.6.0/plugins/com.st.stm32cube.common.mx_6.2.0.202102191602//db//plugins/mcufinder/images/
2021-11-05 08:08:57,331 [INFO] DbBoards:264 - Set plugin images path to: /opt/st/stm32cubeide_1.6.0/plugins/com.st.stm32cube.common.mx_6.2.0.202102191602//db//plugins/mcufinder/images/
2021-11-05 08:08:57,335 [INFO] DbExamples:333 - Set plugin images path to: /opt/st/stm32cubeide_1.6.0/plugins/com.st.stm32cube.common.mx_6.2.0.202102191602//db//plugins/mcufinder/images/
2021-11-05 08:08:57,398 [INFO] DbMcusAds:85 - Set database path to: /home/ysh/.stmcufinder/plugins/mcufinder//mcu/
2021-11-05 08:08:57,401 [INFO] DbMcusDocs:110 - Set database path to: /home/ysh/.stmcufinder/plugins/mcufinder//mcu/
2021-11-05 08:08:57,406 [INFO] DbMcusJson:65 - Set database path to: /home/ysh/.stmcufinder/plugins/mcufinder//mcu/
2021-11-05 08:08:57,408 [INFO] DbBoardsDocs:110 - Set database path to: /home/ysh/.stmcufinder/plugins/mcufinder//mcu/
2021-11-05 08:08:57,411 [INFO] DbBoardsJson:58 - Set database path to: /home/ysh/.stmcufinder/plugins/mcufinder//mcu/
2021-11-05 08:08:57,962 [INFO] CrossReferenceDbSqlite:196 - Set database path to: /home/ysh/.stmcufinder/plugins/mcufinder//mcu/cs/
2021-11-05 08:08:57,970 [INFO] DbExamplesSqlite:690 - Set database path to: /home/ysh/.stmcufinder/plugins/mcufinder//mcu/
2021-11-05 08:08:58,278 [INFO] RulesReader:52 - Compatibility file has been processed (237 Rules)
2021-11-05 08:08:58,538 [INFO] MicroXplorer:622 - Detected Java Version = 11.0.9.1
2021-11-05 08:08:58,539 [INFO] DbMcusXml:74 - Set database path to: /opt/st/stm32cubeide_1.6.0/plugins/com.st.stm32cube.common.mx_6.2.0.202102191602//db//mcu/
2021-11-05 08:08:58,540 [INFO] DbBoardsPdsc:56 - Set plugin database path to: /opt/st/stm32cubeide_1.6.0/plugins/com.st.stm32cube.common.mx_6.2.0.202102191602//db//plugins/boardmanager/
2021-11-05 08:08:58,540 [INFO] DbMcus:258 - Set plugin images path to: /opt/st/stm32cubeide_1.6.0/plugins/com.st.stm32cube.common.mx_6.2.0.202102191602//db//plugins/mcufinder/images/
2021-11-05 08:08:58,540 [INFO] DbBoards:264 - Set plugin images path to: /opt/st/stm32cubeide_1.6.0/plugins/com.st.stm32cube.common.mx_6.2.0.202102191602//db//plugins/mcufinder/images/
2021-11-05 08:08:58,540 [INFO] DbExamples:333 - Set plugin images path to: /opt/st/stm32cubeide_1.6.0/plugins/com.st.stm32cube.common.mx_6.2.0.202102191602//db//plugins/mcufinder/images/
2021-11-05 08:08:58,540 [WARN] DbFile:35 - Overriding database path with different value: /home/ysh/.stmcufinder/plugins/mcufinder/ => /home/ysh/.stmcufinder/plugins/mcufinder
2021-11-05 08:08:58,540 [INFO] DbMcusAds:85 - Set database path to: /home/ysh/.stmcufinder/plugins/mcufinder//mcu/
2021-11-05 08:08:58,541 [WARN] DbFile:35 - Overriding database path with different value: /home/ysh/.stmcufinder/plugins/mcufinder/ => /home/ysh/.stmcufinder/plugins/mcufinder
2021-11-05 08:08:58,541 [INFO] DbMcusDocs:110 - Set database path to: /home/ysh/.stmcufinder/plugins/mcufinder//mcu/
2021-11-05 08:08:58,541 [WARN] DbFile:35 - Overriding database path with different value: /home/ysh/.stmcufinder/plugins/mcufinder/ => /home/ysh/.stmcufinder/plugins/mcufinder
2021-11-05 08:08:58,541 [INFO] DbMcusJson:65 - Set database path to: /home/ysh/.stmcufinder/plugins/mcufinder//mcu/
2021-11-05 08:08:58,541 [WARN] DbFile:35 - Overriding database path with different value: /home/ysh/.stmcufinder/plugins/mcufinder/ => /home/ysh/.stmcufinder/plugins/mcufinder
2021-11-05 08:08:58,541 [INFO] DbBoardsDocs:110 - Set database path to: /home/ysh/.stmcufinder/plugins/mcufinder//mcu/
2021-11-05 08:08:58,541 [WARN] DbFile:35 - Overriding database path with different value: /home/ysh/.stmcufinder/plugins/mcufinder/ => /home/ysh/.stmcufinder/plugins/mcufinder
2021-11-05 08:08:58,542 [INFO] DbBoardsJson:58 - Set database path to: /home/ysh/.stmcufinder/plugins/mcufinder//mcu/
2021-11-05 08:08:58,542 [WARN] DbFile:35 - Overriding database path with different value: /home/ysh/.stmcufinder/plugins/mcufinder/ => /home/ysh/.stmcufinder/plugins/mcufinder
2021-11-05 08:08:58,542 [WARN] DbFile:35 - Overriding database path with different value: /home/ysh/.stmcufinder/plugins/mcufinder/ => /home/ysh/.stmcufinder/plugins/mcufinder
2021-11-05 08:08:58,542 [INFO] CrossReferenceDbSqlite:196 - Set database path to: /home/ysh/.stmcufinder/plugins/mcufinder//mcu/cs/
2021-11-05 08:08:58,543 [WARN] DbFile:35 - Overriding database path with different value: /home/ysh/.stmcufinder/plugins/mcufinder/ => /home/ysh/.stmcufinder/plugins/mcufinder
2021-11-05 08:08:58,543 [INFO] DbExamplesSqlite:690 - Set database path to: /home/ysh/.stmcufinder/plugins/mcufinder//mcu/
2021-11-05 08:08:58,819 [INFO] MainPanel:204 - HeapMemory: 311427072
2021-11-05 08:08:59,187 [INFO] DbMcusXml:74 - Set database path to: /opt/st/stm32cubeide_1.6.0/plugins/com.st.stm32cube.common.mx_6.2.0.202102191602//db//mcu/
2021-11-05 08:08:59,188 [INFO] DbBoardsPdsc:56 - Set plugin database path to: /opt/st/stm32cubeide_1.6.0/plugins/com.st.stm32cube.common.mx_6.2.0.202102191602//db//plugins/boardmanager/
2021-11-05 08:08:59,188 [INFO] DbMcus:258 - Set plugin images path to: /opt/st/stm32cubeide_1.6.0/plugins/com.st.stm32cube.common.mx_6.2.0.202102191602//db//plugins/mcufinder/images/
2021-11-05 08:08:59,188 [INFO] DbBoards:264 - Set plugin images path to: /opt/st/stm32cubeide_1.6.0/plugins/com.st.stm32cube.common.mx_6.2.0.202102191602//db//plugins/mcufinder/images/
2021-11-05 08:08:59,189 [INFO] DbExamples:333 - Set plugin images path to: /opt/st/stm32cubeide_1.6.0/plugins/com.st.stm32cube.common.mx_6.2.0.202102191602//db//plugins/mcufinder/images/
2021-11-05 08:08:59,197 [WARN] DbFile:35 - Overriding database path with different value: /home/ysh/.stmcufinder/plugins/mcufinder/ => /home/ysh/.stmcufinder/plugins/mcufinder
2021-11-05 08:08:59,197 [INFO] DbMcusAds:85 - Set database path to: /home/ysh/.stmcufinder/plugins/mcufinder//mcu/
2021-11-05 08:08:59,197 [WARN] DbFile:35 - Overriding database path with different value: /home/ysh/.stmcufinder/plugins/mcufinder/ => /home/ysh/.stmcufinder/plugins/mcufinder
2021-11-05 08:08:59,197 [INFO] DbMcusDocs:110 - Set database path to: /home/ysh/.stmcufinder/plugins/mcufinder//mcu/
2021-11-05 08:08:59,198 [WARN] DbFile:35 - Overriding database path with different value: /home/ysh/.stmcufinder/plugins/mcufinder/ => /home/ysh/.stmcufinder/plugins/mcufinder
2021-11-05 08:08:59,198 [INFO] DbMcusJson:65 - Set database path to: /home/ysh/.stmcufinder/plugins/mcufinder//mcu/
2021-11-05 08:08:59,198 [WARN] DbFile:35 - Overriding database path with different value: /home/ysh/.stmcufinder/plugins/mcufinder/ => /home/ysh/.stmcufinder/plugins/mcufinder
2021-11-05 08:08:59,199 [INFO] DbBoardsDocs:110 - Set database path to: /home/ysh/.stmcufinder/plugins/mcufinder//mcu/
2021-11-05 08:08:59,199 [WARN] DbFile:35 - Overriding database path with different value: /home/ysh/.stmcufinder/plugins/mcufinder/ => /home/ysh/.stmcufinder/plugins/mcufinder
2021-11-05 08:08:59,199 [INFO] DbBoardsJson:58 - Set database path to: /home/ysh/.stmcufinder/plugins/mcufinder//mcu/
2021-11-05 08:08:59,199 [WARN] DbFile:35 - Overriding database path with different value: /home/ysh/.stmcufinder/plugins/mcufinder/ => /home/ysh/.stmcufinder/plugins/mcufinder
2021-11-05 08:08:59,200 [WARN] DbFile:35 - Overriding database path with different value: /home/ysh/.stmcufinder/plugins/mcufinder/ => /home/ysh/.stmcufinder/plugins/mcufinder
2021-11-05 08:08:59,200 [INFO] CrossReferenceDbSqlite:196 - Set database path to: /home/ysh/.stmcufinder/plugins/mcufinder//mcu/cs/
2021-11-05 08:08:59,200 [WARN] DbFile:35 - Overriding database path with different value: /home/ysh/.stmcufinder/plugins/mcufinder/ => /home/ysh/.stmcufinder/plugins/mcufinder
2021-11-05 08:08:59,201 [INFO] DbExamplesSqlite:690 - Set database path to: /home/ysh/.stmcufinder/plugins/mcufinder//mcu/
2021-11-05 08:08:59,307 [INFO] ApplicationProperties:181 - Using Application install path: /opt/st/stm32cubeide_1.6.0/plugins/com.st.stm32cube.common.mx_6.2.0.202102191602
2021-11-05 08:08:59,309 [INFO] PluginManage:178 - Search for loadable plugins [exclusion list=, ]
2021-11-05 08:08:59,315 [INFO] PluginManage:292 - Check plugin analytics
2021-11-05 08:08:59,598 [INFO] AnalyticsPlugin:233 - Accepted Software Licenses: 
2021-11-05 08:08:59,599 [INFO] AnalyticsPlugin:235 - Accepted CMSIS Pack Licenses: 
2021-11-05 08:08:59,600 [INFO] AnalyticsPlugin:237 - Accepted Firmware Licenses: 
2021-11-05 08:08:59,601 [INFO] PluginManage:342 - Loaded plugin analytics (category:tool,tabindex:-1)
2021-11-05 08:08:59,601 [INFO] PluginManage:292 - Check plugin clock
2021-11-05 08:08:59,662 [INFO] PluginManage:342 - Loaded plugin clock (category:base,tabindex:2)
2021-11-05 08:08:59,663 [INFO] PluginManage:292 - Check plugin ddr
2021-11-05 08:08:59,699 [INFO] PluginManage:342 - Loaded plugin ddr (category:tool,tabindex:6)
2021-11-05 08:08:59,699 [INFO] PluginManage:292 - Check plugin filemanager
2021-11-05 08:09:00,014 [INFO] PluginManage:342 - Loaded plugin filemanager (category:base,tabindex:10)
2021-11-05 08:09:00,014 [INFO] PluginManage:292 - Check plugin ipmanager
2021-11-05 08:09:00,064 [INFO] PluginManage:342 - Loaded plugin ipmanager (category:base,tabindex:5)
2021-11-05 08:09:00,064 [INFO] PluginManage:292 - Check plugin pinoutandconfiguration
2021-11-05 08:09:00,109 [INFO] PluginManage:342 - Loaded plugin pinoutandconfiguration (category:base,tabindex:1)
2021-11-05 08:09:00,110 [INFO] PluginManage:292 - Check plugin pinoutconfig
2021-11-05 08:09:00,194 [INFO] PluginManage:342 - Loaded plugin pinoutconfig (category:base,tabindex:0)
2021-11-05 08:09:00,194 [INFO] PluginManage:292 - Check plugin power
2021-11-05 08:09:00,265 [INFO] PluginManage:342 - Loaded plugin power (category:power,tabindex:4)
2021-11-05 08:09:00,266 [INFO] PluginManage:292 - Check plugin projectmanager
2021-11-05 08:09:00,307 [INFO] PluginManage:342 - Loaded plugin projectmanager (category:projectmanager,tabindex:3)
2021-11-05 08:09:00,307 [INFO] PluginManage:292 - Check plugin thirdparty
2021-11-05 08:09:00,755 [INFO] PluginManage:342 - Loaded plugin thirdparty (category:base,tabindex:-1)
2021-11-05 08:09:00,755 [INFO] PluginManage:292 - Check plugin tools
2021-11-05 08:09:00,755 [WARN] IntegrityCheckThread:59 - waiting for thirdparty lock release [integrity check]
2021-11-05 08:09:00,757 [INFO] IntegrityCheckThread:61 - entering critical section [integrity check]
2021-11-05 08:09:00,757 [INFO] ThirdPartyUpdaterWithRetryManager:56 - Updater plugin not ready yet. [1/15]
2021-11-05 08:09:00,773 [INFO] PluginManage:342 - Loaded plugin tools (category:base,tabindex:7)
2021-11-05 08:09:00,773 [INFO] PluginManage:292 - Check plugin tutovideos
2021-11-05 08:09:01,172 [INFO] PluginManage:342 - Loaded plugin tutovideos (category:base,tabindex:-1)
2021-11-05 08:09:01,173 [INFO] PluginManage:292 - Check plugin updater
2021-11-05 08:09:01,207 [INFO] PluginManage:342 - Loaded plugin updater (category:base,tabindex:12)
2021-11-05 08:09:01,208 [INFO] PluginManage:265 - PluginManage : Loaded plugins [13]
2021-11-05 08:09:01,844 [INFO] PinOutPanel:1435 - setPackage(No Configuration,No Configuration)
2021-11-05 08:09:02,115 [INFO] IPUIPlugin:64 - create IPUIPlugin
2021-11-05 08:09:02,115 [INFO] PluginManager:203 - loadIPPluginJar : add can
2021-11-05 08:09:02,136 [INFO] IPUIPlugin:64 - create IPUIPlugin
2021-11-05 08:09:02,136 [INFO] PluginManager:203 - loadIPPluginJar : add stm32_wpan
2021-11-05 08:09:02,147 [INFO] IPUIPlugin:64 - create IPUIPlugin
2021-11-05 08:09:02,147 [INFO] PluginManager:203 - loadIPPluginJar : add gtzc
2021-11-05 08:09:02,160 [INFO] IPUIPlugin:64 - create IPUIPlugin
2021-11-05 08:09:02,161 [INFO] PluginManager:203 - loadIPPluginJar : add fmc
2021-11-05 08:09:02,171 [INFO] IPUIPlugin:64 - create IPUIPlugin
2021-11-05 08:09:02,172 [INFO] PluginManager:203 - loadIPPluginJar : add adc
2021-11-05 08:09:02,174 [INFO] IPUIPlugin:64 - create IPUIPlugin
2021-11-05 08:09:02,174 [INFO] PluginManager:203 - loadIPPluginJar : add fatfs
2021-11-05 08:09:02,179 [INFO] IPUIPlugin:64 - create IPUIPlugin
2021-11-05 08:09:02,179 [INFO] PluginManager:203 - loadIPPluginJar : add resmgrutility
2021-11-05 08:09:02,192 [INFO] IPUIPlugin:64 - create IPUIPlugin
2021-11-05 08:09:02,193 [INFO] PluginManager:203 - loadIPPluginJar : add cryp
2021-11-05 08:09:02,209 [INFO] IPUIPlugin:64 - create IPUIPlugin
2021-11-05 08:09:02,210 [INFO] PluginManager:203 - loadIPPluginJar : add tsc
2021-11-05 08:09:02,213 [INFO] IPUIPlugin:64 - create IPUIPlugin
2021-11-05 08:09:02,213 [INFO] PluginManager:203 - loadIPPluginJar : add spi
2021-11-05 08:09:02,216 [INFO] IPUIPlugin:64 - create IPUIPlugin
2021-11-05 08:09:02,217 [INFO] PluginManager:203 - loadIPPluginJar : add gfxmmu
2021-11-05 08:09:02,220 [INFO] IPUIPlugin:64 - create IPUIPlugin
2021-11-05 08:09:02,220 [INFO] PluginManager:203 - loadIPPluginJar : add pdm2pcm
2021-11-05 08:09:02,224 [INFO] IPUIPlugin:64 - create IPUIPlugin
2021-11-05 08:09:02,225 [INFO] PluginManager:203 - loadIPPluginJar : add sai
2021-11-05 08:09:02,228 [INFO] IPUIPlugin:64 - create IPUIPlugin
2021-11-05 08:09:02,228 [INFO] PluginManager:203 - loadIPPluginJar : add lorawan
2021-11-05 08:09:02,230 [INFO] IPUIPlugin:64 - create IPUIPlugin
2021-11-05 08:09:02,231 [INFO] PluginManager:203 - loadIPPluginJar : add tracer_emb
2021-11-05 08:09:02,233 [INFO] IPUIPlugin:64 - create IPUIPlugin
2021-11-05 08:09:02,233 [INFO] PluginManager:203 - loadIPPluginJar : add tim
2021-11-05 08:09:02,250 [INFO] IPUIPlugin:64 - create IPUIPlugin
2021-11-05 08:09:02,251 [INFO] PluginManager:203 - loadIPPluginJar : add gpio
2021-11-05 08:09:02,261 [INFO] IPUIPlugin:64 - create IPUIPlugin
2021-11-05 08:09:02,262 [INFO] PluginManager:203 - loadIPPluginJar : add genericplugin
2021-11-05 08:09:02,266 [INFO] IPUIPlugin:64 - create IPUIPlugin
2021-11-05 08:09:02,266 [INFO] PluginManager:203 - loadIPPluginJar : add opamp
2021-11-05 08:09:02,273 [INFO] IPUIPlugin:64 - create IPUIPlugin
2021-11-05 08:09:02,273 [INFO] PluginManager:203 - loadIPPluginJar : add gic
2021-11-05 08:09:02,275 [INFO] IPUIPlugin:64 - create IPUIPlugin
2021-11-05 08:09:02,275 [INFO] PluginManager:203 - loadIPPluginJar : add ts
2021-11-05 08:09:02,278 [INFO] IPUIPlugin:64 - create IPUIPlugin
2021-11-05 08:09:02,278 [INFO] PluginManager:203 - loadIPPluginJar : add dfsdm
2021-11-05 08:09:02,294 [INFO] IPUIPlugin:64 - create IPUIPlugin
2021-11-05 08:09:02,294 [INFO] PluginManager:203 - loadIPPluginJar : add ipddr
2021-11-05 08:09:02,296 [INFO] IPUIPlugin:64 - create IPUIPlugin
2021-11-05 08:09:02,297 [INFO] PluginManager:203 - loadIPPluginJar : add comp
2021-11-05 08:09:02,301 [INFO] IPUIPlugin:64 - create IPUIPlugin
2021-11-05 08:09:02,301 [INFO] PluginManager:203 - loadIPPluginJar : add nvic
2021-11-05 08:09:02,303 [INFO] IPUIPlugin:64 - create IPUIPlugin
2021-11-05 08:09:02,303 [INFO] PluginManager:203 - loadIPPluginJar : add quadspi
2021-11-05 08:09:02,311 [INFO] IPUIPlugin:64 - create IPUIPlugin
2021-11-05 08:09:02,314 [INFO] PluginManager:203 - loadIPPluginJar : add plateformsettings
2021-11-05 08:09:02,317 [INFO] IPUIPlugin:64 - create IPUIPlugin
2021-11-05 08:09:02,318 [INFO] PluginManager:203 - loadIPPluginJar : add hash
2021-11-05 08:09:02,320 [INFO] IPUIPlugin:64 - create IPUIPlugin
2021-11-05 08:09:02,321 [INFO] PluginManager:203 - loadIPPluginJar : add usart
2021-11-05 08:09:02,325 [INFO] IPUIPlugin:64 - create IPUIPlugin
2021-11-05 08:09:02,326 [INFO] PluginManager:203 - loadIPPluginJar : add touchsensing
2021-11-05 08:09:02,329 [INFO] IPUIPlugin:64 - create IPUIPlugin
2021-11-05 08:09:02,329 [INFO] PluginManager:203 - loadIPPluginJar : add aes
2021-11-05 08:09:02,346 [INFO] IPUIPlugin:64 - create IPUIPlugin
2021-11-05 08:09:02,346 [INFO] PluginManager:203 - loadIPPluginJar : add freertos
2021-11-05 08:09:02,349 [INFO] IPUIPlugin:64 - create IPUIPlugin
2021-11-05 08:09:02,350 [INFO] PluginManager:203 - loadIPPluginJar : add i2s
2021-11-05 08:09:02,354 [INFO] IPUIPlugin:64 - create IPUIPlugin
2021-11-05 08:09:02,355 [INFO] PluginManager:203 - loadIPPluginJar : add mdma
2021-11-05 08:09:02,356 [INFO] IPUIPlugin:64 - create IPUIPlugin
2021-11-05 08:09:02,357 [INFO] PluginManager:203 - loadIPPluginJar : add ltdc
2021-11-05 08:09:02,360 [INFO] IPUIPlugin:64 - create IPUIPlugin
2021-11-05 08:09:02,360 [INFO] PluginManager:203 - loadIPPluginJar : add openamp
2021-11-05 08:09:02,363 [INFO] IPUIPlugin:64 - create IPUIPlugin
2021-11-05 08:09:02,363 [INFO] PluginManager:203 - loadIPPluginJar : add ucpd
2021-11-05 08:09:02,367 [INFO] IPUIPlugin:64 - create IPUIPlugin
2021-11-05 08:09:02,368 [INFO] PluginManager:203 - loadIPPluginJar : add i2c
2021-11-05 08:09:02,376 [INFO] IPUIPlugin:64 - create IPUIPlugin
2021-11-05 08:09:02,376 [INFO] PluginManager:203 - loadIPPluginJar : add dma
2021-11-05 08:09:03,065 [FATAL] Updater:284 - Updater called before beeing initialized
2021-11-05 08:09:03,218 [FATAL] Updater:284 - Updater called before beeing initialized
2021-11-05 08:09:03,237 [INFO] DbMcusAds:132 - JSON generation date=Thu Sep 30 14:55:10 HKT 2021 (1632984910476)
2021-11-05 08:09:03,239 [FATAL] Updater:284 - Updater called before beeing initialized
2021-11-05 08:09:03,429 [WARN] DetailPanel:315 - Failed to get advertising image, set to default
2021-11-05 08:09:03,758 [INFO] ThirdPartyUpdaterWithRetryManager:56 - Updater plugin not ready yet. [2/15]
2021-11-05 08:09:03,800 [FATAL] Updater:284 - Updater called before beeing initialized
2021-11-05 08:09:03,812 [FATAL] Updater:284 - Updater called before beeing initialized
2021-11-05 08:09:03,812 [FATAL] Updater:284 - Updater called before beeing initialized
2021-11-05 08:09:03,812 [WARN] DetailPanel:315 - Failed to get advertising image, set to default
2021-11-05 08:09:03,815 [FATAL] Updater:284 - Updater called before beeing initialized
2021-11-05 08:09:03,889 [FATAL] Updater:284 - Updater called before beeing initialized
2021-11-05 08:09:03,889 [WARN] ThirdParty:796 - waiting for thirdparty lock release [close project]
2021-11-05 08:09:06,759 [FATAL] Updater:284 - Updater called before beeing initialized
2021-11-05 08:09:06,759 [ERROR] AbstractThirdPartyUpdaterManager:153 - class java.lang.Integer cannot be cast to class java.util.List (java.lang.Integer and java.util.List are in module java.base of loader 'bootstrap')
2021-11-05 08:09:06,760 [INFO] ThirdParty:900 - Integrity check success = false
2021-11-05 08:09:06,760 [INFO] IntegrityCheckThread:75 - exiting critical section [integrity check]
2021-11-05 08:09:06,760 [INFO] IntegrityCheckThread:78 - End integrity checks thread
2021-11-05 08:09:06,760 [INFO] ThirdParty:798 - entering critical section [close project]
2021-11-05 08:09:06,774 [INFO] ThirdParty:809 - exiting critical section [close project]
2021-11-05 08:09:06,778 [INFO] PinOutPanel:1435 - setPackage(No Configuration,No Configuration)
2021-11-05 08:09:06,779 [FATAL] Updater:284 - Updater called before beeing initialized
2021-11-05 08:09:06,822 [INFO] Updater:1002 - Updater Version found : 6.2.0
2021-11-05 08:09:06,874 [INFO] ApplicationProperties:181 - Using Application install path: /opt/st/stm32cubeide_1.6.0/plugins/com.st.stm32cube.common.mx_6.2.0.202102191602
2021-11-05 08:09:07,303 [INFO] MainUpdater:2661 - connection check result : 10
2021-11-05 08:09:07,305 [INFO] MainUpdater:255 - Updater Check For Update Now.
2021-11-05 08:09:07,305 [INFO] MicroXplorer:472 - Change Database Version : DB.6.0.20
2021-11-05 08:09:07,441 [INFO] CheckServerUpdateThread:102 - End of CheckServer Thread
2021-11-05 08:09:07,513 [INFO] MainUpdater:2661 - connection check result : 10
2021-11-05 08:09:08,616 [INFO] CrossSelectorPresenter:1330 - Cross Selector saved comparison directory: /home/ysh/.stmcufinder/plugins/mcufinder/mcu/cs_comparisons_mx
2021-11-05 08:09:08,630 [INFO] MultiScanPanel:200 - Auto-refresh data requested => check proxy status ongoing
2021-11-05 08:09:08,637 [INFO] FinderPluginLoader:87 - Searching for filters in installed packs
2021-11-05 08:09:08,656 [INFO] DbMcusXml:100 - Load MCU database from /opt/st/stm32cubeide_1.6.0/plugins/com.st.stm32cube.common.mx_6.2.0.202102191602//db//mcu/families.xml
2021-11-05 08:09:11,552 [INFO] DbMcusJson:94 - JSON generation date=Fri Oct 29 15:56:29 HKT 2021 (1635494189)
2021-11-05 08:09:14,292 [INFO] DbMcus:175 - Found 1906 MCUs (1866 are supported by CubeMX, 1911 are visible in CubeMX)
2021-11-05 08:09:14,316 [INFO] ApiDb:251 - Load user favorites file /home/ysh/.stm32cubeide/favorites.mcus.txt: 0 item(s)
2021-11-05 08:09:14,316 [INFO] ApiDb:255 - User favorites MCUs=[]
2021-11-05 08:09:14,317 [INFO] DbMcus:187 - Set 0 / 0 favorites MCUs
2021-11-05 08:09:15,996 [WARN] DetailPanel:315 - Failed to get advertising image, set to default
2021-11-05 08:09:17,282 [INFO] DbBoardsPdsc:90 - Found 1 items
2021-11-05 08:09:17,301 [INFO] DbBoardsPdsc:90 - Found 41 items
2021-11-05 08:09:17,314 [INFO] DbBoardsPdsc:90 - Found 46 items
2021-11-05 08:09:17,317 [INFO] DbBoardsPdsc:90 - Found 9 items
2021-11-05 08:09:17,320 [INFO] DbBoardsPdsc:90 - Found 5 items
2021-11-05 08:09:17,328 [INFO] DbBoardsPdsc:90 - Found 24 items
2021-11-05 08:09:17,346 [INFO] DbBoardsPdsc:90 - Found 33 items
2021-11-05 08:09:17,348 [INFO] DbBoardsPdsc:90 - Found 2 items
2021-11-05 08:09:17,357 [WARN] DbBoardsPdsc:254 - Board STM32H7B3I-EVAL: unknown feature type=Audio, name=, username=Multi-Channel Audio Codec (CS42L51-CNZ), n=1
2021-11-05 08:09:17,358 [WARN] DbBoardsPdsc:254 - Board STM32H7B3I-EVAL: unknown feature type=Meter, name=, username=Power-metering and Temperature-monitoring with sigma-delta modulators, n=1
2021-11-05 08:09:17,358 [WARN] DbBoardsPdsc:254 - Board STM32H7B3I-EVAL: unknown feature type=Motor, name=, username=Motor Control, n=1
2021-11-05 08:09:17,364 [WARN] DbBoardsPdsc:254 - Board STM32H7B3I-DK: unknown feature type=Audio, name=, username=Audio stereo codec with Headphone Amp (CS42L51-CNZ), n=1
2021-11-05 08:09:17,365 [WARN] DbBoardsPdsc:254 - Board STM32H735G-DK: unknown feature type=Audio, name=, username=Audio stereo codec with Headphone Amp (WM8994ECS/R), n=1
2021-11-05 08:09:17,365 [WARN] DbBoardsPdsc:254 - Board STM32WB5MM-DK: unknown feature type=, name=, username=Time-of-Flight and gesture-detection sensor, n=1
2021-11-05 08:09:17,365 [WARN] DbBoardsPdsc:254 - Board STM32WB5MM-DK: unknown feature type=, name=, username=3 push-buttons (2 users and 1 reset) and 1 touch key button, n=1
2021-11-05 08:09:17,365 [WARN] DbBoardsPdsc:254 - Board STM32WB5MM-DK: unknown feature type=, name=, username=Flexible power-supply options: ST-LINK/V2-1 USB connector, 5 V delivered by ARDUINO® or external connector, USB charger, or USB power, n=1
2021-11-05 08:09:17,366 [WARN] DbBoardsPdsc:254 - Board STM32WB5MM-DK: unknown feature type=, name=, username=On-board ST-LINK/V2-1 debugger/programmer with USB re-enumeration capability: Virtual COM port and debug port, n=1
2021-11-05 08:09:17,366 [WARN] DbBoardsPdsc:254 - Board STM32WB5MM-DK: unknown feature type=, name=, username=Comprehensive free software libraries and examples available with the STM32CubeWB MCU Package, n=1
2021-11-05 08:09:17,366 [WARN] DbBoardsPdsc:254 - Board STM32WB5MM-DK: unknown feature type=, name=, username=Support of a wide choice of Integrated Development Environments (IDEs) including IAR Embedded Workbench®, MDK-ARM, and STM32CubeIDE, n=1
2021-11-05 08:09:17,369 [WARN] DbBoardsPdsc:254 - Board NUCLEO-WB15CC: unknown feature type=, name=, username=Three user LEDs, n=1
2021-11-05 08:09:17,369 [WARN] DbBoardsPdsc:254 - Board NUCLEO-WB15CC: unknown feature type=, name=, username=One reset and three user push-buttons, n=1
2021-11-05 08:09:17,369 [WARN] DbBoardsPdsc:254 - Board NUCLEO-WB15CC: unknown feature type=, name=, username=Arduino Uno V3 expansion connector, n=1
2021-11-05 08:09:17,370 [WARN] DbBoardsPdsc:254 - Board NUCLEO-WB15CC: unknown feature type=, name=, username=ST morpho extension pin headers for full access to all STM32WB I/Os, n=1
2021-11-05 08:09:17,370 [WARN] DbBoardsPdsc:254 - Board NUCLEO-WB15CC: unknown feature type=, name=, username=Integrated PCB antenna and SMA connector footprint, n=1
2021-11-05 08:09:17,370 [WARN] DbBoardsPdsc:254 - Board NUCLEO-WB15CC: unknown feature type=, name=, username=Flexible power-supply options: ST-LINK, USB VBUS, or external sources, n=1
2021-11-05 08:09:17,371 [WARN] DbBoardsPdsc:254 - Board NUCLEO-WB15CC: unknown feature type=, name=, username=On-board footprint to mount a CR2032 battery socket, n=1
2021-11-05 08:09:17,371 [WARN] DbBoardsPdsc:254 - Board NUCLEO-WB15CC: unknown feature type=, name=, username=On-board ST-LINK/V2-1 debugger/programmer with USB re-enumeration capability: mass storage, Virtual COM port, and debug port, n=1
2021-11-05 08:09:17,371 [WARN] DbBoardsPdsc:254 - Board NUCLEO-WB15CC: unknown feature type=, name=, username=Comprehensive free software libraries and examples available with the STM32CubeWB MCU Package, n=1
2021-11-05 08:09:17,371 [WARN] DbBoardsPdsc:254 - Board NUCLEO-WB15CC: unknown feature type=, name=, username=Support of a wide choice of Integrated Development Environments (IDEs) including IAR Embedded Workbench, MDK-ARM, STM32CubeIDE, and Mbed Studio, n=1
2021-11-05 08:09:17,462 [INFO] DbBoardsJson:87 - JSON generation date=Fri Oct 29 15:56:29 HKT 2021 (1635494189)
2021-11-05 08:09:17,479 [INFO] DbBoards:117 - Found 167 boards (158 are supported by CubeMX)
2021-11-05 08:09:17,495 [INFO] DbBoardsDocs:143 - JSON generation date=Fri Oct 29 15:56:29 HKT 2021 (1635494189)
2021-11-05 08:09:17,508 [INFO] DbBoardsDocs:79 - Found 209 boards documents
2021-11-05 08:09:17,522 [WARN] DbBoards:127 - board B-L475E-IOT01A2 has no document id list !
2021-11-05 08:09:17,529 [WARN] DbBoards:127 - board NUCLEO-H743ZI has no document id list !
2021-11-05 08:09:17,531 [WARN] DbBoards:127 - board NUCLEO-WL55JC2 has no document id list !
2021-11-05 08:09:17,532 [WARN] DbBoards:127 - board P-NUCLEO-WB55-Nucleo has no document id list !
2021-11-05 08:09:17,532 [WARN] DbBoards:127 - board P-NUCLEO-WB55-USBDongle has no document id list !
2021-11-05 08:09:17,532 [WARN] DbBoards:127 - board STEVAL-BFA001V1B has no document id list !
2021-11-05 08:09:17,532 [WARN] DbBoards:127 - board STEVAL-BFA001V2B has no document id list !
2021-11-05 08:09:17,532 [WARN] DbBoards:127 - board STEVAL-IDP005V1 has no document id list !
2021-11-05 08:09:17,533 [WARN] DbBoards:127 - board STEVAL-IDP005V2 has no document id list !
2021-11-05 08:09:17,533 [WARN] DbBoards:127 - board STEVAL-MKSBOX1V1 has no document id list !
2021-11-05 08:09:17,533 [WARN] DbBoards:127 - board STEVAL-STWINKT1 has no document id list !
2021-11-05 08:09:17,533 [WARN] DbBoards:127 - board STEVAL-STWINKT1B has no document id list !
2021-11-05 08:09:17,533 [WARN] DbBoards:127 - board STM32439I-EVAL2 has no document id list !
2021-11-05 08:09:17,544 [WARN] DbBoards:127 - board STM32F401C-DISCO has no document id list !
2021-11-05 08:09:17,546 [WARN] DbBoards:127 - board STM32F769I-DISC1 has no document id list !
2021-11-05 08:09:17,546 [WARN] DbBoards:127 - board STM32G474E-EVAL1 has no document id list !
2021-11-05 08:09:17,547 [WARN] DbBoards:127 - board STM32H743I-EVAL2 has no document id list !
2021-11-05 08:09:17,547 [WARN] DbBoards:127 - board STM32H747I-DISC1 has no document id list !
2021-11-05 08:09:17,548 [WARN] DbBoards:127 - board STM32H753I-EVAL2 has no document id list !
2021-11-05 08:09:17,548 [WARN] DbBoards:127 - board STM32L-DISCOVERY has no document id list !
2021-11-05 08:09:18,015 [ERROR] DbBoards:189 - Image file not found for board B-U585I-IOT02A: /opt/st/stm32cubeide_1.6.0/plugins/com.st.stm32cube.common.mx_6.2.0.202102191602//db//plugins/mcufinder/images/boards/B-U585I-IOT02A_small.jpg
2021-11-05 08:09:20,618 [ERROR] DbBoards:189 - Image file not found for board STM32U575I-EV: /opt/st/stm32cubeide_1.6.0/plugins/com.st.stm32cube.common.mx_6.2.0.202102191602//db//plugins/mcufinder/images/boards/stm32u575i-ev_small.jpg
2021-11-05 08:09:20,747 [INFO] ApiDb:251 - Load user favorites file /home/ysh/.stm32cubeide/favorites.boards.txt: 0 item(s)
2021-11-05 08:09:20,747 [INFO] ApiDb:255 - User favorites Boards=[]
2021-11-05 08:09:20,747 [INFO] DbBoards:206 - Set 0 / 0 favorites Boards
2021-11-05 08:09:43,477 [INFO] DbMcusDocs:143 - JSON generation date=Fri Oct 29 15:56:29 HKT 2021 (1635494189)
2021-11-05 08:09:43,802 [INFO] DbMcusDocs:79 - Found 682 MCUs documents
2021-11-05 08:10:16,246 [INFO] MainUpdater:2661 - connection check result : 10
2021-11-05 08:10:16,246 [INFO] MainUpdater:2661 - connection check result : 10
2021-11-05 08:10:16,331 [INFO] MicroXplorer:442 - Change Database Path : 
2021-11-05 08:10:16,331 [INFO] MicroXplorer:472 - Change Database Version : DB.6.0.20
2021-11-05 08:10:16,331 [WARN] ThirdParty:796 - waiting for thirdparty lock release [close project]
2021-11-05 08:10:16,331 [INFO] ThirdParty:798 - entering critical section [close project]
2021-11-05 08:10:16,332 [INFO] ThirdParty:809 - exiting critical section [close project]
2021-11-05 08:10:16,335 [INFO] PinOutPanel:1435 - setPackage(No Configuration,No Configuration)
2021-11-05 08:10:16,336 [INFO] UtilMem:74 - Begin LoadConfig() Used Memory: 501151288 Bytes (687865856)
2021-11-05 08:10:16,337 [INFO] MicroXplorer:442 - Change Database Path : 
2021-11-05 08:10:16,337 [INFO] MicroXplorer:472 - Change Database Version : DB.6.0.20
2021-11-05 08:10:16,337 [INFO] OpenFileManager:303 - Change cursor
2021-11-05 08:10:16,389 [WARN] IntegrityCheckThread:59 - waiting for thirdparty lock release [integrity check]
2021-11-05 08:10:16,389 [INFO] IntegrityCheckThread:61 - entering critical section [integrity check]
2021-11-05 08:10:16,642 [WARN] PackLoader:226 - Cannot read IP mode file for STMicroelectronics.X-CUBE-BLE1.6.2.1
2021-11-05 08:10:16,677 [WARN] PackLoader:226 - Cannot read IP mode file for STMicroelectronics.X-CUBE-BLE2.3.2.1
2021-11-05 08:10:16,729 [WARN] PackLoader:226 - Cannot read IP mode file for STMicroelectronics.X-CUBE-BLE2.3.2.2
2021-11-05 08:10:16,773 [WARN] PackLoader:226 - Cannot read IP mode file for STMicroelectronics.X-CUBE-NFC4.2.0.3
2021-11-05 08:10:16,792 [WARN] PackLoader:226 - Cannot read IP mode file for wolfSSL.I-CUBE-wolfSSL.4.8.0
2021-11-05 08:10:16,842 [WARN] PackLoader:226 - Cannot read IP mode file for STMicroelectronics.X-CUBE-SFXS2LP1.3.1.0
2021-11-05 08:10:16,958 [WARN] PackLoader:226 - Cannot read IP mode file for STMicroelectronics.X-CUBE-AZRTOS-F4.1.0.0
2021-11-05 08:10:16,980 [WARN] PackLoader:226 - Cannot read IP mode file for STMicroelectronics.X-CUBE-TOF1.2.0.0
2021-11-05 08:10:17,020 [WARN] PackLoader:226 - Cannot read IP mode file for STMicroelectronics.X-CUBE-SUBG2.4.2.0
2021-11-05 08:10:17,069 [WARN] PackLoader:226 - Cannot read IP mode file for STMicroelectronics.X-CUBE-ALGOBUILD.1.2.1
2021-11-05 08:10:17,089 [WARN] PackLoader:226 - Cannot read IP mode file for STMicroelectronics.X-CUBE-DISPLAY.1.0.0
2021-11-05 08:10:17,115 [WARN] PackLoader:226 - Cannot read IP mode file for STMicroelectronics.X-CUBE-TOUCHGFX.4.18.0
2021-11-05 08:10:17,145 [WARN] PackLoader:226 - Cannot read IP mode file for RoweBots.I-CUBE-UNISONRTOS.5.5.0-4
2021-11-05 08:10:17,252 [WARN] PackLoader:226 - Cannot read IP mode file for STMicroelectronics.X-CUBE-MEMS1.9.0.0
2021-11-05 08:10:17,652 [WARN] PackLoader:226 - Cannot read IP mode file for SEGGER.I-CUBE-embOS.1.2.0
2021-11-05 08:10:17,729 [WARN] PackLoader:226 - Cannot read IP mode file for STMicroelectronics.X-CUBE-TOUCHGFX.4.17.0
2021-11-05 08:10:17,782 [WARN] PackLoader:226 - Cannot read IP mode file for STMicroelectronics.X-CUBE-AZRTOS-H7.2.0.0
2021-11-05 08:10:17,838 [WARN] PackLoader:226 - Cannot read IP mode file for STMicroelectronics.X-CUBE-AZRTOS-L4.1.0.0
2021-11-05 08:10:17,866 [WARN] PackLoader:226 - Cannot read IP mode file for STMicroelectronics.X-CUBE-ALS.1.0.1
2021-11-05 08:10:17,889 [WARN] PackLoader:226 - Cannot read IP mode file for STMicroelectronics.X-CUBE-AI.7.0.0
2021-11-05 08:10:17,909 [WARN] PackLoader:226 - Cannot read IP mode file for STMicroelectronics.X-CUBE-EEPRMA1.3.1.0
2021-11-05 08:10:17,919 [WARN] PackLoader:226 - Cannot read IP mode file for STMicroelectronics.X-CUBE-GNSS1.5.2.0
2021-11-05 08:10:17,959 [WARN] PackLoader:226 - Cannot read IP mode file for STMicroelectronics.X-CUBE-DISPLAY.2.0.0
2021-11-05 08:10:17,962 [INFO] ThirdParty:900 - Integrity check success = true
2021-11-05 08:10:17,962 [INFO] IntegrityCheckThread:75 - exiting critical section [integrity check]
2021-11-05 08:10:17,962 [INFO] IntegrityCheckThread:78 - End integrity checks thread
2021-11-05 08:10:21,458 [INFO] Context:587 - Trying to add GPIOservice into a context  which must be forbidden
2021-11-05 08:10:22,198 [INFO] ImportTextPane:162 - (OptionalMessage_ERROR) Unable to find key (Mcu.ThirdPartyNb) in loaded IOC file
2021-11-05 08:10:22,198 [INFO] ImportTextPane:162 - (OptionalMessage_ERROR) Unable to find key (Mcu.PinsNb) in loaded IOC file
2021-11-05 08:10:22,199 [INFO] ImportTextPane:162 - (OptionalMessage_ERROR) Unable to find key (Mcu.IPNb) in loaded IOC file
2021-11-05 08:10:22,342 [WARN] ApiManager:294 - Cannot register API 'Board Extension:S2868A1' from pack STMicroelectronics.X-CUBE-SFXS2LP1.3.1.0: no header file found
2021-11-05 08:10:22,343 [WARN] ApiManager:294 - Cannot register API 'Board Extension:S2868A2' from pack STMicroelectronics.X-CUBE-SFXS2LP1.3.1.0: no header file found
2021-11-05 08:10:22,343 [WARN] ApiManager:294 - Cannot register API 'Board Extension:S2915A1' from pack STMicroelectronics.X-CUBE-SFXS2LP1.3.1.0: no header file found
2021-11-05 08:10:22,379 [WARN] ModelIntegratedComponent:51 - No mode defined for component null
2021-11-05 08:10:22,380 [WARN] ModelIntegratedComponent:51 - No mode defined for component null
2021-11-05 08:10:22,380 [WARN] ModelIntegratedComponent:51 - No mode defined for component null
2021-11-05 08:10:22,380 [WARN] ModelIntegratedComponent:51 - No mode defined for component null
2021-11-05 08:10:22,380 [WARN] ModelIntegratedComponent:51 - No mode defined for component null
2021-11-05 08:10:22,381 [WARN] ModelIntegratedComponent:51 - No mode defined for component null
2021-11-05 08:10:22,381 [WARN] ModelIntegratedComponent:51 - No mode defined for component null
2021-11-05 08:10:22,381 [WARN] ModelIntegratedComponent:51 - No mode defined for component null
2021-11-05 08:10:22,382 [WARN] ModelIntegratedComponent:51 - No mode defined for component null
2021-11-05 08:10:22,382 [WARN] ModelIntegratedComponent:51 - No mode defined for component null
2021-11-05 08:10:22,382 [WARN] ModelIntegratedComponent:51 - No mode defined for component null
2021-11-05 08:10:22,382 [WARN] ModelIntegratedComponent:51 - No mode defined for component null
2021-11-05 08:10:22,382 [WARN] ModelIntegratedComponent:51 - No mode defined for component null
2021-11-05 08:10:22,383 [WARN] ModelIntegratedComponent:51 - No mode defined for component null
2021-11-05 08:10:22,383 [WARN] ModelIntegratedComponent:51 - No mode defined for component null
2021-11-05 08:10:22,383 [WARN] ModelIntegratedComponent:51 - No mode defined for component null
2021-11-05 08:10:22,383 [WARN] ModelIntegratedComponent:51 - No mode defined for component null
2021-11-05 08:10:22,383 [WARN] ModelIntegratedComponent:51 - No mode defined for component null
2021-11-05 08:10:22,384 [WARN] ModelIntegratedComponent:51 - No mode defined for component null
2021-11-05 08:10:22,384 [WARN] ModelIntegratedComponent:51 - No mode defined for component null
2021-11-05 08:10:22,384 [WARN] ModelIntegratedComponent:51 - No mode defined for component null
2021-11-05 08:10:22,384 [WARN] ModelIntegratedComponent:51 - No mode defined for component null
2021-11-05 08:10:22,384 [WARN] ModelIntegratedComponent:51 - No mode defined for component null
2021-11-05 08:10:22,384 [WARN] ModelIntegratedComponent:51 - No mode defined for component null
2021-11-05 08:10:22,384 [WARN] ModelIntegratedComponent:51 - No mode defined for component null
2021-11-05 08:10:22,385 [WARN] ModelIntegratedComponent:51 - No mode defined for component null
2021-11-05 08:10:22,385 [WARN] ModelIntegratedComponent:51 - No mode defined for component null
2021-11-05 08:10:22,732 [WARN] ApiManager:294 - Cannot register API 'Board Extension:IKS01A3' from pack STMicroelectronics.X-CUBE-MEMS1.9.0.0: no header file found
2021-11-05 08:10:22,733 [WARN] ApiManager:294 - Cannot register API 'Board Extension:IKS01A2' from pack STMicroelectronics.X-CUBE-MEMS1.9.0.0: no header file found
2021-11-05 08:10:22,733 [WARN] ApiManager:294 - Cannot register API 'Board Extension:IKS02A1' from pack STMicroelectronics.X-CUBE-MEMS1.9.0.0: no header file found
2021-11-05 08:10:22,760 [WARN] ApiManager:294 - Cannot register API 'Board Extension:S2868A1' from pack STMicroelectronics.X-CUBE-SUBG2.4.2.0: no header file found
2021-11-05 08:10:22,761 [WARN] ApiManager:294 - Cannot register API 'Board Extension:S2868A2' from pack STMicroelectronics.X-CUBE-SUBG2.4.2.0: no header file found
2021-11-05 08:10:22,761 [WARN] ApiManager:294 - Cannot register API 'Board Extension:S2915A1' from pack STMicroelectronics.X-CUBE-SUBG2.4.2.0: no header file found
2021-11-05 08:10:22,769 [INFO] RtosManager:470 - Registered RTOS mode: class=CMSIS, group=RTOS, mode=CMSIS_V1, owner=FREERTOS
2021-11-05 08:10:22,769 [INFO] RtosManager:470 - Registered RTOS mode: class=CMSIS, group=RTOS2, mode=CMSIS_V2, owner=FREERTOS
2021-11-05 08:10:22,770 [INFO] RtosManager:470 - Registered RTOS mode: class=RTOS, group=Core, mode=CMSIS_V1, owner=FREERTOS
2021-11-05 08:10:22,770 [INFO] RtosManager:470 - Registered RTOS mode: class=RTOS, group=Core, mode=CMSIS_V2, owner=FREERTOS
2021-11-05 08:10:22,770 [WARN] ModelIntegratedComponent:182 - Missing modes for component STMicroelectronics:FreeRTOS:0.0.1:STMicroelectronics:RTOS:FreeRTOS:Core:::10.2.0:
2021-11-05 08:10:22,779 [WARN] ApiManager:294 - Cannot register API 'Board Extension:EEPRMA1' from pack STMicroelectronics.X-CUBE-EEPRMA1.3.1.0: no header file found
2021-11-05 08:10:22,779 [WARN] ApiManager:294 - Cannot register API 'Board Extension:EEPRMA2' from pack STMicroelectronics.X-CUBE-EEPRMA1.3.1.0: no header file found
2021-11-05 08:10:22,781 [WARN] ApiManager:294 - Cannot register API 'Board Extension:GNSS1A1' from pack STMicroelectronics.X-CUBE-GNSS1.5.2.0: no header file found
2021-11-05 08:10:22,781 [WARN] ApiManager:294 - Cannot register API 'Board Support:Custom' from pack STMicroelectronics.X-CUBE-GNSS1.5.2.0: no header file found
2021-11-05 08:10:22,781 [WARN] ApiManager:294 - Cannot register API 'Data Exchange:lib_gnss' from pack STMicroelectronics.X-CUBE-GNSS1.5.2.0: no header file found
2021-11-05 08:10:22,783 [WARN] ApiManager:294 - Cannot register API 'Wireless:BlueNRG-MS' from pack STMicroelectronics.X-CUBE-BLE1.6.2.1: no header file found
2021-11-05 08:10:22,784 [WARN] ApiManager:294 - Cannot register API 'Wireless:BlueNRG-2' from pack STMicroelectronics.X-CUBE-BLE2.3.2.1: no header file found
2021-11-05 08:10:22,785 [WARN] ApiManager:294 - Cannot register API 'Wireless:BlueNRG-2' from pack STMicroelectronics.X-CUBE-BLE2.3.2.2: no header file found
2021-11-05 08:10:22,788 [WARN] ApiManager:294 - Cannot register API 'Board Extension:NFC04A1' from pack STMicroelectronics.X-CUBE-NFC4.2.0.3: no header file found
2021-11-05 08:10:24,203 [INFO] UtilMem:74 - End LoadConfig() Used Memory: 455752192 Bytes (687865856)
2021-11-05 08:10:24,247 [WARN] ThirdParty:762 - waiting for thirdparty lock release [change project]
2021-11-05 08:10:24,247 [INFO] ThirdParty:764 - entering critical section [change project]
2021-11-05 08:10:24,248 [INFO] ThirdParty:952 - CMSIS Pack Vendor :STMicroelectronics X-CUBE-SFXS2LP1 3.1.0
2021-11-05 08:10:24,248 [INFO] ThirdParty:952 - CMSIS Pack Vendor :RoweBots I-CUBE-UNISONRTOS 5.5.0-4
2021-11-05 08:10:24,248 [INFO] ThirdParty:952 - CMSIS Pack Vendor :STMicroelectronics X-CUBE-AZRTOS-F4 1.0.0
2021-11-05 08:10:24,248 [INFO] ThirdParty:952 - CMSIS Pack Vendor :STMicroelectronics USB_HOST 2.0.0
2021-11-05 08:10:24,248 [INFO] ThirdParty:952 - CMSIS Pack Vendor :STMicroelectronics X-CUBE-AZRTOS-H7 2.0.0
2021-11-05 08:10:24,248 [INFO] ThirdParty:952 - CMSIS Pack Vendor :STMicroelectronics X-CUBE-AZRTOS-L4 1.0.0
2021-11-05 08:10:24,249 [INFO] ThirdParty:952 - CMSIS Pack Vendor :STMicroelectronics USB_DEVICE 3.0.0
2021-11-05 08:10:24,249 [INFO] ThirdParty:952 - CMSIS Pack Vendor :STMicroelectronics X-CUBE-TOF1 2.0.0
2021-11-05 08:10:24,249 [INFO] ThirdParty:952 - CMSIS Pack Vendor :STMicroelectronics HAL Drivers 0.0.0
2021-11-05 08:10:24,249 [INFO] ThirdParty:952 - CMSIS Pack Vendor :STMicroelectronics MBEDTLS 2.16.2
2021-11-05 08:10:24,249 [INFO] ThirdParty:952 - CMSIS Pack Vendor :STMicroelectronics MBEDTLS 2.14.1
2021-11-05 08:10:24,249 [INFO] ThirdParty:952 - CMSIS Pack Vendor :STMicroelectronics X-CUBE-MEMS1 9.0.0
2021-11-05 08:10:24,249 [INFO] ThirdParty:952 - CMSIS Pack Vendor :STMicroelectronics X-CUBE-SUBG2 4.2.0
2021-11-05 08:10:24,250 [INFO] ThirdParty:952 - CMSIS Pack Vendor :STMicroelectronics X-CUBE-ALS 1.0.1
2021-11-05 08:10:24,250 [INFO] ThirdParty:952 - CMSIS Pack Vendor :STMicroelectronics USB_DEVICE 2.0.0
2021-11-05 08:10:24,250 [INFO] ThirdParty:952 - CMSIS Pack Vendor :STMicroelectronics X-CUBE-AI 7.0.0
2021-11-05 08:10:24,250 [INFO] ThirdParty:952 - CMSIS Pack Vendor :STMicroelectronics X-CUBE-ALGOBUILD 1.2.1
2021-11-05 08:10:24,250 [INFO] ThirdParty:952 - CMSIS Pack Vendor :STMicroelectronics X-CUBE-DISPLAY 1.0.0
2021-11-05 08:10:24,250 [INFO] ThirdParty:952 - CMSIS Pack Vendor :STMicroelectronics FreeRTOS 0.0.1
2021-11-05 08:10:24,250 [INFO] ThirdParty:952 - CMSIS Pack Vendor :STMicroelectronics USB_DEVICE 1.0.0
2021-11-05 08:10:24,251 [INFO] ThirdParty:952 - CMSIS Pack Vendor :SEGGER I-CUBE-embOS 1.2.0
2021-11-05 08:10:24,251 [INFO] ThirdParty:952 - CMSIS Pack Vendor :STMicroelectronics X-CUBE-EEPRMA1 3.1.0
2021-11-05 08:10:24,251 [INFO] ThirdParty:952 - CMSIS Pack Vendor :STMicroelectronics X-CUBE-GNSS1 5.2.0
2021-11-05 08:10:24,251 [INFO] ThirdParty:952 - CMSIS Pack Vendor :STMicroelectronics lwIP 2.0.3
2021-11-05 08:10:24,251 [INFO] ThirdParty:952 - CMSIS Pack Vendor :STMicroelectronics lwIP 2.1.2
2021-11-05 08:10:24,251 [INFO] ThirdParty:952 - CMSIS Pack Vendor :STMicroelectronics X-CUBE-BLE1 6.2.1
2021-11-05 08:10:24,251 [INFO] ThirdParty:952 - CMSIS Pack Vendor :STMicroelectronics X-CUBE-BLE2 3.2.1
2021-11-05 08:10:24,252 [INFO] ThirdParty:952 - CMSIS Pack Vendor :STMicroelectronics X-CUBE-BLE2 3.2.2
2021-11-05 08:10:24,252 [INFO] ThirdParty:952 - CMSIS Pack Vendor :STMicroelectronics X-CUBE-DISPLAY 2.0.0
2021-11-05 08:10:24,252 [INFO] ThirdParty:952 - CMSIS Pack Vendor :STMicroelectronics USB_HOST 1.0.0
2021-11-05 08:10:24,252 [INFO] ThirdParty:952 - CMSIS Pack Vendor :STMicroelectronics X-CUBE-NFC4 2.0.3
2021-11-05 08:10:24,252 [INFO] ThirdParty:952 - CMSIS Pack Vendor :wolfSSL I-CUBE-wolfSSL 4.8.0
2021-11-05 08:10:24,252 [INFO] ThirdParty:952 - CMSIS Pack Vendor :STMicroelectronics X-CUBE-TOUCHGFX 4.17.0
2021-11-05 08:10:24,252 [INFO] ThirdParty:952 - CMSIS Pack Vendor :STMicroelectronics PDM2PCM 3.1.0
2021-11-05 08:10:24,253 [INFO] ThirdParty:952 - CMSIS Pack Vendor :STMicroelectronics PDM2PCM 3.2.0
2021-11-05 08:10:24,253 [INFO] ThirdParty:952 - CMSIS Pack Vendor :STMicroelectronics PDM2PCM 3.3.0
2021-11-05 08:10:24,253 [INFO] ThirdParty:952 - CMSIS Pack Vendor :STMicroelectronics X-CUBE-TOUCHGFX 4.18.0
2021-11-05 08:10:24,253 [INFO] ThirdParty:770 - exiting critical section [change project]
2021-11-05 08:10:25,187 [INFO] PinOutPanel:1435 - setPackage(No Configuration,No Configuration)
2021-11-05 08:10:25,191 [INFO] PinOutPanel:1435 - setPackage(STM32F103ZETx,LQFP144)
2021-11-05 08:10:26,118 [INFO] UtilMem:74 - Before build in PCC Used Memory: 514472448 Bytes (687865856)
2021-11-05 08:10:26,922 [INFO] SharedServices:72 - Folder for power plug-in: /home/ysh/.stm32cubemx/plugins/power
2021-11-05 08:10:27,057 [INFO] SharedServices:72 - Folder for power plug-in: /home/ysh/.stm32cubemx/plugins/power
2021-11-05 08:10:27,156 [INFO] SharedServices:72 - Folder for power plug-in: /home/ysh/.stm32cubemx/plugins/power
2021-11-05 08:10:27,168 [INFO] SharedServices:72 - Folder for power plug-in: /home/ysh/.stm32cubemx/plugins/power
2021-11-05 08:10:27,447 [INFO] UtilMem:74 - After build in PCC Used Memory: 568472064 Bytes (687865856)
2021-11-05 08:10:27,486 [INFO] IPUIPlugin:64 - create IPUIPlugin
2021-11-05 08:10:27,486 [INFO] IPUIPlugin:64 - create IPUIPlugin
2021-11-05 08:10:27,487 [INFO] IPUIPlugin:64 - create IPUIPlugin
2021-11-05 08:10:27,487 [INFO] IPUIPlugin:64 - create IPUIPlugin
2021-11-05 08:10:27,487 [INFO] IPUIPlugin:64 - create IPUIPlugin
2021-11-05 08:10:27,487 [INFO] IPUIPlugin:64 - create IPUIPlugin
2021-11-05 08:10:27,488 [INFO] IPUIPlugin:64 - create IPUIPlugin
2021-11-05 08:10:27,488 [INFO] IPUIPlugin:64 - create IPUIPlugin
2021-11-05 08:10:27,488 [INFO] IPUIPlugin:64 - create IPUIPlugin
2021-11-05 08:10:27,488 [INFO] IPUIPlugin:64 - create IPUIPlugin
2021-11-05 08:10:27,488 [INFO] IPUIPlugin:64 - create IPUIPlugin
2021-11-05 08:10:27,489 [INFO] IPUIPlugin:64 - create IPUIPlugin
2021-11-05 08:10:27,489 [INFO] IPUIPlugin:64 - create IPUIPlugin
2021-11-05 08:10:27,490 [INFO] IPUIPlugin:64 - create IPUIPlugin
2021-11-05 08:10:27,490 [INFO] IPUIPlugin:64 - create IPUIPlugin
2021-11-05 08:10:27,491 [INFO] IPUIPlugin:64 - create IPUIPlugin
2021-11-05 08:10:27,491 [INFO] IPUIPlugin:64 - create IPUIPlugin
2021-11-05 08:10:27,492 [INFO] IPUIPlugin:64 - create IPUIPlugin
2021-11-05 08:10:27,493 [INFO] IPUIPlugin:64 - create IPUIPlugin
2021-11-05 08:10:27,493 [INFO] IPUIPlugin:64 - create IPUIPlugin
2021-11-05 08:10:27,494 [INFO] IPUIPlugin:64 - create IPUIPlugin
2021-11-05 08:10:27,494 [INFO] IPUIPlugin:64 - create IPUIPlugin
2021-11-05 08:10:27,494 [INFO] IPUIPlugin:64 - create IPUIPlugin
2021-11-05 08:10:27,495 [INFO] IPUIPlugin:64 - create IPUIPlugin
2021-11-05 08:10:27,495 [INFO] IPUIPlugin:64 - create IPUIPlugin
2021-11-05 08:10:27,496 [INFO] IPUIPlugin:64 - create IPUIPlugin
2021-11-05 08:10:27,496 [INFO] IPUIPlugin:64 - create IPUIPlugin
2021-11-05 08:10:27,496 [INFO] IPUIPlugin:64 - create IPUIPlugin
2021-11-05 08:10:27,497 [INFO] IPUIPlugin:64 - create IPUIPlugin
2021-11-05 08:10:27,497 [INFO] IPUIPlugin:64 - create IPUIPlugin
2021-11-05 08:10:27,498 [INFO] IPUIPlugin:64 - create IPUIPlugin
2021-11-05 08:10:27,498 [INFO] IPUIPlugin:64 - create IPUIPlugin
2021-11-05 08:10:27,499 [INFO] IPUIPlugin:64 - create IPUIPlugin
2021-11-05 08:10:27,499 [INFO] IPUIPlugin:64 - create IPUIPlugin
2021-11-05 08:10:27,500 [INFO] IPUIPlugin:64 - create IPUIPlugin
2021-11-05 08:10:27,500 [INFO] IPUIPlugin:64 - create IPUIPlugin
2021-11-05 08:10:27,501 [INFO] IPUIPlugin:64 - create IPUIPlugin
2021-11-05 08:10:27,502 [INFO] IPUIPlugin:64 - create IPUIPlugin
2021-11-05 08:10:27,503 [INFO] IPUIPlugin:64 - create IPUIPlugin
2021-11-05 08:10:27,503 [INFO] IPUIPlugin:64 - create IPUIPlugin
2021-11-05 08:10:27,582 [INFO] LogOutputStream:76 - [STDOUT_REDIRECT] toolchainItems.length=====1
2021-11-05 08:10:27,772 [INFO] OpenFileManager:323 - Restore cursor
2021-11-05 08:10:28,443 [INFO] UtilMem:74 - End SaveConfig() Used Memory: 415131416 Bytes (687865856)
2021-11-05 08:10:28,612 [INFO] UtilMem:74 - End SaveConfig() Used Memory: 403181056 Bytes (687865856)
2021-11-05 08:10:29,896 [INFO] BlockDiagram:2735 - set Specific Code input for plugin: NVIC
2021-11-05 08:10:29,896 [INFO] BlockDiagram:2735 - set Specific Code input for plugin: SYS
2021-11-05 08:10:29,897 [INFO] BlockDiagram:2735 - set Specific Code input for plugin: RCC
2021-11-05 08:10:29,898 [INFO] CodeGenerator:641 - code generatio: config db path: /opt/st/stm32cubeide_1.6.0/plugins/com.st.stm32cube.common.mx_6.2.0.202102191602//db/
2021-11-05 08:10:31,359 [INFO] CodeEngine:229 - oldGeneratedFile, /home/ysh/Desktop/github/__ysh__/workbenck/STM32CubeMX/STM32F103ZET6/MXTmpFiles/license.tmp_save
2021-11-05 08:10:32,280 [INFO] CodeEngine:247 - Generated code: /home/ysh/Desktop/github/__ysh__/workbenck/STM32CubeMX/STM32F103ZET6/MXTmpFiles/license.tmp
2021-11-05 08:10:32,665 [INFO] CodeEngine:229 - oldGeneratedFile, /home/ysh/Desktop/github/__ysh__/workbenck/STM32CubeMX/STM32F103ZET6/Core/Src/stm32f1xx_it.c_save
2021-11-05 08:10:33,049 [INFO] CodeEngine:247 - Generated code: /home/ysh/Desktop/github/__ysh__/workbenck/STM32CubeMX/STM32F103ZET6/Core/Src/stm32f1xx_it.c
2021-11-05 08:10:33,071 [INFO] CodeEngine:229 - oldGeneratedFile, /home/ysh/Desktop/github/__ysh__/workbenck/STM32CubeMX/STM32F103ZET6/Core/Inc/stm32f1xx_it.h_save
2021-11-05 08:10:33,227 [INFO] CodeEngine:247 - Generated code: /home/ysh/Desktop/github/__ysh__/workbenck/STM32CubeMX/STM32F103ZET6/Core/Inc/stm32f1xx_it.h
2021-11-05 08:10:33,256 [INFO] CodeEngine:229 - oldGeneratedFile, /home/ysh/Desktop/github/__ysh__/workbenck/STM32CubeMX/STM32F103ZET6/Core/Src/stm32f1xx_hal_msp.c_save
2021-11-05 08:10:33,576 [INFO] CodeEngine:247 - Generated code: /home/ysh/Desktop/github/__ysh__/workbenck/STM32CubeMX/STM32F103ZET6/Core/Src/stm32f1xx_hal_msp.c
2021-11-05 08:10:33,581 [INFO] CodeEngine:229 - oldGeneratedFile, /home/ysh/Desktop/github/__ysh__/workbenck/STM32CubeMX/STM32F103ZET6/MXTmpFiles/system.tmp_save
2021-11-05 08:10:33,766 [INFO] CodeEngine:247 - Generated code: /home/ysh/Desktop/github/__ysh__/workbenck/STM32CubeMX/STM32F103ZET6/MXTmpFiles/system.tmp
2021-11-05 08:10:33,797 [INFO] CodeEngine:229 - oldGeneratedFile, /home/ysh/Desktop/github/__ysh__/workbenck/STM32CubeMX/STM32F103ZET6/Core/Inc/stm32f1xx_hal_conf.h_save
2021-11-05 08:10:33,976 [INFO] CodeEngine:247 - Generated code: /home/ysh/Desktop/github/__ysh__/workbenck/STM32CubeMX/STM32F103ZET6/Core/Inc/stm32f1xx_hal_conf.h
2021-11-05 08:10:34,078 [INFO] CodeEngine:229 - oldGeneratedFile, /home/ysh/Desktop/github/__ysh__/workbenck/STM32CubeMX/STM32F103ZET6/Core/Inc/main.h_save
2021-11-05 08:10:34,268 [INFO] CodeEngine:247 - Generated code: /home/ysh/Desktop/github/__ysh__/workbenck/STM32CubeMX/STM32F103ZET6/Core/Inc/main.h
2021-11-05 08:10:34,295 [INFO] CodeEngine:229 - oldGeneratedFile, /home/ysh/Desktop/github/__ysh__/workbenck/STM32CubeMX/STM32F103ZET6/Core/Src/main.c_save
2021-11-05 08:10:34,548 [INFO] CodeEngine:247 - Generated code: /home/ysh/Desktop/github/__ysh__/workbenck/STM32CubeMX/STM32F103ZET6/Core/Src/main.c
2021-11-05 08:10:36,628 [INFO] ProjectBuilder:2460 - Time for Copy HAL[1] : 352mS.
2021-11-05 08:10:36,635 [INFO] ProjectBuilder:3418 - Project Generator version: 3.13.0-B3
2021-11-05 08:10:37,564 [INFO] ConfigFileManager:1242 - The Die is : DIE414
2021-11-05 08:10:37,605 [INFO] ApiDbMcu:458 - Load IP Config File for FATFS
2021-11-05 08:10:37,681 [INFO] ApiDbMcu:458 - Load IP Config File for FREERTOS
2021-11-05 08:10:37,746 [INFO] ApiDbMcu:458 - Load IP Config File for USB_DEVICE
2021-11-05 08:10:48,516 [INFO] ProjectBuilder:3584 - Time for Generating toolchain IDE Files: 11881mS.
2021-11-05 08:10:48,517 [INFO] ProjectBuilder:2339 - Time for Copy CMSIS : 0mS.
2021-11-05 08:10:48,518 [INFO] ProjectBuilder:2339 - Time for Copy CMSIS : 0mS.
2021-11-05 08:10:51,570 [INFO] ApiDb:276 - Save user favorites file /home/ysh/.stm32cubeide/favorites.mcus.txt: 0 item(s)
2021-11-05 08:10:51,571 [INFO] ApiDb:280 - User favorites MCUs=[]
2021-11-05 08:11:45,399 [INFO] NvicIntPanel:90 - NVIC parent = com.st.microxplorer.plugins.ip.nvic.MultiNvicIntPanel[,0,0,0x0,invalid,layout=javax.swing.BoxLayout,alignmentX=0.0,alignmentY=0.0,border=,flags=9,maximumSize=,minimumSize=,preferredSize=]
2021-11-05 08:11:51,005 [INFO] NvicIntPanel:90 - NVIC parent = com.st.microxplorer.plugins.ip.nvic.MultiNvicIntPanel[,0,0,0x0,invalid,layout=javax.swing.BoxLayout,alignmentX=0.0,alignmentY=0.0,border=,flags=9,maximumSize=,minimumSize=,preferredSize=]
2021-11-05 08:12:45,999 [INFO] NvicIntPanel:90 - NVIC parent = com.st.microxplorer.plugins.ip.nvic.MultiNvicIntPanel[,0,0,0x0,invalid,layout=javax.swing.BoxLayout,alignmentX=0.0,alignmentY=0.0,border=,flags=9,maximumSize=,minimumSize=,preferredSize=]
2021-11-05 08:13:18,434 [INFO] Gpio:248 - dependency for GPIO [RCC, SYS, USART1]
2021-11-05 08:13:58,184 [INFO] UtilMem:74 - End SaveConfig() Used Memory: 527680616 Bytes (806354944)
2021-11-05 08:14:00,404 [INFO] UtilMem:74 - End SaveConfig() Used Memory: 595680360 Bytes (806354944)
2021-11-05 08:14:01,334 [INFO] BlockDiagram:2735 - set Specific Code input for plugin: NVIC
2021-11-05 08:14:01,334 [INFO] BlockDiagram:2735 - set Specific Code input for plugin: USART
2021-11-05 08:14:01,335 [INFO] BlockDiagram:2735 - set Specific Code input for plugin: SYS
2021-11-05 08:14:01,335 [INFO] BlockDiagram:2735 - set Specific Code input for plugin: GPIO
2021-11-05 08:14:01,336 [INFO] BlockDiagram:2735 - set Specific Code input for plugin: RCC
2021-11-05 08:14:01,337 [INFO] CodeGenerator:641 - code generatio: config db path: /opt/st/stm32cubeide_1.6.0/plugins/com.st.stm32cube.common.mx_6.2.0.202102191602//db/
2021-11-05 08:14:02,069 [INFO] CodeEngine:229 - oldGeneratedFile, /home/ysh/Desktop/github/__ysh__/workbenck/STM32CubeMX/STM32F103ZET6/MXTmpFiles/license.tmp_save
2021-11-05 08:14:02,258 [INFO] CodeEngine:247 - Generated code: /home/ysh/Desktop/github/__ysh__/workbenck/STM32CubeMX/STM32F103ZET6/MXTmpFiles/license.tmp
2021-11-05 08:14:02,390 [INFO] CodeEngine:229 - oldGeneratedFile, /home/ysh/Desktop/github/__ysh__/workbenck/STM32CubeMX/STM32F103ZET6/Core/Src/gpio.c_save
2021-11-05 08:14:02,646 [INFO] CodeEngine:247 - Generated code: /home/ysh/Desktop/github/__ysh__/workbenck/STM32CubeMX/STM32F103ZET6/Core/Src/gpio.c
2021-11-05 08:14:02,682 [INFO] CodeEngine:229 - oldGeneratedFile, /home/ysh/Desktop/github/__ysh__/workbenck/STM32CubeMX/STM32F103ZET6/Core/Inc/gpio.h_save
2021-11-05 08:14:02,885 [INFO] CodeEngine:247 - Generated code: /home/ysh/Desktop/github/__ysh__/workbenck/STM32CubeMX/STM32F103ZET6/Core/Inc/gpio.h
2021-11-05 08:14:03,100 [INFO] LogOutputStream:76 - [STDOUT_REDIRECT] Command line
2021-11-05 08:14:03,118 [INFO] CodeEngine:229 - oldGeneratedFile, /home/ysh/Desktop/github/__ysh__/workbenck/STM32CubeMX/STM32F103ZET6/Core/Src/usart.c_save
2021-11-05 08:14:03,421 [INFO] CodeEngine:247 - Generated code: /home/ysh/Desktop/github/__ysh__/workbenck/STM32CubeMX/STM32F103ZET6/Core/Src/usart.c
2021-11-05 08:14:03,451 [INFO] CodeEngine:229 - oldGeneratedFile, /home/ysh/Desktop/github/__ysh__/workbenck/STM32CubeMX/STM32F103ZET6/Core/Inc/usart.h_save
2021-11-05 08:14:03,628 [INFO] CodeEngine:247 - Generated code: /home/ysh/Desktop/github/__ysh__/workbenck/STM32CubeMX/STM32F103ZET6/Core/Inc/usart.h
2021-11-05 08:14:03,637 [INFO] CodeEngine:229 - oldGeneratedFile, /home/ysh/Desktop/github/__ysh__/workbenck/STM32CubeMX/STM32F103ZET6/Core/Src/stm32f1xx_it.c_save
2021-11-05 08:14:04,020 [INFO] CodeEngine:247 - Generated code: /home/ysh/Desktop/github/__ysh__/workbenck/STM32CubeMX/STM32F103ZET6/Core/Src/stm32f1xx_it.c
2021-11-05 08:14:04,037 [INFO] CodeEngine:229 - oldGeneratedFile, /home/ysh/Desktop/github/__ysh__/workbenck/STM32CubeMX/STM32F103ZET6/Core/Inc/stm32f1xx_it.h_save
2021-11-05 08:14:04,194 [INFO] CodeEngine:247 - Generated code: /home/ysh/Desktop/github/__ysh__/workbenck/STM32CubeMX/STM32F103ZET6/Core/Inc/stm32f1xx_it.h
2021-11-05 08:14:04,201 [INFO] CodeEngine:229 - oldGeneratedFile, /home/ysh/Desktop/github/__ysh__/workbenck/STM32CubeMX/STM32F103ZET6/Core/Src/stm32f1xx_hal_msp.c_save
2021-11-05 08:14:04,393 [INFO] CodeEngine:247 - Generated code: /home/ysh/Desktop/github/__ysh__/workbenck/STM32CubeMX/STM32F103ZET6/Core/Src/stm32f1xx_hal_msp.c
2021-11-05 08:14:04,395 [INFO] CodeEngine:229 - oldGeneratedFile, /home/ysh/Desktop/github/__ysh__/workbenck/STM32CubeMX/STM32F103ZET6/MXTmpFiles/system.tmp_save
2021-11-05 08:14:04,514 [INFO] CodeEngine:247 - Generated code: /home/ysh/Desktop/github/__ysh__/workbenck/STM32CubeMX/STM32F103ZET6/MXTmpFiles/system.tmp
2021-11-05 08:14:04,519 [INFO] CodeEngine:229 - oldGeneratedFile, /home/ysh/Desktop/github/__ysh__/workbenck/STM32CubeMX/STM32F103ZET6/Core/Inc/stm32f1xx_hal_conf.h_save
2021-11-05 08:14:04,659 [INFO] CodeEngine:247 - Generated code: /home/ysh/Desktop/github/__ysh__/workbenck/STM32CubeMX/STM32F103ZET6/Core/Inc/stm32f1xx_hal_conf.h
2021-11-05 08:14:04,690 [INFO] CodeEngine:229 - oldGeneratedFile, /home/ysh/Desktop/github/__ysh__/workbenck/STM32CubeMX/STM32F103ZET6/Core/Inc/main.h_save
2021-11-05 08:14:04,778 [INFO] CodeEngine:247 - Generated code: /home/ysh/Desktop/github/__ysh__/workbenck/STM32CubeMX/STM32F103ZET6/Core/Inc/main.h
2021-11-05 08:14:04,780 [INFO] CodeEngine:229 - oldGeneratedFile, /home/ysh/Desktop/github/__ysh__/workbenck/STM32CubeMX/STM32F103ZET6/Core/Src/main.c_save
2021-11-05 08:14:04,939 [INFO] CodeEngine:247 - Generated code: /home/ysh/Desktop/github/__ysh__/workbenck/STM32CubeMX/STM32F103ZET6/Core/Src/main.c
2021-11-05 08:14:06,336 [INFO] ProjectBuilder:2460 - Time for Copy HAL[1] : 53mS.
2021-11-05 08:14:06,339 [INFO] ProjectBuilder:3418 - Project Generator version: 3.13.0-B3
2021-11-05 08:14:07,146 [INFO] ConfigFileManager:1242 - The Die is : DIE414
2021-11-05 08:14:11,353 [INFO] ProjectBuilder:3584 - Time for Generating toolchain IDE Files: 5014mS.
2021-11-05 08:14:11,355 [INFO] ProjectBuilder:2339 - Time for Copy CMSIS : 1mS.
2021-11-05 08:14:11,361 [INFO] ProjectBuilder:2339 - Time for Copy CMSIS : 0mS.
