ARM GAS  /tmp/ccAY91rZ.s 			page 1


   1              		.cpu cortex-m3
   2              		.eabi_attribute 20, 1
   3              		.eabi_attribute 21, 1
   4              		.eabi_attribute 23, 3
   5              		.eabi_attribute 24, 1
   6              		.eabi_attribute 25, 1
   7              		.eabi_attribute 26, 1
   8              		.eabi_attribute 30, 2
   9              		.eabi_attribute 34, 1
  10              		.eabi_attribute 18, 4
  11              		.file	"chdynamic.c"
  12              		.section	.gnu.lto_.profile.918a39a0b30204cf,"",%progbits
  13 0000 789C6363 		.ascii	"x\234cc```\001bF\206\014\003\000\001x\000\244"
  13      60606001 
  13      6246860C 
  13      03000178 
  13      00A4
  14              		.text
  15              		.section	.gnu.lto_.icf.918a39a0b30204cf,"",%progbits
  16 0000 789C6363 		.ascii	"x\234cc``\340c@\000&\206\233\233\033\33622.\374\261"
  16      6060E063 
  16      40002686 
  16      9B9B1BDE 
  16      32322EFC 
  17 0015 F5163703 		.ascii	"\365\0267\003\000/\261\006E"
  17      002FB106 
  17      45
  18              		.text
  19              		.section	.gnu.lto_.jmpfuncs.918a39a0b30204cf,"",%progbits
  20 0000 789C858F 		.ascii	"x\234\205\217=\012\302P\020\204g\336\313\317S\220\\"
  20      3D0AC250 
  20      108467DE 
  20      CBCF5390 
  20      5C
  21 0011 20E0513C 		.ascii	" \340Q<\207GIe\245\010\266b!\271\203\205\177\210M\020"
  21      87474965 
  21      A508B662 
  21      21B98385 
  21      7F884D10 
  22 0025 45B0F122 		.ascii	"E\260\361\"\226\202\010B\334\215& Q\\\230bavf\277\000"
  22      96820842 
  22      DC8D2620 
  22      515C9862 
  22      617666BF 
  23 003a 4097A8C6 		.ascii	"@\227\250\306 `1\035\246\026\275\324RdDV\344\211|\017"
  23      2060311D 
  23      A616BDD4 
  23      52644456 
  23      E4897C0F 
  24 004e E4D08C2D 		.ascii	"\344\320\214-\027\373\343\300\215lj\365b\316\230\231"
  24      17FBE3C0 
  24      8D6C6AF5 
  24      62CE9899 
  25 005e 47887299 		.ascii	"G\210r\231\010\024\307\354\262\271\267\324\021\022\\"
  25      0814C7EC 
  25      B2B9B7D4 
  25      11125C
ARM GAS  /tmp/ccAY91rZ.s 			page 2


  26 006d 304669D1 		.ascii	"0Fi\321\236jy\250\237\2328\351\357\316\241\372\235\370"
  26      9E6A79A8 
  26      9F9A38E9 
  26      EFCEA1FA 
  26      9DF8
  27 007f 9792280A 		.ascii	"\227\222(\012L\002\3423\333$\004\352u\323\355\365\344"
  27      4C02E233 
  27      DB2404EA 
  27      75D3EDF5 
  27      E4
  28 0090 EB79838E 		.ascii	"\353y\203\216\253w\235+\352\350\027Pm\001h\376\004:"
  28      AB779D2B 
  28      EAE81750 
  28      6D0168FE 
  28      043A
  29 00a2 E4B72C7A 		.ascii	"\344\267,z\001\031\256k@\177\011\312\227\315\227\227"
  29      0119AE6B 
  29      407F09CA 
  29      97CD9797 
  30 00b2 F104A81A 		.ascii	"\361\004\250\032[$"
  30      5B24
  31              		.text
  32              		.section	.gnu.lto_.inline.918a39a0b30204cf,"",%progbits
  33 0000 789C6363 		.ascii	"x\234cc``\010g@\000&\006\011)CF\006&\211\206\365\214"
  33      60600867 
  33      40002606 
  33      09294346 
  33      06268986 
  34 0016 0C6C0BE4 		.ascii	"\014l\013\344\231@\202\314<@\211\011~`\232\221\201\225"
  34      994082CC 
  34      3C408909 
  34      7E609A91 
  34      8195
  35 0028 0F2832C1 		.ascii	"\017(2\301\017\310g\204\250\225>q\204\221\201}\207\032"
  35      0FC86784 
  35      A8953E71 
  35      8491817D 
  35      871A
  36 003a 16B56012 		.ascii	"\026\265`\022\310\003\000\347\203\012\211"
  36      C80300E7 
  36      830A89
  37              		.text
  38              		.section	.gnu.lto_.pureconst.918a39a0b30204cf,"",%progbits
  39 0000 789C6363 		.ascii	"x\234cc```\007b&\206]\214\214\273\030\001\005\342\001"
  39      60606007 
  39      6226865D 
  39      8C8CBB18 
  39      0105E201 
  40 0014 87       		.ascii	"\207"
  41              		.text
  42              		.section	.gnu.lto_chThdCreateFromHeap.918a39a0b30204cf,"",%progbits
  43 0000 789C7D55 		.ascii	"x\234}UmL\223W\024\276\347\275o\333\027\332\3725\346"
  43      6D4C9357 
  43      14BEE7BD 
  43      6FDB17DA 
  43      FA35E6
  44 0013 9C318ADB 		.ascii	"\2341\212\333\210\232(]\026\027\215?\226\030\263d\376"
ARM GAS  /tmp/ccAY91rZ.s 			page 3


  44      889A285D 
  44      16178D3F 
  44      9618B364 
  44      FE
  45 0024 2059F4EF 		.ascii	" Y\364\357\022\303j'd\253mZ\334t\177x\005\374`\014\247"
  45      12C36A27 
  45      64AB6D5A 
  45      DC747F78 
  45      05FC600C 
  46 0039 4E3A2C1D 		.ascii	"N:,\035V\035\323\305\3719D\221\017+(\340\007\212\014"
  46      561DD3C5 
  46      F9394491 
  46      0F2B28E0 
  46      078A0C
  47 004c 9D0A2250 		.ascii	"\235\012\"PA\201\322\251!F\235\037;\347\276/\013\024"
  47      4181D2A9 
  47      21469D1F 
  47      3BE7BE2F 
  47      0B14
  48 005e 66434BDF 		.ascii	"fCK\337{\237\347\234s\237\363\234[#c\314\24106\210\377"
  48      7B9FE79C 
  48      739FF39C 
  48      5B2363CC 
  48      A1303688 
  49 0073 3FC43718 		.ascii	"?\3047\030\030H[/3\266^\221$\271\320\310\324x\376\244"
  49      18485B2F 
  49      33B65E91 
  49      24B9D0C8 
  49      D478FEA4 
  50 0087 9E31D5C2 		.ascii	"\2361\325\302A\326\326e\000\372\242*\3002%.C&|\317w"
  50      41D6D665 
  50      00FAA22A 
  50      C032252E 
  50      43267CCF 
  51 009c 70B89A73 		.ascii	"p\270\232s$\300\363x\2003\220\361\361a\243?<\216\036"
  51      24C0F378 
  51      803390F1 
  51      F161A33F 
  51      3C8E1E
  52 00af 0112F131 		.ascii	"\001\022\3611\022\255+\265\314\331\247\252Yj\350\247"
  52      12AD2BB5 
  52      CCD9A7AA 
  52      596AE8A7 
  53 00bf 16635169 		.ascii	"\026cQi\223\032\027\340\022\363!\274\024\246\301\037"
  53      931A17E0 
  53      12F321BC 
  53      14A6C11F 
  54 00cf 308DB21F 		.ascii	"0\215\262\037\2079\010.\215\026>\212\343\357\000\303"
  54      8739082E 
  54      8D163E8A 
  54      E3EF00C3 
  55 00df EF371BEB 		.ascii	"\3577\033\353_\214\233U\"\210\203%\\}/\3009\224\001"
  55      5F8C9B55 
  55      22888325 
  55      5C7D2FC0 
  55      399401
  56 00f2 1F4EC425 		.ascii	"\037N\304%\006'`\026\302\367\254\277v\321\312g\013j"
ARM GAS  /tmp/ccAY91rZ.s 			page 4


  56      06276016 
  56      C2F7ACBF 
  56      76D1CA67 
  56      0B6A
  57 0104 47EEC17C 		.ascii	"G\356\301|Y\247\336\335'\2502\234\214\245\312\014\312"
  57      59A7DEDD 
  57      27A8329C 
  57      8CA5CA0C 
  57      CA
  58 0115 0535ABAB 		.ascii	"\0055\253\253\354:\360y\202z\356\314\376gV\235\332\356"
  58      EC3AF079 
  58      827AEECC 
  58      FE67569D 
  58      DAEE
  59 0127 9F5C92AD 		.ascii	"\237\\\222\255~\022\340\0068\025KF\265*\004\371@\326"
  59      7E12E006 
  59      38154B46 
  59      B52A04F9 
  59      40D6
  60 0139 BD01CE3F 		.ascii	"\275\001\316?\020\344\256\206\316\035\006\235|I\313"
  60      10E4AE86 
  60      CE1D069D 
  60      7C49CB
  61 0148 6B84CA58 		.ascii	"k\204\312X\252\221A\225\240^\352\2538\256\360\005\202"
  61      AA914195 
  61      A05EEAAB 
  61      38AEF005 
  61      82
  62 0159 FABCA9FA 		.ascii	"\372\274\251\372\244E\247\366\370\247\377\"\362\232"
  62      A445A7F6 
  62      F8A7FF22 
  62      F29A
  63 0167 A03A966C 		.ascii	"\240:\226lbpZ\220\373\325\274*\340\213\004\271d\313"
  63      62705A90 
  63      FBD5BC2A 
  63      E08B04B9 
  63      64CB
  64 0179 93A3D250 		.ascii	"\223\243\322P\336_E^\005B\261T\205\301\031\230E\370"
  64      DE5F455E 
  64      0542B154 
  64      85C11998 
  64      45F8
  65 018b 684E7787 		.ascii	"hNw\207Y\353\330\024|<R\2313\240w,\004\244|ge4\236\177"
  65      59EBD814 
  65      7C3C5299 
  65      33A0772C 
  65      04A47C67 
  66 01a3 24421FBC 		.ascii	"$B\037\274\333\266&i\257\032R\325P\264h\372vUmP\345"
  66      DBB62669 
  66      AF1A52D5 
  66      50B468FA 
  66      76556D50 
  67 01b8 008F83B3 		.ascii	"\000\217\203\263Z\364Z\214^#:\310\010\035\352\017\037"
  67      5AF45A8C 
  67      5E233AC8 
  67      081DEA0F 
  67      1F
ARM GAS  /tmp/ccAY91rZ.s 			page 5


  68 01c9 90F962C1 		.ascii	"\220\371b\301\374m\333\317eF\244RQ\217\375\223vgkT\005"
  68      FC6DDBCF 
  68      6546A452 
  68      518FFD93 
  68      76676B54 
  69 01de EA4616A6 		.ascii	"\352F\026\246S\317v?o6\363\217\005\265\177s\303>E\247"
  69      53CF763F 
  69      6F36F38F 
  69      05B57F73 
  69      C33E45A7 
  70 01f2 46FD5387 		.ascii	"F\375S\207\250\0224\214I\355:\372\262\300j\224\341<"
  70      A812348C 
  70      49ED3AFA 
  70      B2C06A94 
  70      E13C
  71 0204 24413DBE 		.ascii	"$A=\276\317A\022\331\013]u\001\214\360\037 G\305W\250"
  71      CF4112D9 
  71      0B5D7501 
  71      8CF01F20 
  71      47C557A8 
  72 0218 AED828D6 		.ascii	"\256\330(\326}\034\206q\031\\D\350%0\262\030x\355\316"
  72      7D1C8671 
  72      195C44E8 
  72      2530B218 
  72      78EDCE
  73 022b D92B186D 		.ascii	"\331+\030m\370\320\263$\365\205\346\323f\236\246\235"
  73      F8D0B324 
  73      F585E6D3 
  73      669EA69D 
  74 023b F0D0EE42 		.ascii	"\360\320\356B\213^f}\361\374C\341-\371j0kB\200\307\303"
  74      8B5E667D 
  74      F1FC43E1 
  74      2DF96A30 
  74      6B4280C7 
  75 0250 E5D714AA 		.ascii	"\345\327\024\252\327q\030\355|\005+\205F\012\316G\024"
  75      D77118ED 
  75      7C052B85 
  75      460ACE47 
  75      14
  76 0261 D384C55C 		.ascii	"\323\204\305\\\305b\350\003\030\343\303\217v\270\331"
  76      C562E803 
  76      18E3C38F 
  76      76B8D9
  77 0270 10525FBE 		.ascii	"\020R_\276\332\204\3434\305\337\326\333\377\356T\300"
  77      DA84E334 
  77      C5DFD6DB 
  77      FFEE54C0 
  78 0280 E69A25FC 		.ascii	"\346\232%\374\220\014@\323`\00426\266\033\031q@>\265"
  78      900C40D3 
  78      60043236 
  78      B61B1971 
  78      403EB5
  79 0293 02596E3C 		.ascii	"\002Yn<\220w&\002\331 \201QL\3066\243N8\324j\210\345"
  79      90772602 
  79      D9208151 
  79      4CC636A3 
  79      4E38D46A 
ARM GAS  /tmp/ccAY91rZ.s 			page 6


  80 02a9 E201F15B 		.ascii	"\342\001\361[v\210E`c0\234o\"\225\374\\\301\272\312"
  80      76884560 
  80      63309C6F 
  80      2295FC5C 
  80      C1BACA
  81 02bc CB23ADA6 		.ascii	"\313#\255\246\314\027\252\022\340\026\037\316\015\203"
  81      CC17AA12 
  81      E0161FCE 
  81      0D83
  82 02ca 66C8647E 		.ascii	"f\310d~n\360s#n\373+\006/\030\310?VP\340O\230\026\340"
  82      6EF07323 
  82      6EFB2B06 
  82      2F18C83F 
  82      5650E04F 
  83 02e1 E3580F64 		.ascii	"\343X\017d%\012\371\261\006\014\302\272!\347V\355\345"
  83      250AF9B1 
  83      060CC2BA 
  83      21E756ED 
  83      E5
  84 02f2 228B1E14 		.ascii	"\"\213\036\024\2225Qr\361\340x\313`\322>\310\362\367"
  84      92355172 
  84      F1E078CB 
  84      60D23EC8 
  84      F2F7
  85 0304 5685CD04 		.ascii	"V\205\315\004\300\230[}\305y&\333<\232=<s\001u\223A"
  85      C0985B7D 
  85      C57926DB 
  85      3C9A3D3C 
  85      73017593 
  86 0319 0BD8FC3C 		.ascii	"\013\330\374<\216\240\276\270X\234Y\303\001\341\256"
  86      8EA0BEB8 
  86      589C59C3 
  86      01E1AE
  87 0328 114E415C 		.ascii	"\021NA\\v`c~y\202\226\023p\011\353%v\313w\267OT\302"
  87      7660637E 
  87      79829613 
  87      7009EB25 
  87      76CB77B7 
  88 033f FF449028 		.ascii	"\377D\220(\302u\212\000\242\250Q\231\214\032N\030\354"
  88      C2758A00 
  88      A2A85199 
  88      8C1A4E18 
  88      EC
  89 0350 2FC259C7 		.ascii	"/\302Y\307\306\2314\234L\270\033\204\033?\0027\270\377"
  89      C699349C 
  89      4CB81B84 
  89      1B3F0237 
  89      B8FF
  90 0362 612B104E 		.ascii	"a+\020N\321p\006\302\335$\334DTO\032\303`\007^o0\270"
  90      D17006C2 
  90      DD24DC44 
  90      544F1AC3 
  90      60075E6F 
  91 0378 054948DA 		.ascii	"\005IH\332\324\253V\311\324\215xH\204V\334\353\307\013"
  91      D4AB56C9 
  91      D48D7848 
  91      8456DCEB 
ARM GAS  /tmp/ccAY91rZ.s 			page 7


  91      C70B
  92 038a EE9F8253 		.ascii	"\356\237\202Swb'\341\307\223&}\022\014\243]?\3673\006"
  92      776227E1 
  92      C793267D 
  92      120CA35D 
  92      3FF73306 
  93 039e 6DB4377A 		.ascii	"m\2647z\"\212\347\377\316)\027\203\333\243\235\333\216"
  93      228AE7FF 
  93      CE291783 
  93      DBA39DDB 
  93      8E
  94 03af 2DBF43CE 		.ascii	"-\277C\316\275C\316\005v\223\262\356\331u\354I\374\314"
  94      BD43CE05 
  94      7693B2EE 
  94      D975EC49 
  94      FCCC
  95 03c1 3ED8A516 		.ascii	">\330\245\026&\006P\006\272W\302\025\252\"\243\326\320"
  95      26065006 
  95      BA57C215 
  95      AA22A3D6 
  95      D0
  96 03d2 0133C570 		.ascii	"\0013\305p<\210\264\264J\270\002\235 \213\272\031t\211"
  96      3C88B4B4 
  96      4AB8029D 
  96      208BBA19 
  96      7489
  97 03e4 1F94FDD5 		.ascii	"\037\224\375\325\265\335\226\231\003:{\002a\037\035"
  97      B5DD9699 
  97      033A7B02 
  97      611F1D
  98 03f3 3A76CD2C 		.ascii	":v\315,\330ab\303]\220\205\343\204\006\014\015\234\323"
  98      D86162C3 
  98      5D9085E3 
  98      84060C0D 
  98      9CD3
  99 0405 9177BB16 		.ascii	"\221w\273\026\264\306'\214t\360D\037^\242\014\272\321"
  99      B4C6278C 
  99      74F0441F 
  99      5EA20CBA 
  99      D1
 100 0416 C1B8D1B3 		.ascii	"\301\270\321\263m[.\307\015|\005\237A\200O\242f\020"
 100      6D5B2EC7 
 100      0D7C059F 
 100      41804FA2 
 100      6610
 101 0428 8F410F64 		.ascii	"\217A\017d\006\370\033\02478UX\371<Y9\201\2328x\277"
 101      06F81B14 
 101      37385558 
 101      F93C5939 
 101      819A3878 
 102 043d 7DAF49EF 		.ascii	"}\257I\357\243oC\315\025\023\351-\211K\241\262\246\261"
 102      A36F43CD 
 102      1513E92D 
 102      894BA1B2 
 102      A6B1
 103 044f CE1884E2 		.ascii	"\316\030\204\342\365\024qr\200' \005\356\321qp\263e"
 103      F5147172 
ARM GAS  /tmp/ccAY91rZ.s 			page 8


 103      80272005 
 103      EED17170 
 103      B365
 104 0461 D38D76B3 		.ascii	"\323\215v\263\355 e\303\243\274\011\367!\010\005(1\326"
 104      ED2065C3 
 104      A3BC09F7 
 104      21080528 
 104      31D6
 105 0473 D30B36FA 		.ascii	"\323\0136\372\001<[\277Q\241`\223\001\240\017Y\021\330"
 105      013C5BBF 
 105      51A16093 
 105      01A00F59 
 105      11D8
 106 0485 107CB585 		.ascii	"\020|\265\205\213\212F\236\343-\037Z\234A\277\230D:"
 106      8B8A469E 
 106      E32D1F5A 
 106      9C41BF98 
 106      443A
 107 0497 E3E148F9 		.ascii	"\343\341H\371S+q\247\240\360\021\032\303\267\205\221"
 107      532B71A7 
 107      A0F0111A 
 107      C3B78591 
 108 04a7 E896195E 		.ascii	"\350\226\031^g<n\017\350\276xZpj\206v\311\350\255z\271"
 108      673C6E0F 
 108      E8BE785A 
 108      706A8676 
 108      C9E8AD7A 
 109 04bc ABB3DA3C 		.ascii	"\253\263\332<\324\205\001\321\205\250\350B\254\344\177"
 109      D48501D1 
 109      85A8E842 
 109      ACE47F
 110 04cb 6B9277EC 		.ascii	"k\222w\354\376\341\301\227\"\2056\316\262~\207\364A"
 110      FEE1C197 
 110      228536CE 
 110      B27E87F4 
 110      41
 111 04dc 4D9BD09F 		.ascii	"M\233\320\237\364D\372\316\216\320v\303\3022u3j\034"
 111      F444FACE 
 111      8ED076C3 
 111      C2327533 
 111      6A1C
 112 04ee C7E0012C 		.ascii	"\307\340\001,dQ\254\315/\306\3551H$\221\324\336T\264"
 112      6451ACCD 
 112      2FC6ED31 
 112      482491D4 
 112      DE54B4
 113 0501 10CFC26F 		.ascii	"\020\317\302o=k\002\274\231\200b\341\376\214\344d\233"
 113      3D6B02BC 
 113      998062E1 
 113      FE8CE464 
 113      9B
 114 0512 F6E7F2DA 		.ascii	"\366\347\362\332<\0316\257\307n\263\247\255\\\267:\325"
 114      3C1936AF 
 114      C76EB3A7 
 114      AD5CB73A 
 114      D5
 115 0523 996E4FB6 		.ascii	"\231nO\2663C\232#\325\355\226\275\351\337:d\\s\310n"
ARM GAS  /tmp/ccAY91rZ.s 			page 9


 115      33439A23 
 115      D5ED96BD 
 115      E9DF3A64 
 115      5C73C86E 
 116 0537 4FBA4B72 		.ascii	"O\272Kr\177\301S=\253\244\214\225\374\033\257[\312p"
 116      7FC1533D 
 116      ABA48C95 
 116      FC1BAF5B 
 116      CA70
 117 0549 C746495F 		.ascii	"\307FI_m\377j\315J\007F\362\256\363&\2471\323\347\251"
 117      6DFF6ACD 
 117      4A0746F2 
 117      AEF326A7 
 117      31D3E7A9 
 118 055d 5EC7A79E 		.ascii	"^\307\247\236\364y\303qv\227\323\351Zms\273<\031^\333"
 118      F479C371 
 118      7697D3E9 
 118      5A6D73BB 
 118      3C195EDB 
 119 0571 E265294B 		.ascii	"\342e)KR\326\"\301\356\3628V|\275\300\211\254Ec\240"
 119      52D622C1 
 119      EEF23856 
 119      7CBDC089 
 119      AC4563A0 
 120 0585 1D6B3308 		.ascii	"\035k3\010k[\222\262|\351r\333\022\004\333\226\016%"
 120      6B5B92B2 
 120      7CE972DB 
 120      1204DB96 
 120      0E25
 121 0597 737AD3BD 		.ascii	"sz\323\275+V\331\355H\235\220\262|Y\"%\305r\347&&\275"
 121      2B56D9ED 
 121      489D90B2 
 121      7C592225 
 121      C572E726 
 122 05ad CF240F33 		.ascii	"\317$\01739\035N\227g\035\373\027\247\314\362\305"
 122      391D4E97 
 122      671DFB17 
 122      A7CCF2C5 
 123              		.text
 124              		.section	.gnu.lto_chThdCreateFromMemoryPool.918a39a0b30204cf,"",%progbits
 125 0000 789C7D55 		.ascii	"x\234}UkL\024W\024\276g\356\354\354\302\202\370\240"
 125      6B4C1457 
 125      14BE67EE 
 125      ECECC282 
 125      F8A0
 126 0012 D65253B1 		.ascii	"\326RS\261)\2616\3124\215mm\223\376h\374S\177\2204\372"
 126      29B136CA 
 126      348D6D6D 
 126      93FE68FC 
 126      537F9034 
 127 0027 AB8989B5 		.ascii	"\253\211\211\265+U\322\256Kv\261\325_\214\200\212\245"
 127      2B55D2AE 
 127      4B76B1D5 
 127      5F8C808A 
 127      A5
 128 0038 356A65A5 		.ascii	"5je\245t\324\265\206\252P\361Q\244\274]A\201ZA\240\370"
 128      74D4B586 
ARM GAS  /tmp/ccAY91rZ.s 			page 10


 128      AA50F151 
 128      A4BC5D41 
 128      815A41A0 
 129 004d E40D2E0A 		.ascii	"\344\015.\012\254\370\210\261\326Z\3559w\006\002\013"
 129      ACF888B1 
 129      D65AED39 
 129      7706020B 
 130 005d 7503B333 		.ascii	"u\003\2633s\277\357\234s\317\367\235\273\012c\354\264"
 130      73BFEF9C 
 130      73CFF79D 
 130      BB0A63EC 
 130      B4
 131 006e 8DB1207E 		.ascii	"\215\261 ~\277\215\377`a \355hdl\223M\222\344\034\205"
 131      BF8DFF60 
 131      6120ED68 
 131      646C934D 
 131      92E41C85 
 132 0082 69E1FC51 		.ascii	"i\341\374Q\035cZ\004\007\331x/\003\320\215f\003\226"
 132      1D635A04 
 132      07D9782F 
 132      03D08D66 
 132      0396
 133 0094 2A711952 		.ascii	"*q\031R\341[\276\233Cs\306q\235gq\2353\220\361\361^"
 133      E15BBE9B 
 133      4373C671 
 133      9D67719D 
 133      3390F1F1 
 134 00a9 436EDF14 		.ascii	"Cn\337\024z\004\210\305\307\340pmQ\304\374C\232\226"
 134      7A0488C5 
 134      C7E0706D 
 134      51C4FC43 
 134      9A96
 135 00bb A6F9F7B4 		.ascii	"\246\371\367\264\204\377X\324\244\205\351\\b^\204\027"
 135      84FF58D4 
 135      A485E95C 
 135      625E8417 
 136 00cb C16CF815 		.ascii	"\301l\370\025fS\366S0\037\301\267Jj3m\374U`x\377\317"
 136      6653F653 
 136      301FC1B7 
 136      4A6A336D 
 136      FC556078 
 137 00e1 A6CE2353 		.ascii	"\246\316#S\346\345\011\342\215\237\271\366\232\3169"
 137      E6E509E2 
 137      8D9FB9F6 
 137      9ACE39
 138 00f0 14031F4B 		.ascii	"\024\003\037K\304W\014~\203y\010O\353-\276\014<NP\317"
 138      C4570C7E 
 138      8379084F 
 138      EB2DBE0C 
 138      3C4E50CF 
 139 0104 9D39FC38 		.ascii	"\2359\3748r\204:+W\363\313:\226[\022\312\225\031\224"
 139      72843A2B 
 139      57F3CB3A 
 139      965B12CA 
 139      951994
 140 0117 0A6E41DA 		.ascii	"\012nA\332\315\333\234\277!\270\275\365=\273-&\367r"
 140      CDDB9CBF 
ARM GAS  /tmp/ccAY91rZ.s 			page 11


 140      21B8BDF5 
 140      3DBB2D26 
 140      F772
 141 0129 7E4C5EBA 		.ascii	"~L^\272\366\221\316-P\026J\306v\225\013\362\205\301"
 141      F691CE2D 
 141      50164AC6 
 141      76950BF2 
 141      85C1
 142 013b F25336AE 		.ascii	"\362S6\256\012\362\223\246\252\222\010\223\334~H\324"
 142      0AF293A6 
 142      AA920893 
 142      DC7E48D4 
 143 014b AC404528 		.ascii	"\254@E(UaP)\250CZV%\360\267\0045o\373\243\023\222I\015"
 143      55615029 
 143      A8435A56 
 143      25F0B704 
 143      356FFBA3 
 144 0163 9A355BA1 		.ascii	"\2325[\241*\224kep\032\346\021a8#\320m7\332>\013\037"
 144      2A946B65 
 144      701AE611 
 144      613823D0 
 144      6D37DA3E 
 145 0179 8F5764DC 		.ascii	"\217Wd\3346\333\356\007|\276\326S1\034\316\337\021\261"
 145      36DBEE07 
 145      7CBED653 
 145      311CCEDF 
 145      11B1
 146 018b 8FDE685F 		.ascii	"\217\336h_\037wP\363k\232\177\270\340\225]\232V\257"
 146      1F7750F3 
 146      6B9A7FB8 
 146      E0955D9A 
 146      56AF
 147 019d 61741B54 		.ascii	"at\033T\033\321\317`t\277\220\201\021\332?\324W \363"
 147      1BD1CF60 
 147      74BF9081 
 147      11DA3FD4 
 147      5720F3
 148 01b0 F704F3C8 		.ascii	"\367\004\363\310\316\275\305\012R\251\252\376\374\351"
 148      CEBDC50A 
 148      52A9AAFE 
 148      FCE9
 149 01be 07D20DAA 		.ascii	"\007\322\015\252\025\316\216/\314\244\236\015<i\261"
 149      15CE8E2F 
 149      CCA49E0D 
 149      3C69B1
 150 01cd F30F0475 		.ascii	"\363\017\004u(\263\376\220\315\244v\346\307\214P%\250"
 150      28B3FE90 
 150      CDA476E6 
 150      C78C5025 
 150      A8
 151 01de 9D94DA7B 		.ascii	"\235\224\332{\342iv\244\"C\035\304\3019\210\363!\242"
 151      E26976A4 
 151      22431DC4 
 151      C13988F3 
 151      21A2
 152 01f0 06E2C826 		.ascii	"\006\342\310&\350\216zP`\024\223\241\341\307\337X\250"
 152      E88E7A50 
ARM GAS  /tmp/ccAY91rZ.s 			page 12


 152      601493A1 
 152      E1C7DF58 
 152      A8
 153 0201 88F75E0E 		.ascii	"\210\367^\016c\350\014~G\350yPX\010\274&\347\365\225"
 153      63E80C7E 
 153      47E87950 
 153      5808BC26 
 153      E7F595
 154 0214 8C16BCE8 		.ascii	"\214\026\274\350=j\367\371\226\323v\376\251\261\311"
 154      3D6AF7F9 
 154      96D376FE 
 154      A9B1C9
 155 0223 C2033911 		.ascii	"\302\0039\021f\245u{\027\025\366m\377N\363\245M\325"
 155      66A5757B 
 155      1715F66D 
 155      FF4EF3A5 
 155      4DD5
 156 0235 79185C78 		.ascii	"y\030\\xN\255F\340\332ch\313\006\254\024\376\240\340"
 156      4EAD46E0 
 156      DA6368CB 
 156      06AC14FE 
 156      A0E0
 157 0247 7C5C318D 		.ascii	"|\\1\215X\314E,\206.\300\030\037\331\035m\355X\213\305"
 157      58CC452C 
 157      862EC018 
 157      1FD91D6D 
 157      ED588BC5 
 158 025b AF3D7DB6 		.ascii	"\257=}\266\025\307\":\277hKC\207\3742\240\300\341\022"
 158      15C7223A 
 158      BF684B43 
 158      87FC32A0 
 158      C0E112
 159 026e 5EEC1C2F 		.ascii	"^\354\034/\222\002\344m\033#F\030\220W#\201L\027\005"
 159      9202E46D 
 159      1B234618 
 159      90572381 
 159      4C1705
 160 0281 E49F6940 		.ascii	"\344\237i@N\210f\024\223\261L\354\023\016\247\346g\333"
 160      4E886614 
 160      93B14CEC 
 160      130EA7E6 
 160      67DB
 161 0293 70837897 		.ascii	"p\203x\227\356gA\310\360\365e[\251K\271\334\206u\225"
 161      EE6741C8 
 161      F0F5655B 
 161      A94BB9DC 
 161      867595
 162 02a6 9606DBAC 		.ascii	"\226\006\333\254\251\377j6\235Gx\321\376\014\232 \225"
 162      A9FF6A36 
 162      9D4778D1 
 162      FE0C9A20 
 162      95
 163 02b7 E57245E7 		.ascii	"\345rE\347\221\254\037\322bE\2431\033\302Y\0002\256"
 163      91AC1FD2 
 163      6245A331 
 163      1BC25900 
 163      32AE
ARM GAS  /tmp/ccAY91rZ.s 			page 13


 164 02c9 D7341644 		.ascii	"\3274\026D\230t\2107\266\277\015\267\210\347\002\206"
 164      98748837 
 164      B6BF0DB7 
 164      88E70286 
 165 02d9 1F84B4DC 		.ascii	"\037\204\264\334\201\312\200\235\000\030|\207w_\226"
 165      81CA809D 
 165      00187C87 
 165      775F96
 166 02e8 555D4893 		.ascii	"U]H\223\206\273\313&\335\0304\203\232\313\303\010\352"
 166      86BBCB26 
 166      DD183483 
 166      9ACBC308 
 166      EA
 167 02f9 0D0BC5D9 		.ascii	"\015\013\305\331\015\034\020\256\205p6\302\225\015\324"
 167      0D1C10AE 
 167      857036C2 
 167      950DD4
 168 0308 07661839 		.ascii	"\007f\0309Ir\357\346\352\213V\262\265!sEuC\255\342\203"
 168      4972EFE6 
 168      EA8B56B2 
 168      B5217345 
 168      7543ADE2 
 169 031d 7D9BB0F5 		.ascii	"}\233\260\365\261:\237\202\265\303\237$\014\256\265"
 169      B13A9F82 
 169      B5C39F24 
 169      0CAEB5
 170 032c 6EBDDA69 		.ascii	"n\275\332iW\217j\306R\024\264\202\017\262\261\031\030"
 170      578F6AC6 
 170      5214B482 
 170      0FB2B119 
 170      18
 171 033d FE12A818 		.ascii	"\376\022\250\030;]\337\362\211\021Y\302d\030\237\362"
 171      3B5DDFF2 
 171      891159C2 
 171      64189FF2 
 172 034d B57ED371 		.ascii	"\265~\323q\245\002\376\2476a\276\313T\233$\266;a\017"
 172      A502FEA7 
 172      3661BECB 
 172      549B24B6 
 172      3B610F
 173 0360 16032713 		.ascii	"\026\003'\023\356\012\341\"'\307)\006\316B\270\253\204"
 173      EE0AE122 
 173      27C72906 
 173      CE42B8AB 
 173      84
 174 0371 8B1A877B 		.ascii	"\213\032\207{p\370^\033\020\316j\340\024\302]#\3344"
 174      70F85E1B 
 174      10CE6AE0 
 174      14C25D23 
 174      DC34
 175 0383 D4459AC4 		.ascii	"\324E\232\304\244\005\3177)\\\2078$m\035\320*e\352^"
 175      A405CF37 
 175      295C8738 
 175      246D1DD0 
 175      2A65EA5E 
 176 0397 18C4421B 		.ascii	"\030\304B\033\256\015\3419Y\236]\326\025:M\337\227\330"
 176      AE0DE139 
ARM GAS  /tmp/ccAY91rZ.s 			page 14


 176      599E5DD6 
 176      153A4DDF 
 176      97D8
 177 03a9 CD69B24C 		.ascii	"\315i\262L\234\234\005+\030\264\323\332\304\251\332"
 177      9C9C052B 
 177      18B4D3DA 
 177      C4A9DA
 178 03b8 BBE8174E 		.ascii	"\273\350\027N\271\030tLt\177'\232\251\213\334\337E\356"
 178      B918744C 
 178      747F279A 
 178      A98BDCDF 
 178      45EE
 179 03ca 07D64C59 		.ascii	"\007\326LY\177\332\177\362Q\370\334^\330\257\345\240"
 179      7FDA7FF2 
 179      51F8DC5E 
 179      D8AFE5A0 
 180 03da 4A53C5F1 		.ascii	"JS\305\361\324W\256\331d\024\012\272a\256\220\362n\260"
 180      D457AED9 
 180      64140ABA 
 180      61AE90F2 
 180      6EB0
 181 03ec B54DC237 		.ascii	"\265M\3027\320\003\262\250\233A\257\370q9\\U\023\210"
 181      D003B2A8 
 181      9B41AFF8 
 181      71395C55 
 181      1388
 182 03fe 981B30D9 		.ascii	"\230\0330\331\323\010{\277\360\344%\273`\367\021\033"
 182      D3087BBF 
 182      F0E425BB 
 182      60F7111B 
 183 040e 6E802CBC 		.ascii	"n\200,\274,z\300h\010\272\263:\316\201!|\364\370)\230"
 183      2C7AC068 
 183      08BAB33A 
 183      CE81217C 
 183      F4F82998 
 184 0422 EEC50395 		.ascii	"\356\305\003\225A\000\247\000\027\372w\356\334\306q"
 184      4100A700 
 184      17FA77EE 
 184      DCC671
 185 0431 013FBEC7 		.ascii	"\001?\276\307\240\363\031$\006\361\030\364C\252\316"
 185      A0F31924 
 185      06F118F4 
 185      43AACE
 186 0440 A329AE2F 		.ascii	"\243)\256/F\014I\035\015I4\211\370\340Vg\236\325\324"
 186      460C491D 
 186      0D493489 
 186      F8E05667 
 186      9ED5D4
 187 0453 71D4ADD2 		.ascii	"q\324\255\322\004\267\372f\352\374\005\244\300\315I"
 187      04B7FA66 
 187      EAFC05A4 
 187      C0CD49
 188 0462 ED3A136E 		.ascii	"\355:\023n\011\273ZI\274\001P\351W\354\331_\376(\012"
 188      09BB5A49 
 188      BC0150E9 
 188      57ECD95F 
 188      FE280A
ARM GAS  /tmp/ccAY91rZ.s 			page 15


 189 0475 F6224830 		.ascii	"\366\"H0\210,1p]\243\311\236\033\275\240\352\301C\313"
 189      882C3170 
 189      5DA3C99E 
 189      1BBDA0EA 
 189      C143CB
 190 0488 68742B0C 		.ascii	"ht+\014\211\3506\212\036$_)\330\230\315\276\203{\270"
 190      89E8368A 
 190      1E245F29 
 190      D898CDBE 
 190      837BB8
 191 049b D8DFF8AE 		.ascii	"\330\337\370\256\314\362\022\020n\213\263\201:v,X\372"
 191      CCF21210 
 191      6E8BB381 
 191      3A762C58 
 191      FA
 192 04ac 772455F2 		.ascii	"w$U\362\022\3128\014\263u\036#lI\347\336\330]\207\341"
 192      12CA380C 
 192      B3751E23 
 192      6C49E7DE 
 192      D85D87E1 
 193 04c0 F21DD365 		.ascii	"\362\035\323e\245\331es\214c\317\024\376\351\376\236"
 193      A5D96573 
 193      8C63CF14 
 193      FEE9FE9E 
 194 04d0 2AFB88A6 		.ascii	"*\373\210\246w\204\246w\205\246\241\002\3363\004\354"
 194      7784A677 
 194      85A6A102 
 194      DE3304EC 
 195 04e0 EED97EF7 		.ascii	"\356\331~\367\013\221\3028vd\363T\033\204\352v\241&"
 195      0B91C238 
 195      7664F354 
 195      1B84EA76 
 195      A126
 196 04f2 A983F41F 		.ascii	"\251\203\364\037\272\375\273,\213\213\265LT\014\317"
 196      BAFDBB2C 
 196      8B8BB54C 
 196      540CCF
 197 0501 CAFBB098 		.ascii	"\312\373\260\230\015cm\271bx\037\002\247\226H\235M\005"
 197      0D636DB9 
 197      62781F02 
 197      A796489D 
 197      4D05
 198 0513 8B712FFC 		.ascii	"\213q/\374qY3\340Y\011\024\0133\316\211\217W\215?\227"
 198      715933E0 
 198      5909140B 
 198      33CE898F 
 198      578D3F97 
 199 0527 4775A7A8 		.ascii	"Gu\247\250\036\267Cu\254]\275q\335*g\222#\336\301$g"
 199      1EB74375 
 199      AC5DBD71 
 199      DD2A6792 
 199      23DEC124 
 200 053c B28CF789 		.ascii	"\262\214\367\211r\262;\311%%\177\316W\271\327H)\253"
 200      72B23BC9 
 200      25257FCE 
 200      57B9D748 
 200      29AB
ARM GAS  /tmp/ccAY91rZ.s 			page 16


 201 054e F9D79E64 		.ascii	"\371\327\236d)%9\224\235\264\316\361\345\372\325\211"
 201      29253994 
 201      9DB4CEF1 
 201      E5FAD589 
 202 055e 18C1B3D1 		.ascii	"\030\301\263\321\023\277\226Y?[\345I\374\330\235\264"
 202      13BF9659 
 202      3F5BE549 
 202      FCD89DB4 
 203 056e 702CCEE1 		.ascii	"p,\316\341r:]\353\324d\227;\305\243~\270,aI\302\006"
 203      723A5DEB 
 203      D464973B 
 203      C5A37EB8 
 203      2C6149C2 
 204 0583 24385CEE 		.ascii	"$8\\\356\304\225_\275\353D\326\373\223\240\0237\244"
 204      C4955FBD 
 204      EB44D6FB 
 204      93A01337 
 204      A4
 205 0594 10565D92 		.ascii	"\020V]\222\260|\351ru\011\202\325\245#\311\234\236$"
 205      B07CE972 
 205      750982D5 
 205      A523C99C 
 205      9E24
 206 05a6 CFCA350E 		.ascii	"\317\3125\016\007R\247&,_\026KI\261\334\005\261qo2\311"
 206      0752A726 
 206      2C5F164B 
 206      49B1DC05 
 206      B1716F32 
 207 05bb CDACCE44 		.ascii	"\315\254\316D\247\313\275\221\375\007K)\017\362"
 207      A7CBBD91 
 207      FD074B29 
 207      0FF2
 208              		.text
 209              		.section	.gnu.lto_.symbol_nodes.918a39a0b30204cf,"",%progbits
 210 0000 789C55C9 		.ascii	"x\234U\311\273\015\2000\020\003P;\037\306`\026\230\354"
 210      BB0D8030 
 210      1003503B 
 210      1FC66016 
 210      98EC
 211 0012 D2215151 		.ascii	"\322!QQS3\00555\023PPd\010~\2128\240!\205e\353\271\000"
 211      53330535 
 211      35135050 
 211      64087E8A 
 211      38A02185 
 212 002a D06B6036 		.ascii	"\320k`6\012\320\315\200\326\030j\225\235\302LxQ\314"
 212      0AD0CD80 
 212      D6186A95 
 212      9DC24C78 
 212      51CC
 213 003c 2B400895 		.ascii	"+@\010\225\302I\261\031\034\024\227A\242\370?X8\014"
 213      C249B119 
 213      1C149741 
 213      A2F83F58 
 213      380C
 214 004e 6BA2D535 		.ascii	"k\242\32555Kia0\264\332\364\237\353\023\037\247AT\307"
 214      354B6961 
 214      30B4DAF4 
ARM GAS  /tmp/ccAY91rZ.s 			page 17


 214      9FEB131F 
 214      A74154C7 
 215 0062 0D544B29 		.ascii	"\015TK)("
 215      28
 216              		.text
 217              		.section	.gnu.lto_.refs.918a39a0b30204cf,"",%progbits
 218 0000 789C6363 		.ascii	"x\234cc```\004b\006\000\000D\000\010"
 218      60606004 
 218      62060000 
 218      440008
 219              		.text
 220              		.section	.gnu.lto_.decls.918a39a0b30204cf,"",%progbits
 221 0000 789CB55A 		.ascii	"x\234\265ZiPTY\226\316\373nn@\0025\340t\333=\304LM\015"
 221      69505459 
 221      96CEFB6E 
 221      6E400235 
 221      E074DB3D 
 222 0018 DD45774F 		.ascii	"\335EwO\211VUWWOTLT\2151\323U\021]\023\035\355tL\324"
 222      89565557 
 222      574F544C 
 222      548D31D3 
 222      55115D13 
 223 0031 FC981C2A 		.ascii	"\374\230\034*\311\022\272\330&3)\313\231\037\235,\342"
 223      C912BAD8 
 223      263329CB 
 223      991F9D2C 
 223      E2
 224 0042 02A2282A 		.ascii	"\002\242(*\253\"\212\"\213`)\242\200\212\200\254\202"
 224      AB228A22 
 224      8B6029A2 
 224      808A80AC 
 224      82
 225 0053 208A0BAB 		.ascii	" \212\013\253\254\212\202\310\252\2420\347./\337\313"
 225      AC8A82C8 
 225      AAA230E7 
 225      2E2FDFCB 
 226 0063 2453AB7F 		.ascii	"$S\253\177L\006\227\367\316}\347\236\363\235s\3179\367"
 226      4C0697F7 
 226      CE7DE79E 
 226      F39D73CF 
 226      39F7
 227 0075 BE45AD50 		.ascii	"\276E\255P(\252\326*\024\373\324\012\205VP(\226\341"
 227      28AAD62A 
 227      14FBD40A 
 227      85565028 
 227      96E1
 228 0087 87A1EF32 		.ascii	"\207\241\35724\017h\371\210\235\177\004\307\0218^\204"
 228      340F68F9 
 228      889D7F04 
 228      C711385E 
 228      84
 229 0098 A31E8E7E 		.ascii	"\243\036\216~\320`\210\342\032\320_\300q\014\216\012"
 229      D06088E2 
 229      1AD05FC0 
 229      710C8E0A 
 230 00a8 DE370DE7 		.ascii	"\3367\015\347\317\241-CS\201L\017h\336\202b\305o\004"
 230      CFA12D43 
ARM GAS  /tmp/ccAY91rZ.s 			page 18


 230      53814C0F 
 230      68DE8262 
 230      C56F04
 231 00bb 14FD188E 		.ascii	"\024\375\030\216>\320VA\333\210\\\353k\203\343 \034"
 231      3ED05641 
 231      DB885CEB 
 231      6B83E320 
 231      1C
 232 00cc DF87E31B 		.ascii	"\337\207\343\033\002\323\351\016G\037h?\204\266Z`X\224"
 232      02D3E90E 
 232      471F683F 
 232      84B65A60 
 232      5894
 233 00de 700C81E3 		.ascii	"p\014\201\343\337\"\206\361G\002\303\264\004\264\006"
 233      DF2286F1 
 233      4702C3B4 
 233      04B406
 234 00ed 8E0D70BC 		.ascii	"\216\015p\274\002\255\005Z#\264fhu\320\366Cs\343\330"
 234      02AD055A 
 234      23B46668 
 234      75D0F643 
 234      73E3D8
 235 0100 FD60CC9B 		.ascii	"\375`\314\233\320~\302\261\277\015\355\347\002\263e"
 235      D07EC2B1 
 235      BF0DEDE7 
 235      02B365
 236 010f 19ADB463 		.ascii	"\031\255\264c\016\354\370+\007;\210?\\\331\360\005\267"
 236      0EECF82B 
 236      073B883F 
 236      5CD9F005 
 236      B7
 237 0120 E31720CF 		.ascii	"\343\027 \317\013\332\010\267\371\317\261\305Mf\313"
 237      0BDA08B7 
 237      F9CFB1C5 
 237      4D66CB
 238 012f A00B7B42 		.ascii	"\240\013{B9\337s\007\233\274\235\330D\314z\337a\216"
 238      39DF7307 
 238      9BBC9DD8 
 238      44CC7ADF 
 238      618E
 239 0141 5231EA88 		.ascii	"R1\352\210/\315\302\211\030\371\270#%\220OZ3\206\274"
 239      2FCDC289 
 239      18F9B823 
 239      25904F5A 
 239      3386BC
 240 0154 805CE58E 		.ascii	"\200\\\345\216\336\0042\243r\266Y\305\256j\201\274>"
 240      DE0432A3 
 240      72B659C5 
 240      AE6A81BC 
 240      3E
 241 0165 7535DB83 		.ascii	"u5\333\203\221o\000yv\264\251\336\2351[\021\320\345"
 241      916F0079 
 241      76B4A9DE 
 241      9D315B11 
 241      D0E5
 242 0177 9385E59E 		.ascii	"\223\205\345\236\214\256&\262\317\317X\317xb\001\221"
 242      8CAE26B2 
ARM GAS  /tmp/ccAY91rZ.s 			page 19


 242      CFCF58CF 
 242      78620191 
 243 0187 F3BAD9FE 		.ascii	"\363\272\331\376c:\354F\317\247\373\362\013\334\260"
 243      633AEC46 
 243      CFA7FBF2 
 243      0BDCB0
 244 0196 173DEF6D 		.ascii	"\027=\357m<QH\364\177\341\216HdzCW\311\243\363\317<"
 244      3C5148F4 
 244      7FE18E48 
 244      647A4357 
 244      C9A3F3CF 
 245 01ab 5917E1A8 		.ascii	"Y\027\341\250LJ\311V\342U\364\374\340\203\255\007Uk"
 245      4C4AC956 
 245      E255F4FC 
 245      E083AD07 
 245      556B
 246 01bd 8AACECA7 		.ascii	"\212\254\354\247\375Z\201.\",\232r\364\331\343r\035"
 246      FD5A812E 
 246      222C9A72 
 246      F4D9E372 
 246      1D
 247 01ce FE88300A 		.ascii	"\376\2100\012\255\355\013\025Z\344\036\260\315j\215"
 247      ADED0B15 
 247      5AE41EB0 
 247      CD6A8D
 248 01dd B5E6C459 		.ascii	"\265\346\304Y\335>U\2403\310\017\235F~\012T\203\002"
 248      DD3E55A0 
 248      33C80F9D 
 248      467E0A54 
 248      8302
 249 01ef 88F04B68 		.ascii	"\210\360Kh\215\002]\200\316*\350<F\004V\367\247\275"
 249      8D025D80 
 249      CE2AE83C 
 249      460456F7 
 249      A7BD
 250 0201 55D967B5 		.ascii	"U\331g\265\276\211.#\260\001a\312\003\276\373\302\235"
 250      BE892E23 
 250      B00161CA 
 250      03BEFBC2 
 250      9D
 251 0212 A9D8DDF3 		.ascii	"\251\330\335\363\254\312\003\177C\261\344%\334\034\363"
 251      ACCA037F 
 251      43B1E425 
 251      DC1CF3
 252 0221 C2FF4BCF 		.ascii	"\302\377K\317\213j\322\233=\360VD\211\334\230\233-\236"
 252      8B6AD29B 
 252      3DF05644 
 252      89DC989B 
 252      2D9E
 253 0233 388911FD 		.ascii	"8\211\021\375\213}e\030\2470\242`i\266\331\033\357g"
 253      8B7D6518 
 253      A730A260 
 253      69B6D91B 
 253      EF67
 254 0245 44F7C1FA 		.ascii	"D\367\301\372\007:|\224\021Y\303;\223U$\034\250\346"
 254      073A7C94 
 254      1159C33B 
ARM GAS  /tmp/ccAY91rZ.s 			page 20


 254      9355241C 
 254      A8E6
 255 0257 0825E9AB 		.ascii	"\010%\351\253-^\254\306\264\017\3006#\3327\\?1\254\261"
 255      2D5EACC6 
 255      B40FC036 
 255      23DA375C 
 255      3F31ACB1 
 256 026b F1B5B0CE 		.ascii	"\361\265\260\316+\313\013\325\336lZ\004\331,\255b\263"
 256      2BCB0BD5 
 256      DE6C5A04 
 256      D92CAD62 
 256      B3
 257 027c 343A5391 		.ascii	"4:S\221\244Y\275\237\330\267;\316\372\206\200\364:\324"
 257      A459BD9F 
 257      D8B73BCE 
 257      FA8680F4 
 257      3AD4
 258 028e 0656B782 		.ascii	"\006V\267\202\325\012t\015\255\206\377WA\0205\2609\346"
 258      D50A740D 
 258      AD86FF57 
 258      411035B0 
 258      39E6
 259 02a0 529D876E 		.ascii	"R\235\207n\207\315k\344\272\315q\012\324\216t\334%\300"
 259      87CD6BE4 
 259      BACD710A 
 259      D48E74DC 
 259      25C0
 260 02b2 7B71B1B0 		.ascii	"{q\261\260U\300\305\324\000a\262\250\264\331\013\351"
 260      55C0C5D4 
 260      0061B2A8 
 260      B4D90BE9 
 261 02c2 025C0C45 		.ascii	"\002\\\014E\235\340si4\367v\311\332\364\353\304\333"
 261      9DE07369 
 261      34F776C9 
 261      DAF4EBC4 
 261      DB
 262 02d3 D7E14287 		.ascii	"\327\341B\207\344m\340c\032R\367\337.\360\306\203\314"
 262      E46DE063 
 262      1A52F7DF 
 262      2EF0C683 
 262      CC
 263 02e4 45E72E4C 		.ascii	"E\347.L\274\313\214\364\003\252\242\367I57r\200\304"
 263      BCCB8CF4 
 263      03AAA2F7 
 263      49353772 
 263      80C4
 264 02f6 5E7EC9C9 		.ascii	"^~\311\311[\036x\222\261\026.\304\227y\343iF\210Q\351"
 264      5B1E7892 
 264      B1162EC4 
 264      9779E369 
 264      468851E9 
 265 030a C3A3327F 		.ascii	"\303\2432\1774+Y\307\350\017\201\274\321\336\227\207"
 265      342B59C7 
 265      E80F81BC 
 265      D1DE9787 
 266 031a F1536417 		.ascii	"\361Sd\027\215o\257\214\306\267Y4^\3375}T\203chP\013"
 266      8D6FAF8C 
ARM GAS  /tmp/ccAY91rZ.s 			page 21


 266      C6B75934 
 266      5EDF357D 
 266      54836368 
 267 0330 FD77167B 		.ascii	"\375w\026{\274\\E\331\000X\3746\217\262^\350\354\261"
 267      BC5C45D9 
 267      0058FC36 
 267      8FB25EE8 
 267      ECB1
 268 0342 45D958D3 		.ascii	"E\331X\323?\246O\023\273\373a\016\373$\273\337\346Q"
 268      3FA64F13 
 268      BBFB610E 
 268      FB24BBDF 
 268      E651
 269 0354 76E2684A 		.ascii	"v\342hJ\256\032W0\035\225\231#W\004W:\206\\\352\350"
 269      AE1A5730 
 269      1D959923 
 269      5704573A 
 269      865CEAE8 
 270 0368 BFFD56FD 		.ascii	"\277\375V\375\026\253U@\203\240\343\236\244\003T2%\326"
 270      16AB5540 
 270      83A0E39E 
 270      A4035432 
 270      25D6
 271 037a D4C5439E 		.ascii	"\324\305C\236x\224)y\034\227\231\347\322\220Q\227J\026"
 271      78942979 
 271      1C9799E7 
 271      D2905197 
 271      4A16
 272 038c 7A3FBCB9 		.ascii	"z?\274\271\225(\031\001%\303\222\222AQI\317\351\235"
 272      95281901 
 272      25C39292 
 272      415149CF 
 272      E99D
 273 039e B55A7C1C 		.ascii	"\265Z|\034\263D.\257\252\347\305d-\220q\303\331\367"
 273      B3442EAF 
 273      AAE7C564 
 273      2D9071C3 
 273      D9F7
 274 03b0 BC7009BB 		.ascii	"\274p\011\273V\277+>\311\035\237\243\2040\327\361(]"
 274      56BF2B3E 
 274      C91D9FA3 
 274      8430D7F1 
 274      285D
 275 03c2 ED0ACD23 		.ascii	"\355\012\315#\227h\232\325\037\243\207\000d\334\011"
 275      97689AD5 
 275      1FA38700 
 275      64DC09
 276 03d1 90CC99DE 		.ascii	"\220\314\231\336\007nLw\000\361p\305L\236\032\3271\335"
 276      076E4C77 
 276      00F170C5 
 276      4C9E1AD7 
 276      31DD
 277 03e3 75439D8D 		.ascii	"uC\235\215*\334\312\210\234\232{\357\340>v^\261\257"
 277      2ADCCA88 
 277      9C9A7BEF 
 277      E03E765E 
 277      B1AF
ARM GAS  /tmp/ccAY91rZ.s 			page 22


 278 03f5 6A428B87 		.ascii	"jB\213\207\0301\270\274\364G<\303\316\267\027m\257\367"
 278      1831B8BC 
 278      F4473CC3 
 278      CEB7176D 
 278      AFF7
 279 0407 C28B8CC8 		.ascii	"\302\213\214\310\275T\371H\203\023\225\224\020\353\247"
 279      BD54F948 
 279      83139594 
 279      10EBA7
 280 0416 0FAB9FF9 		.ascii	"\017\253\237\371\343\375/0\316`\327\356\3654\224z\341"
 280      E3FD2F30 
 280      CE60D7EE 
 280      F534947A 
 280      E1
 281 0427 2C46542E 		.ascii	",FT.dVz\343#\214h\035Z\236v\307\005\214(\317X\252V\342"
 281      64567AE3 
 281      238C681D 
 281      5A9E76C7 
 281      058C28CF 
 282 043f 538CD8B2 		.ascii	"S\214\330\262\263\370\000)\261j\026\220\032R\002\246"
 282      B3F80029 
 282      B16A1690 
 282      1A5202A6 
 283 044f 9E9F55B2 		.ascii	"\236\237U\262.b\366\267\320\225\235\336s\312\013\227"
 283      2E62F6B7 
 283      D0959DDE 
 283      73CA0B97 
 284 045f D121C2C5 		.ascii	"\321!\302\305\316s\361\236(\300]\214\265\017\322\247"
 284      CE73F19E 
 284      28C05D8C 
 284      B50FD2A7 
 285 046f 48AC2D83 		.ascii	"H\254-\203g^J\236Q\023\307l#,\216\016^\002\007\253\271"
 285      675E4A9E 
 285      5113C76C 
 285      232C8E0E 
 285      5E0207AB 
 286 0484 835F40E7 		.ascii	"\203_@\347\"t\222\242\375l\352\214\022_b:N\357}\221"
 286      227492A2 
 286      FD6CEA8C 
 286      125F623A 
 286      4EEF7D91 
 287 0498 E665D3D1 		.ascii	"\346e\323\321\177\373\3352\032k\261\002`\022l:\226\221"
 287      7FFBDD32 
 287      1A6BB102 
 287      60126C3A 
 287      9691
 288 04aa 4B253182 		.ascii	"K%1\202S%\367\254\213\351:\334\300\224d\326\344\236"
 288      5325F7AC 
 288      8BE93ADC 
 288      C09464D6 
 288      E49E
 289 04bc 166C4A16 		.ascii	"\026lJ\026z\377\276\213\306\332\026P\022')\001\235\256"
 289      7AFFBE8B 
 289      C6DA1650 
 289      12272901 
 289      9DAE
 290 04ce 94C43B57 		.ascii	"\224\304;W\362|\357\3712\017\334\312\034\234\270o\342"
ARM GAS  /tmp/ccAY91rZ.s 			page 23


 290      F27CEFF9 
 290      320FDCCA 
 290      1C9CB86F 
 290      E2
 291 04df 9817EE64 		.ascii	"\230\027\356d\304\342\375\324;\210\315\236\016\310\330"
 291      C4E2FDD4 
 291      3B88CD9E 
 291      0EC8D8
 292 04ee CA3B29DE 		.ascii	"\312;)\336\274\306\320\334\177\276mI\211\007\030\357"
 292      BCC6D0DC 
 292      7FBE6D49 
 292      890718EF 
 293 04fe ADA4CE6E 		.ascii	"\255\244\316n5\276\317\240\226\267\364@4\210P\237\253"
 293      35BECFA0 
 293      96B7F440 
 293      3488509F 
 293      AB
 294 050f 3E463B01 		.ascii	">F;\001e\342\367B\231\344\034e\375\265\234\031-\236"
 294      65E2F742 
 294      99E41C65 
 294      FDB59C19 
 294      2D9E
 295 0521 64CACEA7 		.ascii	"d\312\316\247\354\201H\234eD_Zb%,6*J\\\3345}\316\015"
 295      EC81489C 
 295      65445F5A 
 295      62252C36 
 295      2A4A5CDC 
 296 0539 273362EB 		.ascii	"'3b\353\323\301Ro|\200\021\343q\325\367\224\370 #J\266"
 296      D3C1526F 
 296      7C8011E3 
 296      71D5F794 
 296      F820234A 
 297 054e 0C9FD082 		.ascii	"\014\237\320\202)~\020GHV\325\374XU;S=S\254\304G(\257"
 297      297E1047 
 297      4856D5FC 
 297      58553B53 
 297      3D53ACC4 
 298 0565 70AA78F8 		.ascii	"p\252x\370\217\262\370Y\263\205\272=\015\014\332/\031"
 298      8FB2F859 
 298      B385BA3D 
 298      0D0CDA2F 
 298      19
 299 0576 E4C7ED89 		.ascii	"\344\307\355\211\265Z\217X\361j\005z\317\017\255\005"
 299      B55A8F58 
 299      F16A057A 
 299      CF0FAD05 
 300 0586 6B0E8035 		.ascii	"k\016\2005~\334\232}\202\037J\025\2505'\016\345\327"
 300      7EDC9A7D 
 300      821F4A15 
 300      A835270E 
 300      E5D7
 301 0598 79E262A6 		.ascii	"y\342b\246\240\257\370q\033\226E\317[\247i\364d\202"
 301      A0AFF871 
 301      1B9645CF 
 301      5BA769F4 
 301      6482
 302 05aa 86744943 		.ascii	"\206tIC\232\340BE\206s\025\261{;\213\334p\031S\021{"
ARM GAS  /tmp/ccAY91rZ.s 			page 24


 302      9AE04245 
 302      867315B1 
 302      7B3B8BDC 
 302      70195311 
 303 05bf 65778746 		.ascii	"ew\207F,!\366\303\017:\031.\206\330ZV\316\262\001I\226"
 303      2C21F6C3 
 303      0F3A192E 
 303      86D85A56 
 303      CEB20149 
 304 05d4 842453E0 		.ascii	"\204$S\340Ud_\306\350j|\201y41i\251\004\343Z\246n\""
 304      55645FC6 
 304      E86A7C81 
 304      79343169 
 304      A904E35A 
 305 05eb 39BF5CED 		.ascii	"9\277\\\355\\]\256Ku\327!L\016\203\246\034'\232z\263"
 305      5C5DAE4B 
 305      75D7214C 
 305      0E83A61C 
 305      279A7AB3 
 306 05ff 1FCF2871 		.ascii	"\037\317(q\013Su\264\266\244C\203;\230\252;s-{\245\254"
 306      0B5375B4 
 306      B6A44383 
 306      3B98AA3B 
 306      732D7BA5 
 307 0614 B80B328E 		.ascii	"\270\0132\216\201\214\243\2162\234 \311s\356\267\311"
 307      818CA38E 
 307      329C20C9 
 307      73EEB7C9 
 308 0624 F89101BE 		.ascii	"\370\221\001\276\251[M\262#5\355=|\227)\236\310k\373"
 308      A95B4DB2 
 308      2335ED3D 
 308      7C97299E 
 308      C86BFB
 309 0637 8E54CD00 		.ascii	"\216T\315\000w\364'Y\320\004\260\240\311J\031<\340\206"
 309      77F42759 
 309      D004B0A0 
 309      C94A193C 
 309      E086
 310 0649 EF3158E9 		.ascii	"\3571X\351sg\026m+Hi\234\365/b\326)\3209\010\3472\022"
 310      7367166D 
 310      2B48699C 
 310      F52F62D6 
 310      29D03908 
 311 0660 E3C5A03A 		.ascii	"\343\305\240:\200\253.\000\325'\004i-\374i6]\013\213"
 311      80AB2E00 
 311      D5270469 
 311      2DFC6936 
 311      5D0B8B
 312 0673 C08A42C9 		.ascii	"\300\212B\311\212\000\356\210\255\361\371\273<\360#"
 312      8A00EE88 
 312      ADF1F9BB 
 312      3CF023
 313 0682 A62475D7 		.ascii	"\246$u\327`\267F^v\032h\340\224\302\320\223\322\320"
 313      60B7465E 
 313      761A68E0 
 313      94C2D093 
 313      D2D0
ARM GAS  /tmp/ccAY91rZ.s 			page 25


 314 0694 22C9012B 		.ascii	"\"\311\001+\200\2248\001BR\252\244\273N\211\347\230"
 314      80943801 
 314      4252AAA4 
 314      BB4E89E7 
 314      98
 315 06a5 96B9ED13 		.ascii	"\226\271\355\0239\256M9\355\322\224\206F|\273\026\366"
 315      39AE4D39 
 315      EDD29486 
 315      467CBB16 
 315      F6
 316 06b6 3F4AF41D 		.ascii	"?J\364\035\000:%\001*\025g\265\"i.\336nwE\030\245\335"
 316      003A2501 
 316      2A1567B5 
 316      22692EDE 
 316      6E774518 
 317 06cc D51941C7 		.ascii	"\325\031A\307\267\262\261\203g\273\020.PS?\337|z\341"
 317      B7B2B183 
 317      67BB102E 
 317      50533FDF 
 317      7C7AE1
 318 06df B90E9750 		.ascii	"\271\016\227PBY\024W0\245D\001~\010F!\346\010\262\023"
 318      42591457 
 318      30A54401 
 318      7E084621 
 318      E608B213 
 319 06f3 56A00A10 		.ascii	"V\240\012\020uV\300\342\326>\303\012\360\247\376D\272"
 319      7556C0E2 
 319      D63EC30A 
 319      F0A7FE44 
 319      BA
 320 0704 E15C4B8F 		.ascii	"\341\\K\217Nb\242\034\254!\227\024\350<\330r\216y\343"
 320      4E62A21C 
 320      AC219714 
 320      E83CD872 
 320      8E79E3
 321 0717 5456E333 		.ascii	"TV\34337w\316\275\355u\334\367\236.\327\351\344FU\332"
 321      3777CEBD 
 321      ED75DCF7 
 321      9E2ED7E9 
 321      E44655DA 
 322 072b 19556533 		.ascii	"\031Ue3\352rk\334\011\017|\206\0315\370\362\360\260"
 322      EA726BDC 
 322      090F7C86 
 322      1935F8F2 
 322      F0B0
 323 073d 065730E2 		.ascii	"\006W0\342iZ\323QO\\\315\210=E\355\267`mfD\337\311\245"
 323      695AD351 
 323      4F5CCD88 
 323      3D45EDB7 
 323      606D6644 
 324 0754 2A356E60 		.ascii	"*5n`\304@l}\247\02673\342\311\344\215\027\236\270\215"
 324      C4406C7D 
 324      A7163733 
 324      E2C9E48D 
 324      179EB88D 
 325 0768 11D66717 		.ascii	"\021\326g\027\357\252\361uFt\357{:\340\206o2\242\361"
 325      EFAAF175 
ARM GAS  /tmp/ccAY91rZ.s 			page 26


 325      4674EF7B 
 325      3AE0866F 
 325      32A2F1
 326 077b 66E22525 		.ascii	"f\342%%\276\315\210\343-\003V\025\356fD\325\216\226"
 326      BECD88E3 
 326      2D035615 
 326      EE6644D5 
 326      8E96
 327 078d 175ADCC7 		.ascii	"\027Z\334\307\210\214\212\255\261\356\370\036#\012\227"
 327      888C8AAD 
 327      B1EEF81E 
 327      230A97
 328 079c 6776E9F0 		.ascii	"gv\351\3600\307V\325\221+\260\364\360'[\370\352\304"
 328      30C756D5 
 328      912BB0F4 
 328      F0275BF8 
 328      EAC4
 329 07ae 46CCD684 		.ascii	"F\314\326\204\034\330l{\\\316~z\020!\177\366\363\365"
 329      1CD86C7B 
 329      5CCE7E7A 
 329      10217FF6 
 329      F3F5
 330 07c0 0FF0CF25 		.ascii	"\017\360\317%\216\250n\350\303m\305;vZsj"
 330      8EA86EE8 
 330      C36DC53B 
 330      765A736A 
 331 07d0 10DD815D 		.ascii	"\020\335\201]\206h\270!\370JU\177\216:g\035\271\353"
 331      8668B821 
 331      F84A557F 
 331      8E3A671D 
 331      B9EB
 332 07e2 63239E7F 		.ascii	"c#\236\177\235a\255\216\307\224\273\321\221;\220\206"
 332      9D61AD8E 
 332      C794BBD1 
 332      913B9086 
 333 07f2 0792B86B 		.ascii	"\007\222\270k\302$\356\006G\3562G\331\2032\356ZG\356"
 333      C224EE06 
 333      47EE3247 
 333      D98332EE 
 333      5A47EE
 334 0805 E38203F7 		.ascii	"\343\202\003\367\264\014I\223S$2\346\2732\321u\216\314"
 334      B40C4993 
 334      532432E6 
 334      BB32D175 
 334      8ECC
 335 0817 679123EE 		.ascii	"g\221#\356\3532\366+\316\331\251\360\024z\273\002\015"
 335      EB32F62B 
 335      CED9A9F0 
 335      147ABB02 
 335      0D
 336 0828 6E4CD055 		.ascii	"nL\320U\010\266\026@\211\232\371\010\310+\324\005\261"
 336      08B61640 
 336      899AF908 
 336      C82BD405 
 336      B1
 337 0839 D821F8A3 		.ascii	"\330!\370\2436h\327\240\335\204\326\011\355:\264vh\267"
 337      3668D7A0 
ARM GAS  /tmp/ccAY91rZ.s 			page 27


 337      DD84D609 
 337      ED3AB476 
 337      68B7
 338 084b A0B50AFE 		.ascii	"\240\265\012\3764\031\230\356f\231\356z\347>cPY:O\336"
 338      341998EE 
 338      6699EE7A 
 338      E73E6350 
 338      593A4FDE 
 339 085f 7F2306F4 		.ascii	"\177#\006\364\0236\005\317dI\326\344#\237\3348k\343"
 339      133605CF 
 339      6449D6E4 
 339      239FDC38 
 339      6BE3
 340 0871 5A2AACC6 		.ascii	"Z*\254\306\271K\2310\210\231\256\201G\027\005y\206\310"
 340      B94B9930 
 340      8899AE81 
 340      47170579 
 340      86C8
 341 0883 9915E8B6 		.ascii	"\231\025\350\266-C\372\252r\027<\361A\015\011<\234w"
 341      2D43FAAA 
 341      72173CF1 
 341      410D093C 
 341      9C77
 342 0895 76F1A537 		.ascii	"v\361\2457\362\017\360e\032\273&V\035\241\032\201\035"
 342      F20FF065 
 342      1ABB2656 
 342      1DA11A81 
 342      1D
 343 08a6 5583C61E 		.ascii	"U\203\306\036\347\323\302\300\267M0\360=\366\340S\370"
 343      E7D3C2C0 
 343      B74D30F0 
 343      3DF6E053 
 343      F8
 344 08b7 0684BAD5 		.ascii	"\006\204\272\3256\370\016\227F\334\332\015n\275\313"
 344      36F80E97 
 344      46DCDA0D 
 344      6EBDCB
 345 08c6 DD465221 		.ascii	"\335FR!vl\002\343B\212\010=\034-\354\022p)#\262\372"
 345      766C02E3 
 345      428A083D 
 345      1C2DEC12 
 345      702923B2 
 346 08db 6BFAF88E 		.ascii	"k\372\370\216\272\216\320g\373S\267\353xb\220'\011c"
 346      BA8ED067 
 346      FB53B7EB 
 346      78629027 
 346      0963
 347 08ed F3F35D70 		.ascii	"\363\363]p\023\303\230O/\237H\300\270\232\021/\362\256"
 347      13C3984F 
 347      2F9F48C0 
 347      B89A112F 
 347      F2AE
 348 08ff DDD6E226 		.ascii	"\335\326\342&F\\~y'\313\035_\247\304G\263\347o\035\364"
 348      465C7E79 
 348      27CB1D5F 
 348      A7C447B3 
 348      E76F1DF4 
ARM GAS  /tmp/ccAY91rZ.s 			page 28


 349 0913 44BEFE3A 		.ascii	"D\276\376:_H%\362\037\376\374\311y\000\374H~\301\377"
 349      5F4825F2 
 349      1FFEFCC9 
 349      7900FC48 
 349      7EC1FF
 350 0926 55FEF40A 		.ascii	"U\376\364\012d\232\277NG:\003\374m\277\200\000\347\006"
 350      649ABF4E 
 350      473A03FC 
 350      6DBF8000 
 350      E706
 351 0938 CEC0BE77 		.ascii	"\316\300\276w\204\033h\305\001h\324..n-\342\227\265"
 351      841B68C5 
 351      0168D42E 
 351      2E6E2DE2 
 351      97B5
 352 094a C92C57C7 		.ascii	"\311,W\307\300\271\265\234\333\211sesx\337n\016\311"
 352      C0B9B59C 
 352      DB897365 
 352      7378DF6E 
 352      0EC9
 353 095c 38E666BB 		.ascii	"8\346f\273\310\035\200\310\355'\221\233\003Z\3079\202"
 353      C81D80C8 
 353      ED27919B 
 353      035AC739 
 353      82
 354 096d 43707E10 		.ascii	"Cp~\020\373\243lhY\3202\241e@K\207\226\006\355\000\264"
 354      FBA36C68 
 354      59D032A1 
 354      65404B87 
 354      9606ED00 
 355 0982 FDD0F641 		.ascii	"\375\320\366A\213\205\266\004\221\374\022\332\013h\217"
 355      8B85B604 
 355      91FC12DA 
 355      0B688F
 356 0991 A03D84F6 		.ascii	"\240=\204\366\300\316\202\351\337\262\310\206;\373{"
 356      C0CE82E9 
 356      DFB2C886 
 356      3BFB7B
 357 09a0 3097E372 		.ascii	"0\227\343r\360w\\$\225\015Z\037\037\361\377\003m\251"
 357      F0775C24 
 357      950D5A1F 
 357      1FF1FF03 
 357      6DA9
 358 09b2 C587852D 		.ascii	"\305\207\205-\271E\354F\016\340\356\256(\020}-<\314"
 358      B945EC46 
 358      0EE0EEAE 
 358      28107D2D 
 358      3CCC
 359 09c4 27C0A363 		.ascii	"'\300\243c\316\371\035\247b\322n*&X:\331\031[\016W\317"
 359      CEF91DA7 
 359      62D26E2A 
 359      26583AD9 
 359      195B0E57 
 360 09d9 D21B6630 		.ascii	"\322\033f0v\222\033\373\034B}\006\000OC{l\007\272{\031"
 360      76921BFB 
 360      1C427D06 
 360      004F437B 
ARM GAS  /tmp/ccAY91rZ.s 			page 29


 360      6C07BA7B 
 361 09ee 2F9DB15A 		.ascii	"/\235\261Z\267\253\321\024\217\207IW\265B\006\343\211"
 361      B7ABD114 
 361      8F874957 
 361      B54206E3 
 361      89
 362 09ff 1D8CA957 		.ascii	"\035\214\251W\301X\004\325\257\2071x\034[\217\256\246"
 362      C15804D5 
 362      AF873178 
 362      1C5B8FAE 
 362      A6
 363 0a10 B175DB39 		.ascii	"\261u\3339\006\261\020C\306w\035\320\304\320 \230\005"
 363      06B11043 
 363      C6771DD0 
 363      C4D02098 
 363      05
 364 0a21 B6046EA6 		.ascii	"\266\004n\246m\327\022\350<\010l\327\237\001\210y\016"
 364      6DD712E8 
 364      3C086CD7 
 364      9F018879 
 364      0E
 365 0a32 E8299C2F 		.ascii	"\350)\234/\000\2309\307,\331yE\226%S\200h\336\305\032"
 365      009839C7 
 365      2CD97945 
 365      96255380 
 365      68DEC51A 
 366 0a46 E55CC763 		.ascii	"\345\\\307c>\302\265\216\301\000\026\307b\026\256\224"
 366      3EC2B58E 
 366      C10016C7 
 366      6216AE94 
 367 0a56 2F2B717D 		.ascii	"/+q}\371\254\304\315\333\2278\2767LT\355<\262\207\354"
 367      F9ACC4CD 
 367      DB9738BE 
 367      374C54ED 
 367      3CB287EC 
 368 0a6a C5883B9E 		.ascii	"\305\210;\236H\367\275\204\333\306\264\214\237\225\222"
 368      48F7BD84 
 368      DBC6B48C 
 368      9F9592
 369 0a79 BDE7A433 		.ascii	"\275\347\2443\021\243\3735\260\261\242\263:,\355\345"
 369      11A3FB35 
 369      B0B1A2B3 
 369      3A2CEDE5 
 370 0a89 26E97806 		.ascii	"&\351x\006\267s\021\0275%Xw\007\321\307\016\017\034"
 370      B7731117 
 370      35255877 
 370      07D1C70E 
 370      0F1C
 371 0a9b 83F5BE7D 		.ascii	"\203\365\276}p\203\310\351\317\244)\232\344\3546\367"
 371      7083C8E9 
 371      CFA4299A 
 371      E4EC36F7 
 372 0aab 4CAC60AF 		.ascii	"L\254`\257\371\214\271c\031\330\246\035\245O8\344\365"
 372      F98CB963 
 372      19D8A61D 
 372      A54F38E4 
 372      F5
ARM GAS  /tmp/ccAY91rZ.s 			page 30


 373 0abc 8AA21703 		.ascii	"\212\242\027\003\271\354\254\350q\353\0161\357\215\270"
 373      B9ECACE8 
 373      71EB0E31 
 373      EF8DB8
 374 0acb F0DED2EE 		.ascii	"\360\336\322\356\030\362\320\000\306\317J\316\033\021"
 374      18F2D000 
 374      C6CF4ACE 
 374      1B11
 375 0ad9 8DB7D278 		.ascii	"\215\267\322xH<\301\343!\016\257B\363\216\000\347d\366"
 375      483CC1E3 
 375      210EAF42 
 375      F38E00E7 
 375      64F6
 376 0aeb EC718650 		.ascii	"\354q\206PA\307\021x\251\000o/\224\223=\320R\240\355"
 376      41C71178 
 376      A9006F2F 
 376      94933DD0 
 376      52A0ED
 377 0afe 8496042D 		.ascii	"\204\226\004-\001\332\026h\361\330n\035\377\224\271"
 377      01DA1668 
 377      F1D86E1D 
 377      FF94B9
 378 0b0d 85387D01 		.ascii	"\2058}\001\264\022).\367'm\227d\365\344\351\353\270"
 378      B412292E 
 378      F7276D97 
 378      64F5E4E9 
 378      EBB8
 379 0b1f 6BFE9189 		.ascii	"k\376\221\211\336\212u\350\231kfY\322o\303\362\244\207"
 379      DE8A75E8 
 379      996B6659 
 379      D26FC3F2 
 379      A487
 380 0b31 712B927E 		.ascii	"q+\222~;\024\332m\244\320n\205(\"\354\304\342D\260x"
 380      3B14DA6D 
 380      A4D06E85 
 380      2822ECC4 
 380      E244B078 
 381 0b45 0758B65D 		.ascii	"\007X\266]\262\214\334A\244\251\036O\337\267Z\367\350"
 381      B28CDC41 
 381      A4A91E4F 
 381      DFB75AF7 
 381      E8
 382 0b56 E8538EE7 		.ascii	"\350S\216\347\010\333\311_\231\364\343? \005B\314x\302"
 382      08DBC95F 
 382      99F4E33F 
 382      200542CC 
 382      78C2
 383 0b68 EB24E3F9 		.ascii	"\353$\343\371\204'\250H8\003\217\303n\206\315\345\265"
 383      8427A848 
 383      38038FC3 
 383      6E86CDE5 
 383      B5
 384 0b79 E37C2EC9 		.ascii	"\343|.\311\203\213\035\302k\374\324U\305\275\232\014"
 384      838B1DC2 
 384      6BFCD455 
 384      C5BD9A0C 
 385 0b89 8E4A76CD 		.ascii	"\216Jv\315-s\324.\340\224\034\225\314\034\345b=E\273"
ARM GAS  /tmp/ccAY91rZ.s 			page 31


 385      2D73D42E 
 385      E0941C95 
 385      CC1CE562 
 385      3D45BB
 386 0b9c C13DD292 		.ascii	"\301=\322\222j\013\312g\267I\266\022I\273\244\214\034"
 386      6A0BCA67 
 386      B749B612 
 386      49BBA48C 
 386      1C
 387 0bad A385D656 		.ascii	"\243\205\326V\244*\033\270!\260\030\356~\245\035\304"
 387      A42A1BB8 
 387      21B018EE 
 387      7EA51DC4 
 388 0bbd 29157C75 		.ascii	")\025|u\"V\247\274\216{\374\327,:\010\363\036\327\314"
 388      2256A7BC 
 388      8E7BFCD7 
 388      2C3A08F3 
 388      1ED7CC
 389 0bd0 0CEEFC39 		.ascii	"\014\356\37495\3617\360\254\334=v\235\364\211\213\263"
 389      35F137F0 
 389      ACDC3D76 
 389      9DF4898B 
 389      B3
 390 0be1 A6ADA50F 		.ascii	"\246\255\245\017\032\366\362\365\227\337c\261\264i\223"
 390      1AF6F2F5 
 390      97DF63B1 
 390      B46993
 391 0bf0 2D89E3EF 		.ascii	"-\211\343\357\244Y\253c0}Vp\310\031\363{\022o3\347%"
 391      A459AB63 
 391      307D5670 
 391      C819F37B 
 391      126F33E7 
 392 0c05 CF048E38 		.ascii	"\317\004\2168\343\225M\342h\021\237D\270\357D\371\216"
 392      E3954DE2 
 392      68119F44 
 392      B8EF44F9 
 392      8E
 393 0c16 FB06F91E 		.ascii	"\373\006\371\036\226o\365\177\301\314\207;:T\346\234"
 393      966FF57F 
 393      C1CC873B 
 393      3A54E69C 
 394 0c26 5D7ECFF1 		.ascii	"]~\317\361s\251\226_p\344^ycpW\306~\3219\273l&\332\012"
 394      73A9965F 
 394      70E45E79 
 394      637057C6 
 394      7ED139BB 
 395 0c3e F8BCD16D 		.ascii	"\370\274\321m\253#{\331\012\3515\\:\331\204\364:g\227"
 395      AB237BD9 
 395      0AE9355C 
 395      3AD984F4 
 395      3A6797
 396 0c51 497FFE33 		.ascii	"I\177\3763\373\225t\334\371J\312\347\371\004+\244\343"
 396      FB9574DC 
 396      F94ACAE7 
 396      F9042BA4 
 396      E3
 397 0c62 2E0AE9A3 		.ascii	".\012\351\243Y\022\263$\272\007\245\230\035\247\205"
ARM GAS  /tmp/ccAY91rZ.s 			page 32


 397      5912B324 
 397      BA07A598 
 397      1DA785
 398 0c71 14B6BFED 		.ascii	"\024\266\277\355\005\271\231:<\240%\333\337\037&e\366"
 398      05B9993A 
 398      3CA025DB 
 398      DF1F2665 
 398      F6
 399 0c82 37B8A180 		.ascii	"7\270\241\200U|\363\353\353\317\316`\323\013\333_\376"
 399      557CF3EB 
 399      EBCFCE60 
 399      D30BDB5F 
 399      FE
 400 0c93 882A5B95 		.ascii	"\210*[\225=\224L\326\265b\010\276F\2514\037\301\253"
 400      3D944CD6 
 400      B56208BE 
 400      46A9341F 
 400      C1AB
 401 0ca5 C43ABB62 		.ascii	"\304:\273b\341\255\003\266#\274\324\236\201\314:\011"
 401      E1AD03B6 
 401      23BCD49E 
 401      81CC3A09 
 402 0cb5 85E7A85D 		.ascii	"\205\347\250]\341\351\312tg&\347A\011\271\302\331\277"
 402      E1E9CA74 
 402      6726E741 
 402      09B9C2D9 
 402      BF
 403 0cc6 EFE64141 		.ascii	"\357\346AAG\021\341\347@\370q\020~\314\256^\267e\362"
 403      4711E1E7 
 403      40F87110 
 403      7ECCAE5E 
 403      B765F2
 404 0cd9 C922AFAC 		.ascii	"\311\"\257\254\352\021S\342\372\326\266>\223\207e>\344"
 404      EA1153E2 
 404      FAD6B63E 
 404      9387653E 
 404      E4
 405 0cea 79835376 		.ascii	"y\203Sv\307\332r\302\256\010\347;)\302]p\365&\031_\016"
 405      C7DA72C2 
 405      AE08E73B 
 405      29C25D70 
 405      F526195F 
 406 0cff 100B39DC 		.ascii	"\020\0139\334\263p^\006p\213\240\025\330\371c2\313g"
 406      B3705E06 
 406      708BA015 
 406      D8F96332 
 406      CB67
 407 0d11 AF956020 		.ascii	"\257\225` \253\377-\300@\206\330vo\362\370r\256\345"
 407      ABFF2DC0 
 407      4086D876 
 407      6FF2F872 
 407      AEE5
 408 0d23 061FF26A 		.ascii	"\006\037\362j-w\375\230\323\311T\236\347#\354\235.["
 408      2D77FD98 
 408      D3C9549E 
 408      E723EC9D 
 408      2E5B
ARM GAS  /tmp/ccAY91rZ.s 			page 33


 409 0d35 3D57CC6A 		.ascii	"=W\314j.\310}\365\254\316g\360Y-\001\301\025\177\366"
 409      2EC87DF5 
 409      ACCE67F0 
 409      592D01C1 
 409      157FF6
 410 0d48 AC967003 		.ascii	"\254\226p\003N\203\360S \274\324nV'3d\263Z\211\230\022"
 410      4E83F053 
 410      20BCD46E 
 410      56273364 
 410      B35A8998 
 411 0d5d D7B33A9A 		.ascii	"\327\263:\232\301g\365;\314\366v+\331\035g\265XV^\025"
 411      C167F53B 
 411      CCF6762B 
 411      D91D67B5 
 411      58565E15 
 412 0d71 649C9457 		.ascii	"d\234\224W}\031\264\270\226`'9\327\225\341E\256\035"
 412      7D19B4B8 
 412      96602739 
 412      D795E145 
 412      AE1D
 413 0d83 715678DB 		.ascii	"qVx\333\2628h\362\306\261\211\273\334e\011\257\317b"
 413      B23868F2 
 413      C6B189BB 
 413      DC6509AF 
 413      CF62
 414 0d95 A95DE84C 		.ascii	"\251]\350LM}\372j\262\237\241\261w\030\333\362\220\360"
 414      4D7DFA6A 
 414      B29FA1B1 
 414      7718DBF2 
 414      90F0
 415 0da7 8A2C4B0C 		.ascii	"\212,K\014e\236\375p\022\237\220\371'\213\026K\335\351"
 415      659EFD70 
 415      129F90F9 
 415      278B164B 
 415      DDE9
 416 0db9 9B5C58A8 		.ascii	"\233\\X\250\330\013\337\234\214\304RO\371\233\332\377"
 416      D80BDF9C 
 416      8CC4524F 
 416      F99BDAFF 
 417 0dc9 FA81EC4D 		.ascii	"\372\201\354Mm\005&oj\317c\376\2466'&\261S%\177\250"
 417      6D05266F 
 417      6ACF63FE 
 417      A6362726 
 417      B153257F 
 418 0dde 00D765EE 		.ascii	"\000\327e\356\252\304\2627\265%5G\037i\361~\372\366"
 418      AAC4B237 
 418      B5253547 
 418      1F69F17E 
 418      FAF6
 419 0df0 5D682E7D 		.ascii	"]h.}X\344\201\002t\274\240\024\252\036\265\223\012u"
 419      58E48102 
 419      74BCA014 
 419      AA1EB593 
 419      0A75
 420 0e02 11065449 		.ascii	"\021\006TIvTRw\273\020\217.@HH\032\310X\320\3220_|\310"
 420      76545277 
 420      BB108F2E 
ARM GAS  /tmp/ccAY91rZ.s 			page 34


 420      4048481A 
 420      C858D0D2 
 421 0e1a 1BD7B077 		.ascii	"\033\327\260w\374c\231;s\334q##\012\0273\206t\270\225"
 421      FC63993B 
 421      73DC7123 
 421      230A1733 
 421      8674B895 
 422 0e2e 11A555F1 		.ascii	"\021\245U\361\023\374\023\203j\362*\342\2415\361\002"
 422      13FC1383 
 422      6AF22AE2 
 422      A135F102 
 423 0e3e C29DF4A2 		.ascii	"\302\235\364\242v[W\307c\214\310M?\271\257\347\223\226"
 423      765B57C7 
 423      638CC84D 
 423      3FB9AFE7 
 423      9396
 424 0e50 E1C79EB5 		.ascii	"\341\307\236\265\200\243j\001a=~\345J\322\274\232\325"
 424      80A36A01 
 424      613D7EE5 
 424      4AD2BC9A 
 424      D5
 425 0e61 7AB2AA5D 		.ascii	"z\262\252]vdwu\223R\203\375\370\022V\317\243\276\011"
 425      76647775 
 425      935283FD 
 425      F81256CF 
 425      A3BE09
 426 0e74 4C6C80A8 		.ascii	"Ll\200\250\277\002\255\005Z#\264fhuvY0\316n\321\304"
 426      BF02AD05 
 426      5A23B466 
 426      68757659 
 426      30CE6ED1 
 427 0e89 2571A52E 		.ascii	"%q\245.\371V4\375\307\271\266[\341^G\356\225\017\240"
 427      F95634FD 
 427      C7B9B65B 
 427      E15E47EE 
 427      950FA0
 428 0e9c DA0E6012 		.ascii	"\332\016`\022>\365+vl$\373DYd\332.9w\212L\365d\032w"
 428      3EF52B76 
 428      6C24FB44 
 428      5964DA2E 
 428      39778A4C 
 429 0eb4 21714AB5 		.ascii	"!qJ\265#\273l\001\204\371\250\351\037\255\300\370\026"
 429      23BB6C01 
 429      84F9A8E9 
 429      1FADC0F8 
 429      16
 430 0ec5 0B96D4C9 		.ascii	"\013\226\324\311\263\211\032\024\340+\246\026\015\350"
 430      B3891A14 
 430      E02BA616 
 430      0DE8
 431 0ed3 36187C55 		.ascii	"6\030|U\012\225z\032\362N\335\211Z\301\213\337\327\243"
 431      0A957A1A 
 431      F24EDD89 
 431      5AC18BDF 
 431      D7A3
 432 0ee5 E445E88D 		.ascii	"\344E\350\215\254\022OyP\267\331U\366k\254\006\220#"
 432      AC124F79 
ARM GAS  /tmp/ccAY91rZ.s 			page 35


 432      50B7D955 
 432      F66BAC06 
 432      9023
 433 0ef7 F91863F1 		.ascii	"\371\030c\361\345\200\006?dQ\3650#;M\211\2370\"mO\021"
 433      E580063F 
 433      6451F530 
 433      233B4D89 
 433      9F30226D 
 434 0f0d D4D39794 		.ascii	"\324\323\227\224P\366\316\337\230S!_\235\277\213\207"
 434      50F6CEDF 
 434      9853215F 
 434      9DBF8B87 
 435 0f1d 43D7C192 		.ascii	"C\327\301\222N\016\261\013 \336\344pd(:\355P\334`(\230"
 435      4E0EB10B 
 435      20DEE470 
 435      64283AED 
 435      50DC6028 
 436 0f32 67AF35A9 		.ascii	"g\2575\251\236\315\262-\373\015^\331:_YS\266\322I\355"
 436      9ECDB22D 
 436      FB0D5ED9 
 436      3A5F5953 
 436      B6D249ED 
 437 0f46 B49F54BB 		.ascii	"\264\237T\273z\360\205\370\001\310\255\027\013U\322"
 437      7AF085F8 
 437      01C8AD17 
 437      0B55D2
 438 0f55 C71EB730 		.ascii	"\307\036\2670\355\274\226~\242\314\333\345\347\034w"
 438      EDBC967E 
 438      A2CCDBE5 
 438      E71C77
 439 0f64 6891B82D 		.ascii	"h\221\270-\026\211\356\003\326Z\273'\217w\354\212\304"
 439      1689EE03 
 439      D65ABB27 
 439      8F77EC8A 
 439      C4
 440 0f75 5D799138 		.ascii	"]y\2218\335\227\\\353\211O\321w;\302\241\202\035\031"
 440      DD975CEB 
 440      894FD177 
 440      3BC2A182 
 440      1D19
 441 0f87 1AFBCF39 		.ascii	"\032\373\3179\344CQ/8J\032-~\316\361Q\032\375\234\243"
 441      E443512F 
 441      384A1A2D 
 441      7ECEF151 
 441      1AFD9CA3 
 442 0f9b 072E744B 		.ascii	"\007.tK\361"
 442      F1
 443 0fa0 7117B3CF 		.ascii	"q\027\263\3179\324\211\261}y^\210>\262\363\265yo\273"
 443      39D489B1 
 443      7D795E88 
 443      3EB2F3B5 
 443      796FBB
 444 0fb3 F8E84D74 		.ascii	"\370\350Mt\337\320\253rh4\215\027ppR;v`^\361\334{\234"
 444      DFD0AB72 
 444      68348D17 
 444      7070523B 
 444      76605EF1 
ARM GAS  /tmp/ccAY91rZ.s 			page 36


 445 0fca 970202A8 		.ascii	"\227\002\002\250\311Q\364\312\204\253O\363\241\365~"
 445      C951F4CA 
 445      84AB4FF3 
 445      A1F57E
 446 0fd9 C859C675 		.ascii	"\310Y\306u\245\311\326\273\016G\325\256\352\212\270"
 446      A5C9D6BB 
 446      0E47D5AE 
 446      EA8AB8
 447 0fe8 67505076 		.ascii	"gPPv\022b\367\300s}\020\365\203\320\372\241\015H\321"
 447      1262F7C0 
 447      737D10F5 
 447      83D0FAA1 
 447      0D48D1
 448 0ffb 7F7DFF95 		.ascii	"\177}\377\225B"
 448      42
 449 1000 0DBEC866 		.ascii	"\015\276\310f\240\254\270\374\270'\362\015p\376\000"
 449      A0ACB8FC 
 449      B827F20D 
 449      70FE00
 450 100f 6914A4BC 		.ascii	"i\024\244\274N\"_\204\322h\316\216\000\363\2604'C\230"
 450      4E225F84 
 450      D268CE8E 
 450      00F3B034 
 450      274398
 451 1022 6F40ABCB 		.ascii	"o@\253\313\276[\260{%5b\027\353c<\343\306h\306U\\\276"
 451      BE5BB07B 
 451      25356217 
 451      EB633CE3 
 451      C668C655 
 452 1038 70C9A31F 		.ascii	"p\311\243\037\365\"\022\223o\260\325\014\261\377p$\215"
 452      F5221293 
 452      6FB0D50C 
 452      B1FF7024 
 452      8D
 453 1049 D2CBE20F 		.ascii	"\322\313\342\017\261~\350\025\330\201\263\022B\034\202"
 453      B17EE815 
 453      D881B312 
 453      421C82
 454 1058 6C3D0297 		.ascii	"l=\002\227!\210r\351\037\027\200\344R\331u\246N\374"
 454      218872E9 
 454      1F1780E4 
 454      52D975A6 
 454      4EFC
 455 106a 29183FC3 		.ascii	")\030?\303#\215c]\202\244L6d\005V\205\355\262\015\224"
 455      238D635D 
 455      82A44C36 
 455      64055685 
 455      EDB20D94 
 456 107e 6424E2B3 		.ascii	"d$\342\263t<+]5\200\372\340\342\177(\024\273\265\021"
 456      743C2B5D 
 456      3580FAE0 
 456      E27F2814 
 456      BBB511
 457 1091 B4E21C5A 		.ascii	"\264\342\034Z\310_\324\340\253\354\305\250\223\245="
 457      C85FD4E0 
 457      ABECC5A8 
 457      93A53D
ARM GAS  /tmp/ccAY91rZ.s 			page 37


 458 10a0 61E762B2 		.ascii	"a\347b\262\027\355\"\005\373!K\345\221]\017\252\265"
 458      17ED2205 
 458      FB214BE5 
 458      915D0FAA 
 458      B5
 459 10b1 B493AC08 		.ascii	"\264\223\254\010\217Xg\306\375\326z\017\332I\026\225"
 459      8F5867C6 
 459      FDD67A0F 
 459      DA491695 
 460 10c1 09D6193B 		.ascii	"\011\326\031;\264\374\322\323V\011&Y\347\241\013w\247"
 460      B4FCD2D3 
 460      56092659 
 460      E7A10B77 
 460      A7
 461 10d2 1927D929 		.ascii	"\031'\331)?f\235\265u7Z\221\274<\220\033*\251><\241"
 461      3F669DB5 
 461      75375A91 
 461      BC3C901B 
 461      2AA93E3C 
 462 10e7 F5614AAC 		.ascii	"\365aJ\254\017\273\022b\3334o\345Xs\006\254\325\015"
 462      0FBB1262 
 462      DB346FE5 
 462      587306AC 
 462      D50D
 463 10f9 3DAA82A1 		.ascii	"=\252\202\241\004\310E\3641aC\343R\264\300)\374\177"
 463      04C845F4 
 463      316143E3 
 463      52B4C029 
 463      FC7F
 464 110b 800710BA 		.ascii	"\200\007\020\272\217\373\301\362i\374\026\214\2762\232"
 464      8FFBC1F2 
 464      69FC168C 
 464      BE329A
 465 111a 57AEC656 		.ascii	"W\256\306V\217\357g\364\2543\243\347\234\031=\317:\317"
 465      8FEF67F4 
 465      AC33A3E7 
 465      9C193DCF 
 465      3ACF
 466 112c 55DD6967 		.ascii	"U\335ig\345\017\242\017-\260\316\007\326\2459\301\265"
 466      E50FA20F 
 466      2DB0CE07 
 466      D6A539C1 
 466      B5
 467 113d 7DCFA87D 		.ascii	"}\317\250}OE\373\312\367\364t{r\373\232\311=`\254\225"
 467      4F45FBCA 
 467      F7F4747B 
 467      72FB9AC9 
 467      3D60AC95 
 468 1151 BC30062E 		.ascii	"\2740\006.4#\2317\343h\336sj^bI\321\250;\316`\346\315"
 468      34239937 
 468      E368DE73 
 468      6A5E6249 
 468      D1A83BCE 
 469 1168 4EDD5AF2 		.ascii	"N\335Z\362\246`\310\335?\263\357R\361|\232\216\001\004"
 469      A660C8DD 
 469      3FB3EF52 
 469      F17C9A8E 
ARM GAS  /tmp/ccAY91rZ.s 			page 38


 469      0104
 470 117a 102F38EA 		.ascii	"\020/8\352\316\330\323\202\313M\334\022\305\367R\304"
 470      CED8D382 
 470      CB4DDC12 
 470      C5F752C4 
 471 118a 1773BF4D 		.ascii	"\027s\277M\011\360\006\3303\230\342]\340\376\303\210"
 471      09F006D8 
 471      3398E25D 
 471      E0FEC388 
 472 119a 72A14509 		.ascii	"r\241E\011\337\"f\257u\3212\305\265\247\240\253M\211"
 472      DF2266AF 
 472      75D132C5 
 472      B5A7A0AB 
 472      4D89
 473 11ac 8F335C0B 		.ascii	"\2173\\\013\367O\315\"_^$\266\271\\|\025\257[yO\236"
 473      F74FCD22 
 473      5F5E24B6 
 473      B95C7C15 
 473      AF5B794F 
 474 11c1 EAAE54CB 		.ascii	"\352\256T\313\353@\214R^\007b\225\342;\252\334\242\336"
 474      EB408C52 
 474      5E076295 
 474      E23BAADC 
 474      A2DE
 475 11d3 3C25351A 		.ascii	"<%5\032\372\270#\306\226:\236\277\"\350\342\225\304"
 475      FAB823C6 
 475      963A9EBF 
 475      22E8E295 
 475      C4
 476 11e4 E8382537 		.ascii	"\3508%7\272\352\372\256s\032n5l?[\216oeV\003\033\262"
 476      BAEAFAAE 
 476      731A6E35 
 476      6C3F5B8E 
 476      6F655603 
 477 11fa 2A6D56C3 		.ascii	"*mV\303)\263z\213\222X\275|\244\357\202'\276\340\030"
 477      29B37A8B 
 477      9258BD7C 
 477      A4EF8227 
 477      BEE018
 478 120d 6C2E16CB 		.ascii	"l.\026\313\255J\332\271mr2OgK\221m\254\263q\177\375"
 478      AD4ADAB9 
 478      6D72324F 
 478      674B916D 
 478      ACB3717F 
 479 1222 B0D6E50A 		.ascii	"\260\326\345\012\272\203\202\335.\202\235\231\312\230"
 479      BA8382DD 
 479      2E829D99 
 479      CA98
 480 1230 F114C166 		.ascii	"\361\024\301f\253\226\217\360)\0026\224 \201M\020\301"
 480      AB968FF0 
 480      29023694 
 480      20814D10 
 480      C1
 481 1241 2652B097 		.ascii	"&R\260\227\347\266\357t\307\355\014lNoG\266\312\026"
 481      E7B6EF74 
 481      C7ED0C6C 
 481      4E6F47B6 
ARM GAS  /tmp/ccAY91rZ.s 			page 39


 481      CA16
 482 1253 C70CEDF0 		.ascii	"\307\014\355\360h\354\026\327\037e&S\014;E\014\245\251"
 482      68EC16D7 
 482      1F652653 
 482      0C3B450C 
 482      A5A9
 483 1265 FD155A8E 		.ascii	"\375\025Z\216\241\245IUq%\241\372w\224\011%I\010\222"
 483      A1A54955 
 483      7125A1FA 
 483      77940925 
 483      490892
 484 1278 4404BB28 		.ascii	"D\004\273(\202\344\326\221\024\273\235\024\001,\315"
 484      82E4D691 
 484      14BB9D14 
 484      012CCD
 485 1287 E76E369F 		.ascii	"\347n6\237\344\010\314)S\323{\325\356\322\327I\344\245"
 485      E408CC29 
 485      53D37BD5 
 485      EED2D749 
 485      E4A5
 486 1299 9EC49BA2 		.ascii	"\236\304\233\242$o\374\003\351S$\372U\324\344\242\322"
 486      246FFC03 
 486      E95324FA 
 486      55D4E4A2 
 486      D2
 487 12aa 67375F96 		.ascii	"g7_\226>F\364\313\003\011\373\036\245\2178\206\022\304"
 487      3E46F4CB 
 487      0309FB1E 
 487      A58F3886 
 487      12C4
 488 12bc D8C5E20A 		.ascii	"\330\305\342\012\376Q\234\232\244\315\325\370*\017\227"
 488      FE519C9A 
 488      A4CDD5F8 
 488      2A0F97
 489 12cb DA52456D 		.ascii	"\332REm{\225T\335\354\216-\013\374\003e\362\365\233"
 489      7B9554DD 
 489      EC8E2D0B 
 489      FC0365F2 
 489      F59B
 490 12dd F8F5E62A 		.ascii	"\370\365\346*\366\365f\341`j\013r\004\263_\351\207\366"
 490      F6F566E1 
 490      606A0B72 
 490      04B35FE9 
 490      87F6
 491 12ef 2989B003 		.ascii	")\211\260\003\024L*\003s\200\202)\310?Yc\027\350\361"
 491      144C2A03 
 491      73808229 
 491      C83F5963 
 491      17E8F1
 492 1302 768E49E3 		.ascii	"v\216I\343\216I\243\216\211\031\032\315Ar\346%\273\375"
 492      8E49A38E 
 492      89191ACD 
 492      4172E625 
 492      BBFD
 493 1314 533A674E 		.ascii	"S:gN\247\314\355\223\225I\036\270\207MzQ\322r\252\312"
 493      A7CCED93 
 493      95491EB8 
ARM GAS  /tmp/ccAY91rZ.s 			page 40


 493      874D7A51 
 493      D272AACA 
 494 1328 6519C8A4 		.ascii	"e\031\310\244\023\034\301\347w\2605\247\307\003\346"
 494      131CC1E7 
 494      77B035A7 
 494      C703E6
 495 1337 B79A54E1 		.ascii	"\267\232T\341\227\252\336\304D\250\3021\326\217?%|("
 495      97AADEC4 
 495      44A8C231 
 495      D68F3F25 
 495      7C28
 496 1349 439AE30C 		.ascii	"C\232\343\014\245C\241\312\242s=phl\257'\336\246c\337"
 496      A543A1CA 
 496      A2733D70 
 496      686CAF27 
 496      DEA663DF 
 497 135d 18171F2C 		.ascii	"\030\027\037,\365\302\251\214H\254\251\315RC\350\241"
 497      F5C2A98C 
 497      48ACA9CD 
 497      5243E8A1 
 498 136d 83343AA0 		.ascii	"\2034:\240\247\330\332\221k\323\325\207'\312\036u\304"
 498      A7D8DA91 
 498      6BD3D587 
 498      27CA1E75 
 498      C4
 499 137e 5857C5FF 		.ascii	"XW\305\377\214\252\312\026U\241CJ%\241\354\265\345P"
 499      8CAACA16 
 499      55A1434A 
 499      25A1ECB5 
 499      E550
 500 1390 6DB7466B 		.ascii	"m\267Fk\202q\256+\371\015\371e\227\021\015\366A\333"
 500      8271AE2B 
 500      F90DF965 
 500      97110DF6 
 500      41DB
 501 13a2 87CC073A 		.ascii	"\207\314\007:s+\\\337\327\036\245\2768\"\006{\367\315"
 501      732B5CDF 
 501      D71EA5BE 
 501      3822067B 
 501      F7CD
 502 13b4 974D4A0E 		.ascii	"\227MJ\016\2606Y\323}-\301\012\367\2479\237\"\302\210"
 502      B03659D3 
 502      7D2DC10A 
 502      F7A7399F 
 502      22C288
 503 13c7 0EDB10E6 		.ascii	"\016\333\020\346\002\302\303\216\010\363(\302\244-\005"
 503      02C2C38E 
 503      08F328C2 
 503      A42D05
 504 13d6 317063C0 		.ascii	"1pc\300 n\177`]\300\222s\233\354\235{Lr\3561Ga\307\251"
 504      206E7F60 
 504      5DC09273 
 504      9BEC9D7B 
 504      4C72EE31 
 505 13ee B0630B4F 		.ascii	"\260c\013O\023\275\360\234+{\273\017\317GH\356\274`"
 505      13BDF09C 
 505      2B7BBB0F 
ARM GAS  /tmp/ccAY91rZ.s 			page 41


 505      CF4748EE 
 505      BC60
 506 1400 E7CE7C1B 		.ascii	"\347\316|\033\330\023\0006\337Q~\001\225\277\243l\366"
 506      D8130036 
 506      DF517E01 
 506      95BFA36C 
 506      F6
 507 1411 86DDE733 		.ascii	"\206\335\3473\311v\361X\310C\254\220\206Xw\363\371\014"
 507      C976F158 
 507      C843AC90 
 507      865877F3 
 507      F90C
 508 1423 8C971998 		.ascii	"\214\227\031\230\261\261\303\251\374C\346\037\003\331"
 508      B1B1C3A9 
 508      FC43E61F 
 508      03D9
 509 1431 BBF772B6 		.ascii	"\273\367r\266\232eF;\271\257>\334:\263\337\035\357\364"
 509      9A65463B 
 509      B9AF3EDC 
 509      3AB3DF1D 
 509      EFF4
 510 1443 64CBD781 		.ascii	"d\313\327\201\253w\370'\342?\"+\363\266\211\011o\227"
 510      AB77F827 
 510      E23F222B 
 510      F3B68909 
 510      6F97
 511 1455 29784A4C 		.ascii	")xJL\301R\226\202\365\205\315=\032\307$;\011IVL\223"
 511      C1529682 
 511      F585CD3D 
 511      1AC7243B 
 511      0949564C 
 512 146a EC3B9A64 		.ascii	"\354;\232dt\020\341~\234\2223\345%\347\256|\025\367"
 512      7410E17E 
 512      9C9233E5 
 512      25E7AE7C 
 512      15F7
 513 147c 8B2D4B69 		.ascii	"\213-Ki\336?9bm\257\246;\220\223#\361\326\230\004\330"
 513      DE3F3962 
 513      6DAFA63B 
 513      909323F1 
 513      D69804D8 
 514 1490 839F56FA 		.ascii	"\203\237V\372\240\022\360\037,\305\262\301E\320\363"
 514      A012F01F 
 514      2CC5B2C1 
 514      45D0F3
 515 149f 9FE0FE33 		.ascii	"\237\340\3763\312\237(\324!\306\240`\243I\371\225\311"
 515      CA9F28D4 
 515      21C6A060 
 515      A349F995 
 515      C9
 516 14b0 68544505 		.ascii	"hTE\005m4\232\377z\315\232@\366\027i\0164Y\002\315&"
 516      6D349AFF 
 516      7ACD9A40 
 516      F617690E 
 516      345902CD 
 517 14c5 43A02124 		.ascii	"C\240!$xsDPx\250a\215A\373\233\177\375\303\233\353\327"
 517      78734450 
ARM GAS  /tmp/ccAY91rZ.s 			page 42


 517      78A8618D 
 517      41FB9B7F 
 517      FDC39BEB 
 518 14da AD53A8CD 		.ascii	"\255S\250\315\241\377c\324[\336\015\2146\233\002\303"
 518      A1FF63D4 
 518      5BDE0D8C 
 518      369B02C3 
 519 14ea 42BF0CDC 		.ascii	"B\277\014\334h0\004\006\231\302\337\211\210\2140\276"
 519      68300406 
 519      99C2DF89 
 519      888C30BE 
 520 14fa 630CFA32 		.ascii	"c\014\37224\360Wk\336[\263.04\302\020\026\035l\0144"
 520      34F0576B 
 520      DE5BB32E 
 520      3034C210 
 520      161D6C0C 
 521 150f 5B82838D 		.ascii	"[\202\203\215_\255\011Q(#\214\337Z<@q\224\236k\2176"
 521      5FAD0951 
 521      28238CDF 
 521      5A3C4071 
 521      949E6B8F 
 522 1524 1B839544 		.ascii	"\033\203\225D\236\222\364z\312.\351-\332(S\3447\241"
 522      9E92F47A 
 522      CA2EE92D 
 522      DA2853E4 
 522      37A1
 523 1536 70EA196E 		.ascii	"p\352\031n\014\337h\264|\025\035axWo\371\251\034f\244"
 523      0CDF68B4 
 523      7C151D61 
 523      78576FF9 
 523      A91C66A4 
 524 154a 99001015 		.ascii	"\231\000\020\025\031B\200\323\020i2\202.\0178\2154m"
 524      194280D3 
 524      10693282 
 524      2E0F388D 
 524      346D
 525 155c 26D2A270 		.ascii	"&\322\242p\270\345[U\344\246\010\243Ik2\006\205E\231"
 525      B8E55B55 
 525      E4A608A3 
 525      496B3206 
 525      854599
 526 156f 4223DDF5 		.ascii	"B#\335\365\372\350\320\010\313{ \360\035j\210(#\302"
 526      FAE8D008 
 526      CB7B20F0 
 526      1D6A8828 
 526      23C2
 527 1581 B889880C 		.ascii	"\270\211\210\014\0172\204\204F\030\003\365\200<(:\314"
 527      0F328484 
 527      461803F5 
 527      803C283A 
 527      CC
 528 1592 A2B76C8E 		.ascii	"\242\267l\2162\232A\256V\034\366\226\263a\346\315\346"
 528      329A41AE 
 528      561CF696 
 528      B361E6CD 
 528      E6
 529 15a3 403DD80B 		.ascii	"@=\330\013<\300\253\261\020Uz\313\207r\310\206\310\360"
ARM GAS  /tmp/ccAY91rZ.s 			page 43


 529      3CC0ABB1 
 529      10557ACB 
 529      8772C886 
 529      C8F0
 530 15b5 F0C888C0 		.ascii	"\360\310\210\300\250H\223\305\034\370\311\357?_\377"
 530      A84893C5 
 530      1CF8C9EF 
 530      3F5FFF
 531 15c4 F9B7A42F 		.ascii	"\371\267\244/*4\314h2\007\376f\375z0CT\246\001\340a"
 531      2A34CC68 
 531      3207FE66 
 531      FD7A3043 
 531      54A601E0 
 532 15d9 A1668BD6 		.ascii	"\241f\213\326\030e\214\000\241\033=\214\337\030#,\341"
 532      18658C00 
 532      A11B3D8C 
 532      DF18232C 
 532      E1
 533 15ea 41E6AFC1 		.ascii	"A\346\257\301?\341\346\215\377\035m\2146\276a\010\321"
 533      3FE1E68D 
 533      FF1D6D8C 
 533      36BE6108 
 533      D1
 534 15fb 5B42C0B2 		.ascii	"[B\300\262`\263\236v(\243L\306o\274\355\272\364\026"
 534      60B39E76 
 534      28A34CC6 
 534      6FBCEDBA 
 534      F416
 535 160d CDA6A050 		.ascii	"\315\246\240P\013\210\360\226q\023\331^rBoA\321j\343"
 535      0B88F096 
 535      7113D95E 
 535      72426F41 
 535      D16AE3
 536 1620 26A240BD 		.ascii	"&\242@\275\311\002\332\243\340`6\206GaC\204\305M\257"
 536      C902DAA3 
 536      E0603686 
 536      47614384 
 536      C54DAF
 537 1633 E7B66BF8 		.ascii	"\347\266k\370Q\005\275\360\237j\320\201\\\340\014\212"
 537      5105BDF0 
 537      9F6AD081 
 537      5CE00C8A 
 538 1643 0A8109D0 		.ascii	"\012\201\011\320\230\011L\363F\0254`\330d\261\230\242"
 538      98094CF3 
 538      46153460 
 538      D864B198 
 538      A2
 539 1654 7C9822BD 		.ascii	"|\230\"\275\311\370\225\321d\2140\000&\020\036\371\345"
 539      C9F895D1 
 539      648C3000 
 539      26101EF9 
 539      E5
 540 1665 1FA3B4C6 		.ascii	"\037\243\264\306oC-\206\310`\243\332\024\274\031F(\201"
 540      6F432D86 
 540      C860A3DA 
 540      14BC1946 
 540      2881
ARM GAS  /tmp/ccAY91rZ.s 			page 44


 541 1677 C5ECC666 		.ascii	"\305\354\306f\350C\320&\036-\244\037\304}\025\026\264"
 541      E843D026 
 541      1E2DA41F 
 541      C47D1516 
 541      B4
 542 1688 D1ACB184 		.ascii	"\321\254\261\204\303\010\240\314\226 \213Qk\241\007"
 542      C308A0CC 
 542      96208B51 
 542      6BA107
 543 1697 2232E8CB 		.ascii	"\"2\350\313 \263\221\317\357\007\357\203\237\304\023"
 543      20B391CF 
 543      EF07EF83 
 543      9FC413
 544 16a6 77B3E5EB 		.ascii	"w\263\345\353\240\260\320\215\021z\313\317^;#!<\216"
 544      A0B0D08D 
 544      117ACBCF 
 544      5E3B2321 
 544      3C8E
 545 16b8 9410FE46 		.ascii	"\224\020\376F\245!$\310\244\212\014\203`T\301L\033M"
 545      A52124C8 
 545      A48A0C83 
 545      6054C14C 
 545      1B4D
 546 16ca D860F956 		.ascii	"\330`\371V0G\011a&lZ\267\016\332Z\301\364k\301\364\241"
 546      30470961 
 546      266C5AB7 
 546      0EDA5AC1 
 546      F46BC1F4 
 547 16df 60FA9560 		.ascii	"`\372\225`\372@0\375R0\275\357A\004\022\217\001\357"
 547      FA4030FD 
 547      5230BDEF 
 547      4104128F 
 547      01EF
 548 16f1 3BDF4F9F 		.ascii	";\337O\237\376\233_\205\203N\035\035i\210\214\260@\276"
 548      FE9B5F85 
 548      834E1D1D 
 548      69888CB0 
 548      40BE
 549 1703 28490CB9 		.ascii	"(I\014\271\331&M\025\036\025\031\031\246\345\276\264"
 549      D9264D15 
 549      1E151919 
 549      A6E5BEB4 
 550 1713 68E14278 		.ascii	"h\341Bx4\360i\350\177\275\345M\207,\226r\303\014\311"
 550      34F069E8 
 550      7FBDE54D 
 550      872C9672 
 550      C30CC9
 551 1726 0CC2FFC6 		.ascii	"\014\302\377\306%\003L7\\\367w-`\263Y\014L\327B \004"
 551      25034C37 
 551      5CF7772D 
 551      60B3590C 
 551      4CD74220 
 552 173b E0BAA72C 		.ascii	"\340\272\247,\373\364\226\267_\223\262\204\213\206;"
 552      FBF496B7 
 552      5F93B284 
 552      8B863B
 553 174a CD71BDE5 		.ascii	"\315q\275\345\357\\J\347\261\012\274*\302\032\245\334"
ARM GAS  /tmp/ccAY91rZ.s 			page 45


 553      EF5C4AE7 
 553      B10ABC2A 
 553      C21AA5DC 
 554 175a 0479A1DA 		.ascii	"\004y\241\332Df\034\007\2316\372r\267\004\033\315\006"
 554      44661C07 
 554      9936FA72 
 554      B7041BCD 
 554      06
 555 176b 53689425 		.ascii	"Sh\224%\022\312\210\212N\271\007\304\231\321`\321\223"
 555      12CA888A 
 555      4EB907C4 
 555      99D160D1 
 555      93
 556 177c 5AE3413C 		.ascii	"Z\343A<\310\313\314\353\240\021V\242N'\325 \275E\264"
 556      C8CBCCEB 
 556      A01156A2 
 556      4E27D520 
 556      BD45B4
 557 178f 8ECAB1F8 		.ascii	"\216\312\261\370\032B\376-$x=(\266\030\377\305\024\031"
 557      1A42FE2D 
 557      24783D28 
 557      B618FFC5 
 557      1419
 558 17a1 FE2958E3 		.ascii	"\376)X\343\350\037\207Z\252\370\221\303\230\317\251"
 558      E81F875A 
 558      AAF891C3 
 558      98CFA9
 559 17b0 C0DF813C 		.ascii	"\300\337\201<H\243\015\206\220\177\017\372\332\030\035"
 559      48A30D86 
 559      907F0FFA 
 559      DA181D
 560 17bf B5E12F65 		.ascii	"\265\341/el\033\242\315\244\010\030\203?\3631\204\020"
 560      6C1BA2CD 
 560      A4081883 
 560      3FF33184 
 560      10
 561 17d0 1D9F8485 		.ascii	"\035\237\204\205E\032>!\306\031\203=\014!d0\355\202"
 561      451A3E21 
 561      C619833D 
 561      0C216430 
 561      ED82
 562 17e2 F30D9BCD 		.ascii	"\363\015\233\315\177\210\200\323\257_1O\233\211Y,F\243"
 562      7F8880D3 
 562      AF5F314F 
 562      9B89592C 
 562      46A3
 563 17f4 29AF6750 		.ascii	")\257gP\330\246\240\315f\210\3300\250|\236z\310f\213"
 563      D8A6A0CD 
 563      6688D830 
 563      A87C9E7A 
 563      C8668B
 564 1807 FE9F3ED9 		.ascii	"\376\237>\331\360\317\277\373\375g\377\340$~!6I\364"
 564      F0CFBFFB 
 564      FD67FFE0 
 564      247E2136 
 564      49F4
 565 1819 06AEFF7C 		.ascii	"\006\256\377|\303g\033\002\327C\370\006~&\212\0177\207"
ARM GAS  /tmp/ccAY91rZ.s 			page 46


 565      C3671B02 
 565      D743F806 
 565      7E268A0F 
 565      3787
 566 182b 9AF5B02E 		.ascii	"\232\365\260.\200\0127\012\347\267\240\300\215*\243"
 566      800A370A 
 566      E7B7A0C0 
 566      8D2AA3
 567 183a AAF47AEA 		.ascii	"\252\364z\352I\375\232\017~\371\341\257\265\"\365\177"
 567      49FD9A0F 
 567      7EF9E1AF 
 567      B522F57F 
 568 184a C00EF726 		.ascii	"\300\016\367&"
 569              		.text
 570              		.section	.gnu.lto_.symtab.918a39a0b30204cf,"",%progbits
 571 0000 63685468 		.ascii	"chThdCreateFromHeap\000"
 571      64437265 
 571      61746546 
 571      726F6D48 
 571      65617000 
 572 0014 00       		.ascii	"\000"
 573 0015 00       		.ascii	"\000"
 574 0016 00       		.ascii	"\000"
 575 0017 00000000 		.ascii	"\000\000\000\000\000\000\000\000"
 575      00000000 
 576 001f F2010000 		.ascii	"\362\001\000\000"
 577 0023 63685468 		.ascii	"chThdCreateFromMemoryPool\000"
 577      64437265 
 577      61746546 
 577      726F6D4D 
 577      656D6F72 
 578 003d 00       		.ascii	"\000"
 579 003e 00       		.ascii	"\000"
 580 003f 00       		.ascii	"\000"
 581 0040 00000000 		.ascii	"\000\000\000\000\000\000\000\000"
 581      00000000 
 582 0048 FA010000 		.ascii	"\372\001\000\000"
 583 004c 63685363 		.ascii	"chSchWakeupS\000"
 583      6857616B 
 583      65757053 
 583      00
 584 0059 00       		.ascii	"\000"
 585 005a 02       		.ascii	"\002"
 586 005b 00       		.ascii	"\000"
 587 005c 00000000 		.ascii	"\000\000\000\000\000\000\000\000"
 587      00000000 
 588 0064 FF010000 		.ascii	"\377\001\000\000"
 589 0068 63685468 		.ascii	"chThdCreateSuspendedI\000"
 589      64437265 
 589      61746553 
 589      75737065 
 589      6E646564 
 590 007e 00       		.ascii	"\000"
 591 007f 02       		.ascii	"\002"
 592 0080 00       		.ascii	"\000"
 593 0081 00000000 		.ascii	"\000\000\000\000\000\000\000\000"
 593      00000000 
ARM GAS  /tmp/ccAY91rZ.s 			page 47


 594 0089 05020000 		.ascii	"\005\002\000\000"
 595 008d 63684865 		.ascii	"chHeapAllocAligned\000"
 595      6170416C 
 595      6C6F6341 
 595      6C69676E 
 595      656400
 596 00a0 00       		.ascii	"\000"
 597 00a1 02       		.ascii	"\002"
 598 00a2 00       		.ascii	"\000"
 599 00a3 00000000 		.ascii	"\000\000\000\000\000\000\000\000"
 599      00000000 
 600 00ab 0B020000 		.ascii	"\013\002\000\000"
 601 00af 6368506F 		.ascii	"chPoolAlloc\000"
 601      6F6C416C 
 601      6C6F6300 
 602 00bb 00       		.ascii	"\000"
 603 00bc 02       		.ascii	"\002"
 604 00bd 00       		.ascii	"\000"
 605 00be 00000000 		.ascii	"\000\000\000\000\000\000\000\000"
 605      00000000 
 606 00c6 0F020000 		.ascii	"\017\002\000\000"
 607              		.text
 608              		.section	.gnu.lto_.opts,"",%progbits
 609 0000 272D666D 		.ascii	"'-fmath-errno' '-fsigned-zeros' '-ftrapping-math' '"
 609      6174682D 
 609      6572726E 
 609      6F272027 
 609      2D667369 
 610 0033 2D666E6F 		.ascii	"-fno-trapv' '-fno-openmp' '-fno-openacc' '-mcpu=cor"
 610      2D747261 
 610      70762720 
 610      272D666E 
 610      6F2D6F70 
 611 0066 7465782D 		.ascii	"tex-m3' '-mthumb' '-O2' '-fomit-frame-pointer' '-fa"
 611      6D332720 
 611      272D6D74 
 611      68756D62 
 611      2720272D 
 612 0099 6C69676E 		.ascii	"lign-functions=16' '-ffunction-sections' '-fdata-se"
 612      2D66756E 
 612      6374696F 
 612      6E733D31 
 612      36272027 
 613 00cc 6374696F 		.ascii	"ctions' '-fno-common' '-flto'\000"
 613      6E732720 
 613      272D666E 
 613      6F2D636F 
 613      6D6D6F6E 
 614              		.text
 615              		.comm	__gnu_lto_v1,1,1
 616              		.comm	__gnu_lto_slim,1,1
 617              		.ident	"GCC: (15:7-2018-q2-6) 7.3.1 20180622 (release) [ARM/embedded-7-branch revision 261907]"
ARM GAS  /tmp/ccAY91rZ.s 			page 48


DEFINED SYMBOLS
                            *ABS*:0000000000000000 chdynamic.c
                            *COM*:0000000000000001 __gnu_lto_v1
                            *COM*:0000000000000001 __gnu_lto_slim

NO UNDEFINED SYMBOLS
