ARM GAS  /tmp/ccXpJl0t.s 			page 1


   1              		.cpu cortex-m3
   2              		.eabi_attribute 20, 1
   3              		.eabi_attribute 21, 1
   4              		.eabi_attribute 23, 3
   5              		.eabi_attribute 24, 1
   6              		.eabi_attribute 25, 1
   7              		.eabi_attribute 26, 1
   8              		.eabi_attribute 30, 2
   9              		.eabi_attribute 34, 1
  10              		.eabi_attribute 18, 4
  11              		.file	"hal.c"
  12              		.section	.gnu.lto_.profile.d47723ca53ee1f12,"",%progbits
  13 0000 789C6363 		.ascii	"x\234cc```\001bF\206Xn\000\001=\000t"
  13      60606001 
  13      62468658 
  13      6E00013D 
  13      0074
  14              		.text
  15              		.section	.gnu.lto_.icf.d47723ca53ee1f12,"",%progbits
  16 0000 789C6363 		.ascii	"x\234cc``\340`@\000F\206\206\375+zy\031\000\014l\002"
  16      6060E060 
  16      40004686 
  16      86FD2B7A 
  16      7919000C 
  17 0016 91       		.ascii	"\221"
  18              		.text
  19              		.section	.gnu.lto_.jmpfuncs.d47723ca53ee1f12,"",%progbits
  20 0000 789C6363 		.ascii	"x\234cc``\360c@\000F\004\223\211q\0123c\363\257\375"
  20      6060F063 
  20      40004604 
  20      9389710A 
  20      3363F3AF 
  21 0015 9FF9EAFF 		.ascii	"\237\371\352\3776H\314afX\300\014R\260\231\261\236\201"
  21      3648CC61 
  21      6658C00C 
  21      52B099B1 
  21      9E81
  22 0027 F1000B23 		.ascii	"\361\000\013#\003\020\377\371\377\377??#\023P\335\264"
  22      0310FFF9 
  22      FFFF3F3F 
  22      231350DD 
  22      B4
  23 0038 D643E7D9 		.ascii	"\326C\347\331\273\231\201\252\030\031\030\2670\312\200"
  23      BB9981AA 
  23      181918B7 
  23      30CA80
  24 0047 30030300 		.ascii	"0\003\003\000\011\210\024k"
  24      0988146B 
  25              		.text
  26              		.section	.gnu.lto_.inline.d47723ca53ee1f12,"",%progbits
  27 0000 789C6363 		.ascii	"x\234cc``pf@\000F\006\006\336\273@\222\011\310f[ \317"
  27      60607066 
  27      40004606 
  27      06DEBB40 
  27      9209C866 
  28 0017 0416E322 		.ascii	"\004\026\343\"H0q\203\264\202\231\014\000\205\223\002"
  28      48307183 
ARM GAS  /tmp/ccXpJl0t.s 			page 2


  28      B482990C 
  28      00859302 
  29 0027 65       		.ascii	"e"
  30              		.text
  31              		.section	.gnu.lto_.pureconst.d47723ca53ee1f12,"",%progbits
  32 0000 789C6363 		.ascii	"x\234cc```\006bF\006\011\000\000}\000#"
  32      60606006 
  32      62460609 
  32      00007D00 
  32      23
  33              		.text
  34              		.section	.gnu.lto_halInit.d47723ca53ee1f12,"",%progbits
  35 0000 789C75D1 		.ascii	"x\234u\321=K\303@\030\007\360\347\237k\323Hmu\021\324"
  35      3D4BC340 
  35      1807F0E7 
  35      9F6BD348 
  35      6D7511D4 
  36 0014 7670EDD2 		.ascii	"vp\355\322~\013\007\277\205tq\020\004\373\001r5\226"
  36      7E0B07BF 
  36      85747110 
  36      04FB0172 
  36      3596
  37 0026 567470B0 		.ascii	"Vtp\260\325!H\020A\235\244\324\267\370\326\330\017\240"
  37      D5214810 
  37      419DA4D4 
  37      B7F8D6D8 
  37      0FA0
  38 0038 E8EA5451 		.ascii	"\350\352TQA\250/\340 U\254>iD2\244G\216\273\334\363"
  38      41A82FE0 
  38      2055AC3E 
  38      694432A4 
  38      478EBBDC 
  39 004d BB27CFE5 		.ascii	"\273'\317\345T\"\032W\210\222<&\270C\020\224\345K\242"
  39      54221A57 
  39      88923C26 
  39      B8431094 
  39      E54BA2
  40 0060 BCA600EE 		.ascii	"\274\246\000\356Dj ]\201\216%\261\"\320(>\332JjKrsV"
  40      446A205D 
  40      818E25B1 
  40      22D0283E 
  40      DA4A6A4B 
  41 0077 DF46E4B6 		.ascii	"\337F\344\266\003S\020U\270\273\0155\244\210\331]\265"
  41      03531055 
  41      B8BB0D35 
  41      A488D95D 
  41      B5
  42 0088 538EA921 		.ascii	"S\216\251!o\035{P\011<\331\275\011;\262\363S\224\316"
  42      6F1D7B50 
  42      093CD9BD 
  42      093BB2F3 
  42      5394CE
  43 009b FD063E26 		.ascii	"\375\006>&\242D%\216\363G\244C\013Bqg\206C-\030\326"
  43      A244258E 
  43      F347A443 
  43      0B427167 
  43      86432D18 
ARM GAS  /tmp/ccXpJl0t.s 			page 3


  44 00b0 57A2BB89 		.ascii	"W\242\273\2113\331v\3536\242\177K\315\024\250\010\316"
  44      33D976EB 
  44      36A27F4B 
  44      CD14A808 
  44      CE
  45 00c1 827DE864 		.ascii	"\202}\350d\262na\336\252\366\0078Q\341(\341\200\035"
  45      B26E61DE 
  45      AAF60738 
  45      51E128E1 
  45      801D
  46 00d3 072A85C6 		.ascii	"\007*\205\306UdQ\230\"\004\367\325\370\254\277\307\331"
  46      55645198 
  46      2204F7D5 
  46      F8ACBFC7 
  46      D9
  47 00e4 0DF382E5 		.ascii	"\015\363\202\345V\307k\355\353\347R\324\302z~\320\024"
  47      56C76BED 
  47      EBE752D4 
  47      C27A7ED0 
  47      14
  48 00f5 611CF159 		.ascii	"a\034\361Y\017\221\354F\214\315Z\001\254\327\244\034"
  48      0F91EC46 
  48      8CCD5A01 
  48      ACD7A41C 
  49 0105 7333D8B0 		.ascii	"s3\330\260\340\035\347\030\272)\324n\261\315\240\"\270"
  49      E01DE718 
  49      BA29D46E 
  49      B1CDA022 
  49      B8
  50 0116 58CE8E93 		.ascii	"X\316\216\223\377b\015\353)\026\354B\354N}\356!\036"
  50      FF620DEB 
  50      2916EC42 
  50      EC4E7DEE 
  50      211E
  51 0128 ECC2ECCE 		.ascii	"\354\302\354\316|\2569\020\354Tv\347>\327\356\341\""
  51      7CAE3910 
  51      EC5476E7 
  51      3ED7EEE1 
  51      22
  52 0139 ECEA3EB7 		.ascii	"\354\352>\2673\024\3544v\216\277\276\036\256\217\335"
  52      3314EC34 
  52      768EBFBE 
  52      1EAE8FDD 
  53 0149 C59F7BC1 		.ascii	"\305\237{\301\234\365Z\366\376\225\333J|u|\275|/\243"
  53      9CF55AF6 
  53      FE95DB4A 
  53      7C757CBD 
  53      7C2FA3
  54 015c E974C67B 		.ascii	"\351t\306{fr\231\251\311\351Ln6\353\216\351,\375\002"
  54      667299A9 
  54      C9E94C6E 
  54      36EB8EE9 
  54      2CFD02
  55 016f 3BCDC623 		.ascii	";\315\306#"
  56              		.text
  57              		.section	.gnu.lto_.symbol_nodes.d47723ca53ee1f12,"",%progbits
  58 0000 789C55C9 		.ascii	"x\234U\311\271\015\302@\024E\321\3537\336\240\011(\005"
ARM GAS  /tmp/ccXpJl0t.s 			page 4


  58      B90DC240 
  58      1445D1EB 
  58      37DEA009 
  58      2805
  59 0012 2AFB0E2C 		.ascii	"*\373\016,b:`\033\266\026\210\035S\003H\016i\001\304"
  59      623A601B 
  59      B616881D 
  59      5303480E 
  59      6901C4
  60 0025 30113F78 		.ascii	"0\021?x\272\322y5\360NC\033\031\254\357\220r\353\226"
  60      BAD27935 
  60      F04E431B 
  60      19ACEF90 
  60      72EB96
  61 0038 50EDC53C 		.ascii	"P\355\305<=\305UV\344\007\272n\221\340\"\223\203\263"
  61      3DC55556 
  61      E407BA6E 
  61      91E02293 
  61      83B3
  62 004a 2C3838C9 		.ascii	",88\311J\007GY\345 \312j\007\007Y\343`'k\035le\223\177"
  62      4A074759 
  62      E520CA6A 
  62      070759E3 
  62      60276B1D 
  63 0062 084C898F 		.ascii	"\010L\211\217O\021\2300\344\266\214\271\015\375\363"
  63      4F119830 
  63      E4B68CB9 
  63      0DFDF3
  64 0071 D79A985B 		.ascii	"\327\232\230[1\344\226\214\271\201~\365\232\005DL\345"
  64      31E4968C 
  64      B9817EF5 
  64      9A05444C 
  64      E5
  65 0082 0B621C3F 		.ascii	"\013b\034?3"
  65      33
  66              		.text
  67              		.section	.gnu.lto_.refs.d47723ca53ee1f12,"",%progbits
  68 0000 789C6363 		.ascii	"x\234cc```\003bF\006&F&\006\000\000\263\000\023"
  68      60606003 
  68      62460626 
  68      46260600 
  68      00B30013 
  69              		.text
  70              		.section	.gnu.lto_.decls.d47723ca53ee1f12,"",%progbits
  71 0000 789C8D56 		.ascii	"x\234\215VkLTG\024\276\347\016\354\302\002b\240ilcS"
  71      6B4C5447 
  71      14BEE70E 
  71      ECC20262 
  71      A0696C63 
  72 0015 4A306E7F 		.ascii	"J0n\177\224\005\265I\177\364\217\365U\022\265$m\377"
  72      9405B549 
  72      7FF48FF5 
  72      5512B524 
  72      6DFF
  73 0027 B43F5604 		.ascii	"\264?V\004\224M\020\010\273XM\223\366\"P\011R\221JU"
  73      944D1008 
  73      BB584D93 
ARM GAS  /tmp/ccXpJl0t.s 			page 5


  73      F6225009 
  73      52914A55 
  74 003b 58500A56 		.ascii	"XP\012V\213\030\261U|\200\026\320\202\250\340\003|\""
  74      8B18B155 
  74      7C8016D0 
  74      82A8E003 
  74      7C22
  75 004d 0AA2288A 		.ascii	"\012\242(\212\302\012\310\312\273gf\356\335\273n\005"
  75      C20AC8CA 
  75      BB6766EE 
  75      DDBB6E05 
  76 005d 7AB3E7CE 		.ascii	"z\263\347\316=3\337\367\2353s\346\316]\215 \010\353"
  76      3D33DFF7 
  76      9D3373E6 
  76      CE5D8D20 
  76      08EB
  77 006f 7582705D 		.ascii	"u\202p]\024\204S\370<\201\027>\0125h\200\326!\360\013"
  77      148453F8 
  77      3C81173E 
  77      0A356880 
  77      D621F00B 
  78 0083 21C213B4 		.ascii	"!\302\023\264n\264\347h\275h/\320\372\321^\242\331\321"
  78      6EB4E768 
  78      BD682FD0 
  78      FAD15EA2 
  78      D9D1
  79 0095 46D0C664 		.ascii	"F\320\306d\336\204\360\372\325\214\235ZlW\011\034\320"
  79      DE84F0FA 
  79      D58C9D5A 
  79      6C57091C 
  79      D0
  80 00a6 451BE0FA 		.ascii	"E\033\340\372\367\321\206]\342\214\311zvY\277_\216\327"
  80      F7D1865D 
  80      E28CC97A 
  80      7659BF5F 
  80      8ED7
  81 00b8 2BC7EF9E 		.ascii	"+\307\357\236$N\016\201\253\251\207\363\311\026\002"
  81      244E0E81 
  81      ABA987F3 
  81      C91602
  82 00c7 7E3A7043 		.ascii	"~:pC\367Ec\336\203\031\350\276\245\203\000t+\217\237"
  82      F74563DE 
  82      8319E8BE 
  82      A5830074 
  82      2B8F9F
  83 00da AA73E7A3 		.ascii	"\252s\347\243!\350\216t\345\334\006\356z\243\273\251"
  83      21E88E74 
  83      E5DC06EE 
  83      7AA3BBA9 
  84 00ea F276B62F 		.ascii	"\362v\266/\007\267\013Nd?N\336\232u\344O\035\021\201"
  84      07B70B4E 
  84      643F4EDE 
  84      9A75E44F 
  84      1D1181
  85 00fd 0EE5550E 		.ascii	"\016\345U\016\\\220\205<\320-\256\255\030\366\"\236"
  85      5C90853C 
  85      D02DAEAD 
ARM GAS  /tmp/ccXpJl0t.s 			page 6


  85      18F6229E 
  86 010d 6CE86E7D 		.ascii	"l\350n}I)\315`\256\016\350z\372bW\331\263\223C>\274"
  86      4929CD60 
  86      AE0EE87A 
  86      FA6257D9 
  86      B393433E 
  87 0122 8B22AE0D 		.ascii	"\213\"\256\015f\025y\020\037\366\\\334R\264C\033|P\342"
  87      66157910 
  87      1FF65CDC 
  87      52B4431B 
  87      7C50E2
  88 0135 97C71702 		.ascii	"\227\307\027\002\374\015D\231LSV\337^-\011\241@\261"
  88      FC0D4499 
  88      4C5356DF 
  88      5E2D09A1 
  88      40B1
  89 0147 EDF648EB 		.ascii	"\355\366H\353\014\320\351\323%i\223T\230\"y~.\300Q\230"
  89      0CD0E9D3 
  89      25699354 
  89      9822797E 
  89      2EC05198 
  90 015b 0D4760B6 		.ascii	"\015G`\266\000g@O\305\253 X\200\323\330y\012;\367Q\301"
  90      0067404F 
  90      C5AB2058 
  90      80D3D879 
  90      0A3BF751 
  91 0170 EA36FBDC 		.ascii	"\3526\373\334\354\315\222$B\015\350\240\032\010\303"
  91      ECCD9224 
  91      420DE8A0 
  91      1A08C3
  92 017f E0EACDD5 		.ascii	"\340\352\315\325\361\020%{\263\2134\304\304BTZ;k\305"
  92      F110257B 
  92      B38B34C4 
  92      C442545A 
  92      3B6BC5
  93 0192 C942D44E 		.ascii	"\311B\324N\032\342\346\356\300\2724\032\342\037\014"
  93      1AE2E6EE 
  93      C0BA341A 
  93      E21F0C
  94 01a1 71560D81 		.ascii	"qV\015\201\021y\214\216\212\326d\221\374\012l\302\343"
  94      11798C8E 
  94      8AD66491 
  94      FC0A6CC2 
  94      E3
  95 01b2 19A76C84 		.ascii	"\031\247l\204\3442\307\275~`0\305\033\202\202\202\374"
  95      E432C7BD 
  95      7E6030C5 
  95      1B828282 
  95      FC
  96 01c3 F5453468 		.ascii	"\365E4huo\251\276\240\251K\222~\361fju\250v\021\374"
  96      756FA9BE 
  96      A0A94B92 
  96      7EF1666A 
  96      75A87611 
  97 01d8 D52C0CB3 		.ascii	"\325,\014\263Q8\024o\002\307w\274\227'U\247\022\006"
  97      5138146F 
  97      02C777BC 
ARM GAS  /tmp/ccXpJl0t.s 			page 7


  97      972755A7 
  97      1206
  98 01ea AE7C2318 		.ascii	"\256|#\030=\007\272\317\011}\316\025]\001\016\355l:"
  98      3D07BACF 
  98      097DCE15 
  98      5D010EED 
  98      6C3A
  99 01fc AF6D68E0 		.ascii	"\257mh\340&\300q\004\034cc\024\216s\203\006\\\212z\010"
  99      26C07104 
  99      1C636314 
  99      8E738306 
  99      5C8A7A08 
 100 0210 82F36817 		.ascii	"\202\363h\027 \210U\213/E]\201_2\262(R\220\227A.e\325"
 100      2088558B 
 100      2F455D81 
 100      5F32B228 
 100      52909741 
 101 0227 78EA150D 		.ascii	"x\352\025\015if\323\026\317\225\034h\004\360\327\277"
 101      6966D316 
 101      CF951C68 
 101      04F0D7BF 
 102 0237 310E5C46 		.ascii	"1\016\\F\371\351C\215\027hp\277\300%\0046\252kN\003"
 102      F9E9438D 
 102      176870BF 
 102      C0250436 
 102      AA6B4E03 
 103 024b B3783DA9 		.ascii	"\263x=\251\235\355^|\203\316B\267\274\361\304=w\362"
 103      9DED5E7C 
 103      83CE42B7 
 103      BCF1C43D 
 103      77F2
 104 025d 8897A0B5 		.ascii	"\210\227\240\265\357\306f/\362\234;e\2439\3735d\200"
 104      EFC6662F 
 104      F29C3B65 
 104      A339FB35 
 104      6480
 105 026f 3B5929F7 		.ascii	";Y)\367~\340\244O\321\313\334\265\177\233F~\037\010"
 105      7EE0A44F 
 105      D1CBDCB5 
 105      7F9B467E 
 105      1F08
 106 0281 FA19E5DB 		.ascii	"\372\031\345\333\213}\311\010\203j\323v\237+\320\262"
 106      8B7DC908 
 106      836AD376 
 106      9F2BD0B2 
 107 0291 D205E983 		.ascii	"\322\005\351\203\212XJ\203{\374\266KR}\010K\352*&\325"
 107      8A584A83 
 107      7BFCB64B 
 107      527D084B 
 107      EA2A26D5 
 108 02a5 82AD635A 		.ascii	"\202\255cZW\300\271v\010?\243Of\325\240\350\223\256"
 108      57C0B976 
 108      083FA34F 
 108      66D5A0E8 
 108      93AE
 109 02b7 E813F05A 		.ascii	"\350\023\360Z\361\020\336\342\004\277\341\012/\237\244"
 109      F110DEE2 
ARM GAS  /tmp/ccXpJl0t.s 			page 8


 109      04BFE10A 
 109      2F9FA4
 110 02c6 78D71170 		.ascii	"x\327\021p\215\215\265\310+\332\212+z\007W\363.\332"
 110      8D8DB5C8 
 110      2BDA8A2B 
 110      7A0757F3 
 110      2EDA
 111 02d8 4DB45B68 		.ascii	"M\264[h\267\345\225\345\201\232\336W\0035\273\006R7"
 111      B7E595E5 
 111      819ADE57 
 111      0335BB06 
 111      5237
 112 02ea A05CF13D 		.ascii	"\240\\\361=\274\342-\257W\234+=r^\220&W\251\012\247"
 112      BCE22DAF 
 112      579C2B3D 
 112      725E9026 
 112      57A90AA7 
 113 02fe 29E2EAD6 		.ascii	")\342\352\326\014=K\363%\233\330\371\"\226=\267\375"
 113      0C3D4BF3 
 113      259BD8F9 
 113      22963DB7 
 113      FD
 114 030f 087A7F1E 		.ascii	"\010z\177\036\243\247\204\225\272\035\311\367\324R\267"
 114      A3A78495 
 114      BA1DC9F7 
 114      D452B7
 115 031e B052BF71 		.ascii	"\260R\277q\266\320\206\223\374?\023\246\207\321p\377"
 115      B6D08693 
 115      FC3F13A6 
 115      87D170FF 
 116 032e 755F7F59 		.ascii	"u_\177Y&}R\031a*\015knS\227\247w\206\343\330\200\373"
 116      267D5219 
 116      612A0D6B 
 116      6E5397A7 
 116      7786E3D8 
 117 0344 4E2F9600 		.ascii	"N/\226\000\035\340\315\016\376\016v\312V\324\234\256"
 117      1DE0CD0E 
 117      FE0E76CA 
 117      56D49CAE 
 118 0354 F26A4329 		.ascii	"\362jC)\374\322\300L&A\277\005\364\216-5\346O(\027\360"
 118      FCD2C04C 
 118      2641BF05 
 118      F48E2D35 
 118      E64F2817 
 119 0369 7EEC1579 		.ascii	"~\354\025y#C\251\243P\300\321#\312\032\242\242\313~"
 119      2343A9A3 
 119      50C0D123 
 119      CA1AA2A2 
 119      CB7E
 120 037b B20038AB 		.ascii	"\262\0008\253\362q\036N\271\370w\205?8\361x\227\250"
 120      F2711E4E 
 120      B9F87785 
 120      3F38F178 
 120      97A8
 121 038d 0673A2FC 		.ascii	"\006s\242\374'W\3011\354HJ\235$\310+\266??\327\275\035"
 121      2757C131 
 121      EC484A9D 
ARM GAS  /tmp/ccXpJl0t.s 			page 9


 121      24C82BB6 
 121      3F3FD7BD 
 122 03a2 AB29C037 		.ascii	"\253)\3007\202\260\315#\216\275}\266#R\207\216d\362"
 122      82B0CD23 
 122      8EBD7DB6 
 122      2352878E 
 122      64F2
 123 03b4 2F4CED84 		.ascii	"/L\355\204\275\332\227\277\213\"\375\024\330\032\012"
 123      BDDA97BF 
 123      8B22FD14 
 123      D81A0A
 124 03c3 BCF8BB38 		.ascii	"\274\370\2738\023\335\203\231\0239\356\263v\260\252"
 124      13DD8399 
 124      1339EEB3 
 124      76B0AA
 125 03d2 A5483345 		.ascii	"\245H3EX\3656<\306\005\177\304\026\274\013f\341=\316"
 125      58F5363C 
 125      C6057FC4 
 125      16BC0B66 
 125      E13DCE
 126 03e5 8DC7B2A5 		.ascii	"\215\307\262\245_\031\023\003\013\245\302v\251\372\361"
 126      5F191303 
 126      0BA5C276 
 126      A9FAF1
 127 03f4 8580C747 		.ascii	"\205\200\307G%\011\217k\311\215\302\240S\335P\235\364"
 127      25098F6B 
 127      C98DC2A0 
 127      53DD509D 
 127      F4
 128 0405 C3030F71 		.ascii	"\303\003\017q\237\301\003,\275\000O \020\351\233\377"
 128      9FC1032C 
 128      BD004F20 
 128      10E99BFF 
 129 0415 EA697327 		.ascii	"\352is'e<\253\314\207\225\345\276\250\325\216\333\322"
 129      653CABCC 
 129      8795E5BE 
 129      A8D58EDB 
 129      D2
 130 0426 7EE9935D 		.ascii	"~\351\223]\207\273\244t\035\013\010OU\245\247\362'\014"
 130      87BBA474 
 130      1D0B084F 
 130      55A5A7F2 
 130      270C
 131 0438 BA9942C3 		.ascii	"\272\231B\303\243\273\337\223[\\\240\2646#\331M\026"
 131      A3BBDF93 
 131      5B5CA0B4 
 131      3623D94D 
 131      16
 132 0449 686E5D50 		.ascii	"hn]PvTJug\364g*\375\231B\177\316\350\371vk\271Hv\022"
 132      76544A75 
 132      67F4672A 
 132      FD99427F 
 132      CEE8F976 
 133 0462 C6DFB7C5 		.ascii	"\306\337\267\305n%2\177\244;\340\220\203\337\243\362"
 133      6E25327F 
 133      A43BE090 
 133      83DFA3F2 
ARM GAS  /tmp/ccXpJl0t.s 			page 10


 134 0472 7B147E2F 		.ascii	"{\024~/\343\037\031J\267\0029\317\371\225\367\216wk"
 134      E31F194A 
 134      B70239CF 
 134      F995F78E 
 134      776B
 135 0484 65FEC5E1 		.ascii	"e\376\305\341\005\326\263?U\207\363\374m\252\200M\021"
 135      05D6B33F 
 135      5587F3FC 
 135      6DAA804D 
 135      11
 136 0495 78C1042E 		.ascii	"x\301\004._(\036\365!\003\\\2409\247d\310G\026\2703"
 136      5F281EF5 
 136      21035CA0 
 136      39A764C8 
 136      4716B833 
 137 04a9 A16F7024 		.ascii	"\241op$\320\247\362\373\024~?\343W\336\270\364-\371"
 137      D0A7F2FB 
 137      147E3FE3 
 137      57DEB8F4 
 137      2DF9
 138 04bb CD8DD1F7 		.ascii	"\315\215\321\367\016\345\377.*\361\177&\326ZG\374\001"
 138      0EE5FF2E 
 138      2AF17F26 
 138      D65A47FC 
 138      01
 139 04cc 953FA0F0 		.ascii	"\225?\240\360_2\376\326\235\325w4\244\201\013\344\337"
 139      5F32FED6 
 139      9DD57734 
 139      A4810BE4 
 139      DF
 140 04dd B74E2813 		.ascii	"\267N(\023x\220G\322\033\035\002\203\252\300\240\"`"
 140      789047D2 
 140      1B1D0283 
 140      AAC0A022 
 140      60
 141 04ee 6702070E 		.ascii	"g\002\007\016\346vz\022;\0278\226\363\264\327\323M\344"
 141      E6767A12 
 141      3B173896 
 141      F3B4D7D3 
 141      4DE4
 142 0500 EF23DD24 		.ascii	"\357#\335$\364\217P]\336u\355\244\333i\230m\247!\220"
 142      F48F505D 
 142      DE75EDA4 
 142      DB69986D 
 142      A72190
 143 0513 F7535F4A 		.ascii	"\367S_JN\241F\316\240\2734\250\227\255\000b\340\225"
 143      4EA146CE 
 143      A0BB34A8 
 143      97AD0062 
 143      E095
 144 0525 9AC02B25 		.ascii	"\232\300+%\201\021\226@\356\356\254\303\204\244\271"
 144      81119640 
 144      EEEEACC3 
 144      84A4B9
 145 0534 B3047AAA 		.ascii	"\263\004z\252\372\2378\266\300\001Rq\3161\203QU`T\021"
 145      FA9F38B6 
 145      C0015271 
ARM GAS  /tmp/ccXpJl0t.s 			page 11


 145      CE318351 
 145      55605411 
 146 0548 186302F5 		.ascii	"\030c\002\365g\017\015z\221\263\\`\254\242\261\334m"
 146      670F0D7A 
 146      91B35C60 
 146      ACA2B1DC 
 146      6D
 147 0559 4EB16493 		.ascii	"N\261d\223\350\037\206\200\036[\252\224\356\307\316"
 147      E81F8680 
 147      1E5BAA94 
 147      EEC7CE
 148 0568 9C712EE0 		.ascii	"\234q.\340t\354\217\263M=\001s\220\267gt$w\206\3631"
 148      74EC8FB3 
 148      4D3D0173 
 148      90B76774 
 148      247786F3 
 149 057d 4563AAC7 		.ascii	"Ec\252\307\224$\362c\012[\004\377a\335\364\300\333\031"
 149      9424F263 
 149      0A5B04FF 
 149      61DDF4C0 
 149      DB19
 150 058f 3CFC1A38 		.ascii	"<\374\0328Y\006\323V\023\276xq\204%\202D&\306\276\023"
 150      5906D356 
 150      13BE7871 
 150      84258244 
 150      26C6BE13 
 151 05a3 1C6CE0BF 		.ascii	"\034l\340\277x\263!&\"\326`N\214\244mp\244\307\262\225"
 151      78B32126 
 151      22D6604E 
 151      8CA46D70 
 151      A4C7B295 
 152 05b7 5F072C0A 		.ascii	"_\007,\012\015\025tFc\222)\3162\177\236\321\362\221"
 152      0D157446 
 152      639229CE 
 152      327F9ED1 
 152      F291
 153 05c9 21C99C68 		.ascii	"!\311\234h0\305E\306&EE\033\342\242\277\2135\2556\254"
 153      30C545C6 
 153      2645451B 
 153      E2A2BF8B 
 153      35AD36AC 
 154 05dd 8B888C31 		.ascii	"\213\210\2141\305E\033\214Q\321k\"\222b-F\313\306\204"
 154      C5451B8C 
 154      51D16B22 
 154      92622D46 
 154      CBC684
 155 05f0 6873708C 		.ascii	"hsp\214\340\241\320\002\337D3o4\033\214fK\024b\020K"
 155      E0A1D002 
 155      DF44336F 
 155      341B8C66 
 155      4B146210 
 156 0605 E2A31231 		.ascii	"\342\243\0221\237\230\217]\363I\210O\264\230\015_~\265"
 156      9F988F5D 
 156      F349884F 
 156      B4980D5F 
 156      7EB5
 157 0617 62FE3CC3 		.ascii	"b\376<\303\362\345\213\015\313\302\303\276X\037J\207"
ARM GAS  /tmp/ccXpJl0t.s 			page 12


 157      F2E58B0D 
 157      CBC2C3BE 
 157      581F4A87 
 158 0627 8C0968B1 		.ascii	"\214\011h\261\261Q\310\3663[\326a\240\265\011\246x\243"
 158      B151C8F6 
 158      335BD661 
 158      A0B509A6 
 158      78A3
 159 0639 39DA9294 		.ascii	"9\332\222\224`\264h\302\027\3219j\302?\343\315B\336"
 159      60B468C2 
 159      17D1396A 
 159      C23FE3CD 
 159      42DE
 160 064b 2CA18D67 		.ascii	",\241\215g\370\302\345\213\342\343\326\230\326jQ',\316"
 160      F8C2E58B 
 160      E2E3D698 
 160      D66A5127 
 160      2CCE
 161 065d 647977D2 		.ascii	"dyw\322e\0204f\013E|\340\212P\246C31\323)x\256\216\217"
 161      65103466 
 161      0B457CE0 
 161      8A50A643 
 161      3331D329 
 162 0675 488CA2D8 		.ascii	"H\214\242\330\005\256X6b6\254X\030\276|\311\212\260"
 162      05AE5836 
 162      6236AC58 
 162      18BE7CC9 
 162      8AB0
 163 0687 95614636 		.ascii	"\225aF6\037\343\322\320\220\371|\014\351ZsT\022%\177"
 163      1FE3D2D0 
 163      90F97C0C 
 163      E95A7354 
 163      12257F
 164 069a 3865A0E8 		.ascii	"8e\240\350D\0236I\346\325\224\201\015e\004N\305\340"
 164      44133649 
 164      E6D59481 
 164      0D65044E 
 164      C5E0
 165 06ac 508D9925 		.ascii	"P\215\231%6gzm\252k\232\0279\255.b(4\"jz(b\020\352\243"
 165      36677A6D 
 165      AA6B9A17 
 165      39AD2E62 
 165      2834226A 
 166 06c6 D4CB6842 		.ascii	"\324\313hB\202w\214\223\0232U\321\331}i\350\206\015"
 166      82778C93 
 166      133255D1 
 166      D97D69E8 
 166      860D
 167 06d8 8618B5DE 		.ascii	"\206\030\265\336TJ\331n\221\254\222\377\002\250{\371"
 167      544AD96E 
 167      91AC92FF 
 167      02A87BF9 
 168 06e8 07       		.ascii	"\007"
 169              		.text
 170              		.section	.gnu.lto_.symtab.d47723ca53ee1f12,"",%progbits
 171 0000 68616C49 		.ascii	"halInit\000"
 171      6E697400 
ARM GAS  /tmp/ccXpJl0t.s 			page 13


 172 0008 00       		.ascii	"\000"
 173 0009 00       		.ascii	"\000"
 174 000a 00       		.ascii	"\000"
 175 000b 00000000 		.ascii	"\000\000\000\000\000\000\000\000"
 175      00000000 
 176 0013 E9000000 		.ascii	"\351\000\000\000"
 177 0017 70616C5F 		.ascii	"pal_default_config\000"
 177      64656661 
 177      756C745F 
 177      636F6E66 
 177      696700
 178 002a 00       		.ascii	"\000"
 179 002b 02       		.ascii	"\002"
 180 002c 00       		.ascii	"\000"
 181 002d 00000000 		.ascii	"\000\000\000\000\000\000\000\000"
 181      00000000 
 182 0035 FF000000 		.ascii	"\377\000\000\000"
 183 0039 7374496E 		.ascii	"stInit\000"
 183      697400
 184 0040 00       		.ascii	"\000"
 185 0041 02       		.ascii	"\002"
 186 0042 00       		.ascii	"\000"
 187 0043 00000000 		.ascii	"\000\000\000\000\000\000\000\000"
 187      00000000 
 188 004b EB000000 		.ascii	"\353\000\000\000"
 189 004f 626F6172 		.ascii	"boardInit\000"
 189      64496E69 
 189      7400
 190 0059 00       		.ascii	"\000"
 191 005a 02       		.ascii	"\002"
 192 005b 00       		.ascii	"\000"
 193 005c 00000000 		.ascii	"\000\000\000\000\000\000\000\000"
 193      00000000 
 194 0064 ED000000 		.ascii	"\355\000\000\000"
 195 0068 73647549 		.ascii	"sduInit\000"
 195      6E697400 
 196 0070 00       		.ascii	"\000"
 197 0071 02       		.ascii	"\002"
 198 0072 00       		.ascii	"\000"
 199 0073 00000000 		.ascii	"\000\000\000\000\000\000\000\000"
 199      00000000 
 200 007b EF000000 		.ascii	"\357\000\000\000"
 201 007f 75736249 		.ascii	"usbInit\000"
 201      6E697400 
 202 0087 00       		.ascii	"\000"
 203 0088 02       		.ascii	"\002"
 204 0089 00       		.ascii	"\000"
 205 008a 00000000 		.ascii	"\000\000\000\000\000\000\000\000"
 205      00000000 
 206 0092 F1000000 		.ascii	"\361\000\000\000"
 207 0096 7364496E 		.ascii	"sdInit\000"
 207      697400
 208 009d 00       		.ascii	"\000"
 209 009e 02       		.ascii	"\002"
 210 009f 00       		.ascii	"\000"
 211 00a0 00000000 		.ascii	"\000\000\000\000\000\000\000\000"
 211      00000000 
ARM GAS  /tmp/ccXpJl0t.s 			page 14


 212 00a8 F3000000 		.ascii	"\363\000\000\000"
 213 00ac 69326349 		.ascii	"i2cInit\000"
 213      6E697400 
 214 00b4 00       		.ascii	"\000"
 215 00b5 02       		.ascii	"\002"
 216 00b6 00       		.ascii	"\000"
 217 00b7 00000000 		.ascii	"\000\000\000\000\000\000\000\000"
 217      00000000 
 218 00bf F5000000 		.ascii	"\365\000\000\000"
 219 00c3 61646349 		.ascii	"adcInit\000"
 219      6E697400 
 220 00cb 00       		.ascii	"\000"
 221 00cc 02       		.ascii	"\002"
 222 00cd 00       		.ascii	"\000"
 223 00ce 00000000 		.ascii	"\000\000\000\000\000\000\000\000"
 223      00000000 
 224 00d6 F7000000 		.ascii	"\367\000\000\000"
 225 00da 5F70616C 		.ascii	"_pal_lld_init\000"
 225      5F6C6C64 
 225      5F696E69 
 225      7400
 226 00e8 00       		.ascii	"\000"
 227 00e9 02       		.ascii	"\002"
 228 00ea 00       		.ascii	"\000"
 229 00eb 00000000 		.ascii	"\000\000\000\000\000\000\000\000"
 229      00000000 
 230 00f3 FB000000 		.ascii	"\373\000\000\000"
 231 00f7 68616C5F 		.ascii	"hal_lld_init\000"
 231      6C6C645F 
 231      696E6974 
 231      00
 232 0104 00       		.ascii	"\000"
 233 0105 02       		.ascii	"\002"
 234 0106 00       		.ascii	"\000"
 235 0107 00000000 		.ascii	"\000\000\000\000\000\000\000\000"
 235      00000000 
 236 010f FD000000 		.ascii	"\375\000\000\000"
 237              		.text
 238              		.section	.gnu.lto_.opts,"",%progbits
 239 0000 272D666D 		.ascii	"'-fmath-errno' '-fsigned-zeros' '-ftrapping-math' '"
 239      6174682D 
 239      6572726E 
 239      6F272027 
 239      2D667369 
 240 0033 2D666E6F 		.ascii	"-fno-trapv' '-fno-openmp' '-fno-openacc' '-mcpu=cor"
 240      2D747261 
 240      70762720 
 240      272D666E 
 240      6F2D6F70 
 241 0066 7465782D 		.ascii	"tex-m3' '-mthumb' '-O2' '-fomit-frame-pointer' '-fa"
 241      6D332720 
 241      272D6D74 
 241      68756D62 
 241      2720272D 
 242 0099 6C69676E 		.ascii	"lign-functions=16' '-ffunction-sections' '-fdata-se"
 242      2D66756E 
 242      6374696F 
ARM GAS  /tmp/ccXpJl0t.s 			page 15


 242      6E733D31 
 242      36272027 
 243 00cc 6374696F 		.ascii	"ctions' '-fno-common' '-flto'\000"
 243      6E732720 
 243      272D666E 
 243      6F2D636F 
 243      6D6D6F6E 
 244              		.text
 245              		.comm	__gnu_lto_v1,1,1
 246              		.comm	__gnu_lto_slim,1,1
 247              		.ident	"GCC: (15:7-2018-q2-6) 7.3.1 20180622 (release) [ARM/embedded-7-branch revision 261907]"
ARM GAS  /tmp/ccXpJl0t.s 			page 16


DEFINED SYMBOLS
                            *ABS*:0000000000000000 hal.c
                            *COM*:0000000000000001 __gnu_lto_v1
                            *COM*:0000000000000001 __gnu_lto_slim

NO UNDEFINED SYMBOLS
