ARM GAS  /tmp/ccwPux5f.s 			page 1


   1              		.cpu cortex-m3
   2              		.eabi_attribute 20, 1
   3              		.eabi_attribute 21, 1
   4              		.eabi_attribute 23, 3
   5              		.eabi_attribute 24, 1
   6              		.eabi_attribute 25, 1
   7              		.eabi_attribute 26, 1
   8              		.eabi_attribute 30, 2
   9              		.eabi_attribute 34, 1
  10              		.eabi_attribute 18, 4
  11              		.file	"hal_st_lld.c"
  12              		.section	.gnu.lto_.profile.3e874ce8884cf743,"",%progbits
  13 0000 789C6363 		.ascii	"x\234cc```\001bF\2060U\000\001I\000\207"
  13      60606001 
  13      62468630 
  13      55000149 
  13      0087
  14              		.text
  15              		.section	.gnu.lto_.icf.3e874ce8884cf743,"",%progbits
  16 0000 789C6363 		.ascii	"x\234cc``\220b@\000\026\206\315\215\033'\3621\376^\263"
  16      60609062 
  16      40001686 
  16      CD8D1B27 
  16      F231FE5E 
  17 0015 B99F9FE9 		.ascii	"\271\237\237\351\374\327\017\033\330\230\373\237\314"
  17      FCD70F1B 
  17      D898FB9F 
  17      CC
  18 0022 B9CAC400 		.ascii	"\271\312\304\000\000\240o\013\367"
  18      00A06F0B 
  18      F7
  19              		.text
  20              		.section	.gnu.lto_.jmpfuncs.3e874ce8884cf743,"",%progbits
  21 0000 789C6363 		.ascii	"x\234cc``\010d@\000\026\020\301\010\244\031\24703>="
  21      60600864 
  21      40001610 
  21      C108A419 
  21      A730333E 
  22 0015 39B98DA7 		.ascii	"9\271\215\247\233y\0163\003\243\014\343fF\031\006\306"
  22      9B790E33 
  22      03A30CE3 
  22      66461906 
  22      C6
  23 0026 032C8C32 		.ascii	"\003,\2142@\014T\002\224\356\372u\275\217\003\"\315"
  23      400C5402 
  23      94EEFA75 
  23      BD8F0322 
  23      CD
  24 0037 C1B8052A 		.ascii	"\301\270\005*\315\001\226f\002\232\302\0146\020\000"
  24      CD019666 
  24      029AC20C 
  24      361000
  25 0046 A8A90EB9 		.ascii	"\250\251\016\271"
  26              		.text
  27              		.section	.gnu.lto_.inline.3e874ce8884cf743,"",%progbits
  28 0000 789C6363 		.ascii	"x\234cc``\310b@\000\026\006\0066>F\006&\226\005\362"
  28      6060C862 
ARM GAS  /tmp/ccwPux5f.s 			page 2


  28      40001606 
  28      06363E46 
  28      06269605 
  29 0015 0C6C0BE4 		.ascii	"\014l\013\344\231@b\214\\ \202AT\026(.\267\341\025#"
  29      9940628C 
  29      5C208241 
  29      5416282E 
  29      B7E11523 
  30 0029 5C829987 		.ascii	"\\\202\231\207\201\201\011\204x\371\201RB\027z\030Q"
  30      81810984 
  30      78F98152 
  30      42177A18 
  30      51
  31 003a F53033B0 		.ascii	"\36503\260\2121\202T\240\031\005\"\030\000\026\033\010"
  31      8A318254 
  31      A0190522 
  31      1800161B 
  31      08
  32 004b 48       		.ascii	"H"
  33              		.text
  34              		.section	.gnu.lto_.pureconst.3e874ce8884cf743,"",%progbits
  35 0000 789C6363 		.ascii	"x\234cc``\340\002b\026\206]\214\214RLR\314\022\000\010"
  35      6060E002 
  35      6216865D 
  35      8C8C524C 
  35      52CC1200 
  36 0015 050122   		.ascii	"\005\001\""
  37              		.text
  38              		.section	.gnu.lto_st_lld_serve_interrupt.part.0.3e874ce8884cf743,"",%progbits
  39 0000 789C8553 		.ascii	"x\234\205S[lLQ\024\335\373\236;\017\006\351\037\037"
  39      5B6C4C51 
  39      14DDFB9E 
  39      3B0F06E9 
  39      1F1F
  40 0012 0DD3301F 		.ascii	"\015\3230\037\022\355\365\012B\"\221\372ib\022Q\276"
  40      12EDF50A 
  40      422291FA 
  40      69621251 
  40      BE
  41 0023 1BAEA193 		.ascii	"\033\256\241\223\314t\232{\207\360\325cZZ\357G\030\215"
  41      CC749A7B 
  41      87F0D563 
  41      5A5AEF47 
  41      188D
  42 0035 4C522582 		.ascii	"LR%\202\240\036\365h\247T\325\253\036-JC\322\204j\243"
  42      A01EF568 
  42      A754D5AB 
  42      1E2D4A43 
  42      D2846AA3 
  43 0049 094A3C12 		.ascii	"\011J<\022\372\243\354}g4uG8\2319\347\334\263\366\332"
  43      FAA3EC7D 
  43      67347547 
  43      389939E7 
  43      DCB3F6DA 
  44 005d 5977AD73 		.ascii	"Yw\255s\235\000\260B\005\030\207\000\271\264G\007\240"
  44      9D00B042 
  44      05188700 
ARM GAS  /tmp/ccwPux5f.s 			page 3


  44      B9B44707 
  44      A0
  45 006e BAA78336 		.ascii	"\272\247\2036**\326\252\240\340u\223[ \362F\272\021"
  45      2A2AD6AA 
  45      A0E07593 
  45      5B20F246 
  45      BA11
  46 0080 CA544560 		.ascii	"\312TE`\031\356\020\373\005\266V\3667*S\217K\032-\007"
  46      19EE10FB 
  46      05B656F6 
  46      372A538F 
  46      4B1A2D07 
  47 0094 F74DDC22 		.ascii	"\367M\334\"7OH\010\2008\375y`=N\005*{Rq.!\266\213\004"
  47      374F4808 
  47      8038FD79 
  47      603D4E05 
  47      2A7B5271 
  48 00ad 7551E9F1 		.ascii	"uQ\351\361s\373\241\276q\374\250\240\227\036\253>\264"
  48      73FBA1BE 
  48      71FCA8A0 
  48      971EAB3E 
  48      B4
  49 00be 3D778B39 		.ascii	"=w\2139\310\225\025\361\275\365\036\337Q)c\262\245\177"
  49      C89515F1 
  49      BDF51EDF 
  49      512963B2 
  49      A57F
  50 00d0 30EB48B9 		.ascii	"0\353H\271l\223jB\010\274\214\202\272\342%\314\306\213"
  50      6C936A42 
  50      08BC8C82 
  50      BAE225CC 
  50      C68B
  51 00e2 986D75A7 		.ascii	"\230mu\247\362\006\331\322\253\212\005\026\265#\376"
  51      F206D9D2 
  51      AB8A0516 
  51      B523FE
  52 00f1 BED695A6 		.ascii	"\276\326\225\246\276\034\234P\233\246\252\330\360Wj"
  52      BE1C9C50 
  52      9BA6AAD8 
  52      F0576A
  53 0100 EFF9A103 		.ascii	"\357\371\241\003c\235*6\242\017\257\240\2175c\022\235"
  53      639D2A36 
  53      A20FAFA0 
  53      8F356312 
  53      9D
  54 0111 E90940E1 		.ascii	"\351\011@\341SF\317v:\244\034\372Y)\345\2419\343\035"
  54      5346CF76 
  54      3AA41CFA 
  54      5929E5A1 
  54      39E31D
  55 0124 0055F472 		.ascii	"\000U\364r\354E\225Py\025[\205b\255\375\250p\337c\367"
  55      EC459550 
  55      79155B85 
  55      62ADFDA8 
  55      70DF63F7 
  56 0138 3BAF7BC4 		.ascii	";\257{\304BK\322\311\272\332\3521iI\337\253g\237\352"
  56      424BD2C9 
ARM GAS  /tmp/ccwPux5f.s 			page 4


  56      BADAEA31 
  56      6949DFAB 
  56      679FEA
  57 014b DBB5531E 		.ascii	"\333\265S\036\216e\261\250\246LQx\025}D\252|+\257\251"
  57      8E65B1A8 
  57      A64C5178 
  57      157D44AA 
  57      7C2BAFA9 
  58 015f EC8E8A5E 		.ascii	"\354\216\212^\274F\330{\214\365\326\357N\276\302a\325"
  58      BC46D87B 
  58      8CF5D6EF 
  58      4EBEC261 
  58      D5
  59 0170 1529C393 		.ascii	"\025)\303\223\023\035\226\334\270@\260a?\317\314\336"
  59      131D96DC 
  59      B840B061 
  59      3FCFCCDE 
  60 0180 A6033633 		.ascii	"\246\00363\250\330\301\356\344\264 \340u\306\204\035"
  60      A8D8C1EE 
  60      E4B420E0 
  60      75C6841D 
  61 0190 FB5A3DAF 		.ascii	"\373Z=\257\201t\2650\250\332\301w\247\005\213\004\274"
  61      8174B530 
  61      A8DAC177 
  61      A7058B04 
  61      BC
  62 01a1 C1B06384 		.ascii	"\301\260c\204\215\200\255\350\304\233l\035MH\006~e\271"
  62      8D80ADE8 
  62      C49B6C1D 
  62      4D48067E 
  62      65B9
  63 01b3 476A2E0C 		.ascii	"Gj.\014\216\316\251Pjd\2657\221\"\234\351k\222nU\241"
  63      8ECEA950 
  63      6A64B537 
  63      91229CE9 
  63      6B926E55 
  64 01c8 D7BD8539 		.ascii	"\327\275\2059V\022\237\006\236u+t\202\267\351\336\361"
  64      56129F06 
  64      9E752B74 
  64      82B7E9DE 
  64      F1
  65 01d9 0B03DEB1 		.ascii	"\013\003\336\261\356\311\211\346\233o\306\344T\246\331"
  65      EEC989E6 
  65      9B6FC6E4 
  65      54A6D9
  66 01e8 4EAEFD52 		.ascii	"N\256\375Rw\241\313c\261\3572\033\333P\205~\214y-\363"
  66      77A1CB63 
  66      B1EF321B 
  66      DB50857E 
  66      8C792DF3 
  67 01fc 0006B0BC 		.ascii	"\000\006\260\274\347G\374\333\032\273SW\207\235r\376"
  67      E747FCDB 
  67      1ABB5357 
  67      879D72FE 
  68 020c 21FA1E69 		.ascii	"!\372\036i\275\317\242y\"\240\261q\240\333U\366C\272"
  68      BDCFA279 
  68      22A0B171 
ARM GAS  /tmp/ccwPux5f.s 			page 5


  68      A0DB55F6 
  68      43BA
  69 021e 13C21517 		.ascii	"\023\302\025\027.\306\001\037`\031$\204\033\322\001"
  69      2EC6011F 
  69      60192484 
  69      1BD201
  70 022d DB42ADFB 		.ascii	"\333B\255\373O\250\017\255P\343\233[\037\271R\241\002"
  70      4FA80FAD 
  70      50E39B5B 
  70      1FB952A1 
  70      02
  71 023e B6FF2BD4 		.ascii	"\266\377+\324\346a\251\356\314P\275;(\324\016\006Ge"
  71      E661A9EE 
  71      CC50BD3B 
  71      28D40E06 
  71      4765
  72 0250 863A2504 		.ascii	"\206:%\004\370\210\261\321\231\241NI\222\256\307\014"
  72      F888B1D1 
  72      99A14E49 
  72      92AEC70C 
  73 0260 7AEC60EB 		.ascii	"z\354`\353Y\301\"\001\237d\206\332I\376<e\017\236\216"
  73      59C12201 
  73      9F6486DA 
  73      49FE3C65 
  73      0F9E8E
  74 0273 0875A8E6 		.ascii	"\010u\250\346u\263\347w^\355V^\317\254\274\354\341t"
  74      75B3E777 
  74      5EED565E 
  74      CFACBCEC 
  74      E174
  75 0285 0D87C3FD 		.ascii	"\015\207\303\375il\245\373\306\237\312G\214\365l\177"
  75      696CA5FB 
  75      C69FCA47 
  75      8CF56C7F 
  76 0295 A1599F1A 		.ascii	"\241Y\237\032\217*\272\300tN\314YyyZ\352\0271\265\342"
  76      8F2ABAC0 
  76      744ECC59 
  76      79795AEA 
  76      1731B5E2 
  77 02a9 9521AD34 		.ascii	"\225!\2554bDM\255p\271\177\326Lm\311\222\305\332\362"
  77      62444DAD 
  77      70B97FD6 
  77      4C6DC992 
  77      C5DAF2
  78 02bc 02FFFA19 		.ascii	"\002\377\372\031\214\024\231\321\242Phu\236\016j4\030"
  78      8C1499D1 
  78      A2506875 
  78      9E0E6A34 
  78      18
  79 02cd 2E554CC3 		.ascii	".UL\303\265j\245\031Xj\004sG\366\320#\341p\244$\335"
  79      B56AA519 
  79      586A0473 
  79      47F6D023 
  79      E170A424 
  80 02e2 66D1327F 		.ascii	"f\3212\177\276\177\203\246\027\353\021#P\264~n8\257"
  80      BE7F83A6 
  80      17EB1123 
ARM GAS  /tmp/ccwPux5f.s 			page 6


  80      50B47E6E 
  80      38AF
  81 02f4 18E6FFA5 		.ascii	"\030\346\377\245:\260!\312\265Z\276\277\260\240P\313"
  81      3AB021CA 
  81      B55ABEBF 
  81      B0A050CB 
  82 0304 A762ADA0 		.ascii	"\247b\255\240D\017\255[\035\320\364\260\0314\213\326"
  82      440FAD5B 
  82      1DD0F4B0 
  82      19348BD6 
  83 0314 EA3A5127 		.ascii	"\352:Q'\333\305FL\232\214hnI0\265\247\232I#k\214\250"
  83      DBC5464C 
  83      9A8C686E 
  83      4930B5A7 
  83      9A49236B 
  84 032a 16FCDDA7 		.ascii	"\026\374\335\247\330\334h\022\236\345/\\\346e\341\245"
  84      D8DC6812 
  84      9EE52F5C 
  84      E665E1A5 
  85 033a 46709AD7 		.ascii	"Fp\232\3277\035\024\003\\\341@8bl\204_-5\274\220"
  85      371D1403 
  85      5CE14038 
  85      626C845F 
  85      2D35BC90 
  86              		.text
  87              		.section	.gnu.lto_st_lld_init.3e874ce8884cf743,"",%progbits
  88 0000 789C9D94 		.ascii	"x\234\235\224\313O\023A\030\300\347\333Y\272[^1\236"
  88      CB4F1341 
  88      18C0E7DB 
  88      59BA5B5E 
  88      319E
  89 0012 8CF6E015 		.ascii	"\214\366\340\025\017l\220\030\377\001/&p\222\2331\304"
  89      0F6C9018 
  89      FF012F26 
  89      70929B31 
  89      C4
  90 0023 E8C10306 		.ascii	"\350\301\003\006#\304\243]^- \032\242\202QW\335\250"
  90      23C4A35D 
  90      5E2D201A 
  90      A2825157 
  90      DDA8
  91 0035 89A90969 		.ascii	"\211\251\011i\312\273\305\307RPD\240 \202\200\250\007"
  91      CABBC5C7 
  91      525044A0 
  91      208280A8 
  91      07
  92 0046 1310158C 		.ascii	"\023\020\025\214\011\304W\"\365\373fJK8I7\335\351\356"
  92      09C45722 
  92      F5FB664A 
  92      4B384937 
  92      DDE9EE
  93 0059 CCECEFF7 		.ascii	"\314\354\357\367\3157\017\027cl)\203\261\003\370\277"
  93      CD370F17 
  93      636C2983 
  93      B103F8BF 
  94 0069 076FE00C 		.ascii	"\007o\340\014\224\346\030cU\272\002@\017\246\016\314"
  94      94E61863 
ARM GAS  /tmp/ccwPux5f.s 			page 7


  94      55BA0240 
  94      0FA60ECC 
  95 0079 AB80179A 		.ascii	"\253\200\027\232\370U\016Q\377bX\311{`\342\345\\\353"
  95      F8550E51 
  95      FF6258C9 
  95      7B60E2E5 
  95      5CEB
  96 008b DDED33EB 		.ascii	"\335\3553\353vY\234\261V\274\351\202\016\310c\330\355"
  96      76599CB1 
  96      56BCE982 
  96      0EC863D8 
  96      ED
  97 009c 6368BD25 		.ascii	"ch\275%\307\245\312z\350\004\027\003|\010Nf8\346z\334"
  97      C7A5CA7A 
  97      E8041703 
  97      7C084E66 
  97      38E67ADC 
  98 00b0 6F3A83F7 		.ascii	"o:\203\367\340\367\321\235\300,\016\012\025\234\012"
  98      E0F7D19D 
  98      C02C0E0A 
  98      159C0A
  99 00bf 950A8D0A 		.ascii	"\225\012\215\012\306\352\361C\264\233\016k\340\012="
  99      C6EAF143 
  99      B49B0E6B 
  99      E00A3D
 100 00ce D538EC0B 		.ascii	"\3258\354\013D#\237\037\236&\334\015\016hi\255\213\216"
 100      44239F1F 
 100      9E26DC0D 
 100      0E6869AD 
 100      8B8E
 101 00e0 6B17B8C5 		.ascii	"k\027\270\305\025 \351|p\354\253._M\273\336T\261\352"
 101      1520E97C 
 101      70ECAB2E 
 101      5F4DBBDE 
 101      54B1EA
 102 00f3 7E307413 		.ascii	"~0t\023l\270]\205\361\356\2658\207n\360@\027x\030\365"
 102      6CB85D85 
 102      F1EEB538 
 102      876EF040 
 102      177818F5 
 103 0107 BFDC3175 		.ascii	"\277\3341u\314h3k\301\342*\364`\267\0261\012\350\005"
 103      CC68336B 
 103      C1E22AF4 
 103      60B71631 
 103      0AE805
 104 011a 035D35BF 		.ascii	"\003]5\277| U\212\264u\016\016\371\004\036\360\012#"
 104      7C20558A 
 104      B4750E0E 
 104      F9041EF0 
 104      0A23
 105 012c 03E3996A 		.ascii	"\003\343\231j\024}\266e\212\244L}` ^\014\314-]\332\377"
 105      147DB665 
 105      8AA44C7D 
 105      60205E0C 
 105      CC2D5DDA 
 106 0141 A2AAA849 		.ascii	"\242\252\250I\205G)\330c\021v4\022h\313\221,\2769E\031"
 106      854729D8 
ARM GAS  /tmp/ccwPux5f.s 			page 8


 106      63117634 
 106      1268CB91 
 106      2CBE3945 
 107 0156 22458D35 		.ascii	"\"E\2155\375\355\272|5\235f3\027\253\346VjCY)\233\013"
 107      FDEDBA7C 
 107      359D6633 
 107      17ABE656 
 107      6A435929 
 108 016c 9EA2ED49 		.ascii	"\236\242\355I\302\026Y\016\364\270\222\221;BF3\011\375"
 108      C216590E 
 108      F4B89291 
 108      3B424633 
 108      09FD
 109 017e 5B72A44A 		.ascii	"[r\244J\335\312\350\302]U\346\310\334\001\321\255I\332"
 109      DDCAE8C2 
 109      5D55E6C8 
 109      DC01D1AD 
 109      49DA
 110 0190 866B20E5 		.ascii	"\206k \345\032\244,\251DZ[\352\275\230\233`%G\246\211"
 110      1AA42CA9 
 110      445A5BEA 
 110      BD989B60 
 110      2547A689 
 111 01a4 91C5DA7E 		.ascii	"\221\305\332~~\317\224\257\2648i\362\355[\237\334\011"
 111      7ECF94AF 
 111      B43869F2 
 111      ED5B9FDC 
 111      09
 112 01b5 997D1E97 		.ascii	"\231}\036\227\225\016\317Q\367,\241\363/\216L\344n\312"
 112      950ECF51 
 112      F72CA1F3 
 112      2F8E4CE4 
 112      6ECA
 113 01c7 E490102A 		.ascii	"\344\220\020*$|\001\006v\030\032\370Q\253\020Q\205;"
 113      247C0106 
 113      76181AF8 
 113      51AB1051 
 113      853B
 114 01d9 D7151896 		.ascii	"\327\025\030\226\203Y[\012'C\330\236\340\245\020\210"
 114      83595B0A 
 114      2743D89E 
 114      E0A51088 
 115 01e9 0D312204 		.ascii	"\0151\"\004\221\331\351\203\222\037\217s\030\335\340"
 115      91D9E983 
 115      921F8F73 
 115      18DDE0
 116 01f8 47D2E48F 		.ascii	"G\322\344\217\011\276J\374\230\340'3\244\002\203\361"
 116      09BE4AFC 
 116      98E02733 
 116      A40283F1 
 117 0208 0D7C5F5A 		.ascii	"\015|_Zx7L\010<\036\025\324\3504U\007\264\202 5\332"
 117      78374C08 
 117      3C1E15D4 
 117      E8345507 
 117      B4822035 
 118 021d ED62BE5E 		.ascii	"\355b\276^\201\001\373<b!NBAJ7\226\346h^\013\235\213"
 118      8101FB3C 
ARM GAS  /tmp/ccwPux5f.s 			page 9


 118      62214E42 
 118      414A3796 
 118      E6685E0B 
 119 0233 7853884E 		.ascii	"xS\210N\362bi\362\246\005O#\336\233\315\274\3614y3\202"
 119      F26269F2 
 119      A6054F23 
 119      DE9BCDBC 
 119      F1347933 
 120 0248 A7136F56 		.ascii	"\247\023oVd\273\313?\032\312\224\331\006\230\333\300"
 120      64BBCB3F 
 120      1ACA94D9 
 120      0698DBC0 
 121 0258 CFA6897F 		.ascii	"\317\246\211\177+\360n\302\317c\270\304[\206:{\265\233"
 121      2BF06EC2 
 121      CF63B8C4 
 121      5B863A7B 
 121      B59B
 122 026a 8BD314BF 		.ascii	"\213\323\024\277\010\207\227\3475\357_S\267xf+m\024"
 122      088797E7 
 122      35EF5F53 
 122      B778662B 
 122      6D14
 123 027c 78075E6A 		.ascii	"x\007^jX\030\276\342\313\246@\262\220\377\036<\264\355"
 123      5818BEE2 
 123      CBA640B2 
 123      90FF1E3C 
 123      B4ED
 124 028e FFCC5CD2 		.ascii	"\377\314\\\322e\225\016\037\300c\361l\366\015\252\355"
 124      65950E1F 
 124      C063F16C 
 124      F60DAAED 
 125 029e D51EB133 		.ascii	"\325\036\2613\305\321]\217\014<gq\003\024\346\347\033"
 125      C5D15D8F 
 125      0C3C6771 
 125      0314E6E7 
 125      1B
 126 02af F2575E61 		.ascii	"\362W^a\234:^f\234)?[Ya\034)).\334o\024\025\0352J\016"
 126      9C3A5E66 
 126      9C293F5B 
 126      59611C29 
 126      292EDC6F 
 127 02c9 179F2BA0 		.ascii	"\027\237+\240\226\322\212\312\322\262\262\223\371'\330"
 127      96D28ACA 
 127      D2B2B293 
 127      F927D8
 128 02d8 3F0BE7F7 		.ascii	"?\013\347\367)"
 128      29
 129              		.text
 130              		.section	.gnu.lto_st_lld_serve_interrupt.3e874ce8884cf743,"",%progbits
 131 0000 789C8593 		.ascii	"x\234\205\223MH\024a\030\307\337\377\274\263;\243\246"
 131      4D481461 
 131      18C7DFFF 
 131      BCB33BA3 
 131      A6
 132 0011 75CBC3B2 		.ascii	"u\313\303\262\354E\310\313\016ft\211n]\002=\345]\242"
 132      EC45C8CB 
 132      0E667489 
ARM GAS  /tmp/ccwPux5f.s 			page 10


 132      6E5D023D 
 132      E55DA2
 133 0024 0E098AE2 		.ascii	"\016\011\212\342\212\324i_u]\265\357\"7\220)\326:D\007"
 133      8AD4695F 
 133      755DB5EF 
 133      22379029 
 133      D63A4407 
 134 0038 B1D0CA35 		.ascii	"\261\320\3125\263i\315P$\263\010:\010\03547\262\355"
 134      B369CD50 
 134      24B3083A 
 134      081D3437 
 134      B2ED
 135 004a 0B0F1A94 		.ascii	"\013\017\032\224\366<\363.H\0218\314\314\373\365\177"
 135      F63CF32E 
 135      481138CC 
 135      CCFBF57F 
 136 005a 7EEFFF7D 		.ascii	"~\357\377}\236\231\240\020\242N\012q\230\332jz\020\020"
 136      9E99A010 
 136      A24E0A71 
 136      98DA6A7A 
 136      1010
 137 006c 302ECF0B 		.ascii	"0.\317\013\321a\033\206\\\010\011UlzUB\355\2220y\032"
 137      D1611B86 
 137      5C080955 
 137      6C7A5542 
 137      ED923079 
 138 0081 26C0ADB2 		.ascii	"&\300\255\262!\342\2064\021\307yyM\"\333\223\313\030"
 138      21E28634 
 138      11C77979 
 138      4D22DB93 
 138      CB18
 139 0093 9577145D 		.ascii	"\225w\024]\336\365\253\341\244\352.w\011\233\242\207"
 139      DEF5ABE1 
 139      A4EA2E77 
 139      099BA287 
 140 00a3 2F8CA052 		.ascii	"/\214\240R\220\354u\342\236+\317IW\002&\015\177\274"
 140      90EC75E2 
 140      9E2BCF49 
 140      5702260D 
 140      7FBC
 141 00b5 1C582EE3 		.ascii	"\034X.\343\241\201\010\015{\277\314\274\263\345A\260"
 141      A181080D 
 141      7BBFCCBC 
 141      B3E541B0 
 142 00c5 3291BA32 		.ascii	"2\221\2722RRq[\251N\345\3456\366\334\352R3\312t\245"
 142      5252715B 
 142      A94EE5E5 
 142      36F6DCEA 
 142      5233CA74 
 143 00da C44348A2 		.ascii	"\304CH\242\342\001B\030E\310\247\223|LyK\246<\344\207"
 143      E2014218 
 143      45C8A793 
 143      7C4C794B 
 143      A63CE487 
 144 00ee CEA73E0F 		.ascii	"\316\247>\017Z\205\320\367\033\345\203\205P\023c\377"
 144      5A85D0F7 
 144      1BE58385 
ARM GAS  /tmp/ccwPux5f.s 			page 11


 144      501363FF 
 145 00fe 0D5DBABF 		.ascii	"\015]\272\277\331_\0324\221A\005\036\241B{\3068\202"
 145      D95F1A34 
 145      9141051E 
 145      A1427BC6 
 145      3882
 146 0110 02D4F2F4 		.ascii	"\002\324\362\364\360\233\200\2476\267z\2247\177zn4\277"
 146      F09B80A7 
 146      36B77A94 
 146      377F7A6E 
 146      34BF
 147 0122 B704C295 		.ascii	"\267\004\302\225\001\203_\222_\244$\225\305]\333\357"
 147      01835F92 
 147      5FA42495 
 147      C55DDBEF 
 148 0132 0AD14B10 		.ascii	"\012\321K\020\312\223\362D\2374\270\327\345\211\034"
 148      CA93F244 
 148      9F34B8D7 
 148      E5891C
 149 0141 3AD32313 		.ascii	":\323#\023\373\030\315\033\261\323\241\365\357\305|"
 149      FB18CD1B 
 149      B1D3A1F5 
 149      EFC57C
 150 0150 7E09CE9C 		.ascii	"~\011\316\234\211\307dk\025\331\361O\027\277\201u\003"
 150      89C7646B 
 150      15D9F14F 
 150      17BF8175 
 150      03
 151 0161 3248B254 		.ascii	"2H\262Tw\366\225\245el8}\343cQ\0327;(\"\335N\233\006"
 151      77F695A5 
 151      656C387D 
 151      E363511A 
 151      373B2822 
 152 0179 390C137C 		.ascii	"9\014\023|\"Z\355\311\315-\2249C*\321\241\"\256\264"
 152      225AEDC9 
 152      CD2D9439 
 152      432AD1A1 
 152      22AEB4
 153 018c F00469F4 		.ascii	"\360\004i\364\373e\300$\034\337D\330\267@>\011\257\267"
 153      FB65C024 
 153      1CDF44D8 
 153      B7403E09 
 153      AFB7
 154 019e BB346CE9 		.ascii	"\2734l\351\355\3607?\262\023\375\251O\007\323=\242\257"
 154      EDF0373F 
 154      B213FDA9 
 154      4F07D33D 
 154      A2AF
 155 01b0 A2EB5772 		.ascii	"\242\353Wr6\240Y\226\306\015w\177\270k\263\373\000\266"
 155      36A05996 
 155      C60D777F 
 155      B86BB3FB 
 155      00B6
 156 01c2 8067FE09 		.ascii	"\200g\376\011I\325\240E6y )\373\212l\333\262I\323\271"
 156      49D5A045 
 156      36792029 
 156      FB8A6CDB 
ARM GAS  /tmp/ccwPux5f.s 			page 12


 156      B249D3B9 
 157 01d6 99BCB076 		.ascii	"\231\274\260vF\253\014=\225}{vV\362\314?Y\010\357d3"
 157      46AB0C3D 
 157      957D7B76 
 157      56F2CC3F 
 157      5908EF64 
 158 01eb BB9D8429 		.ascii	"\273\235\204)8\304\323\036\206\326\2324_\022\237\302"
 158      38C4D31E 
 158      86D69A34 
 158      5F129FC2 
 159 01fb A6B7D6BD 		.ascii	"\246\267\326\275\335\332\252\201\347\304ZAbq\352@A\303"
 159      DDDAAA81 
 159      E7C45A41 
 159      6271EA40 
 159      41C3
 160 020d 67C9677E 		.ascii	"g\311g~\226j\201\300t\341\033\352\223R,\204\250\300"
 160      966A81C0 
 160      74E11BEA 
 160      93522C84 
 160      A8C0
 161 021f 79F8E6D8 		.ascii	"y\370\346\330@&\223_\264\342\277\225\355J;\305\371\301"
 161      4026935F 
 161      B4E2BF95 
 161      ED4A3BC5 
 161      F9C1
 162 0231 0BC4A956 		.ascii	"\013\304\251VE\276\336,|\021_\251\030\313\223~\245}"
 162      45BEDE2C 
 162      7C115FA9 
 162      18CB937E 
 162      A57D
 163 0243 522F2969 		.ascii	"R/)i\305\240\1771\032u\364\335\034sN\035otZ\232[\333"
 163      C5A07F31 
 163      1A75F4DD 
 163      1C734E1D 
 163      6F745A9A 
 164 0259 62CEB1BA 		.ascii	"b\316\261\272\332\352\375NM\315\021\247\356hm{\025\257"
 164      DAEAFD4E 
 164      4DCD11A7 
 164      EE686D7B 
 164      15AF
 165 026b D4C7DAEA 		.ascii	"\324\307\332\352\033\033OFO\010\263\255\241\251\305"
 165      1B1B4F46 
 165      4F08B3AD 
 165      A1A9C5
 166 027a 88B5FE01 		.ascii	"\210\265\376\001\001>#:"
 166      013E233A 
 167              		.text
 168              		.section	.gnu.lto_VectorB0.3e874ce8884cf743,"",%progbits
 169 0000 789C6363 		.ascii	"x\234cc``\270\004\304\246@,\015\304\214\314\014\214"
 169      6060B804 
 169      C4A6402C 
 169      0DC48CCC 
 169      0C8C
 170 0012 4C13CE31 		.ascii	"L\023\316104r012\202\030\015\034\214\014\365L\214\365"
 170      30347230 
 170      31328218 
 170      0D1C8C0C 
ARM GAS  /tmp/ccwPux5f.s 			page 13


 170      F54C8CF5 
 171 0026 8C3DCC53 		.ascii	"\214=\314S\230\031\017\265?\333\311\244\271\274\001"
 171      98190FB5 
 171      3FDBC9A4 
 171      B9BC01
 172 0035 080E4CFF 		.ascii	"\010\016L\377$\336\330\320*1\207\231\201a\032\020\203"
 172      24DED8D0 
 172      2A318799 
 172      81611A10 
 172      83
 173 0046 00E36646 		.ascii	"\000\343fFM\006\240\262G\033\377M\345ec\201\2103nad"
 173      4D06A0B2 
 173      471BFF4D 
 173      E5656381 
 173      88336E61 
 174 005b 63600432 		.ascii	"c`\0042\326_b=\320\360\357\177{\303\201/\213\031'F\261"
 174      D65F623D 
 174      D0F0EF7F 
 174      7BC3812F 
 174      8B192746 
 175 0070 30307400 		.ascii	"00t\000\345\201\2264\034`\350df\002\261\232\0170\274"
 175      E5819634 
 175      1C60E864 
 175      6602B19A 
 175      0F30BC
 176 0083 616C5EF0 		.ascii	"al^\360}=3X\027\320\250\235;\337\334f\257\377\333\300"
 176      7D3D3358 
 176      17D0A89D 
 176      3BDFDC66 
 176      AFFFDBC0 
 177 0097 31879971 		.ascii	"1\207\231q\0323\320\030\306\255\214\365\014s\200\312"
 177      1A33D018 
 177      C6AD8CF5 
 177      0C7380CA 
 178 00a7 410AFFEA 		.ascii	"A\012\377\352cW\307\004T\267\015\252\356\035c\323\202"
 178      6357C704 
 178      54B70DAA 
 178      EE1D63D3 
 178      82
 179 00b8 C55B18C1 		.ascii	"\305[\030\301\012A\240\003h\012\320*\240\022c==}\010"
 179      0A41A003 
 179      680AD02A 
 179      A012633D 
 179      3D7D08
 180 00cb CA2FD6CF 		.ascii	"\312/\326\317H\314\321/\310/*)\326\017\016\36156\322"
 180      48CCD12F 
 180      C82F2A29 
 180      D60F0EF1 
 180      3536D2
 181 00de F7F171D1 		.ascii	"\367\361q\321\017\361\364-3\004\311\304\027\227\304"
 181      0FF1F42D 
 181      3304C9C4 
 181      1797C4
 182 00ed E7E4A4E8 		.ascii	"\347\344\244\350%3\000\000>zW\221"
 182      25330000 
 182      3E7A5791 
 183              		.text
ARM GAS  /tmp/ccwPux5f.s 			page 14


 184              		.section	.gnu.lto_.symbol_nodes.3e874ce8884cf743,"",%progbits
 185 0000 789C55CC 		.ascii	"x\234U\314\261\011\002A\020\205\341\177fn\267\015[9"
 185      B1090241 
 185      1085E17F 
 185      666EB70D 
 185      5B39
 186 0012 2B9B4516 		.ascii	"+\233E\026\204\213\354\300\363\024\255A3\301\330\032"
 186      848BECC0 
 186      F314AD41 
 186      33C1D81A 
 187 0022 3417EC40 		.ascii	"4\027\354@\034\305\300\015\036\357\361\005/\003\207"
 187      1CC5C00D 
 187      1EEFF105 
 187      2F0387
 188 0031 08BA5787 		.ascii	"\010\272W\207\325\025\0349\326s\351\303Fu\371\031\247"
 188      D5151C39 
 188      D673E9C3 
 188      4675F919 
 188      A7
 189 0042 320FD9A8 		.ascii	"2\017\331\250k+kukDv\352\335W\240|nd\253\236\032\230"
 189      6B2B6B75 
 189      6B4476EA 
 189      DD57A07C 
 189      6E64AB9E 
 190 0058 D4F33F18 		.ascii	"\324\363?\030\035\365\376\022\223D\035\0363SX,\237\311"
 190      1DF5FE12 
 190      93441D1E 
 190      3353582C 
 190      9FC9
 191 006a 624CB770 		.ascii	"bL\267p\313\\\242y\003,t+\011"
 191      CB5CA279 
 191      032C742B 
 191      09
 192              		.text
 193              		.section	.gnu.lto_.refs.3e874ce8884cf743,"",%progbits
 194 0000 789C6363 		.ascii	"x\234cc```\004b\006\000\000D\000\010"
 194      60606004 
 194      62060000 
 194      440008
 195              		.text
 196              		.section	.gnu.lto_.decls.3e874ce8884cf743,"",%progbits
 197 0000 789CB558 		.ascii	"x\234\265XyP\024\331\031\357\327o\200a\270,4\033S1\265"
 197      795014D9 
 197      19EFD76F 
 197      8061B82C 
 197      341B5331 
 198 0015 5BC694A4 		.ascii	"[\306\224\244R2\240I\355&\331\332Z\035p\227\324\342"
 198      5232A049 
 198      ED26D9DA 
 198      5A1D7097 
 198      D4E2
 199 0027 5A039B4A 		.ascii	"Z\003\233Jm\245jD\034\327\251\300`\000]\375'\333\034"
 199      6DA56A44 
 199      1CD7A9C0 
 199      60005DFD 
 199      27DB1C
 200 003a BA1CA2A0 		.ascii	"\272\034\242\240x\200\256\202\312\241\242\013*r\251"
ARM GAS  /tmp/ccwPux5f.s 			page 15


 200      7880AE82 
 200      CAA1A20B 
 200      2A72A9
 201 0049 1CC32587 		.ascii	"\034\303%\207\007\342\201\210  \336\212\270 \352\242"
 201      07E28188 
 201      2020DE8A 
 201      B820EAA2 
 202 0059 F9DE7B3D 		.ascii	"\371\336{=\323=\315\260\225\244*]|\323\375\275\376\275"
 202      D33DCDB0 
 202      95A42A5D 
 202      7CD3FDBD 
 202      FEBD
 203 006b DFF7BDEF 		.ascii	"\337\367\275\357\373\372\0358s\034w\345\347\034\367"
 203      FBFA1D38 
 203      731C77E5 
 203      E71CF7
 204 007a 4B15C7B5 		.ascii	"K\025\307\265!\216{\013\227\023\264\325\202\200\312"
 204      218E7B0B 
 204      9713B4D5 
 204      8280CA
 205 0089 9DE1D8E5 		.ascii	"\235\341\330\345\002\322\000\322\014\322\002\322\006"
 205      02D200D2 
 205      0CD202D2 
 205      06
 206 0096 721EE432 		.ascii	"r\036\3442\351\317M\276R\241\263+\334\227\201x\203\314"
 206      E9CF4DBE 
 206      52A1B32B 
 206      DC978178 
 206      83CC
 207 00a8 00F90562 		.ascii	"\000\371\005b|\357\302}\016\310o@\232D\274\273\310?"
 207      7CEFC27D 
 207      0EC86F40 
 207      9A44BCBB 
 207      C83F
 208 00ba 17DA7E0B 		.ascii	"\027\332~\0132\017\304\017\344\017 \357#f\353\217p\377"
 208      320FC40F 
 208      E40F20EF 
 208      2366EB8F 
 208      70FF
 209 00cc 33C84720 		.ascii	"3\310G \013\321d\233\031\320\346!\332\234\013\362w\320"
 209      0BD1649B 
 209      19D0E621 
 209      DA9C0BF2 
 209      77D0
 210 00de BF04E986 		.ascii	"\277\004\351\206g#\334\303\021\363a&\310}h[)\372\323"
 210      6723DCC3 
 210      11F36126 
 210      C87D685B 
 210      29FAD3
 211 00f1 01A20109 		.ascii	"\001\242\001\011\006}\031\310\317\020\033<\002\301 "
 211      067D19C8 
 211      CF101B3C 
 211      02C120
 212 0100 2A1035C8 		.ascii	"*\0205\310t\0207\020^\214\303e\007\343\336\216\030\227"
 212      74103710 
 212      5E8CC365 
 212      07E3DE8E 
ARM GAS  /tmp/ccwPux5f.s 			page 16


 212      1897
 213 0112 A371139F 		.ascii	"\243q\023\237f\212\376|\005\367z\216q9\2116x1\266\015"
 213      668AFE7C 
 213      05F77A8E 
 213      71398936 
 213      7831B60D 
 214 0126 0E78B388 		.ascii	"\016x\263\210/\"\257<nX\314E\313\024y\310\304\250\247"
 214      2F22AF3C 
 214      6E58CC45 
 214      CB1479C8 
 214      C4A8A7
 215 0139 F9D0119C 		.ascii	"\371\320\021\234\212\321\\\015\"\331\365\202\246\357"
 215      8AD15C0D 
 215      22D9F582 
 215      A6EF
 216 0147 1F55BCF4 		.ascii	"\037U\274\364`M\004\261%\361R\222\023\346\351s\332\375"
 216      604D04B1 
 216      25F15292 
 216      13E6E973 
 216      DAFD
 217 0159 6FE378DF 		.ascii	"o\343x\337\"\201]\352H\016\225\"l\245\352\3302r\320"
 217      22815DEA 
 217      480E9522 
 217      6CA5EAD8 
 217      3272D0
 218 016c 057F4481 		.ascii	"\005\177D\201\227\022\213\367\020Zo\015R\201\372\254"
 218      97128BF7 
 218      105A6F0D 
 218      5281FAAC 
 219 017c 3D7BC013 		.ascii	"={\300\023\324\031\032\364^&\346{\273^\337\364D\032"
 219      D4191AF4 
 219      5E26E67B 
 219      BB5EDFF4 
 219      441A
 220 018e 9F244188 		.ascii	"\237$A\210\027r\022\004\327O9T\201f\241r4\213CU\310"
 220      17721204 
 220      D74F3954 
 220      8166A172 
 220      348B4355 
 221 01a3 87983E85 		.ascii	"\207\230>\205|9t\022\032O@c>1Ws!\353\243\254\021Ax\017"
 221      7C397412 
 221      1A4F4063 
 221      3E315773 
 221      21EBA3AC 
 222 01bb 55220D2A 		.ascii	"U\"\015*C\230b \023s5\314\201C\0073\366;\343\257\211"
 222      43986220 
 222      137335CC 
 222      81430733 
 222      F63BE3AF 
 223 01d0 037CD5EE 		.ascii	"\003|\325\356;\015\374T&\316Ni\242\251pv\343\006A\340"
 223      3B0DFC54 
 223      26CE4E69 
 223      A2A97076 
 223      E30641E0 
 224 01e4 D1193071 		.ascii	"\321\0310qZ2\001\026\311\015Z\301Ne\355\231j\267^\324"
 224      5A320116 
 224      C90D5AC1 
ARM GAS  /tmp/ccwPux5f.s 			page 17


 224      4E65ED99 
 224      6AB75ED4 
 225 01f8 83202768 		.ascii	"\203 'h\032\035>B\354\027\356D\250\376\326z!\326\016"
 225      1A1D3E42 
 225      EC17EE44 
 225      A8FED67A 
 225      21D60E
 226 020b AD3CBB89 		.ascii	"\255<\273\211P\242X\273 [\013/r\360V^\372'\022 9+{\317"
 226      50A258BB 
 226      205B0B2F 
 226      72F0565E 
 226      FA271220 
 227 0223 CC592F6B 		.ascii	"\314Y/kq\262/\300\326\2175\361\2221Y\227I\276r\266\327"
 227      71B22FC0 
 227      D68F35F1 
 227      92315997 
 227      49BE72B6 
 228 0238 36A7A441 		.ascii	"6\247\244A\"1\333\005{\262\234\372\320-x\371%\307\245"
 228      2231DB05 
 228      7BB29CFA 
 228      D02D78F9 
 228      25C7A5
 229 024b ABCD34ED 		.ascii	"\253\3154\355\023w{-.\370\000\242J\303\333\0275^\254"
 229      13777B2D 
 229      2EF800A2 
 229      4AC3DB17 
 229      355EAC
 230 025e 0678521E 		.ascii	"\006xR\036\303m\337\271\261\032\230\006j\321\246\267"
 230      C36DDFB9 
 230      B11A9806 
 230      6AD1A6B7 
 231 026e 994E3377 		.ascii	"\231N3w\220\250\247'\010\323x\264\354\035d\201\\\324"
 231      90A8A727 
 231      08D378B4 
 231      EC1D6481 
 231      5CD4
 232 0280 412E3854 		.ascii	"A.8T\217f\302\257Y\305l\025\235MIs\231\235#\324\364"
 232      8F66C2AF 
 232      59C56C15 
 232      9D4D4973 
 232      999D23D4 
 233 0295 411194CF 		.ascii	"A\021\224\317\031o\333\230t\021\372-\2438T+\245\251"
 233      196FDB98 
 233      7411FA2D 
 233      A338542B 
 233      A5A9
 234 02a7 965423AA 		.ascii	"\226T#\252A}\010U\243^\360\255\001\315&\345\267\351"
 234      417D0855 
 234      A35EF0AD 
 234      01CD26E5 
 234      B7E9
 235 02b9 698E171E 		.ascii	"i\216\027\036en\375\264\341&;\303\003\233\236\376\005"
 235      656EFDB4 
 235      E1263BC3 
 235      039B9EFE 
 235      05
 236 02ca ECE680DD 		.ascii	"\354\346\200\335~S\266P\023/\220\332\000\014j\224\214"
ARM GAS  /tmp/ccwPux5f.s 			page 18


 236      7E53B650 
 236      132F90DA 
 236      000C6A94 
 236      8C
 237 02db 362A8D36 		.ascii	"6*\2156S\243\207\317\356M\326\3408\366\341\224<|S\205"
 237      53A387CF 
 237      EE4DD6E0 
 237      38F6E194 
 237      3C7C5385 
 238 02ef 80A90F98 		.ascii	"\200\251\017\230Z\3261\2468\306tNb:\247dj\241L\217\237"
 238      5AD631A6 
 238      38C6744E 
 238      623AA764 
 238      6AA14C8F 
 239 0304 3E2AF0C4 		.ascii	">*\360\304\273\030Sn\337\370\270Z\364\351|/o\347T\253"
 239      BB18536E 
 239      DFF8B85A 
 239      F4E97C2F 
 239      6FE754AB 
 240 0318 44D5AAA4 		.ascii	"D\325\252\244j\243T\311e\2264\214s\031UK\351\3636\352"
 240      6AA354C9 
 240      6596348C 
 240      7319554B 
 240      E9F336EA 
 241 032c 1414FEDD 		.ascii	"\024\024\376\335\363\037\266\026\337\023\22244\004\250"
 241      F31FB616 
 241      DF139234 
 241      3404A8
 242 033b 5D626A17 		.ascii	"]bj\027\277pt\2362\354\356\354?\300\343N\306\320TXZ"
 242      BF70749E 
 242      32ECEEEC 
 242      3FC0E34E 
 242      C6D05458 
 243 0350 8B543CFB 		.ascii	"\213T<\3732H\324\240\255\365EA\265\312\326v\021\321"
 243      3248D4A0 
 243      ADF54541 
 243      B5CAD676 
 243      11D1
 244 0362 C667676F 		.ascii	"\306ggo\355\340\247\014z\007\015\372%$F\375\340\361"
 244      EDE0A70C 
 244      7A070DFA 
 244      252446FD 
 244      E0F1
 245 0374 3D47DC45 		.ascii	"=G\334E\277\036\336\374 \353\244\220\350D0\350\202\344"
 245      BF1EDEFC 
 245      20EBA490 
 245      E84430E8 
 245      82E4
 246 0386 D505AB57 		.ascii	"\325\005\253W\227\251W\275\303\317\233\334p\006\246"
 246      97A957BD 
 246      C3CF9BDC 
 246      7006A6
 247 0395 5E759CAE 		.ascii	"^u\234\256\033\360\020\373\017<\362\331m\331X\263\224"
 247      1BF010FB 
 247      0F3CF2D9 
 247      6DD958B3 
 247      94
ARM GAS  /tmp/ccwPux5f.s 			page 19


 248 03a6 0DAB5322 		.ascii	"\015\253S\"\350\264\022\\\241\004e\267\267W\273\262"
 248      E8B4125C 
 248      A10465B7 
 248      B757BBB2 
 249 03b6 62BD4E38 		.ascii	"b\275N8\262\253~hqb\272\232\274~r\244\314\203\025o\015"
 249      B2AB7E68 
 249      7162BA9A 
 249      BC7E72A4 
 249      CC83156F 
 250 03cb 797D7928 		.ascii	"y}y(7\321\235\275\276Ht\313\325\246a\025\356`\366wu"
 250      37D19DBD 
 250      BE4874CB 
 250      D5A66115 
 250      EE60F677 
 251 03e0 94046A60 		.ascii	"\224\004j`\342I\370\217&\036\350\320\326\366\272\335"
 251      E249F88F 
 251      261EE8D0 
 251      D6F6BADD 
 252 03f0 095F67BD 		.ascii	"\011_g\275S\033J\033\305\251\263\231\350\231\225\226"
 252      531B4A1B 
 252      C5A9B399 
 252      E8999596 
 253 0400 2A37DCCD 		.ascii	"*7\334\315^\016\244\364[\234q\037S\254Ny\213N\355\353"
 253      5E0EA4F4 
 253      5B9C711F 
 253      53AC4E79 
 253      8B4EEDEB 
 254 0414 1E6D4178 		.ascii	"\036mAx\220\275\254*;\335(\016\300O\366\365y\263\257"
 254      90BDAC2A 
 254      3BDD280E 
 254      C04FF6F5 
 254      79B3AF
 255 0427 EFD4D0B9 		.ascii	"\357\324\320\271F\015\033\217\200@?\323q\363c|\237\365"
 255      460D1B8F 
 255      80403FD3 
 255      71F3637C 
 255      9FF5
 256 0439 AC1B292E 		.ascii	"\254\033).\020\307\206A\355K\267\274\365\"\303\021\330"
 256      10C78641 
 256      ED4BB7BC 
 256      F522C311 
 256      D8
 257 044a 7048BB75 		.ascii	"pH\273u@\034\272K&F\244\235\205\206\330PF\323\213\027"
 257      401CBA4B 
 257      2646A49D 
 257      8586D850 
 257      46D38B17 
 258 045e 7BA7D33C 		.ascii	"{\247\323<\013\302\307*Z\003\203\200\036\240\350{\310"
 258      0BC2C72A 
 258      5A038380 
 258      1EA0E87B 
 258      C8
 259 046f DBDA8780 		.ascii	"\333\332\207\200\343n\347\335\362\224\243\273\177\012"
 259      E36EE7DD 
 259      F294A3BB 
 259      7F0A
 260 047d 7DEC40DE 		.ascii	"}\354@\336N\015~\314\234\334\375\274\347\276\230/\037"
ARM GAS  /tmp/ccwPux5f.s 			page 20


 260      4E0D7ECC 
 260      9CDCFDBC 
 260      E7BE982F 
 260      1F
 261 048e 50F3C7AA 		.ascii	"P\363\307\252\022\324\370\031{\267\355\354w\355.x\224"
 261      12D4F819 
 261      7BB7EDEC 
 261      77ED2E78 
 261      94
 262 049f 29D6A5C7 		.ascii	")\326\245\307\233.=(\376\332\"\374\222\275\251\316\330"
 262      9B2E3D28 
 262      FEDA22FC 
 262      92BDA9CE 
 262      D8
 263 04b0 DA83F004 		.ascii	"\332\203\360\004S\236$\336\351\023\3433\023\324\355"
 263      539E24DE 
 263      E913E333 
 263      13D4ED
 264 04bf AD0FE7E2 		.ascii	"\255\017\347\342x\025}\365\246\3312\027'\261\347\306"
 264      78157DF5 
 264      A6D93217 
 264      27B1E7C6 
 265 04cf 53850508 		.ascii	"S\205\005\010of\312Hv\343C\015\336\312\224\234\216="
 265      6F66CA48 
 265      76E3430D 
 265      DECA949C 
 265      8E3D
 266 04e1 E56ABC9D 		.ascii	"\345j\274\235)\371\343;\362\335q6S:+\256$\271\341}L"
 266      29F9E33B 
 266      F2DD7136 
 266      533A2BAE 
 266      24B9E17D 
 267 04f6 492A29D9 		.ascii	"I*)\331\345\206\0170%\276\252+C\234!\373\210>\2307\230"
 267      E5860F30 
 267      25BEAA2B 
 267      439C21FB 
 267      883E9837 
 268 050b E32A66C5 		.ascii	"\343*f\305\031\364\224\216\266\027\010\0270p\306\360"
 268      19F4948E 
 268      B6170817 
 268      3070C6F0 
 269 051b C836E729 		.ascii	"\3106\347)\3630a\315\203\037MCY\351\201\247je\036\256"
 269      F33061CD 
 269      831F4D43 
 269      59E981A7 
 269      6A651EAE 
 270 052f 03FA1A45 		.ascii	"\003\372\032E\277\241\221\235\260F\266\276\376\314\004"
 270      BFA1919D 
 270      B046B6BE 
 270      FECC04
 271 053e 52E6612A 		.ascii	"R\346a*\364;5\337\346lpCs\3305}\216\365\362!?\373\205"
 271      F43B35DF 
 271      E66C7043 
 271      73D8357D 
 271      8EF5F221 
 272 0555 C404984C 		.ascii	"\304\004\230L\322pJ\311\340\2458\341\340LJ\365\010>"
 272      D2704AC9 
ARM GAS  /tmp/ccwPux5f.s 			page 21


 272      E0A538E1 
 272      E04C4AF5 
 272      083E
 273 0567 BB6FF9E9 		.ascii	"\273o\371\351\322w\360\220\362V\220_\216uy\360\015\314"
 273      D277F090 
 273      F256905F 
 273      8E7579F0 
 273      0DCC
 274 0579 648998C2 		.ascii	"d\211\230\302\237+\341\317(\334_B\267\310\320/\224\350"
 274      9F2BE1CF 
 274      28DC5F42 
 274      B7C8D02F 
 274      94E8
 275 058b 6B76E838 		.ascii	"kv\3508\230\272\223p\034\205\337G\336\350\216\010\267"
 275      98BA9370 
 275      1C85DF47 
 275      DEE88E08 
 275      B7
 276 059c 9619EA9F 		.ascii	"\226\031\352\237\344K\207\214}\3141\273\034~C\006\037"
 276      E44B878C 
 276      7DCC31BB 
 276      1C7E4306 
 276      1F
 277 05ad 55C20794 		.ascii	"U\302\007\224\256\277J\302\022\374\226\022\336#c\317"
 277      AEBF4AC2 
 277      12FC9612 
 277      DE2363CF 
 278 05bd 10F321C0 		.ascii	"\020\363!\300\274\210^\003\342\025}I\3600\201\240\014"
 278      BC885E03 
 278      E2157D49 
 278      F03081A0 
 278      0C
 279 05ce DE07A5F2 		.ascii	"\336\007\245\362sP\022H<H\"\310\006\220m q \311 i \233"
 279      73501248 
 279      3C4822C8 
 279      06906D20 
 279      7120C920 
 280 05e5 40B68308 		.ascii	"@\266\203\010 \231 \011 [@R@6\202l\005\331\014\222\316"
 280      20992009 
 280      205B4052 
 280      4036826C 
 280      05D90C92 
 281 05fa CFA11322 		.ascii	"\317\241\023\"s\263N6\250q\245\227Ze\010Fd\350\021\307"
 281      73B34E36 
 281      A871A597 
 281      5A650846 
 281      64E811C7 
 282 060e D9B383CB 		.ascii	"\331\263\203\313c\320\3538\006\362\220\375KB\277t\350"
 282      63D0EB38 
 282      06F290FD 
 282      4B42BF74 
 282      E8
 283 061f 8B0C5C27 		.ascii	"\213\014\\'\347~\252D?\231\344\313+\231\353\303\216"
 283      E77EAA44 
 283      3F99E4CB 
 283      2B99EBC3 
 283      8E
ARM GAS  /tmp/ccwPux5f.s 			page 22


 284 0630 E1F2C24B 		.ascii	"\341\362\302K\226\261\337P\302\273&\227\265\334\233"
 284      96B1DF50 
 284      C2BB2697 
 284      B5DC9B
 285 063f DB4A7C9F 		.ascii	"\333J|\237=\036\212\264#Y,\325\267P\252?\212x\353\227"
 285      3D1E8AB4 
 285      23592CD5 
 285      B750AA3F 
 285      8A78EB97 
 286 0653 88AE4AEE 		.ascii	"\210\256J\356\260\355\352\330\033\3578\250\017\202\342"
 286      B0EDEAD8 
 286      1BEF38A8 
 286      0F82E2
 287 0662 C4854D4A 		.ascii	"\304\205MJac2\2568)\010\311\316\324\370M\307\316\312"
 287      616332AE 
 287      382908C9 
 287      CED4F84D 
 287      C7CECA
 288 0675 C6D62F8B 		.ascii	"\306\326/\213\304\017\216\353\330\256\354\345C{\240"
 288      C40F8EEB 
 288      D8AEECE5 
 288      437BA0
 289 0684 C4F74F8A 		.ascii	"\304\367O\212\234\034\376\330\361\204@\341\344P\322"
 289      9C1CFED8 
 289      F18440E1 
 289      E450D2
 290 0693 76B5D013 		.ascii	"v\265\320\023\367\322y\217/M\352*\362B>\323\331\210"
 290      F7D2798F 
 290      2F4DEA2A 
 290      F2423ED3 
 290      D988
 291 06a5 6F25E304 		.ascii	"o%\343\0042\342]\320{\007o[\315I\000\246\370b\320N\370"
 291      32E25DD0 
 291      7B076F5B 
 291      CD4900A6 
 291      F862D04E 
 292 06ba 50FEDF1F 		.ascii	"P\376\337\037\0159\025T\347\226\251\334Sl\347\015\352"
 292      0D391554 
 292      E796A9DC 
 292      536CE70D 
 292      EA
 293 06cb A2344167 		.ascii	"\2424Ag\361\356t\273\001w\000_\031?\363\312\035?\244"
 293      F1EE74BB 
 293      0177005F 
 293      193FF3CA 
 293      1D3FA4
 294 06de 23541525 		.ascii	"#T\025%\034\036V!\237Y\010\300H\223o=]qh/\257A\331<"
 294      1C1E5621 
 294      9F5908C0 
 294      48936F3D 
 294      5D71682F 
 295 06f6 B61ED7B2 		.ascii	"\266\036\327\262\005\230\375\207\277!\315\360\254\246"
 295      0598FD87 
 295      BF21CDF0 
 295      ACA6
 296 0704 777ABE11 		.ascii	"wz\276\021\016\010x&\207\026\320\331\037\355\2061\222"
 296      0E087826 
ARM GAS  /tmp/ccwPux5f.s 			page 23


 296      8716D0D9 
 296      1FED8631 
 296      92
 297 0715 571CFA8E 		.ascii	"W\034\372\216\237\205\366\360\263\330R\363\344\265J"
 297      9F85F6F0 
 297      B3D852F3 
 297      E4B54A
 298 0724 9AE211E5 		.ascii	"\232\342\021\345\226v`\373xi\212'\012Y\214^\037\255"
 298      967660FB 
 298      78698A27 
 298      0A598C5E 
 298      1FAD
 299 0736 14174EB2 		.ascii	"\024\027N\262\026U\267%\236v\233r\371\311\345\305\345"
 299      1655B725 
 299      9E769B72 
 299      F9C9E5C5 
 299      E5
 300 0747 278799FB 		.ascii	"'\207\231\373!e\303\013q\023\343\002j\341\320\236\315"
 300      2165C30B 
 300      7113E302 
 300      6AE1D09E 
 300      CD
 301 0758 EE6C61FB 		.ascii	"\356la\373\000\324#\375\231\255H\351\314\001pv?O\310"
 301      00D423FD 
 301      99AD48E9 
 301      CC017076 
 301      3F4FC8
 302 076b 0E526728 		.ascii	"\016Rg(%U\310\326\346\307\327Y\236\362\340\222\335\234"
 302      2555C8D6 
 302      E6C7D759 
 302      9EF2E092 
 302      DD9C
 303 077d 643E4F0C 		.ascii	"d>O\014n\036\015\356\335\002\341\205'\036f\313fw\355"
 303      6E1E0DEE 
 303      DD02E185 
 303      271E66CB 
 303      6677ED
 304 0790 D53C2FF1 		.ascii	"\325</\361\354\320[\210\217\224\024\303\2724#\321\225"
 304      ECD05B88 
 304      8F9414C3 
 304      BA3423D1 
 304      95
 305 07a1 32E44B15 		.ascii	"2\344K\025\224\317+6\314\005<\331\027\016\217\265f`"
 305      94CF2B36 
 305      CC053CD9 
 305      170E8FB5 
 305      6660
 306 07b3 5CE044B9 		.ascii	"\\\340D\271\3523\353\237\253E\256\201\363s\356\303\327"
 306      EA33EB9F 
 306      AB45AE81 
 306      F373EEC3 
 306      D7
 307 07c4 0587C53A 		.ascii	"\005\207\305:\025\345*\224\270\012\225\\"
 307      15E52A94 
 307      B80A955C 
 308 07d0 87289765 		.ascii	"\207(\227e\354\352Q\027\\\316\270\016\037\335[\354\211"
 308      ECEA5117 
ARM GAS  /tmp/ccwPux5f.s 			page 24


 308      5CCEB80E 
 308      1FDD5BEC 
 308      89
 309 07e1 5B99925A 		.ascii	"[\231\222Zg\331\343\014{ft\204f\033Z\262\342\257/\021"
 309      67D9E30C 
 309      7B667484 
 309      661B5AB2 
 309      E2AF2F11 
 310 07f5 2DDD7DE4 		.ascii	"-\335}\344W>\2609M\310\211\023>nf\033\375\303V[\250"
 310      573EB039 
 310      4DC88913 
 310      3E6E661B 
 310      FDC3565B 
 311 080a 885711CD 		.ascii	"\210W\021\315\336\334Qj.\377\305x\252'\356\232\312B"
 311      DEDC516A 
 311      2EFFC578 
 311      AA27EE9A 
 311      CA42
 312 081c 77EE9859 		.ascii	"w\356\230Y\264\360\340\010f\347\210\\\015\245?f\243"
 312      B4F0E008 
 312      66E7885C 
 312      0DA53F66 
 312      A3
 313 082d FF1EE88F 		.ascii	"\377\036\350\217)\351\213)\375\265\241\272\025x`*vG"
 313      29E98B29 
 313      FDB5A1BA 
 313      1578602A 
 313      7647
 314 083f 27839D97 		.ascii	"'\203\235\227\367WzLy\0108\311\223C\300\011^<\004t_"
 314      F7577A4C 
 314      790838C9 
 314      9343C009 
 314      5E3C0474 
 315 0854 9938A712 		.ascii	"\2318\247\022\375k=\213\273/l\024\340\314\227\363)\""
 315      FD6B3D8B 
 315      BB2F6C14 
 315      E0CC97F3 
 315      2922
 316 0866 405462F3 		.ascii	"@Tb\363\3608xX\242\364\260\224z8>Z[\253\306E\316\324"
 316      F0387858 
 316      A2F4B094 
 316      7A383E5A 
 316      5BABC645 
 317 087c C5CC6B37 		.ascii	"\305\314k7\323\221T\007\025'\344upJ\312\335)%W\031\345"
 317      D3915407 
 317      1527E475 
 317      704ACADD 
 317      29255719 
 318 0891 DA7FBDEB 		.ascii	"\332\177\275\353\2703\256a\\'*\233\207x\221k$\325\032"
 318      B833AE61 
 318      5C272A9B 
 318      8778916B 
 318      24D51A
 319 08a4 3B969A72 		.ascii	";\226\232r\211\252\\IUA\2512\363\232\222U\370\012\243"
 319      89AA5C49 
 319      5541A932 
 319      F39A9255 
ARM GAS  /tmp/ccwPux5f.s 			page 25


 319      F80AA3
 320 08b7 B25CDE79 		.ascii	"\262\\\336y\330\311VR\277\177hWR\225\022W\245\222\253"
 320      D8C95652 
 320      BF7F6857 
 320      52951257 
 320      A592AB
 321 08ca 8A729D1B 		.ascii	"\212r\235\033<Z\347\211\3579O\221\205\274\023\333\237"
 321      3C5AE789 
 321      EF394F91 
 321      85BC13DB 
 321      9F
 322 08db F3B632FA 		.ascii	"\363\2662\372\260BQF\247mQ<\003Q<\2554q\226\232\350"
 322      B0425146 
 322      A76D513C 
 322      03513CAD 
 322      3471969A 
 323 08f0 DB77779B 		.ascii	"\333ww\233\007\236\230\312\304Q\341\322~7k\035\035\263"
 323      079E98CA 
 323      C451E1D2 
 323      7E376B1D 
 323      1DB3
 324 0902 AFA36A1B 		.ascii	"\257\243j\033\177\015\360W+\371k)\177\206e\364\271\033"
 324      7F0DF057 
 324      2BF96B29 
 324      7F8665F4 
 324      B91B
 325 0914 4E76A1FC 		.ascii	"Nv\241\374\355\311[\267\363x3S\236]\264\244\270\342"
 325      EDC95BB7 
 325      F3783353 
 325      9E5DB4A4 
 325      B8E2
 326 0926 1D4C49A9 		.ascii	"\035LI\251\355\332\350\212\3672%\367^\3056/\234\307"
 326      EDDAE88A 
 326      F73225F7 
 326      5EC5362F 
 326      9CC7
 327 0938 94D3DDA5 		.ascii	"\224\323\335\245Z|\214=\037\252H\273\355\204\313\230"
 327      5A7C8C3D 
 327      1FAA48BB 
 327      ED84CB98 
 328 0948 32509638 		.ascii	"2P\2268\246\302UL\271X\331w\307\023\3270e\313\305}\335"
 328      A6C2554C 
 328      B958D977 
 328      C713D730 
 328      65CBC57D 
 329 095d 6AF13847 		.ascii	"j\3618G\3767\261\263\242\177\330\023[\350K\367\343\311"
 329      FE37B1B3 
 329      A27FD813 
 329      5BE84BF7 
 329      E3C9
 330 096f AF97CBB6 		.ascii	"\257\227\313\266\267>\342\246\366\3558N\375>\005\342"
 330      B73EE2A6 
 330      F6ED384E 
 330      FD3E05E2 
 331 097f 5787E81A 		.ascii	"W\207\350\032f\201\301u\376\364>\207\236\364\305%\257"
 331      6681C175 
 331      FEF43E87 
ARM GAS  /tmp/ccwPux5f.s 			page 26


 331      9EF4C525 
 331      AF
 332 0990 41099FBC 		.ascii	"A\011\237\274\242>\210\222\340\347\224\360I{\256~\031"
 332      A23E8892 
 332      E0E794F0 
 332      497BAE7E 
 332      19
 333 09a1 BAC5215A 		.ascii	"\272\305!Z\276\205\222\201\233\224\340\311[\332\016"
 333      BE859281 
 333      9B94E0C9 
 333      5BDA0E
 334 09b0 99E3F58E 		.ascii	"\231\343\365\216\307)\3378\310\320uJ\264l\013e\267<"
 334      C729DF38 
 334      C8D0754A 
 334      B46C0B65 
 334      B73C
 335 09c2 B7C274CF 		.ascii	"\267\302t\317V\375Nqm\276\006\353\326EXS/\200\\\007"
 335      56FD4E71 
 335      6DBE06EB 
 335      D6455853 
 335      2F805C07 
 336 09d6 B9047205 		.ascii	"\271\004r\005\344<H\007H;\310e\220\253\366\033U\231"
 336      E43C4807 
 336      483BC865 
 336      90ABF61B 
 336      5599
 337 09e8 F146C731 		.ascii	"\361F\3071\226\271\372@\206ns\354*\213\003\333m\\}\312"
 337      96B9FA40 
 337      866E73EC 
 337      2A8B03DB 
 337      6D5C7DCA 
 338 09fc F6579D8E 		.ascii	"\366W\235\216\366WcO\275\367'\010\315~\224\254\331q"
 338      F657634F 
 338      BDF72708 
 338      CD7E94AC 
 338      D971
 339 0a0e 50AD3B9A 		.ascii	"P\255;\232\321\242\242\0367\374\212\026\030\237\366"
 339      D1A2A21E 
 339      37FC8A16 
 339      189FF6
 340 0a1d 6ADB9017 		.ascii	"j\333\220\027\232\356\3430\036\250\033\302\360\277\206"
 340      9AEEE330 
 340      1EA81BC2 
 340      F0BF86
 341 0a2c 8479DDF8 		.ascii	"\204y\335\370\322\031\266\017\350\006\220tI3H'\335\""
 341      D219B60F 
 341      E8069074 
 341      49334827 
 341      DD22
 342 0a3e 91FFEF36 		.ascii	"\221\377\3576\244\037V\313\327\322\033v\033\225\233"
 342      A41F56CB 
 342      D7D21B76 
 342      1B959B
 343 0a4d E25A7A93 		.ascii	"\342Zz\223\256\245\226\236\342b5\336\250\246\033\225"
 343      AEA5969E 
 343      E26235DE 
 343      A8A61B95 
ARM GAS  /tmp/ccwPux5f.s 			page 27


 344 0a5d E37B271E 		.ascii	"\343{'\036{\"\370(|X\004\236\264\313\"\320\003\246z"
 344      7B22F828 
 344      7C58049E 
 344      B4CB22D0 
 344      03A67A
 345 0a70 1DD7A0DD 		.ascii	"\035\327\240\335@\245se\2578\312\3330\312[0\212>\273"
 345      40A57365 
 345      AF38CADB 
 345      30CA5B30 
 345      8A3EBB
 346 0a83 C48E04DB 		.ascii	"\304\216\004\333\327\367dny\246n\265\263L\365\332g\212"
 346      D7F7646E 
 346      79A66EB5 
 346      B34CF5DA 
 346      678A
 347 0a95 FC376670 		.ascii	"\3747fp\242\017\3414:\002\276\270u\353\011\2252\364"
 347      A20FE134 
 347      3A02BEB8 
 347      75EB0995 
 347      32F4
 348 0aa7 B6FDF520 		.ascii	"\266\375\365 82\225S\314\314\233v\025\011\355\000\200"
 348      38329553 
 348      CCCC9B76 
 348      1509ED00 
 348      80
 349 0ab8 FAA5D0F6 		.ascii	"\372\245\320\366ZC[^x\177\320]\036\332\001\273\320\336"
 349      5A435B5E 
 349      787FD05D 
 349      1EDA01BB 
 349      D0DE
 350 0aca 11437B87 		.ascii	"\021C{\207\2066;\276\270\337Y\016\356\260\333\323\014"
 350      86363BBE 
 350      B8DF590E 
 350      EEB0DBD3 
 350      0C
 351 0adb 89E0210A 		.ascii	"\211\340!\012\236\264\001\252\267\003\337\025\301\344"
 351      9EB401AA 
 351      B703DF15 
 351      C1E4
 352 0ae9 3EDFD757 		.ascii	">\337\327W\313\376\242b\264\253\302\"\264\253\243\242"
 352      CBFEA262 
 352      B4ABC222 
 352      B4ABA3A2 
 353 0af9 6363B421 		.ascii	"cc\264!\241\301\013\346k?\373,@\033\032\024\274\326"
 353      A1C10BE6 
 353      6B3FFB2C 
 353      401B1A14 
 353      BCD6
 354 0b0b 9FBC31C4 		.ascii	"\237\2741\304\304\032\"\"V\370\206\253?Y\362\305{:\177"
 354      C41A2222 
 354      56F886AB 
 354      3F59F2C5 
 354      7B3A7F
 355 0b1e 7F4E6330 		.ascii	"\177Nc0\2541\231c\027\3147\304\316\323\256\211\211\326"
 355      AC319963 
 355      17CC37C4 
 355      CED3AE89 
ARM GAS  /tmp/ccwPux5f.s 			page 28


 355      89D6
 356 0b30 9ACCE111 		.ascii	"\232\314\341\021kV\030\265f\343\327\021\246\345\332"
 356      6B5618B5 
 356      66E3D711 
 356      A6E5DA
 357 0b3f C8B0F055 		.ascii	"\310\260\360U&\263QkXa\\\031\266&\"\326\020\273~\265"
 357      26B3516B 
 357      58615C19 
 357      B62622D6 
 357      10BB7EB5 
 358 0b53 31C67715 		.ascii	"1\306w\025\247\266v\233\355\250[\314\372\030-\030[\001"
 358      A7B6769B 
 358      EDA85BCC 
 358      FA182D18 
 358      5B01
 359 0b65 18C0FE8A 		.ascii	"\030\300\376\212\2315\304\030\243\327\032\015\320f\214"
 359      9935C418 
 359      A3D71A0D 
 359      D0668C
 360 0b74 8E5EB33A 		.ascii	"\216^\263:\326wuXt\254\257\337\202\377\336}\316Md4\231"
 360      D6777558 
 360      74ACAFDF 
 360      82FFDE7D 
 360      CE4D6434 
 361 0b89 4DB1EF38 		.ascii	"M\261\3578fW\377\325\030\036\033\025\275\310\317;|U"
 361      6657FFD5 
 361      181E1B15 
 361      BDC8CF3B 
 361      7C55
 362 0b9b C8FA9850 		.ascii	"\310\372\230PS\2441\372\3230\363\212\010ct\320\273r"
 362      53A431FA 
 362      D330F38A 
 362      086374D0 
 362      BB72
 363 0bad 93D1B136 		.ascii	"\223\321\2616\357\303W\201\343\340\3604\363ZSx\2409"
 363      EFC35781 
 363      E3E0F034 
 363      F35A5378 
 363      A039
 364 0bbf 6C798491 		.ascii	"ly\204\221\261\374\316\261\217\341Q\221\221Qf\355B}"
 364      B1FCCEB1 
 364      8FE15191 
 364      915166ED 
 364      427D
 365 0bd1 B02E789D 		.ascii	"\260.x\235\226t\202\316\336\006\362\322`\212\376\247"
 365      967482CE 
 365      DE06F2D2 
 365      608AFEA7 
 366 0be1 C1B8DA14 		.ascii	"\301\270\332\024\021\365\325\032\343<yw\261\023c\020"
 366      11F5D51A 
 366      E33C7977 
 366      B1136310 
 367 0bf1 BB86AF0A 		.ascii	"\273\206\257\012\217\2126\032\326\276\037\011\004N:"
 367      8F8A361A 
 367      D6BE1F09 
 367      044E3A
 368 0c00 5DB07E01 		.ascii	"]\260~\001\377\271^\025\020\274P\217\003tz\325\242\200"
ARM GAS  /tmp/ccwPux5f.s 			page 29


 368      FFB95E15 
 368      10BC508F 
 368      03747AD5 
 368      A280
 369 0c12 503DD6E9 		.ascii	"P=\326\351\364X\017\262P\257\307KCtX\267$T\245\323\005"
 369      F4580FB2 
 369      50AFC74B 
 369      437458B7 
 369      2454A5D3 
 370 0c27 EA297E3E 		.ascii	"\352)~>\375\365\307\201\237\350\371\020\350\031\024"
 370      FDF5C781 
 370      9FE8F910 
 370      E81914
 371 0c36 A8578504 		.ascii	"\250W\205\004\003Z\247\237\017\342\017\310\277\351\377"
 371      035AA79F 
 371      0FE20FC8 
 371      BFE9FF
 372 0c45 C34A8989 		.ascii	"\303J\211\211\215$\2315\021g\334l\212!V\025\276*,\332"
 372      8D249935 
 372      1167DC6C 
 372      8A215615 
 372      BE2A2CDA 
 373 0c59 3B2A262C 		.ascii	";*&,\002\002\372YT\370?\026GGE\006\205\350\177\255\244"
 373      0202FA59 
 373      54F83F16 
 373      47474506 
 373      85E87FAD 
 374 0c6e 251088EB 		.ascii	"%\020\210\353<\263\211=\223\220\322,\310:y\323(E@\203"
 374      3CB3893D 
 374      9390D22C 
 374      C83A79D3 
 374      28454083 
 375 0c82 6125B418 		.ascii	"a%\264\030L1\321\036a\021_\207\255\217\201\034F@\315"
 375      4C31D11E 
 375      61115F87 
 375      AD8F811C 
 375      4640CD
 376 0c95 B9DA001E 		.ascii	"\271\332\000\036\006Hn\254a\321\302\220\300\245\372"
 376      06486EAC 
 376      61D1C290 
 376      C0A5FA
 377 0ca4 A03F3908 		.ascii	"\240?9\010\246q],\011\245V\027\034\022\024\242\325A"
 377      A6715D2C 
 377      09A55617 
 377      1C1214A2 
 377      D541
 378 0cb6 2CB541D6 		.ascii	",\265A\326\234F\306\230b\014_\205\223\324L'\316|n_\013"
 378      9C46C698 
 378      620C5F85 
 378      93D44C27 
 378      CE7C6E5F 
 379 0ccb 33C4F17C 		.ascii	"3\304\361|a\216\2209G\275\265k\232A\335Yc\266\363\330"
 379      618E9039 
 379      47BDB56B 
 379      9A41DD59 
 379      63B6F3D8 
 380 0cdf 4DD60849 		.ascii	"M\326\010I\322\351]\026.]\344\037\270\204\336\347\303"
ARM GAS  /tmp/ccwPux5f.s 			page 30


 380      D2E95D16 
 380      2E5DE41F 
 380      B884DEE7 
 380      C3
 381 0cf0 DD79E1A7 		.ascii	"\335y\341\247\213\340\246&\315\372\220P\3720\237<`]"
 381      8BE0A626 
 381      CDFA9050 
 381      FA309F3C 
 381      605D
 382 0d02 905EA55B 		.ascii	"\220^\245[\014\331\"9\012\261O\215lT!\241,=\213\375"
 382      0CD92239 
 382      0AB14F8D 
 382      6C5421A1 
 382      2C3D8BFD 
 383 0d16 D7AD6389 		.ascii	"\327\255c\211Y\351\357\267`\335r\222\032\275Ng\010\205"
 383      59E9EFB7 
 383      60DD7292 
 383      1ABD4E67 
 383      0885
 384 0d28 EF31C0B8 		.ascii	"\3571\300\270\3229(@\367y@\240g\300\242O\202u_X[\377"
 384      D2392840 
 384      F77940A0 
 384      67C0A24F 
 384      82755F58 
 385 0d3e 0D1B6136 		.ascii	"\015\033a6@"
 385      40
 386              		.text
 387              		.section	.gnu.lto_.symtab.3e874ce8884cf743,"",%progbits
 388 0000 73745F6C 		.ascii	"st_lld_init\000"
 388      6C645F69 
 388      6E697400 
 389 000c 00       		.ascii	"\000"
 390 000d 00       		.ascii	"\000"
 391 000e 00       		.ascii	"\000"
 392 000f 00000000 		.ascii	"\000\000\000\000\000\000\000\000"
 392      00000000 
 393 0017 C8000000 		.ascii	"\310\000\000\000"
 394 001b 73745F6C 		.ascii	"st_lld_serve_interrupt\000"
 394      6C645F73 
 394      65727665 
 394      5F696E74 
 394      65727275 
 395 0032 00       		.ascii	"\000"
 396 0033 00       		.ascii	"\000"
 397 0034 00       		.ascii	"\000"
 398 0035 00000000 		.ascii	"\000\000\000\000\000\000\000\000"
 398      00000000 
 399 003d CA000000 		.ascii	"\312\000\000\000"
 400 0041 56656374 		.ascii	"VectorB0\000"
 400      6F724230 
 400      00
 401 004a 00       		.ascii	"\000"
 402 004b 00       		.ascii	"\000"
 403 004c 00       		.ascii	"\000"
 404 004d 00000000 		.ascii	"\000\000\000\000\000\000\000\000"
 404      00000000 
 405 0055 CC000000 		.ascii	"\314\000\000\000"
ARM GAS  /tmp/ccwPux5f.s 			page 31


 406 0059 63685379 		.ascii	"chSysTimerHandlerI\000"
 406      7354696D 
 406      65724861 
 406      6E646C65 
 406      724900
 407 006c 00       		.ascii	"\000"
 408 006d 02       		.ascii	"\002"
 409 006e 00       		.ascii	"\000"
 410 006f 00000000 		.ascii	"\000\000\000\000\000\000\000\000"
 410      00000000 
 411 0077 CE000000 		.ascii	"\316\000\000\000"
 412 007b 6E766963 		.ascii	"nvicEnableVector\000"
 412      456E6162 
 412      6C655665 
 412      63746F72 
 412      00
 413 008c 00       		.ascii	"\000"
 414 008d 02       		.ascii	"\002"
 415 008e 00       		.ascii	"\000"
 416 008f 00000000 		.ascii	"\000\000\000\000\000\000\000\000"
 416      00000000 
 417 0097 D3000000 		.ascii	"\323\000\000\000"
 418 009b 5F706F72 		.ascii	"_port_irq_epilogue\000"
 418      745F6972 
 418      715F6570 
 418      696C6F67 
 418      756500
 419 00ae 00       		.ascii	"\000"
 420 00af 02       		.ascii	"\002"
 421 00b0 00       		.ascii	"\000"
 422 00b1 00000000 		.ascii	"\000\000\000\000\000\000\000\000"
 422      00000000 
 423 00b9 D5000000 		.ascii	"\325\000\000\000"
 424              		.text
 425              		.section	.gnu.lto_.opts,"",%progbits
 426 0000 272D666D 		.ascii	"'-fmath-errno' '-fsigned-zeros' '-ftrapping-math' '"
 426      6174682D 
 426      6572726E 
 426      6F272027 
 426      2D667369 
 427 0033 2D666E6F 		.ascii	"-fno-trapv' '-fno-openmp' '-fno-openacc' '-mcpu=cor"
 427      2D747261 
 427      70762720 
 427      272D666E 
 427      6F2D6F70 
 428 0066 7465782D 		.ascii	"tex-m3' '-mthumb' '-O2' '-fomit-frame-pointer' '-fa"
 428      6D332720 
 428      272D6D74 
 428      68756D62 
 428      2720272D 
 429 0099 6C69676E 		.ascii	"lign-functions=16' '-ffunction-sections' '-fdata-se"
 429      2D66756E 
 429      6374696F 
 429      6E733D31 
 429      36272027 
 430 00cc 6374696F 		.ascii	"ctions' '-fno-common' '-flto'\000"
 430      6E732720 
ARM GAS  /tmp/ccwPux5f.s 			page 32


 430      272D666E 
 430      6F2D636F 
 430      6D6D6F6E 
 431              		.text
 432              		.comm	__gnu_lto_v1,1,1
 433              		.comm	__gnu_lto_slim,1,1
 434              		.ident	"GCC: (15:7-2018-q2-6) 7.3.1 20180622 (release) [ARM/embedded-7-branch revision 261907]"
ARM GAS  /tmp/ccwPux5f.s 			page 33


DEFINED SYMBOLS
                            *ABS*:0000000000000000 hal_st_lld.c
                            *COM*:0000000000000001 __gnu_lto_v1
                            *COM*:0000000000000001 __gnu_lto_slim

NO UNDEFINED SYMBOLS
