ARM GAS  /tmp/ccXw7Byc.s 			page 1


   1              		.cpu cortex-m4
   2              		.eabi_attribute 27, 1
   3              		.eabi_attribute 28, 1
   4              		.eabi_attribute 20, 1
   5              		.eabi_attribute 21, 1
   6              		.eabi_attribute 23, 3
   7              		.eabi_attribute 24, 1
   8              		.eabi_attribute 25, 1
   9              		.eabi_attribute 26, 1
  10              		.eabi_attribute 30, 1
  11              		.eabi_attribute 34, 1
  12              		.eabi_attribute 18, 4
  13              		.file	"tx_trace_disable.c"
  14              		.text
  15              	.Ltext0:
  16              		.cfi_sections	.debug_frame
  17              		.section	.text._tx_trace_disable,"ax",%progbits
  18              		.align	1
  19              		.global	_tx_trace_disable
  20              		.syntax unified
  21              		.thumb
  22              		.thumb_func
  23              		.fpu fpv4-sp-d16
  25              	_tx_trace_disable:
  26              	.LFB8:
  27              		.file 1 "ThreadX/common/src/tx_trace_disable.c"
   1:ThreadX/common/src/tx_trace_disable.c **** /**************************************************************************/
   2:ThreadX/common/src/tx_trace_disable.c **** /*                                                                        */
   3:ThreadX/common/src/tx_trace_disable.c **** /*       Copyright (c) Microsoft Corporation. All rights reserved.        */
   4:ThreadX/common/src/tx_trace_disable.c **** /*                                                                        */
   5:ThreadX/common/src/tx_trace_disable.c **** /*       This software is licensed under the Microsoft Software License   */
   6:ThreadX/common/src/tx_trace_disable.c **** /*       Terms for Microsoft Azure RTOS. Full text of the license can be  */
   7:ThreadX/common/src/tx_trace_disable.c **** /*       found in the LICENSE file at https://aka.ms/AzureRTOS_EULA       */
   8:ThreadX/common/src/tx_trace_disable.c **** /*       and in the root directory of this software.                      */
   9:ThreadX/common/src/tx_trace_disable.c **** /*                                                                        */
  10:ThreadX/common/src/tx_trace_disable.c **** /**************************************************************************/
  11:ThreadX/common/src/tx_trace_disable.c **** 
  12:ThreadX/common/src/tx_trace_disable.c **** 
  13:ThreadX/common/src/tx_trace_disable.c **** /**************************************************************************/
  14:ThreadX/common/src/tx_trace_disable.c **** /**************************************************************************/
  15:ThreadX/common/src/tx_trace_disable.c **** /**                                                                       */
  16:ThreadX/common/src/tx_trace_disable.c **** /** ThreadX Component                                                     */
  17:ThreadX/common/src/tx_trace_disable.c **** /**                                                                       */
  18:ThreadX/common/src/tx_trace_disable.c **** /**   Trace                                                               */
  19:ThreadX/common/src/tx_trace_disable.c **** /**                                                                       */
  20:ThreadX/common/src/tx_trace_disable.c **** /**************************************************************************/
  21:ThreadX/common/src/tx_trace_disable.c **** /**************************************************************************/
  22:ThreadX/common/src/tx_trace_disable.c **** 
  23:ThreadX/common/src/tx_trace_disable.c **** #define TX_SOURCE_CODE
  24:ThreadX/common/src/tx_trace_disable.c **** 
  25:ThreadX/common/src/tx_trace_disable.c **** 
  26:ThreadX/common/src/tx_trace_disable.c **** /* Include necessary system files.  */
  27:ThreadX/common/src/tx_trace_disable.c **** 
  28:ThreadX/common/src/tx_trace_disable.c **** #include "tx_api.h"
  29:ThreadX/common/src/tx_trace_disable.c **** #include "tx_trace.h"
  30:ThreadX/common/src/tx_trace_disable.c **** 
  31:ThreadX/common/src/tx_trace_disable.c **** 
ARM GAS  /tmp/ccXw7Byc.s 			page 2


  32:ThreadX/common/src/tx_trace_disable.c **** /**************************************************************************/
  33:ThreadX/common/src/tx_trace_disable.c **** /*                                                                        */
  34:ThreadX/common/src/tx_trace_disable.c **** /*  FUNCTION                                               RELEASE        */
  35:ThreadX/common/src/tx_trace_disable.c **** /*                                                                        */
  36:ThreadX/common/src/tx_trace_disable.c **** /*    _tx_trace_disable                                   PORTABLE C      */
  37:ThreadX/common/src/tx_trace_disable.c **** /*                                                           6.1          */
  38:ThreadX/common/src/tx_trace_disable.c **** /*  AUTHOR                                                                */
  39:ThreadX/common/src/tx_trace_disable.c **** /*                                                                        */
  40:ThreadX/common/src/tx_trace_disable.c **** /*    William E. Lamie, Microsoft Corporation                             */
  41:ThreadX/common/src/tx_trace_disable.c **** /*                                                                        */
  42:ThreadX/common/src/tx_trace_disable.c **** /*  DESCRIPTION                                                           */
  43:ThreadX/common/src/tx_trace_disable.c **** /*                                                                        */
  44:ThreadX/common/src/tx_trace_disable.c **** /*    This function disables trace inside of ThreadX.                     */
  45:ThreadX/common/src/tx_trace_disable.c **** /*                                                                        */
  46:ThreadX/common/src/tx_trace_disable.c **** /*  INPUT                                                                 */
  47:ThreadX/common/src/tx_trace_disable.c **** /*                                                                        */
  48:ThreadX/common/src/tx_trace_disable.c **** /*    None                                                                */
  49:ThreadX/common/src/tx_trace_disable.c **** /*                                                                        */
  50:ThreadX/common/src/tx_trace_disable.c **** /*  OUTPUT                                                                */
  51:ThreadX/common/src/tx_trace_disable.c **** /*                                                                        */
  52:ThreadX/common/src/tx_trace_disable.c **** /*    Completion Status                                                   */
  53:ThreadX/common/src/tx_trace_disable.c **** /*                                                                        */
  54:ThreadX/common/src/tx_trace_disable.c **** /*  CALLS                                                                 */
  55:ThreadX/common/src/tx_trace_disable.c **** /*                                                                        */
  56:ThreadX/common/src/tx_trace_disable.c **** /*    None                                                                */
  57:ThreadX/common/src/tx_trace_disable.c **** /*                                                                        */
  58:ThreadX/common/src/tx_trace_disable.c **** /*  CALLED BY                                                             */
  59:ThreadX/common/src/tx_trace_disable.c **** /*                                                                        */
  60:ThreadX/common/src/tx_trace_disable.c **** /*    Application Code                                                    */
  61:ThreadX/common/src/tx_trace_disable.c **** /*                                                                        */
  62:ThreadX/common/src/tx_trace_disable.c **** /*  RELEASE HISTORY                                                       */
  63:ThreadX/common/src/tx_trace_disable.c **** /*                                                                        */
  64:ThreadX/common/src/tx_trace_disable.c **** /*    DATE              NAME                      DESCRIPTION             */
  65:ThreadX/common/src/tx_trace_disable.c **** /*                                                                        */
  66:ThreadX/common/src/tx_trace_disable.c **** /*  05-19-2020     William E. Lamie         Initial Version 6.0           */
  67:ThreadX/common/src/tx_trace_disable.c **** /*  09-30-2020     Yuxin Zhou               Modified comment(s),          */
  68:ThreadX/common/src/tx_trace_disable.c **** /*                                            resulting in version 6.1    */
  69:ThreadX/common/src/tx_trace_disable.c **** /*                                                                        */
  70:ThreadX/common/src/tx_trace_disable.c **** /**************************************************************************/
  71:ThreadX/common/src/tx_trace_disable.c **** UINT  _tx_trace_disable(VOID)
  72:ThreadX/common/src/tx_trace_disable.c **** {
  28              		.loc 1 72 0
  29              		.cfi_startproc
  30              		@ args = 0, pretend = 0, frame = 0
  31              		@ frame_needed = 0, uses_anonymous_args = 0
  32              		@ link register save eliminated.
  73:ThreadX/common/src/tx_trace_disable.c **** 
  74:ThreadX/common/src/tx_trace_disable.c **** #ifdef TX_ENABLE_EVENT_TRACE
  75:ThreadX/common/src/tx_trace_disable.c **** UINT     status;
  76:ThreadX/common/src/tx_trace_disable.c **** 
  77:ThreadX/common/src/tx_trace_disable.c **** 
  78:ThreadX/common/src/tx_trace_disable.c ****     /* Determine if trace is already disabled.  */
  79:ThreadX/common/src/tx_trace_disable.c ****     if (_tx_trace_buffer_current_ptr == TX_NULL)
  80:ThreadX/common/src/tx_trace_disable.c ****     {
  81:ThreadX/common/src/tx_trace_disable.c **** 
  82:ThreadX/common/src/tx_trace_disable.c ****         /* Yes, trace is already disabled.  */
  83:ThreadX/common/src/tx_trace_disable.c ****         status =  TX_NOT_DONE;
ARM GAS  /tmp/ccXw7Byc.s 			page 3


  84:ThreadX/common/src/tx_trace_disable.c ****     }
  85:ThreadX/common/src/tx_trace_disable.c ****     else
  86:ThreadX/common/src/tx_trace_disable.c ****     {
  87:ThreadX/common/src/tx_trace_disable.c **** 
  88:ThreadX/common/src/tx_trace_disable.c ****         /* Otherwise, simply clear the current pointer and registery start pointer to disable the t
  89:ThreadX/common/src/tx_trace_disable.c ****         _tx_trace_buffer_current_ptr =  TX_NULL;
  90:ThreadX/common/src/tx_trace_disable.c ****         _tx_trace_registry_start_ptr =  TX_NULL;
  91:ThreadX/common/src/tx_trace_disable.c **** 
  92:ThreadX/common/src/tx_trace_disable.c ****         /* Successful completion.  */
  93:ThreadX/common/src/tx_trace_disable.c ****         status =  TX_SUCCESS;
  94:ThreadX/common/src/tx_trace_disable.c ****     }
  95:ThreadX/common/src/tx_trace_disable.c **** 
  96:ThreadX/common/src/tx_trace_disable.c ****     /* Return completion status.  */
  97:ThreadX/common/src/tx_trace_disable.c ****     return(status);
  98:ThreadX/common/src/tx_trace_disable.c **** 
  99:ThreadX/common/src/tx_trace_disable.c **** #else
 100:ThreadX/common/src/tx_trace_disable.c **** 
 101:ThreadX/common/src/tx_trace_disable.c ****     /* Trace not enabled, return an error.  */
 102:ThreadX/common/src/tx_trace_disable.c ****     return(TX_FEATURE_NOT_ENABLED);
 103:ThreadX/common/src/tx_trace_disable.c **** #endif
 104:ThreadX/common/src/tx_trace_disable.c **** }
  33              		.loc 1 104 0
  34 0000 FF20     		movs	r0, #255
  35 0002 7047     		bx	lr
  36              		.cfi_endproc
  37              	.LFE8:
  39              		.text
  40              	.Letext0:
  41              		.file 2 "/usr/include/newlib/sys/lock.h"
  42              		.file 3 "/usr/include/newlib/sys/_types.h"
  43              		.file 4 "/usr/lib/gcc/arm-none-eabi/7.3.1/include/stddef.h"
  44              		.file 5 "/usr/include/newlib/sys/reent.h"
  45              		.file 6 "/usr/include/newlib/stdlib.h"
  46              		.file 7 "ThreadX/ports/cortex_m4/gnu/inc/tx_port.h"
ARM GAS  /tmp/ccXw7Byc.s 			page 4


DEFINED SYMBOLS
                            *ABS*:0000000000000000 tx_trace_disable.c
     /tmp/ccXw7Byc.s:18     .text._tx_trace_disable:0000000000000000 $t
     /tmp/ccXw7Byc.s:25     .text._tx_trace_disable:0000000000000000 _tx_trace_disable

NO UNDEFINED SYMBOLS
