ARM GAS  /tmp/ccv6O6Iz.s 			page 1


   1              		.cpu cortex-m4
   2              		.eabi_attribute 27, 1
   3              		.eabi_attribute 28, 1
   4              		.eabi_attribute 20, 1
   5              		.eabi_attribute 21, 1
   6              		.eabi_attribute 23, 3
   7              		.eabi_attribute 24, 1
   8              		.eabi_attribute 25, 1
   9              		.eabi_attribute 26, 1
  10              		.eabi_attribute 30, 1
  11              		.eabi_attribute 34, 1
  12              		.eabi_attribute 18, 4
  13              		.file	"tx_trace_user_event_insert.c"
  14              		.text
  15              	.Ltext0:
  16              		.cfi_sections	.debug_frame
  17              		.section	.text._tx_trace_user_event_insert,"ax",%progbits
  18              		.align	1
  19              		.global	_tx_trace_user_event_insert
  20              		.syntax unified
  21              		.thumb
  22              		.thumb_func
  23              		.fpu fpv4-sp-d16
  25              	_tx_trace_user_event_insert:
  26              	.LFB8:
  27              		.file 1 "ThreadX/common/src/tx_trace_user_event_insert.c"
   1:ThreadX/common/src/tx_trace_user_event_insert.c **** /**************************************************************************/
   2:ThreadX/common/src/tx_trace_user_event_insert.c **** /*                                                                        */
   3:ThreadX/common/src/tx_trace_user_event_insert.c **** /*       Copyright (c) Microsoft Corporation. All rights reserved.        */
   4:ThreadX/common/src/tx_trace_user_event_insert.c **** /*                                                                        */
   5:ThreadX/common/src/tx_trace_user_event_insert.c **** /*       This software is licensed under the Microsoft Software License   */
   6:ThreadX/common/src/tx_trace_user_event_insert.c **** /*       Terms for Microsoft Azure RTOS. Full text of the license can be  */
   7:ThreadX/common/src/tx_trace_user_event_insert.c **** /*       found in the LICENSE file at https://aka.ms/AzureRTOS_EULA       */
   8:ThreadX/common/src/tx_trace_user_event_insert.c **** /*       and in the root directory of this software.                      */
   9:ThreadX/common/src/tx_trace_user_event_insert.c **** /*                                                                        */
  10:ThreadX/common/src/tx_trace_user_event_insert.c **** /**************************************************************************/
  11:ThreadX/common/src/tx_trace_user_event_insert.c **** 
  12:ThreadX/common/src/tx_trace_user_event_insert.c **** 
  13:ThreadX/common/src/tx_trace_user_event_insert.c **** /**************************************************************************/
  14:ThreadX/common/src/tx_trace_user_event_insert.c **** /**************************************************************************/
  15:ThreadX/common/src/tx_trace_user_event_insert.c **** /**                                                                       */
  16:ThreadX/common/src/tx_trace_user_event_insert.c **** /** ThreadX Component                                                     */
  17:ThreadX/common/src/tx_trace_user_event_insert.c **** /**                                                                       */
  18:ThreadX/common/src/tx_trace_user_event_insert.c **** /**   Trace                                                               */
  19:ThreadX/common/src/tx_trace_user_event_insert.c **** /**                                                                       */
  20:ThreadX/common/src/tx_trace_user_event_insert.c **** /**************************************************************************/
  21:ThreadX/common/src/tx_trace_user_event_insert.c **** /**************************************************************************/
  22:ThreadX/common/src/tx_trace_user_event_insert.c **** 
  23:ThreadX/common/src/tx_trace_user_event_insert.c **** #define TX_SOURCE_CODE
  24:ThreadX/common/src/tx_trace_user_event_insert.c **** 
  25:ThreadX/common/src/tx_trace_user_event_insert.c **** 
  26:ThreadX/common/src/tx_trace_user_event_insert.c **** /* Include necessary system files.  */
  27:ThreadX/common/src/tx_trace_user_event_insert.c **** 
  28:ThreadX/common/src/tx_trace_user_event_insert.c **** #include "tx_api.h"
  29:ThreadX/common/src/tx_trace_user_event_insert.c **** #include "tx_trace.h"
  30:ThreadX/common/src/tx_trace_user_event_insert.c **** 
  31:ThreadX/common/src/tx_trace_user_event_insert.c **** 
ARM GAS  /tmp/ccv6O6Iz.s 			page 2


  32:ThreadX/common/src/tx_trace_user_event_insert.c **** /**************************************************************************/
  33:ThreadX/common/src/tx_trace_user_event_insert.c **** /*                                                                        */
  34:ThreadX/common/src/tx_trace_user_event_insert.c **** /*  FUNCTION                                               RELEASE        */
  35:ThreadX/common/src/tx_trace_user_event_insert.c **** /*                                                                        */
  36:ThreadX/common/src/tx_trace_user_event_insert.c **** /*    _tx_trace_user_event_insert                         PORTABLE C      */
  37:ThreadX/common/src/tx_trace_user_event_insert.c **** /*                                                           6.1          */
  38:ThreadX/common/src/tx_trace_user_event_insert.c **** /*  AUTHOR                                                                */
  39:ThreadX/common/src/tx_trace_user_event_insert.c **** /*                                                                        */
  40:ThreadX/common/src/tx_trace_user_event_insert.c **** /*    William E. Lamie, Microsoft Corporation                             */
  41:ThreadX/common/src/tx_trace_user_event_insert.c **** /*                                                                        */
  42:ThreadX/common/src/tx_trace_user_event_insert.c **** /*  DESCRIPTION                                                           */
  43:ThreadX/common/src/tx_trace_user_event_insert.c **** /*                                                                        */
  44:ThreadX/common/src/tx_trace_user_event_insert.c **** /*    This function inserts a user-defined event into the trace buffer.   */
  45:ThreadX/common/src/tx_trace_user_event_insert.c **** /*                                                                        */
  46:ThreadX/common/src/tx_trace_user_event_insert.c **** /*  INPUT                                                                 */
  47:ThreadX/common/src/tx_trace_user_event_insert.c **** /*                                                                        */
  48:ThreadX/common/src/tx_trace_user_event_insert.c **** /*    event_id                              User Event ID                 */
  49:ThreadX/common/src/tx_trace_user_event_insert.c **** /*    info_field_1                          First information field       */
  50:ThreadX/common/src/tx_trace_user_event_insert.c **** /*    info_field_2                          First information field       */
  51:ThreadX/common/src/tx_trace_user_event_insert.c **** /*    info_field_3                          First information field       */
  52:ThreadX/common/src/tx_trace_user_event_insert.c **** /*    info_field_4                          First information field       */
  53:ThreadX/common/src/tx_trace_user_event_insert.c **** /*                                                                        */
  54:ThreadX/common/src/tx_trace_user_event_insert.c **** /*  OUTPUT                                                                */
  55:ThreadX/common/src/tx_trace_user_event_insert.c **** /*                                                                        */
  56:ThreadX/common/src/tx_trace_user_event_insert.c **** /*    Completion Status                                                   */
  57:ThreadX/common/src/tx_trace_user_event_insert.c **** /*                                                                        */
  58:ThreadX/common/src/tx_trace_user_event_insert.c **** /*  CALLS                                                                 */
  59:ThreadX/common/src/tx_trace_user_event_insert.c **** /*                                                                        */
  60:ThreadX/common/src/tx_trace_user_event_insert.c **** /*    None                                                                */
  61:ThreadX/common/src/tx_trace_user_event_insert.c **** /*                                                                        */
  62:ThreadX/common/src/tx_trace_user_event_insert.c **** /*  CALLED BY                                                             */
  63:ThreadX/common/src/tx_trace_user_event_insert.c **** /*                                                                        */
  64:ThreadX/common/src/tx_trace_user_event_insert.c **** /*    Application Code                                                    */
  65:ThreadX/common/src/tx_trace_user_event_insert.c **** /*                                                                        */
  66:ThreadX/common/src/tx_trace_user_event_insert.c **** /*  RELEASE HISTORY                                                       */
  67:ThreadX/common/src/tx_trace_user_event_insert.c **** /*                                                                        */
  68:ThreadX/common/src/tx_trace_user_event_insert.c **** /*    DATE              NAME                      DESCRIPTION             */
  69:ThreadX/common/src/tx_trace_user_event_insert.c **** /*                                                                        */
  70:ThreadX/common/src/tx_trace_user_event_insert.c **** /*  05-19-2020     William E. Lamie         Initial Version 6.0           */
  71:ThreadX/common/src/tx_trace_user_event_insert.c **** /*  09-30-2020     Yuxin Zhou               Modified comment(s),          */
  72:ThreadX/common/src/tx_trace_user_event_insert.c **** /*                                            resulting in version 6.1    */
  73:ThreadX/common/src/tx_trace_user_event_insert.c **** /*                                                                        */
  74:ThreadX/common/src/tx_trace_user_event_insert.c **** /**************************************************************************/
  75:ThreadX/common/src/tx_trace_user_event_insert.c **** UINT  _tx_trace_user_event_insert(ULONG event_id, ULONG info_field_1, ULONG info_field_2, ULONG inf
  76:ThreadX/common/src/tx_trace_user_event_insert.c **** {
  28              		.loc 1 76 0
  29              		.cfi_startproc
  30              		@ args = 4, pretend = 0, frame = 0
  31              		@ frame_needed = 0, uses_anonymous_args = 0
  32              		@ link register save eliminated.
  33              	.LVL0:
  77:ThreadX/common/src/tx_trace_user_event_insert.c **** 
  78:ThreadX/common/src/tx_trace_user_event_insert.c **** #ifdef TX_ENABLE_EVENT_TRACE
  79:ThreadX/common/src/tx_trace_user_event_insert.c **** 
  80:ThreadX/common/src/tx_trace_user_event_insert.c **** TX_INTERRUPT_SAVE_AREA
  81:ThreadX/common/src/tx_trace_user_event_insert.c **** 
  82:ThreadX/common/src/tx_trace_user_event_insert.c **** UINT            status;
ARM GAS  /tmp/ccv6O6Iz.s 			page 3


  83:ThreadX/common/src/tx_trace_user_event_insert.c **** 
  84:ThreadX/common/src/tx_trace_user_event_insert.c **** 
  85:ThreadX/common/src/tx_trace_user_event_insert.c ****     /* Disable interrupts.  */
  86:ThreadX/common/src/tx_trace_user_event_insert.c ****     TX_DISABLE
  87:ThreadX/common/src/tx_trace_user_event_insert.c **** 
  88:ThreadX/common/src/tx_trace_user_event_insert.c ****     /* Determine if trace is disabled.  */
  89:ThreadX/common/src/tx_trace_user_event_insert.c ****     if (_tx_trace_buffer_current_ptr == TX_NULL)
  90:ThreadX/common/src/tx_trace_user_event_insert.c ****     {
  91:ThreadX/common/src/tx_trace_user_event_insert.c **** 
  92:ThreadX/common/src/tx_trace_user_event_insert.c ****         /* Yes, trace is already disabled.  */
  93:ThreadX/common/src/tx_trace_user_event_insert.c ****         status =  TX_NOT_DONE;
  94:ThreadX/common/src/tx_trace_user_event_insert.c ****     }
  95:ThreadX/common/src/tx_trace_user_event_insert.c ****     else
  96:ThreadX/common/src/tx_trace_user_event_insert.c ****     {
  97:ThreadX/common/src/tx_trace_user_event_insert.c **** 
  98:ThreadX/common/src/tx_trace_user_event_insert.c ****         /* Insert this event into the trace buffer.  */
  99:ThreadX/common/src/tx_trace_user_event_insert.c **** #ifdef TX_MISRA_ENABLE
 100:ThreadX/common/src/tx_trace_user_event_insert.c ****         TX_TRACE_IN_LINE_INSERT(event_id, TX_ULONG_TO_POINTER_CONVERT(info_field_1), info_field_2, 
 101:ThreadX/common/src/tx_trace_user_event_insert.c **** #else
 102:ThreadX/common/src/tx_trace_user_event_insert.c ****         TX_TRACE_IN_LINE_INSERT(event_id, info_field_1, info_field_2, info_field_3, info_field_4, T
 103:ThreadX/common/src/tx_trace_user_event_insert.c **** #endif
 104:ThreadX/common/src/tx_trace_user_event_insert.c **** 
 105:ThreadX/common/src/tx_trace_user_event_insert.c ****         /* Return successful status.  */
 106:ThreadX/common/src/tx_trace_user_event_insert.c ****         status =  TX_SUCCESS;
 107:ThreadX/common/src/tx_trace_user_event_insert.c ****     }
 108:ThreadX/common/src/tx_trace_user_event_insert.c **** 
 109:ThreadX/common/src/tx_trace_user_event_insert.c ****     /* Restore interrupts.  */
 110:ThreadX/common/src/tx_trace_user_event_insert.c ****     TX_RESTORE
 111:ThreadX/common/src/tx_trace_user_event_insert.c **** 
 112:ThreadX/common/src/tx_trace_user_event_insert.c ****     /* Return completion status.  */
 113:ThreadX/common/src/tx_trace_user_event_insert.c ****     return(status);
 114:ThreadX/common/src/tx_trace_user_event_insert.c **** 
 115:ThreadX/common/src/tx_trace_user_event_insert.c **** #else
 116:ThreadX/common/src/tx_trace_user_event_insert.c **** 
 117:ThreadX/common/src/tx_trace_user_event_insert.c **** UINT        status;
 118:ThreadX/common/src/tx_trace_user_event_insert.c **** 
 119:ThreadX/common/src/tx_trace_user_event_insert.c **** 
 120:ThreadX/common/src/tx_trace_user_event_insert.c ****     /* Access input arguments just for the sake of lint, MISRA, etc.  */
 121:ThreadX/common/src/tx_trace_user_event_insert.c ****     if (event_id != ((ULONG) 0))
 122:ThreadX/common/src/tx_trace_user_event_insert.c ****     {
 123:ThreadX/common/src/tx_trace_user_event_insert.c **** 
 124:ThreadX/common/src/tx_trace_user_event_insert.c ****         /* Trace not enabled, return an error.  */
 125:ThreadX/common/src/tx_trace_user_event_insert.c ****         status =  TX_FEATURE_NOT_ENABLED;
 126:ThreadX/common/src/tx_trace_user_event_insert.c ****     }
 127:ThreadX/common/src/tx_trace_user_event_insert.c ****     else if (info_field_1 != ((ULONG) 0))
 128:ThreadX/common/src/tx_trace_user_event_insert.c ****     {
 129:ThreadX/common/src/tx_trace_user_event_insert.c **** 
 130:ThreadX/common/src/tx_trace_user_event_insert.c ****         /* Trace not enabled, return an error.  */
 131:ThreadX/common/src/tx_trace_user_event_insert.c ****         status =  TX_FEATURE_NOT_ENABLED;
 132:ThreadX/common/src/tx_trace_user_event_insert.c ****     }
 133:ThreadX/common/src/tx_trace_user_event_insert.c ****     else if (info_field_2 != ((ULONG) 0))
 134:ThreadX/common/src/tx_trace_user_event_insert.c ****     {
 135:ThreadX/common/src/tx_trace_user_event_insert.c **** 
 136:ThreadX/common/src/tx_trace_user_event_insert.c ****         /* Trace not enabled, return an error.  */
 137:ThreadX/common/src/tx_trace_user_event_insert.c ****         status =  TX_FEATURE_NOT_ENABLED;
 138:ThreadX/common/src/tx_trace_user_event_insert.c ****     }
 139:ThreadX/common/src/tx_trace_user_event_insert.c ****     else if (info_field_3 != ((ULONG) 0))
ARM GAS  /tmp/ccv6O6Iz.s 			page 4


 140:ThreadX/common/src/tx_trace_user_event_insert.c ****     {
 141:ThreadX/common/src/tx_trace_user_event_insert.c **** 
 142:ThreadX/common/src/tx_trace_user_event_insert.c ****         /* Trace not enabled, return an error.  */
 143:ThreadX/common/src/tx_trace_user_event_insert.c ****         status =  TX_FEATURE_NOT_ENABLED;
 144:ThreadX/common/src/tx_trace_user_event_insert.c ****     }
 145:ThreadX/common/src/tx_trace_user_event_insert.c ****     else if (info_field_4 != ((ULONG) 0))
 146:ThreadX/common/src/tx_trace_user_event_insert.c ****     {
 147:ThreadX/common/src/tx_trace_user_event_insert.c **** 
 148:ThreadX/common/src/tx_trace_user_event_insert.c ****         /* Trace not enabled, return an error.  */
 149:ThreadX/common/src/tx_trace_user_event_insert.c ****         status =  TX_FEATURE_NOT_ENABLED;
 150:ThreadX/common/src/tx_trace_user_event_insert.c ****     }
 151:ThreadX/common/src/tx_trace_user_event_insert.c ****     else
 152:ThreadX/common/src/tx_trace_user_event_insert.c ****     {
 153:ThreadX/common/src/tx_trace_user_event_insert.c **** 
 154:ThreadX/common/src/tx_trace_user_event_insert.c ****         /* Trace not enabled, return an error.  */
 155:ThreadX/common/src/tx_trace_user_event_insert.c ****         status =  TX_FEATURE_NOT_ENABLED;
 156:ThreadX/common/src/tx_trace_user_event_insert.c ****     }
 157:ThreadX/common/src/tx_trace_user_event_insert.c **** 
 158:ThreadX/common/src/tx_trace_user_event_insert.c ****     /* Return completion status.  */
 159:ThreadX/common/src/tx_trace_user_event_insert.c ****     return(status);
 160:ThreadX/common/src/tx_trace_user_event_insert.c **** #endif
 161:ThreadX/common/src/tx_trace_user_event_insert.c **** }
  34              		.loc 1 161 0
  35 0000 FF20     		movs	r0, #255
  36              	.LVL1:
  37 0002 7047     		bx	lr
  38              		.cfi_endproc
  39              	.LFE8:
  41              		.text
  42              	.Letext0:
  43              		.file 2 "/usr/include/newlib/sys/lock.h"
  44              		.file 3 "/usr/include/newlib/sys/_types.h"
  45              		.file 4 "/usr/lib/gcc/arm-none-eabi/7.3.1/include/stddef.h"
  46              		.file 5 "/usr/include/newlib/sys/reent.h"
  47              		.file 6 "/usr/include/newlib/stdlib.h"
  48              		.file 7 "ThreadX/ports/cortex_m4/gnu/inc/tx_port.h"
ARM GAS  /tmp/ccv6O6Iz.s 			page 5


DEFINED SYMBOLS
                            *ABS*:0000000000000000 tx_trace_user_event_insert.c
     /tmp/ccv6O6Iz.s:18     .text._tx_trace_user_event_insert:0000000000000000 $t
     /tmp/ccv6O6Iz.s:25     .text._tx_trace_user_event_insert:0000000000000000 _tx_trace_user_event_insert

NO UNDEFINED SYMBOLS
