ARM GAS  /tmp/ccgBp5JM.s 			page 1


   1              		.cpu cortex-m4
   2              		.eabi_attribute 27, 1
   3              		.eabi_attribute 28, 1
   4              		.eabi_attribute 20, 1
   5              		.eabi_attribute 21, 1
   6              		.eabi_attribute 23, 3
   7              		.eabi_attribute 24, 1
   8              		.eabi_attribute 25, 1
   9              		.eabi_attribute 26, 1
  10              		.eabi_attribute 30, 1
  11              		.eabi_attribute 34, 1
  12              		.eabi_attribute 18, 4
  13              		.file	"tx_timer_performance_info_get.c"
  14              		.text
  15              	.Ltext0:
  16              		.cfi_sections	.debug_frame
  17              		.section	.text._tx_timer_performance_info_get,"ax",%progbits
  18              		.align	1
  19              		.global	_tx_timer_performance_info_get
  20              		.syntax unified
  21              		.thumb
  22              		.thumb_func
  23              		.fpu fpv4-sp-d16
  25              	_tx_timer_performance_info_get:
  26              	.LFB8:
  27              		.file 1 "ThreadX/common/src/tx_timer_performance_info_get.c"
   1:ThreadX/common/src/tx_timer_performance_info_get.c **** /**************************************************************************/
   2:ThreadX/common/src/tx_timer_performance_info_get.c **** /*                                                                        */
   3:ThreadX/common/src/tx_timer_performance_info_get.c **** /*       Copyright (c) Microsoft Corporation. All rights reserved.        */
   4:ThreadX/common/src/tx_timer_performance_info_get.c **** /*                                                                        */
   5:ThreadX/common/src/tx_timer_performance_info_get.c **** /*       This software is licensed under the Microsoft Software License   */
   6:ThreadX/common/src/tx_timer_performance_info_get.c **** /*       Terms for Microsoft Azure RTOS. Full text of the license can be  */
   7:ThreadX/common/src/tx_timer_performance_info_get.c **** /*       found in the LICENSE file at https://aka.ms/AzureRTOS_EULA       */
   8:ThreadX/common/src/tx_timer_performance_info_get.c **** /*       and in the root directory of this software.                      */
   9:ThreadX/common/src/tx_timer_performance_info_get.c **** /*                                                                        */
  10:ThreadX/common/src/tx_timer_performance_info_get.c **** /**************************************************************************/
  11:ThreadX/common/src/tx_timer_performance_info_get.c **** 
  12:ThreadX/common/src/tx_timer_performance_info_get.c **** 
  13:ThreadX/common/src/tx_timer_performance_info_get.c **** /**************************************************************************/
  14:ThreadX/common/src/tx_timer_performance_info_get.c **** /**************************************************************************/
  15:ThreadX/common/src/tx_timer_performance_info_get.c **** /**                                                                       */
  16:ThreadX/common/src/tx_timer_performance_info_get.c **** /** ThreadX Component                                                     */
  17:ThreadX/common/src/tx_timer_performance_info_get.c **** /**                                                                       */
  18:ThreadX/common/src/tx_timer_performance_info_get.c **** /**   Timer                                                               */
  19:ThreadX/common/src/tx_timer_performance_info_get.c **** /**                                                                       */
  20:ThreadX/common/src/tx_timer_performance_info_get.c **** /**************************************************************************/
  21:ThreadX/common/src/tx_timer_performance_info_get.c **** /**************************************************************************/
  22:ThreadX/common/src/tx_timer_performance_info_get.c **** 
  23:ThreadX/common/src/tx_timer_performance_info_get.c **** #define TX_SOURCE_CODE
  24:ThreadX/common/src/tx_timer_performance_info_get.c **** 
  25:ThreadX/common/src/tx_timer_performance_info_get.c **** 
  26:ThreadX/common/src/tx_timer_performance_info_get.c **** /* Include necessary system files.  */
  27:ThreadX/common/src/tx_timer_performance_info_get.c **** 
  28:ThreadX/common/src/tx_timer_performance_info_get.c **** #include "tx_api.h"
  29:ThreadX/common/src/tx_timer_performance_info_get.c **** #include "tx_timer.h"
  30:ThreadX/common/src/tx_timer_performance_info_get.c **** #ifdef TX_TIMER_ENABLE_PERFORMANCE_INFO
  31:ThreadX/common/src/tx_timer_performance_info_get.c **** #include "tx_trace.h"
ARM GAS  /tmp/ccgBp5JM.s 			page 2


  32:ThreadX/common/src/tx_timer_performance_info_get.c **** #endif
  33:ThreadX/common/src/tx_timer_performance_info_get.c **** 
  34:ThreadX/common/src/tx_timer_performance_info_get.c **** 
  35:ThreadX/common/src/tx_timer_performance_info_get.c **** /**************************************************************************/
  36:ThreadX/common/src/tx_timer_performance_info_get.c **** /*                                                                        */
  37:ThreadX/common/src/tx_timer_performance_info_get.c **** /*  FUNCTION                                               RELEASE        */
  38:ThreadX/common/src/tx_timer_performance_info_get.c **** /*                                                                        */
  39:ThreadX/common/src/tx_timer_performance_info_get.c **** /*    _tx_timer_performance_info_get                      PORTABLE C      */
  40:ThreadX/common/src/tx_timer_performance_info_get.c **** /*                                                           6.1          */
  41:ThreadX/common/src/tx_timer_performance_info_get.c **** /*  AUTHOR                                                                */
  42:ThreadX/common/src/tx_timer_performance_info_get.c **** /*                                                                        */
  43:ThreadX/common/src/tx_timer_performance_info_get.c **** /*    William E. Lamie, Microsoft Corporation                             */
  44:ThreadX/common/src/tx_timer_performance_info_get.c **** /*                                                                        */
  45:ThreadX/common/src/tx_timer_performance_info_get.c **** /*  DESCRIPTION                                                           */
  46:ThreadX/common/src/tx_timer_performance_info_get.c **** /*                                                                        */
  47:ThreadX/common/src/tx_timer_performance_info_get.c **** /*    This function retrieves performance information from the specified  */
  48:ThreadX/common/src/tx_timer_performance_info_get.c **** /*    timer.                                                              */
  49:ThreadX/common/src/tx_timer_performance_info_get.c **** /*                                                                        */
  50:ThreadX/common/src/tx_timer_performance_info_get.c **** /*  INPUT                                                                 */
  51:ThreadX/common/src/tx_timer_performance_info_get.c **** /*                                                                        */
  52:ThreadX/common/src/tx_timer_performance_info_get.c **** /*    timer_ptr                         Pointer to timer control block    */
  53:ThreadX/common/src/tx_timer_performance_info_get.c **** /*    activates                         Destination for the number of     */
  54:ThreadX/common/src/tx_timer_performance_info_get.c **** /*                                        activations of this timer       */
  55:ThreadX/common/src/tx_timer_performance_info_get.c **** /*    reactivates                       Destination for the number of     */
  56:ThreadX/common/src/tx_timer_performance_info_get.c **** /*                                        reactivations of this timer     */
  57:ThreadX/common/src/tx_timer_performance_info_get.c **** /*    deactivates                       Destination for the number of     */
  58:ThreadX/common/src/tx_timer_performance_info_get.c **** /*                                        deactivations of this timer     */
  59:ThreadX/common/src/tx_timer_performance_info_get.c **** /*    expirations                       Destination for the number of     */
  60:ThreadX/common/src/tx_timer_performance_info_get.c **** /*                                        expirations of this timer       */
  61:ThreadX/common/src/tx_timer_performance_info_get.c **** /*    expiration_adjusts                Destination for the number of     */
  62:ThreadX/common/src/tx_timer_performance_info_get.c **** /*                                        expiration adjustments of this  */
  63:ThreadX/common/src/tx_timer_performance_info_get.c **** /*                                        timer                           */
  64:ThreadX/common/src/tx_timer_performance_info_get.c **** /*                                                                        */
  65:ThreadX/common/src/tx_timer_performance_info_get.c **** /*  OUTPUT                                                                */
  66:ThreadX/common/src/tx_timer_performance_info_get.c **** /*                                                                        */
  67:ThreadX/common/src/tx_timer_performance_info_get.c **** /*    status                            Completion status                 */
  68:ThreadX/common/src/tx_timer_performance_info_get.c **** /*                                                                        */
  69:ThreadX/common/src/tx_timer_performance_info_get.c **** /*  CALLS                                                                 */
  70:ThreadX/common/src/tx_timer_performance_info_get.c **** /*                                                                        */
  71:ThreadX/common/src/tx_timer_performance_info_get.c **** /*    None                                                                */
  72:ThreadX/common/src/tx_timer_performance_info_get.c **** /*                                                                        */
  73:ThreadX/common/src/tx_timer_performance_info_get.c **** /*  CALLED BY                                                             */
  74:ThreadX/common/src/tx_timer_performance_info_get.c **** /*                                                                        */
  75:ThreadX/common/src/tx_timer_performance_info_get.c **** /*    Application Code                                                    */
  76:ThreadX/common/src/tx_timer_performance_info_get.c **** /*                                                                        */
  77:ThreadX/common/src/tx_timer_performance_info_get.c **** /*  RELEASE HISTORY                                                       */
  78:ThreadX/common/src/tx_timer_performance_info_get.c **** /*                                                                        */
  79:ThreadX/common/src/tx_timer_performance_info_get.c **** /*    DATE              NAME                      DESCRIPTION             */
  80:ThreadX/common/src/tx_timer_performance_info_get.c **** /*                                                                        */
  81:ThreadX/common/src/tx_timer_performance_info_get.c **** /*  05-19-2020     William E. Lamie         Initial Version 6.0           */
  82:ThreadX/common/src/tx_timer_performance_info_get.c **** /*  09-30-2020     Yuxin Zhou               Modified comment(s),          */
  83:ThreadX/common/src/tx_timer_performance_info_get.c **** /*                                            resulting in version 6.1    */
  84:ThreadX/common/src/tx_timer_performance_info_get.c **** /*                                                                        */
  85:ThreadX/common/src/tx_timer_performance_info_get.c **** /**************************************************************************/
  86:ThreadX/common/src/tx_timer_performance_info_get.c **** UINT  _tx_timer_performance_info_get(TX_TIMER *timer_ptr, ULONG *activates, ULONG *reactivates,
  87:ThreadX/common/src/tx_timer_performance_info_get.c ****                     ULONG *deactivates, ULONG *expirations, ULONG *expiration_adjusts)
  88:ThreadX/common/src/tx_timer_performance_info_get.c **** {
ARM GAS  /tmp/ccgBp5JM.s 			page 3


  28              		.loc 1 88 0
  29              		.cfi_startproc
  30              		@ args = 8, pretend = 0, frame = 0
  31              		@ frame_needed = 0, uses_anonymous_args = 0
  32              		@ link register save eliminated.
  33              	.LVL0:
  89:ThreadX/common/src/tx_timer_performance_info_get.c **** 
  90:ThreadX/common/src/tx_timer_performance_info_get.c **** #ifdef TX_TIMER_ENABLE_PERFORMANCE_INFO
  91:ThreadX/common/src/tx_timer_performance_info_get.c **** 
  92:ThreadX/common/src/tx_timer_performance_info_get.c **** TX_INTERRUPT_SAVE_AREA
  93:ThreadX/common/src/tx_timer_performance_info_get.c **** UINT                    status;
  94:ThreadX/common/src/tx_timer_performance_info_get.c **** 
  95:ThreadX/common/src/tx_timer_performance_info_get.c **** 
  96:ThreadX/common/src/tx_timer_performance_info_get.c ****     /* Determine if this is a legal request.  */
  97:ThreadX/common/src/tx_timer_performance_info_get.c ****     if (timer_ptr == TX_NULL)
  98:ThreadX/common/src/tx_timer_performance_info_get.c ****     {
  99:ThreadX/common/src/tx_timer_performance_info_get.c **** 
 100:ThreadX/common/src/tx_timer_performance_info_get.c ****         /* Timer pointer is illegal, return error.  */
 101:ThreadX/common/src/tx_timer_performance_info_get.c ****         status =  TX_PTR_ERROR;
 102:ThreadX/common/src/tx_timer_performance_info_get.c ****     }
 103:ThreadX/common/src/tx_timer_performance_info_get.c **** 
 104:ThreadX/common/src/tx_timer_performance_info_get.c ****     /* Determine if the timer ID is invalid.  */
 105:ThreadX/common/src/tx_timer_performance_info_get.c ****     else if (timer_ptr -> tx_timer_id != TX_TIMER_ID)
 106:ThreadX/common/src/tx_timer_performance_info_get.c ****     {
 107:ThreadX/common/src/tx_timer_performance_info_get.c **** 
 108:ThreadX/common/src/tx_timer_performance_info_get.c ****         /* Timer pointer is illegal, return error.  */
 109:ThreadX/common/src/tx_timer_performance_info_get.c ****         status =  TX_PTR_ERROR;
 110:ThreadX/common/src/tx_timer_performance_info_get.c ****     }
 111:ThreadX/common/src/tx_timer_performance_info_get.c ****     else
 112:ThreadX/common/src/tx_timer_performance_info_get.c ****     {
 113:ThreadX/common/src/tx_timer_performance_info_get.c **** 
 114:ThreadX/common/src/tx_timer_performance_info_get.c ****         /* Disable interrupts.  */
 115:ThreadX/common/src/tx_timer_performance_info_get.c ****         TX_DISABLE
 116:ThreadX/common/src/tx_timer_performance_info_get.c **** 
 117:ThreadX/common/src/tx_timer_performance_info_get.c ****         /* If trace is enabled, insert this event into the trace buffer.  */
 118:ThreadX/common/src/tx_timer_performance_info_get.c ****         TX_TRACE_IN_LINE_INSERT(TX_TRACE_TIMER_PERFORMANCE_INFO_GET, timer_ptr, 0, 0, 0, TX_TRACE_T
 119:ThreadX/common/src/tx_timer_performance_info_get.c **** 
 120:ThreadX/common/src/tx_timer_performance_info_get.c ****         /* Log this kernel call.  */
 121:ThreadX/common/src/tx_timer_performance_info_get.c ****         TX_EL_TIMER_PERFORMANCE_INFO_GET_INSERT
 122:ThreadX/common/src/tx_timer_performance_info_get.c **** 
 123:ThreadX/common/src/tx_timer_performance_info_get.c ****         /* Retrieve the number of activations of this timer.  */
 124:ThreadX/common/src/tx_timer_performance_info_get.c ****         if (activates != TX_NULL)
 125:ThreadX/common/src/tx_timer_performance_info_get.c ****         {
 126:ThreadX/common/src/tx_timer_performance_info_get.c **** 
 127:ThreadX/common/src/tx_timer_performance_info_get.c ****             *activates =  timer_ptr -> tx_timer_performance_activate_count;
 128:ThreadX/common/src/tx_timer_performance_info_get.c ****         }
 129:ThreadX/common/src/tx_timer_performance_info_get.c **** 
 130:ThreadX/common/src/tx_timer_performance_info_get.c ****         /* Retrieve the number of reactivations of this timer.  */
 131:ThreadX/common/src/tx_timer_performance_info_get.c ****         if (reactivates != TX_NULL)
 132:ThreadX/common/src/tx_timer_performance_info_get.c ****         {
 133:ThreadX/common/src/tx_timer_performance_info_get.c **** 
 134:ThreadX/common/src/tx_timer_performance_info_get.c ****             *reactivates =  timer_ptr -> tx_timer_performance_reactivate_count;
 135:ThreadX/common/src/tx_timer_performance_info_get.c ****         }
 136:ThreadX/common/src/tx_timer_performance_info_get.c **** 
 137:ThreadX/common/src/tx_timer_performance_info_get.c ****         /* Retrieve the number of deactivations of this timer.  */
 138:ThreadX/common/src/tx_timer_performance_info_get.c ****         if (deactivates != TX_NULL)
 139:ThreadX/common/src/tx_timer_performance_info_get.c ****         {
ARM GAS  /tmp/ccgBp5JM.s 			page 4


 140:ThreadX/common/src/tx_timer_performance_info_get.c **** 
 141:ThreadX/common/src/tx_timer_performance_info_get.c ****             *deactivates =  timer_ptr -> tx_timer_performance_deactivate_count;
 142:ThreadX/common/src/tx_timer_performance_info_get.c ****         }
 143:ThreadX/common/src/tx_timer_performance_info_get.c **** 
 144:ThreadX/common/src/tx_timer_performance_info_get.c ****         /* Retrieve the number of expirations of this timer.  */
 145:ThreadX/common/src/tx_timer_performance_info_get.c ****         if (expirations != TX_NULL)
 146:ThreadX/common/src/tx_timer_performance_info_get.c ****         {
 147:ThreadX/common/src/tx_timer_performance_info_get.c **** 
 148:ThreadX/common/src/tx_timer_performance_info_get.c ****             *expirations =  timer_ptr -> tx_timer_performance_expiration_count;
 149:ThreadX/common/src/tx_timer_performance_info_get.c ****         }
 150:ThreadX/common/src/tx_timer_performance_info_get.c **** 
 151:ThreadX/common/src/tx_timer_performance_info_get.c ****         /* Retrieve the number of expiration adjustments of this timer.  */
 152:ThreadX/common/src/tx_timer_performance_info_get.c ****         if (expiration_adjusts != TX_NULL)
 153:ThreadX/common/src/tx_timer_performance_info_get.c ****         {
 154:ThreadX/common/src/tx_timer_performance_info_get.c **** 
 155:ThreadX/common/src/tx_timer_performance_info_get.c ****             *expiration_adjusts =  timer_ptr -> tx_timer_performance__expiration_adjust_count;
 156:ThreadX/common/src/tx_timer_performance_info_get.c ****         }
 157:ThreadX/common/src/tx_timer_performance_info_get.c **** 
 158:ThreadX/common/src/tx_timer_performance_info_get.c ****         /* Restore interrupts.  */
 159:ThreadX/common/src/tx_timer_performance_info_get.c ****         TX_RESTORE
 160:ThreadX/common/src/tx_timer_performance_info_get.c **** 
 161:ThreadX/common/src/tx_timer_performance_info_get.c ****         /* Return successful completion.  */
 162:ThreadX/common/src/tx_timer_performance_info_get.c ****         status =  TX_SUCCESS;
 163:ThreadX/common/src/tx_timer_performance_info_get.c ****     }
 164:ThreadX/common/src/tx_timer_performance_info_get.c **** #else
 165:ThreadX/common/src/tx_timer_performance_info_get.c **** UINT                    status;
 166:ThreadX/common/src/tx_timer_performance_info_get.c **** 
 167:ThreadX/common/src/tx_timer_performance_info_get.c **** 
 168:ThreadX/common/src/tx_timer_performance_info_get.c ****     /* Access input arguments just for the sake of lint, MISRA, etc.  */
 169:ThreadX/common/src/tx_timer_performance_info_get.c ****     if (timer_ptr != TX_NULL)
 170:ThreadX/common/src/tx_timer_performance_info_get.c ****     {
 171:ThreadX/common/src/tx_timer_performance_info_get.c **** 
 172:ThreadX/common/src/tx_timer_performance_info_get.c ****         /* Not enabled, return error.  */
 173:ThreadX/common/src/tx_timer_performance_info_get.c ****         status =  TX_FEATURE_NOT_ENABLED;
 174:ThreadX/common/src/tx_timer_performance_info_get.c ****     }
 175:ThreadX/common/src/tx_timer_performance_info_get.c ****     else if (activates != TX_NULL)
 176:ThreadX/common/src/tx_timer_performance_info_get.c ****     {
 177:ThreadX/common/src/tx_timer_performance_info_get.c **** 
 178:ThreadX/common/src/tx_timer_performance_info_get.c ****         /* Not enabled, return error.  */
 179:ThreadX/common/src/tx_timer_performance_info_get.c ****         status =  TX_FEATURE_NOT_ENABLED;
 180:ThreadX/common/src/tx_timer_performance_info_get.c ****     }
 181:ThreadX/common/src/tx_timer_performance_info_get.c ****     else if (reactivates != TX_NULL)
 182:ThreadX/common/src/tx_timer_performance_info_get.c ****     {
 183:ThreadX/common/src/tx_timer_performance_info_get.c **** 
 184:ThreadX/common/src/tx_timer_performance_info_get.c ****         /* Not enabled, return error.  */
 185:ThreadX/common/src/tx_timer_performance_info_get.c ****         status =  TX_FEATURE_NOT_ENABLED;
 186:ThreadX/common/src/tx_timer_performance_info_get.c ****     }
 187:ThreadX/common/src/tx_timer_performance_info_get.c ****     else if (deactivates != TX_NULL)
 188:ThreadX/common/src/tx_timer_performance_info_get.c ****     {
 189:ThreadX/common/src/tx_timer_performance_info_get.c **** 
 190:ThreadX/common/src/tx_timer_performance_info_get.c ****         /* Not enabled, return error.  */
 191:ThreadX/common/src/tx_timer_performance_info_get.c ****         status =  TX_FEATURE_NOT_ENABLED;
 192:ThreadX/common/src/tx_timer_performance_info_get.c ****     }
 193:ThreadX/common/src/tx_timer_performance_info_get.c ****     else if (expirations != TX_NULL)
 194:ThreadX/common/src/tx_timer_performance_info_get.c ****     {
 195:ThreadX/common/src/tx_timer_performance_info_get.c **** 
 196:ThreadX/common/src/tx_timer_performance_info_get.c ****         /* Not enabled, return error.  */
ARM GAS  /tmp/ccgBp5JM.s 			page 5


 197:ThreadX/common/src/tx_timer_performance_info_get.c ****         status =  TX_FEATURE_NOT_ENABLED;
 198:ThreadX/common/src/tx_timer_performance_info_get.c ****     }
 199:ThreadX/common/src/tx_timer_performance_info_get.c ****     else if (expiration_adjusts != TX_NULL)
 200:ThreadX/common/src/tx_timer_performance_info_get.c ****     {
 201:ThreadX/common/src/tx_timer_performance_info_get.c **** 
 202:ThreadX/common/src/tx_timer_performance_info_get.c ****         /* Not enabled, return error.  */
 203:ThreadX/common/src/tx_timer_performance_info_get.c ****         status =  TX_FEATURE_NOT_ENABLED;
 204:ThreadX/common/src/tx_timer_performance_info_get.c ****     }
 205:ThreadX/common/src/tx_timer_performance_info_get.c ****     else
 206:ThreadX/common/src/tx_timer_performance_info_get.c ****     {
 207:ThreadX/common/src/tx_timer_performance_info_get.c **** 
 208:ThreadX/common/src/tx_timer_performance_info_get.c ****         /* Not enabled, return error.  */
 209:ThreadX/common/src/tx_timer_performance_info_get.c ****         status =  TX_FEATURE_NOT_ENABLED;
 210:ThreadX/common/src/tx_timer_performance_info_get.c ****     }
 211:ThreadX/common/src/tx_timer_performance_info_get.c **** #endif
 212:ThreadX/common/src/tx_timer_performance_info_get.c **** 
 213:ThreadX/common/src/tx_timer_performance_info_get.c ****     /* Return completion status.  */
 214:ThreadX/common/src/tx_timer_performance_info_get.c ****     return(status);
 215:ThreadX/common/src/tx_timer_performance_info_get.c **** }
  34              		.loc 1 215 0
  35 0000 FF20     		movs	r0, #255
  36              	.LVL1:
  37 0002 7047     		bx	lr
  38              		.cfi_endproc
  39              	.LFE8:
  41              		.text
  42              	.Letext0:
  43              		.file 2 "/usr/include/newlib/sys/lock.h"
  44              		.file 3 "/usr/include/newlib/sys/_types.h"
  45              		.file 4 "/usr/lib/gcc/arm-none-eabi/7.3.1/include/stddef.h"
  46              		.file 5 "/usr/include/newlib/sys/reent.h"
  47              		.file 6 "/usr/include/newlib/stdlib.h"
  48              		.file 7 "ThreadX/ports/cortex_m4/gnu/inc/tx_port.h"
  49              		.file 8 "ThreadX/common/inc/tx_api.h"
  50              		.file 9 "ThreadX/common/inc/tx_timer.h"
ARM GAS  /tmp/ccgBp5JM.s 			page 6


DEFINED SYMBOLS
                            *ABS*:0000000000000000 tx_timer_performance_info_get.c
     /tmp/ccgBp5JM.s:18     .text._tx_timer_performance_info_get:0000000000000000 $t
     /tmp/ccgBp5JM.s:25     .text._tx_timer_performance_info_get:0000000000000000 _tx_timer_performance_info_get

NO UNDEFINED SYMBOLS
