ARM GAS  /tmp/ccI8J9nS.s 			page 1


   1              		.cpu cortex-m4
   2              		.eabi_attribute 27, 1
   3              		.eabi_attribute 28, 1
   4              		.eabi_attribute 20, 1
   5              		.eabi_attribute 21, 1
   6              		.eabi_attribute 23, 3
   7              		.eabi_attribute 24, 1
   8              		.eabi_attribute 25, 1
   9              		.eabi_attribute 26, 1
  10              		.eabi_attribute 30, 1
  11              		.eabi_attribute 34, 1
  12              		.eabi_attribute 18, 4
  13              		.file	"txe_mutex_info_get.c"
  14              		.text
  15              	.Ltext0:
  16              		.cfi_sections	.debug_frame
  17              		.section	.text._txe_mutex_info_get,"ax",%progbits
  18              		.align	1
  19              		.global	_txe_mutex_info_get
  20              		.syntax unified
  21              		.thumb
  22              		.thumb_func
  23              		.fpu fpv4-sp-d16
  25              	_txe_mutex_info_get:
  26              	.LFB8:
  27              		.file 1 "ThreadX/common/src/txe_mutex_info_get.c"
   1:ThreadX/common/src/txe_mutex_info_get.c **** /**************************************************************************/
   2:ThreadX/common/src/txe_mutex_info_get.c **** /*                                                                        */
   3:ThreadX/common/src/txe_mutex_info_get.c **** /*       Copyright (c) Microsoft Corporation. All rights reserved.        */
   4:ThreadX/common/src/txe_mutex_info_get.c **** /*                                                                        */
   5:ThreadX/common/src/txe_mutex_info_get.c **** /*       This software is licensed under the Microsoft Software License   */
   6:ThreadX/common/src/txe_mutex_info_get.c **** /*       Terms for Microsoft Azure RTOS. Full text of the license can be  */
   7:ThreadX/common/src/txe_mutex_info_get.c **** /*       found in the LICENSE file at https://aka.ms/AzureRTOS_EULA       */
   8:ThreadX/common/src/txe_mutex_info_get.c **** /*       and in the root directory of this software.                      */
   9:ThreadX/common/src/txe_mutex_info_get.c **** /*                                                                        */
  10:ThreadX/common/src/txe_mutex_info_get.c **** /**************************************************************************/
  11:ThreadX/common/src/txe_mutex_info_get.c **** 
  12:ThreadX/common/src/txe_mutex_info_get.c **** 
  13:ThreadX/common/src/txe_mutex_info_get.c **** /**************************************************************************/
  14:ThreadX/common/src/txe_mutex_info_get.c **** /**************************************************************************/
  15:ThreadX/common/src/txe_mutex_info_get.c **** /**                                                                       */
  16:ThreadX/common/src/txe_mutex_info_get.c **** /** ThreadX Component                                                     */
  17:ThreadX/common/src/txe_mutex_info_get.c **** /**                                                                       */
  18:ThreadX/common/src/txe_mutex_info_get.c **** /**   Mutex                                                               */
  19:ThreadX/common/src/txe_mutex_info_get.c **** /**                                                                       */
  20:ThreadX/common/src/txe_mutex_info_get.c **** /**************************************************************************/
  21:ThreadX/common/src/txe_mutex_info_get.c **** /**************************************************************************/
  22:ThreadX/common/src/txe_mutex_info_get.c **** 
  23:ThreadX/common/src/txe_mutex_info_get.c **** #define TX_SOURCE_CODE
  24:ThreadX/common/src/txe_mutex_info_get.c **** 
  25:ThreadX/common/src/txe_mutex_info_get.c **** 
  26:ThreadX/common/src/txe_mutex_info_get.c **** /* Include necessary system files.  */
  27:ThreadX/common/src/txe_mutex_info_get.c **** 
  28:ThreadX/common/src/txe_mutex_info_get.c **** #include "tx_api.h"
  29:ThreadX/common/src/txe_mutex_info_get.c **** #include "tx_mutex.h"
  30:ThreadX/common/src/txe_mutex_info_get.c **** 
  31:ThreadX/common/src/txe_mutex_info_get.c **** 
ARM GAS  /tmp/ccI8J9nS.s 			page 2


  32:ThreadX/common/src/txe_mutex_info_get.c **** /**************************************************************************/
  33:ThreadX/common/src/txe_mutex_info_get.c **** /*                                                                        */
  34:ThreadX/common/src/txe_mutex_info_get.c **** /*  FUNCTION                                               RELEASE        */
  35:ThreadX/common/src/txe_mutex_info_get.c **** /*                                                                        */
  36:ThreadX/common/src/txe_mutex_info_get.c **** /*    _txe_mutex_info_get                                 PORTABLE C      */
  37:ThreadX/common/src/txe_mutex_info_get.c **** /*                                                           6.1          */
  38:ThreadX/common/src/txe_mutex_info_get.c **** /*  AUTHOR                                                                */
  39:ThreadX/common/src/txe_mutex_info_get.c **** /*                                                                        */
  40:ThreadX/common/src/txe_mutex_info_get.c **** /*    William E. Lamie, Microsoft Corporation                             */
  41:ThreadX/common/src/txe_mutex_info_get.c **** /*                                                                        */
  42:ThreadX/common/src/txe_mutex_info_get.c **** /*  DESCRIPTION                                                           */
  43:ThreadX/common/src/txe_mutex_info_get.c **** /*                                                                        */
  44:ThreadX/common/src/txe_mutex_info_get.c **** /*    This function checks for errors in the mutex information get        */
  45:ThreadX/common/src/txe_mutex_info_get.c **** /*    service.                                                            */
  46:ThreadX/common/src/txe_mutex_info_get.c **** /*                                                                        */
  47:ThreadX/common/src/txe_mutex_info_get.c **** /*  INPUT                                                                 */
  48:ThreadX/common/src/txe_mutex_info_get.c **** /*                                                                        */
  49:ThreadX/common/src/txe_mutex_info_get.c **** /*    mutex_ptr                         Pointer to mutex control block    */
  50:ThreadX/common/src/txe_mutex_info_get.c **** /*    name                              Destination for the mutex name    */
  51:ThreadX/common/src/txe_mutex_info_get.c **** /*    count                             Destination for the owner count   */
  52:ThreadX/common/src/txe_mutex_info_get.c **** /*    owner                             Destination for the owner's       */
  53:ThreadX/common/src/txe_mutex_info_get.c **** /*                                        thread control block pointer    */
  54:ThreadX/common/src/txe_mutex_info_get.c **** /*    first_suspended                   Destination for pointer of first  */
  55:ThreadX/common/src/txe_mutex_info_get.c **** /*                                        thread suspended on the mutex   */
  56:ThreadX/common/src/txe_mutex_info_get.c **** /*    suspended_count                   Destination for suspended count   */
  57:ThreadX/common/src/txe_mutex_info_get.c **** /*    next_mutex                        Destination for pointer to next   */
  58:ThreadX/common/src/txe_mutex_info_get.c **** /*                                        mutex on the created list       */
  59:ThreadX/common/src/txe_mutex_info_get.c **** /*                                                                        */
  60:ThreadX/common/src/txe_mutex_info_get.c **** /*  OUTPUT                                                                */
  61:ThreadX/common/src/txe_mutex_info_get.c **** /*                                                                        */
  62:ThreadX/common/src/txe_mutex_info_get.c **** /*    TX_MUTEX_ERROR                    Invalid mutex pointer             */
  63:ThreadX/common/src/txe_mutex_info_get.c **** /*    status                            Completion status                 */
  64:ThreadX/common/src/txe_mutex_info_get.c **** /*                                                                        */
  65:ThreadX/common/src/txe_mutex_info_get.c **** /*  CALLS                                                                 */
  66:ThreadX/common/src/txe_mutex_info_get.c **** /*                                                                        */
  67:ThreadX/common/src/txe_mutex_info_get.c **** /*    _tx_mutex_info_get                Actual mutex info get service     */
  68:ThreadX/common/src/txe_mutex_info_get.c **** /*                                                                        */
  69:ThreadX/common/src/txe_mutex_info_get.c **** /*  CALLED BY                                                             */
  70:ThreadX/common/src/txe_mutex_info_get.c **** /*                                                                        */
  71:ThreadX/common/src/txe_mutex_info_get.c **** /*    Application Code                                                    */
  72:ThreadX/common/src/txe_mutex_info_get.c **** /*                                                                        */
  73:ThreadX/common/src/txe_mutex_info_get.c **** /*  RELEASE HISTORY                                                       */
  74:ThreadX/common/src/txe_mutex_info_get.c **** /*                                                                        */
  75:ThreadX/common/src/txe_mutex_info_get.c **** /*    DATE              NAME                      DESCRIPTION             */
  76:ThreadX/common/src/txe_mutex_info_get.c **** /*                                                                        */
  77:ThreadX/common/src/txe_mutex_info_get.c **** /*  05-19-2020     William E. Lamie         Initial Version 6.0           */
  78:ThreadX/common/src/txe_mutex_info_get.c **** /*  09-30-2020     Yuxin Zhou               Modified comment(s),          */
  79:ThreadX/common/src/txe_mutex_info_get.c **** /*                                            resulting in version 6.1    */
  80:ThreadX/common/src/txe_mutex_info_get.c **** /*                                                                        */
  81:ThreadX/common/src/txe_mutex_info_get.c **** /**************************************************************************/
  82:ThreadX/common/src/txe_mutex_info_get.c **** UINT  _txe_mutex_info_get(TX_MUTEX *mutex_ptr, CHAR **name, ULONG *count, TX_THREAD **owner,
  83:ThreadX/common/src/txe_mutex_info_get.c ****                     TX_THREAD **first_suspended, ULONG *suspended_count,
  84:ThreadX/common/src/txe_mutex_info_get.c ****                     TX_MUTEX **next_mutex)
  85:ThreadX/common/src/txe_mutex_info_get.c **** {
  28              		.loc 1 85 0
  29              		.cfi_startproc
  30              		@ args = 12, pretend = 0, frame = 0
ARM GAS  /tmp/ccI8J9nS.s 			page 3


  31              		@ frame_needed = 0, uses_anonymous_args = 0
  32              	.LVL0:
  86:ThreadX/common/src/txe_mutex_info_get.c **** 
  87:ThreadX/common/src/txe_mutex_info_get.c **** UINT        status;
  88:ThreadX/common/src/txe_mutex_info_get.c **** 
  89:ThreadX/common/src/txe_mutex_info_get.c **** 
  90:ThreadX/common/src/txe_mutex_info_get.c ****     /* Check for an invalid mutex pointer.  */
  91:ThreadX/common/src/txe_mutex_info_get.c ****     if (mutex_ptr == TX_NULL)
  33              		.loc 1 91 0
  34 0000 98B1     		cbz	r0, .L3
  85:ThreadX/common/src/txe_mutex_info_get.c **** 
  35              		.loc 1 85 0
  36 0002 30B5     		push	{r4, r5, lr}
  37              	.LCFI0:
  38              		.cfi_def_cfa_offset 12
  39              		.cfi_offset 4, -12
  40              		.cfi_offset 5, -8
  41              		.cfi_offset 14, -4
  42 0004 85B0     		sub	sp, sp, #20
  43              	.LCFI1:
  44              		.cfi_def_cfa_offset 32
  45 0006 0446     		mov	r4, r0
  92:ThreadX/common/src/txe_mutex_info_get.c ****     {
  93:ThreadX/common/src/txe_mutex_info_get.c **** 
  94:ThreadX/common/src/txe_mutex_info_get.c ****         /* Mutex pointer is invalid, return appropriate error code.  */
  95:ThreadX/common/src/txe_mutex_info_get.c ****         status =  TX_MUTEX_ERROR;
  96:ThreadX/common/src/txe_mutex_info_get.c ****     }
  97:ThreadX/common/src/txe_mutex_info_get.c **** 
  98:ThreadX/common/src/txe_mutex_info_get.c ****     /* Now check for invalid mutex ID.  */
  99:ThreadX/common/src/txe_mutex_info_get.c ****     else if (mutex_ptr -> tx_mutex_id != TX_MUTEX_ID)
  46              		.loc 1 99 0
  47 0008 0568     		ldr	r5, [r0]
  48 000a 0948     		ldr	r0, .L10
  49              	.LVL1:
  50 000c 8542     		cmp	r5, r0
  51 000e 02D0     		beq	.L9
 100:ThreadX/common/src/txe_mutex_info_get.c ****     {
 101:ThreadX/common/src/txe_mutex_info_get.c **** 
 102:ThreadX/common/src/txe_mutex_info_get.c ****         /* Mutex pointer is invalid, return appropriate error code.  */
 103:ThreadX/common/src/txe_mutex_info_get.c ****         status =  TX_MUTEX_ERROR;
  52              		.loc 1 103 0
  53 0010 1C20     		movs	r0, #28
  54              	.LVL2:
  55              	.L1:
 104:ThreadX/common/src/txe_mutex_info_get.c ****     }
 105:ThreadX/common/src/txe_mutex_info_get.c ****     else
 106:ThreadX/common/src/txe_mutex_info_get.c ****     {
 107:ThreadX/common/src/txe_mutex_info_get.c **** 
 108:ThreadX/common/src/txe_mutex_info_get.c ****         /* Otherwise, call the actual mutex information get service.  */
 109:ThreadX/common/src/txe_mutex_info_get.c ****         status =  _tx_mutex_info_get(mutex_ptr, name, count, owner, first_suspended,
 110:ThreadX/common/src/txe_mutex_info_get.c ****                                                             suspended_count, next_mutex);
 111:ThreadX/common/src/txe_mutex_info_get.c ****     }
 112:ThreadX/common/src/txe_mutex_info_get.c **** 
 113:ThreadX/common/src/txe_mutex_info_get.c ****     /* Return completion status.  */
 114:ThreadX/common/src/txe_mutex_info_get.c ****     return(status);
 115:ThreadX/common/src/txe_mutex_info_get.c **** }
  56              		.loc 1 115 0
ARM GAS  /tmp/ccI8J9nS.s 			page 4


  57 0012 05B0     		add	sp, sp, #20
  58              	.LCFI2:
  59              		.cfi_remember_state
  60              		.cfi_def_cfa_offset 12
  61              		@ sp needed
  62 0014 30BD     		pop	{r4, r5, pc}
  63              	.LVL3:
  64              	.L9:
  65              	.LCFI3:
  66              		.cfi_restore_state
  67 0016 2046     		mov	r0, r4
 109:ThreadX/common/src/txe_mutex_info_get.c ****                                                             suspended_count, next_mutex);
  68              		.loc 1 109 0
  69 0018 0A9C     		ldr	r4, [sp, #40]
  70              	.LVL4:
  71 001a 0294     		str	r4, [sp, #8]
  72 001c 099C     		ldr	r4, [sp, #36]
  73 001e 0194     		str	r4, [sp, #4]
  74 0020 089C     		ldr	r4, [sp, #32]
  75 0022 0094     		str	r4, [sp]
  76 0024 FFF7FEFF 		bl	_tx_mutex_info_get
  77              	.LVL5:
  78 0028 F3E7     		b	.L1
  79              	.LVL6:
  80              	.L3:
  81              	.LCFI4:
  82              		.cfi_def_cfa_offset 0
  83              		.cfi_restore 4
  84              		.cfi_restore 5
  85              		.cfi_restore 14
  95:ThreadX/common/src/txe_mutex_info_get.c ****     }
  86              		.loc 1 95 0
  87 002a 1C20     		movs	r0, #28
  88              	.LVL7:
  89              		.loc 1 115 0
  90 002c 7047     		bx	lr
  91              	.L11:
  92 002e 00BF     		.align	2
  93              	.L10:
  94 0030 4554554D 		.word	1297437765
  95              		.cfi_endproc
  96              	.LFE8:
  98              		.text
  99              	.Letext0:
 100              		.file 2 "/usr/include/newlib/sys/lock.h"
 101              		.file 3 "/usr/include/newlib/sys/_types.h"
 102              		.file 4 "/usr/lib/gcc/arm-none-eabi/7.3.1/include/stddef.h"
 103              		.file 5 "/usr/include/newlib/sys/reent.h"
 104              		.file 6 "/usr/include/newlib/stdlib.h"
 105              		.file 7 "ThreadX/ports/cortex_m4/gnu/inc/tx_port.h"
 106              		.file 8 "ThreadX/common/inc/tx_api.h"
 107              		.file 9 "ThreadX/common/inc/tx_mutex.h"
ARM GAS  /tmp/ccI8J9nS.s 			page 5


DEFINED SYMBOLS
                            *ABS*:0000000000000000 txe_mutex_info_get.c
     /tmp/ccI8J9nS.s:18     .text._txe_mutex_info_get:0000000000000000 $t
     /tmp/ccI8J9nS.s:25     .text._txe_mutex_info_get:0000000000000000 _txe_mutex_info_get
     /tmp/ccI8J9nS.s:94     .text._txe_mutex_info_get:0000000000000030 $d

UNDEFINED SYMBOLS
_tx_mutex_info_get
