ARM GAS  /tmp/ccB4NJ6d.s 			page 1


   1              		.cpu cortex-m4
   2              		.eabi_attribute 27, 1
   3              		.eabi_attribute 28, 1
   4              		.eabi_attribute 20, 1
   5              		.eabi_attribute 21, 1
   6              		.eabi_attribute 23, 3
   7              		.eabi_attribute 24, 1
   8              		.eabi_attribute 25, 1
   9              		.eabi_attribute 26, 1
  10              		.eabi_attribute 30, 1
  11              		.eabi_attribute 34, 1
  12              		.eabi_attribute 18, 4
  13              		.file	"txe_queue_info_get.c"
  14              		.text
  15              	.Ltext0:
  16              		.cfi_sections	.debug_frame
  17              		.section	.text._txe_queue_info_get,"ax",%progbits
  18              		.align	1
  19              		.global	_txe_queue_info_get
  20              		.syntax unified
  21              		.thumb
  22              		.thumb_func
  23              		.fpu fpv4-sp-d16
  25              	_txe_queue_info_get:
  26              	.LFB8:
  27              		.file 1 "ThreadX/common/src/txe_queue_info_get.c"
   1:ThreadX/common/src/txe_queue_info_get.c **** /**************************************************************************/
   2:ThreadX/common/src/txe_queue_info_get.c **** /*                                                                        */
   3:ThreadX/common/src/txe_queue_info_get.c **** /*       Copyright (c) Microsoft Corporation. All rights reserved.        */
   4:ThreadX/common/src/txe_queue_info_get.c **** /*                                                                        */
   5:ThreadX/common/src/txe_queue_info_get.c **** /*       This software is licensed under the Microsoft Software License   */
   6:ThreadX/common/src/txe_queue_info_get.c **** /*       Terms for Microsoft Azure RTOS. Full text of the license can be  */
   7:ThreadX/common/src/txe_queue_info_get.c **** /*       found in the LICENSE file at https://aka.ms/AzureRTOS_EULA       */
   8:ThreadX/common/src/txe_queue_info_get.c **** /*       and in the root directory of this software.                      */
   9:ThreadX/common/src/txe_queue_info_get.c **** /*                                                                        */
  10:ThreadX/common/src/txe_queue_info_get.c **** /**************************************************************************/
  11:ThreadX/common/src/txe_queue_info_get.c **** 
  12:ThreadX/common/src/txe_queue_info_get.c **** 
  13:ThreadX/common/src/txe_queue_info_get.c **** /**************************************************************************/
  14:ThreadX/common/src/txe_queue_info_get.c **** /**************************************************************************/
  15:ThreadX/common/src/txe_queue_info_get.c **** /**                                                                       */
  16:ThreadX/common/src/txe_queue_info_get.c **** /** ThreadX Component                                                     */
  17:ThreadX/common/src/txe_queue_info_get.c **** /**                                                                       */
  18:ThreadX/common/src/txe_queue_info_get.c **** /**   Queue                                                               */
  19:ThreadX/common/src/txe_queue_info_get.c **** /**                                                                       */
  20:ThreadX/common/src/txe_queue_info_get.c **** /**************************************************************************/
  21:ThreadX/common/src/txe_queue_info_get.c **** /**************************************************************************/
  22:ThreadX/common/src/txe_queue_info_get.c **** 
  23:ThreadX/common/src/txe_queue_info_get.c **** #define TX_SOURCE_CODE
  24:ThreadX/common/src/txe_queue_info_get.c **** 
  25:ThreadX/common/src/txe_queue_info_get.c **** 
  26:ThreadX/common/src/txe_queue_info_get.c **** /* Include necessary system files.  */
  27:ThreadX/common/src/txe_queue_info_get.c **** 
  28:ThreadX/common/src/txe_queue_info_get.c **** #include "tx_api.h"
  29:ThreadX/common/src/txe_queue_info_get.c **** #include "tx_queue.h"
  30:ThreadX/common/src/txe_queue_info_get.c **** 
  31:ThreadX/common/src/txe_queue_info_get.c **** 
ARM GAS  /tmp/ccB4NJ6d.s 			page 2


  32:ThreadX/common/src/txe_queue_info_get.c **** /**************************************************************************/
  33:ThreadX/common/src/txe_queue_info_get.c **** /*                                                                        */
  34:ThreadX/common/src/txe_queue_info_get.c **** /*  FUNCTION                                               RELEASE        */
  35:ThreadX/common/src/txe_queue_info_get.c **** /*                                                                        */
  36:ThreadX/common/src/txe_queue_info_get.c **** /*    _txe_queue_info_get                                 PORTABLE C      */
  37:ThreadX/common/src/txe_queue_info_get.c **** /*                                                           6.1          */
  38:ThreadX/common/src/txe_queue_info_get.c **** /*  AUTHOR                                                                */
  39:ThreadX/common/src/txe_queue_info_get.c **** /*                                                                        */
  40:ThreadX/common/src/txe_queue_info_get.c **** /*    William E. Lamie, Microsoft Corporation                             */
  41:ThreadX/common/src/txe_queue_info_get.c **** /*                                                                        */
  42:ThreadX/common/src/txe_queue_info_get.c **** /*  DESCRIPTION                                                           */
  43:ThreadX/common/src/txe_queue_info_get.c **** /*                                                                        */
  44:ThreadX/common/src/txe_queue_info_get.c **** /*    This function checks for errors in the queue information get        */
  45:ThreadX/common/src/txe_queue_info_get.c **** /*    service.                                                            */
  46:ThreadX/common/src/txe_queue_info_get.c **** /*                                                                        */
  47:ThreadX/common/src/txe_queue_info_get.c **** /*  INPUT                                                                 */
  48:ThreadX/common/src/txe_queue_info_get.c **** /*                                                                        */
  49:ThreadX/common/src/txe_queue_info_get.c **** /*    queue_ptr                         Pointer to queue control block    */
  50:ThreadX/common/src/txe_queue_info_get.c **** /*    name                              Destination for the queue name    */
  51:ThreadX/common/src/txe_queue_info_get.c **** /*    enqueued                          Destination for enqueued count    */
  52:ThreadX/common/src/txe_queue_info_get.c **** /*    available_storage                 Destination for available storage */
  53:ThreadX/common/src/txe_queue_info_get.c **** /*    first_suspended                   Destination for pointer of first  */
  54:ThreadX/common/src/txe_queue_info_get.c **** /*                                        thread suspended on this queue  */
  55:ThreadX/common/src/txe_queue_info_get.c **** /*    suspended_count                   Destination for suspended count   */
  56:ThreadX/common/src/txe_queue_info_get.c **** /*    next_queue                        Destination for pointer to next   */
  57:ThreadX/common/src/txe_queue_info_get.c **** /*                                        queue on the created list       */
  58:ThreadX/common/src/txe_queue_info_get.c **** /*                                                                        */
  59:ThreadX/common/src/txe_queue_info_get.c **** /*  OUTPUT                                                                */
  60:ThreadX/common/src/txe_queue_info_get.c **** /*                                                                        */
  61:ThreadX/common/src/txe_queue_info_get.c **** /*    TX_QUEUE_ERROR                    Invalid queue pointer             */
  62:ThreadX/common/src/txe_queue_info_get.c **** /*    status                            Completion status                 */
  63:ThreadX/common/src/txe_queue_info_get.c **** /*                                                                        */
  64:ThreadX/common/src/txe_queue_info_get.c **** /*  CALLS                                                                 */
  65:ThreadX/common/src/txe_queue_info_get.c **** /*                                                                        */
  66:ThreadX/common/src/txe_queue_info_get.c **** /*    _tx_queue_info_get                Actual information get service    */
  67:ThreadX/common/src/txe_queue_info_get.c **** /*                                                                        */
  68:ThreadX/common/src/txe_queue_info_get.c **** /*  CALLED BY                                                             */
  69:ThreadX/common/src/txe_queue_info_get.c **** /*                                                                        */
  70:ThreadX/common/src/txe_queue_info_get.c **** /*    Application Code                                                    */
  71:ThreadX/common/src/txe_queue_info_get.c **** /*                                                                        */
  72:ThreadX/common/src/txe_queue_info_get.c **** /*  RELEASE HISTORY                                                       */
  73:ThreadX/common/src/txe_queue_info_get.c **** /*                                                                        */
  74:ThreadX/common/src/txe_queue_info_get.c **** /*    DATE              NAME                      DESCRIPTION             */
  75:ThreadX/common/src/txe_queue_info_get.c **** /*                                                                        */
  76:ThreadX/common/src/txe_queue_info_get.c **** /*  05-19-2020     William E. Lamie         Initial Version 6.0           */
  77:ThreadX/common/src/txe_queue_info_get.c **** /*  09-30-2020     Yuxin Zhou               Modified comment(s),          */
  78:ThreadX/common/src/txe_queue_info_get.c **** /*                                            resulting in version 6.1    */
  79:ThreadX/common/src/txe_queue_info_get.c **** /*                                                                        */
  80:ThreadX/common/src/txe_queue_info_get.c **** /**************************************************************************/
  81:ThreadX/common/src/txe_queue_info_get.c **** UINT  _txe_queue_info_get(TX_QUEUE *queue_ptr, CHAR **name, ULONG *enqueued, ULONG *available_stora
  82:ThreadX/common/src/txe_queue_info_get.c ****                     TX_THREAD **first_suspended, ULONG *suspended_count, TX_QUEUE **next_queue)
  83:ThreadX/common/src/txe_queue_info_get.c **** {
  28              		.loc 1 83 0
  29              		.cfi_startproc
  30              		@ args = 12, pretend = 0, frame = 0
  31              		@ frame_needed = 0, uses_anonymous_args = 0
  32              	.LVL0:
ARM GAS  /tmp/ccB4NJ6d.s 			page 3


  84:ThreadX/common/src/txe_queue_info_get.c **** 
  85:ThreadX/common/src/txe_queue_info_get.c **** UINT    status;
  86:ThreadX/common/src/txe_queue_info_get.c **** 
  87:ThreadX/common/src/txe_queue_info_get.c **** 
  88:ThreadX/common/src/txe_queue_info_get.c ****     /* Check for an invalid queue pointer.  */
  89:ThreadX/common/src/txe_queue_info_get.c ****     if (queue_ptr == TX_NULL)
  33              		.loc 1 89 0
  34 0000 98B1     		cbz	r0, .L3
  83:ThreadX/common/src/txe_queue_info_get.c **** 
  35              		.loc 1 83 0
  36 0002 30B5     		push	{r4, r5, lr}
  37              	.LCFI0:
  38              		.cfi_def_cfa_offset 12
  39              		.cfi_offset 4, -12
  40              		.cfi_offset 5, -8
  41              		.cfi_offset 14, -4
  42 0004 85B0     		sub	sp, sp, #20
  43              	.LCFI1:
  44              		.cfi_def_cfa_offset 32
  45 0006 0446     		mov	r4, r0
  90:ThreadX/common/src/txe_queue_info_get.c ****     {
  91:ThreadX/common/src/txe_queue_info_get.c **** 
  92:ThreadX/common/src/txe_queue_info_get.c ****         /* Queue pointer is invalid, return appropriate error code.  */
  93:ThreadX/common/src/txe_queue_info_get.c ****         status =  TX_QUEUE_ERROR;
  94:ThreadX/common/src/txe_queue_info_get.c ****     }
  95:ThreadX/common/src/txe_queue_info_get.c **** 
  96:ThreadX/common/src/txe_queue_info_get.c ****     /* Now check for a valid queue ID.  */
  97:ThreadX/common/src/txe_queue_info_get.c ****     else if (queue_ptr -> tx_queue_id != TX_QUEUE_ID)
  46              		.loc 1 97 0
  47 0008 0568     		ldr	r5, [r0]
  48 000a 0948     		ldr	r0, .L10
  49              	.LVL1:
  50 000c 8542     		cmp	r5, r0
  51 000e 02D0     		beq	.L9
  98:ThreadX/common/src/txe_queue_info_get.c ****     {
  99:ThreadX/common/src/txe_queue_info_get.c **** 
 100:ThreadX/common/src/txe_queue_info_get.c ****         /* Queue pointer is invalid, return appropriate error code.  */
 101:ThreadX/common/src/txe_queue_info_get.c ****         status =  TX_QUEUE_ERROR;
  52              		.loc 1 101 0
  53 0010 0920     		movs	r0, #9
  54              	.LVL2:
  55              	.L1:
 102:ThreadX/common/src/txe_queue_info_get.c ****     }
 103:ThreadX/common/src/txe_queue_info_get.c ****     else
 104:ThreadX/common/src/txe_queue_info_get.c ****     {
 105:ThreadX/common/src/txe_queue_info_get.c **** 
 106:ThreadX/common/src/txe_queue_info_get.c ****         /* Otherwise, call the actual queue information get service.  */
 107:ThreadX/common/src/txe_queue_info_get.c ****         status =  _tx_queue_info_get(queue_ptr, name, enqueued, available_storage, first_suspended,
 108:ThreadX/common/src/txe_queue_info_get.c ****                                                                     suspended_count, next_queue);
 109:ThreadX/common/src/txe_queue_info_get.c ****     }
 110:ThreadX/common/src/txe_queue_info_get.c **** 
 111:ThreadX/common/src/txe_queue_info_get.c ****     /* Return completion status.  */
 112:ThreadX/common/src/txe_queue_info_get.c ****     return(status);
 113:ThreadX/common/src/txe_queue_info_get.c **** }
  56              		.loc 1 113 0
  57 0012 05B0     		add	sp, sp, #20
  58              	.LCFI2:
ARM GAS  /tmp/ccB4NJ6d.s 			page 4


  59              		.cfi_remember_state
  60              		.cfi_def_cfa_offset 12
  61              		@ sp needed
  62 0014 30BD     		pop	{r4, r5, pc}
  63              	.LVL3:
  64              	.L9:
  65              	.LCFI3:
  66              		.cfi_restore_state
  67 0016 2046     		mov	r0, r4
 107:ThreadX/common/src/txe_queue_info_get.c ****                                                                     suspended_count, next_queue);
  68              		.loc 1 107 0
  69 0018 0A9C     		ldr	r4, [sp, #40]
  70              	.LVL4:
  71 001a 0294     		str	r4, [sp, #8]
  72 001c 099C     		ldr	r4, [sp, #36]
  73 001e 0194     		str	r4, [sp, #4]
  74 0020 089C     		ldr	r4, [sp, #32]
  75 0022 0094     		str	r4, [sp]
  76 0024 FFF7FEFF 		bl	_tx_queue_info_get
  77              	.LVL5:
  78 0028 F3E7     		b	.L1
  79              	.LVL6:
  80              	.L3:
  81              	.LCFI4:
  82              		.cfi_def_cfa_offset 0
  83              		.cfi_restore 4
  84              		.cfi_restore 5
  85              		.cfi_restore 14
  93:ThreadX/common/src/txe_queue_info_get.c ****     }
  86              		.loc 1 93 0
  87 002a 0920     		movs	r0, #9
  88              	.LVL7:
  89              		.loc 1 113 0
  90 002c 7047     		bx	lr
  91              	.L11:
  92 002e 00BF     		.align	2
  93              	.L10:
  94 0030 55455551 		.word	1364542805
  95              		.cfi_endproc
  96              	.LFE8:
  98              		.text
  99              	.Letext0:
 100              		.file 2 "/usr/include/newlib/sys/lock.h"
 101              		.file 3 "/usr/include/newlib/sys/_types.h"
 102              		.file 4 "/usr/lib/gcc/arm-none-eabi/7.3.1/include/stddef.h"
 103              		.file 5 "/usr/include/newlib/sys/reent.h"
 104              		.file 6 "/usr/include/newlib/stdlib.h"
 105              		.file 7 "ThreadX/ports/cortex_m4/gnu/inc/tx_port.h"
 106              		.file 8 "ThreadX/common/inc/tx_api.h"
 107              		.file 9 "ThreadX/common/inc/tx_queue.h"
ARM GAS  /tmp/ccB4NJ6d.s 			page 5


DEFINED SYMBOLS
                            *ABS*:0000000000000000 txe_queue_info_get.c
     /tmp/ccB4NJ6d.s:18     .text._txe_queue_info_get:0000000000000000 $t
     /tmp/ccB4NJ6d.s:25     .text._txe_queue_info_get:0000000000000000 _txe_queue_info_get
     /tmp/ccB4NJ6d.s:94     .text._txe_queue_info_get:0000000000000030 $d

UNDEFINED SYMBOLS
_tx_queue_info_get
